<?xml version="1.0" encoding="UTF-8"?>
<testsuites name="ComparePS" time="57.908" tests="2" failures="0" errors="0">
   <testsuite name="ComparePS" tests="2" failures="0" errors="0" time="57.908" timestamp="2020-11-11 09:10:55" hostname="Andika Prananto - ID-ASI-8PZWPQ2.axa-id.intraxa" id="Test Suites/ComparePS">
      <properties>
         <property name="deviceName" value=""/>
         <property name="devicePlatform" value=""/>
         <property name="logFolder" value="C:\\Users\\andika prananto\\Katalon Studio\\ComparePS\\Reports\\20201111_091043\\ComparePS\\20201111_091043"/>
         <property name="logFiles" value="C:\\Users\\andika prananto\\Katalon Studio\\ComparePS\\Reports\\20201111_091043\\ComparePS\\20201111_091043\\execution0.log"/>
         <property name="attachments" value=""/>
         <property name="hostName" value="Andika Prananto - ID-ASI-8PZWPQ2.axa-id.intraxa"/>
         <property name="hostAddress" value="10.47.183.8"/>
         <property name="os" value="Windows 10 64bit"/>
         <property name="katalonVersion" value="7.4.0.1"/>
      </properties>
      <testcase name="Test Cases/ComparePS-1" time="29.326" classname="Test Cases/ComparePS-1" status="PASSED">
         <system-out><![CDATA[2020-11-11 09:10:56 - [TEST_CASE][PASSED] - Test Cases/ComparePS-1: Test Cases/ComparePS-1

2020-11-11 09:10:57 - [TEST_STEP][PASSED] - sekarang = new java.util.Date(): null

2020-11-11 09:10:57 - [TEST_STEP][PASSED] - tgl = sekarang.format("yyyy-MM-dd"): null

2020-11-11 09:10:57 - [TEST_STEP][PASSED] - fullFlow = true: null

2020-11-11 09:10:57 - [TEST_STEP][PASSED] - strGlbDate = tgl: null

2020-11-11 09:10:57 - [TEST_STEP][PASSED] - strGlbStatus = "": null

2020-11-11 09:10:57 - [TEST_STEP][PASSED] - strGlbKeterangan = "": null

2020-11-11 09:10:57 - [TEST_STEP][PASSED] - strGlbCrash = false: null

2020-11-11 09:10:57 - [TEST_STEP][PASSED] - strGlbAlamat = false: null

2020-11-11 09:10:57 - [TEST_STEP][PASSED] - strGlbNomor = 1: null

2020-11-11 09:10:57 - [TEST_STEP][PASSED] - strGlbNumImage = 0: null

2020-11-11 09:10:57 - [TEST_STEP][PASSED] - runTime = StopWatch.createStarted(): null

2020-11-11 09:10:57 - [TEST_STEP][PASSED] - getLastRow = findTestData("dt-1/dt_APK").getRowNumbers(): null

2020-11-11 09:10:59 - [TEST_STEP][PASSED] - for (int excelRow : (1..getLastRow)): comparePS.KeywordPS.callStatus is PASSED

2020-11-11 09:10:59 - [TEST_STEP][PASSED] - runTime.reset(): null

2020-11-11 09:10:59 - [TEST_STEP][PASSED] - runTime.start(): null

2020-11-11 09:10:59 - [TEST_STEP][PASSED] - dataCompareAPK = findTestData("dt-1/dt_APK"): null

2020-11-11 09:10:59 - [TEST_STEP][PASSED] - strNoAPK = dataCompareAPK.getValue("NO", excelRow): null

2020-11-11 09:10:59 - [TEST_STEP][PASSED] - comparePS.ProposalASL1.ComparePS(strNoAPK, excelRow): comparePS.ProposalASL1.ComparePS is PASSED

2020-11-11 09:11:00 - [MESSAGE][PASSED] - comparePS.ProposalASL1.ComparePS is PASSED

2020-11-11 09:11:00 - [TEST_STEP][PASSED] - comparePS.KeywordPS.callStatus(strNoAPK, "sheetAPK1", 17): comparePS.KeywordPS.callStatus is PASSED

2020-11-11 09:11:00 - [MESSAGE][PASSED] - comparePS.KeywordPS.callStatus is PASSED

2020-11-11 09:11:00 - [TEST_STEP][PASSED] - runTime.reset(): null

2020-11-11 09:11:00 - [TEST_STEP][PASSED] - runTime.start(): null

2020-11-11 09:11:00 - [TEST_STEP][PASSED] - dataCompareAPK = findTestData("dt-1/dt_APK"): null

2020-11-11 09:11:00 - [TEST_STEP][PASSED] - strNoAPK = dataCompareAPK.getValue("NO", excelRow): null

2020-11-11 09:11:00 - [TEST_STEP][PASSED] - comparePS.ProposalASL1.ComparePS(strNoAPK, excelRow): comparePS.ProposalASL1.ComparePS is PASSED

2020-11-11 09:11:01 - [MESSAGE][PASSED] - comparePS.ProposalASL1.ComparePS is PASSED

2020-11-11 09:11:01 - [TEST_STEP][PASSED] - comparePS.KeywordPS.callStatus(strNoAPK, "sheetAPK1", 17): comparePS.KeywordPS.callStatus is PASSED

2020-11-11 09:11:01 - [MESSAGE][PASSED] - comparePS.KeywordPS.callStatus is PASSED

2020-11-11 09:11:01 - [TEST_STEP][PASSED] - runTime.reset(): null

2020-11-11 09:11:01 - [TEST_STEP][PASSED] - runTime.start(): null

2020-11-11 09:11:01 - [TEST_STEP][PASSED] - dataCompareAPK = findTestData("dt-1/dt_APK"): null

2020-11-11 09:11:01 - [TEST_STEP][PASSED] - strNoAPK = dataCompareAPK.getValue("NO", excelRow): null

2020-11-11 09:11:01 - [TEST_STEP][PASSED] - comparePS.ProposalASL1.ComparePS(strNoAPK, excelRow): comparePS.ProposalASL1.ComparePS is PASSED

2020-11-11 09:11:01 - [MESSAGE][PASSED] - comparePS.ProposalASL1.ComparePS is PASSED

2020-11-11 09:11:01 - [TEST_STEP][PASSED] - comparePS.KeywordPS.callStatus(strNoAPK, "sheetAPK1", 17): comparePS.KeywordPS.callStatus is PASSED

2020-11-11 09:11:02 - [MESSAGE][PASSED] - comparePS.KeywordPS.callStatus is PASSED

2020-11-11 09:11:02 - [TEST_STEP][PASSED] - runTime.reset(): null

2020-11-11 09:11:02 - [TEST_STEP][PASSED] - runTime.start(): null

2020-11-11 09:11:02 - [TEST_STEP][PASSED] - dataCompareAPK = findTestData("dt-1/dt_APK"): null

2020-11-11 09:11:02 - [TEST_STEP][PASSED] - strNoAPK = dataCompareAPK.getValue("NO", excelRow): null

2020-11-11 09:11:02 - [TEST_STEP][PASSED] - comparePS.ProposalASL1.ComparePS(strNoAPK, excelRow): comparePS.ProposalASL1.ComparePS is PASSED

2020-11-11 09:11:02 - [MESSAGE][PASSED] - comparePS.ProposalASL1.ComparePS is PASSED

2020-11-11 09:11:02 - [TEST_STEP][PASSED] - comparePS.KeywordPS.callStatus(strNoAPK, "sheetAPK1", 17): comparePS.KeywordPS.callStatus is PASSED

2020-11-11 09:11:02 - [MESSAGE][PASSED] - comparePS.KeywordPS.callStatus is PASSED

2020-11-11 09:11:02 - [TEST_STEP][PASSED] - runTime.reset(): null

2020-11-11 09:11:02 - [TEST_STEP][PASSED] - runTime.start(): null

2020-11-11 09:11:02 - [TEST_STEP][PASSED] - dataCompareAPK = findTestData("dt-1/dt_APK"): null

2020-11-11 09:11:02 - [TEST_STEP][PASSED] - strNoAPK = dataCompareAPK.getValue("NO", excelRow): null

2020-11-11 09:11:02 - [TEST_STEP][PASSED] - comparePS.ProposalASL1.ComparePS(strNoAPK, excelRow): comparePS.ProposalASL1.ComparePS is PASSED

2020-11-11 09:11:02 - [MESSAGE][PASSED] - comparePS.ProposalASL1.ComparePS is PASSED

2020-11-11 09:11:02 - [TEST_STEP][PASSED] - comparePS.KeywordPS.callStatus(strNoAPK, "sheetAPK1", 17): comparePS.KeywordPS.callStatus is PASSED

2020-11-11 09:11:03 - [MESSAGE][PASSED] - comparePS.KeywordPS.callStatus is PASSED

2020-11-11 09:11:03 - [TEST_STEP][PASSED] - runTime.reset(): null

2020-11-11 09:11:03 - [TEST_STEP][PASSED] - runTime.start(): null

2020-11-11 09:11:03 - [TEST_STEP][PASSED] - dataCompareAPK = findTestData("dt-1/dt_APK"): null

2020-11-11 09:11:03 - [TEST_STEP][PASSED] - strNoAPK = dataCompareAPK.getValue("NO", excelRow): null

2020-11-11 09:11:03 - [TEST_STEP][PASSED] - comparePS.ProposalASL1.ComparePS(strNoAPK, excelRow): comparePS.ProposalASL1.ComparePS is PASSED

2020-11-11 09:11:03 - [MESSAGE][PASSED] - comparePS.ProposalASL1.ComparePS is PASSED

2020-11-11 09:11:03 - [TEST_STEP][PASSED] - comparePS.KeywordPS.callStatus(strNoAPK, "sheetAPK1", 17): comparePS.KeywordPS.callStatus is PASSED

2020-11-11 09:11:03 - [MESSAGE][PASSED] - comparePS.KeywordPS.callStatus is PASSED

2020-11-11 09:11:03 - [TEST_STEP][PASSED] - runTime.reset(): null

2020-11-11 09:11:03 - [TEST_STEP][PASSED] - runTime.start(): null

2020-11-11 09:11:03 - [TEST_STEP][PASSED] - dataCompareAPK = findTestData("dt-1/dt_APK"): null

2020-11-11 09:11:03 - [TEST_STEP][PASSED] - strNoAPK = dataCompareAPK.getValue("NO", excelRow): null

2020-11-11 09:11:03 - [TEST_STEP][PASSED] - comparePS.ProposalASL1.ComparePS(strNoAPK, excelRow): comparePS.ProposalASL1.ComparePS is PASSED

2020-11-11 09:11:03 - [MESSAGE][PASSED] - comparePS.ProposalASL1.ComparePS is PASSED

2020-11-11 09:11:03 - [TEST_STEP][PASSED] - comparePS.KeywordPS.callStatus(strNoAPK, "sheetAPK1", 17): comparePS.KeywordPS.callStatus is PASSED

2020-11-11 09:11:03 - [MESSAGE][PASSED] - comparePS.KeywordPS.callStatus is PASSED

2020-11-11 09:11:03 - [TEST_STEP][PASSED] - runTime.reset(): null

2020-11-11 09:11:03 - [TEST_STEP][PASSED] - runTime.start(): null

2020-11-11 09:11:03 - [TEST_STEP][PASSED] - dataCompareAPK = findTestData("dt-1/dt_APK"): null

2020-11-11 09:11:04 - [TEST_STEP][PASSED] - strNoAPK = dataCompareAPK.getValue("NO", excelRow): null

2020-11-11 09:11:04 - [TEST_STEP][PASSED] - comparePS.ProposalASL1.ComparePS(strNoAPK, excelRow): comparePS.ProposalASL1.ComparePS is PASSED

2020-11-11 09:11:04 - [MESSAGE][PASSED] - comparePS.ProposalASL1.ComparePS is PASSED

2020-11-11 09:11:04 - [TEST_STEP][PASSED] - comparePS.KeywordPS.callStatus(strNoAPK, "sheetAPK1", 17): comparePS.KeywordPS.callStatus is PASSED

2020-11-11 09:11:04 - [MESSAGE][PASSED] - comparePS.KeywordPS.callStatus is PASSED

2020-11-11 09:11:04 - [TEST_STEP][PASSED] - runTime.reset(): null

2020-11-11 09:11:04 - [TEST_STEP][PASSED] - runTime.start(): null

2020-11-11 09:11:04 - [TEST_STEP][PASSED] - dataCompareAPK = findTestData("dt-1/dt_APK"): null

2020-11-11 09:11:04 - [TEST_STEP][PASSED] - strNoAPK = dataCompareAPK.getValue("NO", excelRow): null

2020-11-11 09:11:04 - [TEST_STEP][PASSED] - comparePS.ProposalASL1.ComparePS(strNoAPK, excelRow): comparePS.ProposalASL1.ComparePS is PASSED

2020-11-11 09:11:04 - [MESSAGE][PASSED] - comparePS.ProposalASL1.ComparePS is PASSED

2020-11-11 09:11:04 - [TEST_STEP][PASSED] - comparePS.KeywordPS.callStatus(strNoAPK, "sheetAPK1", 17): comparePS.KeywordPS.callStatus is PASSED

2020-11-11 09:11:04 - [MESSAGE][PASSED] - comparePS.KeywordPS.callStatus is PASSED

2020-11-11 09:11:04 - [TEST_STEP][PASSED] - runTime.reset(): null

2020-11-11 09:11:04 - [TEST_STEP][PASSED] - runTime.start(): null

2020-11-11 09:11:04 - [TEST_STEP][PASSED] - dataCompareAPK = findTestData("dt-1/dt_APK"): null

2020-11-11 09:11:04 - [TEST_STEP][PASSED] - strNoAPK = dataCompareAPK.getValue("NO", excelRow): null

2020-11-11 09:11:04 - [TEST_STEP][PASSED] - comparePS.ProposalASL1.ComparePS(strNoAPK, excelRow): comparePS.ProposalASL1.ComparePS is PASSED

2020-11-11 09:11:05 - [MESSAGE][PASSED] - comparePS.ProposalASL1.ComparePS is PASSED

2020-11-11 09:11:05 - [TEST_STEP][PASSED] - comparePS.KeywordPS.callStatus(strNoAPK, "sheetAPK1", 17): comparePS.KeywordPS.callStatus is PASSED

2020-11-11 09:11:05 - [MESSAGE][PASSED] - comparePS.KeywordPS.callStatus is PASSED

2020-11-11 09:11:05 - [TEST_STEP][PASSED] - runTime.reset(): null

2020-11-11 09:11:05 - [TEST_STEP][PASSED] - runTime.start(): null

2020-11-11 09:11:05 - [TEST_STEP][PASSED] - dataCompareAPK = findTestData("dt-1/dt_APK"): null

2020-11-11 09:11:05 - [TEST_STEP][PASSED] - strNoAPK = dataCompareAPK.getValue("NO", excelRow): null

2020-11-11 09:11:05 - [TEST_STEP][PASSED] - comparePS.ProposalASL1.ComparePS(strNoAPK, excelRow): comparePS.ProposalASL1.ComparePS is PASSED

2020-11-11 09:11:05 - [MESSAGE][PASSED] - comparePS.ProposalASL1.ComparePS is PASSED

2020-11-11 09:11:05 - [TEST_STEP][PASSED] - comparePS.KeywordPS.callStatus(strNoAPK, "sheetAPK1", 17): comparePS.KeywordPS.callStatus is PASSED

2020-11-11 09:11:05 - [MESSAGE][PASSED] - comparePS.KeywordPS.callStatus is PASSED

2020-11-11 09:11:05 - [TEST_STEP][PASSED] - runTime.reset(): null

2020-11-11 09:11:05 - [TEST_STEP][PASSED] - runTime.start(): null

2020-11-11 09:11:05 - [TEST_STEP][PASSED] - dataCompareAPK = findTestData("dt-1/dt_APK"): null

2020-11-11 09:11:05 - [TEST_STEP][PASSED] - strNoAPK = dataCompareAPK.getValue("NO", excelRow): null

2020-11-11 09:11:05 - [TEST_STEP][PASSED] - comparePS.ProposalASL1.ComparePS(strNoAPK, excelRow): comparePS.ProposalASL1.ComparePS is PASSED

2020-11-11 09:11:05 - [MESSAGE][PASSED] - comparePS.ProposalASL1.ComparePS is PASSED

2020-11-11 09:11:05 - [TEST_STEP][PASSED] - comparePS.KeywordPS.callStatus(strNoAPK, "sheetAPK1", 17): comparePS.KeywordPS.callStatus is PASSED

2020-11-11 09:11:05 - [MESSAGE][PASSED] - comparePS.KeywordPS.callStatus is PASSED

2020-11-11 09:11:05 - [TEST_STEP][PASSED] - runTime.reset(): null

2020-11-11 09:11:05 - [TEST_STEP][PASSED] - runTime.start(): null

2020-11-11 09:11:05 - [TEST_STEP][PASSED] - dataCompareAPK = findTestData("dt-1/dt_APK"): null

2020-11-11 09:11:06 - [TEST_STEP][PASSED] - strNoAPK = dataCompareAPK.getValue("NO", excelRow): null

2020-11-11 09:11:06 - [TEST_STEP][PASSED] - comparePS.ProposalASL1.ComparePS(strNoAPK, excelRow): comparePS.ProposalASL1.ComparePS is PASSED

2020-11-11 09:11:06 - [MESSAGE][PASSED] - comparePS.ProposalASL1.ComparePS is PASSED

2020-11-11 09:11:06 - [TEST_STEP][PASSED] - comparePS.KeywordPS.callStatus(strNoAPK, "sheetAPK1", 17): comparePS.KeywordPS.callStatus is PASSED

2020-11-11 09:11:06 - [MESSAGE][PASSED] - comparePS.KeywordPS.callStatus is PASSED

2020-11-11 09:11:06 - [TEST_STEP][PASSED] - runTime.reset(): null

2020-11-11 09:11:06 - [TEST_STEP][PASSED] - runTime.start(): null

2020-11-11 09:11:06 - [TEST_STEP][PASSED] - dataCompareAPK = findTestData("dt-1/dt_APK"): null

2020-11-11 09:11:06 - [TEST_STEP][PASSED] - strNoAPK = dataCompareAPK.getValue("NO", excelRow): null

2020-11-11 09:11:06 - [TEST_STEP][PASSED] - comparePS.ProposalASL1.ComparePS(strNoAPK, excelRow): comparePS.ProposalASL1.ComparePS is PASSED

2020-11-11 09:11:06 - [MESSAGE][PASSED] - comparePS.ProposalASL1.ComparePS is PASSED

2020-11-11 09:11:06 - [TEST_STEP][PASSED] - comparePS.KeywordPS.callStatus(strNoAPK, "sheetAPK1", 17): comparePS.KeywordPS.callStatus is PASSED

2020-11-11 09:11:06 - [MESSAGE][PASSED] - comparePS.KeywordPS.callStatus is PASSED

2020-11-11 09:11:06 - [TEST_STEP][PASSED] - runTime.reset(): null

2020-11-11 09:11:06 - [TEST_STEP][PASSED] - runTime.start(): null

2020-11-11 09:11:06 - [TEST_STEP][PASSED] - dataCompareAPK = findTestData("dt-1/dt_APK"): null

2020-11-11 09:11:06 - [TEST_STEP][PASSED] - strNoAPK = dataCompareAPK.getValue("NO", excelRow): null

2020-11-11 09:11:06 - [TEST_STEP][PASSED] - comparePS.ProposalASL1.ComparePS(strNoAPK, excelRow): comparePS.ProposalASL1.ComparePS is PASSED

2020-11-11 09:11:07 - [MESSAGE][PASSED] - comparePS.ProposalASL1.ComparePS is PASSED

2020-11-11 09:11:07 - [TEST_STEP][PASSED] - comparePS.KeywordPS.callStatus(strNoAPK, "sheetAPK1", 17): comparePS.KeywordPS.callStatus is PASSED

2020-11-11 09:11:07 - [MESSAGE][PASSED] - comparePS.KeywordPS.callStatus is PASSED

2020-11-11 09:11:07 - [TEST_STEP][PASSED] - runTime.reset(): null

2020-11-11 09:11:07 - [TEST_STEP][PASSED] - runTime.start(): null

2020-11-11 09:11:07 - [TEST_STEP][PASSED] - dataCompareAPK = findTestData("dt-1/dt_APK"): null

2020-11-11 09:11:07 - [TEST_STEP][PASSED] - strNoAPK = dataCompareAPK.getValue("NO", excelRow): null

2020-11-11 09:11:07 - [TEST_STEP][PASSED] - comparePS.ProposalASL1.ComparePS(strNoAPK, excelRow): comparePS.ProposalASL1.ComparePS is PASSED

2020-11-11 09:11:07 - [MESSAGE][PASSED] - comparePS.ProposalASL1.ComparePS is PASSED

2020-11-11 09:11:07 - [TEST_STEP][PASSED] - comparePS.KeywordPS.callStatus(strNoAPK, "sheetAPK1", 17): comparePS.KeywordPS.callStatus is PASSED

2020-11-11 09:11:07 - [MESSAGE][PASSED] - comparePS.KeywordPS.callStatus is PASSED

2020-11-11 09:11:07 - [TEST_STEP][PASSED] - runTime.reset(): null

2020-11-11 09:11:07 - [TEST_STEP][PASSED] - runTime.start(): null

2020-11-11 09:11:07 - [TEST_STEP][PASSED] - dataCompareAPK = findTestData("dt-1/dt_APK"): null

2020-11-11 09:11:07 - [TEST_STEP][PASSED] - strNoAPK = dataCompareAPK.getValue("NO", excelRow): null

2020-11-11 09:11:07 - [TEST_STEP][PASSED] - comparePS.ProposalASL1.ComparePS(strNoAPK, excelRow): comparePS.ProposalASL1.ComparePS is PASSED

2020-11-11 09:11:07 - [MESSAGE][PASSED] - comparePS.ProposalASL1.ComparePS is PASSED

2020-11-11 09:11:07 - [TEST_STEP][PASSED] - comparePS.KeywordPS.callStatus(strNoAPK, "sheetAPK1", 17): comparePS.KeywordPS.callStatus is PASSED

2020-11-11 09:11:07 - [MESSAGE][PASSED] - comparePS.KeywordPS.callStatus is PASSED

2020-11-11 09:11:07 - [TEST_STEP][PASSED] - runTime.reset(): null

2020-11-11 09:11:07 - [TEST_STEP][PASSED] - runTime.start(): null

2020-11-11 09:11:07 - [TEST_STEP][PASSED] - dataCompareAPK = findTestData("dt-1/dt_APK"): null

2020-11-11 09:11:07 - [TEST_STEP][PASSED] - strNoAPK = dataCompareAPK.getValue("NO", excelRow): null

2020-11-11 09:11:07 - [TEST_STEP][PASSED] - comparePS.ProposalASL1.ComparePS(strNoAPK, excelRow): comparePS.ProposalASL1.ComparePS is PASSED

2020-11-11 09:11:08 - [MESSAGE][PASSED] - comparePS.ProposalASL1.ComparePS is PASSED

2020-11-11 09:11:08 - [TEST_STEP][PASSED] - comparePS.KeywordPS.callStatus(strNoAPK, "sheetAPK1", 17): comparePS.KeywordPS.callStatus is PASSED

2020-11-11 09:11:08 - [MESSAGE][PASSED] - comparePS.KeywordPS.callStatus is PASSED

2020-11-11 09:11:08 - [TEST_STEP][PASSED] - runTime.reset(): null

2020-11-11 09:11:08 - [TEST_STEP][PASSED] - runTime.start(): null

2020-11-11 09:11:08 - [TEST_STEP][PASSED] - dataCompareAPK = findTestData("dt-1/dt_APK"): null

2020-11-11 09:11:08 - [TEST_STEP][PASSED] - strNoAPK = dataCompareAPK.getValue("NO", excelRow): null

2020-11-11 09:11:08 - [TEST_STEP][PASSED] - comparePS.ProposalASL1.ComparePS(strNoAPK, excelRow): comparePS.ProposalASL1.ComparePS is PASSED

2020-11-11 09:11:08 - [MESSAGE][PASSED] - comparePS.ProposalASL1.ComparePS is PASSED

2020-11-11 09:11:08 - [TEST_STEP][PASSED] - comparePS.KeywordPS.callStatus(strNoAPK, "sheetAPK1", 17): comparePS.KeywordPS.callStatus is PASSED

2020-11-11 09:11:08 - [MESSAGE][PASSED] - comparePS.KeywordPS.callStatus is PASSED

2020-11-11 09:11:08 - [TEST_STEP][PASSED] - runTime.reset(): null

2020-11-11 09:11:08 - [TEST_STEP][PASSED] - runTime.start(): null

2020-11-11 09:11:08 - [TEST_STEP][PASSED] - dataCompareAPK = findTestData("dt-1/dt_APK"): null

2020-11-11 09:11:08 - [TEST_STEP][PASSED] - strNoAPK = dataCompareAPK.getValue("NO", excelRow): null

2020-11-11 09:11:08 - [TEST_STEP][PASSED] - comparePS.ProposalASL1.ComparePS(strNoAPK, excelRow): comparePS.ProposalASL1.ComparePS is PASSED

2020-11-11 09:11:08 - [MESSAGE][PASSED] - comparePS.ProposalASL1.ComparePS is PASSED

2020-11-11 09:11:08 - [TEST_STEP][PASSED] - comparePS.KeywordPS.callStatus(strNoAPK, "sheetAPK1", 17): comparePS.KeywordPS.callStatus is PASSED

2020-11-11 09:11:08 - [MESSAGE][PASSED] - comparePS.KeywordPS.callStatus is PASSED

2020-11-11 09:11:08 - [TEST_STEP][PASSED] - runTime.reset(): null

2020-11-11 09:11:08 - [TEST_STEP][PASSED] - runTime.start(): null

2020-11-11 09:11:08 - [TEST_STEP][PASSED] - dataCompareAPK = findTestData("dt-1/dt_APK"): null

2020-11-11 09:11:08 - [TEST_STEP][PASSED] - strNoAPK = dataCompareAPK.getValue("NO", excelRow): null

2020-11-11 09:11:08 - [TEST_STEP][PASSED] - comparePS.ProposalASL1.ComparePS(strNoAPK, excelRow): comparePS.ProposalASL1.ComparePS is PASSED

2020-11-11 09:11:09 - [MESSAGE][PASSED] - comparePS.ProposalASL1.ComparePS is PASSED

2020-11-11 09:11:09 - [TEST_STEP][PASSED] - comparePS.KeywordPS.callStatus(strNoAPK, "sheetAPK1", 17): comparePS.KeywordPS.callStatus is PASSED

2020-11-11 09:11:09 - [MESSAGE][PASSED] - comparePS.KeywordPS.callStatus is PASSED

2020-11-11 09:11:09 - [TEST_STEP][PASSED] - runTime.reset(): null

2020-11-11 09:11:09 - [TEST_STEP][PASSED] - runTime.start(): null

2020-11-11 09:11:09 - [TEST_STEP][PASSED] - dataCompareAPK = findTestData("dt-1/dt_APK"): null

2020-11-11 09:11:09 - [TEST_STEP][PASSED] - strNoAPK = dataCompareAPK.getValue("NO", excelRow): null

2020-11-11 09:11:09 - [TEST_STEP][PASSED] - comparePS.ProposalASL1.ComparePS(strNoAPK, excelRow): comparePS.ProposalASL1.ComparePS is PASSED

2020-11-11 09:11:09 - [MESSAGE][PASSED] - comparePS.ProposalASL1.ComparePS is PASSED

2020-11-11 09:11:09 - [TEST_STEP][PASSED] - comparePS.KeywordPS.callStatus(strNoAPK, "sheetAPK1", 17): comparePS.KeywordPS.callStatus is PASSED

2020-11-11 09:11:09 - [MESSAGE][PASSED] - comparePS.KeywordPS.callStatus is PASSED

2020-11-11 09:11:09 - [TEST_STEP][PASSED] - runTime.reset(): null

2020-11-11 09:11:09 - [TEST_STEP][PASSED] - runTime.start(): null

2020-11-11 09:11:09 - [TEST_STEP][PASSED] - dataCompareAPK = findTestData("dt-1/dt_APK"): null

2020-11-11 09:11:09 - [TEST_STEP][PASSED] - strNoAPK = dataCompareAPK.getValue("NO", excelRow): null

2020-11-11 09:11:09 - [TEST_STEP][PASSED] - comparePS.ProposalASL1.ComparePS(strNoAPK, excelRow): comparePS.ProposalASL1.ComparePS is PASSED

2020-11-11 09:11:09 - [MESSAGE][PASSED] - comparePS.ProposalASL1.ComparePS is PASSED

2020-11-11 09:11:09 - [TEST_STEP][PASSED] - comparePS.KeywordPS.callStatus(strNoAPK, "sheetAPK1", 17): comparePS.KeywordPS.callStatus is PASSED

2020-11-11 09:11:09 - [MESSAGE][PASSED] - comparePS.KeywordPS.callStatus is PASSED

2020-11-11 09:11:09 - [TEST_STEP][PASSED] - runTime.reset(): null

2020-11-11 09:11:09 - [TEST_STEP][PASSED] - runTime.start(): null

2020-11-11 09:11:09 - [TEST_STEP][PASSED] - dataCompareAPK = findTestData("dt-1/dt_APK"): null

2020-11-11 09:11:10 - [TEST_STEP][PASSED] - strNoAPK = dataCompareAPK.getValue("NO", excelRow): null

2020-11-11 09:11:10 - [TEST_STEP][PASSED] - comparePS.ProposalASL1.ComparePS(strNoAPK, excelRow): comparePS.ProposalASL1.ComparePS is PASSED

2020-11-11 09:11:10 - [MESSAGE][PASSED] - comparePS.ProposalASL1.ComparePS is PASSED

2020-11-11 09:11:10 - [TEST_STEP][PASSED] - comparePS.KeywordPS.callStatus(strNoAPK, "sheetAPK1", 17): comparePS.KeywordPS.callStatus is PASSED

2020-11-11 09:11:10 - [MESSAGE][PASSED] - comparePS.KeywordPS.callStatus is PASSED

2020-11-11 09:11:10 - [TEST_STEP][PASSED] - runTime.reset(): null

2020-11-11 09:11:10 - [TEST_STEP][PASSED] - runTime.start(): null

2020-11-11 09:11:10 - [TEST_STEP][PASSED] - dataCompareAPK = findTestData("dt-1/dt_APK"): null

2020-11-11 09:11:10 - [TEST_STEP][PASSED] - strNoAPK = dataCompareAPK.getValue("NO", excelRow): null

2020-11-11 09:11:10 - [TEST_STEP][PASSED] - comparePS.ProposalASL1.ComparePS(strNoAPK, excelRow): comparePS.ProposalASL1.ComparePS is PASSED

2020-11-11 09:11:10 - [MESSAGE][PASSED] - comparePS.ProposalASL1.ComparePS is PASSED

2020-11-11 09:11:10 - [TEST_STEP][PASSED] - comparePS.KeywordPS.callStatus(strNoAPK, "sheetAPK1", 17): comparePS.KeywordPS.callStatus is PASSED

2020-11-11 09:11:10 - [MESSAGE][PASSED] - comparePS.KeywordPS.callStatus is PASSED

2020-11-11 09:11:10 - [TEST_STEP][PASSED] - runTime.reset(): null

2020-11-11 09:11:10 - [TEST_STEP][PASSED] - runTime.start(): null

2020-11-11 09:11:10 - [TEST_STEP][PASSED] - dataCompareAPK = findTestData("dt-1/dt_APK"): null

2020-11-11 09:11:10 - [TEST_STEP][PASSED] - strNoAPK = dataCompareAPK.getValue("NO", excelRow): null

2020-11-11 09:11:10 - [TEST_STEP][PASSED] - comparePS.ProposalASL1.ComparePS(strNoAPK, excelRow): comparePS.ProposalASL1.ComparePS is PASSED

2020-11-11 09:11:10 - [MESSAGE][PASSED] - comparePS.ProposalASL1.ComparePS is PASSED

2020-11-11 09:11:10 - [TEST_STEP][PASSED] - comparePS.KeywordPS.callStatus(strNoAPK, "sheetAPK1", 17): comparePS.KeywordPS.callStatus is PASSED

2020-11-11 09:11:10 - [MESSAGE][PASSED] - comparePS.KeywordPS.callStatus is PASSED

2020-11-11 09:11:10 - [TEST_STEP][PASSED] - runTime.reset(): null

2020-11-11 09:11:10 - [TEST_STEP][PASSED] - runTime.start(): null

2020-11-11 09:11:10 - [TEST_STEP][PASSED] - dataCompareAPK = findTestData("dt-1/dt_APK"): null

2020-11-11 09:11:11 - [TEST_STEP][PASSED] - strNoAPK = dataCompareAPK.getValue("NO", excelRow): null

2020-11-11 09:11:11 - [TEST_STEP][PASSED] - comparePS.ProposalASL1.ComparePS(strNoAPK, excelRow): comparePS.ProposalASL1.ComparePS is PASSED

2020-11-11 09:11:11 - [MESSAGE][PASSED] - comparePS.ProposalASL1.ComparePS is PASSED

2020-11-11 09:11:11 - [TEST_STEP][PASSED] - comparePS.KeywordPS.callStatus(strNoAPK, "sheetAPK1", 17): comparePS.KeywordPS.callStatus is PASSED

2020-11-11 09:11:11 - [MESSAGE][PASSED] - comparePS.KeywordPS.callStatus is PASSED

2020-11-11 09:11:11 - [TEST_STEP][PASSED] - runTime.reset(): null

2020-11-11 09:11:11 - [TEST_STEP][PASSED] - runTime.start(): null

2020-11-11 09:11:11 - [TEST_STEP][PASSED] - dataCompareAPK = findTestData("dt-1/dt_APK"): null

2020-11-11 09:11:11 - [TEST_STEP][PASSED] - strNoAPK = dataCompareAPK.getValue("NO", excelRow): null

2020-11-11 09:11:11 - [TEST_STEP][PASSED] - comparePS.ProposalASL1.ComparePS(strNoAPK, excelRow): comparePS.ProposalASL1.ComparePS is PASSED

2020-11-11 09:11:11 - [MESSAGE][PASSED] - comparePS.ProposalASL1.ComparePS is PASSED

2020-11-11 09:11:11 - [TEST_STEP][PASSED] - comparePS.KeywordPS.callStatus(strNoAPK, "sheetAPK1", 17): comparePS.KeywordPS.callStatus is PASSED

2020-11-11 09:11:11 - [MESSAGE][PASSED] - comparePS.KeywordPS.callStatus is PASSED

2020-11-11 09:11:11 - [TEST_STEP][PASSED] - runTime.reset(): null

2020-11-11 09:11:11 - [TEST_STEP][PASSED] - runTime.start(): null

2020-11-11 09:11:11 - [TEST_STEP][PASSED] - dataCompareAPK = findTestData("dt-1/dt_APK"): null

2020-11-11 09:11:11 - [TEST_STEP][PASSED] - strNoAPK = dataCompareAPK.getValue("NO", excelRow): null

2020-11-11 09:11:11 - [TEST_STEP][PASSED] - comparePS.ProposalASL1.ComparePS(strNoAPK, excelRow): comparePS.ProposalASL1.ComparePS is PASSED

2020-11-11 09:11:11 - [MESSAGE][PASSED] - comparePS.ProposalASL1.ComparePS is PASSED

2020-11-11 09:11:11 - [TEST_STEP][PASSED] - comparePS.KeywordPS.callStatus(strNoAPK, "sheetAPK1", 17): comparePS.KeywordPS.callStatus is PASSED

2020-11-11 09:11:12 - [MESSAGE][PASSED] - comparePS.KeywordPS.callStatus is PASSED

2020-11-11 09:11:12 - [TEST_STEP][PASSED] - runTime.reset(): null

2020-11-11 09:11:12 - [TEST_STEP][PASSED] - runTime.start(): null

2020-11-11 09:11:12 - [TEST_STEP][PASSED] - dataCompareAPK = findTestData("dt-1/dt_APK"): null

2020-11-11 09:11:12 - [TEST_STEP][PASSED] - strNoAPK = dataCompareAPK.getValue("NO", excelRow): null

2020-11-11 09:11:12 - [TEST_STEP][PASSED] - comparePS.ProposalASL1.ComparePS(strNoAPK, excelRow): comparePS.ProposalASL1.ComparePS is PASSED

2020-11-11 09:11:12 - [MESSAGE][PASSED] - comparePS.ProposalASL1.ComparePS is PASSED

2020-11-11 09:11:12 - [TEST_STEP][PASSED] - comparePS.KeywordPS.callStatus(strNoAPK, "sheetAPK1", 17): comparePS.KeywordPS.callStatus is PASSED

2020-11-11 09:11:12 - [MESSAGE][PASSED] - comparePS.KeywordPS.callStatus is PASSED

2020-11-11 09:11:12 - [TEST_STEP][PASSED] - runTime.reset(): null

2020-11-11 09:11:12 - [TEST_STEP][PASSED] - runTime.start(): null

2020-11-11 09:11:12 - [TEST_STEP][PASSED] - dataCompareAPK = findTestData("dt-1/dt_APK"): null

2020-11-11 09:11:12 - [TEST_STEP][PASSED] - strNoAPK = dataCompareAPK.getValue("NO", excelRow): null

2020-11-11 09:11:12 - [TEST_STEP][PASSED] - comparePS.ProposalASL1.ComparePS(strNoAPK, excelRow): comparePS.ProposalASL1.ComparePS is PASSED

2020-11-11 09:11:12 - [MESSAGE][PASSED] - comparePS.ProposalASL1.ComparePS is PASSED

2020-11-11 09:11:12 - [TEST_STEP][PASSED] - comparePS.KeywordPS.callStatus(strNoAPK, "sheetAPK1", 17): comparePS.KeywordPS.callStatus is PASSED

2020-11-11 09:11:12 - [MESSAGE][PASSED] - comparePS.KeywordPS.callStatus is PASSED

2020-11-11 09:11:12 - [TEST_STEP][PASSED] - runTime.reset(): null

2020-11-11 09:11:12 - [TEST_STEP][PASSED] - runTime.start(): null

2020-11-11 09:11:12 - [TEST_STEP][PASSED] - dataCompareAPK = findTestData("dt-1/dt_APK"): null

2020-11-11 09:11:13 - [TEST_STEP][PASSED] - strNoAPK = dataCompareAPK.getValue("NO", excelRow): null

2020-11-11 09:11:13 - [TEST_STEP][PASSED] - comparePS.ProposalASL1.ComparePS(strNoAPK, excelRow): comparePS.ProposalASL1.ComparePS is PASSED

2020-11-11 09:11:13 - [MESSAGE][PASSED] - comparePS.ProposalASL1.ComparePS is PASSED

2020-11-11 09:11:13 - [TEST_STEP][PASSED] - comparePS.KeywordPS.callStatus(strNoAPK, "sheetAPK1", 17): comparePS.KeywordPS.callStatus is PASSED

2020-11-11 09:11:13 - [MESSAGE][PASSED] - comparePS.KeywordPS.callStatus is PASSED

2020-11-11 09:11:13 - [TEST_STEP][PASSED] - runTime.reset(): null

2020-11-11 09:11:13 - [TEST_STEP][PASSED] - runTime.start(): null

2020-11-11 09:11:13 - [TEST_STEP][PASSED] - dataCompareAPK = findTestData("dt-1/dt_APK"): null

2020-11-11 09:11:13 - [TEST_STEP][PASSED] - strNoAPK = dataCompareAPK.getValue("NO", excelRow): null

2020-11-11 09:11:13 - [TEST_STEP][PASSED] - comparePS.ProposalASL1.ComparePS(strNoAPK, excelRow): comparePS.ProposalASL1.ComparePS is PASSED

2020-11-11 09:11:13 - [MESSAGE][PASSED] - comparePS.ProposalASL1.ComparePS is PASSED

2020-11-11 09:11:13 - [TEST_STEP][PASSED] - comparePS.KeywordPS.callStatus(strNoAPK, "sheetAPK1", 17): comparePS.KeywordPS.callStatus is PASSED

2020-11-11 09:11:13 - [MESSAGE][PASSED] - comparePS.KeywordPS.callStatus is PASSED

2020-11-11 09:11:13 - [TEST_STEP][PASSED] - runTime.reset(): null

2020-11-11 09:11:13 - [TEST_STEP][PASSED] - runTime.start(): null

2020-11-11 09:11:13 - [TEST_STEP][PASSED] - dataCompareAPK = findTestData("dt-1/dt_APK"): null

2020-11-11 09:11:13 - [TEST_STEP][PASSED] - strNoAPK = dataCompareAPK.getValue("NO", excelRow): null

2020-11-11 09:11:13 - [TEST_STEP][PASSED] - comparePS.ProposalASL1.ComparePS(strNoAPK, excelRow): comparePS.ProposalASL1.ComparePS is PASSED

2020-11-11 09:11:13 - [MESSAGE][PASSED] - comparePS.ProposalASL1.ComparePS is PASSED

2020-11-11 09:11:13 - [TEST_STEP][PASSED] - comparePS.KeywordPS.callStatus(strNoAPK, "sheetAPK1", 17): comparePS.KeywordPS.callStatus is PASSED

2020-11-11 09:11:13 - [MESSAGE][PASSED] - comparePS.KeywordPS.callStatus is PASSED

2020-11-11 09:11:13 - [TEST_STEP][PASSED] - runTime.reset(): null

2020-11-11 09:11:13 - [TEST_STEP][PASSED] - runTime.start(): null

2020-11-11 09:11:13 - [TEST_STEP][PASSED] - dataCompareAPK = findTestData("dt-1/dt_APK"): null

2020-11-11 09:11:14 - [TEST_STEP][PASSED] - strNoAPK = dataCompareAPK.getValue("NO", excelRow): null

2020-11-11 09:11:14 - [TEST_STEP][PASSED] - comparePS.ProposalASL1.ComparePS(strNoAPK, excelRow): comparePS.ProposalASL1.ComparePS is PASSED

2020-11-11 09:11:14 - [MESSAGE][PASSED] - comparePS.ProposalASL1.ComparePS is PASSED

2020-11-11 09:11:14 - [TEST_STEP][PASSED] - comparePS.KeywordPS.callStatus(strNoAPK, "sheetAPK1", 17): comparePS.KeywordPS.callStatus is PASSED

2020-11-11 09:11:14 - [MESSAGE][PASSED] - comparePS.KeywordPS.callStatus is PASSED

2020-11-11 09:11:14 - [TEST_STEP][PASSED] - runTime.reset(): null

2020-11-11 09:11:14 - [TEST_STEP][PASSED] - runTime.start(): null

2020-11-11 09:11:14 - [TEST_STEP][PASSED] - dataCompareAPK = findTestData("dt-1/dt_APK"): null

2020-11-11 09:11:14 - [TEST_STEP][PASSED] - strNoAPK = dataCompareAPK.getValue("NO", excelRow): null

2020-11-11 09:11:14 - [TEST_STEP][PASSED] - comparePS.ProposalASL1.ComparePS(strNoAPK, excelRow): comparePS.ProposalASL1.ComparePS is PASSED

2020-11-11 09:11:14 - [MESSAGE][PASSED] - comparePS.ProposalASL1.ComparePS is PASSED

2020-11-11 09:11:14 - [TEST_STEP][PASSED] - comparePS.KeywordPS.callStatus(strNoAPK, "sheetAPK1", 17): comparePS.KeywordPS.callStatus is PASSED

2020-11-11 09:11:14 - [MESSAGE][PASSED] - comparePS.KeywordPS.callStatus is PASSED

2020-11-11 09:11:14 - [TEST_STEP][PASSED] - runTime.reset(): null

2020-11-11 09:11:14 - [TEST_STEP][PASSED] - runTime.start(): null

2020-11-11 09:11:14 - [TEST_STEP][PASSED] - dataCompareAPK = findTestData("dt-1/dt_APK"): null

2020-11-11 09:11:14 - [TEST_STEP][PASSED] - strNoAPK = dataCompareAPK.getValue("NO", excelRow): null

2020-11-11 09:11:14 - [TEST_STEP][PASSED] - comparePS.ProposalASL1.ComparePS(strNoAPK, excelRow): comparePS.ProposalASL1.ComparePS is PASSED

2020-11-11 09:11:14 - [MESSAGE][PASSED] - comparePS.ProposalASL1.ComparePS is PASSED

2020-11-11 09:11:14 - [TEST_STEP][PASSED] - comparePS.KeywordPS.callStatus(strNoAPK, "sheetAPK1", 17): comparePS.KeywordPS.callStatus is PASSED

2020-11-11 09:11:15 - [MESSAGE][PASSED] - comparePS.KeywordPS.callStatus is PASSED

2020-11-11 09:11:15 - [TEST_STEP][PASSED] - runTime.reset(): null

2020-11-11 09:11:15 - [TEST_STEP][PASSED] - runTime.start(): null

2020-11-11 09:11:15 - [TEST_STEP][PASSED] - dataCompareAPK = findTestData("dt-1/dt_APK"): null

2020-11-11 09:11:15 - [TEST_STEP][PASSED] - strNoAPK = dataCompareAPK.getValue("NO", excelRow): null

2020-11-11 09:11:15 - [TEST_STEP][PASSED] - comparePS.ProposalASL1.ComparePS(strNoAPK, excelRow): comparePS.ProposalASL1.ComparePS is PASSED

2020-11-11 09:11:15 - [MESSAGE][PASSED] - comparePS.ProposalASL1.ComparePS is PASSED

2020-11-11 09:11:15 - [TEST_STEP][PASSED] - comparePS.KeywordPS.callStatus(strNoAPK, "sheetAPK1", 17): comparePS.KeywordPS.callStatus is PASSED

2020-11-11 09:11:15 - [MESSAGE][PASSED] - comparePS.KeywordPS.callStatus is PASSED

2020-11-11 09:11:15 - [TEST_STEP][PASSED] - runTime.reset(): null

2020-11-11 09:11:15 - [TEST_STEP][PASSED] - runTime.start(): null

2020-11-11 09:11:15 - [TEST_STEP][PASSED] - dataCompareAPK = findTestData("dt-1/dt_APK"): null

2020-11-11 09:11:15 - [TEST_STEP][PASSED] - strNoAPK = dataCompareAPK.getValue("NO", excelRow): null

2020-11-11 09:11:15 - [TEST_STEP][PASSED] - comparePS.ProposalASL1.ComparePS(strNoAPK, excelRow): comparePS.ProposalASL1.ComparePS is PASSED

2020-11-11 09:11:15 - [MESSAGE][PASSED] - comparePS.ProposalASL1.ComparePS is PASSED

2020-11-11 09:11:15 - [TEST_STEP][PASSED] - comparePS.KeywordPS.callStatus(strNoAPK, "sheetAPK1", 17): comparePS.KeywordPS.callStatus is PASSED

2020-11-11 09:11:15 - [MESSAGE][PASSED] - comparePS.KeywordPS.callStatus is PASSED

2020-11-11 09:11:15 - [TEST_STEP][PASSED] - runTime.reset(): null

2020-11-11 09:11:15 - [TEST_STEP][PASSED] - runTime.start(): null

2020-11-11 09:11:15 - [TEST_STEP][PASSED] - dataCompareAPK = findTestData("dt-1/dt_APK"): null

2020-11-11 09:11:15 - [TEST_STEP][PASSED] - strNoAPK = dataCompareAPK.getValue("NO", excelRow): null

2020-11-11 09:11:15 - [TEST_STEP][PASSED] - comparePS.ProposalASL1.ComparePS(strNoAPK, excelRow): comparePS.ProposalASL1.ComparePS is PASSED

2020-11-11 09:11:15 - [MESSAGE][PASSED] - comparePS.ProposalASL1.ComparePS is PASSED

2020-11-11 09:11:15 - [TEST_STEP][PASSED] - comparePS.KeywordPS.callStatus(strNoAPK, "sheetAPK1", 17): comparePS.KeywordPS.callStatus is PASSED

2020-11-11 09:11:15 - [MESSAGE][PASSED] - comparePS.KeywordPS.callStatus is PASSED

2020-11-11 09:11:15 - [TEST_STEP][PASSED] - runTime.reset(): null

2020-11-11 09:11:15 - [TEST_STEP][PASSED] - runTime.start(): null

2020-11-11 09:11:15 - [TEST_STEP][PASSED] - dataCompareAPK = findTestData("dt-1/dt_APK"): null

2020-11-11 09:11:16 - [TEST_STEP][PASSED] - strNoAPK = dataCompareAPK.getValue("NO", excelRow): null

2020-11-11 09:11:16 - [TEST_STEP][PASSED] - comparePS.ProposalASL1.ComparePS(strNoAPK, excelRow): comparePS.ProposalASL1.ComparePS is PASSED

2020-11-11 09:11:16 - [MESSAGE][PASSED] - comparePS.ProposalASL1.ComparePS is PASSED

2020-11-11 09:11:16 - [TEST_STEP][PASSED] - comparePS.KeywordPS.callStatus(strNoAPK, "sheetAPK1", 17): comparePS.KeywordPS.callStatus is PASSED

2020-11-11 09:11:16 - [MESSAGE][PASSED] - comparePS.KeywordPS.callStatus is PASSED

2020-11-11 09:11:16 - [TEST_STEP][PASSED] - runTime.reset(): null

2020-11-11 09:11:16 - [TEST_STEP][PASSED] - runTime.start(): null

2020-11-11 09:11:16 - [TEST_STEP][PASSED] - dataCompareAPK = findTestData("dt-1/dt_APK"): null

2020-11-11 09:11:16 - [TEST_STEP][PASSED] - strNoAPK = dataCompareAPK.getValue("NO", excelRow): null

2020-11-11 09:11:16 - [TEST_STEP][PASSED] - comparePS.ProposalASL1.ComparePS(strNoAPK, excelRow): comparePS.ProposalASL1.ComparePS is PASSED

2020-11-11 09:11:16 - [MESSAGE][PASSED] - comparePS.ProposalASL1.ComparePS is PASSED

2020-11-11 09:11:16 - [TEST_STEP][PASSED] - comparePS.KeywordPS.callStatus(strNoAPK, "sheetAPK1", 17): comparePS.KeywordPS.callStatus is PASSED

2020-11-11 09:11:16 - [MESSAGE][PASSED] - comparePS.KeywordPS.callStatus is PASSED

2020-11-11 09:11:16 - [TEST_STEP][PASSED] - runTime.reset(): null

2020-11-11 09:11:16 - [TEST_STEP][PASSED] - runTime.start(): null

2020-11-11 09:11:16 - [TEST_STEP][PASSED] - dataCompareAPK = findTestData("dt-1/dt_APK"): null

2020-11-11 09:11:16 - [TEST_STEP][PASSED] - strNoAPK = dataCompareAPK.getValue("NO", excelRow): null

2020-11-11 09:11:16 - [TEST_STEP][PASSED] - comparePS.ProposalASL1.ComparePS(strNoAPK, excelRow): comparePS.ProposalASL1.ComparePS is PASSED

2020-11-11 09:11:16 - [MESSAGE][PASSED] - comparePS.ProposalASL1.ComparePS is PASSED

2020-11-11 09:11:16 - [TEST_STEP][PASSED] - comparePS.KeywordPS.callStatus(strNoAPK, "sheetAPK1", 17): comparePS.KeywordPS.callStatus is PASSED

2020-11-11 09:11:17 - [MESSAGE][PASSED] - comparePS.KeywordPS.callStatus is PASSED

2020-11-11 09:11:17 - [TEST_STEP][PASSED] - runTime.reset(): null

2020-11-11 09:11:17 - [TEST_STEP][PASSED] - runTime.start(): null

2020-11-11 09:11:17 - [TEST_STEP][PASSED] - dataCompareAPK = findTestData("dt-1/dt_APK"): null

2020-11-11 09:11:17 - [TEST_STEP][PASSED] - strNoAPK = dataCompareAPK.getValue("NO", excelRow): null

2020-11-11 09:11:17 - [TEST_STEP][PASSED] - comparePS.ProposalASL1.ComparePS(strNoAPK, excelRow): comparePS.ProposalASL1.ComparePS is PASSED

2020-11-11 09:11:17 - [MESSAGE][PASSED] - comparePS.ProposalASL1.ComparePS is PASSED

2020-11-11 09:11:17 - [TEST_STEP][PASSED] - comparePS.KeywordPS.callStatus(strNoAPK, "sheetAPK1", 17): comparePS.KeywordPS.callStatus is PASSED

2020-11-11 09:11:17 - [MESSAGE][PASSED] - comparePS.KeywordPS.callStatus is PASSED

2020-11-11 09:11:17 - [TEST_STEP][PASSED] - runTime.reset(): null

2020-11-11 09:11:17 - [TEST_STEP][PASSED] - runTime.start(): null

2020-11-11 09:11:17 - [TEST_STEP][PASSED] - dataCompareAPK = findTestData("dt-1/dt_APK"): null

2020-11-11 09:11:17 - [TEST_STEP][PASSED] - strNoAPK = dataCompareAPK.getValue("NO", excelRow): null

2020-11-11 09:11:17 - [TEST_STEP][PASSED] - comparePS.ProposalASL1.ComparePS(strNoAPK, excelRow): comparePS.ProposalASL1.ComparePS is PASSED

2020-11-11 09:11:17 - [MESSAGE][PASSED] - comparePS.ProposalASL1.ComparePS is PASSED

2020-11-11 09:11:17 - [TEST_STEP][PASSED] - comparePS.KeywordPS.callStatus(strNoAPK, "sheetAPK1", 17): comparePS.KeywordPS.callStatus is PASSED

2020-11-11 09:11:17 - [MESSAGE][PASSED] - comparePS.KeywordPS.callStatus is PASSED

2020-11-11 09:11:17 - [TEST_STEP][PASSED] - runTime.reset(): null

2020-11-11 09:11:17 - [TEST_STEP][PASSED] - runTime.start(): null

2020-11-11 09:11:17 - [TEST_STEP][PASSED] - dataCompareAPK = findTestData("dt-1/dt_APK"): null

2020-11-11 09:11:17 - [TEST_STEP][PASSED] - strNoAPK = dataCompareAPK.getValue("NO", excelRow): null

2020-11-11 09:11:17 - [TEST_STEP][PASSED] - comparePS.ProposalASL1.ComparePS(strNoAPK, excelRow): comparePS.ProposalASL1.ComparePS is PASSED

2020-11-11 09:11:17 - [MESSAGE][PASSED] - comparePS.ProposalASL1.ComparePS is PASSED

2020-11-11 09:11:17 - [TEST_STEP][PASSED] - comparePS.KeywordPS.callStatus(strNoAPK, "sheetAPK1", 17): comparePS.KeywordPS.callStatus is PASSED

2020-11-11 09:11:18 - [MESSAGE][PASSED] - comparePS.KeywordPS.callStatus is PASSED

2020-11-11 09:11:18 - [TEST_STEP][PASSED] - runTime.reset(): null

2020-11-11 09:11:18 - [TEST_STEP][PASSED] - runTime.start(): null

2020-11-11 09:11:18 - [TEST_STEP][PASSED] - dataCompareAPK = findTestData("dt-1/dt_APK"): null

2020-11-11 09:11:18 - [TEST_STEP][PASSED] - strNoAPK = dataCompareAPK.getValue("NO", excelRow): null

2020-11-11 09:11:18 - [TEST_STEP][PASSED] - comparePS.ProposalASL1.ComparePS(strNoAPK, excelRow): comparePS.ProposalASL1.ComparePS is PASSED

2020-11-11 09:11:18 - [MESSAGE][PASSED] - comparePS.ProposalASL1.ComparePS is PASSED

2020-11-11 09:11:18 - [TEST_STEP][PASSED] - comparePS.KeywordPS.callStatus(strNoAPK, "sheetAPK1", 17): comparePS.KeywordPS.callStatus is PASSED

2020-11-11 09:11:18 - [MESSAGE][PASSED] - comparePS.KeywordPS.callStatus is PASSED

2020-11-11 09:11:18 - [TEST_STEP][PASSED] - runTime.reset(): null

2020-11-11 09:11:18 - [TEST_STEP][PASSED] - runTime.start(): null

2020-11-11 09:11:18 - [TEST_STEP][PASSED] - dataCompareAPK = findTestData("dt-1/dt_APK"): null

2020-11-11 09:11:18 - [TEST_STEP][PASSED] - strNoAPK = dataCompareAPK.getValue("NO", excelRow): null

2020-11-11 09:11:18 - [TEST_STEP][PASSED] - comparePS.ProposalASL1.ComparePS(strNoAPK, excelRow): comparePS.ProposalASL1.ComparePS is PASSED

2020-11-11 09:11:18 - [MESSAGE][PASSED] - comparePS.ProposalASL1.ComparePS is PASSED

2020-11-11 09:11:18 - [TEST_STEP][PASSED] - comparePS.KeywordPS.callStatus(strNoAPK, "sheetAPK1", 17): comparePS.KeywordPS.callStatus is PASSED

2020-11-11 09:11:18 - [MESSAGE][PASSED] - comparePS.KeywordPS.callStatus is PASSED

2020-11-11 09:11:18 - [TEST_STEP][PASSED] - runTime.reset(): null

2020-11-11 09:11:18 - [TEST_STEP][PASSED] - runTime.start(): null

2020-11-11 09:11:18 - [TEST_STEP][PASSED] - dataCompareAPK = findTestData("dt-1/dt_APK"): null

2020-11-11 09:11:18 - [TEST_STEP][PASSED] - strNoAPK = dataCompareAPK.getValue("NO", excelRow): null

2020-11-11 09:11:18 - [TEST_STEP][PASSED] - comparePS.ProposalASL1.ComparePS(strNoAPK, excelRow): comparePS.ProposalASL1.ComparePS is PASSED

2020-11-11 09:11:18 - [MESSAGE][PASSED] - comparePS.ProposalASL1.ComparePS is PASSED

2020-11-11 09:11:18 - [TEST_STEP][PASSED] - comparePS.KeywordPS.callStatus(strNoAPK, "sheetAPK1", 17): comparePS.KeywordPS.callStatus is PASSED

2020-11-11 09:11:19 - [MESSAGE][PASSED] - comparePS.KeywordPS.callStatus is PASSED

2020-11-11 09:11:19 - [TEST_STEP][PASSED] - runTime.reset(): null

2020-11-11 09:11:19 - [TEST_STEP][PASSED] - runTime.start(): null

2020-11-11 09:11:19 - [TEST_STEP][PASSED] - dataCompareAPK = findTestData("dt-1/dt_APK"): null

2020-11-11 09:11:19 - [TEST_STEP][PASSED] - strNoAPK = dataCompareAPK.getValue("NO", excelRow): null

2020-11-11 09:11:19 - [TEST_STEP][PASSED] - comparePS.ProposalASL1.ComparePS(strNoAPK, excelRow): comparePS.ProposalASL1.ComparePS is PASSED

2020-11-11 09:11:19 - [MESSAGE][PASSED] - comparePS.ProposalASL1.ComparePS is PASSED

2020-11-11 09:11:19 - [TEST_STEP][PASSED] - comparePS.KeywordPS.callStatus(strNoAPK, "sheetAPK1", 17): comparePS.KeywordPS.callStatus is PASSED

2020-11-11 09:11:19 - [MESSAGE][PASSED] - comparePS.KeywordPS.callStatus is PASSED

2020-11-11 09:11:19 - [TEST_STEP][PASSED] - runTime.reset(): null

2020-11-11 09:11:19 - [TEST_STEP][PASSED] - runTime.start(): null

2020-11-11 09:11:19 - [TEST_STEP][PASSED] - dataCompareAPK = findTestData("dt-1/dt_APK"): null

2020-11-11 09:11:19 - [TEST_STEP][PASSED] - strNoAPK = dataCompareAPK.getValue("NO", excelRow): null

2020-11-11 09:11:19 - [TEST_STEP][PASSED] - comparePS.ProposalASL1.ComparePS(strNoAPK, excelRow): comparePS.ProposalASL1.ComparePS is PASSED

2020-11-11 09:11:19 - [MESSAGE][PASSED] - comparePS.ProposalASL1.ComparePS is PASSED

2020-11-11 09:11:19 - [TEST_STEP][PASSED] - comparePS.KeywordPS.callStatus(strNoAPK, "sheetAPK1", 17): comparePS.KeywordPS.callStatus is PASSED

2020-11-11 09:11:19 - [MESSAGE][PASSED] - comparePS.KeywordPS.callStatus is PASSED

2020-11-11 09:11:19 - [TEST_STEP][PASSED] - runTime.reset(): null

2020-11-11 09:11:19 - [TEST_STEP][PASSED] - runTime.start(): null

2020-11-11 09:11:19 - [TEST_STEP][PASSED] - dataCompareAPK = findTestData("dt-1/dt_APK"): null

2020-11-11 09:11:19 - [TEST_STEP][PASSED] - strNoAPK = dataCompareAPK.getValue("NO", excelRow): null

2020-11-11 09:11:19 - [TEST_STEP][PASSED] - comparePS.ProposalASL1.ComparePS(strNoAPK, excelRow): comparePS.ProposalASL1.ComparePS is PASSED

2020-11-11 09:11:19 - [MESSAGE][PASSED] - comparePS.ProposalASL1.ComparePS is PASSED

2020-11-11 09:11:19 - [TEST_STEP][PASSED] - comparePS.KeywordPS.callStatus(strNoAPK, "sheetAPK1", 17): comparePS.KeywordPS.callStatus is PASSED

2020-11-11 09:11:20 - [MESSAGE][PASSED] - comparePS.KeywordPS.callStatus is PASSED

2020-11-11 09:11:20 - [TEST_STEP][PASSED] - runTime.reset(): null

2020-11-11 09:11:20 - [TEST_STEP][PASSED] - runTime.start(): null

2020-11-11 09:11:20 - [TEST_STEP][PASSED] - dataCompareAPK = findTestData("dt-1/dt_APK"): null

2020-11-11 09:11:20 - [TEST_STEP][PASSED] - strNoAPK = dataCompareAPK.getValue("NO", excelRow): null

2020-11-11 09:11:20 - [TEST_STEP][PASSED] - comparePS.ProposalASL1.ComparePS(strNoAPK, excelRow): comparePS.ProposalASL1.ComparePS is PASSED

2020-11-11 09:11:20 - [MESSAGE][PASSED] - comparePS.ProposalASL1.ComparePS is PASSED

2020-11-11 09:11:20 - [TEST_STEP][PASSED] - comparePS.KeywordPS.callStatus(strNoAPK, "sheetAPK1", 17): comparePS.KeywordPS.callStatus is PASSED

2020-11-11 09:11:20 - [MESSAGE][PASSED] - comparePS.KeywordPS.callStatus is PASSED

2020-11-11 09:11:20 - [TEST_STEP][PASSED] - runTime.reset(): null

2020-11-11 09:11:20 - [TEST_STEP][PASSED] - runTime.start(): null

2020-11-11 09:11:20 - [TEST_STEP][PASSED] - dataCompareAPK = findTestData("dt-1/dt_APK"): null

2020-11-11 09:11:20 - [TEST_STEP][PASSED] - strNoAPK = dataCompareAPK.getValue("NO", excelRow): null

2020-11-11 09:11:20 - [TEST_STEP][PASSED] - comparePS.ProposalASL1.ComparePS(strNoAPK, excelRow): comparePS.ProposalASL1.ComparePS is PASSED

2020-11-11 09:11:20 - [MESSAGE][PASSED] - comparePS.ProposalASL1.ComparePS is PASSED

2020-11-11 09:11:20 - [TEST_STEP][PASSED] - comparePS.KeywordPS.callStatus(strNoAPK, "sheetAPK1", 17): comparePS.KeywordPS.callStatus is PASSED

2020-11-11 09:11:20 - [MESSAGE][PASSED] - comparePS.KeywordPS.callStatus is PASSED

2020-11-11 09:11:20 - [TEST_STEP][PASSED] - runTime.reset(): null

2020-11-11 09:11:20 - [TEST_STEP][PASSED] - runTime.start(): null

2020-11-11 09:11:20 - [TEST_STEP][PASSED] - dataCompareAPK = findTestData("dt-1/dt_APK"): null

2020-11-11 09:11:21 - [TEST_STEP][PASSED] - strNoAPK = dataCompareAPK.getValue("NO", excelRow): null

2020-11-11 09:11:21 - [TEST_STEP][PASSED] - comparePS.ProposalASL1.ComparePS(strNoAPK, excelRow): comparePS.ProposalASL1.ComparePS is PASSED

2020-11-11 09:11:21 - [MESSAGE][PASSED] - comparePS.ProposalASL1.ComparePS is PASSED

2020-11-11 09:11:21 - [TEST_STEP][PASSED] - comparePS.KeywordPS.callStatus(strNoAPK, "sheetAPK1", 17): comparePS.KeywordPS.callStatus is PASSED

2020-11-11 09:11:21 - [MESSAGE][PASSED] - comparePS.KeywordPS.callStatus is PASSED

2020-11-11 09:11:21 - [TEST_STEP][PASSED] - runTime.reset(): null

2020-11-11 09:11:21 - [TEST_STEP][PASSED] - runTime.start(): null

2020-11-11 09:11:21 - [TEST_STEP][PASSED] - dataCompareAPK = findTestData("dt-1/dt_APK"): null

2020-11-11 09:11:21 - [TEST_STEP][PASSED] - strNoAPK = dataCompareAPK.getValue("NO", excelRow): null

2020-11-11 09:11:21 - [TEST_STEP][PASSED] - comparePS.ProposalASL1.ComparePS(strNoAPK, excelRow): comparePS.ProposalASL1.ComparePS is PASSED

2020-11-11 09:11:21 - [MESSAGE][PASSED] - comparePS.ProposalASL1.ComparePS is PASSED

2020-11-11 09:11:21 - [TEST_STEP][PASSED] - comparePS.KeywordPS.callStatus(strNoAPK, "sheetAPK1", 17): comparePS.KeywordPS.callStatus is PASSED

2020-11-11 09:11:22 - [MESSAGE][PASSED] - comparePS.KeywordPS.callStatus is PASSED

2020-11-11 09:11:22 - [TEST_STEP][PASSED] - runTime.reset(): null

2020-11-11 09:11:22 - [TEST_STEP][PASSED] - runTime.start(): null

2020-11-11 09:11:22 - [TEST_STEP][PASSED] - dataCompareAPK = findTestData("dt-1/dt_APK"): null

2020-11-11 09:11:22 - [TEST_STEP][PASSED] - strNoAPK = dataCompareAPK.getValue("NO", excelRow): null

2020-11-11 09:11:22 - [TEST_STEP][PASSED] - comparePS.ProposalASL1.ComparePS(strNoAPK, excelRow): comparePS.ProposalASL1.ComparePS is PASSED

2020-11-11 09:11:22 - [MESSAGE][PASSED] - comparePS.ProposalASL1.ComparePS is PASSED

2020-11-11 09:11:22 - [TEST_STEP][PASSED] - comparePS.KeywordPS.callStatus(strNoAPK, "sheetAPK1", 17): comparePS.KeywordPS.callStatus is PASSED

2020-11-11 09:11:22 - [MESSAGE][PASSED] - comparePS.KeywordPS.callStatus is PASSED

2020-11-11 09:11:22 - [TEST_STEP][PASSED] - runTime.reset(): null

2020-11-11 09:11:22 - [TEST_STEP][PASSED] - runTime.start(): null

2020-11-11 09:11:22 - [TEST_STEP][PASSED] - dataCompareAPK = findTestData("dt-1/dt_APK"): null

2020-11-11 09:11:22 - [TEST_STEP][PASSED] - strNoAPK = dataCompareAPK.getValue("NO", excelRow): null

2020-11-11 09:11:22 - [TEST_STEP][PASSED] - comparePS.ProposalASL1.ComparePS(strNoAPK, excelRow): comparePS.ProposalASL1.ComparePS is PASSED

2020-11-11 09:11:22 - [MESSAGE][PASSED] - comparePS.ProposalASL1.ComparePS is PASSED

2020-11-11 09:11:22 - [TEST_STEP][PASSED] - comparePS.KeywordPS.callStatus(strNoAPK, "sheetAPK1", 17): comparePS.KeywordPS.callStatus is PASSED

2020-11-11 09:11:23 - [MESSAGE][PASSED] - comparePS.KeywordPS.callStatus is PASSED

2020-11-11 09:11:23 - [TEST_STEP][PASSED] - runTime.reset(): null

2020-11-11 09:11:23 - [TEST_STEP][PASSED] - runTime.start(): null

2020-11-11 09:11:23 - [TEST_STEP][PASSED] - dataCompareAPK = findTestData("dt-1/dt_APK"): null

2020-11-11 09:11:23 - [TEST_STEP][PASSED] - strNoAPK = dataCompareAPK.getValue("NO", excelRow): null

2020-11-11 09:11:23 - [TEST_STEP][PASSED] - comparePS.ProposalASL1.ComparePS(strNoAPK, excelRow): comparePS.ProposalASL1.ComparePS is PASSED

2020-11-11 09:11:23 - [MESSAGE][PASSED] - comparePS.ProposalASL1.ComparePS is PASSED

2020-11-11 09:11:23 - [TEST_STEP][PASSED] - comparePS.KeywordPS.callStatus(strNoAPK, "sheetAPK1", 17): comparePS.KeywordPS.callStatus is PASSED

2020-11-11 09:11:23 - [MESSAGE][PASSED] - comparePS.KeywordPS.callStatus is PASSED

2020-11-11 09:11:23 - [TEST_STEP][PASSED] - runTime.reset(): null

2020-11-11 09:11:23 - [TEST_STEP][PASSED] - runTime.start(): null

2020-11-11 09:11:23 - [TEST_STEP][PASSED] - dataCompareAPK = findTestData("dt-1/dt_APK"): null

2020-11-11 09:11:23 - [TEST_STEP][PASSED] - strNoAPK = dataCompareAPK.getValue("NO", excelRow): null

2020-11-11 09:11:23 - [TEST_STEP][PASSED] - comparePS.ProposalASL1.ComparePS(strNoAPK, excelRow): comparePS.ProposalASL1.ComparePS is PASSED

2020-11-11 09:11:24 - [MESSAGE][PASSED] - comparePS.ProposalASL1.ComparePS is PASSED

2020-11-11 09:11:24 - [TEST_STEP][PASSED] - comparePS.KeywordPS.callStatus(strNoAPK, "sheetAPK1", 17): comparePS.KeywordPS.callStatus is PASSED

2020-11-11 09:11:24 - [MESSAGE][PASSED] - comparePS.KeywordPS.callStatus is PASSED

2020-11-11 09:11:24 - [TEST_STEP][PASSED] - runTime.reset(): null

2020-11-11 09:11:24 - [TEST_STEP][PASSED] - runTime.start(): null

2020-11-11 09:11:24 - [TEST_STEP][PASSED] - dataCompareAPK = findTestData("dt-1/dt_APK"): null

2020-11-11 09:11:24 - [TEST_STEP][PASSED] - strNoAPK = dataCompareAPK.getValue("NO", excelRow): null

2020-11-11 09:11:24 - [TEST_STEP][PASSED] - comparePS.ProposalASL1.ComparePS(strNoAPK, excelRow): comparePS.ProposalASL1.ComparePS is PASSED

2020-11-11 09:11:24 - [MESSAGE][PASSED] - comparePS.ProposalASL1.ComparePS is PASSED

2020-11-11 09:11:24 - [TEST_STEP][PASSED] - comparePS.KeywordPS.callStatus(strNoAPK, "sheetAPK1", 17): comparePS.KeywordPS.callStatus is PASSED

2020-11-11 09:11:24 - [MESSAGE][PASSED] - comparePS.KeywordPS.callStatus is PASSED

2020-11-11 09:11:24 - [TEST_STEP][PASSED] - runTime.reset(): null

2020-11-11 09:11:24 - [TEST_STEP][PASSED] - runTime.start(): null

2020-11-11 09:11:24 - [TEST_STEP][PASSED] - dataCompareAPK = findTestData("dt-1/dt_APK"): null

2020-11-11 09:11:24 - [TEST_STEP][PASSED] - strNoAPK = dataCompareAPK.getValue("NO", excelRow): null

2020-11-11 09:11:24 - [TEST_STEP][PASSED] - comparePS.ProposalASL1.ComparePS(strNoAPK, excelRow): comparePS.ProposalASL1.ComparePS is PASSED

2020-11-11 09:11:24 - [MESSAGE][PASSED] - comparePS.ProposalASL1.ComparePS is PASSED

2020-11-11 09:11:24 - [TEST_STEP][PASSED] - comparePS.KeywordPS.callStatus(strNoAPK, "sheetAPK1", 17): comparePS.KeywordPS.callStatus is PASSED

2020-11-11 09:11:24 - [MESSAGE][PASSED] - comparePS.KeywordPS.callStatus is PASSED

2020-11-11 09:11:24 - [TEST_STEP][PASSED] - runTime.reset(): null

2020-11-11 09:11:24 - [TEST_STEP][PASSED] - runTime.start(): null

2020-11-11 09:11:24 - [TEST_STEP][PASSED] - dataCompareAPK = findTestData("dt-1/dt_APK"): null

2020-11-11 09:11:24 - [TEST_STEP][PASSED] - strNoAPK = dataCompareAPK.getValue("NO", excelRow): null

2020-11-11 09:11:24 - [TEST_STEP][PASSED] - comparePS.ProposalASL1.ComparePS(strNoAPK, excelRow): comparePS.ProposalASL1.ComparePS is PASSED

2020-11-11 09:11:24 - [MESSAGE][PASSED] - comparePS.ProposalASL1.ComparePS is PASSED

2020-11-11 09:11:24 - [TEST_STEP][PASSED] - comparePS.KeywordPS.callStatus(strNoAPK, "sheetAPK1", 17): comparePS.KeywordPS.callStatus is PASSED

2020-11-11 09:11:25 - [MESSAGE][PASSED] - comparePS.KeywordPS.callStatus is PASSED

2020-11-11 09:11:25 - [TEST_STEP][PASSED] - runTime.reset(): null

2020-11-11 09:11:25 - [TEST_STEP][PASSED] - runTime.start(): null

2020-11-11 09:11:25 - [TEST_STEP][PASSED] - dataCompareAPK = findTestData("dt-1/dt_APK"): null

2020-11-11 09:11:25 - [TEST_STEP][PASSED] - strNoAPK = dataCompareAPK.getValue("NO", excelRow): null

2020-11-11 09:11:25 - [TEST_STEP][PASSED] - comparePS.ProposalASL1.ComparePS(strNoAPK, excelRow): comparePS.ProposalASL1.ComparePS is PASSED

2020-11-11 09:11:25 - [MESSAGE][PASSED] - comparePS.ProposalASL1.ComparePS is PASSED

2020-11-11 09:11:25 - [TEST_STEP][PASSED] - comparePS.KeywordPS.callStatus(strNoAPK, "sheetAPK1", 17): comparePS.KeywordPS.callStatus is PASSED

2020-11-11 09:11:25 - [MESSAGE][PASSED] - comparePS.KeywordPS.callStatus is PASSED

2020-11-11 09:11:25 - [TEST_STEP][PASSED] - runTime.reset(): null

2020-11-11 09:11:25 - [TEST_STEP][PASSED] - runTime.start(): null

2020-11-11 09:11:25 - [TEST_STEP][PASSED] - dataCompareAPK = findTestData("dt-1/dt_APK"): null

2020-11-11 09:11:25 - [TEST_STEP][PASSED] - strNoAPK = dataCompareAPK.getValue("NO", excelRow): null

2020-11-11 09:11:25 - [TEST_STEP][PASSED] - comparePS.ProposalASL1.ComparePS(strNoAPK, excelRow): comparePS.ProposalASL1.ComparePS is PASSED

2020-11-11 09:11:25 - [MESSAGE][PASSED] - comparePS.ProposalASL1.ComparePS is PASSED

2020-11-11 09:11:25 - [TEST_STEP][PASSED] - comparePS.KeywordPS.callStatus(strNoAPK, "sheetAPK1", 17): comparePS.KeywordPS.callStatus is PASSED

2020-11-11 09:11:25 - [MESSAGE][PASSED] - comparePS.KeywordPS.callStatus is PASSED]]></system-out>
         <system-err><![CDATA[]]></system-err>
      </testcase>
      <testcase name="Test Cases/ComparePS-2" time="27.952" classname="Test Cases/ComparePS-2" status="PASSED">
         <system-out><![CDATA[2020-11-11 09:11:25 - [TEST_CASE][PASSED] - Test Cases/ComparePS-2: Test Cases/ComparePS-2

2020-11-11 09:11:26 - [TEST_STEP][PASSED] - sekarang = new java.util.Date(): null

2020-11-11 09:11:26 - [TEST_STEP][PASSED] - tgl = sekarang.format("yyyy-MM-dd"): null

2020-11-11 09:11:26 - [TEST_STEP][PASSED] - fullFlow = true: null

2020-11-11 09:11:26 - [TEST_STEP][PASSED] - strGlbDate = tgl: null

2020-11-11 09:11:26 - [TEST_STEP][PASSED] - strGlbStatus = "": null

2020-11-11 09:11:26 - [TEST_STEP][PASSED] - strGlbKeterangan = "": null

2020-11-11 09:11:26 - [TEST_STEP][PASSED] - strGlbCrash = false: null

2020-11-11 09:11:26 - [TEST_STEP][PASSED] - strGlbAlamat = false: null

2020-11-11 09:11:26 - [TEST_STEP][PASSED] - strGlbNomor = 1: null

2020-11-11 09:11:26 - [TEST_STEP][PASSED] - strGlbNumImage = 0: null

2020-11-11 09:11:26 - [TEST_STEP][PASSED] - runTime = StopWatch.createStarted(): null

2020-11-11 09:11:26 - [TEST_STEP][PASSED] - getLastRow = findTestData("dt-2/dt_APK").getRowNumbers(): null

2020-11-11 09:11:26 - [TEST_STEP][PASSED] - for (int excelRow : (1..getLastRow)): comparePS.KeywordPS.callStatus is PASSED

2020-11-11 09:11:26 - [TEST_STEP][PASSED] - runTime.reset(): null

2020-11-11 09:11:26 - [TEST_STEP][PASSED] - runTime.start(): null

2020-11-11 09:11:26 - [TEST_STEP][PASSED] - dataCompareAPK2 = findTestData("dt-2/dt_APK"): null

2020-11-11 09:11:26 - [TEST_STEP][PASSED] - strNoAPK2 = dataCompareAPK2.getValue("NO", excelRow): null

2020-11-11 09:11:26 - [TEST_STEP][PASSED] - comparePS.ProposalASL1.ComparePS(strNoAPK2, excelRow): comparePS.ProposalASL1.ComparePS is PASSED

2020-11-11 09:11:26 - [MESSAGE][PASSED] - comparePS.ProposalASL1.ComparePS is PASSED

2020-11-11 09:11:26 - [TEST_STEP][PASSED] - comparePS.KeywordPS.callStatus(strNoAPK2, "sheetAPK2", 17): comparePS.KeywordPS.callStatus is PASSED

2020-11-11 09:11:27 - [MESSAGE][PASSED] - comparePS.KeywordPS.callStatus is PASSED

2020-11-11 09:11:27 - [TEST_STEP][PASSED] - runTime.reset(): null

2020-11-11 09:11:27 - [TEST_STEP][PASSED] - runTime.start(): null

2020-11-11 09:11:27 - [TEST_STEP][PASSED] - dataCompareAPK2 = findTestData("dt-2/dt_APK"): null

2020-11-11 09:11:27 - [TEST_STEP][PASSED] - strNoAPK2 = dataCompareAPK2.getValue("NO", excelRow): null

2020-11-11 09:11:27 - [TEST_STEP][PASSED] - comparePS.ProposalASL1.ComparePS(strNoAPK2, excelRow): comparePS.ProposalASL1.ComparePS is PASSED

2020-11-11 09:11:27 - [MESSAGE][PASSED] - comparePS.ProposalASL1.ComparePS is PASSED

2020-11-11 09:11:27 - [TEST_STEP][PASSED] - comparePS.KeywordPS.callStatus(strNoAPK2, "sheetAPK2", 17): comparePS.KeywordPS.callStatus is PASSED

2020-11-11 09:11:27 - [MESSAGE][PASSED] - comparePS.KeywordPS.callStatus is PASSED

2020-11-11 09:11:27 - [TEST_STEP][PASSED] - runTime.reset(): null

2020-11-11 09:11:27 - [TEST_STEP][PASSED] - runTime.start(): null

2020-11-11 09:11:27 - [TEST_STEP][PASSED] - dataCompareAPK2 = findTestData("dt-2/dt_APK"): null

2020-11-11 09:11:27 - [TEST_STEP][PASSED] - strNoAPK2 = dataCompareAPK2.getValue("NO", excelRow): null

2020-11-11 09:11:27 - [TEST_STEP][PASSED] - comparePS.ProposalASL1.ComparePS(strNoAPK2, excelRow): comparePS.ProposalASL1.ComparePS is PASSED

2020-11-11 09:11:27 - [MESSAGE][PASSED] - comparePS.ProposalASL1.ComparePS is PASSED

2020-11-11 09:11:27 - [TEST_STEP][PASSED] - comparePS.KeywordPS.callStatus(strNoAPK2, "sheetAPK2", 17): comparePS.KeywordPS.callStatus is PASSED

2020-11-11 09:11:27 - [MESSAGE][PASSED] - comparePS.KeywordPS.callStatus is PASSED

2020-11-11 09:11:27 - [TEST_STEP][PASSED] - runTime.reset(): null

2020-11-11 09:11:27 - [TEST_STEP][PASSED] - runTime.start(): null

2020-11-11 09:11:27 - [TEST_STEP][PASSED] - dataCompareAPK2 = findTestData("dt-2/dt_APK"): null

2020-11-11 09:11:27 - [TEST_STEP][PASSED] - strNoAPK2 = dataCompareAPK2.getValue("NO", excelRow): null

2020-11-11 09:11:27 - [TEST_STEP][PASSED] - comparePS.ProposalASL1.ComparePS(strNoAPK2, excelRow): comparePS.ProposalASL1.ComparePS is PASSED

2020-11-11 09:11:27 - [MESSAGE][PASSED] - comparePS.ProposalASL1.ComparePS is PASSED

2020-11-11 09:11:27 - [TEST_STEP][PASSED] - comparePS.KeywordPS.callStatus(strNoAPK2, "sheetAPK2", 17): comparePS.KeywordPS.callStatus is PASSED

2020-11-11 09:11:27 - [MESSAGE][PASSED] - comparePS.KeywordPS.callStatus is PASSED

2020-11-11 09:11:27 - [TEST_STEP][PASSED] - runTime.reset(): null

2020-11-11 09:11:27 - [TEST_STEP][PASSED] - runTime.start(): null

2020-11-11 09:11:27 - [TEST_STEP][PASSED] - dataCompareAPK2 = findTestData("dt-2/dt_APK"): null

2020-11-11 09:11:27 - [TEST_STEP][PASSED] - strNoAPK2 = dataCompareAPK2.getValue("NO", excelRow): null

2020-11-11 09:11:27 - [TEST_STEP][PASSED] - comparePS.ProposalASL1.ComparePS(strNoAPK2, excelRow): comparePS.ProposalASL1.ComparePS is PASSED

2020-11-11 09:11:27 - [MESSAGE][PASSED] - comparePS.ProposalASL1.ComparePS is PASSED

2020-11-11 09:11:27 - [TEST_STEP][PASSED] - comparePS.KeywordPS.callStatus(strNoAPK2, "sheetAPK2", 17): comparePS.KeywordPS.callStatus is PASSED

2020-11-11 09:11:28 - [MESSAGE][PASSED] - comparePS.KeywordPS.callStatus is PASSED

2020-11-11 09:11:28 - [TEST_STEP][PASSED] - runTime.reset(): null

2020-11-11 09:11:28 - [TEST_STEP][PASSED] - runTime.start(): null

2020-11-11 09:11:28 - [TEST_STEP][PASSED] - dataCompareAPK2 = findTestData("dt-2/dt_APK"): null

2020-11-11 09:11:28 - [TEST_STEP][PASSED] - strNoAPK2 = dataCompareAPK2.getValue("NO", excelRow): null

2020-11-11 09:11:28 - [TEST_STEP][PASSED] - comparePS.ProposalASL1.ComparePS(strNoAPK2, excelRow): comparePS.ProposalASL1.ComparePS is PASSED

2020-11-11 09:11:28 - [MESSAGE][PASSED] - comparePS.ProposalASL1.ComparePS is PASSED

2020-11-11 09:11:28 - [TEST_STEP][PASSED] - comparePS.KeywordPS.callStatus(strNoAPK2, "sheetAPK2", 17): comparePS.KeywordPS.callStatus is PASSED

2020-11-11 09:11:28 - [MESSAGE][PASSED] - comparePS.KeywordPS.callStatus is PASSED

2020-11-11 09:11:28 - [TEST_STEP][PASSED] - runTime.reset(): null

2020-11-11 09:11:28 - [TEST_STEP][PASSED] - runTime.start(): null

2020-11-11 09:11:28 - [TEST_STEP][PASSED] - dataCompareAPK2 = findTestData("dt-2/dt_APK"): null

2020-11-11 09:11:28 - [TEST_STEP][PASSED] - strNoAPK2 = dataCompareAPK2.getValue("NO", excelRow): null

2020-11-11 09:11:28 - [TEST_STEP][PASSED] - comparePS.ProposalASL1.ComparePS(strNoAPK2, excelRow): comparePS.ProposalASL1.ComparePS is PASSED

2020-11-11 09:11:28 - [MESSAGE][PASSED] - comparePS.ProposalASL1.ComparePS is PASSED

2020-11-11 09:11:28 - [TEST_STEP][PASSED] - comparePS.KeywordPS.callStatus(strNoAPK2, "sheetAPK2", 17): comparePS.KeywordPS.callStatus is PASSED

2020-11-11 09:11:28 - [MESSAGE][PASSED] - comparePS.KeywordPS.callStatus is PASSED

2020-11-11 09:11:28 - [TEST_STEP][PASSED] - runTime.reset(): null

2020-11-11 09:11:28 - [TEST_STEP][PASSED] - runTime.start(): null

2020-11-11 09:11:28 - [TEST_STEP][PASSED] - dataCompareAPK2 = findTestData("dt-2/dt_APK"): null

2020-11-11 09:11:28 - [TEST_STEP][PASSED] - strNoAPK2 = dataCompareAPK2.getValue("NO", excelRow): null

2020-11-11 09:11:28 - [TEST_STEP][PASSED] - comparePS.ProposalASL1.ComparePS(strNoAPK2, excelRow): comparePS.ProposalASL1.ComparePS is PASSED

2020-11-11 09:11:28 - [MESSAGE][PASSED] - comparePS.ProposalASL1.ComparePS is PASSED

2020-11-11 09:11:28 - [TEST_STEP][PASSED] - comparePS.KeywordPS.callStatus(strNoAPK2, "sheetAPK2", 17): comparePS.KeywordPS.callStatus is PASSED

2020-11-11 09:11:29 - [MESSAGE][PASSED] - comparePS.KeywordPS.callStatus is PASSED

2020-11-11 09:11:29 - [TEST_STEP][PASSED] - runTime.reset(): null

2020-11-11 09:11:29 - [TEST_STEP][PASSED] - runTime.start(): null

2020-11-11 09:11:29 - [TEST_STEP][PASSED] - dataCompareAPK2 = findTestData("dt-2/dt_APK"): null

2020-11-11 09:11:29 - [TEST_STEP][PASSED] - strNoAPK2 = dataCompareAPK2.getValue("NO", excelRow): null

2020-11-11 09:11:29 - [TEST_STEP][PASSED] - comparePS.ProposalASL1.ComparePS(strNoAPK2, excelRow): comparePS.ProposalASL1.ComparePS is PASSED

2020-11-11 09:11:29 - [MESSAGE][PASSED] - comparePS.ProposalASL1.ComparePS is PASSED

2020-11-11 09:11:29 - [TEST_STEP][PASSED] - comparePS.KeywordPS.callStatus(strNoAPK2, "sheetAPK2", 17): comparePS.KeywordPS.callStatus is PASSED

2020-11-11 09:11:29 - [MESSAGE][PASSED] - comparePS.KeywordPS.callStatus is PASSED

2020-11-11 09:11:29 - [TEST_STEP][PASSED] - runTime.reset(): null

2020-11-11 09:11:29 - [TEST_STEP][PASSED] - runTime.start(): null

2020-11-11 09:11:29 - [TEST_STEP][PASSED] - dataCompareAPK2 = findTestData("dt-2/dt_APK"): null

2020-11-11 09:11:29 - [TEST_STEP][PASSED] - strNoAPK2 = dataCompareAPK2.getValue("NO", excelRow): null

2020-11-11 09:11:29 - [TEST_STEP][PASSED] - comparePS.ProposalASL1.ComparePS(strNoAPK2, excelRow): comparePS.ProposalASL1.ComparePS is PASSED

2020-11-11 09:11:29 - [MESSAGE][PASSED] - comparePS.ProposalASL1.ComparePS is PASSED

2020-11-11 09:11:29 - [TEST_STEP][PASSED] - comparePS.KeywordPS.callStatus(strNoAPK2, "sheetAPK2", 17): comparePS.KeywordPS.callStatus is PASSED

2020-11-11 09:11:29 - [MESSAGE][PASSED] - comparePS.KeywordPS.callStatus is PASSED

2020-11-11 09:11:29 - [TEST_STEP][PASSED] - runTime.reset(): null

2020-11-11 09:11:29 - [TEST_STEP][PASSED] - runTime.start(): null

2020-11-11 09:11:29 - [TEST_STEP][PASSED] - dataCompareAPK2 = findTestData("dt-2/dt_APK"): null

2020-11-11 09:11:29 - [TEST_STEP][PASSED] - strNoAPK2 = dataCompareAPK2.getValue("NO", excelRow): null

2020-11-11 09:11:29 - [TEST_STEP][PASSED] - comparePS.ProposalASL1.ComparePS(strNoAPK2, excelRow): comparePS.ProposalASL1.ComparePS is PASSED

2020-11-11 09:11:29 - [MESSAGE][PASSED] - comparePS.ProposalASL1.ComparePS is PASSED

2020-11-11 09:11:29 - [TEST_STEP][PASSED] - comparePS.KeywordPS.callStatus(strNoAPK2, "sheetAPK2", 17): comparePS.KeywordPS.callStatus is PASSED

2020-11-11 09:11:29 - [MESSAGE][PASSED] - comparePS.KeywordPS.callStatus is PASSED

2020-11-11 09:11:29 - [TEST_STEP][PASSED] - runTime.reset(): null

2020-11-11 09:11:29 - [TEST_STEP][PASSED] - runTime.start(): null

2020-11-11 09:11:29 - [TEST_STEP][PASSED] - dataCompareAPK2 = findTestData("dt-2/dt_APK"): null

2020-11-11 09:11:29 - [TEST_STEP][PASSED] - strNoAPK2 = dataCompareAPK2.getValue("NO", excelRow): null

2020-11-11 09:11:29 - [TEST_STEP][PASSED] - comparePS.ProposalASL1.ComparePS(strNoAPK2, excelRow): comparePS.ProposalASL1.ComparePS is PASSED

2020-11-11 09:11:30 - [MESSAGE][PASSED] - comparePS.ProposalASL1.ComparePS is PASSED

2020-11-11 09:11:30 - [TEST_STEP][PASSED] - comparePS.KeywordPS.callStatus(strNoAPK2, "sheetAPK2", 17): comparePS.KeywordPS.callStatus is PASSED

2020-11-11 09:11:30 - [MESSAGE][PASSED] - comparePS.KeywordPS.callStatus is PASSED

2020-11-11 09:11:30 - [TEST_STEP][PASSED] - runTime.reset(): null

2020-11-11 09:11:30 - [TEST_STEP][PASSED] - runTime.start(): null

2020-11-11 09:11:30 - [TEST_STEP][PASSED] - dataCompareAPK2 = findTestData("dt-2/dt_APK"): null

2020-11-11 09:11:30 - [TEST_STEP][PASSED] - strNoAPK2 = dataCompareAPK2.getValue("NO", excelRow): null

2020-11-11 09:11:30 - [TEST_STEP][PASSED] - comparePS.ProposalASL1.ComparePS(strNoAPK2, excelRow): comparePS.ProposalASL1.ComparePS is PASSED

2020-11-11 09:11:30 - [MESSAGE][PASSED] - comparePS.ProposalASL1.ComparePS is PASSED

2020-11-11 09:11:30 - [TEST_STEP][PASSED] - comparePS.KeywordPS.callStatus(strNoAPK2, "sheetAPK2", 17): comparePS.KeywordPS.callStatus is PASSED

2020-11-11 09:11:30 - [MESSAGE][PASSED] - comparePS.KeywordPS.callStatus is PASSED

2020-11-11 09:11:30 - [TEST_STEP][PASSED] - runTime.reset(): null

2020-11-11 09:11:30 - [TEST_STEP][PASSED] - runTime.start(): null

2020-11-11 09:11:30 - [TEST_STEP][PASSED] - dataCompareAPK2 = findTestData("dt-2/dt_APK"): null

2020-11-11 09:11:30 - [TEST_STEP][PASSED] - strNoAPK2 = dataCompareAPK2.getValue("NO", excelRow): null

2020-11-11 09:11:30 - [TEST_STEP][PASSED] - comparePS.ProposalASL1.ComparePS(strNoAPK2, excelRow): comparePS.ProposalASL1.ComparePS is PASSED

2020-11-11 09:11:31 - [MESSAGE][PASSED] - comparePS.ProposalASL1.ComparePS is PASSED

2020-11-11 09:11:31 - [TEST_STEP][PASSED] - comparePS.KeywordPS.callStatus(strNoAPK2, "sheetAPK2", 17): comparePS.KeywordPS.callStatus is PASSED

2020-11-11 09:11:31 - [MESSAGE][PASSED] - comparePS.KeywordPS.callStatus is PASSED

2020-11-11 09:11:31 - [TEST_STEP][PASSED] - runTime.reset(): null

2020-11-11 09:11:31 - [TEST_STEP][PASSED] - runTime.start(): null

2020-11-11 09:11:31 - [TEST_STEP][PASSED] - dataCompareAPK2 = findTestData("dt-2/dt_APK"): null

2020-11-11 09:11:31 - [TEST_STEP][PASSED] - strNoAPK2 = dataCompareAPK2.getValue("NO", excelRow): null

2020-11-11 09:11:31 - [TEST_STEP][PASSED] - comparePS.ProposalASL1.ComparePS(strNoAPK2, excelRow): comparePS.ProposalASL1.ComparePS is PASSED

2020-11-11 09:11:31 - [MESSAGE][PASSED] - comparePS.ProposalASL1.ComparePS is PASSED

2020-11-11 09:11:31 - [TEST_STEP][PASSED] - comparePS.KeywordPS.callStatus(strNoAPK2, "sheetAPK2", 17): comparePS.KeywordPS.callStatus is PASSED

2020-11-11 09:11:31 - [MESSAGE][PASSED] - comparePS.KeywordPS.callStatus is PASSED

2020-11-11 09:11:31 - [TEST_STEP][PASSED] - runTime.reset(): null

2020-11-11 09:11:31 - [TEST_STEP][PASSED] - runTime.start(): null

2020-11-11 09:11:31 - [TEST_STEP][PASSED] - dataCompareAPK2 = findTestData("dt-2/dt_APK"): null

2020-11-11 09:11:31 - [TEST_STEP][PASSED] - strNoAPK2 = dataCompareAPK2.getValue("NO", excelRow): null

2020-11-11 09:11:31 - [TEST_STEP][PASSED] - comparePS.ProposalASL1.ComparePS(strNoAPK2, excelRow): comparePS.ProposalASL1.ComparePS is PASSED

2020-11-11 09:11:32 - [MESSAGE][PASSED] - comparePS.ProposalASL1.ComparePS is PASSED

2020-11-11 09:11:32 - [TEST_STEP][PASSED] - comparePS.KeywordPS.callStatus(strNoAPK2, "sheetAPK2", 17): comparePS.KeywordPS.callStatus is PASSED

2020-11-11 09:11:32 - [MESSAGE][PASSED] - comparePS.KeywordPS.callStatus is PASSED

2020-11-11 09:11:32 - [TEST_STEP][PASSED] - runTime.reset(): null

2020-11-11 09:11:32 - [TEST_STEP][PASSED] - runTime.start(): null

2020-11-11 09:11:32 - [TEST_STEP][PASSED] - dataCompareAPK2 = findTestData("dt-2/dt_APK"): null

2020-11-11 09:11:32 - [TEST_STEP][PASSED] - strNoAPK2 = dataCompareAPK2.getValue("NO", excelRow): null

2020-11-11 09:11:32 - [TEST_STEP][PASSED] - comparePS.ProposalASL1.ComparePS(strNoAPK2, excelRow): comparePS.ProposalASL1.ComparePS is PASSED

2020-11-11 09:11:32 - [MESSAGE][PASSED] - comparePS.ProposalASL1.ComparePS is PASSED

2020-11-11 09:11:32 - [TEST_STEP][PASSED] - comparePS.KeywordPS.callStatus(strNoAPK2, "sheetAPK2", 17): comparePS.KeywordPS.callStatus is PASSED

2020-11-11 09:11:32 - [MESSAGE][PASSED] - comparePS.KeywordPS.callStatus is PASSED

2020-11-11 09:11:32 - [TEST_STEP][PASSED] - runTime.reset(): null

2020-11-11 09:11:32 - [TEST_STEP][PASSED] - runTime.start(): null

2020-11-11 09:11:32 - [TEST_STEP][PASSED] - dataCompareAPK2 = findTestData("dt-2/dt_APK"): null

2020-11-11 09:11:32 - [TEST_STEP][PASSED] - strNoAPK2 = dataCompareAPK2.getValue("NO", excelRow): null

2020-11-11 09:11:32 - [TEST_STEP][PASSED] - comparePS.ProposalASL1.ComparePS(strNoAPK2, excelRow): comparePS.ProposalASL1.ComparePS is PASSED

2020-11-11 09:11:33 - [MESSAGE][PASSED] - comparePS.ProposalASL1.ComparePS is PASSED

2020-11-11 09:11:33 - [TEST_STEP][PASSED] - comparePS.KeywordPS.callStatus(strNoAPK2, "sheetAPK2", 17): comparePS.KeywordPS.callStatus is PASSED

2020-11-11 09:11:33 - [MESSAGE][PASSED] - comparePS.KeywordPS.callStatus is PASSED

2020-11-11 09:11:33 - [TEST_STEP][PASSED] - runTime.reset(): null

2020-11-11 09:11:33 - [TEST_STEP][PASSED] - runTime.start(): null

2020-11-11 09:11:33 - [TEST_STEP][PASSED] - dataCompareAPK2 = findTestData("dt-2/dt_APK"): null

2020-11-11 09:11:33 - [TEST_STEP][PASSED] - strNoAPK2 = dataCompareAPK2.getValue("NO", excelRow): null

2020-11-11 09:11:33 - [TEST_STEP][PASSED] - comparePS.ProposalASL1.ComparePS(strNoAPK2, excelRow): comparePS.ProposalASL1.ComparePS is PASSED

2020-11-11 09:11:34 - [MESSAGE][PASSED] - comparePS.ProposalASL1.ComparePS is PASSED

2020-11-11 09:11:34 - [TEST_STEP][PASSED] - comparePS.KeywordPS.callStatus(strNoAPK2, "sheetAPK2", 17): comparePS.KeywordPS.callStatus is PASSED

2020-11-11 09:11:34 - [MESSAGE][PASSED] - comparePS.KeywordPS.callStatus is PASSED

2020-11-11 09:11:34 - [TEST_STEP][PASSED] - runTime.reset(): null

2020-11-11 09:11:34 - [TEST_STEP][PASSED] - runTime.start(): null

2020-11-11 09:11:34 - [TEST_STEP][PASSED] - dataCompareAPK2 = findTestData("dt-2/dt_APK"): null

2020-11-11 09:11:34 - [TEST_STEP][PASSED] - strNoAPK2 = dataCompareAPK2.getValue("NO", excelRow): null

2020-11-11 09:11:34 - [TEST_STEP][PASSED] - comparePS.ProposalASL1.ComparePS(strNoAPK2, excelRow): comparePS.ProposalASL1.ComparePS is PASSED

2020-11-11 09:11:34 - [MESSAGE][PASSED] - comparePS.ProposalASL1.ComparePS is PASSED

2020-11-11 09:11:34 - [TEST_STEP][PASSED] - comparePS.KeywordPS.callStatus(strNoAPK2, "sheetAPK2", 17): comparePS.KeywordPS.callStatus is PASSED

2020-11-11 09:11:34 - [MESSAGE][PASSED] - comparePS.KeywordPS.callStatus is PASSED

2020-11-11 09:11:34 - [TEST_STEP][PASSED] - runTime.reset(): null

2020-11-11 09:11:34 - [TEST_STEP][PASSED] - runTime.start(): null

2020-11-11 09:11:34 - [TEST_STEP][PASSED] - dataCompareAPK2 = findTestData("dt-2/dt_APK"): null

2020-11-11 09:11:34 - [TEST_STEP][PASSED] - strNoAPK2 = dataCompareAPK2.getValue("NO", excelRow): null

2020-11-11 09:11:34 - [TEST_STEP][PASSED] - comparePS.ProposalASL1.ComparePS(strNoAPK2, excelRow): comparePS.ProposalASL1.ComparePS is PASSED

2020-11-11 09:11:34 - [MESSAGE][PASSED] - comparePS.ProposalASL1.ComparePS is PASSED

2020-11-11 09:11:34 - [TEST_STEP][PASSED] - comparePS.KeywordPS.callStatus(strNoAPK2, "sheetAPK2", 17): comparePS.KeywordPS.callStatus is PASSED

2020-11-11 09:11:34 - [MESSAGE][PASSED] - comparePS.KeywordPS.callStatus is PASSED

2020-11-11 09:11:34 - [TEST_STEP][PASSED] - runTime.reset(): null

2020-11-11 09:11:34 - [TEST_STEP][PASSED] - runTime.start(): null

2020-11-11 09:11:34 - [TEST_STEP][PASSED] - dataCompareAPK2 = findTestData("dt-2/dt_APK"): null

2020-11-11 09:11:35 - [TEST_STEP][PASSED] - strNoAPK2 = dataCompareAPK2.getValue("NO", excelRow): null

2020-11-11 09:11:35 - [TEST_STEP][PASSED] - comparePS.ProposalASL1.ComparePS(strNoAPK2, excelRow): comparePS.ProposalASL1.ComparePS is PASSED

2020-11-11 09:11:35 - [MESSAGE][PASSED] - comparePS.ProposalASL1.ComparePS is PASSED

2020-11-11 09:11:35 - [TEST_STEP][PASSED] - comparePS.KeywordPS.callStatus(strNoAPK2, "sheetAPK2", 17): comparePS.KeywordPS.callStatus is PASSED

2020-11-11 09:11:35 - [MESSAGE][PASSED] - comparePS.KeywordPS.callStatus is PASSED

2020-11-11 09:11:35 - [TEST_STEP][PASSED] - runTime.reset(): null

2020-11-11 09:11:35 - [TEST_STEP][PASSED] - runTime.start(): null

2020-11-11 09:11:35 - [TEST_STEP][PASSED] - dataCompareAPK2 = findTestData("dt-2/dt_APK"): null

2020-11-11 09:11:35 - [TEST_STEP][PASSED] - strNoAPK2 = dataCompareAPK2.getValue("NO", excelRow): null

2020-11-11 09:11:35 - [TEST_STEP][PASSED] - comparePS.ProposalASL1.ComparePS(strNoAPK2, excelRow): comparePS.ProposalASL1.ComparePS is PASSED

2020-11-11 09:11:35 - [MESSAGE][PASSED] - comparePS.ProposalASL1.ComparePS is PASSED

2020-11-11 09:11:35 - [TEST_STEP][PASSED] - comparePS.KeywordPS.callStatus(strNoAPK2, "sheetAPK2", 17): comparePS.KeywordPS.callStatus is PASSED

2020-11-11 09:11:35 - [MESSAGE][PASSED] - comparePS.KeywordPS.callStatus is PASSED

2020-11-11 09:11:35 - [TEST_STEP][PASSED] - runTime.reset(): null

2020-11-11 09:11:35 - [TEST_STEP][PASSED] - runTime.start(): null

2020-11-11 09:11:35 - [TEST_STEP][PASSED] - dataCompareAPK2 = findTestData("dt-2/dt_APK"): null

2020-11-11 09:11:35 - [TEST_STEP][PASSED] - strNoAPK2 = dataCompareAPK2.getValue("NO", excelRow): null

2020-11-11 09:11:35 - [TEST_STEP][PASSED] - comparePS.ProposalASL1.ComparePS(strNoAPK2, excelRow): comparePS.ProposalASL1.ComparePS is PASSED

2020-11-11 09:11:35 - [MESSAGE][PASSED] - comparePS.ProposalASL1.ComparePS is PASSED

2020-11-11 09:11:35 - [TEST_STEP][PASSED] - comparePS.KeywordPS.callStatus(strNoAPK2, "sheetAPK2", 17): comparePS.KeywordPS.callStatus is PASSED

2020-11-11 09:11:35 - [MESSAGE][PASSED] - comparePS.KeywordPS.callStatus is PASSED

2020-11-11 09:11:35 - [TEST_STEP][PASSED] - runTime.reset(): null

2020-11-11 09:11:35 - [TEST_STEP][PASSED] - runTime.start(): null

2020-11-11 09:11:35 - [TEST_STEP][PASSED] - dataCompareAPK2 = findTestData("dt-2/dt_APK"): null

2020-11-11 09:11:36 - [TEST_STEP][PASSED] - strNoAPK2 = dataCompareAPK2.getValue("NO", excelRow): null

2020-11-11 09:11:36 - [TEST_STEP][PASSED] - comparePS.ProposalASL1.ComparePS(strNoAPK2, excelRow): comparePS.ProposalASL1.ComparePS is PASSED

2020-11-11 09:11:36 - [MESSAGE][PASSED] - comparePS.ProposalASL1.ComparePS is PASSED

2020-11-11 09:11:36 - [TEST_STEP][PASSED] - comparePS.KeywordPS.callStatus(strNoAPK2, "sheetAPK2", 17): comparePS.KeywordPS.callStatus is PASSED

2020-11-11 09:11:36 - [MESSAGE][PASSED] - comparePS.KeywordPS.callStatus is PASSED

2020-11-11 09:11:36 - [TEST_STEP][PASSED] - runTime.reset(): null

2020-11-11 09:11:36 - [TEST_STEP][PASSED] - runTime.start(): null

2020-11-11 09:11:36 - [TEST_STEP][PASSED] - dataCompareAPK2 = findTestData("dt-2/dt_APK"): null

2020-11-11 09:11:36 - [TEST_STEP][PASSED] - strNoAPK2 = dataCompareAPK2.getValue("NO", excelRow): null

2020-11-11 09:11:36 - [TEST_STEP][PASSED] - comparePS.ProposalASL1.ComparePS(strNoAPK2, excelRow): comparePS.ProposalASL1.ComparePS is PASSED

2020-11-11 09:11:36 - [MESSAGE][PASSED] - comparePS.ProposalASL1.ComparePS is PASSED

2020-11-11 09:11:36 - [TEST_STEP][PASSED] - comparePS.KeywordPS.callStatus(strNoAPK2, "sheetAPK2", 17): comparePS.KeywordPS.callStatus is PASSED

2020-11-11 09:11:36 - [MESSAGE][PASSED] - comparePS.KeywordPS.callStatus is PASSED

2020-11-11 09:11:36 - [TEST_STEP][PASSED] - runTime.reset(): null

2020-11-11 09:11:36 - [TEST_STEP][PASSED] - runTime.start(): null

2020-11-11 09:11:36 - [TEST_STEP][PASSED] - dataCompareAPK2 = findTestData("dt-2/dt_APK"): null

2020-11-11 09:11:36 - [TEST_STEP][PASSED] - strNoAPK2 = dataCompareAPK2.getValue("NO", excelRow): null

2020-11-11 09:11:36 - [TEST_STEP][PASSED] - comparePS.ProposalASL1.ComparePS(strNoAPK2, excelRow): comparePS.ProposalASL1.ComparePS is PASSED

2020-11-11 09:11:36 - [MESSAGE][PASSED] - comparePS.ProposalASL1.ComparePS is PASSED

2020-11-11 09:11:36 - [TEST_STEP][PASSED] - comparePS.KeywordPS.callStatus(strNoAPK2, "sheetAPK2", 17): comparePS.KeywordPS.callStatus is PASSED

2020-11-11 09:11:37 - [MESSAGE][PASSED] - comparePS.KeywordPS.callStatus is PASSED

2020-11-11 09:11:37 - [TEST_STEP][PASSED] - runTime.reset(): null

2020-11-11 09:11:37 - [TEST_STEP][PASSED] - runTime.start(): null

2020-11-11 09:11:37 - [TEST_STEP][PASSED] - dataCompareAPK2 = findTestData("dt-2/dt_APK"): null

2020-11-11 09:11:37 - [TEST_STEP][PASSED] - strNoAPK2 = dataCompareAPK2.getValue("NO", excelRow): null

2020-11-11 09:11:37 - [TEST_STEP][PASSED] - comparePS.ProposalASL1.ComparePS(strNoAPK2, excelRow): comparePS.ProposalASL1.ComparePS is PASSED

2020-11-11 09:11:37 - [MESSAGE][PASSED] - comparePS.ProposalASL1.ComparePS is PASSED

2020-11-11 09:11:37 - [TEST_STEP][PASSED] - comparePS.KeywordPS.callStatus(strNoAPK2, "sheetAPK2", 17): comparePS.KeywordPS.callStatus is PASSED

2020-11-11 09:11:37 - [MESSAGE][PASSED] - comparePS.KeywordPS.callStatus is PASSED

2020-11-11 09:11:37 - [TEST_STEP][PASSED] - runTime.reset(): null

2020-11-11 09:11:37 - [TEST_STEP][PASSED] - runTime.start(): null

2020-11-11 09:11:37 - [TEST_STEP][PASSED] - dataCompareAPK2 = findTestData("dt-2/dt_APK"): null

2020-11-11 09:11:37 - [TEST_STEP][PASSED] - strNoAPK2 = dataCompareAPK2.getValue("NO", excelRow): null

2020-11-11 09:11:37 - [TEST_STEP][PASSED] - comparePS.ProposalASL1.ComparePS(strNoAPK2, excelRow): comparePS.ProposalASL1.ComparePS is PASSED

2020-11-11 09:11:37 - [MESSAGE][PASSED] - comparePS.ProposalASL1.ComparePS is PASSED

2020-11-11 09:11:37 - [TEST_STEP][PASSED] - comparePS.KeywordPS.callStatus(strNoAPK2, "sheetAPK2", 17): comparePS.KeywordPS.callStatus is PASSED

2020-11-11 09:11:37 - [MESSAGE][PASSED] - comparePS.KeywordPS.callStatus is PASSED

2020-11-11 09:11:37 - [TEST_STEP][PASSED] - runTime.reset(): null

2020-11-11 09:11:37 - [TEST_STEP][PASSED] - runTime.start(): null

2020-11-11 09:11:37 - [TEST_STEP][PASSED] - dataCompareAPK2 = findTestData("dt-2/dt_APK"): null

2020-11-11 09:11:37 - [TEST_STEP][PASSED] - strNoAPK2 = dataCompareAPK2.getValue("NO", excelRow): null

2020-11-11 09:11:37 - [TEST_STEP][PASSED] - comparePS.ProposalASL1.ComparePS(strNoAPK2, excelRow): comparePS.ProposalASL1.ComparePS is PASSED

2020-11-11 09:11:38 - [MESSAGE][PASSED] - comparePS.ProposalASL1.ComparePS is PASSED

2020-11-11 09:11:38 - [TEST_STEP][PASSED] - comparePS.KeywordPS.callStatus(strNoAPK2, "sheetAPK2", 17): comparePS.KeywordPS.callStatus is PASSED

2020-11-11 09:11:38 - [MESSAGE][PASSED] - comparePS.KeywordPS.callStatus is PASSED

2020-11-11 09:11:38 - [TEST_STEP][PASSED] - runTime.reset(): null

2020-11-11 09:11:38 - [TEST_STEP][PASSED] - runTime.start(): null

2020-11-11 09:11:38 - [TEST_STEP][PASSED] - dataCompareAPK2 = findTestData("dt-2/dt_APK"): null

2020-11-11 09:11:38 - [TEST_STEP][PASSED] - strNoAPK2 = dataCompareAPK2.getValue("NO", excelRow): null

2020-11-11 09:11:38 - [TEST_STEP][PASSED] - comparePS.ProposalASL1.ComparePS(strNoAPK2, excelRow): comparePS.ProposalASL1.ComparePS is PASSED

2020-11-11 09:11:38 - [MESSAGE][PASSED] - comparePS.ProposalASL1.ComparePS is PASSED

2020-11-11 09:11:38 - [TEST_STEP][PASSED] - comparePS.KeywordPS.callStatus(strNoAPK2, "sheetAPK2", 17): comparePS.KeywordPS.callStatus is PASSED

2020-11-11 09:11:38 - [MESSAGE][PASSED] - comparePS.KeywordPS.callStatus is PASSED

2020-11-11 09:11:38 - [TEST_STEP][PASSED] - runTime.reset(): null

2020-11-11 09:11:38 - [TEST_STEP][PASSED] - runTime.start(): null

2020-11-11 09:11:38 - [TEST_STEP][PASSED] - dataCompareAPK2 = findTestData("dt-2/dt_APK"): null

2020-11-11 09:11:38 - [TEST_STEP][PASSED] - strNoAPK2 = dataCompareAPK2.getValue("NO", excelRow): null

2020-11-11 09:11:38 - [TEST_STEP][PASSED] - comparePS.ProposalASL1.ComparePS(strNoAPK2, excelRow): comparePS.ProposalASL1.ComparePS is PASSED

2020-11-11 09:11:39 - [MESSAGE][PASSED] - comparePS.ProposalASL1.ComparePS is PASSED

2020-11-11 09:11:39 - [TEST_STEP][PASSED] - comparePS.KeywordPS.callStatus(strNoAPK2, "sheetAPK2", 17): comparePS.KeywordPS.callStatus is PASSED

2020-11-11 09:11:39 - [MESSAGE][PASSED] - comparePS.KeywordPS.callStatus is PASSED

2020-11-11 09:11:39 - [TEST_STEP][PASSED] - runTime.reset(): null

2020-11-11 09:11:39 - [TEST_STEP][PASSED] - runTime.start(): null

2020-11-11 09:11:39 - [TEST_STEP][PASSED] - dataCompareAPK2 = findTestData("dt-2/dt_APK"): null

2020-11-11 09:11:39 - [TEST_STEP][PASSED] - strNoAPK2 = dataCompareAPK2.getValue("NO", excelRow): null

2020-11-11 09:11:39 - [TEST_STEP][PASSED] - comparePS.ProposalASL1.ComparePS(strNoAPK2, excelRow): comparePS.ProposalASL1.ComparePS is PASSED

2020-11-11 09:11:39 - [MESSAGE][PASSED] - comparePS.ProposalASL1.ComparePS is PASSED

2020-11-11 09:11:39 - [TEST_STEP][PASSED] - comparePS.KeywordPS.callStatus(strNoAPK2, "sheetAPK2", 17): comparePS.KeywordPS.callStatus is PASSED

2020-11-11 09:11:39 - [MESSAGE][PASSED] - comparePS.KeywordPS.callStatus is PASSED

2020-11-11 09:11:39 - [TEST_STEP][PASSED] - runTime.reset(): null

2020-11-11 09:11:39 - [TEST_STEP][PASSED] - runTime.start(): null

2020-11-11 09:11:39 - [TEST_STEP][PASSED] - dataCompareAPK2 = findTestData("dt-2/dt_APK"): null

2020-11-11 09:11:39 - [TEST_STEP][PASSED] - strNoAPK2 = dataCompareAPK2.getValue("NO", excelRow): null

2020-11-11 09:11:39 - [TEST_STEP][PASSED] - comparePS.ProposalASL1.ComparePS(strNoAPK2, excelRow): comparePS.ProposalASL1.ComparePS is PASSED

2020-11-11 09:11:40 - [MESSAGE][PASSED] - comparePS.ProposalASL1.ComparePS is PASSED

2020-11-11 09:11:40 - [TEST_STEP][PASSED] - comparePS.KeywordPS.callStatus(strNoAPK2, "sheetAPK2", 17): comparePS.KeywordPS.callStatus is PASSED

2020-11-11 09:11:40 - [MESSAGE][PASSED] - comparePS.KeywordPS.callStatus is PASSED

2020-11-11 09:11:40 - [TEST_STEP][PASSED] - runTime.reset(): null

2020-11-11 09:11:40 - [TEST_STEP][PASSED] - runTime.start(): null

2020-11-11 09:11:40 - [TEST_STEP][PASSED] - dataCompareAPK2 = findTestData("dt-2/dt_APK"): null

2020-11-11 09:11:40 - [TEST_STEP][PASSED] - strNoAPK2 = dataCompareAPK2.getValue("NO", excelRow): null

2020-11-11 09:11:40 - [TEST_STEP][PASSED] - comparePS.ProposalASL1.ComparePS(strNoAPK2, excelRow): comparePS.ProposalASL1.ComparePS is PASSED

2020-11-11 09:11:40 - [MESSAGE][PASSED] - comparePS.ProposalASL1.ComparePS is PASSED

2020-11-11 09:11:40 - [TEST_STEP][PASSED] - comparePS.KeywordPS.callStatus(strNoAPK2, "sheetAPK2", 17): comparePS.KeywordPS.callStatus is PASSED

2020-11-11 09:11:40 - [MESSAGE][PASSED] - comparePS.KeywordPS.callStatus is PASSED

2020-11-11 09:11:40 - [TEST_STEP][PASSED] - runTime.reset(): null

2020-11-11 09:11:40 - [TEST_STEP][PASSED] - runTime.start(): null

2020-11-11 09:11:40 - [TEST_STEP][PASSED] - dataCompareAPK2 = findTestData("dt-2/dt_APK"): null

2020-11-11 09:11:40 - [TEST_STEP][PASSED] - strNoAPK2 = dataCompareAPK2.getValue("NO", excelRow): null

2020-11-11 09:11:40 - [TEST_STEP][PASSED] - comparePS.ProposalASL1.ComparePS(strNoAPK2, excelRow): comparePS.ProposalASL1.ComparePS is PASSED

2020-11-11 09:11:40 - [MESSAGE][PASSED] - comparePS.ProposalASL1.ComparePS is PASSED

2020-11-11 09:11:40 - [TEST_STEP][PASSED] - comparePS.KeywordPS.callStatus(strNoAPK2, "sheetAPK2", 17): comparePS.KeywordPS.callStatus is PASSED

2020-11-11 09:11:41 - [MESSAGE][PASSED] - comparePS.KeywordPS.callStatus is PASSED

2020-11-11 09:11:41 - [TEST_STEP][PASSED] - runTime.reset(): null

2020-11-11 09:11:41 - [TEST_STEP][PASSED] - runTime.start(): null

2020-11-11 09:11:41 - [TEST_STEP][PASSED] - dataCompareAPK2 = findTestData("dt-2/dt_APK"): null

2020-11-11 09:11:41 - [TEST_STEP][PASSED] - strNoAPK2 = dataCompareAPK2.getValue("NO", excelRow): null

2020-11-11 09:11:41 - [TEST_STEP][PASSED] - comparePS.ProposalASL1.ComparePS(strNoAPK2, excelRow): comparePS.ProposalASL1.ComparePS is PASSED

2020-11-11 09:11:41 - [MESSAGE][PASSED] - comparePS.ProposalASL1.ComparePS is PASSED

2020-11-11 09:11:41 - [TEST_STEP][PASSED] - comparePS.KeywordPS.callStatus(strNoAPK2, "sheetAPK2", 17): comparePS.KeywordPS.callStatus is PASSED

2020-11-11 09:11:41 - [MESSAGE][PASSED] - comparePS.KeywordPS.callStatus is PASSED

2020-11-11 09:11:41 - [TEST_STEP][PASSED] - runTime.reset(): null

2020-11-11 09:11:41 - [TEST_STEP][PASSED] - runTime.start(): null

2020-11-11 09:11:41 - [TEST_STEP][PASSED] - dataCompareAPK2 = findTestData("dt-2/dt_APK"): null

2020-11-11 09:11:41 - [TEST_STEP][PASSED] - strNoAPK2 = dataCompareAPK2.getValue("NO", excelRow): null

2020-11-11 09:11:41 - [TEST_STEP][PASSED] - comparePS.ProposalASL1.ComparePS(strNoAPK2, excelRow): comparePS.ProposalASL1.ComparePS is PASSED

2020-11-11 09:11:41 - [MESSAGE][PASSED] - comparePS.ProposalASL1.ComparePS is PASSED

2020-11-11 09:11:41 - [TEST_STEP][PASSED] - comparePS.KeywordPS.callStatus(strNoAPK2, "sheetAPK2", 17): comparePS.KeywordPS.callStatus is PASSED

2020-11-11 09:11:42 - [MESSAGE][PASSED] - comparePS.KeywordPS.callStatus is PASSED

2020-11-11 09:11:42 - [TEST_STEP][PASSED] - runTime.reset(): null

2020-11-11 09:11:42 - [TEST_STEP][PASSED] - runTime.start(): null

2020-11-11 09:11:42 - [TEST_STEP][PASSED] - dataCompareAPK2 = findTestData("dt-2/dt_APK"): null

2020-11-11 09:11:42 - [TEST_STEP][PASSED] - strNoAPK2 = dataCompareAPK2.getValue("NO", excelRow): null

2020-11-11 09:11:42 - [TEST_STEP][PASSED] - comparePS.ProposalASL1.ComparePS(strNoAPK2, excelRow): comparePS.ProposalASL1.ComparePS is PASSED

2020-11-11 09:11:42 - [MESSAGE][PASSED] - comparePS.ProposalASL1.ComparePS is PASSED

2020-11-11 09:11:42 - [TEST_STEP][PASSED] - comparePS.KeywordPS.callStatus(strNoAPK2, "sheetAPK2", 17): comparePS.KeywordPS.callStatus is PASSED

2020-11-11 09:11:42 - [MESSAGE][PASSED] - comparePS.KeywordPS.callStatus is PASSED

2020-11-11 09:11:42 - [TEST_STEP][PASSED] - runTime.reset(): null

2020-11-11 09:11:42 - [TEST_STEP][PASSED] - runTime.start(): null

2020-11-11 09:11:42 - [TEST_STEP][PASSED] - dataCompareAPK2 = findTestData("dt-2/dt_APK"): null

2020-11-11 09:11:42 - [TEST_STEP][PASSED] - strNoAPK2 = dataCompareAPK2.getValue("NO", excelRow): null

2020-11-11 09:11:42 - [TEST_STEP][PASSED] - comparePS.ProposalASL1.ComparePS(strNoAPK2, excelRow): comparePS.ProposalASL1.ComparePS is PASSED

2020-11-11 09:11:43 - [MESSAGE][PASSED] - comparePS.ProposalASL1.ComparePS is PASSED

2020-11-11 09:11:43 - [TEST_STEP][PASSED] - comparePS.KeywordPS.callStatus(strNoAPK2, "sheetAPK2", 17): comparePS.KeywordPS.callStatus is PASSED

2020-11-11 09:11:43 - [MESSAGE][PASSED] - comparePS.KeywordPS.callStatus is PASSED

2020-11-11 09:11:43 - [TEST_STEP][PASSED] - runTime.reset(): null

2020-11-11 09:11:43 - [TEST_STEP][PASSED] - runTime.start(): null

2020-11-11 09:11:43 - [TEST_STEP][PASSED] - dataCompareAPK2 = findTestData("dt-2/dt_APK"): null

2020-11-11 09:11:43 - [TEST_STEP][PASSED] - strNoAPK2 = dataCompareAPK2.getValue("NO", excelRow): null

2020-11-11 09:11:43 - [TEST_STEP][PASSED] - comparePS.ProposalASL1.ComparePS(strNoAPK2, excelRow): comparePS.ProposalASL1.ComparePS is PASSED

2020-11-11 09:11:43 - [MESSAGE][PASSED] - comparePS.ProposalASL1.ComparePS is PASSED

2020-11-11 09:11:43 - [TEST_STEP][PASSED] - comparePS.KeywordPS.callStatus(strNoAPK2, "sheetAPK2", 17): comparePS.KeywordPS.callStatus is PASSED

2020-11-11 09:11:44 - [MESSAGE][PASSED] - comparePS.KeywordPS.callStatus is PASSED

2020-11-11 09:11:44 - [TEST_STEP][PASSED] - runTime.reset(): null

2020-11-11 09:11:44 - [TEST_STEP][PASSED] - runTime.start(): null

2020-11-11 09:11:44 - [TEST_STEP][PASSED] - dataCompareAPK2 = findTestData("dt-2/dt_APK"): null

2020-11-11 09:11:44 - [TEST_STEP][PASSED] - strNoAPK2 = dataCompareAPK2.getValue("NO", excelRow): null

2020-11-11 09:11:44 - [TEST_STEP][PASSED] - comparePS.ProposalASL1.ComparePS(strNoAPK2, excelRow): comparePS.ProposalASL1.ComparePS is PASSED

2020-11-11 09:11:44 - [MESSAGE][PASSED] - comparePS.ProposalASL1.ComparePS is PASSED

2020-11-11 09:11:44 - [TEST_STEP][PASSED] - comparePS.KeywordPS.callStatus(strNoAPK2, "sheetAPK2", 17): comparePS.KeywordPS.callStatus is PASSED

2020-11-11 09:11:44 - [MESSAGE][PASSED] - comparePS.KeywordPS.callStatus is PASSED

2020-11-11 09:11:44 - [TEST_STEP][PASSED] - runTime.reset(): null

2020-11-11 09:11:44 - [TEST_STEP][PASSED] - runTime.start(): null

2020-11-11 09:11:44 - [TEST_STEP][PASSED] - dataCompareAPK2 = findTestData("dt-2/dt_APK"): null

2020-11-11 09:11:44 - [TEST_STEP][PASSED] - strNoAPK2 = dataCompareAPK2.getValue("NO", excelRow): null

2020-11-11 09:11:44 - [TEST_STEP][PASSED] - comparePS.ProposalASL1.ComparePS(strNoAPK2, excelRow): comparePS.ProposalASL1.ComparePS is PASSED

2020-11-11 09:11:44 - [MESSAGE][PASSED] - comparePS.ProposalASL1.ComparePS is PASSED

2020-11-11 09:11:44 - [TEST_STEP][PASSED] - comparePS.KeywordPS.callStatus(strNoAPK2, "sheetAPK2", 17): comparePS.KeywordPS.callStatus is PASSED

2020-11-11 09:11:44 - [MESSAGE][PASSED] - comparePS.KeywordPS.callStatus is PASSED

2020-11-11 09:11:44 - [TEST_STEP][PASSED] - runTime.reset(): null

2020-11-11 09:11:44 - [TEST_STEP][PASSED] - runTime.start(): null

2020-11-11 09:11:44 - [TEST_STEP][PASSED] - dataCompareAPK2 = findTestData("dt-2/dt_APK"): null

2020-11-11 09:11:45 - [TEST_STEP][PASSED] - strNoAPK2 = dataCompareAPK2.getValue("NO", excelRow): null

2020-11-11 09:11:45 - [TEST_STEP][PASSED] - comparePS.ProposalASL1.ComparePS(strNoAPK2, excelRow): comparePS.ProposalASL1.ComparePS is PASSED

2020-11-11 09:11:45 - [MESSAGE][PASSED] - comparePS.ProposalASL1.ComparePS is PASSED

2020-11-11 09:11:45 - [TEST_STEP][PASSED] - comparePS.KeywordPS.callStatus(strNoAPK2, "sheetAPK2", 17): comparePS.KeywordPS.callStatus is PASSED

2020-11-11 09:11:45 - [MESSAGE][PASSED] - comparePS.KeywordPS.callStatus is PASSED

2020-11-11 09:11:45 - [TEST_STEP][PASSED] - runTime.reset(): null

2020-11-11 09:11:45 - [TEST_STEP][PASSED] - runTime.start(): null

2020-11-11 09:11:45 - [TEST_STEP][PASSED] - dataCompareAPK2 = findTestData("dt-2/dt_APK"): null

2020-11-11 09:11:45 - [TEST_STEP][PASSED] - strNoAPK2 = dataCompareAPK2.getValue("NO", excelRow): null

2020-11-11 09:11:45 - [TEST_STEP][PASSED] - comparePS.ProposalASL1.ComparePS(strNoAPK2, excelRow): comparePS.ProposalASL1.ComparePS is PASSED

2020-11-11 09:11:45 - [MESSAGE][PASSED] - comparePS.ProposalASL1.ComparePS is PASSED

2020-11-11 09:11:45 - [TEST_STEP][PASSED] - comparePS.KeywordPS.callStatus(strNoAPK2, "sheetAPK2", 17): comparePS.KeywordPS.callStatus is PASSED

2020-11-11 09:11:45 - [MESSAGE][PASSED] - comparePS.KeywordPS.callStatus is PASSED

2020-11-11 09:11:45 - [TEST_STEP][PASSED] - runTime.reset(): null

2020-11-11 09:11:45 - [TEST_STEP][PASSED] - runTime.start(): null

2020-11-11 09:11:45 - [TEST_STEP][PASSED] - dataCompareAPK2 = findTestData("dt-2/dt_APK"): null

2020-11-11 09:11:45 - [TEST_STEP][PASSED] - strNoAPK2 = dataCompareAPK2.getValue("NO", excelRow): null

2020-11-11 09:11:45 - [TEST_STEP][PASSED] - comparePS.ProposalASL1.ComparePS(strNoAPK2, excelRow): comparePS.ProposalASL1.ComparePS is PASSED

2020-11-11 09:11:45 - [MESSAGE][PASSED] - comparePS.ProposalASL1.ComparePS is PASSED

2020-11-11 09:11:45 - [TEST_STEP][PASSED] - comparePS.KeywordPS.callStatus(strNoAPK2, "sheetAPK2", 17): comparePS.KeywordPS.callStatus is PASSED

2020-11-11 09:11:46 - [MESSAGE][PASSED] - comparePS.KeywordPS.callStatus is PASSED

2020-11-11 09:11:46 - [TEST_STEP][PASSED] - runTime.reset(): null

2020-11-11 09:11:46 - [TEST_STEP][PASSED] - runTime.start(): null

2020-11-11 09:11:46 - [TEST_STEP][PASSED] - dataCompareAPK2 = findTestData("dt-2/dt_APK"): null

2020-11-11 09:11:46 - [TEST_STEP][PASSED] - strNoAPK2 = dataCompareAPK2.getValue("NO", excelRow): null

2020-11-11 09:11:46 - [TEST_STEP][PASSED] - comparePS.ProposalASL1.ComparePS(strNoAPK2, excelRow): comparePS.ProposalASL1.ComparePS is PASSED

2020-11-11 09:11:46 - [MESSAGE][PASSED] - comparePS.ProposalASL1.ComparePS is PASSED

2020-11-11 09:11:46 - [TEST_STEP][PASSED] - comparePS.KeywordPS.callStatus(strNoAPK2, "sheetAPK2", 17): comparePS.KeywordPS.callStatus is PASSED

2020-11-11 09:11:46 - [MESSAGE][PASSED] - comparePS.KeywordPS.callStatus is PASSED

2020-11-11 09:11:46 - [TEST_STEP][PASSED] - runTime.reset(): null

2020-11-11 09:11:46 - [TEST_STEP][PASSED] - runTime.start(): null

2020-11-11 09:11:46 - [TEST_STEP][PASSED] - dataCompareAPK2 = findTestData("dt-2/dt_APK"): null

2020-11-11 09:11:46 - [TEST_STEP][PASSED] - strNoAPK2 = dataCompareAPK2.getValue("NO", excelRow): null

2020-11-11 09:11:46 - [TEST_STEP][PASSED] - comparePS.ProposalASL1.ComparePS(strNoAPK2, excelRow): comparePS.ProposalASL1.ComparePS is PASSED

2020-11-11 09:11:46 - [MESSAGE][PASSED] - comparePS.ProposalASL1.ComparePS is PASSED

2020-11-11 09:11:47 - [TEST_STEP][PASSED] - comparePS.KeywordPS.callStatus(strNoAPK2, "sheetAPK2", 17): comparePS.KeywordPS.callStatus is PASSED

2020-11-11 09:11:47 - [MESSAGE][PASSED] - comparePS.KeywordPS.callStatus is PASSED

2020-11-11 09:11:47 - [TEST_STEP][PASSED] - runTime.reset(): null

2020-11-11 09:11:47 - [TEST_STEP][PASSED] - runTime.start(): null

2020-11-11 09:11:47 - [TEST_STEP][PASSED] - dataCompareAPK2 = findTestData("dt-2/dt_APK"): null

2020-11-11 09:11:47 - [TEST_STEP][PASSED] - strNoAPK2 = dataCompareAPK2.getValue("NO", excelRow): null

2020-11-11 09:11:47 - [TEST_STEP][PASSED] - comparePS.ProposalASL1.ComparePS(strNoAPK2, excelRow): comparePS.ProposalASL1.ComparePS is PASSED

2020-11-11 09:11:47 - [MESSAGE][PASSED] - comparePS.ProposalASL1.ComparePS is PASSED

2020-11-11 09:11:47 - [TEST_STEP][PASSED] - comparePS.KeywordPS.callStatus(strNoAPK2, "sheetAPK2", 17): comparePS.KeywordPS.callStatus is PASSED

2020-11-11 09:11:47 - [MESSAGE][PASSED] - comparePS.KeywordPS.callStatus is PASSED

2020-11-11 09:11:47 - [TEST_STEP][PASSED] - runTime.reset(): null

2020-11-11 09:11:47 - [TEST_STEP][PASSED] - runTime.start(): null

2020-11-11 09:11:47 - [TEST_STEP][PASSED] - dataCompareAPK2 = findTestData("dt-2/dt_APK"): null

2020-11-11 09:11:47 - [TEST_STEP][PASSED] - strNoAPK2 = dataCompareAPK2.getValue("NO", excelRow): null

2020-11-11 09:11:47 - [TEST_STEP][PASSED] - comparePS.ProposalASL1.ComparePS(strNoAPK2, excelRow): comparePS.ProposalASL1.ComparePS is PASSED

2020-11-11 09:11:47 - [MESSAGE][PASSED] - comparePS.ProposalASL1.ComparePS is PASSED

2020-11-11 09:11:47 - [TEST_STEP][PASSED] - comparePS.KeywordPS.callStatus(strNoAPK2, "sheetAPK2", 17): comparePS.KeywordPS.callStatus is PASSED

2020-11-11 09:11:48 - [MESSAGE][PASSED] - comparePS.KeywordPS.callStatus is PASSED

2020-11-11 09:11:48 - [TEST_STEP][PASSED] - runTime.reset(): null

2020-11-11 09:11:48 - [TEST_STEP][PASSED] - runTime.start(): null

2020-11-11 09:11:48 - [TEST_STEP][PASSED] - dataCompareAPK2 = findTestData("dt-2/dt_APK"): null

2020-11-11 09:11:48 - [TEST_STEP][PASSED] - strNoAPK2 = dataCompareAPK2.getValue("NO", excelRow): null

2020-11-11 09:11:48 - [TEST_STEP][PASSED] - comparePS.ProposalASL1.ComparePS(strNoAPK2, excelRow): comparePS.ProposalASL1.ComparePS is PASSED

2020-11-11 09:11:48 - [MESSAGE][PASSED] - comparePS.ProposalASL1.ComparePS is PASSED

2020-11-11 09:11:48 - [TEST_STEP][PASSED] - comparePS.KeywordPS.callStatus(strNoAPK2, "sheetAPK2", 17): comparePS.KeywordPS.callStatus is PASSED

2020-11-11 09:11:48 - [MESSAGE][PASSED] - comparePS.KeywordPS.callStatus is PASSED

2020-11-11 09:11:48 - [TEST_STEP][PASSED] - runTime.reset(): null

2020-11-11 09:11:48 - [TEST_STEP][PASSED] - runTime.start(): null

2020-11-11 09:11:48 - [TEST_STEP][PASSED] - dataCompareAPK2 = findTestData("dt-2/dt_APK"): null

2020-11-11 09:11:48 - [TEST_STEP][PASSED] - strNoAPK2 = dataCompareAPK2.getValue("NO", excelRow): null

2020-11-11 09:11:48 - [TEST_STEP][PASSED] - comparePS.ProposalASL1.ComparePS(strNoAPK2, excelRow): comparePS.ProposalASL1.ComparePS is PASSED

2020-11-11 09:11:48 - [MESSAGE][PASSED] - comparePS.ProposalASL1.ComparePS is PASSED

2020-11-11 09:11:48 - [TEST_STEP][PASSED] - comparePS.KeywordPS.callStatus(strNoAPK2, "sheetAPK2", 17): comparePS.KeywordPS.callStatus is PASSED

2020-11-11 09:11:48 - [MESSAGE][PASSED] - comparePS.KeywordPS.callStatus is PASSED

2020-11-11 09:11:48 - [TEST_STEP][PASSED] - runTime.reset(): null

2020-11-11 09:11:48 - [TEST_STEP][PASSED] - runTime.start(): null

2020-11-11 09:11:48 - [TEST_STEP][PASSED] - dataCompareAPK2 = findTestData("dt-2/dt_APK"): null

2020-11-11 09:11:48 - [TEST_STEP][PASSED] - strNoAPK2 = dataCompareAPK2.getValue("NO", excelRow): null

2020-11-11 09:11:48 - [TEST_STEP][PASSED] - comparePS.ProposalASL1.ComparePS(strNoAPK2, excelRow): comparePS.ProposalASL1.ComparePS is PASSED

2020-11-11 09:11:48 - [MESSAGE][PASSED] - comparePS.ProposalASL1.ComparePS is PASSED

2020-11-11 09:11:48 - [TEST_STEP][PASSED] - comparePS.KeywordPS.callStatus(strNoAPK2, "sheetAPK2", 17): comparePS.KeywordPS.callStatus is PASSED

2020-11-11 09:11:49 - [MESSAGE][PASSED] - comparePS.KeywordPS.callStatus is PASSED

2020-11-11 09:11:49 - [TEST_STEP][PASSED] - runTime.reset(): null

2020-11-11 09:11:49 - [TEST_STEP][PASSED] - runTime.start(): null

2020-11-11 09:11:49 - [TEST_STEP][PASSED] - dataCompareAPK2 = findTestData("dt-2/dt_APK"): null

2020-11-11 09:11:49 - [TEST_STEP][PASSED] - strNoAPK2 = dataCompareAPK2.getValue("NO", excelRow): null

2020-11-11 09:11:49 - [TEST_STEP][PASSED] - comparePS.ProposalASL1.ComparePS(strNoAPK2, excelRow): comparePS.ProposalASL1.ComparePS is PASSED

2020-11-11 09:11:49 - [MESSAGE][PASSED] - comparePS.ProposalASL1.ComparePS is PASSED

2020-11-11 09:11:49 - [TEST_STEP][PASSED] - comparePS.KeywordPS.callStatus(strNoAPK2, "sheetAPK2", 17): comparePS.KeywordPS.callStatus is PASSED

2020-11-11 09:11:49 - [MESSAGE][PASSED] - comparePS.KeywordPS.callStatus is PASSED

2020-11-11 09:11:49 - [TEST_STEP][PASSED] - runTime.reset(): null

2020-11-11 09:11:49 - [TEST_STEP][PASSED] - runTime.start(): null

2020-11-11 09:11:49 - [TEST_STEP][PASSED] - dataCompareAPK2 = findTestData("dt-2/dt_APK"): null

2020-11-11 09:11:49 - [TEST_STEP][PASSED] - strNoAPK2 = dataCompareAPK2.getValue("NO", excelRow): null

2020-11-11 09:11:49 - [TEST_STEP][PASSED] - comparePS.ProposalASL1.ComparePS(strNoAPK2, excelRow): comparePS.ProposalASL1.ComparePS is PASSED

2020-11-11 09:11:49 - [MESSAGE][PASSED] - comparePS.ProposalASL1.ComparePS is PASSED

2020-11-11 09:11:49 - [TEST_STEP][PASSED] - comparePS.KeywordPS.callStatus(strNoAPK2, "sheetAPK2", 17): comparePS.KeywordPS.callStatus is PASSED

2020-11-11 09:11:49 - [MESSAGE][PASSED] - comparePS.KeywordPS.callStatus is PASSED

2020-11-11 09:11:49 - [TEST_STEP][PASSED] - runTime.reset(): null

2020-11-11 09:11:49 - [TEST_STEP][PASSED] - runTime.start(): null

2020-11-11 09:11:49 - [TEST_STEP][PASSED] - dataCompareAPK2 = findTestData("dt-2/dt_APK"): null

2020-11-11 09:11:49 - [TEST_STEP][PASSED] - strNoAPK2 = dataCompareAPK2.getValue("NO", excelRow): null

2020-11-11 09:11:49 - [TEST_STEP][PASSED] - comparePS.ProposalASL1.ComparePS(strNoAPK2, excelRow): comparePS.ProposalASL1.ComparePS is PASSED

2020-11-11 09:11:49 - [MESSAGE][PASSED] - comparePS.ProposalASL1.ComparePS is PASSED

2020-11-11 09:11:49 - [TEST_STEP][PASSED] - comparePS.KeywordPS.callStatus(strNoAPK2, "sheetAPK2", 17): comparePS.KeywordPS.callStatus is PASSED

2020-11-11 09:11:50 - [MESSAGE][PASSED] - comparePS.KeywordPS.callStatus is PASSED

2020-11-11 09:11:50 - [TEST_STEP][PASSED] - runTime.reset(): null

2020-11-11 09:11:50 - [TEST_STEP][PASSED] - runTime.start(): null

2020-11-11 09:11:50 - [TEST_STEP][PASSED] - dataCompareAPK2 = findTestData("dt-2/dt_APK"): null

2020-11-11 09:11:50 - [TEST_STEP][PASSED] - strNoAPK2 = dataCompareAPK2.getValue("NO", excelRow): null

2020-11-11 09:11:50 - [TEST_STEP][PASSED] - comparePS.ProposalASL1.ComparePS(strNoAPK2, excelRow): comparePS.ProposalASL1.ComparePS is PASSED

2020-11-11 09:11:50 - [MESSAGE][PASSED] - comparePS.ProposalASL1.ComparePS is PASSED

2020-11-11 09:11:50 - [TEST_STEP][PASSED] - comparePS.KeywordPS.callStatus(strNoAPK2, "sheetAPK2", 17): comparePS.KeywordPS.callStatus is PASSED

2020-11-11 09:11:50 - [MESSAGE][PASSED] - comparePS.KeywordPS.callStatus is PASSED

2020-11-11 09:11:50 - [TEST_STEP][PASSED] - runTime.reset(): null

2020-11-11 09:11:50 - [TEST_STEP][PASSED] - runTime.start(): null

2020-11-11 09:11:50 - [TEST_STEP][PASSED] - dataCompareAPK2 = findTestData("dt-2/dt_APK"): null

2020-11-11 09:11:50 - [TEST_STEP][PASSED] - strNoAPK2 = dataCompareAPK2.getValue("NO", excelRow): null

2020-11-11 09:11:50 - [TEST_STEP][PASSED] - comparePS.ProposalASL1.ComparePS(strNoAPK2, excelRow): comparePS.ProposalASL1.ComparePS is PASSED

2020-11-11 09:11:50 - [MESSAGE][PASSED] - comparePS.ProposalASL1.ComparePS is PASSED

2020-11-11 09:11:50 - [TEST_STEP][PASSED] - comparePS.KeywordPS.callStatus(strNoAPK2, "sheetAPK2", 17): comparePS.KeywordPS.callStatus is PASSED

2020-11-11 09:11:50 - [MESSAGE][PASSED] - comparePS.KeywordPS.callStatus is PASSED

2020-11-11 09:11:50 - [TEST_STEP][PASSED] - runTime.reset(): null

2020-11-11 09:11:50 - [TEST_STEP][PASSED] - runTime.start(): null

2020-11-11 09:11:50 - [TEST_STEP][PASSED] - dataCompareAPK2 = findTestData("dt-2/dt_APK"): null

2020-11-11 09:11:50 - [TEST_STEP][PASSED] - strNoAPK2 = dataCompareAPK2.getValue("NO", excelRow): null

2020-11-11 09:11:50 - [TEST_STEP][PASSED] - comparePS.ProposalASL1.ComparePS(strNoAPK2, excelRow): comparePS.ProposalASL1.ComparePS is PASSED

2020-11-11 09:11:51 - [MESSAGE][PASSED] - comparePS.ProposalASL1.ComparePS is PASSED

2020-11-11 09:11:51 - [TEST_STEP][PASSED] - comparePS.KeywordPS.callStatus(strNoAPK2, "sheetAPK2", 17): comparePS.KeywordPS.callStatus is PASSED

2020-11-11 09:11:51 - [MESSAGE][PASSED] - comparePS.KeywordPS.callStatus is PASSED

2020-11-11 09:11:51 - [TEST_STEP][PASSED] - runTime.reset(): null

2020-11-11 09:11:51 - [TEST_STEP][PASSED] - runTime.start(): null

2020-11-11 09:11:51 - [TEST_STEP][PASSED] - dataCompareAPK2 = findTestData("dt-2/dt_APK"): null

2020-11-11 09:11:51 - [TEST_STEP][PASSED] - strNoAPK2 = dataCompareAPK2.getValue("NO", excelRow): null

2020-11-11 09:11:51 - [TEST_STEP][PASSED] - comparePS.ProposalASL1.ComparePS(strNoAPK2, excelRow): comparePS.ProposalASL1.ComparePS is PASSED

2020-11-11 09:11:51 - [MESSAGE][PASSED] - comparePS.ProposalASL1.ComparePS is PASSED

2020-11-11 09:11:51 - [TEST_STEP][PASSED] - comparePS.KeywordPS.callStatus(strNoAPK2, "sheetAPK2", 17): comparePS.KeywordPS.callStatus is PASSED

2020-11-11 09:11:51 - [MESSAGE][PASSED] - comparePS.KeywordPS.callStatus is PASSED

2020-11-11 09:11:51 - [TEST_STEP][PASSED] - runTime.reset(): null

2020-11-11 09:11:51 - [TEST_STEP][PASSED] - runTime.start(): null

2020-11-11 09:11:51 - [TEST_STEP][PASSED] - dataCompareAPK2 = findTestData("dt-2/dt_APK"): null

2020-11-11 09:11:51 - [TEST_STEP][PASSED] - strNoAPK2 = dataCompareAPK2.getValue("NO", excelRow): null

2020-11-11 09:11:51 - [TEST_STEP][PASSED] - comparePS.ProposalASL1.ComparePS(strNoAPK2, excelRow): comparePS.ProposalASL1.ComparePS is PASSED

2020-11-11 09:11:51 - [MESSAGE][PASSED] - comparePS.ProposalASL1.ComparePS is PASSED

2020-11-11 09:11:51 - [TEST_STEP][PASSED] - comparePS.KeywordPS.callStatus(strNoAPK2, "sheetAPK2", 17): comparePS.KeywordPS.callStatus is PASSED

2020-11-11 09:11:52 - [MESSAGE][PASSED] - comparePS.KeywordPS.callStatus is PASSED

2020-11-11 09:11:52 - [TEST_STEP][PASSED] - runTime.reset(): null

2020-11-11 09:11:52 - [TEST_STEP][PASSED] - runTime.start(): null

2020-11-11 09:11:52 - [TEST_STEP][PASSED] - dataCompareAPK2 = findTestData("dt-2/dt_APK"): null

2020-11-11 09:11:52 - [TEST_STEP][PASSED] - strNoAPK2 = dataCompareAPK2.getValue("NO", excelRow): null

2020-11-11 09:11:52 - [TEST_STEP][PASSED] - comparePS.ProposalASL1.ComparePS(strNoAPK2, excelRow): comparePS.ProposalASL1.ComparePS is PASSED

2020-11-11 09:11:52 - [MESSAGE][PASSED] - comparePS.ProposalASL1.ComparePS is PASSED

2020-11-11 09:11:52 - [TEST_STEP][PASSED] - comparePS.KeywordPS.callStatus(strNoAPK2, "sheetAPK2", 17): comparePS.KeywordPS.callStatus is PASSED

2020-11-11 09:11:52 - [MESSAGE][PASSED] - comparePS.KeywordPS.callStatus is PASSED

2020-11-11 09:11:52 - [TEST_STEP][PASSED] - runTime.reset(): null

2020-11-11 09:11:52 - [TEST_STEP][PASSED] - runTime.start(): null

2020-11-11 09:11:52 - [TEST_STEP][PASSED] - dataCompareAPK2 = findTestData("dt-2/dt_APK"): null

2020-11-11 09:11:52 - [TEST_STEP][PASSED] - strNoAPK2 = dataCompareAPK2.getValue("NO", excelRow): null

2020-11-11 09:11:52 - [TEST_STEP][PASSED] - comparePS.ProposalASL1.ComparePS(strNoAPK2, excelRow): comparePS.ProposalASL1.ComparePS is PASSED

2020-11-11 09:11:52 - [MESSAGE][PASSED] - comparePS.ProposalASL1.ComparePS is PASSED

2020-11-11 09:11:52 - [TEST_STEP][PASSED] - comparePS.KeywordPS.callStatus(strNoAPK2, "sheetAPK2", 17): comparePS.KeywordPS.callStatus is PASSED

2020-11-11 09:11:52 - [MESSAGE][PASSED] - comparePS.KeywordPS.callStatus is PASSED

2020-11-11 09:11:52 - [TEST_STEP][PASSED] - runTime.reset(): null

2020-11-11 09:11:52 - [TEST_STEP][PASSED] - runTime.start(): null

2020-11-11 09:11:52 - [TEST_STEP][PASSED] - dataCompareAPK2 = findTestData("dt-2/dt_APK"): null

2020-11-11 09:11:52 - [TEST_STEP][PASSED] - strNoAPK2 = dataCompareAPK2.getValue("NO", excelRow): null

2020-11-11 09:11:52 - [TEST_STEP][PASSED] - comparePS.ProposalASL1.ComparePS(strNoAPK2, excelRow): comparePS.ProposalASL1.ComparePS is PASSED

2020-11-11 09:11:53 - [MESSAGE][PASSED] - comparePS.ProposalASL1.ComparePS is PASSED

2020-11-11 09:11:53 - [TEST_STEP][PASSED] - comparePS.KeywordPS.callStatus(strNoAPK2, "sheetAPK2", 17): comparePS.KeywordPS.callStatus is PASSED

2020-11-11 09:11:53 - [MESSAGE][PASSED] - comparePS.KeywordPS.callStatus is PASSED

2020-11-11 09:11:53 - [TEST_STEP][PASSED] - runTime.reset(): null

2020-11-11 09:11:53 - [TEST_STEP][PASSED] - runTime.start(): null

2020-11-11 09:11:53 - [TEST_STEP][PASSED] - dataCompareAPK2 = findTestData("dt-2/dt_APK"): null

2020-11-11 09:11:53 - [TEST_STEP][PASSED] - strNoAPK2 = dataCompareAPK2.getValue("NO", excelRow): null

2020-11-11 09:11:53 - [TEST_STEP][PASSED] - comparePS.ProposalASL1.ComparePS(strNoAPK2, excelRow): comparePS.ProposalASL1.ComparePS is PASSED

2020-11-11 09:11:53 - [MESSAGE][PASSED] - comparePS.ProposalASL1.ComparePS is PASSED

2020-11-11 09:11:53 - [TEST_STEP][PASSED] - comparePS.KeywordPS.callStatus(strNoAPK2, "sheetAPK2", 17): comparePS.KeywordPS.callStatus is PASSED

2020-11-11 09:11:53 - [MESSAGE][PASSED] - comparePS.KeywordPS.callStatus is PASSED]]></system-out>
         <system-err><![CDATA[]]></system-err>
      </testcase>
      <system-out><![CDATA[2020-11-11 09:10:55 - [TEST_SUITE][PASSED] - ComparePS: Test Cases/ComparePS-2]]></system-out>
      <system-err><![CDATA[]]></system-err>
   </testsuite>
</testsuites>
