<?xml version="1.0" encoding="UTF-8"?>
<testsuites name="ComparePS" time="56.622" tests="2" failures="0" errors="0">
   <testsuite name="ComparePS" tests="2" failures="0" errors="0" time="56.622" timestamp="2020-11-11 23:11:20" hostname="Andika - DESKTOP-MGEQHS0" id="Test Suites/ComparePS">
      <properties>
         <property name="deviceName" value=""/>
         <property name="devicePlatform" value=""/>
         <property name="logFolder" value="C:\\Users\\Andika\\Katalon Studio\\ComparePS\\Reports\\20201111_231110\\ComparePS\\20201111_231111"/>
         <property name="logFiles" value="C:\\Users\\Andika\\Katalon Studio\\ComparePS\\Reports\\20201111_231110\\ComparePS\\20201111_231111\\execution0.log"/>
         <property name="attachments" value=""/>
         <property name="hostName" value="Andika - DESKTOP-MGEQHS0"/>
         <property name="hostAddress" value="192.168.0.15"/>
         <property name="os" value="Windows 10 64bit"/>
         <property name="katalonVersion" value="7.7.2.205"/>
      </properties>
      <testcase name="Test Cases/ComparePS-1" time="31.256" classname="Test Cases/ComparePS-1" status="PASSED">
         <system-out><![CDATA[2020-11-11 23:11:20 - [TEST_CASE][PASSED] - Test Cases/ComparePS-1: Test Cases/ComparePS-1

2020-11-11 23:11:22 - [TEST_STEP][PASSED] - sekarang = new java.util.Date(): null

2020-11-11 23:11:22 - [TEST_STEP][PASSED] - tgl = sekarang.format("yyyy-MM-dd"): null

2020-11-11 23:11:22 - [TEST_STEP][PASSED] - fullFlow = true: null

2020-11-11 23:11:22 - [TEST_STEP][PASSED] - strGlbDate = tgl: null

2020-11-11 23:11:22 - [TEST_STEP][PASSED] - strGlbCrash = false: null

2020-11-11 23:11:22 - [TEST_STEP][PASSED] - strGlbAlamat = false: null

2020-11-11 23:11:22 - [TEST_STEP][PASSED] - strGlbNomor = 1: null

2020-11-11 23:11:22 - [TEST_STEP][PASSED] - strGlbNumImage = 0: null

2020-11-11 23:11:22 - [TEST_STEP][PASSED] - runTime = StopWatch.createStarted(): null

2020-11-11 23:11:22 - [TEST_STEP][PASSED] - getLastRow = findTestData("dt-1/dt_APK").getRowNumbers(): null

2020-11-11 23:11:24 - [TEST_STEP][PASSED] - for (int excelRow : (1..getLastRow)): comparePS.KeywordPS.callStatus is PASSED

2020-11-11 23:11:24 - [TEST_STEP][PASSED] - strGlbStatus = "": null

2020-11-11 23:11:24 - [TEST_STEP][PASSED] - strGlbKeterangan = "": null

2020-11-11 23:11:24 - [TEST_STEP][PASSED] - runTime.reset(): null

2020-11-11 23:11:24 - [TEST_STEP][PASSED] - runTime.start(): null

2020-11-11 23:11:24 - [TEST_STEP][PASSED] - dataCompareAPK = findTestData("dt-1/dt_APK"): null

2020-11-11 23:11:24 - [TEST_STEP][PASSED] - strNoAPK = dataCompareAPK.getValue("NO", excelRow): null

2020-11-11 23:11:24 - [TEST_STEP][PASSED] - comparePS.ProposalASL1.ComparePS(strNoAPK, excelRow): comparePS.ProposalASL1.ComparePS is PASSED

2020-11-11 23:11:25 - [MESSAGE][PASSED] - comparePS.ProposalASL1.ComparePS is PASSED

2020-11-11 23:11:25 - [TEST_STEP][PASSED] - comparePS.KeywordPS.callStatus(strNoAPK, "sheetAPK1", 17): comparePS.KeywordPS.callStatus is PASSED

2020-11-11 23:11:25 - [MESSAGE][PASSED] - comparePS.KeywordPS.callStatus is PASSED

2020-11-11 23:11:25 - [TEST_STEP][PASSED] - strGlbStatus = "": null

2020-11-11 23:11:25 - [TEST_STEP][PASSED] - strGlbKeterangan = "": null

2020-11-11 23:11:25 - [TEST_STEP][PASSED] - runTime.reset(): null

2020-11-11 23:11:25 - [TEST_STEP][PASSED] - runTime.start(): null

2020-11-11 23:11:25 - [TEST_STEP][PASSED] - dataCompareAPK = findTestData("dt-1/dt_APK"): null

2020-11-11 23:11:26 - [TEST_STEP][PASSED] - strNoAPK = dataCompareAPK.getValue("NO", excelRow): null

2020-11-11 23:11:26 - [TEST_STEP][PASSED] - comparePS.ProposalASL1.ComparePS(strNoAPK, excelRow): comparePS.ProposalASL1.ComparePS is PASSED

2020-11-11 23:11:26 - [MESSAGE][PASSED] - comparePS.ProposalASL1.ComparePS is PASSED

2020-11-11 23:11:26 - [TEST_STEP][PASSED] - comparePS.KeywordPS.callStatus(strNoAPK, "sheetAPK1", 17): comparePS.KeywordPS.callStatus is PASSED

2020-11-11 23:11:26 - [MESSAGE][PASSED] - comparePS.KeywordPS.callStatus is PASSED

2020-11-11 23:11:26 - [TEST_STEP][PASSED] - strGlbStatus = "": null

2020-11-11 23:11:26 - [TEST_STEP][PASSED] - strGlbKeterangan = "": null

2020-11-11 23:11:26 - [TEST_STEP][PASSED] - runTime.reset(): null

2020-11-11 23:11:26 - [TEST_STEP][PASSED] - runTime.start(): null

2020-11-11 23:11:26 - [TEST_STEP][PASSED] - dataCompareAPK = findTestData("dt-1/dt_APK"): null

2020-11-11 23:11:27 - [TEST_STEP][PASSED] - strNoAPK = dataCompareAPK.getValue("NO", excelRow): null

2020-11-11 23:11:27 - [TEST_STEP][PASSED] - comparePS.ProposalASL1.ComparePS(strNoAPK, excelRow): comparePS.ProposalASL1.ComparePS is PASSED

2020-11-11 23:11:27 - [MESSAGE][PASSED] - comparePS.ProposalASL1.ComparePS is PASSED

2020-11-11 23:11:27 - [TEST_STEP][PASSED] - comparePS.KeywordPS.callStatus(strNoAPK, "sheetAPK1", 17): comparePS.KeywordPS.callStatus is PASSED

2020-11-11 23:11:27 - [MESSAGE][PASSED] - comparePS.KeywordPS.callStatus is PASSED

2020-11-11 23:11:27 - [TEST_STEP][PASSED] - strGlbStatus = "": null

2020-11-11 23:11:27 - [TEST_STEP][PASSED] - strGlbKeterangan = "": null

2020-11-11 23:11:27 - [TEST_STEP][PASSED] - runTime.reset(): null

2020-11-11 23:11:27 - [TEST_STEP][PASSED] - runTime.start(): null

2020-11-11 23:11:27 - [TEST_STEP][PASSED] - dataCompareAPK = findTestData("dt-1/dt_APK"): null

2020-11-11 23:11:27 - [TEST_STEP][PASSED] - strNoAPK = dataCompareAPK.getValue("NO", excelRow): null

2020-11-11 23:11:27 - [TEST_STEP][PASSED] - comparePS.ProposalASL1.ComparePS(strNoAPK, excelRow): comparePS.ProposalASL1.ComparePS is PASSED

2020-11-11 23:11:27 - [MESSAGE][PASSED] - comparePS.ProposalASL1.ComparePS is PASSED

2020-11-11 23:11:27 - [TEST_STEP][PASSED] - comparePS.KeywordPS.callStatus(strNoAPK, "sheetAPK1", 17): comparePS.KeywordPS.callStatus is PASSED

2020-11-11 23:11:28 - [MESSAGE][PASSED] - comparePS.KeywordPS.callStatus is PASSED

2020-11-11 23:11:28 - [TEST_STEP][PASSED] - strGlbStatus = "": null

2020-11-11 23:11:28 - [TEST_STEP][PASSED] - strGlbKeterangan = "": null

2020-11-11 23:11:28 - [TEST_STEP][PASSED] - runTime.reset(): null

2020-11-11 23:11:28 - [TEST_STEP][PASSED] - runTime.start(): null

2020-11-11 23:11:28 - [TEST_STEP][PASSED] - dataCompareAPK = findTestData("dt-1/dt_APK"): null

2020-11-11 23:11:28 - [TEST_STEP][PASSED] - strNoAPK = dataCompareAPK.getValue("NO", excelRow): null

2020-11-11 23:11:28 - [TEST_STEP][PASSED] - comparePS.ProposalASL1.ComparePS(strNoAPK, excelRow): comparePS.ProposalASL1.ComparePS is PASSED

2020-11-11 23:11:28 - [MESSAGE][PASSED] - comparePS.ProposalASL1.ComparePS is PASSED

2020-11-11 23:11:28 - [TEST_STEP][PASSED] - comparePS.KeywordPS.callStatus(strNoAPK, "sheetAPK1", 17): comparePS.KeywordPS.callStatus is PASSED

2020-11-11 23:11:28 - [MESSAGE][PASSED] - comparePS.KeywordPS.callStatus is PASSED

2020-11-11 23:11:28 - [TEST_STEP][PASSED] - strGlbStatus = "": null

2020-11-11 23:11:28 - [TEST_STEP][PASSED] - strGlbKeterangan = "": null

2020-11-11 23:11:28 - [TEST_STEP][PASSED] - runTime.reset(): null

2020-11-11 23:11:28 - [TEST_STEP][PASSED] - runTime.start(): null

2020-11-11 23:11:28 - [TEST_STEP][PASSED] - dataCompareAPK = findTestData("dt-1/dt_APK"): null

2020-11-11 23:11:28 - [TEST_STEP][PASSED] - strNoAPK = dataCompareAPK.getValue("NO", excelRow): null

2020-11-11 23:11:28 - [TEST_STEP][PASSED] - comparePS.ProposalASL1.ComparePS(strNoAPK, excelRow): comparePS.ProposalASL1.ComparePS is PASSED

2020-11-11 23:11:29 - [MESSAGE][PASSED] - comparePS.ProposalASL1.ComparePS is PASSED

2020-11-11 23:11:29 - [TEST_STEP][PASSED] - comparePS.KeywordPS.callStatus(strNoAPK, "sheetAPK1", 17): comparePS.KeywordPS.callStatus is PASSED

2020-11-11 23:11:29 - [MESSAGE][PASSED] - comparePS.KeywordPS.callStatus is PASSED

2020-11-11 23:11:29 - [TEST_STEP][PASSED] - strGlbStatus = "": null

2020-11-11 23:11:29 - [TEST_STEP][PASSED] - strGlbKeterangan = "": null

2020-11-11 23:11:29 - [TEST_STEP][PASSED] - runTime.reset(): null

2020-11-11 23:11:29 - [TEST_STEP][PASSED] - runTime.start(): null

2020-11-11 23:11:29 - [TEST_STEP][PASSED] - dataCompareAPK = findTestData("dt-1/dt_APK"): null

2020-11-11 23:11:29 - [TEST_STEP][PASSED] - strNoAPK = dataCompareAPK.getValue("NO", excelRow): null

2020-11-11 23:11:29 - [TEST_STEP][PASSED] - comparePS.ProposalASL1.ComparePS(strNoAPK, excelRow): comparePS.ProposalASL1.ComparePS is PASSED

2020-11-11 23:11:29 - [MESSAGE][PASSED] - comparePS.ProposalASL1.ComparePS is PASSED

2020-11-11 23:11:29 - [TEST_STEP][PASSED] - comparePS.KeywordPS.callStatus(strNoAPK, "sheetAPK1", 17): comparePS.KeywordPS.callStatus is PASSED

2020-11-11 23:11:29 - [MESSAGE][PASSED] - comparePS.KeywordPS.callStatus is PASSED

2020-11-11 23:11:29 - [TEST_STEP][PASSED] - strGlbStatus = "": null

2020-11-11 23:11:29 - [TEST_STEP][PASSED] - strGlbKeterangan = "": null

2020-11-11 23:11:29 - [TEST_STEP][PASSED] - runTime.reset(): null

2020-11-11 23:11:29 - [TEST_STEP][PASSED] - runTime.start(): null

2020-11-11 23:11:29 - [TEST_STEP][PASSED] - dataCompareAPK = findTestData("dt-1/dt_APK"): null

2020-11-11 23:11:29 - [TEST_STEP][PASSED] - strNoAPK = dataCompareAPK.getValue("NO", excelRow): null

2020-11-11 23:11:29 - [TEST_STEP][PASSED] - comparePS.ProposalASL1.ComparePS(strNoAPK, excelRow): comparePS.ProposalASL1.ComparePS is PASSED

2020-11-11 23:11:29 - [MESSAGE][PASSED] - comparePS.ProposalASL1.ComparePS is PASSED

2020-11-11 23:11:29 - [TEST_STEP][PASSED] - comparePS.KeywordPS.callStatus(strNoAPK, "sheetAPK1", 17): comparePS.KeywordPS.callStatus is PASSED

2020-11-11 23:11:30 - [MESSAGE][PASSED] - comparePS.KeywordPS.callStatus is PASSED

2020-11-11 23:11:30 - [TEST_STEP][PASSED] - strGlbStatus = "": null

2020-11-11 23:11:30 - [TEST_STEP][PASSED] - strGlbKeterangan = "": null

2020-11-11 23:11:30 - [TEST_STEP][PASSED] - runTime.reset(): null

2020-11-11 23:11:30 - [TEST_STEP][PASSED] - runTime.start(): null

2020-11-11 23:11:30 - [TEST_STEP][PASSED] - dataCompareAPK = findTestData("dt-1/dt_APK"): null

2020-11-11 23:11:30 - [TEST_STEP][PASSED] - strNoAPK = dataCompareAPK.getValue("NO", excelRow): null

2020-11-11 23:11:30 - [TEST_STEP][PASSED] - comparePS.ProposalASL1.ComparePS(strNoAPK, excelRow): comparePS.ProposalASL1.ComparePS is PASSED

2020-11-11 23:11:30 - [MESSAGE][PASSED] - comparePS.ProposalASL1.ComparePS is PASSED

2020-11-11 23:11:30 - [TEST_STEP][PASSED] - comparePS.KeywordPS.callStatus(strNoAPK, "sheetAPK1", 17): comparePS.KeywordPS.callStatus is PASSED

2020-11-11 23:11:30 - [MESSAGE][PASSED] - comparePS.KeywordPS.callStatus is PASSED

2020-11-11 23:11:30 - [TEST_STEP][PASSED] - strGlbStatus = "": null

2020-11-11 23:11:30 - [TEST_STEP][PASSED] - strGlbKeterangan = "": null

2020-11-11 23:11:30 - [TEST_STEP][PASSED] - runTime.reset(): null

2020-11-11 23:11:30 - [TEST_STEP][PASSED] - runTime.start(): null

2020-11-11 23:11:30 - [TEST_STEP][PASSED] - dataCompareAPK = findTestData("dt-1/dt_APK"): null

2020-11-11 23:11:30 - [TEST_STEP][PASSED] - strNoAPK = dataCompareAPK.getValue("NO", excelRow): null

2020-11-11 23:11:30 - [TEST_STEP][PASSED] - comparePS.ProposalASL1.ComparePS(strNoAPK, excelRow): comparePS.ProposalASL1.ComparePS is PASSED

2020-11-11 23:11:30 - [MESSAGE][PASSED] - comparePS.ProposalASL1.ComparePS is PASSED

2020-11-11 23:11:30 - [TEST_STEP][PASSED] - comparePS.KeywordPS.callStatus(strNoAPK, "sheetAPK1", 17): comparePS.KeywordPS.callStatus is PASSED

2020-11-11 23:11:31 - [MESSAGE][PASSED] - comparePS.KeywordPS.callStatus is PASSED

2020-11-11 23:11:31 - [TEST_STEP][PASSED] - strGlbStatus = "": null

2020-11-11 23:11:31 - [TEST_STEP][PASSED] - strGlbKeterangan = "": null

2020-11-11 23:11:31 - [TEST_STEP][PASSED] - runTime.reset(): null

2020-11-11 23:11:31 - [TEST_STEP][PASSED] - runTime.start(): null

2020-11-11 23:11:31 - [TEST_STEP][PASSED] - dataCompareAPK = findTestData("dt-1/dt_APK"): null

2020-11-11 23:11:31 - [TEST_STEP][PASSED] - strNoAPK = dataCompareAPK.getValue("NO", excelRow): null

2020-11-11 23:11:31 - [TEST_STEP][PASSED] - comparePS.ProposalASL1.ComparePS(strNoAPK, excelRow): comparePS.ProposalASL1.ComparePS is PASSED

2020-11-11 23:11:31 - [MESSAGE][PASSED] - comparePS.ProposalASL1.ComparePS is PASSED

2020-11-11 23:11:31 - [TEST_STEP][PASSED] - comparePS.KeywordPS.callStatus(strNoAPK, "sheetAPK1", 17): comparePS.KeywordPS.callStatus is PASSED

2020-11-11 23:11:31 - [MESSAGE][PASSED] - comparePS.KeywordPS.callStatus is PASSED

2020-11-11 23:11:31 - [TEST_STEP][PASSED] - strGlbStatus = "": null

2020-11-11 23:11:31 - [TEST_STEP][PASSED] - strGlbKeterangan = "": null

2020-11-11 23:11:31 - [TEST_STEP][PASSED] - runTime.reset(): null

2020-11-11 23:11:31 - [TEST_STEP][PASSED] - runTime.start(): null

2020-11-11 23:11:31 - [TEST_STEP][PASSED] - dataCompareAPK = findTestData("dt-1/dt_APK"): null

2020-11-11 23:11:31 - [TEST_STEP][PASSED] - strNoAPK = dataCompareAPK.getValue("NO", excelRow): null

2020-11-11 23:11:31 - [TEST_STEP][PASSED] - comparePS.ProposalASL1.ComparePS(strNoAPK, excelRow): comparePS.ProposalASL1.ComparePS is PASSED

2020-11-11 23:11:31 - [MESSAGE][PASSED] - comparePS.ProposalASL1.ComparePS is PASSED

2020-11-11 23:11:31 - [TEST_STEP][PASSED] - comparePS.KeywordPS.callStatus(strNoAPK, "sheetAPK1", 17): comparePS.KeywordPS.callStatus is PASSED

2020-11-11 23:11:31 - [MESSAGE][PASSED] - comparePS.KeywordPS.callStatus is PASSED

2020-11-11 23:11:31 - [TEST_STEP][PASSED] - strGlbStatus = "": null

2020-11-11 23:11:31 - [TEST_STEP][PASSED] - strGlbKeterangan = "": null

2020-11-11 23:11:31 - [TEST_STEP][PASSED] - runTime.reset(): null

2020-11-11 23:11:31 - [TEST_STEP][PASSED] - runTime.start(): null

2020-11-11 23:11:31 - [TEST_STEP][PASSED] - dataCompareAPK = findTestData("dt-1/dt_APK"): null

2020-11-11 23:11:32 - [TEST_STEP][PASSED] - strNoAPK = dataCompareAPK.getValue("NO", excelRow): null

2020-11-11 23:11:32 - [TEST_STEP][PASSED] - comparePS.ProposalASL1.ComparePS(strNoAPK, excelRow): comparePS.ProposalASL1.ComparePS is PASSED

2020-11-11 23:11:32 - [MESSAGE][PASSED] - comparePS.ProposalASL1.ComparePS is PASSED

2020-11-11 23:11:32 - [TEST_STEP][PASSED] - comparePS.KeywordPS.callStatus(strNoAPK, "sheetAPK1", 17): comparePS.KeywordPS.callStatus is PASSED

2020-11-11 23:11:32 - [MESSAGE][PASSED] - comparePS.KeywordPS.callStatus is PASSED

2020-11-11 23:11:32 - [TEST_STEP][PASSED] - strGlbStatus = "": null

2020-11-11 23:11:32 - [TEST_STEP][PASSED] - strGlbKeterangan = "": null

2020-11-11 23:11:32 - [TEST_STEP][PASSED] - runTime.reset(): null

2020-11-11 23:11:32 - [TEST_STEP][PASSED] - runTime.start(): null

2020-11-11 23:11:32 - [TEST_STEP][PASSED] - dataCompareAPK = findTestData("dt-1/dt_APK"): null

2020-11-11 23:11:32 - [TEST_STEP][PASSED] - strNoAPK = dataCompareAPK.getValue("NO", excelRow): null

2020-11-11 23:11:32 - [TEST_STEP][PASSED] - comparePS.ProposalASL1.ComparePS(strNoAPK, excelRow): comparePS.ProposalASL1.ComparePS is PASSED

2020-11-11 23:11:32 - [MESSAGE][PASSED] - comparePS.ProposalASL1.ComparePS is PASSED

2020-11-11 23:11:32 - [TEST_STEP][PASSED] - comparePS.KeywordPS.callStatus(strNoAPK, "sheetAPK1", 17): comparePS.KeywordPS.callStatus is PASSED

2020-11-11 23:11:32 - [MESSAGE][PASSED] - comparePS.KeywordPS.callStatus is PASSED

2020-11-11 23:11:32 - [TEST_STEP][PASSED] - strGlbStatus = "": null

2020-11-11 23:11:32 - [TEST_STEP][PASSED] - strGlbKeterangan = "": null

2020-11-11 23:11:32 - [TEST_STEP][PASSED] - runTime.reset(): null

2020-11-11 23:11:32 - [TEST_STEP][PASSED] - runTime.start(): null

2020-11-11 23:11:32 - [TEST_STEP][PASSED] - dataCompareAPK = findTestData("dt-1/dt_APK"): null

2020-11-11 23:11:32 - [TEST_STEP][PASSED] - strNoAPK = dataCompareAPK.getValue("NO", excelRow): null

2020-11-11 23:11:32 - [TEST_STEP][PASSED] - comparePS.ProposalASL1.ComparePS(strNoAPK, excelRow): comparePS.ProposalASL1.ComparePS is PASSED

2020-11-11 23:11:33 - [MESSAGE][PASSED] - comparePS.ProposalASL1.ComparePS is PASSED

2020-11-11 23:11:33 - [TEST_STEP][PASSED] - comparePS.KeywordPS.callStatus(strNoAPK, "sheetAPK1", 17): comparePS.KeywordPS.callStatus is PASSED

2020-11-11 23:11:33 - [MESSAGE][PASSED] - comparePS.KeywordPS.callStatus is PASSED

2020-11-11 23:11:33 - [TEST_STEP][PASSED] - strGlbStatus = "": null

2020-11-11 23:11:33 - [TEST_STEP][PASSED] - strGlbKeterangan = "": null

2020-11-11 23:11:33 - [TEST_STEP][PASSED] - runTime.reset(): null

2020-11-11 23:11:33 - [TEST_STEP][PASSED] - runTime.start(): null

2020-11-11 23:11:33 - [TEST_STEP][PASSED] - dataCompareAPK = findTestData("dt-1/dt_APK"): null

2020-11-11 23:11:33 - [TEST_STEP][PASSED] - strNoAPK = dataCompareAPK.getValue("NO", excelRow): null

2020-11-11 23:11:33 - [TEST_STEP][PASSED] - comparePS.ProposalASL1.ComparePS(strNoAPK, excelRow): comparePS.ProposalASL1.ComparePS is PASSED

2020-11-11 23:11:33 - [MESSAGE][PASSED] - comparePS.ProposalASL1.ComparePS is PASSED

2020-11-11 23:11:33 - [TEST_STEP][PASSED] - comparePS.KeywordPS.callStatus(strNoAPK, "sheetAPK1", 17): comparePS.KeywordPS.callStatus is PASSED

2020-11-11 23:11:33 - [MESSAGE][PASSED] - comparePS.KeywordPS.callStatus is PASSED

2020-11-11 23:11:33 - [TEST_STEP][PASSED] - strGlbStatus = "": null

2020-11-11 23:11:33 - [TEST_STEP][PASSED] - strGlbKeterangan = "": null

2020-11-11 23:11:33 - [TEST_STEP][PASSED] - runTime.reset(): null

2020-11-11 23:11:33 - [TEST_STEP][PASSED] - runTime.start(): null

2020-11-11 23:11:33 - [TEST_STEP][PASSED] - dataCompareAPK = findTestData("dt-1/dt_APK"): null

2020-11-11 23:11:33 - [TEST_STEP][PASSED] - strNoAPK = dataCompareAPK.getValue("NO", excelRow): null

2020-11-11 23:11:33 - [TEST_STEP][PASSED] - comparePS.ProposalASL1.ComparePS(strNoAPK, excelRow): comparePS.ProposalASL1.ComparePS is PASSED

2020-11-11 23:11:33 - [MESSAGE][PASSED] - comparePS.ProposalASL1.ComparePS is PASSED

2020-11-11 23:11:33 - [TEST_STEP][PASSED] - comparePS.KeywordPS.callStatus(strNoAPK, "sheetAPK1", 17): comparePS.KeywordPS.callStatus is PASSED

2020-11-11 23:11:33 - [MESSAGE][PASSED] - comparePS.KeywordPS.callStatus is PASSED

2020-11-11 23:11:33 - [TEST_STEP][PASSED] - strGlbStatus = "": null

2020-11-11 23:11:33 - [TEST_STEP][PASSED] - strGlbKeterangan = "": null

2020-11-11 23:11:33 - [TEST_STEP][PASSED] - runTime.reset(): null

2020-11-11 23:11:33 - [TEST_STEP][PASSED] - runTime.start(): null

2020-11-11 23:11:33 - [TEST_STEP][PASSED] - dataCompareAPK = findTestData("dt-1/dt_APK"): null

2020-11-11 23:11:34 - [TEST_STEP][PASSED] - strNoAPK = dataCompareAPK.getValue("NO", excelRow): null

2020-11-11 23:11:34 - [TEST_STEP][PASSED] - comparePS.ProposalASL1.ComparePS(strNoAPK, excelRow): comparePS.ProposalASL1.ComparePS is PASSED

2020-11-11 23:11:34 - [MESSAGE][PASSED] - comparePS.ProposalASL1.ComparePS is PASSED

2020-11-11 23:11:34 - [TEST_STEP][PASSED] - comparePS.KeywordPS.callStatus(strNoAPK, "sheetAPK1", 17): comparePS.KeywordPS.callStatus is PASSED

2020-11-11 23:11:34 - [MESSAGE][PASSED] - comparePS.KeywordPS.callStatus is PASSED

2020-11-11 23:11:34 - [TEST_STEP][PASSED] - strGlbStatus = "": null

2020-11-11 23:11:34 - [TEST_STEP][PASSED] - strGlbKeterangan = "": null

2020-11-11 23:11:34 - [TEST_STEP][PASSED] - runTime.reset(): null

2020-11-11 23:11:34 - [TEST_STEP][PASSED] - runTime.start(): null

2020-11-11 23:11:34 - [TEST_STEP][PASSED] - dataCompareAPK = findTestData("dt-1/dt_APK"): null

2020-11-11 23:11:34 - [TEST_STEP][PASSED] - strNoAPK = dataCompareAPK.getValue("NO", excelRow): null

2020-11-11 23:11:34 - [TEST_STEP][PASSED] - comparePS.ProposalASL1.ComparePS(strNoAPK, excelRow): comparePS.ProposalASL1.ComparePS is PASSED

2020-11-11 23:11:34 - [MESSAGE][PASSED] - comparePS.ProposalASL1.ComparePS is PASSED

2020-11-11 23:11:34 - [TEST_STEP][PASSED] - comparePS.KeywordPS.callStatus(strNoAPK, "sheetAPK1", 17): comparePS.KeywordPS.callStatus is PASSED

2020-11-11 23:11:34 - [MESSAGE][PASSED] - comparePS.KeywordPS.callStatus is PASSED

2020-11-11 23:11:34 - [TEST_STEP][PASSED] - strGlbStatus = "": null

2020-11-11 23:11:34 - [TEST_STEP][PASSED] - strGlbKeterangan = "": null

2020-11-11 23:11:34 - [TEST_STEP][PASSED] - runTime.reset(): null

2020-11-11 23:11:34 - [TEST_STEP][PASSED] - runTime.start(): null

2020-11-11 23:11:34 - [TEST_STEP][PASSED] - dataCompareAPK = findTestData("dt-1/dt_APK"): null

2020-11-11 23:11:34 - [TEST_STEP][PASSED] - strNoAPK = dataCompareAPK.getValue("NO", excelRow): null

2020-11-11 23:11:34 - [TEST_STEP][PASSED] - comparePS.ProposalASL1.ComparePS(strNoAPK, excelRow): comparePS.ProposalASL1.ComparePS is PASSED

2020-11-11 23:11:34 - [MESSAGE][PASSED] - comparePS.ProposalASL1.ComparePS is PASSED

2020-11-11 23:11:34 - [TEST_STEP][PASSED] - comparePS.KeywordPS.callStatus(strNoAPK, "sheetAPK1", 17): comparePS.KeywordPS.callStatus is PASSED

2020-11-11 23:11:35 - [MESSAGE][PASSED] - comparePS.KeywordPS.callStatus is PASSED

2020-11-11 23:11:35 - [TEST_STEP][PASSED] - strGlbStatus = "": null

2020-11-11 23:11:35 - [TEST_STEP][PASSED] - strGlbKeterangan = "": null

2020-11-11 23:11:35 - [TEST_STEP][PASSED] - runTime.reset(): null

2020-11-11 23:11:35 - [TEST_STEP][PASSED] - runTime.start(): null

2020-11-11 23:11:35 - [TEST_STEP][PASSED] - dataCompareAPK = findTestData("dt-1/dt_APK"): null

2020-11-11 23:11:35 - [TEST_STEP][PASSED] - strNoAPK = dataCompareAPK.getValue("NO", excelRow): null

2020-11-11 23:11:35 - [TEST_STEP][PASSED] - comparePS.ProposalASL1.ComparePS(strNoAPK, excelRow): comparePS.ProposalASL1.ComparePS is PASSED

2020-11-11 23:11:35 - [MESSAGE][PASSED] - comparePS.ProposalASL1.ComparePS is PASSED

2020-11-11 23:11:35 - [TEST_STEP][PASSED] - comparePS.KeywordPS.callStatus(strNoAPK, "sheetAPK1", 17): comparePS.KeywordPS.callStatus is PASSED

2020-11-11 23:11:35 - [MESSAGE][PASSED] - comparePS.KeywordPS.callStatus is PASSED

2020-11-11 23:11:35 - [TEST_STEP][PASSED] - strGlbStatus = "": null

2020-11-11 23:11:35 - [TEST_STEP][PASSED] - strGlbKeterangan = "": null

2020-11-11 23:11:35 - [TEST_STEP][PASSED] - runTime.reset(): null

2020-11-11 23:11:35 - [TEST_STEP][PASSED] - runTime.start(): null

2020-11-11 23:11:35 - [TEST_STEP][PASSED] - dataCompareAPK = findTestData("dt-1/dt_APK"): null

2020-11-11 23:11:35 - [TEST_STEP][PASSED] - strNoAPK = dataCompareAPK.getValue("NO", excelRow): null

2020-11-11 23:11:35 - [TEST_STEP][PASSED] - comparePS.ProposalASL1.ComparePS(strNoAPK, excelRow): comparePS.ProposalASL1.ComparePS is PASSED

2020-11-11 23:11:35 - [MESSAGE][PASSED] - comparePS.ProposalASL1.ComparePS is PASSED

2020-11-11 23:11:35 - [TEST_STEP][PASSED] - comparePS.KeywordPS.callStatus(strNoAPK, "sheetAPK1", 17): comparePS.KeywordPS.callStatus is PASSED

2020-11-11 23:11:35 - [MESSAGE][PASSED] - comparePS.KeywordPS.callStatus is PASSED

2020-11-11 23:11:35 - [TEST_STEP][PASSED] - strGlbStatus = "": null

2020-11-11 23:11:35 - [TEST_STEP][PASSED] - strGlbKeterangan = "": null

2020-11-11 23:11:35 - [TEST_STEP][PASSED] - runTime.reset(): null

2020-11-11 23:11:35 - [TEST_STEP][PASSED] - runTime.start(): null

2020-11-11 23:11:35 - [TEST_STEP][PASSED] - dataCompareAPK = findTestData("dt-1/dt_APK"): null

2020-11-11 23:11:35 - [TEST_STEP][PASSED] - strNoAPK = dataCompareAPK.getValue("NO", excelRow): null

2020-11-11 23:11:35 - [TEST_STEP][PASSED] - comparePS.ProposalASL1.ComparePS(strNoAPK, excelRow): comparePS.ProposalASL1.ComparePS is PASSED

2020-11-11 23:11:36 - [MESSAGE][PASSED] - comparePS.ProposalASL1.ComparePS is PASSED

2020-11-11 23:11:36 - [TEST_STEP][PASSED] - comparePS.KeywordPS.callStatus(strNoAPK, "sheetAPK1", 17): comparePS.KeywordPS.callStatus is PASSED

2020-11-11 23:11:36 - [MESSAGE][PASSED] - comparePS.KeywordPS.callStatus is PASSED

2020-11-11 23:11:36 - [TEST_STEP][PASSED] - strGlbStatus = "": null

2020-11-11 23:11:36 - [TEST_STEP][PASSED] - strGlbKeterangan = "": null

2020-11-11 23:11:36 - [TEST_STEP][PASSED] - runTime.reset(): null

2020-11-11 23:11:36 - [TEST_STEP][PASSED] - runTime.start(): null

2020-11-11 23:11:36 - [TEST_STEP][PASSED] - dataCompareAPK = findTestData("dt-1/dt_APK"): null

2020-11-11 23:11:36 - [TEST_STEP][PASSED] - strNoAPK = dataCompareAPK.getValue("NO", excelRow): null

2020-11-11 23:11:36 - [TEST_STEP][PASSED] - comparePS.ProposalASL1.ComparePS(strNoAPK, excelRow): comparePS.ProposalASL1.ComparePS is PASSED

2020-11-11 23:11:36 - [MESSAGE][PASSED] - comparePS.ProposalASL1.ComparePS is PASSED

2020-11-11 23:11:36 - [TEST_STEP][PASSED] - comparePS.KeywordPS.callStatus(strNoAPK, "sheetAPK1", 17): comparePS.KeywordPS.callStatus is PASSED

2020-11-11 23:11:36 - [MESSAGE][PASSED] - comparePS.KeywordPS.callStatus is PASSED

2020-11-11 23:11:36 - [TEST_STEP][PASSED] - strGlbStatus = "": null

2020-11-11 23:11:36 - [TEST_STEP][PASSED] - strGlbKeterangan = "": null

2020-11-11 23:11:36 - [TEST_STEP][PASSED] - runTime.reset(): null

2020-11-11 23:11:36 - [TEST_STEP][PASSED] - runTime.start(): null

2020-11-11 23:11:36 - [TEST_STEP][PASSED] - dataCompareAPK = findTestData("dt-1/dt_APK"): null

2020-11-11 23:11:36 - [TEST_STEP][PASSED] - strNoAPK = dataCompareAPK.getValue("NO", excelRow): null

2020-11-11 23:11:36 - [TEST_STEP][PASSED] - comparePS.ProposalASL1.ComparePS(strNoAPK, excelRow): comparePS.ProposalASL1.ComparePS is PASSED

2020-11-11 23:11:36 - [MESSAGE][PASSED] - comparePS.ProposalASL1.ComparePS is PASSED

2020-11-11 23:11:36 - [TEST_STEP][PASSED] - comparePS.KeywordPS.callStatus(strNoAPK, "sheetAPK1", 17): comparePS.KeywordPS.callStatus is PASSED

2020-11-11 23:11:37 - [MESSAGE][PASSED] - comparePS.KeywordPS.callStatus is PASSED

2020-11-11 23:11:37 - [TEST_STEP][PASSED] - strGlbStatus = "": null

2020-11-11 23:11:37 - [TEST_STEP][PASSED] - strGlbKeterangan = "": null

2020-11-11 23:11:37 - [TEST_STEP][PASSED] - runTime.reset(): null

2020-11-11 23:11:37 - [TEST_STEP][PASSED] - runTime.start(): null

2020-11-11 23:11:37 - [TEST_STEP][PASSED] - dataCompareAPK = findTestData("dt-1/dt_APK"): null

2020-11-11 23:11:37 - [TEST_STEP][PASSED] - strNoAPK = dataCompareAPK.getValue("NO", excelRow): null

2020-11-11 23:11:37 - [TEST_STEP][PASSED] - comparePS.ProposalASL1.ComparePS(strNoAPK, excelRow): comparePS.ProposalASL1.ComparePS is PASSED

2020-11-11 23:11:37 - [MESSAGE][PASSED] - comparePS.ProposalASL1.ComparePS is PASSED

2020-11-11 23:11:37 - [TEST_STEP][PASSED] - comparePS.KeywordPS.callStatus(strNoAPK, "sheetAPK1", 17): comparePS.KeywordPS.callStatus is PASSED

2020-11-11 23:11:37 - [MESSAGE][PASSED] - comparePS.KeywordPS.callStatus is PASSED

2020-11-11 23:11:37 - [TEST_STEP][PASSED] - strGlbStatus = "": null

2020-11-11 23:11:37 - [TEST_STEP][PASSED] - strGlbKeterangan = "": null

2020-11-11 23:11:37 - [TEST_STEP][PASSED] - runTime.reset(): null

2020-11-11 23:11:37 - [TEST_STEP][PASSED] - runTime.start(): null

2020-11-11 23:11:37 - [TEST_STEP][PASSED] - dataCompareAPK = findTestData("dt-1/dt_APK"): null

2020-11-11 23:11:37 - [TEST_STEP][PASSED] - strNoAPK = dataCompareAPK.getValue("NO", excelRow): null

2020-11-11 23:11:37 - [TEST_STEP][PASSED] - comparePS.ProposalASL1.ComparePS(strNoAPK, excelRow): comparePS.ProposalASL1.ComparePS is PASSED

2020-11-11 23:11:37 - [MESSAGE][PASSED] - comparePS.ProposalASL1.ComparePS is PASSED

2020-11-11 23:11:37 - [TEST_STEP][PASSED] - comparePS.KeywordPS.callStatus(strNoAPK, "sheetAPK1", 17): comparePS.KeywordPS.callStatus is PASSED

2020-11-11 23:11:37 - [MESSAGE][PASSED] - comparePS.KeywordPS.callStatus is PASSED

2020-11-11 23:11:37 - [TEST_STEP][PASSED] - strGlbStatus = "": null

2020-11-11 23:11:37 - [TEST_STEP][PASSED] - strGlbKeterangan = "": null

2020-11-11 23:11:37 - [TEST_STEP][PASSED] - runTime.reset(): null

2020-11-11 23:11:37 - [TEST_STEP][PASSED] - runTime.start(): null

2020-11-11 23:11:37 - [TEST_STEP][PASSED] - dataCompareAPK = findTestData("dt-1/dt_APK"): null

2020-11-11 23:11:37 - [TEST_STEP][PASSED] - strNoAPK = dataCompareAPK.getValue("NO", excelRow): null

2020-11-11 23:11:37 - [TEST_STEP][PASSED] - comparePS.ProposalASL1.ComparePS(strNoAPK, excelRow): comparePS.ProposalASL1.ComparePS is PASSED

2020-11-11 23:11:38 - [MESSAGE][PASSED] - comparePS.ProposalASL1.ComparePS is PASSED

2020-11-11 23:11:38 - [TEST_STEP][PASSED] - comparePS.KeywordPS.callStatus(strNoAPK, "sheetAPK1", 17): comparePS.KeywordPS.callStatus is PASSED

2020-11-11 23:11:38 - [MESSAGE][PASSED] - comparePS.KeywordPS.callStatus is PASSED

2020-11-11 23:11:38 - [TEST_STEP][PASSED] - strGlbStatus = "": null

2020-11-11 23:11:38 - [TEST_STEP][PASSED] - strGlbKeterangan = "": null

2020-11-11 23:11:38 - [TEST_STEP][PASSED] - runTime.reset(): null

2020-11-11 23:11:38 - [TEST_STEP][PASSED] - runTime.start(): null

2020-11-11 23:11:38 - [TEST_STEP][PASSED] - dataCompareAPK = findTestData("dt-1/dt_APK"): null

2020-11-11 23:11:38 - [TEST_STEP][PASSED] - strNoAPK = dataCompareAPK.getValue("NO", excelRow): null

2020-11-11 23:11:38 - [TEST_STEP][PASSED] - comparePS.ProposalASL1.ComparePS(strNoAPK, excelRow): comparePS.ProposalASL1.ComparePS is PASSED

2020-11-11 23:11:38 - [MESSAGE][PASSED] - comparePS.ProposalASL1.ComparePS is PASSED

2020-11-11 23:11:38 - [TEST_STEP][PASSED] - comparePS.KeywordPS.callStatus(strNoAPK, "sheetAPK1", 17): comparePS.KeywordPS.callStatus is PASSED

2020-11-11 23:11:38 - [MESSAGE][PASSED] - comparePS.KeywordPS.callStatus is PASSED

2020-11-11 23:11:38 - [TEST_STEP][PASSED] - strGlbStatus = "": null

2020-11-11 23:11:38 - [TEST_STEP][PASSED] - strGlbKeterangan = "": null

2020-11-11 23:11:38 - [TEST_STEP][PASSED] - runTime.reset(): null

2020-11-11 23:11:38 - [TEST_STEP][PASSED] - runTime.start(): null

2020-11-11 23:11:38 - [TEST_STEP][PASSED] - dataCompareAPK = findTestData("dt-1/dt_APK"): null

2020-11-11 23:11:38 - [TEST_STEP][PASSED] - strNoAPK = dataCompareAPK.getValue("NO", excelRow): null

2020-11-11 23:11:38 - [TEST_STEP][PASSED] - comparePS.ProposalASL1.ComparePS(strNoAPK, excelRow): comparePS.ProposalASL1.ComparePS is PASSED

2020-11-11 23:11:38 - [MESSAGE][PASSED] - comparePS.ProposalASL1.ComparePS is PASSED

2020-11-11 23:11:38 - [TEST_STEP][PASSED] - comparePS.KeywordPS.callStatus(strNoAPK, "sheetAPK1", 17): comparePS.KeywordPS.callStatus is PASSED

2020-11-11 23:11:39 - [MESSAGE][PASSED] - comparePS.KeywordPS.callStatus is PASSED

2020-11-11 23:11:39 - [TEST_STEP][PASSED] - strGlbStatus = "": null

2020-11-11 23:11:39 - [TEST_STEP][PASSED] - strGlbKeterangan = "": null

2020-11-11 23:11:39 - [TEST_STEP][PASSED] - runTime.reset(): null

2020-11-11 23:11:39 - [TEST_STEP][PASSED] - runTime.start(): null

2020-11-11 23:11:39 - [TEST_STEP][PASSED] - dataCompareAPK = findTestData("dt-1/dt_APK"): null

2020-11-11 23:11:39 - [TEST_STEP][PASSED] - strNoAPK = dataCompareAPK.getValue("NO", excelRow): null

2020-11-11 23:11:39 - [TEST_STEP][PASSED] - comparePS.ProposalASL1.ComparePS(strNoAPK, excelRow): comparePS.ProposalASL1.ComparePS is PASSED

2020-11-11 23:11:39 - [MESSAGE][PASSED] - comparePS.ProposalASL1.ComparePS is PASSED

2020-11-11 23:11:39 - [TEST_STEP][PASSED] - comparePS.KeywordPS.callStatus(strNoAPK, "sheetAPK1", 17): comparePS.KeywordPS.callStatus is PASSED

2020-11-11 23:11:39 - [MESSAGE][PASSED] - comparePS.KeywordPS.callStatus is PASSED

2020-11-11 23:11:39 - [TEST_STEP][PASSED] - strGlbStatus = "": null

2020-11-11 23:11:39 - [TEST_STEP][PASSED] - strGlbKeterangan = "": null

2020-11-11 23:11:39 - [TEST_STEP][PASSED] - runTime.reset(): null

2020-11-11 23:11:39 - [TEST_STEP][PASSED] - runTime.start(): null

2020-11-11 23:11:39 - [TEST_STEP][PASSED] - dataCompareAPK = findTestData("dt-1/dt_APK"): null

2020-11-11 23:11:39 - [TEST_STEP][PASSED] - strNoAPK = dataCompareAPK.getValue("NO", excelRow): null

2020-11-11 23:11:39 - [TEST_STEP][PASSED] - comparePS.ProposalASL1.ComparePS(strNoAPK, excelRow): comparePS.ProposalASL1.ComparePS is PASSED

2020-11-11 23:11:39 - [MESSAGE][PASSED] - comparePS.ProposalASL1.ComparePS is PASSED

2020-11-11 23:11:39 - [TEST_STEP][PASSED] - comparePS.KeywordPS.callStatus(strNoAPK, "sheetAPK1", 17): comparePS.KeywordPS.callStatus is PASSED

2020-11-11 23:11:39 - [MESSAGE][PASSED] - comparePS.KeywordPS.callStatus is PASSED

2020-11-11 23:11:39 - [TEST_STEP][PASSED] - strGlbStatus = "": null

2020-11-11 23:11:39 - [TEST_STEP][PASSED] - strGlbKeterangan = "": null

2020-11-11 23:11:39 - [TEST_STEP][PASSED] - runTime.reset(): null

2020-11-11 23:11:39 - [TEST_STEP][PASSED] - runTime.start(): null

2020-11-11 23:11:39 - [TEST_STEP][PASSED] - dataCompareAPK = findTestData("dt-1/dt_APK"): null

2020-11-11 23:11:39 - [TEST_STEP][PASSED] - strNoAPK = dataCompareAPK.getValue("NO", excelRow): null

2020-11-11 23:11:39 - [TEST_STEP][PASSED] - comparePS.ProposalASL1.ComparePS(strNoAPK, excelRow): comparePS.ProposalASL1.ComparePS is PASSED

2020-11-11 23:11:39 - [MESSAGE][PASSED] - comparePS.ProposalASL1.ComparePS is PASSED

2020-11-11 23:11:39 - [TEST_STEP][PASSED] - comparePS.KeywordPS.callStatus(strNoAPK, "sheetAPK1", 17): comparePS.KeywordPS.callStatus is PASSED

2020-11-11 23:11:40 - [MESSAGE][PASSED] - comparePS.KeywordPS.callStatus is PASSED

2020-11-11 23:11:40 - [TEST_STEP][PASSED] - strGlbStatus = "": null

2020-11-11 23:11:40 - [TEST_STEP][PASSED] - strGlbKeterangan = "": null

2020-11-11 23:11:40 - [TEST_STEP][PASSED] - runTime.reset(): null

2020-11-11 23:11:40 - [TEST_STEP][PASSED] - runTime.start(): null

2020-11-11 23:11:40 - [TEST_STEP][PASSED] - dataCompareAPK = findTestData("dt-1/dt_APK"): null

2020-11-11 23:11:40 - [TEST_STEP][PASSED] - strNoAPK = dataCompareAPK.getValue("NO", excelRow): null

2020-11-11 23:11:40 - [TEST_STEP][PASSED] - comparePS.ProposalASL1.ComparePS(strNoAPK, excelRow): comparePS.ProposalASL1.ComparePS is PASSED

2020-11-11 23:11:40 - [MESSAGE][PASSED] - comparePS.ProposalASL1.ComparePS is PASSED

2020-11-11 23:11:40 - [TEST_STEP][PASSED] - comparePS.KeywordPS.callStatus(strNoAPK, "sheetAPK1", 17): comparePS.KeywordPS.callStatus is PASSED

2020-11-11 23:11:40 - [MESSAGE][PASSED] - comparePS.KeywordPS.callStatus is PASSED

2020-11-11 23:11:40 - [TEST_STEP][PASSED] - strGlbStatus = "": null

2020-11-11 23:11:40 - [TEST_STEP][PASSED] - strGlbKeterangan = "": null

2020-11-11 23:11:40 - [TEST_STEP][PASSED] - runTime.reset(): null

2020-11-11 23:11:40 - [TEST_STEP][PASSED] - runTime.start(): null

2020-11-11 23:11:40 - [TEST_STEP][PASSED] - dataCompareAPK = findTestData("dt-1/dt_APK"): null

2020-11-11 23:11:40 - [TEST_STEP][PASSED] - strNoAPK = dataCompareAPK.getValue("NO", excelRow): null

2020-11-11 23:11:40 - [TEST_STEP][PASSED] - comparePS.ProposalASL1.ComparePS(strNoAPK, excelRow): comparePS.ProposalASL1.ComparePS is PASSED

2020-11-11 23:11:40 - [MESSAGE][PASSED] - comparePS.ProposalASL1.ComparePS is PASSED

2020-11-11 23:11:40 - [TEST_STEP][PASSED] - comparePS.KeywordPS.callStatus(strNoAPK, "sheetAPK1", 17): comparePS.KeywordPS.callStatus is PASSED

2020-11-11 23:11:40 - [MESSAGE][PASSED] - comparePS.KeywordPS.callStatus is PASSED

2020-11-11 23:11:40 - [TEST_STEP][PASSED] - strGlbStatus = "": null

2020-11-11 23:11:40 - [TEST_STEP][PASSED] - strGlbKeterangan = "": null

2020-11-11 23:11:40 - [TEST_STEP][PASSED] - runTime.reset(): null

2020-11-11 23:11:40 - [TEST_STEP][PASSED] - runTime.start(): null

2020-11-11 23:11:40 - [TEST_STEP][PASSED] - dataCompareAPK = findTestData("dt-1/dt_APK"): null

2020-11-11 23:11:40 - [TEST_STEP][PASSED] - strNoAPK = dataCompareAPK.getValue("NO", excelRow): null

2020-11-11 23:11:40 - [TEST_STEP][PASSED] - comparePS.ProposalASL1.ComparePS(strNoAPK, excelRow): comparePS.ProposalASL1.ComparePS is PASSED

2020-11-11 23:11:41 - [MESSAGE][PASSED] - comparePS.ProposalASL1.ComparePS is PASSED

2020-11-11 23:11:41 - [TEST_STEP][PASSED] - comparePS.KeywordPS.callStatus(strNoAPK, "sheetAPK1", 17): comparePS.KeywordPS.callStatus is PASSED

2020-11-11 23:11:41 - [MESSAGE][PASSED] - comparePS.KeywordPS.callStatus is PASSED

2020-11-11 23:11:41 - [TEST_STEP][PASSED] - strGlbStatus = "": null

2020-11-11 23:11:41 - [TEST_STEP][PASSED] - strGlbKeterangan = "": null

2020-11-11 23:11:41 - [TEST_STEP][PASSED] - runTime.reset(): null

2020-11-11 23:11:41 - [TEST_STEP][PASSED] - runTime.start(): null

2020-11-11 23:11:41 - [TEST_STEP][PASSED] - dataCompareAPK = findTestData("dt-1/dt_APK"): null

2020-11-11 23:11:41 - [TEST_STEP][PASSED] - strNoAPK = dataCompareAPK.getValue("NO", excelRow): null

2020-11-11 23:11:41 - [TEST_STEP][PASSED] - comparePS.ProposalASL1.ComparePS(strNoAPK, excelRow): comparePS.ProposalASL1.ComparePS is PASSED

2020-11-11 23:11:41 - [MESSAGE][PASSED] - comparePS.ProposalASL1.ComparePS is PASSED

2020-11-11 23:11:41 - [TEST_STEP][PASSED] - comparePS.KeywordPS.callStatus(strNoAPK, "sheetAPK1", 17): comparePS.KeywordPS.callStatus is PASSED

2020-11-11 23:11:41 - [MESSAGE][PASSED] - comparePS.KeywordPS.callStatus is PASSED

2020-11-11 23:11:41 - [TEST_STEP][PASSED] - strGlbStatus = "": null

2020-11-11 23:11:41 - [TEST_STEP][PASSED] - strGlbKeterangan = "": null

2020-11-11 23:11:41 - [TEST_STEP][PASSED] - runTime.reset(): null

2020-11-11 23:11:41 - [TEST_STEP][PASSED] - runTime.start(): null

2020-11-11 23:11:41 - [TEST_STEP][PASSED] - dataCompareAPK = findTestData("dt-1/dt_APK"): null

2020-11-11 23:11:41 - [TEST_STEP][PASSED] - strNoAPK = dataCompareAPK.getValue("NO", excelRow): null

2020-11-11 23:11:41 - [TEST_STEP][PASSED] - comparePS.ProposalASL1.ComparePS(strNoAPK, excelRow): comparePS.ProposalASL1.ComparePS is PASSED

2020-11-11 23:11:41 - [MESSAGE][PASSED] - comparePS.ProposalASL1.ComparePS is PASSED

2020-11-11 23:11:41 - [TEST_STEP][PASSED] - comparePS.KeywordPS.callStatus(strNoAPK, "sheetAPK1", 17): comparePS.KeywordPS.callStatus is PASSED

2020-11-11 23:11:41 - [MESSAGE][PASSED] - comparePS.KeywordPS.callStatus is PASSED

2020-11-11 23:11:41 - [TEST_STEP][PASSED] - strGlbStatus = "": null

2020-11-11 23:11:41 - [TEST_STEP][PASSED] - strGlbKeterangan = "": null

2020-11-11 23:11:41 - [TEST_STEP][PASSED] - runTime.reset(): null

2020-11-11 23:11:41 - [TEST_STEP][PASSED] - runTime.start(): null

2020-11-11 23:11:41 - [TEST_STEP][PASSED] - dataCompareAPK = findTestData("dt-1/dt_APK"): null

2020-11-11 23:11:41 - [TEST_STEP][PASSED] - strNoAPK = dataCompareAPK.getValue("NO", excelRow): null

2020-11-11 23:11:41 - [TEST_STEP][PASSED] - comparePS.ProposalASL1.ComparePS(strNoAPK, excelRow): comparePS.ProposalASL1.ComparePS is PASSED

2020-11-11 23:11:41 - [MESSAGE][PASSED] - comparePS.ProposalASL1.ComparePS is PASSED

2020-11-11 23:11:41 - [TEST_STEP][PASSED] - comparePS.KeywordPS.callStatus(strNoAPK, "sheetAPK1", 17): comparePS.KeywordPS.callStatus is PASSED

2020-11-11 23:11:42 - [MESSAGE][PASSED] - comparePS.KeywordPS.callStatus is PASSED

2020-11-11 23:11:42 - [TEST_STEP][PASSED] - strGlbStatus = "": null

2020-11-11 23:11:42 - [TEST_STEP][PASSED] - strGlbKeterangan = "": null

2020-11-11 23:11:42 - [TEST_STEP][PASSED] - runTime.reset(): null

2020-11-11 23:11:42 - [TEST_STEP][PASSED] - runTime.start(): null

2020-11-11 23:11:42 - [TEST_STEP][PASSED] - dataCompareAPK = findTestData("dt-1/dt_APK"): null

2020-11-11 23:11:42 - [TEST_STEP][PASSED] - strNoAPK = dataCompareAPK.getValue("NO", excelRow): null

2020-11-11 23:11:42 - [TEST_STEP][PASSED] - comparePS.ProposalASL1.ComparePS(strNoAPK, excelRow): comparePS.ProposalASL1.ComparePS is PASSED

2020-11-11 23:11:42 - [MESSAGE][PASSED] - comparePS.ProposalASL1.ComparePS is PASSED

2020-11-11 23:11:42 - [TEST_STEP][PASSED] - comparePS.KeywordPS.callStatus(strNoAPK, "sheetAPK1", 17): comparePS.KeywordPS.callStatus is PASSED

2020-11-11 23:11:42 - [MESSAGE][PASSED] - comparePS.KeywordPS.callStatus is PASSED

2020-11-11 23:11:42 - [TEST_STEP][PASSED] - strGlbStatus = "": null

2020-11-11 23:11:42 - [TEST_STEP][PASSED] - strGlbKeterangan = "": null

2020-11-11 23:11:42 - [TEST_STEP][PASSED] - runTime.reset(): null

2020-11-11 23:11:42 - [TEST_STEP][PASSED] - runTime.start(): null

2020-11-11 23:11:42 - [TEST_STEP][PASSED] - dataCompareAPK = findTestData("dt-1/dt_APK"): null

2020-11-11 23:11:42 - [TEST_STEP][PASSED] - strNoAPK = dataCompareAPK.getValue("NO", excelRow): null

2020-11-11 23:11:42 - [TEST_STEP][PASSED] - comparePS.ProposalASL1.ComparePS(strNoAPK, excelRow): comparePS.ProposalASL1.ComparePS is PASSED

2020-11-11 23:11:42 - [MESSAGE][PASSED] - comparePS.ProposalASL1.ComparePS is PASSED

2020-11-11 23:11:42 - [TEST_STEP][PASSED] - comparePS.KeywordPS.callStatus(strNoAPK, "sheetAPK1", 17): comparePS.KeywordPS.callStatus is PASSED

2020-11-11 23:11:42 - [MESSAGE][PASSED] - comparePS.KeywordPS.callStatus is PASSED

2020-11-11 23:11:42 - [TEST_STEP][PASSED] - strGlbStatus = "": null

2020-11-11 23:11:42 - [TEST_STEP][PASSED] - strGlbKeterangan = "": null

2020-11-11 23:11:42 - [TEST_STEP][PASSED] - runTime.reset(): null

2020-11-11 23:11:42 - [TEST_STEP][PASSED] - runTime.start(): null

2020-11-11 23:11:42 - [TEST_STEP][PASSED] - dataCompareAPK = findTestData("dt-1/dt_APK"): null

2020-11-11 23:11:42 - [TEST_STEP][PASSED] - strNoAPK = dataCompareAPK.getValue("NO", excelRow): null

2020-11-11 23:11:42 - [TEST_STEP][PASSED] - comparePS.ProposalASL1.ComparePS(strNoAPK, excelRow): comparePS.ProposalASL1.ComparePS is PASSED

2020-11-11 23:11:42 - [MESSAGE][PASSED] - comparePS.ProposalASL1.ComparePS is PASSED

2020-11-11 23:11:42 - [TEST_STEP][PASSED] - comparePS.KeywordPS.callStatus(strNoAPK, "sheetAPK1", 17): comparePS.KeywordPS.callStatus is PASSED

2020-11-11 23:11:42 - [MESSAGE][PASSED] - comparePS.KeywordPS.callStatus is PASSED

2020-11-11 23:11:43 - [TEST_STEP][PASSED] - strGlbStatus = "": null

2020-11-11 23:11:43 - [TEST_STEP][PASSED] - strGlbKeterangan = "": null

2020-11-11 23:11:43 - [TEST_STEP][PASSED] - runTime.reset(): null

2020-11-11 23:11:43 - [TEST_STEP][PASSED] - runTime.start(): null

2020-11-11 23:11:43 - [TEST_STEP][PASSED] - dataCompareAPK = findTestData("dt-1/dt_APK"): null

2020-11-11 23:11:43 - [TEST_STEP][PASSED] - strNoAPK = dataCompareAPK.getValue("NO", excelRow): null

2020-11-11 23:11:43 - [TEST_STEP][PASSED] - comparePS.ProposalASL1.ComparePS(strNoAPK, excelRow): comparePS.ProposalASL1.ComparePS is PASSED

2020-11-11 23:11:43 - [MESSAGE][PASSED] - comparePS.ProposalASL1.ComparePS is PASSED

2020-11-11 23:11:43 - [TEST_STEP][PASSED] - comparePS.KeywordPS.callStatus(strNoAPK, "sheetAPK1", 17): comparePS.KeywordPS.callStatus is PASSED

2020-11-11 23:11:43 - [MESSAGE][PASSED] - comparePS.KeywordPS.callStatus is PASSED

2020-11-11 23:11:43 - [TEST_STEP][PASSED] - strGlbStatus = "": null

2020-11-11 23:11:43 - [TEST_STEP][PASSED] - strGlbKeterangan = "": null

2020-11-11 23:11:43 - [TEST_STEP][PASSED] - runTime.reset(): null

2020-11-11 23:11:43 - [TEST_STEP][PASSED] - runTime.start(): null

2020-11-11 23:11:43 - [TEST_STEP][PASSED] - dataCompareAPK = findTestData("dt-1/dt_APK"): null

2020-11-11 23:11:43 - [TEST_STEP][PASSED] - strNoAPK = dataCompareAPK.getValue("NO", excelRow): null

2020-11-11 23:11:43 - [TEST_STEP][PASSED] - comparePS.ProposalASL1.ComparePS(strNoAPK, excelRow): comparePS.ProposalASL1.ComparePS is PASSED

2020-11-11 23:11:43 - [MESSAGE][PASSED] - comparePS.ProposalASL1.ComparePS is PASSED

2020-11-11 23:11:43 - [TEST_STEP][PASSED] - comparePS.KeywordPS.callStatus(strNoAPK, "sheetAPK1", 17): comparePS.KeywordPS.callStatus is PASSED

2020-11-11 23:11:43 - [MESSAGE][PASSED] - comparePS.KeywordPS.callStatus is PASSED

2020-11-11 23:11:43 - [TEST_STEP][PASSED] - strGlbStatus = "": null

2020-11-11 23:11:43 - [TEST_STEP][PASSED] - strGlbKeterangan = "": null

2020-11-11 23:11:43 - [TEST_STEP][PASSED] - runTime.reset(): null

2020-11-11 23:11:43 - [TEST_STEP][PASSED] - runTime.start(): null

2020-11-11 23:11:43 - [TEST_STEP][PASSED] - dataCompareAPK = findTestData("dt-1/dt_APK"): null

2020-11-11 23:11:43 - [TEST_STEP][PASSED] - strNoAPK = dataCompareAPK.getValue("NO", excelRow): null

2020-11-11 23:11:43 - [TEST_STEP][PASSED] - comparePS.ProposalASL1.ComparePS(strNoAPK, excelRow): comparePS.ProposalASL1.ComparePS is PASSED

2020-11-11 23:11:44 - [MESSAGE][PASSED] - comparePS.ProposalASL1.ComparePS is PASSED

2020-11-11 23:11:44 - [TEST_STEP][PASSED] - comparePS.KeywordPS.callStatus(strNoAPK, "sheetAPK1", 17): comparePS.KeywordPS.callStatus is PASSED

2020-11-11 23:11:44 - [MESSAGE][PASSED] - comparePS.KeywordPS.callStatus is PASSED

2020-11-11 23:11:44 - [TEST_STEP][PASSED] - strGlbStatus = "": null

2020-11-11 23:11:44 - [TEST_STEP][PASSED] - strGlbKeterangan = "": null

2020-11-11 23:11:44 - [TEST_STEP][PASSED] - runTime.reset(): null

2020-11-11 23:11:44 - [TEST_STEP][PASSED] - runTime.start(): null

2020-11-11 23:11:44 - [TEST_STEP][PASSED] - dataCompareAPK = findTestData("dt-1/dt_APK"): null

2020-11-11 23:11:44 - [TEST_STEP][PASSED] - strNoAPK = dataCompareAPK.getValue("NO", excelRow): null

2020-11-11 23:11:44 - [TEST_STEP][PASSED] - comparePS.ProposalASL1.ComparePS(strNoAPK, excelRow): comparePS.ProposalASL1.ComparePS is PASSED

2020-11-11 23:11:44 - [MESSAGE][PASSED] - comparePS.ProposalASL1.ComparePS is PASSED

2020-11-11 23:11:44 - [TEST_STEP][PASSED] - comparePS.KeywordPS.callStatus(strNoAPK, "sheetAPK1", 17): comparePS.KeywordPS.callStatus is PASSED

2020-11-11 23:11:44 - [MESSAGE][PASSED] - comparePS.KeywordPS.callStatus is PASSED

2020-11-11 23:11:44 - [TEST_STEP][PASSED] - strGlbStatus = "": null

2020-11-11 23:11:44 - [TEST_STEP][PASSED] - strGlbKeterangan = "": null

2020-11-11 23:11:44 - [TEST_STEP][PASSED] - runTime.reset(): null

2020-11-11 23:11:44 - [TEST_STEP][PASSED] - runTime.start(): null

2020-11-11 23:11:44 - [TEST_STEP][PASSED] - dataCompareAPK = findTestData("dt-1/dt_APK"): null

2020-11-11 23:11:44 - [TEST_STEP][PASSED] - strNoAPK = dataCompareAPK.getValue("NO", excelRow): null

2020-11-11 23:11:44 - [TEST_STEP][PASSED] - comparePS.ProposalASL1.ComparePS(strNoAPK, excelRow): comparePS.ProposalASL1.ComparePS is PASSED

2020-11-11 23:11:45 - [MESSAGE][PASSED] - comparePS.ProposalASL1.ComparePS is PASSED

2020-11-11 23:11:45 - [TEST_STEP][PASSED] - comparePS.KeywordPS.callStatus(strNoAPK, "sheetAPK1", 17): comparePS.KeywordPS.callStatus is PASSED

2020-11-11 23:11:45 - [MESSAGE][PASSED] - comparePS.KeywordPS.callStatus is PASSED

2020-11-11 23:11:45 - [TEST_STEP][PASSED] - strGlbStatus = "": null

2020-11-11 23:11:45 - [TEST_STEP][PASSED] - strGlbKeterangan = "": null

2020-11-11 23:11:45 - [TEST_STEP][PASSED] - runTime.reset(): null

2020-11-11 23:11:45 - [TEST_STEP][PASSED] - runTime.start(): null

2020-11-11 23:11:45 - [TEST_STEP][PASSED] - dataCompareAPK = findTestData("dt-1/dt_APK"): null

2020-11-11 23:11:45 - [TEST_STEP][PASSED] - strNoAPK = dataCompareAPK.getValue("NO", excelRow): null

2020-11-11 23:11:45 - [TEST_STEP][PASSED] - comparePS.ProposalASL1.ComparePS(strNoAPK, excelRow): comparePS.ProposalASL1.ComparePS is PASSED

2020-11-11 23:11:45 - [MESSAGE][PASSED] - comparePS.ProposalASL1.ComparePS is PASSED

2020-11-11 23:11:45 - [TEST_STEP][PASSED] - comparePS.KeywordPS.callStatus(strNoAPK, "sheetAPK1", 17): comparePS.KeywordPS.callStatus is PASSED

2020-11-11 23:11:45 - [MESSAGE][PASSED] - comparePS.KeywordPS.callStatus is PASSED

2020-11-11 23:11:45 - [TEST_STEP][PASSED] - strGlbStatus = "": null

2020-11-11 23:11:45 - [TEST_STEP][PASSED] - strGlbKeterangan = "": null

2020-11-11 23:11:45 - [TEST_STEP][PASSED] - runTime.reset(): null

2020-11-11 23:11:45 - [TEST_STEP][PASSED] - runTime.start(): null

2020-11-11 23:11:45 - [TEST_STEP][PASSED] - dataCompareAPK = findTestData("dt-1/dt_APK"): null

2020-11-11 23:11:45 - [TEST_STEP][PASSED] - strNoAPK = dataCompareAPK.getValue("NO", excelRow): null

2020-11-11 23:11:45 - [TEST_STEP][PASSED] - comparePS.ProposalASL1.ComparePS(strNoAPK, excelRow): comparePS.ProposalASL1.ComparePS is PASSED

2020-11-11 23:11:45 - [MESSAGE][PASSED] - comparePS.ProposalASL1.ComparePS is PASSED

2020-11-11 23:11:45 - [TEST_STEP][PASSED] - comparePS.KeywordPS.callStatus(strNoAPK, "sheetAPK1", 17): comparePS.KeywordPS.callStatus is PASSED

2020-11-11 23:11:45 - [MESSAGE][PASSED] - comparePS.KeywordPS.callStatus is PASSED

2020-11-11 23:11:45 - [TEST_STEP][PASSED] - strGlbStatus = "": null

2020-11-11 23:11:45 - [TEST_STEP][PASSED] - strGlbKeterangan = "": null

2020-11-11 23:11:45 - [TEST_STEP][PASSED] - runTime.reset(): null

2020-11-11 23:11:45 - [TEST_STEP][PASSED] - runTime.start(): null

2020-11-11 23:11:45 - [TEST_STEP][PASSED] - dataCompareAPK = findTestData("dt-1/dt_APK"): null

2020-11-11 23:11:45 - [TEST_STEP][PASSED] - strNoAPK = dataCompareAPK.getValue("NO", excelRow): null

2020-11-11 23:11:45 - [TEST_STEP][PASSED] - comparePS.ProposalASL1.ComparePS(strNoAPK, excelRow): comparePS.ProposalASL1.ComparePS is PASSED

2020-11-11 23:11:46 - [MESSAGE][PASSED] - comparePS.ProposalASL1.ComparePS is PASSED

2020-11-11 23:11:46 - [TEST_STEP][PASSED] - comparePS.KeywordPS.callStatus(strNoAPK, "sheetAPK1", 17): comparePS.KeywordPS.callStatus is PASSED

2020-11-11 23:11:46 - [MESSAGE][PASSED] - comparePS.KeywordPS.callStatus is PASSED

2020-11-11 23:11:46 - [TEST_STEP][PASSED] - strGlbStatus = "": null

2020-11-11 23:11:46 - [TEST_STEP][PASSED] - strGlbKeterangan = "": null

2020-11-11 23:11:46 - [TEST_STEP][PASSED] - runTime.reset(): null

2020-11-11 23:11:46 - [TEST_STEP][PASSED] - runTime.start(): null

2020-11-11 23:11:46 - [TEST_STEP][PASSED] - dataCompareAPK = findTestData("dt-1/dt_APK"): null

2020-11-11 23:11:46 - [TEST_STEP][PASSED] - strNoAPK = dataCompareAPK.getValue("NO", excelRow): null

2020-11-11 23:11:46 - [TEST_STEP][PASSED] - comparePS.ProposalASL1.ComparePS(strNoAPK, excelRow): comparePS.ProposalASL1.ComparePS is PASSED

2020-11-11 23:11:46 - [MESSAGE][PASSED] - comparePS.ProposalASL1.ComparePS is PASSED

2020-11-11 23:11:46 - [TEST_STEP][PASSED] - comparePS.KeywordPS.callStatus(strNoAPK, "sheetAPK1", 17): comparePS.KeywordPS.callStatus is PASSED

2020-11-11 23:11:46 - [MESSAGE][PASSED] - comparePS.KeywordPS.callStatus is PASSED

2020-11-11 23:11:46 - [TEST_STEP][PASSED] - strGlbStatus = "": null

2020-11-11 23:11:46 - [TEST_STEP][PASSED] - strGlbKeterangan = "": null

2020-11-11 23:11:46 - [TEST_STEP][PASSED] - runTime.reset(): null

2020-11-11 23:11:46 - [TEST_STEP][PASSED] - runTime.start(): null

2020-11-11 23:11:46 - [TEST_STEP][PASSED] - dataCompareAPK = findTestData("dt-1/dt_APK"): null

2020-11-11 23:11:46 - [TEST_STEP][PASSED] - strNoAPK = dataCompareAPK.getValue("NO", excelRow): null

2020-11-11 23:11:46 - [TEST_STEP][PASSED] - comparePS.ProposalASL1.ComparePS(strNoAPK, excelRow): comparePS.ProposalASL1.ComparePS is PASSED

2020-11-11 23:11:46 - [MESSAGE][PASSED] - comparePS.ProposalASL1.ComparePS is PASSED

2020-11-11 23:11:46 - [TEST_STEP][PASSED] - comparePS.KeywordPS.callStatus(strNoAPK, "sheetAPK1", 17): comparePS.KeywordPS.callStatus is PASSED

2020-11-11 23:11:46 - [MESSAGE][PASSED] - comparePS.KeywordPS.callStatus is PASSED

2020-11-11 23:11:46 - [TEST_STEP][PASSED] - strGlbStatus = "": null

2020-11-11 23:11:46 - [TEST_STEP][PASSED] - strGlbKeterangan = "": null

2020-11-11 23:11:46 - [TEST_STEP][PASSED] - runTime.reset(): null

2020-11-11 23:11:46 - [TEST_STEP][PASSED] - runTime.start(): null

2020-11-11 23:11:46 - [TEST_STEP][PASSED] - dataCompareAPK = findTestData("dt-1/dt_APK"): null

2020-11-11 23:11:46 - [TEST_STEP][PASSED] - strNoAPK = dataCompareAPK.getValue("NO", excelRow): null

2020-11-11 23:11:46 - [TEST_STEP][PASSED] - comparePS.ProposalASL1.ComparePS(strNoAPK, excelRow): comparePS.ProposalASL1.ComparePS is PASSED

2020-11-11 23:11:47 - [MESSAGE][PASSED] - comparePS.ProposalASL1.ComparePS is PASSED

2020-11-11 23:11:47 - [TEST_STEP][PASSED] - comparePS.KeywordPS.callStatus(strNoAPK, "sheetAPK1", 17): comparePS.KeywordPS.callStatus is PASSED

2020-11-11 23:11:47 - [MESSAGE][PASSED] - comparePS.KeywordPS.callStatus is PASSED

2020-11-11 23:11:47 - [TEST_STEP][PASSED] - strGlbStatus = "": null

2020-11-11 23:11:47 - [TEST_STEP][PASSED] - strGlbKeterangan = "": null

2020-11-11 23:11:47 - [TEST_STEP][PASSED] - runTime.reset(): null

2020-11-11 23:11:47 - [TEST_STEP][PASSED] - runTime.start(): null

2020-11-11 23:11:47 - [TEST_STEP][PASSED] - dataCompareAPK = findTestData("dt-1/dt_APK"): null

2020-11-11 23:11:47 - [TEST_STEP][PASSED] - strNoAPK = dataCompareAPK.getValue("NO", excelRow): null

2020-11-11 23:11:47 - [TEST_STEP][PASSED] - comparePS.ProposalASL1.ComparePS(strNoAPK, excelRow): comparePS.ProposalASL1.ComparePS is PASSED

2020-11-11 23:11:47 - [MESSAGE][PASSED] - comparePS.ProposalASL1.ComparePS is PASSED

2020-11-11 23:11:47 - [TEST_STEP][PASSED] - comparePS.KeywordPS.callStatus(strNoAPK, "sheetAPK1", 17): comparePS.KeywordPS.callStatus is PASSED

2020-11-11 23:11:47 - [MESSAGE][PASSED] - comparePS.KeywordPS.callStatus is PASSED

2020-11-11 23:11:47 - [TEST_STEP][PASSED] - strGlbStatus = "": null

2020-11-11 23:11:47 - [TEST_STEP][PASSED] - strGlbKeterangan = "": null

2020-11-11 23:11:47 - [TEST_STEP][PASSED] - runTime.reset(): null

2020-11-11 23:11:47 - [TEST_STEP][PASSED] - runTime.start(): null

2020-11-11 23:11:47 - [TEST_STEP][PASSED] - dataCompareAPK = findTestData("dt-1/dt_APK"): null

2020-11-11 23:11:47 - [TEST_STEP][PASSED] - strNoAPK = dataCompareAPK.getValue("NO", excelRow): null

2020-11-11 23:11:47 - [TEST_STEP][PASSED] - comparePS.ProposalASL1.ComparePS(strNoAPK, excelRow): comparePS.ProposalASL1.ComparePS is PASSED

2020-11-11 23:11:47 - [MESSAGE][PASSED] - comparePS.ProposalASL1.ComparePS is PASSED

2020-11-11 23:11:47 - [TEST_STEP][PASSED] - comparePS.KeywordPS.callStatus(strNoAPK, "sheetAPK1", 17): comparePS.KeywordPS.callStatus is PASSED

2020-11-11 23:11:48 - [MESSAGE][PASSED] - comparePS.KeywordPS.callStatus is PASSED

2020-11-11 23:11:48 - [TEST_STEP][PASSED] - strGlbStatus = "": null

2020-11-11 23:11:48 - [TEST_STEP][PASSED] - strGlbKeterangan = "": null

2020-11-11 23:11:48 - [TEST_STEP][PASSED] - runTime.reset(): null

2020-11-11 23:11:48 - [TEST_STEP][PASSED] - runTime.start(): null

2020-11-11 23:11:48 - [TEST_STEP][PASSED] - dataCompareAPK = findTestData("dt-1/dt_APK"): null

2020-11-11 23:11:48 - [TEST_STEP][PASSED] - strNoAPK = dataCompareAPK.getValue("NO", excelRow): null

2020-11-11 23:11:48 - [TEST_STEP][PASSED] - comparePS.ProposalASL1.ComparePS(strNoAPK, excelRow): comparePS.ProposalASL1.ComparePS is PASSED

2020-11-11 23:11:48 - [MESSAGE][PASSED] - comparePS.ProposalASL1.ComparePS is PASSED

2020-11-11 23:11:48 - [TEST_STEP][PASSED] - comparePS.KeywordPS.callStatus(strNoAPK, "sheetAPK1", 17): comparePS.KeywordPS.callStatus is PASSED

2020-11-11 23:11:48 - [MESSAGE][PASSED] - comparePS.KeywordPS.callStatus is PASSED

2020-11-11 23:11:48 - [TEST_STEP][PASSED] - strGlbStatus = "": null

2020-11-11 23:11:48 - [TEST_STEP][PASSED] - strGlbKeterangan = "": null

2020-11-11 23:11:48 - [TEST_STEP][PASSED] - runTime.reset(): null

2020-11-11 23:11:48 - [TEST_STEP][PASSED] - runTime.start(): null

2020-11-11 23:11:48 - [TEST_STEP][PASSED] - dataCompareAPK = findTestData("dt-1/dt_APK"): null

2020-11-11 23:11:48 - [TEST_STEP][PASSED] - strNoAPK = dataCompareAPK.getValue("NO", excelRow): null

2020-11-11 23:11:48 - [TEST_STEP][PASSED] - comparePS.ProposalASL1.ComparePS(strNoAPK, excelRow): comparePS.ProposalASL1.ComparePS is PASSED

2020-11-11 23:11:48 - [MESSAGE][PASSED] - comparePS.ProposalASL1.ComparePS is PASSED

2020-11-11 23:11:48 - [TEST_STEP][PASSED] - comparePS.KeywordPS.callStatus(strNoAPK, "sheetAPK1", 17): comparePS.KeywordPS.callStatus is PASSED

2020-11-11 23:11:48 - [MESSAGE][PASSED] - comparePS.KeywordPS.callStatus is PASSED

2020-11-11 23:11:48 - [TEST_STEP][PASSED] - strGlbStatus = "": null

2020-11-11 23:11:48 - [TEST_STEP][PASSED] - strGlbKeterangan = "": null

2020-11-11 23:11:48 - [TEST_STEP][PASSED] - runTime.reset(): null

2020-11-11 23:11:48 - [TEST_STEP][PASSED] - runTime.start(): null

2020-11-11 23:11:48 - [TEST_STEP][PASSED] - dataCompareAPK = findTestData("dt-1/dt_APK"): null

2020-11-11 23:11:49 - [TEST_STEP][PASSED] - strNoAPK = dataCompareAPK.getValue("NO", excelRow): null

2020-11-11 23:11:49 - [TEST_STEP][PASSED] - comparePS.ProposalASL1.ComparePS(strNoAPK, excelRow): comparePS.ProposalASL1.ComparePS is PASSED

2020-11-11 23:11:49 - [MESSAGE][PASSED] - comparePS.ProposalASL1.ComparePS is PASSED

2020-11-11 23:11:49 - [TEST_STEP][PASSED] - comparePS.KeywordPS.callStatus(strNoAPK, "sheetAPK1", 17): comparePS.KeywordPS.callStatus is PASSED

2020-11-11 23:11:49 - [MESSAGE][PASSED] - comparePS.KeywordPS.callStatus is PASSED

2020-11-11 23:11:49 - [TEST_STEP][PASSED] - strGlbStatus = "": null

2020-11-11 23:11:49 - [TEST_STEP][PASSED] - strGlbKeterangan = "": null

2020-11-11 23:11:49 - [TEST_STEP][PASSED] - runTime.reset(): null

2020-11-11 23:11:49 - [TEST_STEP][PASSED] - runTime.start(): null

2020-11-11 23:11:49 - [TEST_STEP][PASSED] - dataCompareAPK = findTestData("dt-1/dt_APK"): null

2020-11-11 23:11:49 - [TEST_STEP][PASSED] - strNoAPK = dataCompareAPK.getValue("NO", excelRow): null

2020-11-11 23:11:49 - [TEST_STEP][PASSED] - comparePS.ProposalASL1.ComparePS(strNoAPK, excelRow): comparePS.ProposalASL1.ComparePS is PASSED

2020-11-11 23:11:49 - [MESSAGE][PASSED] - comparePS.ProposalASL1.ComparePS is PASSED

2020-11-11 23:11:49 - [TEST_STEP][PASSED] - comparePS.KeywordPS.callStatus(strNoAPK, "sheetAPK1", 17): comparePS.KeywordPS.callStatus is PASSED

2020-11-11 23:11:49 - [MESSAGE][PASSED] - comparePS.KeywordPS.callStatus is PASSED

2020-11-11 23:11:49 - [TEST_STEP][PASSED] - strGlbStatus = "": null

2020-11-11 23:11:49 - [TEST_STEP][PASSED] - strGlbKeterangan = "": null

2020-11-11 23:11:49 - [TEST_STEP][PASSED] - runTime.reset(): null

2020-11-11 23:11:49 - [TEST_STEP][PASSED] - runTime.start(): null

2020-11-11 23:11:49 - [TEST_STEP][PASSED] - dataCompareAPK = findTestData("dt-1/dt_APK"): null

2020-11-11 23:11:49 - [TEST_STEP][PASSED] - strNoAPK = dataCompareAPK.getValue("NO", excelRow): null

2020-11-11 23:11:49 - [TEST_STEP][PASSED] - comparePS.ProposalASL1.ComparePS(strNoAPK, excelRow): comparePS.ProposalASL1.ComparePS is PASSED

2020-11-11 23:11:49 - [MESSAGE][PASSED] - comparePS.ProposalASL1.ComparePS is PASSED

2020-11-11 23:11:49 - [TEST_STEP][PASSED] - comparePS.KeywordPS.callStatus(strNoAPK, "sheetAPK1", 17): comparePS.KeywordPS.callStatus is PASSED

2020-11-11 23:11:50 - [MESSAGE][PASSED] - comparePS.KeywordPS.callStatus is PASSED

2020-11-11 23:11:50 - [TEST_STEP][PASSED] - strGlbStatus = "": null

2020-11-11 23:11:50 - [TEST_STEP][PASSED] - strGlbKeterangan = "": null

2020-11-11 23:11:50 - [TEST_STEP][PASSED] - runTime.reset(): null

2020-11-11 23:11:50 - [TEST_STEP][PASSED] - runTime.start(): null

2020-11-11 23:11:50 - [TEST_STEP][PASSED] - dataCompareAPK = findTestData("dt-1/dt_APK"): null

2020-11-11 23:11:50 - [TEST_STEP][PASSED] - strNoAPK = dataCompareAPK.getValue("NO", excelRow): null

2020-11-11 23:11:50 - [TEST_STEP][PASSED] - comparePS.ProposalASL1.ComparePS(strNoAPK, excelRow): comparePS.ProposalASL1.ComparePS is PASSED

2020-11-11 23:11:50 - [MESSAGE][PASSED] - comparePS.ProposalASL1.ComparePS is PASSED

2020-11-11 23:11:50 - [TEST_STEP][PASSED] - comparePS.KeywordPS.callStatus(strNoAPK, "sheetAPK1", 17): comparePS.KeywordPS.callStatus is PASSED

2020-11-11 23:11:50 - [MESSAGE][PASSED] - comparePS.KeywordPS.callStatus is PASSED

2020-11-11 23:11:50 - [TEST_STEP][PASSED] - strGlbStatus = "": null

2020-11-11 23:11:50 - [TEST_STEP][PASSED] - strGlbKeterangan = "": null

2020-11-11 23:11:50 - [TEST_STEP][PASSED] - runTime.reset(): null

2020-11-11 23:11:50 - [TEST_STEP][PASSED] - runTime.start(): null

2020-11-11 23:11:50 - [TEST_STEP][PASSED] - dataCompareAPK = findTestData("dt-1/dt_APK"): null

2020-11-11 23:11:50 - [TEST_STEP][PASSED] - strNoAPK = dataCompareAPK.getValue("NO", excelRow): null

2020-11-11 23:11:50 - [TEST_STEP][PASSED] - comparePS.ProposalASL1.ComparePS(strNoAPK, excelRow): comparePS.ProposalASL1.ComparePS is PASSED

2020-11-11 23:11:50 - [MESSAGE][PASSED] - comparePS.ProposalASL1.ComparePS is PASSED

2020-11-11 23:11:50 - [TEST_STEP][PASSED] - comparePS.KeywordPS.callStatus(strNoAPK, "sheetAPK1", 17): comparePS.KeywordPS.callStatus is PASSED

2020-11-11 23:11:50 - [MESSAGE][PASSED] - comparePS.KeywordPS.callStatus is PASSED

2020-11-11 23:11:50 - [TEST_STEP][PASSED] - strGlbStatus = "": null

2020-11-11 23:11:50 - [TEST_STEP][PASSED] - strGlbKeterangan = "": null

2020-11-11 23:11:50 - [TEST_STEP][PASSED] - runTime.reset(): null

2020-11-11 23:11:50 - [TEST_STEP][PASSED] - runTime.start(): null

2020-11-11 23:11:50 - [TEST_STEP][PASSED] - dataCompareAPK = findTestData("dt-1/dt_APK"): null

2020-11-11 23:11:50 - [TEST_STEP][PASSED] - strNoAPK = dataCompareAPK.getValue("NO", excelRow): null

2020-11-11 23:11:50 - [TEST_STEP][PASSED] - comparePS.ProposalASL1.ComparePS(strNoAPK, excelRow): comparePS.ProposalASL1.ComparePS is PASSED

2020-11-11 23:11:51 - [MESSAGE][PASSED] - comparePS.ProposalASL1.ComparePS is PASSED

2020-11-11 23:11:51 - [TEST_STEP][PASSED] - comparePS.KeywordPS.callStatus(strNoAPK, "sheetAPK1", 17): comparePS.KeywordPS.callStatus is PASSED

2020-11-11 23:11:51 - [MESSAGE][PASSED] - comparePS.KeywordPS.callStatus is PASSED

2020-11-11 23:11:51 - [TEST_STEP][PASSED] - strGlbStatus = "": null

2020-11-11 23:11:51 - [TEST_STEP][PASSED] - strGlbKeterangan = "": null

2020-11-11 23:11:51 - [TEST_STEP][PASSED] - runTime.reset(): null

2020-11-11 23:11:51 - [TEST_STEP][PASSED] - runTime.start(): null

2020-11-11 23:11:51 - [TEST_STEP][PASSED] - dataCompareAPK = findTestData("dt-1/dt_APK"): null

2020-11-11 23:11:51 - [TEST_STEP][PASSED] - strNoAPK = dataCompareAPK.getValue("NO", excelRow): null

2020-11-11 23:11:51 - [TEST_STEP][PASSED] - comparePS.ProposalASL1.ComparePS(strNoAPK, excelRow): comparePS.ProposalASL1.ComparePS is PASSED

2020-11-11 23:11:51 - [MESSAGE][PASSED] - comparePS.ProposalASL1.ComparePS is PASSED

2020-11-11 23:11:51 - [TEST_STEP][PASSED] - comparePS.KeywordPS.callStatus(strNoAPK, "sheetAPK1", 17): comparePS.KeywordPS.callStatus is PASSED

2020-11-11 23:11:51 - [MESSAGE][PASSED] - comparePS.KeywordPS.callStatus is PASSED

2020-11-11 23:11:51 - [TEST_STEP][PASSED] - strGlbStatus = "": null

2020-11-11 23:11:51 - [TEST_STEP][PASSED] - strGlbKeterangan = "": null

2020-11-11 23:11:51 - [TEST_STEP][PASSED] - runTime.reset(): null

2020-11-11 23:11:51 - [TEST_STEP][PASSED] - runTime.start(): null

2020-11-11 23:11:51 - [TEST_STEP][PASSED] - dataCompareAPK = findTestData("dt-1/dt_APK"): null

2020-11-11 23:11:51 - [TEST_STEP][PASSED] - strNoAPK = dataCompareAPK.getValue("NO", excelRow): null

2020-11-11 23:11:51 - [TEST_STEP][PASSED] - comparePS.ProposalASL1.ComparePS(strNoAPK, excelRow): comparePS.ProposalASL1.ComparePS is PASSED

2020-11-11 23:11:52 - [MESSAGE][PASSED] - comparePS.ProposalASL1.ComparePS is PASSED

2020-11-11 23:11:52 - [TEST_STEP][PASSED] - comparePS.KeywordPS.callStatus(strNoAPK, "sheetAPK1", 17): comparePS.KeywordPS.callStatus is PASSED

2020-11-11 23:11:52 - [MESSAGE][PASSED] - comparePS.KeywordPS.callStatus is PASSED]]></system-out>
         <system-err><![CDATA[]]></system-err>
      </testcase>
      <testcase name="Test Cases/ComparePS-2" time="23.907" classname="Test Cases/ComparePS-2" status="PASSED">
         <system-out><![CDATA[2020-11-11 23:11:52 - [TEST_CASE][PASSED] - Test Cases/ComparePS-2: Test Cases/ComparePS-2

2020-11-11 23:11:53 - [TEST_STEP][PASSED] - sekarang = new java.util.Date(): null

2020-11-11 23:11:53 - [TEST_STEP][PASSED] - tgl = sekarang.format("yyyy-MM-dd"): null

2020-11-11 23:11:53 - [TEST_STEP][PASSED] - fullFlow = true: null

2020-11-11 23:11:53 - [TEST_STEP][PASSED] - strGlbDate = tgl: null

2020-11-11 23:11:53 - [TEST_STEP][PASSED] - strGlbStatus = "": null

2020-11-11 23:11:53 - [TEST_STEP][PASSED] - strGlbKeterangan = "": null

2020-11-11 23:11:53 - [TEST_STEP][PASSED] - strGlbCrash = false: null

2020-11-11 23:11:53 - [TEST_STEP][PASSED] - strGlbAlamat = false: null

2020-11-11 23:11:53 - [TEST_STEP][PASSED] - strGlbNomor = 1: null

2020-11-11 23:11:53 - [TEST_STEP][PASSED] - strGlbNumImage = 0: null

2020-11-11 23:11:53 - [TEST_STEP][PASSED] - runTime = StopWatch.createStarted(): null

2020-11-11 23:11:53 - [TEST_STEP][PASSED] - getLastRow = findTestData("dt-2/dt_APK").getRowNumbers(): null

2020-11-11 23:11:53 - [TEST_STEP][PASSED] - for (int excelRow : (1..getLastRow)): comparePS.KeywordPS.callStatus is PASSED

2020-11-11 23:11:53 - [TEST_STEP][PASSED] - runTime.reset(): null

2020-11-11 23:11:53 - [TEST_STEP][PASSED] - runTime.start(): null

2020-11-11 23:11:53 - [TEST_STEP][PASSED] - dataCompareAPK2 = findTestData("dt-2/dt_APK"): null

2020-11-11 23:11:53 - [TEST_STEP][PASSED] - strNoAPK2 = dataCompareAPK2.getValue("NO", excelRow): null

2020-11-11 23:11:53 - [TEST_STEP][PASSED] - comparePS.ProposalASL1.ComparePS(strNoAPK2, excelRow): comparePS.ProposalASL1.ComparePS is PASSED

2020-11-11 23:11:53 - [MESSAGE][PASSED] - comparePS.ProposalASL1.ComparePS is PASSED

2020-11-11 23:11:53 - [TEST_STEP][PASSED] - comparePS.KeywordPS.callStatus(strNoAPK2, "sheetAPK2", 17): comparePS.KeywordPS.callStatus is PASSED

2020-11-11 23:11:53 - [MESSAGE][PASSED] - comparePS.KeywordPS.callStatus is PASSED

2020-11-11 23:11:53 - [TEST_STEP][PASSED] - runTime.reset(): null

2020-11-11 23:11:53 - [TEST_STEP][PASSED] - runTime.start(): null

2020-11-11 23:11:53 - [TEST_STEP][PASSED] - dataCompareAPK2 = findTestData("dt-2/dt_APK"): null

2020-11-11 23:11:53 - [TEST_STEP][PASSED] - strNoAPK2 = dataCompareAPK2.getValue("NO", excelRow): null

2020-11-11 23:11:53 - [TEST_STEP][PASSED] - comparePS.ProposalASL1.ComparePS(strNoAPK2, excelRow): comparePS.ProposalASL1.ComparePS is PASSED

2020-11-11 23:11:54 - [MESSAGE][PASSED] - comparePS.ProposalASL1.ComparePS is PASSED

2020-11-11 23:11:54 - [TEST_STEP][PASSED] - comparePS.KeywordPS.callStatus(strNoAPK2, "sheetAPK2", 17): comparePS.KeywordPS.callStatus is PASSED

2020-11-11 23:11:54 - [MESSAGE][PASSED] - comparePS.KeywordPS.callStatus is PASSED

2020-11-11 23:11:54 - [TEST_STEP][PASSED] - runTime.reset(): null

2020-11-11 23:11:54 - [TEST_STEP][PASSED] - runTime.start(): null

2020-11-11 23:11:54 - [TEST_STEP][PASSED] - dataCompareAPK2 = findTestData("dt-2/dt_APK"): null

2020-11-11 23:11:54 - [TEST_STEP][PASSED] - strNoAPK2 = dataCompareAPK2.getValue("NO", excelRow): null

2020-11-11 23:11:54 - [TEST_STEP][PASSED] - comparePS.ProposalASL1.ComparePS(strNoAPK2, excelRow): comparePS.ProposalASL1.ComparePS is PASSED

2020-11-11 23:11:54 - [MESSAGE][PASSED] - comparePS.ProposalASL1.ComparePS is PASSED

2020-11-11 23:11:54 - [TEST_STEP][PASSED] - comparePS.KeywordPS.callStatus(strNoAPK2, "sheetAPK2", 17): comparePS.KeywordPS.callStatus is PASSED

2020-11-11 23:11:54 - [MESSAGE][PASSED] - comparePS.KeywordPS.callStatus is PASSED

2020-11-11 23:11:54 - [TEST_STEP][PASSED] - runTime.reset(): null

2020-11-11 23:11:54 - [TEST_STEP][PASSED] - runTime.start(): null

2020-11-11 23:11:54 - [TEST_STEP][PASSED] - dataCompareAPK2 = findTestData("dt-2/dt_APK"): null

2020-11-11 23:11:54 - [TEST_STEP][PASSED] - strNoAPK2 = dataCompareAPK2.getValue("NO", excelRow): null

2020-11-11 23:11:54 - [TEST_STEP][PASSED] - comparePS.ProposalASL1.ComparePS(strNoAPK2, excelRow): comparePS.ProposalASL1.ComparePS is PASSED

2020-11-11 23:11:54 - [MESSAGE][PASSED] - comparePS.ProposalASL1.ComparePS is PASSED

2020-11-11 23:11:54 - [TEST_STEP][PASSED] - comparePS.KeywordPS.callStatus(strNoAPK2, "sheetAPK2", 17): comparePS.KeywordPS.callStatus is PASSED

2020-11-11 23:11:54 - [MESSAGE][PASSED] - comparePS.KeywordPS.callStatus is PASSED

2020-11-11 23:11:54 - [TEST_STEP][PASSED] - runTime.reset(): null

2020-11-11 23:11:54 - [TEST_STEP][PASSED] - runTime.start(): null

2020-11-11 23:11:54 - [TEST_STEP][PASSED] - dataCompareAPK2 = findTestData("dt-2/dt_APK"): null

2020-11-11 23:11:54 - [TEST_STEP][PASSED] - strNoAPK2 = dataCompareAPK2.getValue("NO", excelRow): null

2020-11-11 23:11:54 - [TEST_STEP][PASSED] - comparePS.ProposalASL1.ComparePS(strNoAPK2, excelRow): comparePS.ProposalASL1.ComparePS is PASSED

2020-11-11 23:11:55 - [MESSAGE][PASSED] - comparePS.ProposalASL1.ComparePS is PASSED

2020-11-11 23:11:55 - [TEST_STEP][PASSED] - comparePS.KeywordPS.callStatus(strNoAPK2, "sheetAPK2", 17): comparePS.KeywordPS.callStatus is PASSED

2020-11-11 23:11:55 - [MESSAGE][PASSED] - comparePS.KeywordPS.callStatus is PASSED

2020-11-11 23:11:55 - [TEST_STEP][PASSED] - runTime.reset(): null

2020-11-11 23:11:55 - [TEST_STEP][PASSED] - runTime.start(): null

2020-11-11 23:11:55 - [TEST_STEP][PASSED] - dataCompareAPK2 = findTestData("dt-2/dt_APK"): null

2020-11-11 23:11:55 - [TEST_STEP][PASSED] - strNoAPK2 = dataCompareAPK2.getValue("NO", excelRow): null

2020-11-11 23:11:55 - [TEST_STEP][PASSED] - comparePS.ProposalASL1.ComparePS(strNoAPK2, excelRow): comparePS.ProposalASL1.ComparePS is PASSED

2020-11-11 23:11:55 - [MESSAGE][PASSED] - comparePS.ProposalASL1.ComparePS is PASSED

2020-11-11 23:11:55 - [TEST_STEP][PASSED] - comparePS.KeywordPS.callStatus(strNoAPK2, "sheetAPK2", 17): comparePS.KeywordPS.callStatus is PASSED

2020-11-11 23:11:56 - [MESSAGE][PASSED] - comparePS.KeywordPS.callStatus is PASSED

2020-11-11 23:11:56 - [TEST_STEP][PASSED] - runTime.reset(): null

2020-11-11 23:11:56 - [TEST_STEP][PASSED] - runTime.start(): null

2020-11-11 23:11:56 - [TEST_STEP][PASSED] - dataCompareAPK2 = findTestData("dt-2/dt_APK"): null

2020-11-11 23:11:56 - [TEST_STEP][PASSED] - strNoAPK2 = dataCompareAPK2.getValue("NO", excelRow): null

2020-11-11 23:11:56 - [TEST_STEP][PASSED] - comparePS.ProposalASL1.ComparePS(strNoAPK2, excelRow): comparePS.ProposalASL1.ComparePS is PASSED

2020-11-11 23:11:56 - [MESSAGE][PASSED] - comparePS.ProposalASL1.ComparePS is PASSED

2020-11-11 23:11:56 - [TEST_STEP][PASSED] - comparePS.KeywordPS.callStatus(strNoAPK2, "sheetAPK2", 17): comparePS.KeywordPS.callStatus is PASSED

2020-11-11 23:11:56 - [MESSAGE][PASSED] - comparePS.KeywordPS.callStatus is PASSED

2020-11-11 23:11:56 - [TEST_STEP][PASSED] - runTime.reset(): null

2020-11-11 23:11:56 - [TEST_STEP][PASSED] - runTime.start(): null

2020-11-11 23:11:56 - [TEST_STEP][PASSED] - dataCompareAPK2 = findTestData("dt-2/dt_APK"): null

2020-11-11 23:11:56 - [TEST_STEP][PASSED] - strNoAPK2 = dataCompareAPK2.getValue("NO", excelRow): null

2020-11-11 23:11:56 - [TEST_STEP][PASSED] - comparePS.ProposalASL1.ComparePS(strNoAPK2, excelRow): comparePS.ProposalASL1.ComparePS is PASSED

2020-11-11 23:11:56 - [MESSAGE][PASSED] - comparePS.ProposalASL1.ComparePS is PASSED

2020-11-11 23:11:56 - [TEST_STEP][PASSED] - comparePS.KeywordPS.callStatus(strNoAPK2, "sheetAPK2", 17): comparePS.KeywordPS.callStatus is PASSED

2020-11-11 23:11:56 - [MESSAGE][PASSED] - comparePS.KeywordPS.callStatus is PASSED

2020-11-11 23:11:56 - [TEST_STEP][PASSED] - runTime.reset(): null

2020-11-11 23:11:56 - [TEST_STEP][PASSED] - runTime.start(): null

2020-11-11 23:11:56 - [TEST_STEP][PASSED] - dataCompareAPK2 = findTestData("dt-2/dt_APK"): null

2020-11-11 23:11:56 - [TEST_STEP][PASSED] - strNoAPK2 = dataCompareAPK2.getValue("NO", excelRow): null

2020-11-11 23:11:56 - [TEST_STEP][PASSED] - comparePS.ProposalASL1.ComparePS(strNoAPK2, excelRow): comparePS.ProposalASL1.ComparePS is PASSED

2020-11-11 23:11:57 - [MESSAGE][PASSED] - comparePS.ProposalASL1.ComparePS is PASSED

2020-11-11 23:11:57 - [TEST_STEP][PASSED] - comparePS.KeywordPS.callStatus(strNoAPK2, "sheetAPK2", 17): comparePS.KeywordPS.callStatus is PASSED

2020-11-11 23:11:57 - [MESSAGE][PASSED] - comparePS.KeywordPS.callStatus is PASSED

2020-11-11 23:11:57 - [TEST_STEP][PASSED] - runTime.reset(): null

2020-11-11 23:11:57 - [TEST_STEP][PASSED] - runTime.start(): null

2020-11-11 23:11:57 - [TEST_STEP][PASSED] - dataCompareAPK2 = findTestData("dt-2/dt_APK"): null

2020-11-11 23:11:57 - [TEST_STEP][PASSED] - strNoAPK2 = dataCompareAPK2.getValue("NO", excelRow): null

2020-11-11 23:11:57 - [TEST_STEP][PASSED] - comparePS.ProposalASL1.ComparePS(strNoAPK2, excelRow): comparePS.ProposalASL1.ComparePS is PASSED

2020-11-11 23:11:57 - [MESSAGE][PASSED] - comparePS.ProposalASL1.ComparePS is PASSED

2020-11-11 23:11:57 - [TEST_STEP][PASSED] - comparePS.KeywordPS.callStatus(strNoAPK2, "sheetAPK2", 17): comparePS.KeywordPS.callStatus is PASSED

2020-11-11 23:11:57 - [MESSAGE][PASSED] - comparePS.KeywordPS.callStatus is PASSED

2020-11-11 23:11:57 - [TEST_STEP][PASSED] - runTime.reset(): null

2020-11-11 23:11:57 - [TEST_STEP][PASSED] - runTime.start(): null

2020-11-11 23:11:57 - [TEST_STEP][PASSED] - dataCompareAPK2 = findTestData("dt-2/dt_APK"): null

2020-11-11 23:11:57 - [TEST_STEP][PASSED] - strNoAPK2 = dataCompareAPK2.getValue("NO", excelRow): null

2020-11-11 23:11:57 - [TEST_STEP][PASSED] - comparePS.ProposalASL1.ComparePS(strNoAPK2, excelRow): comparePS.ProposalASL1.ComparePS is PASSED

2020-11-11 23:11:57 - [MESSAGE][PASSED] - comparePS.ProposalASL1.ComparePS is PASSED

2020-11-11 23:11:57 - [TEST_STEP][PASSED] - comparePS.KeywordPS.callStatus(strNoAPK2, "sheetAPK2", 17): comparePS.KeywordPS.callStatus is PASSED

2020-11-11 23:11:57 - [MESSAGE][PASSED] - comparePS.KeywordPS.callStatus is PASSED

2020-11-11 23:11:57 - [TEST_STEP][PASSED] - runTime.reset(): null

2020-11-11 23:11:57 - [TEST_STEP][PASSED] - runTime.start(): null

2020-11-11 23:11:57 - [TEST_STEP][PASSED] - dataCompareAPK2 = findTestData("dt-2/dt_APK"): null

2020-11-11 23:11:57 - [TEST_STEP][PASSED] - strNoAPK2 = dataCompareAPK2.getValue("NO", excelRow): null

2020-11-11 23:11:57 - [TEST_STEP][PASSED] - comparePS.ProposalASL1.ComparePS(strNoAPK2, excelRow): comparePS.ProposalASL1.ComparePS is PASSED

2020-11-11 23:11:58 - [MESSAGE][PASSED] - comparePS.ProposalASL1.ComparePS is PASSED

2020-11-11 23:11:58 - [TEST_STEP][PASSED] - comparePS.KeywordPS.callStatus(strNoAPK2, "sheetAPK2", 17): comparePS.KeywordPS.callStatus is PASSED

2020-11-11 23:11:58 - [MESSAGE][PASSED] - comparePS.KeywordPS.callStatus is PASSED

2020-11-11 23:11:58 - [TEST_STEP][PASSED] - runTime.reset(): null

2020-11-11 23:11:58 - [TEST_STEP][PASSED] - runTime.start(): null

2020-11-11 23:11:58 - [TEST_STEP][PASSED] - dataCompareAPK2 = findTestData("dt-2/dt_APK"): null

2020-11-11 23:11:58 - [TEST_STEP][PASSED] - strNoAPK2 = dataCompareAPK2.getValue("NO", excelRow): null

2020-11-11 23:11:58 - [TEST_STEP][PASSED] - comparePS.ProposalASL1.ComparePS(strNoAPK2, excelRow): comparePS.ProposalASL1.ComparePS is PASSED

2020-11-11 23:11:58 - [MESSAGE][PASSED] - comparePS.ProposalASL1.ComparePS is PASSED

2020-11-11 23:11:58 - [TEST_STEP][PASSED] - comparePS.KeywordPS.callStatus(strNoAPK2, "sheetAPK2", 17): comparePS.KeywordPS.callStatus is PASSED

2020-11-11 23:11:58 - [MESSAGE][PASSED] - comparePS.KeywordPS.callStatus is PASSED

2020-11-11 23:11:58 - [TEST_STEP][PASSED] - runTime.reset(): null

2020-11-11 23:11:58 - [TEST_STEP][PASSED] - runTime.start(): null

2020-11-11 23:11:58 - [TEST_STEP][PASSED] - dataCompareAPK2 = findTestData("dt-2/dt_APK"): null

2020-11-11 23:11:58 - [TEST_STEP][PASSED] - strNoAPK2 = dataCompareAPK2.getValue("NO", excelRow): null

2020-11-11 23:11:58 - [TEST_STEP][PASSED] - comparePS.ProposalASL1.ComparePS(strNoAPK2, excelRow): comparePS.ProposalASL1.ComparePS is PASSED

2020-11-11 23:11:58 - [MESSAGE][PASSED] - comparePS.ProposalASL1.ComparePS is PASSED

2020-11-11 23:11:58 - [TEST_STEP][PASSED] - comparePS.KeywordPS.callStatus(strNoAPK2, "sheetAPK2", 17): comparePS.KeywordPS.callStatus is PASSED

2020-11-11 23:11:58 - [MESSAGE][PASSED] - comparePS.KeywordPS.callStatus is PASSED

2020-11-11 23:11:58 - [TEST_STEP][PASSED] - runTime.reset(): null

2020-11-11 23:11:58 - [TEST_STEP][PASSED] - runTime.start(): null

2020-11-11 23:11:58 - [TEST_STEP][PASSED] - dataCompareAPK2 = findTestData("dt-2/dt_APK"): null

2020-11-11 23:11:58 - [TEST_STEP][PASSED] - strNoAPK2 = dataCompareAPK2.getValue("NO", excelRow): null

2020-11-11 23:11:58 - [TEST_STEP][PASSED] - comparePS.ProposalASL1.ComparePS(strNoAPK2, excelRow): comparePS.ProposalASL1.ComparePS is PASSED

2020-11-11 23:11:58 - [MESSAGE][PASSED] - comparePS.ProposalASL1.ComparePS is PASSED

2020-11-11 23:11:58 - [TEST_STEP][PASSED] - comparePS.KeywordPS.callStatus(strNoAPK2, "sheetAPK2", 17): comparePS.KeywordPS.callStatus is PASSED

2020-11-11 23:11:58 - [MESSAGE][PASSED] - comparePS.KeywordPS.callStatus is PASSED

2020-11-11 23:11:58 - [TEST_STEP][PASSED] - runTime.reset(): null

2020-11-11 23:11:58 - [TEST_STEP][PASSED] - runTime.start(): null

2020-11-11 23:11:58 - [TEST_STEP][PASSED] - dataCompareAPK2 = findTestData("dt-2/dt_APK"): null

2020-11-11 23:11:59 - [TEST_STEP][PASSED] - strNoAPK2 = dataCompareAPK2.getValue("NO", excelRow): null

2020-11-11 23:11:59 - [TEST_STEP][PASSED] - comparePS.ProposalASL1.ComparePS(strNoAPK2, excelRow): comparePS.ProposalASL1.ComparePS is PASSED

2020-11-11 23:11:59 - [MESSAGE][PASSED] - comparePS.ProposalASL1.ComparePS is PASSED

2020-11-11 23:11:59 - [TEST_STEP][PASSED] - comparePS.KeywordPS.callStatus(strNoAPK2, "sheetAPK2", 17): comparePS.KeywordPS.callStatus is PASSED

2020-11-11 23:11:59 - [MESSAGE][PASSED] - comparePS.KeywordPS.callStatus is PASSED

2020-11-11 23:11:59 - [TEST_STEP][PASSED] - runTime.reset(): null

2020-11-11 23:11:59 - [TEST_STEP][PASSED] - runTime.start(): null

2020-11-11 23:11:59 - [TEST_STEP][PASSED] - dataCompareAPK2 = findTestData("dt-2/dt_APK"): null

2020-11-11 23:11:59 - [TEST_STEP][PASSED] - strNoAPK2 = dataCompareAPK2.getValue("NO", excelRow): null

2020-11-11 23:11:59 - [TEST_STEP][PASSED] - comparePS.ProposalASL1.ComparePS(strNoAPK2, excelRow): comparePS.ProposalASL1.ComparePS is PASSED

2020-11-11 23:11:59 - [MESSAGE][PASSED] - comparePS.ProposalASL1.ComparePS is PASSED

2020-11-11 23:11:59 - [TEST_STEP][PASSED] - comparePS.KeywordPS.callStatus(strNoAPK2, "sheetAPK2", 17): comparePS.KeywordPS.callStatus is PASSED

2020-11-11 23:11:59 - [MESSAGE][PASSED] - comparePS.KeywordPS.callStatus is PASSED

2020-11-11 23:11:59 - [TEST_STEP][PASSED] - runTime.reset(): null

2020-11-11 23:11:59 - [TEST_STEP][PASSED] - runTime.start(): null

2020-11-11 23:11:59 - [TEST_STEP][PASSED] - dataCompareAPK2 = findTestData("dt-2/dt_APK"): null

2020-11-11 23:11:59 - [TEST_STEP][PASSED] - strNoAPK2 = dataCompareAPK2.getValue("NO", excelRow): null

2020-11-11 23:11:59 - [TEST_STEP][PASSED] - comparePS.ProposalASL1.ComparePS(strNoAPK2, excelRow): comparePS.ProposalASL1.ComparePS is PASSED

2020-11-11 23:11:59 - [MESSAGE][PASSED] - comparePS.ProposalASL1.ComparePS is PASSED

2020-11-11 23:11:59 - [TEST_STEP][PASSED] - comparePS.KeywordPS.callStatus(strNoAPK2, "sheetAPK2", 17): comparePS.KeywordPS.callStatus is PASSED

2020-11-11 23:12:00 - [MESSAGE][PASSED] - comparePS.KeywordPS.callStatus is PASSED

2020-11-11 23:12:00 - [TEST_STEP][PASSED] - runTime.reset(): null

2020-11-11 23:12:00 - [TEST_STEP][PASSED] - runTime.start(): null

2020-11-11 23:12:00 - [TEST_STEP][PASSED] - dataCompareAPK2 = findTestData("dt-2/dt_APK"): null

2020-11-11 23:12:00 - [TEST_STEP][PASSED] - strNoAPK2 = dataCompareAPK2.getValue("NO", excelRow): null

2020-11-11 23:12:00 - [TEST_STEP][PASSED] - comparePS.ProposalASL1.ComparePS(strNoAPK2, excelRow): comparePS.ProposalASL1.ComparePS is PASSED

2020-11-11 23:12:00 - [MESSAGE][PASSED] - comparePS.ProposalASL1.ComparePS is PASSED

2020-11-11 23:12:00 - [TEST_STEP][PASSED] - comparePS.KeywordPS.callStatus(strNoAPK2, "sheetAPK2", 17): comparePS.KeywordPS.callStatus is PASSED

2020-11-11 23:12:00 - [MESSAGE][PASSED] - comparePS.KeywordPS.callStatus is PASSED

2020-11-11 23:12:00 - [TEST_STEP][PASSED] - runTime.reset(): null

2020-11-11 23:12:00 - [TEST_STEP][PASSED] - runTime.start(): null

2020-11-11 23:12:00 - [TEST_STEP][PASSED] - dataCompareAPK2 = findTestData("dt-2/dt_APK"): null

2020-11-11 23:12:00 - [TEST_STEP][PASSED] - strNoAPK2 = dataCompareAPK2.getValue("NO", excelRow): null

2020-11-11 23:12:00 - [TEST_STEP][PASSED] - comparePS.ProposalASL1.ComparePS(strNoAPK2, excelRow): comparePS.ProposalASL1.ComparePS is PASSED

2020-11-11 23:12:00 - [MESSAGE][PASSED] - comparePS.ProposalASL1.ComparePS is PASSED

2020-11-11 23:12:00 - [TEST_STEP][PASSED] - comparePS.KeywordPS.callStatus(strNoAPK2, "sheetAPK2", 17): comparePS.KeywordPS.callStatus is PASSED

2020-11-11 23:12:00 - [MESSAGE][PASSED] - comparePS.KeywordPS.callStatus is PASSED

2020-11-11 23:12:00 - [TEST_STEP][PASSED] - runTime.reset(): null

2020-11-11 23:12:00 - [TEST_STEP][PASSED] - runTime.start(): null

2020-11-11 23:12:00 - [TEST_STEP][PASSED] - dataCompareAPK2 = findTestData("dt-2/dt_APK"): null

2020-11-11 23:12:01 - [TEST_STEP][PASSED] - strNoAPK2 = dataCompareAPK2.getValue("NO", excelRow): null

2020-11-11 23:12:01 - [TEST_STEP][PASSED] - comparePS.ProposalASL1.ComparePS(strNoAPK2, excelRow): comparePS.ProposalASL1.ComparePS is PASSED

2020-11-11 23:12:01 - [MESSAGE][PASSED] - comparePS.ProposalASL1.ComparePS is PASSED

2020-11-11 23:12:01 - [TEST_STEP][PASSED] - comparePS.KeywordPS.callStatus(strNoAPK2, "sheetAPK2", 17): comparePS.KeywordPS.callStatus is PASSED

2020-11-11 23:12:01 - [MESSAGE][PASSED] - comparePS.KeywordPS.callStatus is PASSED

2020-11-11 23:12:01 - [TEST_STEP][PASSED] - runTime.reset(): null

2020-11-11 23:12:01 - [TEST_STEP][PASSED] - runTime.start(): null

2020-11-11 23:12:01 - [TEST_STEP][PASSED] - dataCompareAPK2 = findTestData("dt-2/dt_APK"): null

2020-11-11 23:12:01 - [TEST_STEP][PASSED] - strNoAPK2 = dataCompareAPK2.getValue("NO", excelRow): null

2020-11-11 23:12:01 - [TEST_STEP][PASSED] - comparePS.ProposalASL1.ComparePS(strNoAPK2, excelRow): comparePS.ProposalASL1.ComparePS is PASSED

2020-11-11 23:12:01 - [MESSAGE][PASSED] - comparePS.ProposalASL1.ComparePS is PASSED

2020-11-11 23:12:01 - [TEST_STEP][PASSED] - comparePS.KeywordPS.callStatus(strNoAPK2, "sheetAPK2", 17): comparePS.KeywordPS.callStatus is PASSED

2020-11-11 23:12:01 - [MESSAGE][PASSED] - comparePS.KeywordPS.callStatus is PASSED

2020-11-11 23:12:01 - [TEST_STEP][PASSED] - runTime.reset(): null

2020-11-11 23:12:01 - [TEST_STEP][PASSED] - runTime.start(): null

2020-11-11 23:12:01 - [TEST_STEP][PASSED] - dataCompareAPK2 = findTestData("dt-2/dt_APK"): null

2020-11-11 23:12:01 - [TEST_STEP][PASSED] - strNoAPK2 = dataCompareAPK2.getValue("NO", excelRow): null

2020-11-11 23:12:01 - [TEST_STEP][PASSED] - comparePS.ProposalASL1.ComparePS(strNoAPK2, excelRow): comparePS.ProposalASL1.ComparePS is PASSED

2020-11-11 23:12:01 - [MESSAGE][PASSED] - comparePS.ProposalASL1.ComparePS is PASSED

2020-11-11 23:12:01 - [TEST_STEP][PASSED] - comparePS.KeywordPS.callStatus(strNoAPK2, "sheetAPK2", 17): comparePS.KeywordPS.callStatus is PASSED

2020-11-11 23:12:01 - [MESSAGE][PASSED] - comparePS.KeywordPS.callStatus is PASSED

2020-11-11 23:12:01 - [TEST_STEP][PASSED] - runTime.reset(): null

2020-11-11 23:12:01 - [TEST_STEP][PASSED] - runTime.start(): null

2020-11-11 23:12:01 - [TEST_STEP][PASSED] - dataCompareAPK2 = findTestData("dt-2/dt_APK"): null

2020-11-11 23:12:02 - [TEST_STEP][PASSED] - strNoAPK2 = dataCompareAPK2.getValue("NO", excelRow): null

2020-11-11 23:12:02 - [TEST_STEP][PASSED] - comparePS.ProposalASL1.ComparePS(strNoAPK2, excelRow): comparePS.ProposalASL1.ComparePS is PASSED

2020-11-11 23:12:02 - [MESSAGE][PASSED] - comparePS.ProposalASL1.ComparePS is PASSED

2020-11-11 23:12:02 - [TEST_STEP][PASSED] - comparePS.KeywordPS.callStatus(strNoAPK2, "sheetAPK2", 17): comparePS.KeywordPS.callStatus is PASSED

2020-11-11 23:12:02 - [MESSAGE][PASSED] - comparePS.KeywordPS.callStatus is PASSED

2020-11-11 23:12:02 - [TEST_STEP][PASSED] - runTime.reset(): null

2020-11-11 23:12:02 - [TEST_STEP][PASSED] - runTime.start(): null

2020-11-11 23:12:02 - [TEST_STEP][PASSED] - dataCompareAPK2 = findTestData("dt-2/dt_APK"): null

2020-11-11 23:12:02 - [TEST_STEP][PASSED] - strNoAPK2 = dataCompareAPK2.getValue("NO", excelRow): null

2020-11-11 23:12:02 - [TEST_STEP][PASSED] - comparePS.ProposalASL1.ComparePS(strNoAPK2, excelRow): comparePS.ProposalASL1.ComparePS is PASSED

2020-11-11 23:12:02 - [MESSAGE][PASSED] - comparePS.ProposalASL1.ComparePS is PASSED

2020-11-11 23:12:02 - [TEST_STEP][PASSED] - comparePS.KeywordPS.callStatus(strNoAPK2, "sheetAPK2", 17): comparePS.KeywordPS.callStatus is PASSED

2020-11-11 23:12:02 - [MESSAGE][PASSED] - comparePS.KeywordPS.callStatus is PASSED

2020-11-11 23:12:02 - [TEST_STEP][PASSED] - runTime.reset(): null

2020-11-11 23:12:02 - [TEST_STEP][PASSED] - runTime.start(): null

2020-11-11 23:12:02 - [TEST_STEP][PASSED] - dataCompareAPK2 = findTestData("dt-2/dt_APK"): null

2020-11-11 23:12:02 - [TEST_STEP][PASSED] - strNoAPK2 = dataCompareAPK2.getValue("NO", excelRow): null

2020-11-11 23:12:02 - [TEST_STEP][PASSED] - comparePS.ProposalASL1.ComparePS(strNoAPK2, excelRow): comparePS.ProposalASL1.ComparePS is PASSED

2020-11-11 23:12:02 - [MESSAGE][PASSED] - comparePS.ProposalASL1.ComparePS is PASSED

2020-11-11 23:12:02 - [TEST_STEP][PASSED] - comparePS.KeywordPS.callStatus(strNoAPK2, "sheetAPK2", 17): comparePS.KeywordPS.callStatus is PASSED

2020-11-11 23:12:02 - [MESSAGE][PASSED] - comparePS.KeywordPS.callStatus is PASSED

2020-11-11 23:12:02 - [TEST_STEP][PASSED] - runTime.reset(): null

2020-11-11 23:12:02 - [TEST_STEP][PASSED] - runTime.start(): null

2020-11-11 23:12:02 - [TEST_STEP][PASSED] - dataCompareAPK2 = findTestData("dt-2/dt_APK"): null

2020-11-11 23:12:02 - [TEST_STEP][PASSED] - strNoAPK2 = dataCompareAPK2.getValue("NO", excelRow): null

2020-11-11 23:12:02 - [TEST_STEP][PASSED] - comparePS.ProposalASL1.ComparePS(strNoAPK2, excelRow): comparePS.ProposalASL1.ComparePS is PASSED

2020-11-11 23:12:03 - [MESSAGE][PASSED] - comparePS.ProposalASL1.ComparePS is PASSED

2020-11-11 23:12:03 - [TEST_STEP][PASSED] - comparePS.KeywordPS.callStatus(strNoAPK2, "sheetAPK2", 17): comparePS.KeywordPS.callStatus is PASSED

2020-11-11 23:12:03 - [MESSAGE][PASSED] - comparePS.KeywordPS.callStatus is PASSED

2020-11-11 23:12:03 - [TEST_STEP][PASSED] - runTime.reset(): null

2020-11-11 23:12:03 - [TEST_STEP][PASSED] - runTime.start(): null

2020-11-11 23:12:03 - [TEST_STEP][PASSED] - dataCompareAPK2 = findTestData("dt-2/dt_APK"): null

2020-11-11 23:12:03 - [TEST_STEP][PASSED] - strNoAPK2 = dataCompareAPK2.getValue("NO", excelRow): null

2020-11-11 23:12:03 - [TEST_STEP][PASSED] - comparePS.ProposalASL1.ComparePS(strNoAPK2, excelRow): comparePS.ProposalASL1.ComparePS is PASSED

2020-11-11 23:12:03 - [MESSAGE][PASSED] - comparePS.ProposalASL1.ComparePS is PASSED

2020-11-11 23:12:03 - [TEST_STEP][PASSED] - comparePS.KeywordPS.callStatus(strNoAPK2, "sheetAPK2", 17): comparePS.KeywordPS.callStatus is PASSED

2020-11-11 23:12:03 - [MESSAGE][PASSED] - comparePS.KeywordPS.callStatus is PASSED

2020-11-11 23:12:03 - [TEST_STEP][PASSED] - runTime.reset(): null

2020-11-11 23:12:03 - [TEST_STEP][PASSED] - runTime.start(): null

2020-11-11 23:12:03 - [TEST_STEP][PASSED] - dataCompareAPK2 = findTestData("dt-2/dt_APK"): null

2020-11-11 23:12:03 - [TEST_STEP][PASSED] - strNoAPK2 = dataCompareAPK2.getValue("NO", excelRow): null

2020-11-11 23:12:03 - [TEST_STEP][PASSED] - comparePS.ProposalASL1.ComparePS(strNoAPK2, excelRow): comparePS.ProposalASL1.ComparePS is PASSED

2020-11-11 23:12:03 - [MESSAGE][PASSED] - comparePS.ProposalASL1.ComparePS is PASSED

2020-11-11 23:12:03 - [TEST_STEP][PASSED] - comparePS.KeywordPS.callStatus(strNoAPK2, "sheetAPK2", 17): comparePS.KeywordPS.callStatus is PASSED

2020-11-11 23:12:03 - [MESSAGE][PASSED] - comparePS.KeywordPS.callStatus is PASSED

2020-11-11 23:12:03 - [TEST_STEP][PASSED] - runTime.reset(): null

2020-11-11 23:12:03 - [TEST_STEP][PASSED] - runTime.start(): null

2020-11-11 23:12:03 - [TEST_STEP][PASSED] - dataCompareAPK2 = findTestData("dt-2/dt_APK"): null

2020-11-11 23:12:03 - [TEST_STEP][PASSED] - strNoAPK2 = dataCompareAPK2.getValue("NO", excelRow): null

2020-11-11 23:12:03 - [TEST_STEP][PASSED] - comparePS.ProposalASL1.ComparePS(strNoAPK2, excelRow): comparePS.ProposalASL1.ComparePS is PASSED

2020-11-11 23:12:03 - [MESSAGE][PASSED] - comparePS.ProposalASL1.ComparePS is PASSED

2020-11-11 23:12:03 - [TEST_STEP][PASSED] - comparePS.KeywordPS.callStatus(strNoAPK2, "sheetAPK2", 17): comparePS.KeywordPS.callStatus is PASSED

2020-11-11 23:12:04 - [MESSAGE][PASSED] - comparePS.KeywordPS.callStatus is PASSED

2020-11-11 23:12:04 - [TEST_STEP][PASSED] - runTime.reset(): null

2020-11-11 23:12:04 - [TEST_STEP][PASSED] - runTime.start(): null

2020-11-11 23:12:04 - [TEST_STEP][PASSED] - dataCompareAPK2 = findTestData("dt-2/dt_APK"): null

2020-11-11 23:12:04 - [TEST_STEP][PASSED] - strNoAPK2 = dataCompareAPK2.getValue("NO", excelRow): null

2020-11-11 23:12:04 - [TEST_STEP][PASSED] - comparePS.ProposalASL1.ComparePS(strNoAPK2, excelRow): comparePS.ProposalASL1.ComparePS is PASSED

2020-11-11 23:12:04 - [MESSAGE][PASSED] - comparePS.ProposalASL1.ComparePS is PASSED

2020-11-11 23:12:04 - [TEST_STEP][PASSED] - comparePS.KeywordPS.callStatus(strNoAPK2, "sheetAPK2", 17): comparePS.KeywordPS.callStatus is PASSED

2020-11-11 23:12:04 - [MESSAGE][PASSED] - comparePS.KeywordPS.callStatus is PASSED

2020-11-11 23:12:04 - [TEST_STEP][PASSED] - runTime.reset(): null

2020-11-11 23:12:04 - [TEST_STEP][PASSED] - runTime.start(): null

2020-11-11 23:12:04 - [TEST_STEP][PASSED] - dataCompareAPK2 = findTestData("dt-2/dt_APK"): null

2020-11-11 23:12:04 - [TEST_STEP][PASSED] - strNoAPK2 = dataCompareAPK2.getValue("NO", excelRow): null

2020-11-11 23:12:04 - [TEST_STEP][PASSED] - comparePS.ProposalASL1.ComparePS(strNoAPK2, excelRow): comparePS.ProposalASL1.ComparePS is PASSED

2020-11-11 23:12:04 - [MESSAGE][PASSED] - comparePS.ProposalASL1.ComparePS is PASSED

2020-11-11 23:12:04 - [TEST_STEP][PASSED] - comparePS.KeywordPS.callStatus(strNoAPK2, "sheetAPK2", 17): comparePS.KeywordPS.callStatus is PASSED

2020-11-11 23:12:04 - [MESSAGE][PASSED] - comparePS.KeywordPS.callStatus is PASSED

2020-11-11 23:12:04 - [TEST_STEP][PASSED] - runTime.reset(): null

2020-11-11 23:12:04 - [TEST_STEP][PASSED] - runTime.start(): null

2020-11-11 23:12:04 - [TEST_STEP][PASSED] - dataCompareAPK2 = findTestData("dt-2/dt_APK"): null

2020-11-11 23:12:04 - [TEST_STEP][PASSED] - strNoAPK2 = dataCompareAPK2.getValue("NO", excelRow): null

2020-11-11 23:12:04 - [TEST_STEP][PASSED] - comparePS.ProposalASL1.ComparePS(strNoAPK2, excelRow): comparePS.ProposalASL1.ComparePS is PASSED

2020-11-11 23:12:04 - [MESSAGE][PASSED] - comparePS.ProposalASL1.ComparePS is PASSED

2020-11-11 23:12:04 - [TEST_STEP][PASSED] - comparePS.KeywordPS.callStatus(strNoAPK2, "sheetAPK2", 17): comparePS.KeywordPS.callStatus is PASSED

2020-11-11 23:12:05 - [MESSAGE][PASSED] - comparePS.KeywordPS.callStatus is PASSED

2020-11-11 23:12:05 - [TEST_STEP][PASSED] - runTime.reset(): null

2020-11-11 23:12:05 - [TEST_STEP][PASSED] - runTime.start(): null

2020-11-11 23:12:05 - [TEST_STEP][PASSED] - dataCompareAPK2 = findTestData("dt-2/dt_APK"): null

2020-11-11 23:12:05 - [TEST_STEP][PASSED] - strNoAPK2 = dataCompareAPK2.getValue("NO", excelRow): null

2020-11-11 23:12:05 - [TEST_STEP][PASSED] - comparePS.ProposalASL1.ComparePS(strNoAPK2, excelRow): comparePS.ProposalASL1.ComparePS is PASSED

2020-11-11 23:12:05 - [MESSAGE][PASSED] - comparePS.ProposalASL1.ComparePS is PASSED

2020-11-11 23:12:05 - [TEST_STEP][PASSED] - comparePS.KeywordPS.callStatus(strNoAPK2, "sheetAPK2", 17): comparePS.KeywordPS.callStatus is PASSED

2020-11-11 23:12:05 - [MESSAGE][PASSED] - comparePS.KeywordPS.callStatus is PASSED

2020-11-11 23:12:05 - [TEST_STEP][PASSED] - runTime.reset(): null

2020-11-11 23:12:05 - [TEST_STEP][PASSED] - runTime.start(): null

2020-11-11 23:12:05 - [TEST_STEP][PASSED] - dataCompareAPK2 = findTestData("dt-2/dt_APK"): null

2020-11-11 23:12:05 - [TEST_STEP][PASSED] - strNoAPK2 = dataCompareAPK2.getValue("NO", excelRow): null

2020-11-11 23:12:05 - [TEST_STEP][PASSED] - comparePS.ProposalASL1.ComparePS(strNoAPK2, excelRow): comparePS.ProposalASL1.ComparePS is PASSED

2020-11-11 23:12:05 - [MESSAGE][PASSED] - comparePS.ProposalASL1.ComparePS is PASSED

2020-11-11 23:12:05 - [TEST_STEP][PASSED] - comparePS.KeywordPS.callStatus(strNoAPK2, "sheetAPK2", 17): comparePS.KeywordPS.callStatus is PASSED

2020-11-11 23:12:05 - [MESSAGE][PASSED] - comparePS.KeywordPS.callStatus is PASSED

2020-11-11 23:12:05 - [TEST_STEP][PASSED] - runTime.reset(): null

2020-11-11 23:12:05 - [TEST_STEP][PASSED] - runTime.start(): null

2020-11-11 23:12:05 - [TEST_STEP][PASSED] - dataCompareAPK2 = findTestData("dt-2/dt_APK"): null

2020-11-11 23:12:05 - [TEST_STEP][PASSED] - strNoAPK2 = dataCompareAPK2.getValue("NO", excelRow): null

2020-11-11 23:12:05 - [TEST_STEP][PASSED] - comparePS.ProposalASL1.ComparePS(strNoAPK2, excelRow): comparePS.ProposalASL1.ComparePS is PASSED

2020-11-11 23:12:06 - [MESSAGE][PASSED] - comparePS.ProposalASL1.ComparePS is PASSED

2020-11-11 23:12:06 - [TEST_STEP][PASSED] - comparePS.KeywordPS.callStatus(strNoAPK2, "sheetAPK2", 17): comparePS.KeywordPS.callStatus is PASSED

2020-11-11 23:12:06 - [MESSAGE][PASSED] - comparePS.KeywordPS.callStatus is PASSED

2020-11-11 23:12:06 - [TEST_STEP][PASSED] - runTime.reset(): null

2020-11-11 23:12:06 - [TEST_STEP][PASSED] - runTime.start(): null

2020-11-11 23:12:06 - [TEST_STEP][PASSED] - dataCompareAPK2 = findTestData("dt-2/dt_APK"): null

2020-11-11 23:12:06 - [TEST_STEP][PASSED] - strNoAPK2 = dataCompareAPK2.getValue("NO", excelRow): null

2020-11-11 23:12:06 - [TEST_STEP][PASSED] - comparePS.ProposalASL1.ComparePS(strNoAPK2, excelRow): comparePS.ProposalASL1.ComparePS is PASSED

2020-11-11 23:12:06 - [MESSAGE][PASSED] - comparePS.ProposalASL1.ComparePS is PASSED

2020-11-11 23:12:06 - [TEST_STEP][PASSED] - comparePS.KeywordPS.callStatus(strNoAPK2, "sheetAPK2", 17): comparePS.KeywordPS.callStatus is PASSED

2020-11-11 23:12:06 - [MESSAGE][PASSED] - comparePS.KeywordPS.callStatus is PASSED

2020-11-11 23:12:06 - [TEST_STEP][PASSED] - runTime.reset(): null

2020-11-11 23:12:06 - [TEST_STEP][PASSED] - runTime.start(): null

2020-11-11 23:12:06 - [TEST_STEP][PASSED] - dataCompareAPK2 = findTestData("dt-2/dt_APK"): null

2020-11-11 23:12:06 - [TEST_STEP][PASSED] - strNoAPK2 = dataCompareAPK2.getValue("NO", excelRow): null

2020-11-11 23:12:06 - [TEST_STEP][PASSED] - comparePS.ProposalASL1.ComparePS(strNoAPK2, excelRow): comparePS.ProposalASL1.ComparePS is PASSED

2020-11-11 23:12:06 - [MESSAGE][PASSED] - comparePS.ProposalASL1.ComparePS is PASSED

2020-11-11 23:12:06 - [TEST_STEP][PASSED] - comparePS.KeywordPS.callStatus(strNoAPK2, "sheetAPK2", 17): comparePS.KeywordPS.callStatus is PASSED

2020-11-11 23:12:06 - [MESSAGE][PASSED] - comparePS.KeywordPS.callStatus is PASSED

2020-11-11 23:12:06 - [TEST_STEP][PASSED] - runTime.reset(): null

2020-11-11 23:12:06 - [TEST_STEP][PASSED] - runTime.start(): null

2020-11-11 23:12:06 - [TEST_STEP][PASSED] - dataCompareAPK2 = findTestData("dt-2/dt_APK"): null

2020-11-11 23:12:07 - [TEST_STEP][PASSED] - strNoAPK2 = dataCompareAPK2.getValue("NO", excelRow): null

2020-11-11 23:12:07 - [TEST_STEP][PASSED] - comparePS.ProposalASL1.ComparePS(strNoAPK2, excelRow): comparePS.ProposalASL1.ComparePS is PASSED

2020-11-11 23:12:07 - [MESSAGE][PASSED] - comparePS.ProposalASL1.ComparePS is PASSED

2020-11-11 23:12:07 - [TEST_STEP][PASSED] - comparePS.KeywordPS.callStatus(strNoAPK2, "sheetAPK2", 17): comparePS.KeywordPS.callStatus is PASSED

2020-11-11 23:12:07 - [MESSAGE][PASSED] - comparePS.KeywordPS.callStatus is PASSED

2020-11-11 23:12:07 - [TEST_STEP][PASSED] - runTime.reset(): null

2020-11-11 23:12:07 - [TEST_STEP][PASSED] - runTime.start(): null

2020-11-11 23:12:07 - [TEST_STEP][PASSED] - dataCompareAPK2 = findTestData("dt-2/dt_APK"): null

2020-11-11 23:12:07 - [TEST_STEP][PASSED] - strNoAPK2 = dataCompareAPK2.getValue("NO", excelRow): null

2020-11-11 23:12:07 - [TEST_STEP][PASSED] - comparePS.ProposalASL1.ComparePS(strNoAPK2, excelRow): comparePS.ProposalASL1.ComparePS is PASSED

2020-11-11 23:12:07 - [MESSAGE][PASSED] - comparePS.ProposalASL1.ComparePS is PASSED

2020-11-11 23:12:07 - [TEST_STEP][PASSED] - comparePS.KeywordPS.callStatus(strNoAPK2, "sheetAPK2", 17): comparePS.KeywordPS.callStatus is PASSED

2020-11-11 23:12:07 - [MESSAGE][PASSED] - comparePS.KeywordPS.callStatus is PASSED

2020-11-11 23:12:07 - [TEST_STEP][PASSED] - runTime.reset(): null

2020-11-11 23:12:07 - [TEST_STEP][PASSED] - runTime.start(): null

2020-11-11 23:12:07 - [TEST_STEP][PASSED] - dataCompareAPK2 = findTestData("dt-2/dt_APK"): null

2020-11-11 23:12:07 - [TEST_STEP][PASSED] - strNoAPK2 = dataCompareAPK2.getValue("NO", excelRow): null

2020-11-11 23:12:07 - [TEST_STEP][PASSED] - comparePS.ProposalASL1.ComparePS(strNoAPK2, excelRow): comparePS.ProposalASL1.ComparePS is PASSED

2020-11-11 23:12:08 - [MESSAGE][PASSED] - comparePS.ProposalASL1.ComparePS is PASSED

2020-11-11 23:12:08 - [TEST_STEP][PASSED] - comparePS.KeywordPS.callStatus(strNoAPK2, "sheetAPK2", 17): comparePS.KeywordPS.callStatus is PASSED

2020-11-11 23:12:08 - [MESSAGE][PASSED] - comparePS.KeywordPS.callStatus is PASSED

2020-11-11 23:12:08 - [TEST_STEP][PASSED] - runTime.reset(): null

2020-11-11 23:12:08 - [TEST_STEP][PASSED] - runTime.start(): null

2020-11-11 23:12:08 - [TEST_STEP][PASSED] - dataCompareAPK2 = findTestData("dt-2/dt_APK"): null

2020-11-11 23:12:08 - [TEST_STEP][PASSED] - strNoAPK2 = dataCompareAPK2.getValue("NO", excelRow): null

2020-11-11 23:12:08 - [TEST_STEP][PASSED] - comparePS.ProposalASL1.ComparePS(strNoAPK2, excelRow): comparePS.ProposalASL1.ComparePS is PASSED

2020-11-11 23:12:08 - [MESSAGE][PASSED] - comparePS.ProposalASL1.ComparePS is PASSED

2020-11-11 23:12:08 - [TEST_STEP][PASSED] - comparePS.KeywordPS.callStatus(strNoAPK2, "sheetAPK2", 17): comparePS.KeywordPS.callStatus is PASSED

2020-11-11 23:12:08 - [MESSAGE][PASSED] - comparePS.KeywordPS.callStatus is PASSED

2020-11-11 23:12:08 - [TEST_STEP][PASSED] - runTime.reset(): null

2020-11-11 23:12:08 - [TEST_STEP][PASSED] - runTime.start(): null

2020-11-11 23:12:08 - [TEST_STEP][PASSED] - dataCompareAPK2 = findTestData("dt-2/dt_APK"): null

2020-11-11 23:12:08 - [TEST_STEP][PASSED] - strNoAPK2 = dataCompareAPK2.getValue("NO", excelRow): null

2020-11-11 23:12:08 - [TEST_STEP][PASSED] - comparePS.ProposalASL1.ComparePS(strNoAPK2, excelRow): comparePS.ProposalASL1.ComparePS is PASSED

2020-11-11 23:12:08 - [MESSAGE][PASSED] - comparePS.ProposalASL1.ComparePS is PASSED

2020-11-11 23:12:08 - [TEST_STEP][PASSED] - comparePS.KeywordPS.callStatus(strNoAPK2, "sheetAPK2", 17): comparePS.KeywordPS.callStatus is PASSED

2020-11-11 23:12:08 - [MESSAGE][PASSED] - comparePS.KeywordPS.callStatus is PASSED

2020-11-11 23:12:08 - [TEST_STEP][PASSED] - runTime.reset(): null

2020-11-11 23:12:08 - [TEST_STEP][PASSED] - runTime.start(): null

2020-11-11 23:12:08 - [TEST_STEP][PASSED] - dataCompareAPK2 = findTestData("dt-2/dt_APK"): null

2020-11-11 23:12:08 - [TEST_STEP][PASSED] - strNoAPK2 = dataCompareAPK2.getValue("NO", excelRow): null

2020-11-11 23:12:08 - [TEST_STEP][PASSED] - comparePS.ProposalASL1.ComparePS(strNoAPK2, excelRow): comparePS.ProposalASL1.ComparePS is PASSED

2020-11-11 23:12:09 - [MESSAGE][PASSED] - comparePS.ProposalASL1.ComparePS is PASSED

2020-11-11 23:12:09 - [TEST_STEP][PASSED] - comparePS.KeywordPS.callStatus(strNoAPK2, "sheetAPK2", 17): comparePS.KeywordPS.callStatus is PASSED

2020-11-11 23:12:09 - [MESSAGE][PASSED] - comparePS.KeywordPS.callStatus is PASSED

2020-11-11 23:12:09 - [TEST_STEP][PASSED] - runTime.reset(): null

2020-11-11 23:12:09 - [TEST_STEP][PASSED] - runTime.start(): null

2020-11-11 23:12:09 - [TEST_STEP][PASSED] - dataCompareAPK2 = findTestData("dt-2/dt_APK"): null

2020-11-11 23:12:09 - [TEST_STEP][PASSED] - strNoAPK2 = dataCompareAPK2.getValue("NO", excelRow): null

2020-11-11 23:12:09 - [TEST_STEP][PASSED] - comparePS.ProposalASL1.ComparePS(strNoAPK2, excelRow): comparePS.ProposalASL1.ComparePS is PASSED

2020-11-11 23:12:09 - [MESSAGE][PASSED] - comparePS.ProposalASL1.ComparePS is PASSED

2020-11-11 23:12:09 - [TEST_STEP][PASSED] - comparePS.KeywordPS.callStatus(strNoAPK2, "sheetAPK2", 17): comparePS.KeywordPS.callStatus is PASSED

2020-11-11 23:12:09 - [MESSAGE][PASSED] - comparePS.KeywordPS.callStatus is PASSED

2020-11-11 23:12:09 - [TEST_STEP][PASSED] - runTime.reset(): null

2020-11-11 23:12:09 - [TEST_STEP][PASSED] - runTime.start(): null

2020-11-11 23:12:09 - [TEST_STEP][PASSED] - dataCompareAPK2 = findTestData("dt-2/dt_APK"): null

2020-11-11 23:12:09 - [TEST_STEP][PASSED] - strNoAPK2 = dataCompareAPK2.getValue("NO", excelRow): null

2020-11-11 23:12:09 - [TEST_STEP][PASSED] - comparePS.ProposalASL1.ComparePS(strNoAPK2, excelRow): comparePS.ProposalASL1.ComparePS is PASSED

2020-11-11 23:12:09 - [MESSAGE][PASSED] - comparePS.ProposalASL1.ComparePS is PASSED

2020-11-11 23:12:09 - [TEST_STEP][PASSED] - comparePS.KeywordPS.callStatus(strNoAPK2, "sheetAPK2", 17): comparePS.KeywordPS.callStatus is PASSED

2020-11-11 23:12:09 - [MESSAGE][PASSED] - comparePS.KeywordPS.callStatus is PASSED

2020-11-11 23:12:09 - [TEST_STEP][PASSED] - runTime.reset(): null

2020-11-11 23:12:09 - [TEST_STEP][PASSED] - runTime.start(): null

2020-11-11 23:12:09 - [TEST_STEP][PASSED] - dataCompareAPK2 = findTestData("dt-2/dt_APK"): null

2020-11-11 23:12:10 - [TEST_STEP][PASSED] - strNoAPK2 = dataCompareAPK2.getValue("NO", excelRow): null

2020-11-11 23:12:10 - [TEST_STEP][PASSED] - comparePS.ProposalASL1.ComparePS(strNoAPK2, excelRow): comparePS.ProposalASL1.ComparePS is PASSED

2020-11-11 23:12:10 - [MESSAGE][PASSED] - comparePS.ProposalASL1.ComparePS is PASSED

2020-11-11 23:12:10 - [TEST_STEP][PASSED] - comparePS.KeywordPS.callStatus(strNoAPK2, "sheetAPK2", 17): comparePS.KeywordPS.callStatus is PASSED

2020-11-11 23:12:10 - [MESSAGE][PASSED] - comparePS.KeywordPS.callStatus is PASSED

2020-11-11 23:12:10 - [TEST_STEP][PASSED] - runTime.reset(): null

2020-11-11 23:12:10 - [TEST_STEP][PASSED] - runTime.start(): null

2020-11-11 23:12:10 - [TEST_STEP][PASSED] - dataCompareAPK2 = findTestData("dt-2/dt_APK"): null

2020-11-11 23:12:10 - [TEST_STEP][PASSED] - strNoAPK2 = dataCompareAPK2.getValue("NO", excelRow): null

2020-11-11 23:12:10 - [TEST_STEP][PASSED] - comparePS.ProposalASL1.ComparePS(strNoAPK2, excelRow): comparePS.ProposalASL1.ComparePS is PASSED

2020-11-11 23:12:10 - [MESSAGE][PASSED] - comparePS.ProposalASL1.ComparePS is PASSED

2020-11-11 23:12:10 - [TEST_STEP][PASSED] - comparePS.KeywordPS.callStatus(strNoAPK2, "sheetAPK2", 17): comparePS.KeywordPS.callStatus is PASSED

2020-11-11 23:12:10 - [MESSAGE][PASSED] - comparePS.KeywordPS.callStatus is PASSED

2020-11-11 23:12:10 - [TEST_STEP][PASSED] - runTime.reset(): null

2020-11-11 23:12:10 - [TEST_STEP][PASSED] - runTime.start(): null

2020-11-11 23:12:10 - [TEST_STEP][PASSED] - dataCompareAPK2 = findTestData("dt-2/dt_APK"): null

2020-11-11 23:12:10 - [TEST_STEP][PASSED] - strNoAPK2 = dataCompareAPK2.getValue("NO", excelRow): null

2020-11-11 23:12:10 - [TEST_STEP][PASSED] - comparePS.ProposalASL1.ComparePS(strNoAPK2, excelRow): comparePS.ProposalASL1.ComparePS is PASSED

2020-11-11 23:12:10 - [MESSAGE][PASSED] - comparePS.ProposalASL1.ComparePS is PASSED

2020-11-11 23:12:10 - [TEST_STEP][PASSED] - comparePS.KeywordPS.callStatus(strNoAPK2, "sheetAPK2", 17): comparePS.KeywordPS.callStatus is PASSED

2020-11-11 23:12:11 - [MESSAGE][PASSED] - comparePS.KeywordPS.callStatus is PASSED

2020-11-11 23:12:11 - [TEST_STEP][PASSED] - runTime.reset(): null

2020-11-11 23:12:11 - [TEST_STEP][PASSED] - runTime.start(): null

2020-11-11 23:12:11 - [TEST_STEP][PASSED] - dataCompareAPK2 = findTestData("dt-2/dt_APK"): null

2020-11-11 23:12:11 - [TEST_STEP][PASSED] - strNoAPK2 = dataCompareAPK2.getValue("NO", excelRow): null

2020-11-11 23:12:11 - [TEST_STEP][PASSED] - comparePS.ProposalASL1.ComparePS(strNoAPK2, excelRow): comparePS.ProposalASL1.ComparePS is PASSED

2020-11-11 23:12:11 - [MESSAGE][PASSED] - comparePS.ProposalASL1.ComparePS is PASSED

2020-11-11 23:12:11 - [TEST_STEP][PASSED] - comparePS.KeywordPS.callStatus(strNoAPK2, "sheetAPK2", 17): comparePS.KeywordPS.callStatus is PASSED

2020-11-11 23:12:11 - [MESSAGE][PASSED] - comparePS.KeywordPS.callStatus is PASSED

2020-11-11 23:12:11 - [TEST_STEP][PASSED] - runTime.reset(): null

2020-11-11 23:12:11 - [TEST_STEP][PASSED] - runTime.start(): null

2020-11-11 23:12:11 - [TEST_STEP][PASSED] - dataCompareAPK2 = findTestData("dt-2/dt_APK"): null

2020-11-11 23:12:11 - [TEST_STEP][PASSED] - strNoAPK2 = dataCompareAPK2.getValue("NO", excelRow): null

2020-11-11 23:12:11 - [TEST_STEP][PASSED] - comparePS.ProposalASL1.ComparePS(strNoAPK2, excelRow): comparePS.ProposalASL1.ComparePS is PASSED

2020-11-11 23:12:11 - [MESSAGE][PASSED] - comparePS.ProposalASL1.ComparePS is PASSED

2020-11-11 23:12:11 - [TEST_STEP][PASSED] - comparePS.KeywordPS.callStatus(strNoAPK2, "sheetAPK2", 17): comparePS.KeywordPS.callStatus is PASSED

2020-11-11 23:12:11 - [MESSAGE][PASSED] - comparePS.KeywordPS.callStatus is PASSED

2020-11-11 23:12:11 - [TEST_STEP][PASSED] - runTime.reset(): null

2020-11-11 23:12:11 - [TEST_STEP][PASSED] - runTime.start(): null

2020-11-11 23:12:11 - [TEST_STEP][PASSED] - dataCompareAPK2 = findTestData("dt-2/dt_APK"): null

2020-11-11 23:12:11 - [TEST_STEP][PASSED] - strNoAPK2 = dataCompareAPK2.getValue("NO", excelRow): null

2020-11-11 23:12:11 - [TEST_STEP][PASSED] - comparePS.ProposalASL1.ComparePS(strNoAPK2, excelRow): comparePS.ProposalASL1.ComparePS is PASSED

2020-11-11 23:12:11 - [MESSAGE][PASSED] - comparePS.ProposalASL1.ComparePS is PASSED

2020-11-11 23:12:11 - [TEST_STEP][PASSED] - comparePS.KeywordPS.callStatus(strNoAPK2, "sheetAPK2", 17): comparePS.KeywordPS.callStatus is PASSED

2020-11-11 23:12:12 - [MESSAGE][PASSED] - comparePS.KeywordPS.callStatus is PASSED

2020-11-11 23:12:12 - [TEST_STEP][PASSED] - runTime.reset(): null

2020-11-11 23:12:12 - [TEST_STEP][PASSED] - runTime.start(): null

2020-11-11 23:12:12 - [TEST_STEP][PASSED] - dataCompareAPK2 = findTestData("dt-2/dt_APK"): null

2020-11-11 23:12:12 - [TEST_STEP][PASSED] - strNoAPK2 = dataCompareAPK2.getValue("NO", excelRow): null

2020-11-11 23:12:12 - [TEST_STEP][PASSED] - comparePS.ProposalASL1.ComparePS(strNoAPK2, excelRow): comparePS.ProposalASL1.ComparePS is PASSED

2020-11-11 23:12:12 - [MESSAGE][PASSED] - comparePS.ProposalASL1.ComparePS is PASSED

2020-11-11 23:12:12 - [TEST_STEP][PASSED] - comparePS.KeywordPS.callStatus(strNoAPK2, "sheetAPK2", 17): comparePS.KeywordPS.callStatus is PASSED

2020-11-11 23:12:12 - [MESSAGE][PASSED] - comparePS.KeywordPS.callStatus is PASSED

2020-11-11 23:12:12 - [TEST_STEP][PASSED] - runTime.reset(): null

2020-11-11 23:12:12 - [TEST_STEP][PASSED] - runTime.start(): null

2020-11-11 23:12:12 - [TEST_STEP][PASSED] - dataCompareAPK2 = findTestData("dt-2/dt_APK"): null

2020-11-11 23:12:12 - [TEST_STEP][PASSED] - strNoAPK2 = dataCompareAPK2.getValue("NO", excelRow): null

2020-11-11 23:12:12 - [TEST_STEP][PASSED] - comparePS.ProposalASL1.ComparePS(strNoAPK2, excelRow): comparePS.ProposalASL1.ComparePS is PASSED

2020-11-11 23:12:12 - [MESSAGE][PASSED] - comparePS.ProposalASL1.ComparePS is PASSED

2020-11-11 23:12:12 - [TEST_STEP][PASSED] - comparePS.KeywordPS.callStatus(strNoAPK2, "sheetAPK2", 17): comparePS.KeywordPS.callStatus is PASSED

2020-11-11 23:12:12 - [MESSAGE][PASSED] - comparePS.KeywordPS.callStatus is PASSED

2020-11-11 23:12:12 - [TEST_STEP][PASSED] - runTime.reset(): null

2020-11-11 23:12:12 - [TEST_STEP][PASSED] - runTime.start(): null

2020-11-11 23:12:12 - [TEST_STEP][PASSED] - dataCompareAPK2 = findTestData("dt-2/dt_APK"): null

2020-11-11 23:12:12 - [TEST_STEP][PASSED] - strNoAPK2 = dataCompareAPK2.getValue("NO", excelRow): null

2020-11-11 23:12:12 - [TEST_STEP][PASSED] - comparePS.ProposalASL1.ComparePS(strNoAPK2, excelRow): comparePS.ProposalASL1.ComparePS is PASSED

2020-11-11 23:12:12 - [MESSAGE][PASSED] - comparePS.ProposalASL1.ComparePS is PASSED

2020-11-11 23:12:12 - [TEST_STEP][PASSED] - comparePS.KeywordPS.callStatus(strNoAPK2, "sheetAPK2", 17): comparePS.KeywordPS.callStatus is PASSED

2020-11-11 23:12:12 - [MESSAGE][PASSED] - comparePS.KeywordPS.callStatus is PASSED

2020-11-11 23:12:12 - [TEST_STEP][PASSED] - runTime.reset(): null

2020-11-11 23:12:12 - [TEST_STEP][PASSED] - runTime.start(): null

2020-11-11 23:12:12 - [TEST_STEP][PASSED] - dataCompareAPK2 = findTestData("dt-2/dt_APK"): null

2020-11-11 23:12:13 - [TEST_STEP][PASSED] - strNoAPK2 = dataCompareAPK2.getValue("NO", excelRow): null

2020-11-11 23:12:13 - [TEST_STEP][PASSED] - comparePS.ProposalASL1.ComparePS(strNoAPK2, excelRow): comparePS.ProposalASL1.ComparePS is PASSED

2020-11-11 23:12:13 - [MESSAGE][PASSED] - comparePS.ProposalASL1.ComparePS is PASSED

2020-11-11 23:12:13 - [TEST_STEP][PASSED] - comparePS.KeywordPS.callStatus(strNoAPK2, "sheetAPK2", 17): comparePS.KeywordPS.callStatus is PASSED

2020-11-11 23:12:13 - [MESSAGE][PASSED] - comparePS.KeywordPS.callStatus is PASSED

2020-11-11 23:12:13 - [TEST_STEP][PASSED] - runTime.reset(): null

2020-11-11 23:12:13 - [TEST_STEP][PASSED] - runTime.start(): null

2020-11-11 23:12:13 - [TEST_STEP][PASSED] - dataCompareAPK2 = findTestData("dt-2/dt_APK"): null

2020-11-11 23:12:13 - [TEST_STEP][PASSED] - strNoAPK2 = dataCompareAPK2.getValue("NO", excelRow): null

2020-11-11 23:12:13 - [TEST_STEP][PASSED] - comparePS.ProposalASL1.ComparePS(strNoAPK2, excelRow): comparePS.ProposalASL1.ComparePS is PASSED

2020-11-11 23:12:13 - [MESSAGE][PASSED] - comparePS.ProposalASL1.ComparePS is PASSED

2020-11-11 23:12:13 - [TEST_STEP][PASSED] - comparePS.KeywordPS.callStatus(strNoAPK2, "sheetAPK2", 17): comparePS.KeywordPS.callStatus is PASSED

2020-11-11 23:12:13 - [MESSAGE][PASSED] - comparePS.KeywordPS.callStatus is PASSED

2020-11-11 23:12:13 - [TEST_STEP][PASSED] - runTime.reset(): null

2020-11-11 23:12:13 - [TEST_STEP][PASSED] - runTime.start(): null

2020-11-11 23:12:13 - [TEST_STEP][PASSED] - dataCompareAPK2 = findTestData("dt-2/dt_APK"): null

2020-11-11 23:12:13 - [TEST_STEP][PASSED] - strNoAPK2 = dataCompareAPK2.getValue("NO", excelRow): null

2020-11-11 23:12:13 - [TEST_STEP][PASSED] - comparePS.ProposalASL1.ComparePS(strNoAPK2, excelRow): comparePS.ProposalASL1.ComparePS is PASSED

2020-11-11 23:12:13 - [MESSAGE][PASSED] - comparePS.ProposalASL1.ComparePS is PASSED

2020-11-11 23:12:13 - [TEST_STEP][PASSED] - comparePS.KeywordPS.callStatus(strNoAPK2, "sheetAPK2", 17): comparePS.KeywordPS.callStatus is PASSED

2020-11-11 23:12:13 - [MESSAGE][PASSED] - comparePS.KeywordPS.callStatus is PASSED

2020-11-11 23:12:13 - [TEST_STEP][PASSED] - runTime.reset(): null

2020-11-11 23:12:13 - [TEST_STEP][PASSED] - runTime.start(): null

2020-11-11 23:12:13 - [TEST_STEP][PASSED] - dataCompareAPK2 = findTestData("dt-2/dt_APK"): null

2020-11-11 23:12:13 - [TEST_STEP][PASSED] - strNoAPK2 = dataCompareAPK2.getValue("NO", excelRow): null

2020-11-11 23:12:13 - [TEST_STEP][PASSED] - comparePS.ProposalASL1.ComparePS(strNoAPK2, excelRow): comparePS.ProposalASL1.ComparePS is PASSED

2020-11-11 23:12:14 - [MESSAGE][PASSED] - comparePS.ProposalASL1.ComparePS is PASSED

2020-11-11 23:12:14 - [TEST_STEP][PASSED] - comparePS.KeywordPS.callStatus(strNoAPK2, "sheetAPK2", 17): comparePS.KeywordPS.callStatus is PASSED

2020-11-11 23:12:14 - [MESSAGE][PASSED] - comparePS.KeywordPS.callStatus is PASSED

2020-11-11 23:12:14 - [TEST_STEP][PASSED] - runTime.reset(): null

2020-11-11 23:12:14 - [TEST_STEP][PASSED] - runTime.start(): null

2020-11-11 23:12:14 - [TEST_STEP][PASSED] - dataCompareAPK2 = findTestData("dt-2/dt_APK"): null

2020-11-11 23:12:14 - [TEST_STEP][PASSED] - strNoAPK2 = dataCompareAPK2.getValue("NO", excelRow): null

2020-11-11 23:12:14 - [TEST_STEP][PASSED] - comparePS.ProposalASL1.ComparePS(strNoAPK2, excelRow): comparePS.ProposalASL1.ComparePS is PASSED

2020-11-11 23:12:14 - [MESSAGE][PASSED] - comparePS.ProposalASL1.ComparePS is PASSED

2020-11-11 23:12:14 - [TEST_STEP][PASSED] - comparePS.KeywordPS.callStatus(strNoAPK2, "sheetAPK2", 17): comparePS.KeywordPS.callStatus is PASSED

2020-11-11 23:12:14 - [MESSAGE][PASSED] - comparePS.KeywordPS.callStatus is PASSED

2020-11-11 23:12:14 - [TEST_STEP][PASSED] - runTime.reset(): null

2020-11-11 23:12:14 - [TEST_STEP][PASSED] - runTime.start(): null

2020-11-11 23:12:14 - [TEST_STEP][PASSED] - dataCompareAPK2 = findTestData("dt-2/dt_APK"): null

2020-11-11 23:12:14 - [TEST_STEP][PASSED] - strNoAPK2 = dataCompareAPK2.getValue("NO", excelRow): null

2020-11-11 23:12:14 - [TEST_STEP][PASSED] - comparePS.ProposalASL1.ComparePS(strNoAPK2, excelRow): comparePS.ProposalASL1.ComparePS is PASSED

2020-11-11 23:12:14 - [MESSAGE][PASSED] - comparePS.ProposalASL1.ComparePS is PASSED

2020-11-11 23:12:14 - [TEST_STEP][PASSED] - comparePS.KeywordPS.callStatus(strNoAPK2, "sheetAPK2", 17): comparePS.KeywordPS.callStatus is PASSED

2020-11-11 23:12:14 - [MESSAGE][PASSED] - comparePS.KeywordPS.callStatus is PASSED

2020-11-11 23:12:14 - [TEST_STEP][PASSED] - runTime.reset(): null

2020-11-11 23:12:14 - [TEST_STEP][PASSED] - runTime.start(): null

2020-11-11 23:12:14 - [TEST_STEP][PASSED] - dataCompareAPK2 = findTestData("dt-2/dt_APK"): null

2020-11-11 23:12:14 - [TEST_STEP][PASSED] - strNoAPK2 = dataCompareAPK2.getValue("NO", excelRow): null

2020-11-11 23:12:14 - [TEST_STEP][PASSED] - comparePS.ProposalASL1.ComparePS(strNoAPK2, excelRow): comparePS.ProposalASL1.ComparePS is PASSED

2020-11-11 23:12:15 - [MESSAGE][PASSED] - comparePS.ProposalASL1.ComparePS is PASSED

2020-11-11 23:12:15 - [TEST_STEP][PASSED] - comparePS.KeywordPS.callStatus(strNoAPK2, "sheetAPK2", 17): comparePS.KeywordPS.callStatus is PASSED

2020-11-11 23:12:15 - [MESSAGE][PASSED] - comparePS.KeywordPS.callStatus is PASSED

2020-11-11 23:12:15 - [TEST_STEP][PASSED] - runTime.reset(): null

2020-11-11 23:12:15 - [TEST_STEP][PASSED] - runTime.start(): null

2020-11-11 23:12:15 - [TEST_STEP][PASSED] - dataCompareAPK2 = findTestData("dt-2/dt_APK"): null

2020-11-11 23:12:15 - [TEST_STEP][PASSED] - strNoAPK2 = dataCompareAPK2.getValue("NO", excelRow): null

2020-11-11 23:12:15 - [TEST_STEP][PASSED] - comparePS.ProposalASL1.ComparePS(strNoAPK2, excelRow): comparePS.ProposalASL1.ComparePS is PASSED

2020-11-11 23:12:15 - [MESSAGE][PASSED] - comparePS.ProposalASL1.ComparePS is PASSED

2020-11-11 23:12:15 - [TEST_STEP][PASSED] - comparePS.KeywordPS.callStatus(strNoAPK2, "sheetAPK2", 17): comparePS.KeywordPS.callStatus is PASSED

2020-11-11 23:12:15 - [MESSAGE][PASSED] - comparePS.KeywordPS.callStatus is PASSED

2020-11-11 23:12:15 - [TEST_STEP][PASSED] - runTime.reset(): null

2020-11-11 23:12:15 - [TEST_STEP][PASSED] - runTime.start(): null

2020-11-11 23:12:15 - [TEST_STEP][PASSED] - dataCompareAPK2 = findTestData("dt-2/dt_APK"): null

2020-11-11 23:12:15 - [TEST_STEP][PASSED] - strNoAPK2 = dataCompareAPK2.getValue("NO", excelRow): null

2020-11-11 23:12:15 - [TEST_STEP][PASSED] - comparePS.ProposalASL1.ComparePS(strNoAPK2, excelRow): comparePS.ProposalASL1.ComparePS is PASSED

2020-11-11 23:12:15 - [MESSAGE][PASSED] - comparePS.ProposalASL1.ComparePS is PASSED

2020-11-11 23:12:15 - [TEST_STEP][PASSED] - comparePS.KeywordPS.callStatus(strNoAPK2, "sheetAPK2", 17): comparePS.KeywordPS.callStatus is PASSED

2020-11-11 23:12:15 - [MESSAGE][PASSED] - comparePS.KeywordPS.callStatus is PASSED

2020-11-11 23:12:15 - [TEST_STEP][PASSED] - runTime.reset(): null

2020-11-11 23:12:15 - [TEST_STEP][PASSED] - runTime.start(): null

2020-11-11 23:12:15 - [TEST_STEP][PASSED] - dataCompareAPK2 = findTestData("dt-2/dt_APK"): null

2020-11-11 23:12:15 - [TEST_STEP][PASSED] - strNoAPK2 = dataCompareAPK2.getValue("NO", excelRow): null

2020-11-11 23:12:15 - [TEST_STEP][PASSED] - comparePS.ProposalASL1.ComparePS(strNoAPK2, excelRow): comparePS.ProposalASL1.ComparePS is PASSED

2020-11-11 23:12:16 - [MESSAGE][PASSED] - comparePS.ProposalASL1.ComparePS is PASSED

2020-11-11 23:12:16 - [TEST_STEP][PASSED] - comparePS.KeywordPS.callStatus(strNoAPK2, "sheetAPK2", 17): comparePS.KeywordPS.callStatus is PASSED

2020-11-11 23:12:16 - [MESSAGE][PASSED] - comparePS.KeywordPS.callStatus is PASSED]]></system-out>
         <system-err><![CDATA[]]></system-err>
      </testcase>
      <system-out><![CDATA[2020-11-11 23:11:20 - [TEST_SUITE][PASSED] - ComparePS: Test Cases/ComparePS-2]]></system-out>
      <system-err><![CDATA[]]></system-err>
   </testsuite>
</testsuites>
