<?xml version="1.0" encoding="UTF-8"?>
<testsuites name="ComparePS" time="33.932" tests="1" failures="0" errors="0">
   <testsuite name="ComparePS" tests="1" failures="0" errors="0" time="33.932" timestamp="2020-11-11 22:43:00" hostname="Andika - DESKTOP-MGEQHS0" id="Test Suites/ComparePS">
      <properties>
         <property name="deviceName" value=""/>
         <property name="devicePlatform" value=""/>
         <property name="logFolder" value="C:\\Users\\Andika\\Katalon Studio\\ComparePS\\Reports\\20201111_224252\\ComparePS\\20201111_224252"/>
         <property name="logFiles" value="C:\\Users\\Andika\\Katalon Studio\\ComparePS\\Reports\\20201111_224252\\ComparePS\\20201111_224252\\execution0.log"/>
         <property name="attachments" value=""/>
         <property name="hostName" value="Andika - DESKTOP-MGEQHS0"/>
         <property name="hostAddress" value="192.168.0.15"/>
         <property name="os" value="Windows 10 64bit"/>
         <property name="katalonVersion" value="7.7.2.205"/>
      </properties>
      <testcase name="Test Cases/ComparePS-1" time="32.569" classname="Test Cases/ComparePS-1" status="PASSED">
         <system-out><![CDATA[2020-11-11 22:43:01 - [TEST_CASE][PASSED] - Test Cases/ComparePS-1: Test Cases/ComparePS-1

2020-11-11 22:43:02 - [TEST_STEP][PASSED] - sekarang = new java.util.Date(): null

2020-11-11 22:43:02 - [TEST_STEP][PASSED] - tgl = sekarang.format("yyyy-MM-dd"): null

2020-11-11 22:43:02 - [TEST_STEP][PASSED] - fullFlow = true: null

2020-11-11 22:43:02 - [TEST_STEP][PASSED] - strGlbDate = tgl: null

2020-11-11 22:43:02 - [TEST_STEP][PASSED] - strGlbCrash = false: null

2020-11-11 22:43:02 - [TEST_STEP][PASSED] - strGlbAlamat = false: null

2020-11-11 22:43:02 - [TEST_STEP][PASSED] - strGlbNomor = 1: null

2020-11-11 22:43:02 - [TEST_STEP][PASSED] - strGlbNumImage = 0: null

2020-11-11 22:43:02 - [TEST_STEP][PASSED] - runTime = StopWatch.createStarted(): null

2020-11-11 22:43:02 - [TEST_STEP][PASSED] - getLastRow = findTestData("dt-1/dt_APK").getRowNumbers(): null

2020-11-11 22:43:04 - [TEST_STEP][PASSED] - for (int excelRow : (1..getLastRow)): comparePS.KeywordPS.callStatus is PASSED

2020-11-11 22:43:04 - [TEST_STEP][PASSED] - strGlbStatus = "": null

2020-11-11 22:43:04 - [TEST_STEP][PASSED] - strGlbKeterangan = "": null

2020-11-11 22:43:04 - [TEST_STEP][PASSED] - runTime.reset(): null

2020-11-11 22:43:04 - [TEST_STEP][PASSED] - runTime.start(): null

2020-11-11 22:43:04 - [TEST_STEP][PASSED] - dataCompareAPK = findTestData("dt-1/dt_APK"): null

2020-11-11 22:43:04 - [TEST_STEP][PASSED] - strNoAPK = dataCompareAPK.getValue("NO", excelRow): null

2020-11-11 22:43:04 - [TEST_STEP][PASSED] - comparePS.ProposalASL1.ComparePS(strNoAPK, excelRow): comparePS.ProposalASL1.ComparePS is PASSED

2020-11-11 22:43:05 - [MESSAGE][PASSED] - comparePS.ProposalASL1.ComparePS is PASSED

2020-11-11 22:43:05 - [TEST_STEP][PASSED] - comparePS.KeywordPS.callStatus(strNoAPK, "sheetAPK1", 17): comparePS.KeywordPS.callStatus is PASSED

2020-11-11 22:43:06 - [MESSAGE][PASSED] - comparePS.KeywordPS.callStatus is PASSED

2020-11-11 22:43:06 - [TEST_STEP][PASSED] - strGlbStatus = "": null

2020-11-11 22:43:06 - [TEST_STEP][PASSED] - strGlbKeterangan = "": null

2020-11-11 22:43:06 - [TEST_STEP][PASSED] - runTime.reset(): null

2020-11-11 22:43:06 - [TEST_STEP][PASSED] - runTime.start(): null

2020-11-11 22:43:06 - [TEST_STEP][PASSED] - dataCompareAPK = findTestData("dt-1/dt_APK"): null

2020-11-11 22:43:06 - [TEST_STEP][PASSED] - strNoAPK = dataCompareAPK.getValue("NO", excelRow): null

2020-11-11 22:43:06 - [TEST_STEP][PASSED] - comparePS.ProposalASL1.ComparePS(strNoAPK, excelRow): comparePS.ProposalASL1.ComparePS is PASSED

2020-11-11 22:43:06 - [MESSAGE][PASSED] - comparePS.ProposalASL1.ComparePS is PASSED

2020-11-11 22:43:06 - [TEST_STEP][PASSED] - comparePS.KeywordPS.callStatus(strNoAPK, "sheetAPK1", 17): comparePS.KeywordPS.callStatus is PASSED

2020-11-11 22:43:07 - [MESSAGE][PASSED] - comparePS.KeywordPS.callStatus is PASSED

2020-11-11 22:43:07 - [TEST_STEP][PASSED] - strGlbStatus = "": null

2020-11-11 22:43:07 - [TEST_STEP][PASSED] - strGlbKeterangan = "": null

2020-11-11 22:43:07 - [TEST_STEP][PASSED] - runTime.reset(): null

2020-11-11 22:43:07 - [TEST_STEP][PASSED] - runTime.start(): null

2020-11-11 22:43:07 - [TEST_STEP][PASSED] - dataCompareAPK = findTestData("dt-1/dt_APK"): null

2020-11-11 22:43:07 - [TEST_STEP][PASSED] - strNoAPK = dataCompareAPK.getValue("NO", excelRow): null

2020-11-11 22:43:07 - [TEST_STEP][PASSED] - comparePS.ProposalASL1.ComparePS(strNoAPK, excelRow): comparePS.ProposalASL1.ComparePS is PASSED

2020-11-11 22:43:07 - [MESSAGE][PASSED] - comparePS.ProposalASL1.ComparePS is PASSED

2020-11-11 22:43:07 - [TEST_STEP][PASSED] - comparePS.KeywordPS.callStatus(strNoAPK, "sheetAPK1", 17): comparePS.KeywordPS.callStatus is PASSED

2020-11-11 22:43:08 - [MESSAGE][PASSED] - comparePS.KeywordPS.callStatus is PASSED

2020-11-11 22:43:08 - [TEST_STEP][PASSED] - strGlbStatus = "": null

2020-11-11 22:43:08 - [TEST_STEP][PASSED] - strGlbKeterangan = "": null

2020-11-11 22:43:08 - [TEST_STEP][PASSED] - runTime.reset(): null

2020-11-11 22:43:08 - [TEST_STEP][PASSED] - runTime.start(): null

2020-11-11 22:43:08 - [TEST_STEP][PASSED] - dataCompareAPK = findTestData("dt-1/dt_APK"): null

2020-11-11 22:43:08 - [TEST_STEP][PASSED] - strNoAPK = dataCompareAPK.getValue("NO", excelRow): null

2020-11-11 22:43:08 - [TEST_STEP][PASSED] - comparePS.ProposalASL1.ComparePS(strNoAPK, excelRow): comparePS.ProposalASL1.ComparePS is PASSED

2020-11-11 22:43:08 - [MESSAGE][PASSED] - comparePS.ProposalASL1.ComparePS is PASSED

2020-11-11 22:43:08 - [TEST_STEP][PASSED] - comparePS.KeywordPS.callStatus(strNoAPK, "sheetAPK1", 17): comparePS.KeywordPS.callStatus is PASSED

2020-11-11 22:43:08 - [MESSAGE][PASSED] - comparePS.KeywordPS.callStatus is PASSED

2020-11-11 22:43:08 - [TEST_STEP][PASSED] - strGlbStatus = "": null

2020-11-11 22:43:08 - [TEST_STEP][PASSED] - strGlbKeterangan = "": null

2020-11-11 22:43:08 - [TEST_STEP][PASSED] - runTime.reset(): null

2020-11-11 22:43:08 - [TEST_STEP][PASSED] - runTime.start(): null

2020-11-11 22:43:08 - [TEST_STEP][PASSED] - dataCompareAPK = findTestData("dt-1/dt_APK"): null

2020-11-11 22:43:09 - [TEST_STEP][PASSED] - strNoAPK = dataCompareAPK.getValue("NO", excelRow): null

2020-11-11 22:43:09 - [TEST_STEP][PASSED] - comparePS.ProposalASL1.ComparePS(strNoAPK, excelRow): comparePS.ProposalASL1.ComparePS is PASSED

2020-11-11 22:43:09 - [MESSAGE][PASSED] - comparePS.ProposalASL1.ComparePS is PASSED

2020-11-11 22:43:09 - [TEST_STEP][PASSED] - comparePS.KeywordPS.callStatus(strNoAPK, "sheetAPK1", 17): comparePS.KeywordPS.callStatus is PASSED

2020-11-11 22:43:09 - [MESSAGE][PASSED] - comparePS.KeywordPS.callStatus is PASSED

2020-11-11 22:43:09 - [TEST_STEP][PASSED] - strGlbStatus = "": null

2020-11-11 22:43:09 - [TEST_STEP][PASSED] - strGlbKeterangan = "": null

2020-11-11 22:43:09 - [TEST_STEP][PASSED] - runTime.reset(): null

2020-11-11 22:43:09 - [TEST_STEP][PASSED] - runTime.start(): null

2020-11-11 22:43:09 - [TEST_STEP][PASSED] - dataCompareAPK = findTestData("dt-1/dt_APK"): null

2020-11-11 22:43:09 - [TEST_STEP][PASSED] - strNoAPK = dataCompareAPK.getValue("NO", excelRow): null

2020-11-11 22:43:09 - [TEST_STEP][PASSED] - comparePS.ProposalASL1.ComparePS(strNoAPK, excelRow): comparePS.ProposalASL1.ComparePS is PASSED

2020-11-11 22:43:09 - [MESSAGE][PASSED] - comparePS.ProposalASL1.ComparePS is PASSED

2020-11-11 22:43:09 - [TEST_STEP][PASSED] - comparePS.KeywordPS.callStatus(strNoAPK, "sheetAPK1", 17): comparePS.KeywordPS.callStatus is PASSED

2020-11-11 22:43:10 - [MESSAGE][PASSED] - comparePS.KeywordPS.callStatus is PASSED

2020-11-11 22:43:10 - [TEST_STEP][PASSED] - strGlbStatus = "": null

2020-11-11 22:43:10 - [TEST_STEP][PASSED] - strGlbKeterangan = "": null

2020-11-11 22:43:10 - [TEST_STEP][PASSED] - runTime.reset(): null

2020-11-11 22:43:10 - [TEST_STEP][PASSED] - runTime.start(): null

2020-11-11 22:43:10 - [TEST_STEP][PASSED] - dataCompareAPK = findTestData("dt-1/dt_APK"): null

2020-11-11 22:43:10 - [TEST_STEP][PASSED] - strNoAPK = dataCompareAPK.getValue("NO", excelRow): null

2020-11-11 22:43:10 - [TEST_STEP][PASSED] - comparePS.ProposalASL1.ComparePS(strNoAPK, excelRow): comparePS.ProposalASL1.ComparePS is PASSED

2020-11-11 22:43:10 - [MESSAGE][PASSED] - comparePS.ProposalASL1.ComparePS is PASSED

2020-11-11 22:43:10 - [TEST_STEP][PASSED] - comparePS.KeywordPS.callStatus(strNoAPK, "sheetAPK1", 17): comparePS.KeywordPS.callStatus is PASSED

2020-11-11 22:43:10 - [MESSAGE][PASSED] - comparePS.KeywordPS.callStatus is PASSED

2020-11-11 22:43:10 - [TEST_STEP][PASSED] - strGlbStatus = "": null

2020-11-11 22:43:10 - [TEST_STEP][PASSED] - strGlbKeterangan = "": null

2020-11-11 22:43:10 - [TEST_STEP][PASSED] - runTime.reset(): null

2020-11-11 22:43:10 - [TEST_STEP][PASSED] - runTime.start(): null

2020-11-11 22:43:10 - [TEST_STEP][PASSED] - dataCompareAPK = findTestData("dt-1/dt_APK"): null

2020-11-11 22:43:10 - [TEST_STEP][PASSED] - strNoAPK = dataCompareAPK.getValue("NO", excelRow): null

2020-11-11 22:43:10 - [TEST_STEP][PASSED] - comparePS.ProposalASL1.ComparePS(strNoAPK, excelRow): comparePS.ProposalASL1.ComparePS is PASSED

2020-11-11 22:43:11 - [MESSAGE][PASSED] - comparePS.ProposalASL1.ComparePS is PASSED

2020-11-11 22:43:11 - [TEST_STEP][PASSED] - comparePS.KeywordPS.callStatus(strNoAPK, "sheetAPK1", 17): comparePS.KeywordPS.callStatus is PASSED

2020-11-11 22:43:11 - [MESSAGE][PASSED] - comparePS.KeywordPS.callStatus is PASSED

2020-11-11 22:43:11 - [TEST_STEP][PASSED] - strGlbStatus = "": null

2020-11-11 22:43:11 - [TEST_STEP][PASSED] - strGlbKeterangan = "": null

2020-11-11 22:43:11 - [TEST_STEP][PASSED] - runTime.reset(): null

2020-11-11 22:43:11 - [TEST_STEP][PASSED] - runTime.start(): null

2020-11-11 22:43:11 - [TEST_STEP][PASSED] - dataCompareAPK = findTestData("dt-1/dt_APK"): null

2020-11-11 22:43:11 - [TEST_STEP][PASSED] - strNoAPK = dataCompareAPK.getValue("NO", excelRow): null

2020-11-11 22:43:11 - [TEST_STEP][PASSED] - comparePS.ProposalASL1.ComparePS(strNoAPK, excelRow): comparePS.ProposalASL1.ComparePS is PASSED

2020-11-11 22:43:11 - [MESSAGE][PASSED] - comparePS.ProposalASL1.ComparePS is PASSED

2020-11-11 22:43:11 - [TEST_STEP][PASSED] - comparePS.KeywordPS.callStatus(strNoAPK, "sheetAPK1", 17): comparePS.KeywordPS.callStatus is PASSED

2020-11-11 22:43:11 - [MESSAGE][PASSED] - comparePS.KeywordPS.callStatus is PASSED

2020-11-11 22:43:11 - [TEST_STEP][PASSED] - strGlbStatus = "": null

2020-11-11 22:43:11 - [TEST_STEP][PASSED] - strGlbKeterangan = "": null

2020-11-11 22:43:11 - [TEST_STEP][PASSED] - runTime.reset(): null

2020-11-11 22:43:11 - [TEST_STEP][PASSED] - runTime.start(): null

2020-11-11 22:43:11 - [TEST_STEP][PASSED] - dataCompareAPK = findTestData("dt-1/dt_APK"): null

2020-11-11 22:43:11 - [TEST_STEP][PASSED] - strNoAPK = dataCompareAPK.getValue("NO", excelRow): null

2020-11-11 22:43:11 - [TEST_STEP][PASSED] - comparePS.ProposalASL1.ComparePS(strNoAPK, excelRow): comparePS.ProposalASL1.ComparePS is PASSED

2020-11-11 22:43:12 - [MESSAGE][PASSED] - comparePS.ProposalASL1.ComparePS is PASSED

2020-11-11 22:43:12 - [TEST_STEP][PASSED] - comparePS.KeywordPS.callStatus(strNoAPK, "sheetAPK1", 17): comparePS.KeywordPS.callStatus is PASSED

2020-11-11 22:43:12 - [MESSAGE][PASSED] - comparePS.KeywordPS.callStatus is PASSED

2020-11-11 22:43:12 - [TEST_STEP][PASSED] - strGlbStatus = "": null

2020-11-11 22:43:12 - [TEST_STEP][PASSED] - strGlbKeterangan = "": null

2020-11-11 22:43:12 - [TEST_STEP][PASSED] - runTime.reset(): null

2020-11-11 22:43:12 - [TEST_STEP][PASSED] - runTime.start(): null

2020-11-11 22:43:12 - [TEST_STEP][PASSED] - dataCompareAPK = findTestData("dt-1/dt_APK"): null

2020-11-11 22:43:12 - [TEST_STEP][PASSED] - strNoAPK = dataCompareAPK.getValue("NO", excelRow): null

2020-11-11 22:43:12 - [TEST_STEP][PASSED] - comparePS.ProposalASL1.ComparePS(strNoAPK, excelRow): comparePS.ProposalASL1.ComparePS is PASSED

2020-11-11 22:43:12 - [MESSAGE][PASSED] - comparePS.ProposalASL1.ComparePS is PASSED

2020-11-11 22:43:12 - [TEST_STEP][PASSED] - comparePS.KeywordPS.callStatus(strNoAPK, "sheetAPK1", 17): comparePS.KeywordPS.callStatus is PASSED

2020-11-11 22:43:12 - [MESSAGE][PASSED] - comparePS.KeywordPS.callStatus is PASSED

2020-11-11 22:43:12 - [TEST_STEP][PASSED] - strGlbStatus = "": null

2020-11-11 22:43:12 - [TEST_STEP][PASSED] - strGlbKeterangan = "": null

2020-11-11 22:43:12 - [TEST_STEP][PASSED] - runTime.reset(): null

2020-11-11 22:43:12 - [TEST_STEP][PASSED] - runTime.start(): null

2020-11-11 22:43:12 - [TEST_STEP][PASSED] - dataCompareAPK = findTestData("dt-1/dt_APK"): null

2020-11-11 22:43:12 - [TEST_STEP][PASSED] - strNoAPK = dataCompareAPK.getValue("NO", excelRow): null

2020-11-11 22:43:12 - [TEST_STEP][PASSED] - comparePS.ProposalASL1.ComparePS(strNoAPK, excelRow): comparePS.ProposalASL1.ComparePS is PASSED

2020-11-11 22:43:12 - [MESSAGE][PASSED] - comparePS.ProposalASL1.ComparePS is PASSED

2020-11-11 22:43:12 - [TEST_STEP][PASSED] - comparePS.KeywordPS.callStatus(strNoAPK, "sheetAPK1", 17): comparePS.KeywordPS.callStatus is PASSED

2020-11-11 22:43:13 - [MESSAGE][PASSED] - comparePS.KeywordPS.callStatus is PASSED

2020-11-11 22:43:13 - [TEST_STEP][PASSED] - strGlbStatus = "": null

2020-11-11 22:43:13 - [TEST_STEP][PASSED] - strGlbKeterangan = "": null

2020-11-11 22:43:13 - [TEST_STEP][PASSED] - runTime.reset(): null

2020-11-11 22:43:13 - [TEST_STEP][PASSED] - runTime.start(): null

2020-11-11 22:43:13 - [TEST_STEP][PASSED] - dataCompareAPK = findTestData("dt-1/dt_APK"): null

2020-11-11 22:43:13 - [TEST_STEP][PASSED] - strNoAPK = dataCompareAPK.getValue("NO", excelRow): null

2020-11-11 22:43:13 - [TEST_STEP][PASSED] - comparePS.ProposalASL1.ComparePS(strNoAPK, excelRow): comparePS.ProposalASL1.ComparePS is PASSED

2020-11-11 22:43:13 - [MESSAGE][PASSED] - comparePS.ProposalASL1.ComparePS is PASSED

2020-11-11 22:43:13 - [TEST_STEP][PASSED] - comparePS.KeywordPS.callStatus(strNoAPK, "sheetAPK1", 17): comparePS.KeywordPS.callStatus is PASSED

2020-11-11 22:43:13 - [MESSAGE][PASSED] - comparePS.KeywordPS.callStatus is PASSED

2020-11-11 22:43:13 - [TEST_STEP][PASSED] - strGlbStatus = "": null

2020-11-11 22:43:13 - [TEST_STEP][PASSED] - strGlbKeterangan = "": null

2020-11-11 22:43:13 - [TEST_STEP][PASSED] - runTime.reset(): null

2020-11-11 22:43:13 - [TEST_STEP][PASSED] - runTime.start(): null

2020-11-11 22:43:13 - [TEST_STEP][PASSED] - dataCompareAPK = findTestData("dt-1/dt_APK"): null

2020-11-11 22:43:13 - [TEST_STEP][PASSED] - strNoAPK = dataCompareAPK.getValue("NO", excelRow): null

2020-11-11 22:43:13 - [TEST_STEP][PASSED] - comparePS.ProposalASL1.ComparePS(strNoAPK, excelRow): comparePS.ProposalASL1.ComparePS is PASSED

2020-11-11 22:43:13 - [MESSAGE][PASSED] - comparePS.ProposalASL1.ComparePS is PASSED

2020-11-11 22:43:13 - [TEST_STEP][PASSED] - comparePS.KeywordPS.callStatus(strNoAPK, "sheetAPK1", 17): comparePS.KeywordPS.callStatus is PASSED

2020-11-11 22:43:13 - [MESSAGE][PASSED] - comparePS.KeywordPS.callStatus is PASSED

2020-11-11 22:43:13 - [TEST_STEP][PASSED] - strGlbStatus = "": null

2020-11-11 22:43:13 - [TEST_STEP][PASSED] - strGlbKeterangan = "": null

2020-11-11 22:43:13 - [TEST_STEP][PASSED] - runTime.reset(): null

2020-11-11 22:43:13 - [TEST_STEP][PASSED] - runTime.start(): null

2020-11-11 22:43:13 - [TEST_STEP][PASSED] - dataCompareAPK = findTestData("dt-1/dt_APK"): null

2020-11-11 22:43:14 - [TEST_STEP][PASSED] - strNoAPK = dataCompareAPK.getValue("NO", excelRow): null

2020-11-11 22:43:14 - [TEST_STEP][PASSED] - comparePS.ProposalASL1.ComparePS(strNoAPK, excelRow): comparePS.ProposalASL1.ComparePS is PASSED

2020-11-11 22:43:14 - [MESSAGE][PASSED] - comparePS.ProposalASL1.ComparePS is PASSED

2020-11-11 22:43:14 - [TEST_STEP][PASSED] - comparePS.KeywordPS.callStatus(strNoAPK, "sheetAPK1", 17): comparePS.KeywordPS.callStatus is PASSED

2020-11-11 22:43:14 - [MESSAGE][PASSED] - comparePS.KeywordPS.callStatus is PASSED

2020-11-11 22:43:14 - [TEST_STEP][PASSED] - strGlbStatus = "": null

2020-11-11 22:43:14 - [TEST_STEP][PASSED] - strGlbKeterangan = "": null

2020-11-11 22:43:14 - [TEST_STEP][PASSED] - runTime.reset(): null

2020-11-11 22:43:14 - [TEST_STEP][PASSED] - runTime.start(): null

2020-11-11 22:43:14 - [TEST_STEP][PASSED] - dataCompareAPK = findTestData("dt-1/dt_APK"): null

2020-11-11 22:43:14 - [TEST_STEP][PASSED] - strNoAPK = dataCompareAPK.getValue("NO", excelRow): null

2020-11-11 22:43:14 - [TEST_STEP][PASSED] - comparePS.ProposalASL1.ComparePS(strNoAPK, excelRow): comparePS.ProposalASL1.ComparePS is PASSED

2020-11-11 22:43:14 - [MESSAGE][PASSED] - comparePS.ProposalASL1.ComparePS is PASSED

2020-11-11 22:43:14 - [TEST_STEP][PASSED] - comparePS.KeywordPS.callStatus(strNoAPK, "sheetAPK1", 17): comparePS.KeywordPS.callStatus is PASSED

2020-11-11 22:43:14 - [MESSAGE][PASSED] - comparePS.KeywordPS.callStatus is PASSED

2020-11-11 22:43:14 - [TEST_STEP][PASSED] - strGlbStatus = "": null

2020-11-11 22:43:14 - [TEST_STEP][PASSED] - strGlbKeterangan = "": null

2020-11-11 22:43:14 - [TEST_STEP][PASSED] - runTime.reset(): null

2020-11-11 22:43:14 - [TEST_STEP][PASSED] - runTime.start(): null

2020-11-11 22:43:14 - [TEST_STEP][PASSED] - dataCompareAPK = findTestData("dt-1/dt_APK"): null

2020-11-11 22:43:14 - [TEST_STEP][PASSED] - strNoAPK = dataCompareAPK.getValue("NO", excelRow): null

2020-11-11 22:43:14 - [TEST_STEP][PASSED] - comparePS.ProposalASL1.ComparePS(strNoAPK, excelRow): comparePS.ProposalASL1.ComparePS is PASSED

2020-11-11 22:43:15 - [MESSAGE][PASSED] - comparePS.ProposalASL1.ComparePS is PASSED

2020-11-11 22:43:15 - [TEST_STEP][PASSED] - comparePS.KeywordPS.callStatus(strNoAPK, "sheetAPK1", 17): comparePS.KeywordPS.callStatus is PASSED

2020-11-11 22:43:15 - [MESSAGE][PASSED] - comparePS.KeywordPS.callStatus is PASSED

2020-11-11 22:43:15 - [TEST_STEP][PASSED] - strGlbStatus = "": null

2020-11-11 22:43:15 - [TEST_STEP][PASSED] - strGlbKeterangan = "": null

2020-11-11 22:43:15 - [TEST_STEP][PASSED] - runTime.reset(): null

2020-11-11 22:43:15 - [TEST_STEP][PASSED] - runTime.start(): null

2020-11-11 22:43:15 - [TEST_STEP][PASSED] - dataCompareAPK = findTestData("dt-1/dt_APK"): null

2020-11-11 22:43:15 - [TEST_STEP][PASSED] - strNoAPK = dataCompareAPK.getValue("NO", excelRow): null

2020-11-11 22:43:15 - [TEST_STEP][PASSED] - comparePS.ProposalASL1.ComparePS(strNoAPK, excelRow): comparePS.ProposalASL1.ComparePS is PASSED

2020-11-11 22:43:15 - [MESSAGE][PASSED] - comparePS.ProposalASL1.ComparePS is PASSED

2020-11-11 22:43:15 - [TEST_STEP][PASSED] - comparePS.KeywordPS.callStatus(strNoAPK, "sheetAPK1", 17): comparePS.KeywordPS.callStatus is PASSED

2020-11-11 22:43:15 - [MESSAGE][PASSED] - comparePS.KeywordPS.callStatus is PASSED

2020-11-11 22:43:15 - [TEST_STEP][PASSED] - strGlbStatus = "": null

2020-11-11 22:43:15 - [TEST_STEP][PASSED] - strGlbKeterangan = "": null

2020-11-11 22:43:15 - [TEST_STEP][PASSED] - runTime.reset(): null

2020-11-11 22:43:15 - [TEST_STEP][PASSED] - runTime.start(): null

2020-11-11 22:43:15 - [TEST_STEP][PASSED] - dataCompareAPK = findTestData("dt-1/dt_APK"): null

2020-11-11 22:43:15 - [TEST_STEP][PASSED] - strNoAPK = dataCompareAPK.getValue("NO", excelRow): null

2020-11-11 22:43:15 - [TEST_STEP][PASSED] - comparePS.ProposalASL1.ComparePS(strNoAPK, excelRow): comparePS.ProposalASL1.ComparePS is PASSED

2020-11-11 22:43:15 - [MESSAGE][PASSED] - comparePS.ProposalASL1.ComparePS is PASSED

2020-11-11 22:43:15 - [TEST_STEP][PASSED] - comparePS.KeywordPS.callStatus(strNoAPK, "sheetAPK1", 17): comparePS.KeywordPS.callStatus is PASSED

2020-11-11 22:43:15 - [MESSAGE][PASSED] - comparePS.KeywordPS.callStatus is PASSED

2020-11-11 22:43:15 - [TEST_STEP][PASSED] - strGlbStatus = "": null

2020-11-11 22:43:15 - [TEST_STEP][PASSED] - strGlbKeterangan = "": null

2020-11-11 22:43:15 - [TEST_STEP][PASSED] - runTime.reset(): null

2020-11-11 22:43:15 - [TEST_STEP][PASSED] - runTime.start(): null

2020-11-11 22:43:15 - [TEST_STEP][PASSED] - dataCompareAPK = findTestData("dt-1/dt_APK"): null

2020-11-11 22:43:16 - [TEST_STEP][PASSED] - strNoAPK = dataCompareAPK.getValue("NO", excelRow): null

2020-11-11 22:43:16 - [TEST_STEP][PASSED] - comparePS.ProposalASL1.ComparePS(strNoAPK, excelRow): comparePS.ProposalASL1.ComparePS is PASSED

2020-11-11 22:43:16 - [MESSAGE][PASSED] - comparePS.ProposalASL1.ComparePS is PASSED

2020-11-11 22:43:16 - [TEST_STEP][PASSED] - comparePS.KeywordPS.callStatus(strNoAPK, "sheetAPK1", 17): comparePS.KeywordPS.callStatus is PASSED

2020-11-11 22:43:16 - [MESSAGE][PASSED] - comparePS.KeywordPS.callStatus is PASSED

2020-11-11 22:43:16 - [TEST_STEP][PASSED] - strGlbStatus = "": null

2020-11-11 22:43:16 - [TEST_STEP][PASSED] - strGlbKeterangan = "": null

2020-11-11 22:43:16 - [TEST_STEP][PASSED] - runTime.reset(): null

2020-11-11 22:43:16 - [TEST_STEP][PASSED] - runTime.start(): null

2020-11-11 22:43:16 - [TEST_STEP][PASSED] - dataCompareAPK = findTestData("dt-1/dt_APK"): null

2020-11-11 22:43:16 - [TEST_STEP][PASSED] - strNoAPK = dataCompareAPK.getValue("NO", excelRow): null

2020-11-11 22:43:16 - [TEST_STEP][PASSED] - comparePS.ProposalASL1.ComparePS(strNoAPK, excelRow): comparePS.ProposalASL1.ComparePS is PASSED

2020-11-11 22:43:16 - [MESSAGE][PASSED] - comparePS.ProposalASL1.ComparePS is PASSED

2020-11-11 22:43:16 - [TEST_STEP][PASSED] - comparePS.KeywordPS.callStatus(strNoAPK, "sheetAPK1", 17): comparePS.KeywordPS.callStatus is PASSED

2020-11-11 22:43:16 - [MESSAGE][PASSED] - comparePS.KeywordPS.callStatus is PASSED

2020-11-11 22:43:16 - [TEST_STEP][PASSED] - strGlbStatus = "": null

2020-11-11 22:43:16 - [TEST_STEP][PASSED] - strGlbKeterangan = "": null

2020-11-11 22:43:16 - [TEST_STEP][PASSED] - runTime.reset(): null

2020-11-11 22:43:16 - [TEST_STEP][PASSED] - runTime.start(): null

2020-11-11 22:43:16 - [TEST_STEP][PASSED] - dataCompareAPK = findTestData("dt-1/dt_APK"): null

2020-11-11 22:43:16 - [TEST_STEP][PASSED] - strNoAPK = dataCompareAPK.getValue("NO", excelRow): null

2020-11-11 22:43:16 - [TEST_STEP][PASSED] - comparePS.ProposalASL1.ComparePS(strNoAPK, excelRow): comparePS.ProposalASL1.ComparePS is PASSED

2020-11-11 22:43:16 - [MESSAGE][PASSED] - comparePS.ProposalASL1.ComparePS is PASSED

2020-11-11 22:43:16 - [TEST_STEP][PASSED] - comparePS.KeywordPS.callStatus(strNoAPK, "sheetAPK1", 17): comparePS.KeywordPS.callStatus is PASSED

2020-11-11 22:43:16 - [MESSAGE][PASSED] - comparePS.KeywordPS.callStatus is PASSED

2020-11-11 22:43:16 - [TEST_STEP][PASSED] - strGlbStatus = "": null

2020-11-11 22:43:16 - [TEST_STEP][PASSED] - strGlbKeterangan = "": null

2020-11-11 22:43:16 - [TEST_STEP][PASSED] - runTime.reset(): null

2020-11-11 22:43:16 - [TEST_STEP][PASSED] - runTime.start(): null

2020-11-11 22:43:16 - [TEST_STEP][PASSED] - dataCompareAPK = findTestData("dt-1/dt_APK"): null

2020-11-11 22:43:17 - [TEST_STEP][PASSED] - strNoAPK = dataCompareAPK.getValue("NO", excelRow): null

2020-11-11 22:43:17 - [TEST_STEP][PASSED] - comparePS.ProposalASL1.ComparePS(strNoAPK, excelRow): comparePS.ProposalASL1.ComparePS is PASSED

2020-11-11 22:43:17 - [MESSAGE][PASSED] - comparePS.ProposalASL1.ComparePS is PASSED

2020-11-11 22:43:17 - [TEST_STEP][PASSED] - comparePS.KeywordPS.callStatus(strNoAPK, "sheetAPK1", 17): comparePS.KeywordPS.callStatus is PASSED

2020-11-11 22:43:17 - [MESSAGE][PASSED] - comparePS.KeywordPS.callStatus is PASSED

2020-11-11 22:43:17 - [TEST_STEP][PASSED] - strGlbStatus = "": null

2020-11-11 22:43:17 - [TEST_STEP][PASSED] - strGlbKeterangan = "": null

2020-11-11 22:43:17 - [TEST_STEP][PASSED] - runTime.reset(): null

2020-11-11 22:43:17 - [TEST_STEP][PASSED] - runTime.start(): null

2020-11-11 22:43:17 - [TEST_STEP][PASSED] - dataCompareAPK = findTestData("dt-1/dt_APK"): null

2020-11-11 22:43:17 - [TEST_STEP][PASSED] - strNoAPK = dataCompareAPK.getValue("NO", excelRow): null

2020-11-11 22:43:17 - [TEST_STEP][PASSED] - comparePS.ProposalASL1.ComparePS(strNoAPK, excelRow): comparePS.ProposalASL1.ComparePS is PASSED

2020-11-11 22:43:17 - [MESSAGE][PASSED] - comparePS.ProposalASL1.ComparePS is PASSED

2020-11-11 22:43:17 - [TEST_STEP][PASSED] - comparePS.KeywordPS.callStatus(strNoAPK, "sheetAPK1", 17): comparePS.KeywordPS.callStatus is PASSED

2020-11-11 22:43:17 - [MESSAGE][PASSED] - comparePS.KeywordPS.callStatus is PASSED

2020-11-11 22:43:17 - [TEST_STEP][PASSED] - strGlbStatus = "": null

2020-11-11 22:43:17 - [TEST_STEP][PASSED] - strGlbKeterangan = "": null

2020-11-11 22:43:17 - [TEST_STEP][PASSED] - runTime.reset(): null

2020-11-11 22:43:17 - [TEST_STEP][PASSED] - runTime.start(): null

2020-11-11 22:43:17 - [TEST_STEP][PASSED] - dataCompareAPK = findTestData("dt-1/dt_APK"): null

2020-11-11 22:43:17 - [TEST_STEP][PASSED] - strNoAPK = dataCompareAPK.getValue("NO", excelRow): null

2020-11-11 22:43:17 - [TEST_STEP][PASSED] - comparePS.ProposalASL1.ComparePS(strNoAPK, excelRow): comparePS.ProposalASL1.ComparePS is PASSED

2020-11-11 22:43:17 - [MESSAGE][PASSED] - comparePS.ProposalASL1.ComparePS is PASSED

2020-11-11 22:43:17 - [TEST_STEP][PASSED] - comparePS.KeywordPS.callStatus(strNoAPK, "sheetAPK1", 17): comparePS.KeywordPS.callStatus is PASSED

2020-11-11 22:43:17 - [MESSAGE][PASSED] - comparePS.KeywordPS.callStatus is PASSED

2020-11-11 22:43:17 - [TEST_STEP][PASSED] - strGlbStatus = "": null

2020-11-11 22:43:17 - [TEST_STEP][PASSED] - strGlbKeterangan = "": null

2020-11-11 22:43:17 - [TEST_STEP][PASSED] - runTime.reset(): null

2020-11-11 22:43:17 - [TEST_STEP][PASSED] - runTime.start(): null

2020-11-11 22:43:17 - [TEST_STEP][PASSED] - dataCompareAPK = findTestData("dt-1/dt_APK"): null

2020-11-11 22:43:18 - [TEST_STEP][PASSED] - strNoAPK = dataCompareAPK.getValue("NO", excelRow): null

2020-11-11 22:43:18 - [TEST_STEP][PASSED] - comparePS.ProposalASL1.ComparePS(strNoAPK, excelRow): comparePS.ProposalASL1.ComparePS is PASSED

2020-11-11 22:43:18 - [MESSAGE][PASSED] - comparePS.ProposalASL1.ComparePS is PASSED

2020-11-11 22:43:18 - [TEST_STEP][PASSED] - comparePS.KeywordPS.callStatus(strNoAPK, "sheetAPK1", 17): comparePS.KeywordPS.callStatus is PASSED

2020-11-11 22:43:18 - [MESSAGE][PASSED] - comparePS.KeywordPS.callStatus is PASSED

2020-11-11 22:43:18 - [TEST_STEP][PASSED] - strGlbStatus = "": null

2020-11-11 22:43:18 - [TEST_STEP][PASSED] - strGlbKeterangan = "": null

2020-11-11 22:43:18 - [TEST_STEP][PASSED] - runTime.reset(): null

2020-11-11 22:43:18 - [TEST_STEP][PASSED] - runTime.start(): null

2020-11-11 22:43:18 - [TEST_STEP][PASSED] - dataCompareAPK = findTestData("dt-1/dt_APK"): null

2020-11-11 22:43:18 - [TEST_STEP][PASSED] - strNoAPK = dataCompareAPK.getValue("NO", excelRow): null

2020-11-11 22:43:18 - [TEST_STEP][PASSED] - comparePS.ProposalASL1.ComparePS(strNoAPK, excelRow): comparePS.ProposalASL1.ComparePS is PASSED

2020-11-11 22:43:18 - [MESSAGE][PASSED] - comparePS.ProposalASL1.ComparePS is PASSED

2020-11-11 22:43:18 - [TEST_STEP][PASSED] - comparePS.KeywordPS.callStatus(strNoAPK, "sheetAPK1", 17): comparePS.KeywordPS.callStatus is PASSED

2020-11-11 22:43:18 - [MESSAGE][PASSED] - comparePS.KeywordPS.callStatus is PASSED

2020-11-11 22:43:18 - [TEST_STEP][PASSED] - strGlbStatus = "": null

2020-11-11 22:43:18 - [TEST_STEP][PASSED] - strGlbKeterangan = "": null

2020-11-11 22:43:18 - [TEST_STEP][PASSED] - runTime.reset(): null

2020-11-11 22:43:18 - [TEST_STEP][PASSED] - runTime.start(): null

2020-11-11 22:43:18 - [TEST_STEP][PASSED] - dataCompareAPK = findTestData("dt-1/dt_APK"): null

2020-11-11 22:43:18 - [TEST_STEP][PASSED] - strNoAPK = dataCompareAPK.getValue("NO", excelRow): null

2020-11-11 22:43:18 - [TEST_STEP][PASSED] - comparePS.ProposalASL1.ComparePS(strNoAPK, excelRow): comparePS.ProposalASL1.ComparePS is PASSED

2020-11-11 22:43:19 - [MESSAGE][PASSED] - comparePS.ProposalASL1.ComparePS is PASSED

2020-11-11 22:43:19 - [TEST_STEP][PASSED] - comparePS.KeywordPS.callStatus(strNoAPK, "sheetAPK1", 17): comparePS.KeywordPS.callStatus is PASSED

2020-11-11 22:43:19 - [MESSAGE][PASSED] - comparePS.KeywordPS.callStatus is PASSED

2020-11-11 22:43:19 - [TEST_STEP][PASSED] - strGlbStatus = "": null

2020-11-11 22:43:19 - [TEST_STEP][PASSED] - strGlbKeterangan = "": null

2020-11-11 22:43:19 - [TEST_STEP][PASSED] - runTime.reset(): null

2020-11-11 22:43:19 - [TEST_STEP][PASSED] - runTime.start(): null

2020-11-11 22:43:19 - [TEST_STEP][PASSED] - dataCompareAPK = findTestData("dt-1/dt_APK"): null

2020-11-11 22:43:19 - [TEST_STEP][PASSED] - strNoAPK = dataCompareAPK.getValue("NO", excelRow): null

2020-11-11 22:43:19 - [TEST_STEP][PASSED] - comparePS.ProposalASL1.ComparePS(strNoAPK, excelRow): comparePS.ProposalASL1.ComparePS is PASSED

2020-11-11 22:43:19 - [MESSAGE][PASSED] - comparePS.ProposalASL1.ComparePS is PASSED

2020-11-11 22:43:19 - [TEST_STEP][PASSED] - comparePS.KeywordPS.callStatus(strNoAPK, "sheetAPK1", 17): comparePS.KeywordPS.callStatus is PASSED

2020-11-11 22:43:19 - [MESSAGE][PASSED] - comparePS.KeywordPS.callStatus is PASSED

2020-11-11 22:43:19 - [TEST_STEP][PASSED] - strGlbStatus = "": null

2020-11-11 22:43:19 - [TEST_STEP][PASSED] - strGlbKeterangan = "": null

2020-11-11 22:43:19 - [TEST_STEP][PASSED] - runTime.reset(): null

2020-11-11 22:43:19 - [TEST_STEP][PASSED] - runTime.start(): null

2020-11-11 22:43:19 - [TEST_STEP][PASSED] - dataCompareAPK = findTestData("dt-1/dt_APK"): null

2020-11-11 22:43:19 - [TEST_STEP][PASSED] - strNoAPK = dataCompareAPK.getValue("NO", excelRow): null

2020-11-11 22:43:19 - [TEST_STEP][PASSED] - comparePS.ProposalASL1.ComparePS(strNoAPK, excelRow): comparePS.ProposalASL1.ComparePS is PASSED

2020-11-11 22:43:19 - [MESSAGE][PASSED] - comparePS.ProposalASL1.ComparePS is PASSED

2020-11-11 22:43:19 - [TEST_STEP][PASSED] - comparePS.KeywordPS.callStatus(strNoAPK, "sheetAPK1", 17): comparePS.KeywordPS.callStatus is PASSED

2020-11-11 22:43:19 - [MESSAGE][PASSED] - comparePS.KeywordPS.callStatus is PASSED

2020-11-11 22:43:19 - [TEST_STEP][PASSED] - strGlbStatus = "": null

2020-11-11 22:43:19 - [TEST_STEP][PASSED] - strGlbKeterangan = "": null

2020-11-11 22:43:19 - [TEST_STEP][PASSED] - runTime.reset(): null

2020-11-11 22:43:19 - [TEST_STEP][PASSED] - runTime.start(): null

2020-11-11 22:43:19 - [TEST_STEP][PASSED] - dataCompareAPK = findTestData("dt-1/dt_APK"): null

2020-11-11 22:43:20 - [TEST_STEP][PASSED] - strNoAPK = dataCompareAPK.getValue("NO", excelRow): null

2020-11-11 22:43:20 - [TEST_STEP][PASSED] - comparePS.ProposalASL1.ComparePS(strNoAPK, excelRow): comparePS.ProposalASL1.ComparePS is PASSED

2020-11-11 22:43:20 - [MESSAGE][PASSED] - comparePS.ProposalASL1.ComparePS is PASSED

2020-11-11 22:43:20 - [TEST_STEP][PASSED] - comparePS.KeywordPS.callStatus(strNoAPK, "sheetAPK1", 17): comparePS.KeywordPS.callStatus is PASSED

2020-11-11 22:43:20 - [MESSAGE][PASSED] - comparePS.KeywordPS.callStatus is PASSED

2020-11-11 22:43:20 - [TEST_STEP][PASSED] - strGlbStatus = "": null

2020-11-11 22:43:20 - [TEST_STEP][PASSED] - strGlbKeterangan = "": null

2020-11-11 22:43:20 - [TEST_STEP][PASSED] - runTime.reset(): null

2020-11-11 22:43:20 - [TEST_STEP][PASSED] - runTime.start(): null

2020-11-11 22:43:20 - [TEST_STEP][PASSED] - dataCompareAPK = findTestData("dt-1/dt_APK"): null

2020-11-11 22:43:20 - [TEST_STEP][PASSED] - strNoAPK = dataCompareAPK.getValue("NO", excelRow): null

2020-11-11 22:43:20 - [TEST_STEP][PASSED] - comparePS.ProposalASL1.ComparePS(strNoAPK, excelRow): comparePS.ProposalASL1.ComparePS is PASSED

2020-11-11 22:43:20 - [MESSAGE][PASSED] - comparePS.ProposalASL1.ComparePS is PASSED

2020-11-11 22:43:20 - [TEST_STEP][PASSED] - comparePS.KeywordPS.callStatus(strNoAPK, "sheetAPK1", 17): comparePS.KeywordPS.callStatus is PASSED

2020-11-11 22:43:20 - [MESSAGE][PASSED] - comparePS.KeywordPS.callStatus is PASSED

2020-11-11 22:43:20 - [TEST_STEP][PASSED] - strGlbStatus = "": null

2020-11-11 22:43:20 - [TEST_STEP][PASSED] - strGlbKeterangan = "": null

2020-11-11 22:43:20 - [TEST_STEP][PASSED] - runTime.reset(): null

2020-11-11 22:43:20 - [TEST_STEP][PASSED] - runTime.start(): null

2020-11-11 22:43:20 - [TEST_STEP][PASSED] - dataCompareAPK = findTestData("dt-1/dt_APK"): null

2020-11-11 22:43:21 - [TEST_STEP][PASSED] - strNoAPK = dataCompareAPK.getValue("NO", excelRow): null

2020-11-11 22:43:21 - [TEST_STEP][PASSED] - comparePS.ProposalASL1.ComparePS(strNoAPK, excelRow): comparePS.ProposalASL1.ComparePS is PASSED

2020-11-11 22:43:21 - [MESSAGE][PASSED] - comparePS.ProposalASL1.ComparePS is PASSED

2020-11-11 22:43:21 - [TEST_STEP][PASSED] - comparePS.KeywordPS.callStatus(strNoAPK, "sheetAPK1", 17): comparePS.KeywordPS.callStatus is PASSED

2020-11-11 22:43:21 - [MESSAGE][PASSED] - comparePS.KeywordPS.callStatus is PASSED

2020-11-11 22:43:21 - [TEST_STEP][PASSED] - strGlbStatus = "": null

2020-11-11 22:43:21 - [TEST_STEP][PASSED] - strGlbKeterangan = "": null

2020-11-11 22:43:21 - [TEST_STEP][PASSED] - runTime.reset(): null

2020-11-11 22:43:21 - [TEST_STEP][PASSED] - runTime.start(): null

2020-11-11 22:43:21 - [TEST_STEP][PASSED] - dataCompareAPK = findTestData("dt-1/dt_APK"): null

2020-11-11 22:43:21 - [TEST_STEP][PASSED] - strNoAPK = dataCompareAPK.getValue("NO", excelRow): null

2020-11-11 22:43:21 - [TEST_STEP][PASSED] - comparePS.ProposalASL1.ComparePS(strNoAPK, excelRow): comparePS.ProposalASL1.ComparePS is PASSED

2020-11-11 22:43:21 - [MESSAGE][PASSED] - comparePS.ProposalASL1.ComparePS is PASSED

2020-11-11 22:43:21 - [TEST_STEP][PASSED] - comparePS.KeywordPS.callStatus(strNoAPK, "sheetAPK1", 17): comparePS.KeywordPS.callStatus is PASSED

2020-11-11 22:43:21 - [MESSAGE][PASSED] - comparePS.KeywordPS.callStatus is PASSED

2020-11-11 22:43:21 - [TEST_STEP][PASSED] - strGlbStatus = "": null

2020-11-11 22:43:21 - [TEST_STEP][PASSED] - strGlbKeterangan = "": null

2020-11-11 22:43:21 - [TEST_STEP][PASSED] - runTime.reset(): null

2020-11-11 22:43:21 - [TEST_STEP][PASSED] - runTime.start(): null

2020-11-11 22:43:21 - [TEST_STEP][PASSED] - dataCompareAPK = findTestData("dt-1/dt_APK"): null

2020-11-11 22:43:21 - [TEST_STEP][PASSED] - strNoAPK = dataCompareAPK.getValue("NO", excelRow): null

2020-11-11 22:43:21 - [TEST_STEP][PASSED] - comparePS.ProposalASL1.ComparePS(strNoAPK, excelRow): comparePS.ProposalASL1.ComparePS is PASSED

2020-11-11 22:43:22 - [MESSAGE][PASSED] - comparePS.ProposalASL1.ComparePS is PASSED

2020-11-11 22:43:22 - [TEST_STEP][PASSED] - comparePS.KeywordPS.callStatus(strNoAPK, "sheetAPK1", 17): comparePS.KeywordPS.callStatus is PASSED

2020-11-11 22:43:22 - [MESSAGE][PASSED] - comparePS.KeywordPS.callStatus is PASSED

2020-11-11 22:43:22 - [TEST_STEP][PASSED] - strGlbStatus = "": null

2020-11-11 22:43:22 - [TEST_STEP][PASSED] - strGlbKeterangan = "": null

2020-11-11 22:43:22 - [TEST_STEP][PASSED] - runTime.reset(): null

2020-11-11 22:43:22 - [TEST_STEP][PASSED] - runTime.start(): null

2020-11-11 22:43:22 - [TEST_STEP][PASSED] - dataCompareAPK = findTestData("dt-1/dt_APK"): null

2020-11-11 22:43:22 - [TEST_STEP][PASSED] - strNoAPK = dataCompareAPK.getValue("NO", excelRow): null

2020-11-11 22:43:22 - [TEST_STEP][PASSED] - comparePS.ProposalASL1.ComparePS(strNoAPK, excelRow): comparePS.ProposalASL1.ComparePS is PASSED

2020-11-11 22:43:22 - [MESSAGE][PASSED] - comparePS.ProposalASL1.ComparePS is PASSED

2020-11-11 22:43:22 - [TEST_STEP][PASSED] - comparePS.KeywordPS.callStatus(strNoAPK, "sheetAPK1", 17): comparePS.KeywordPS.callStatus is PASSED

2020-11-11 22:43:22 - [MESSAGE][PASSED] - comparePS.KeywordPS.callStatus is PASSED

2020-11-11 22:43:22 - [TEST_STEP][PASSED] - strGlbStatus = "": null

2020-11-11 22:43:22 - [TEST_STEP][PASSED] - strGlbKeterangan = "": null

2020-11-11 22:43:22 - [TEST_STEP][PASSED] - runTime.reset(): null

2020-11-11 22:43:22 - [TEST_STEP][PASSED] - runTime.start(): null

2020-11-11 22:43:22 - [TEST_STEP][PASSED] - dataCompareAPK = findTestData("dt-1/dt_APK"): null

2020-11-11 22:43:22 - [TEST_STEP][PASSED] - strNoAPK = dataCompareAPK.getValue("NO", excelRow): null

2020-11-11 22:43:22 - [TEST_STEP][PASSED] - comparePS.ProposalASL1.ComparePS(strNoAPK, excelRow): comparePS.ProposalASL1.ComparePS is PASSED

2020-11-11 22:43:22 - [MESSAGE][PASSED] - comparePS.ProposalASL1.ComparePS is PASSED

2020-11-11 22:43:22 - [TEST_STEP][PASSED] - comparePS.KeywordPS.callStatus(strNoAPK, "sheetAPK1", 17): comparePS.KeywordPS.callStatus is PASSED

2020-11-11 22:43:22 - [MESSAGE][PASSED] - comparePS.KeywordPS.callStatus is PASSED

2020-11-11 22:43:22 - [TEST_STEP][PASSED] - strGlbStatus = "": null

2020-11-11 22:43:22 - [TEST_STEP][PASSED] - strGlbKeterangan = "": null

2020-11-11 22:43:22 - [TEST_STEP][PASSED] - runTime.reset(): null

2020-11-11 22:43:22 - [TEST_STEP][PASSED] - runTime.start(): null

2020-11-11 22:43:22 - [TEST_STEP][PASSED] - dataCompareAPK = findTestData("dt-1/dt_APK"): null

2020-11-11 22:43:22 - [TEST_STEP][PASSED] - strNoAPK = dataCompareAPK.getValue("NO", excelRow): null

2020-11-11 22:43:22 - [TEST_STEP][PASSED] - comparePS.ProposalASL1.ComparePS(strNoAPK, excelRow): comparePS.ProposalASL1.ComparePS is PASSED

2020-11-11 22:43:23 - [MESSAGE][PASSED] - comparePS.ProposalASL1.ComparePS is PASSED

2020-11-11 22:43:23 - [TEST_STEP][PASSED] - comparePS.KeywordPS.callStatus(strNoAPK, "sheetAPK1", 17): comparePS.KeywordPS.callStatus is PASSED

2020-11-11 22:43:23 - [MESSAGE][PASSED] - comparePS.KeywordPS.callStatus is PASSED

2020-11-11 22:43:23 - [TEST_STEP][PASSED] - strGlbStatus = "": null

2020-11-11 22:43:23 - [TEST_STEP][PASSED] - strGlbKeterangan = "": null

2020-11-11 22:43:23 - [TEST_STEP][PASSED] - runTime.reset(): null

2020-11-11 22:43:23 - [TEST_STEP][PASSED] - runTime.start(): null

2020-11-11 22:43:23 - [TEST_STEP][PASSED] - dataCompareAPK = findTestData("dt-1/dt_APK"): null

2020-11-11 22:43:23 - [TEST_STEP][PASSED] - strNoAPK = dataCompareAPK.getValue("NO", excelRow): null

2020-11-11 22:43:23 - [TEST_STEP][PASSED] - comparePS.ProposalASL1.ComparePS(strNoAPK, excelRow): comparePS.ProposalASL1.ComparePS is PASSED

2020-11-11 22:43:23 - [MESSAGE][PASSED] - comparePS.ProposalASL1.ComparePS is PASSED

2020-11-11 22:43:23 - [TEST_STEP][PASSED] - comparePS.KeywordPS.callStatus(strNoAPK, "sheetAPK1", 17): comparePS.KeywordPS.callStatus is PASSED

2020-11-11 22:43:23 - [MESSAGE][PASSED] - comparePS.KeywordPS.callStatus is PASSED

2020-11-11 22:43:23 - [TEST_STEP][PASSED] - strGlbStatus = "": null

2020-11-11 22:43:23 - [TEST_STEP][PASSED] - strGlbKeterangan = "": null

2020-11-11 22:43:23 - [TEST_STEP][PASSED] - runTime.reset(): null

2020-11-11 22:43:23 - [TEST_STEP][PASSED] - runTime.start(): null

2020-11-11 22:43:23 - [TEST_STEP][PASSED] - dataCompareAPK = findTestData("dt-1/dt_APK"): null

2020-11-11 22:43:23 - [TEST_STEP][PASSED] - strNoAPK = dataCompareAPK.getValue("NO", excelRow): null

2020-11-11 22:43:23 - [TEST_STEP][PASSED] - comparePS.ProposalASL1.ComparePS(strNoAPK, excelRow): comparePS.ProposalASL1.ComparePS is PASSED

2020-11-11 22:43:23 - [MESSAGE][PASSED] - comparePS.ProposalASL1.ComparePS is PASSED

2020-11-11 22:43:23 - [TEST_STEP][PASSED] - comparePS.KeywordPS.callStatus(strNoAPK, "sheetAPK1", 17): comparePS.KeywordPS.callStatus is PASSED

2020-11-11 22:43:24 - [MESSAGE][PASSED] - comparePS.KeywordPS.callStatus is PASSED

2020-11-11 22:43:24 - [TEST_STEP][PASSED] - strGlbStatus = "": null

2020-11-11 22:43:24 - [TEST_STEP][PASSED] - strGlbKeterangan = "": null

2020-11-11 22:43:24 - [TEST_STEP][PASSED] - runTime.reset(): null

2020-11-11 22:43:24 - [TEST_STEP][PASSED] - runTime.start(): null

2020-11-11 22:43:24 - [TEST_STEP][PASSED] - dataCompareAPK = findTestData("dt-1/dt_APK"): null

2020-11-11 22:43:24 - [TEST_STEP][PASSED] - strNoAPK = dataCompareAPK.getValue("NO", excelRow): null

2020-11-11 22:43:24 - [TEST_STEP][PASSED] - comparePS.ProposalASL1.ComparePS(strNoAPK, excelRow): comparePS.ProposalASL1.ComparePS is PASSED

2020-11-11 22:43:24 - [MESSAGE][PASSED] - comparePS.ProposalASL1.ComparePS is PASSED

2020-11-11 22:43:24 - [TEST_STEP][PASSED] - comparePS.KeywordPS.callStatus(strNoAPK, "sheetAPK1", 17): comparePS.KeywordPS.callStatus is PASSED

2020-11-11 22:43:24 - [MESSAGE][PASSED] - comparePS.KeywordPS.callStatus is PASSED

2020-11-11 22:43:24 - [TEST_STEP][PASSED] - strGlbStatus = "": null

2020-11-11 22:43:24 - [TEST_STEP][PASSED] - strGlbKeterangan = "": null

2020-11-11 22:43:24 - [TEST_STEP][PASSED] - runTime.reset(): null

2020-11-11 22:43:24 - [TEST_STEP][PASSED] - runTime.start(): null

2020-11-11 22:43:24 - [TEST_STEP][PASSED] - dataCompareAPK = findTestData("dt-1/dt_APK"): null

2020-11-11 22:43:24 - [TEST_STEP][PASSED] - strNoAPK = dataCompareAPK.getValue("NO", excelRow): null

2020-11-11 22:43:24 - [TEST_STEP][PASSED] - comparePS.ProposalASL1.ComparePS(strNoAPK, excelRow): comparePS.ProposalASL1.ComparePS is PASSED

2020-11-11 22:43:24 - [MESSAGE][PASSED] - comparePS.ProposalASL1.ComparePS is PASSED

2020-11-11 22:43:24 - [TEST_STEP][PASSED] - comparePS.KeywordPS.callStatus(strNoAPK, "sheetAPK1", 17): comparePS.KeywordPS.callStatus is PASSED

2020-11-11 22:43:24 - [MESSAGE][PASSED] - comparePS.KeywordPS.callStatus is PASSED

2020-11-11 22:43:24 - [TEST_STEP][PASSED] - strGlbStatus = "": null

2020-11-11 22:43:24 - [TEST_STEP][PASSED] - strGlbKeterangan = "": null

2020-11-11 22:43:24 - [TEST_STEP][PASSED] - runTime.reset(): null

2020-11-11 22:43:24 - [TEST_STEP][PASSED] - runTime.start(): null

2020-11-11 22:43:24 - [TEST_STEP][PASSED] - dataCompareAPK = findTestData("dt-1/dt_APK"): null

2020-11-11 22:43:24 - [TEST_STEP][PASSED] - strNoAPK = dataCompareAPK.getValue("NO", excelRow): null

2020-11-11 22:43:24 - [TEST_STEP][PASSED] - comparePS.ProposalASL1.ComparePS(strNoAPK, excelRow): comparePS.ProposalASL1.ComparePS is PASSED

2020-11-11 22:43:25 - [MESSAGE][PASSED] - comparePS.ProposalASL1.ComparePS is PASSED

2020-11-11 22:43:25 - [TEST_STEP][PASSED] - comparePS.KeywordPS.callStatus(strNoAPK, "sheetAPK1", 17): comparePS.KeywordPS.callStatus is PASSED

2020-11-11 22:43:25 - [MESSAGE][PASSED] - comparePS.KeywordPS.callStatus is PASSED

2020-11-11 22:43:25 - [TEST_STEP][PASSED] - strGlbStatus = "": null

2020-11-11 22:43:25 - [TEST_STEP][PASSED] - strGlbKeterangan = "": null

2020-11-11 22:43:25 - [TEST_STEP][PASSED] - runTime.reset(): null

2020-11-11 22:43:25 - [TEST_STEP][PASSED] - runTime.start(): null

2020-11-11 22:43:25 - [TEST_STEP][PASSED] - dataCompareAPK = findTestData("dt-1/dt_APK"): null

2020-11-11 22:43:25 - [TEST_STEP][PASSED] - strNoAPK = dataCompareAPK.getValue("NO", excelRow): null

2020-11-11 22:43:25 - [TEST_STEP][PASSED] - comparePS.ProposalASL1.ComparePS(strNoAPK, excelRow): comparePS.ProposalASL1.ComparePS is PASSED

2020-11-11 22:43:25 - [MESSAGE][PASSED] - comparePS.ProposalASL1.ComparePS is PASSED

2020-11-11 22:43:25 - [TEST_STEP][PASSED] - comparePS.KeywordPS.callStatus(strNoAPK, "sheetAPK1", 17): comparePS.KeywordPS.callStatus is PASSED

2020-11-11 22:43:25 - [MESSAGE][PASSED] - comparePS.KeywordPS.callStatus is PASSED

2020-11-11 22:43:25 - [TEST_STEP][PASSED] - strGlbStatus = "": null

2020-11-11 22:43:25 - [TEST_STEP][PASSED] - strGlbKeterangan = "": null

2020-11-11 22:43:25 - [TEST_STEP][PASSED] - runTime.reset(): null

2020-11-11 22:43:25 - [TEST_STEP][PASSED] - runTime.start(): null

2020-11-11 22:43:25 - [TEST_STEP][PASSED] - dataCompareAPK = findTestData("dt-1/dt_APK"): null

2020-11-11 22:43:25 - [TEST_STEP][PASSED] - strNoAPK = dataCompareAPK.getValue("NO", excelRow): null

2020-11-11 22:43:25 - [TEST_STEP][PASSED] - comparePS.ProposalASL1.ComparePS(strNoAPK, excelRow): comparePS.ProposalASL1.ComparePS is PASSED

2020-11-11 22:43:25 - [MESSAGE][PASSED] - comparePS.ProposalASL1.ComparePS is PASSED

2020-11-11 22:43:25 - [TEST_STEP][PASSED] - comparePS.KeywordPS.callStatus(strNoAPK, "sheetAPK1", 17): comparePS.KeywordPS.callStatus is PASSED

2020-11-11 22:43:25 - [MESSAGE][PASSED] - comparePS.KeywordPS.callStatus is PASSED

2020-11-11 22:43:25 - [TEST_STEP][PASSED] - strGlbStatus = "": null

2020-11-11 22:43:25 - [TEST_STEP][PASSED] - strGlbKeterangan = "": null

2020-11-11 22:43:25 - [TEST_STEP][PASSED] - runTime.reset(): null

2020-11-11 22:43:25 - [TEST_STEP][PASSED] - runTime.start(): null

2020-11-11 22:43:25 - [TEST_STEP][PASSED] - dataCompareAPK = findTestData("dt-1/dt_APK"): null

2020-11-11 22:43:25 - [TEST_STEP][PASSED] - strNoAPK = dataCompareAPK.getValue("NO", excelRow): null

2020-11-11 22:43:25 - [TEST_STEP][PASSED] - comparePS.ProposalASL1.ComparePS(strNoAPK, excelRow): comparePS.ProposalASL1.ComparePS is PASSED

2020-11-11 22:43:25 - [MESSAGE][PASSED] - comparePS.ProposalASL1.ComparePS is PASSED

2020-11-11 22:43:25 - [TEST_STEP][PASSED] - comparePS.KeywordPS.callStatus(strNoAPK, "sheetAPK1", 17): comparePS.KeywordPS.callStatus is PASSED

2020-11-11 22:43:26 - [MESSAGE][PASSED] - comparePS.KeywordPS.callStatus is PASSED

2020-11-11 22:43:26 - [TEST_STEP][PASSED] - strGlbStatus = "": null

2020-11-11 22:43:26 - [TEST_STEP][PASSED] - strGlbKeterangan = "": null

2020-11-11 22:43:26 - [TEST_STEP][PASSED] - runTime.reset(): null

2020-11-11 22:43:26 - [TEST_STEP][PASSED] - runTime.start(): null

2020-11-11 22:43:26 - [TEST_STEP][PASSED] - dataCompareAPK = findTestData("dt-1/dt_APK"): null

2020-11-11 22:43:26 - [TEST_STEP][PASSED] - strNoAPK = dataCompareAPK.getValue("NO", excelRow): null

2020-11-11 22:43:26 - [TEST_STEP][PASSED] - comparePS.ProposalASL1.ComparePS(strNoAPK, excelRow): comparePS.ProposalASL1.ComparePS is PASSED

2020-11-11 22:43:26 - [MESSAGE][PASSED] - comparePS.ProposalASL1.ComparePS is PASSED

2020-11-11 22:43:26 - [TEST_STEP][PASSED] - comparePS.KeywordPS.callStatus(strNoAPK, "sheetAPK1", 17): comparePS.KeywordPS.callStatus is PASSED

2020-11-11 22:43:26 - [MESSAGE][PASSED] - comparePS.KeywordPS.callStatus is PASSED

2020-11-11 22:43:26 - [TEST_STEP][PASSED] - strGlbStatus = "": null

2020-11-11 22:43:26 - [TEST_STEP][PASSED] - strGlbKeterangan = "": null

2020-11-11 22:43:26 - [TEST_STEP][PASSED] - runTime.reset(): null

2020-11-11 22:43:26 - [TEST_STEP][PASSED] - runTime.start(): null

2020-11-11 22:43:26 - [TEST_STEP][PASSED] - dataCompareAPK = findTestData("dt-1/dt_APK"): null

2020-11-11 22:43:26 - [TEST_STEP][PASSED] - strNoAPK = dataCompareAPK.getValue("NO", excelRow): null

2020-11-11 22:43:26 - [TEST_STEP][PASSED] - comparePS.ProposalASL1.ComparePS(strNoAPK, excelRow): comparePS.ProposalASL1.ComparePS is PASSED

2020-11-11 22:43:26 - [MESSAGE][PASSED] - comparePS.ProposalASL1.ComparePS is PASSED

2020-11-11 22:43:26 - [TEST_STEP][PASSED] - comparePS.KeywordPS.callStatus(strNoAPK, "sheetAPK1", 17): comparePS.KeywordPS.callStatus is PASSED

2020-11-11 22:43:26 - [MESSAGE][PASSED] - comparePS.KeywordPS.callStatus is PASSED

2020-11-11 22:43:26 - [TEST_STEP][PASSED] - strGlbStatus = "": null

2020-11-11 22:43:26 - [TEST_STEP][PASSED] - strGlbKeterangan = "": null

2020-11-11 22:43:26 - [TEST_STEP][PASSED] - runTime.reset(): null

2020-11-11 22:43:26 - [TEST_STEP][PASSED] - runTime.start(): null

2020-11-11 22:43:26 - [TEST_STEP][PASSED] - dataCompareAPK = findTestData("dt-1/dt_APK"): null

2020-11-11 22:43:26 - [TEST_STEP][PASSED] - strNoAPK = dataCompareAPK.getValue("NO", excelRow): null

2020-11-11 22:43:26 - [TEST_STEP][PASSED] - comparePS.ProposalASL1.ComparePS(strNoAPK, excelRow): comparePS.ProposalASL1.ComparePS is PASSED

2020-11-11 22:43:27 - [MESSAGE][PASSED] - comparePS.ProposalASL1.ComparePS is PASSED

2020-11-11 22:43:27 - [TEST_STEP][PASSED] - comparePS.KeywordPS.callStatus(strNoAPK, "sheetAPK1", 17): comparePS.KeywordPS.callStatus is PASSED

2020-11-11 22:43:27 - [MESSAGE][PASSED] - comparePS.KeywordPS.callStatus is PASSED

2020-11-11 22:43:27 - [TEST_STEP][PASSED] - strGlbStatus = "": null

2020-11-11 22:43:27 - [TEST_STEP][PASSED] - strGlbKeterangan = "": null

2020-11-11 22:43:27 - [TEST_STEP][PASSED] - runTime.reset(): null

2020-11-11 22:43:27 - [TEST_STEP][PASSED] - runTime.start(): null

2020-11-11 22:43:27 - [TEST_STEP][PASSED] - dataCompareAPK = findTestData("dt-1/dt_APK"): null

2020-11-11 22:43:27 - [TEST_STEP][PASSED] - strNoAPK = dataCompareAPK.getValue("NO", excelRow): null

2020-11-11 22:43:27 - [TEST_STEP][PASSED] - comparePS.ProposalASL1.ComparePS(strNoAPK, excelRow): comparePS.ProposalASL1.ComparePS is PASSED

2020-11-11 22:43:27 - [MESSAGE][PASSED] - comparePS.ProposalASL1.ComparePS is PASSED

2020-11-11 22:43:27 - [TEST_STEP][PASSED] - comparePS.KeywordPS.callStatus(strNoAPK, "sheetAPK1", 17): comparePS.KeywordPS.callStatus is PASSED

2020-11-11 22:43:27 - [MESSAGE][PASSED] - comparePS.KeywordPS.callStatus is PASSED

2020-11-11 22:43:27 - [TEST_STEP][PASSED] - strGlbStatus = "": null

2020-11-11 22:43:27 - [TEST_STEP][PASSED] - strGlbKeterangan = "": null

2020-11-11 22:43:27 - [TEST_STEP][PASSED] - runTime.reset(): null

2020-11-11 22:43:27 - [TEST_STEP][PASSED] - runTime.start(): null

2020-11-11 22:43:27 - [TEST_STEP][PASSED] - dataCompareAPK = findTestData("dt-1/dt_APK"): null

2020-11-11 22:43:27 - [TEST_STEP][PASSED] - strNoAPK = dataCompareAPK.getValue("NO", excelRow): null

2020-11-11 22:43:27 - [TEST_STEP][PASSED] - comparePS.ProposalASL1.ComparePS(strNoAPK, excelRow): comparePS.ProposalASL1.ComparePS is PASSED

2020-11-11 22:43:27 - [MESSAGE][PASSED] - comparePS.ProposalASL1.ComparePS is PASSED

2020-11-11 22:43:27 - [TEST_STEP][PASSED] - comparePS.KeywordPS.callStatus(strNoAPK, "sheetAPK1", 17): comparePS.KeywordPS.callStatus is PASSED

2020-11-11 22:43:27 - [MESSAGE][PASSED] - comparePS.KeywordPS.callStatus is PASSED

2020-11-11 22:43:27 - [TEST_STEP][PASSED] - strGlbStatus = "": null

2020-11-11 22:43:27 - [TEST_STEP][PASSED] - strGlbKeterangan = "": null

2020-11-11 22:43:27 - [TEST_STEP][PASSED] - runTime.reset(): null

2020-11-11 22:43:27 - [TEST_STEP][PASSED] - runTime.start(): null

2020-11-11 22:43:27 - [TEST_STEP][PASSED] - dataCompareAPK = findTestData("dt-1/dt_APK"): null

2020-11-11 22:43:27 - [TEST_STEP][PASSED] - strNoAPK = dataCompareAPK.getValue("NO", excelRow): null

2020-11-11 22:43:27 - [TEST_STEP][PASSED] - comparePS.ProposalASL1.ComparePS(strNoAPK, excelRow): comparePS.ProposalASL1.ComparePS is PASSED

2020-11-11 22:43:28 - [MESSAGE][PASSED] - comparePS.ProposalASL1.ComparePS is PASSED

2020-11-11 22:43:28 - [TEST_STEP][PASSED] - comparePS.KeywordPS.callStatus(strNoAPK, "sheetAPK1", 17): comparePS.KeywordPS.callStatus is PASSED

2020-11-11 22:43:28 - [MESSAGE][PASSED] - comparePS.KeywordPS.callStatus is PASSED

2020-11-11 22:43:28 - [TEST_STEP][PASSED] - strGlbStatus = "": null

2020-11-11 22:43:28 - [TEST_STEP][PASSED] - strGlbKeterangan = "": null

2020-11-11 22:43:28 - [TEST_STEP][PASSED] - runTime.reset(): null

2020-11-11 22:43:28 - [TEST_STEP][PASSED] - runTime.start(): null

2020-11-11 22:43:28 - [TEST_STEP][PASSED] - dataCompareAPK = findTestData("dt-1/dt_APK"): null

2020-11-11 22:43:28 - [TEST_STEP][PASSED] - strNoAPK = dataCompareAPK.getValue("NO", excelRow): null

2020-11-11 22:43:28 - [TEST_STEP][PASSED] - comparePS.ProposalASL1.ComparePS(strNoAPK, excelRow): comparePS.ProposalASL1.ComparePS is PASSED

2020-11-11 22:43:28 - [MESSAGE][PASSED] - comparePS.ProposalASL1.ComparePS is PASSED

2020-11-11 22:43:28 - [TEST_STEP][PASSED] - comparePS.KeywordPS.callStatus(strNoAPK, "sheetAPK1", 17): comparePS.KeywordPS.callStatus is PASSED

2020-11-11 22:43:28 - [MESSAGE][PASSED] - comparePS.KeywordPS.callStatus is PASSED

2020-11-11 22:43:28 - [TEST_STEP][PASSED] - strGlbStatus = "": null

2020-11-11 22:43:28 - [TEST_STEP][PASSED] - strGlbKeterangan = "": null

2020-11-11 22:43:28 - [TEST_STEP][PASSED] - runTime.reset(): null

2020-11-11 22:43:28 - [TEST_STEP][PASSED] - runTime.start(): null

2020-11-11 22:43:28 - [TEST_STEP][PASSED] - dataCompareAPK = findTestData("dt-1/dt_APK"): null

2020-11-11 22:43:28 - [TEST_STEP][PASSED] - strNoAPK = dataCompareAPK.getValue("NO", excelRow): null

2020-11-11 22:43:28 - [TEST_STEP][PASSED] - comparePS.ProposalASL1.ComparePS(strNoAPK, excelRow): comparePS.ProposalASL1.ComparePS is PASSED

2020-11-11 22:43:28 - [MESSAGE][PASSED] - comparePS.ProposalASL1.ComparePS is PASSED

2020-11-11 22:43:28 - [TEST_STEP][PASSED] - comparePS.KeywordPS.callStatus(strNoAPK, "sheetAPK1", 17): comparePS.KeywordPS.callStatus is PASSED

2020-11-11 22:43:29 - [MESSAGE][PASSED] - comparePS.KeywordPS.callStatus is PASSED

2020-11-11 22:43:29 - [TEST_STEP][PASSED] - strGlbStatus = "": null

2020-11-11 22:43:29 - [TEST_STEP][PASSED] - strGlbKeterangan = "": null

2020-11-11 22:43:29 - [TEST_STEP][PASSED] - runTime.reset(): null

2020-11-11 22:43:29 - [TEST_STEP][PASSED] - runTime.start(): null

2020-11-11 22:43:29 - [TEST_STEP][PASSED] - dataCompareAPK = findTestData("dt-1/dt_APK"): null

2020-11-11 22:43:29 - [TEST_STEP][PASSED] - strNoAPK = dataCompareAPK.getValue("NO", excelRow): null

2020-11-11 22:43:29 - [TEST_STEP][PASSED] - comparePS.ProposalASL1.ComparePS(strNoAPK, excelRow): comparePS.ProposalASL1.ComparePS is PASSED

2020-11-11 22:43:29 - [MESSAGE][PASSED] - comparePS.ProposalASL1.ComparePS is PASSED

2020-11-11 22:43:29 - [TEST_STEP][PASSED] - comparePS.KeywordPS.callStatus(strNoAPK, "sheetAPK1", 17): comparePS.KeywordPS.callStatus is PASSED

2020-11-11 22:43:29 - [MESSAGE][PASSED] - comparePS.KeywordPS.callStatus is PASSED

2020-11-11 22:43:29 - [TEST_STEP][PASSED] - strGlbStatus = "": null

2020-11-11 22:43:29 - [TEST_STEP][PASSED] - strGlbKeterangan = "": null

2020-11-11 22:43:29 - [TEST_STEP][PASSED] - runTime.reset(): null

2020-11-11 22:43:29 - [TEST_STEP][PASSED] - runTime.start(): null

2020-11-11 22:43:29 - [TEST_STEP][PASSED] - dataCompareAPK = findTestData("dt-1/dt_APK"): null

2020-11-11 22:43:29 - [TEST_STEP][PASSED] - strNoAPK = dataCompareAPK.getValue("NO", excelRow): null

2020-11-11 22:43:29 - [TEST_STEP][PASSED] - comparePS.ProposalASL1.ComparePS(strNoAPK, excelRow): comparePS.ProposalASL1.ComparePS is PASSED

2020-11-11 22:43:29 - [MESSAGE][PASSED] - comparePS.ProposalASL1.ComparePS is PASSED

2020-11-11 22:43:29 - [TEST_STEP][PASSED] - comparePS.KeywordPS.callStatus(strNoAPK, "sheetAPK1", 17): comparePS.KeywordPS.callStatus is PASSED

2020-11-11 22:43:30 - [MESSAGE][PASSED] - comparePS.KeywordPS.callStatus is PASSED

2020-11-11 22:43:30 - [TEST_STEP][PASSED] - strGlbStatus = "": null

2020-11-11 22:43:30 - [TEST_STEP][PASSED] - strGlbKeterangan = "": null

2020-11-11 22:43:30 - [TEST_STEP][PASSED] - runTime.reset(): null

2020-11-11 22:43:30 - [TEST_STEP][PASSED] - runTime.start(): null

2020-11-11 22:43:30 - [TEST_STEP][PASSED] - dataCompareAPK = findTestData("dt-1/dt_APK"): null

2020-11-11 22:43:30 - [TEST_STEP][PASSED] - strNoAPK = dataCompareAPK.getValue("NO", excelRow): null

2020-11-11 22:43:30 - [TEST_STEP][PASSED] - comparePS.ProposalASL1.ComparePS(strNoAPK, excelRow): comparePS.ProposalASL1.ComparePS is PASSED

2020-11-11 22:43:30 - [MESSAGE][PASSED] - comparePS.ProposalASL1.ComparePS is PASSED

2020-11-11 22:43:30 - [TEST_STEP][PASSED] - comparePS.KeywordPS.callStatus(strNoAPK, "sheetAPK1", 17): comparePS.KeywordPS.callStatus is PASSED

2020-11-11 22:43:30 - [MESSAGE][PASSED] - comparePS.KeywordPS.callStatus is PASSED

2020-11-11 22:43:30 - [TEST_STEP][PASSED] - strGlbStatus = "": null

2020-11-11 22:43:30 - [TEST_STEP][PASSED] - strGlbKeterangan = "": null

2020-11-11 22:43:30 - [TEST_STEP][PASSED] - runTime.reset(): null

2020-11-11 22:43:30 - [TEST_STEP][PASSED] - runTime.start(): null

2020-11-11 22:43:30 - [TEST_STEP][PASSED] - dataCompareAPK = findTestData("dt-1/dt_APK"): null

2020-11-11 22:43:30 - [TEST_STEP][PASSED] - strNoAPK = dataCompareAPK.getValue("NO", excelRow): null

2020-11-11 22:43:30 - [TEST_STEP][PASSED] - comparePS.ProposalASL1.ComparePS(strNoAPK, excelRow): comparePS.ProposalASL1.ComparePS is PASSED

2020-11-11 22:43:30 - [MESSAGE][PASSED] - comparePS.ProposalASL1.ComparePS is PASSED

2020-11-11 22:43:30 - [TEST_STEP][PASSED] - comparePS.KeywordPS.callStatus(strNoAPK, "sheetAPK1", 17): comparePS.KeywordPS.callStatus is PASSED

2020-11-11 22:43:30 - [MESSAGE][PASSED] - comparePS.KeywordPS.callStatus is PASSED

2020-11-11 22:43:30 - [TEST_STEP][PASSED] - strGlbStatus = "": null

2020-11-11 22:43:30 - [TEST_STEP][PASSED] - strGlbKeterangan = "": null

2020-11-11 22:43:30 - [TEST_STEP][PASSED] - runTime.reset(): null

2020-11-11 22:43:30 - [TEST_STEP][PASSED] - runTime.start(): null

2020-11-11 22:43:30 - [TEST_STEP][PASSED] - dataCompareAPK = findTestData("dt-1/dt_APK"): null

2020-11-11 22:43:30 - [TEST_STEP][PASSED] - strNoAPK = dataCompareAPK.getValue("NO", excelRow): null

2020-11-11 22:43:30 - [TEST_STEP][PASSED] - comparePS.ProposalASL1.ComparePS(strNoAPK, excelRow): comparePS.ProposalASL1.ComparePS is PASSED

2020-11-11 22:43:31 - [MESSAGE][PASSED] - comparePS.ProposalASL1.ComparePS is PASSED

2020-11-11 22:43:31 - [TEST_STEP][PASSED] - comparePS.KeywordPS.callStatus(strNoAPK, "sheetAPK1", 17): comparePS.KeywordPS.callStatus is PASSED

2020-11-11 22:43:31 - [MESSAGE][PASSED] - comparePS.KeywordPS.callStatus is PASSED

2020-11-11 22:43:31 - [TEST_STEP][PASSED] - strGlbStatus = "": null

2020-11-11 22:43:31 - [TEST_STEP][PASSED] - strGlbKeterangan = "": null

2020-11-11 22:43:31 - [TEST_STEP][PASSED] - runTime.reset(): null

2020-11-11 22:43:31 - [TEST_STEP][PASSED] - runTime.start(): null

2020-11-11 22:43:31 - [TEST_STEP][PASSED] - dataCompareAPK = findTestData("dt-1/dt_APK"): null

2020-11-11 22:43:31 - [TEST_STEP][PASSED] - strNoAPK = dataCompareAPK.getValue("NO", excelRow): null

2020-11-11 22:43:31 - [TEST_STEP][PASSED] - comparePS.ProposalASL1.ComparePS(strNoAPK, excelRow): comparePS.ProposalASL1.ComparePS is PASSED

2020-11-11 22:43:31 - [MESSAGE][PASSED] - comparePS.ProposalASL1.ComparePS is PASSED

2020-11-11 22:43:31 - [TEST_STEP][PASSED] - comparePS.KeywordPS.callStatus(strNoAPK, "sheetAPK1", 17): comparePS.KeywordPS.callStatus is PASSED

2020-11-11 22:43:31 - [MESSAGE][PASSED] - comparePS.KeywordPS.callStatus is PASSED

2020-11-11 22:43:31 - [TEST_STEP][PASSED] - strGlbStatus = "": null

2020-11-11 22:43:31 - [TEST_STEP][PASSED] - strGlbKeterangan = "": null

2020-11-11 22:43:31 - [TEST_STEP][PASSED] - runTime.reset(): null

2020-11-11 22:43:31 - [TEST_STEP][PASSED] - runTime.start(): null

2020-11-11 22:43:31 - [TEST_STEP][PASSED] - dataCompareAPK = findTestData("dt-1/dt_APK"): null

2020-11-11 22:43:31 - [TEST_STEP][PASSED] - strNoAPK = dataCompareAPK.getValue("NO", excelRow): null

2020-11-11 22:43:31 - [TEST_STEP][PASSED] - comparePS.ProposalASL1.ComparePS(strNoAPK, excelRow): comparePS.ProposalASL1.ComparePS is PASSED

2020-11-11 22:43:32 - [MESSAGE][PASSED] - comparePS.ProposalASL1.ComparePS is PASSED

2020-11-11 22:43:32 - [TEST_STEP][PASSED] - comparePS.KeywordPS.callStatus(strNoAPK, "sheetAPK1", 17): comparePS.KeywordPS.callStatus is PASSED

2020-11-11 22:43:32 - [MESSAGE][PASSED] - comparePS.KeywordPS.callStatus is PASSED

2020-11-11 22:43:32 - [TEST_STEP][PASSED] - strGlbStatus = "": null

2020-11-11 22:43:32 - [TEST_STEP][PASSED] - strGlbKeterangan = "": null

2020-11-11 22:43:32 - [TEST_STEP][PASSED] - runTime.reset(): null

2020-11-11 22:43:32 - [TEST_STEP][PASSED] - runTime.start(): null

2020-11-11 22:43:32 - [TEST_STEP][PASSED] - dataCompareAPK = findTestData("dt-1/dt_APK"): null

2020-11-11 22:43:32 - [TEST_STEP][PASSED] - strNoAPK = dataCompareAPK.getValue("NO", excelRow): null

2020-11-11 22:43:32 - [TEST_STEP][PASSED] - comparePS.ProposalASL1.ComparePS(strNoAPK, excelRow): comparePS.ProposalASL1.ComparePS is PASSED

2020-11-11 22:43:32 - [MESSAGE][PASSED] - comparePS.ProposalASL1.ComparePS is PASSED

2020-11-11 22:43:32 - [TEST_STEP][PASSED] - comparePS.KeywordPS.callStatus(strNoAPK, "sheetAPK1", 17): comparePS.KeywordPS.callStatus is PASSED

2020-11-11 22:43:32 - [MESSAGE][PASSED] - comparePS.KeywordPS.callStatus is PASSED

2020-11-11 22:43:32 - [TEST_STEP][PASSED] - strGlbStatus = "": null

2020-11-11 22:43:32 - [TEST_STEP][PASSED] - strGlbKeterangan = "": null

2020-11-11 22:43:32 - [TEST_STEP][PASSED] - runTime.reset(): null

2020-11-11 22:43:32 - [TEST_STEP][PASSED] - runTime.start(): null

2020-11-11 22:43:32 - [TEST_STEP][PASSED] - dataCompareAPK = findTestData("dt-1/dt_APK"): null

2020-11-11 22:43:32 - [TEST_STEP][PASSED] - strNoAPK = dataCompareAPK.getValue("NO", excelRow): null

2020-11-11 22:43:32 - [TEST_STEP][PASSED] - comparePS.ProposalASL1.ComparePS(strNoAPK, excelRow): comparePS.ProposalASL1.ComparePS is PASSED

2020-11-11 22:43:33 - [MESSAGE][PASSED] - comparePS.ProposalASL1.ComparePS is PASSED

2020-11-11 22:43:33 - [TEST_STEP][PASSED] - comparePS.KeywordPS.callStatus(strNoAPK, "sheetAPK1", 17): comparePS.KeywordPS.callStatus is PASSED

2020-11-11 22:43:33 - [MESSAGE][PASSED] - comparePS.KeywordPS.callStatus is PASSED

2020-11-11 22:43:33 - [TEST_STEP][PASSED] - strGlbStatus = "": null

2020-11-11 22:43:33 - [TEST_STEP][PASSED] - strGlbKeterangan = "": null

2020-11-11 22:43:33 - [TEST_STEP][PASSED] - runTime.reset(): null

2020-11-11 22:43:33 - [TEST_STEP][PASSED] - runTime.start(): null

2020-11-11 22:43:33 - [TEST_STEP][PASSED] - dataCompareAPK = findTestData("dt-1/dt_APK"): null

2020-11-11 22:43:33 - [TEST_STEP][PASSED] - strNoAPK = dataCompareAPK.getValue("NO", excelRow): null

2020-11-11 22:43:33 - [TEST_STEP][PASSED] - comparePS.ProposalASL1.ComparePS(strNoAPK, excelRow): comparePS.ProposalASL1.ComparePS is PASSED

2020-11-11 22:43:33 - [MESSAGE][PASSED] - comparePS.ProposalASL1.ComparePS is PASSED

2020-11-11 22:43:33 - [TEST_STEP][PASSED] - comparePS.KeywordPS.callStatus(strNoAPK, "sheetAPK1", 17): comparePS.KeywordPS.callStatus is PASSED

2020-11-11 22:43:33 - [MESSAGE][PASSED] - comparePS.KeywordPS.callStatus is PASSED

2020-11-11 22:43:33 - [TEST_STEP][PASSED] - strGlbStatus = "": null

2020-11-11 22:43:33 - [TEST_STEP][PASSED] - strGlbKeterangan = "": null

2020-11-11 22:43:33 - [TEST_STEP][PASSED] - runTime.reset(): null

2020-11-11 22:43:33 - [TEST_STEP][PASSED] - runTime.start(): null

2020-11-11 22:43:33 - [TEST_STEP][PASSED] - dataCompareAPK = findTestData("dt-1/dt_APK"): null

2020-11-11 22:43:33 - [TEST_STEP][PASSED] - strNoAPK = dataCompareAPK.getValue("NO", excelRow): null

2020-11-11 22:43:33 - [TEST_STEP][PASSED] - comparePS.ProposalASL1.ComparePS(strNoAPK, excelRow): comparePS.ProposalASL1.ComparePS is PASSED

2020-11-11 22:43:33 - [MESSAGE][PASSED] - comparePS.ProposalASL1.ComparePS is PASSED

2020-11-11 22:43:33 - [TEST_STEP][PASSED] - comparePS.KeywordPS.callStatus(strNoAPK, "sheetAPK1", 17): comparePS.KeywordPS.callStatus is PASSED

2020-11-11 22:43:33 - [MESSAGE][PASSED] - comparePS.KeywordPS.callStatus is PASSED]]></system-out>
         <system-err><![CDATA[]]></system-err>
      </testcase>
      <system-out><![CDATA[2020-11-11 22:43:00 - [TEST_SUITE][PASSED] - ComparePS: Test Cases/ComparePS-1]]></system-out>
      <system-err><![CDATA[]]></system-err>
   </testsuite>
</testsuites>
