<?xml version="1.0" encoding="UTF-8"?>
<testsuites name="ComparePS" time="52.965" tests="2" failures="0" errors="1">
   <testsuite name="ComparePS" tests="2" failures="0" errors="1" time="52.965" timestamp="2020-11-10 19:44:29" hostname="Andika Prananto - ID-ASI-8PZWPQ2.axa-id.intraxa" id="Test Suites/ComparePS">
      <properties>
         <property name="deviceName" value=""/>
         <property name="devicePlatform" value=""/>
         <property name="logFolder" value="C:\\Users\\andika prananto\\Katalon Studio\\ComparePS\\Reports\\20201110_194419\\ComparePS\\20201110_194419"/>
         <property name="logFiles" value="C:\\Users\\andika prananto\\Katalon Studio\\ComparePS\\Reports\\20201110_194419\\ComparePS\\20201110_194419\\execution0.log"/>
         <property name="attachments" value=""/>
         <property name="hostName" value="Andika Prananto - ID-ASI-8PZWPQ2.axa-id.intraxa"/>
         <property name="hostAddress" value="10.47.183.8"/>
         <property name="os" value="Windows 10 64bit"/>
         <property name="katalonVersion" value="7.4.0.1"/>
      </properties>
      <testcase name="Test Cases/ComparePS-1" time="29.629" classname="Test Cases/ComparePS-1" status="PASSED">
         <system-out><![CDATA[2020-11-10 19:44:30 - [TEST_CASE][PASSED] - Test Cases/ComparePS-1: Test Cases/ComparePS-1

2020-11-10 19:44:31 - [TEST_STEP][PASSED] - sekarang = new java.util.Date(): null

2020-11-10 19:44:31 - [TEST_STEP][PASSED] - tgl = sekarang.format("yyyy-MM-dd"): null

2020-11-10 19:44:31 - [TEST_STEP][PASSED] - fullFlow = true: null

2020-11-10 19:44:31 - [TEST_STEP][PASSED] - strGlbDate = tgl: null

2020-11-10 19:44:31 - [TEST_STEP][PASSED] - strGlbStatus = "": null

2020-11-10 19:44:31 - [TEST_STEP][PASSED] - strGlbKeterangan = "": null

2020-11-10 19:44:31 - [TEST_STEP][PASSED] - strGlbCrash = false: null

2020-11-10 19:44:31 - [TEST_STEP][PASSED] - strGlbAlamat = false: null

2020-11-10 19:44:31 - [TEST_STEP][PASSED] - strGlbNomor = 1: null

2020-11-10 19:44:31 - [TEST_STEP][PASSED] - strGlbNumImage = 0: null

2020-11-10 19:44:31 - [TEST_STEP][PASSED] - runTime = StopWatch.createStarted(): null

2020-11-10 19:44:31 - [TEST_STEP][PASSED] - getLastRow = findTestData("dt-1/dt_APK").getRowNumbers(): null

2020-11-10 19:44:32 - [TEST_STEP][PASSED] - for (int excelRow : (1..getLastRow)): comparePS.KeywordPS.callStatus is PASSED

2020-11-10 19:44:32 - [TEST_STEP][PASSED] - runTime.reset(): null

2020-11-10 19:44:32 - [TEST_STEP][PASSED] - runTime.start(): null

2020-11-10 19:44:32 - [TEST_STEP][PASSED] - dataCompareAPK = findTestData("dt-1/dt_APK"): null

2020-11-10 19:44:33 - [TEST_STEP][PASSED] - strNoAPK = dataCompareAPK.getValue("NO", excelRow): null

2020-11-10 19:44:33 - [TEST_STEP][PASSED] - comparePS.ProposalASL1.ComparePS(strNoAPK, excelRow): comparePS.ProposalASL1.ComparePS is PASSED

2020-11-10 19:44:33 - [MESSAGE][PASSED] - comparePS.ProposalASL1.ComparePS is PASSED

2020-11-10 19:44:33 - [TEST_STEP][PASSED] - comparePS.KeywordPS.callStatus(strNoAPK, "sheetAPK1", 17): comparePS.KeywordPS.callStatus is PASSED

2020-11-10 19:44:34 - [MESSAGE][PASSED] - comparePS.KeywordPS.callStatus is PASSED

2020-11-10 19:44:34 - [TEST_STEP][PASSED] - runTime.reset(): null

2020-11-10 19:44:34 - [TEST_STEP][PASSED] - runTime.start(): null

2020-11-10 19:44:34 - [TEST_STEP][PASSED] - dataCompareAPK = findTestData("dt-1/dt_APK"): null

2020-11-10 19:44:34 - [TEST_STEP][PASSED] - strNoAPK = dataCompareAPK.getValue("NO", excelRow): null

2020-11-10 19:44:34 - [TEST_STEP][PASSED] - comparePS.ProposalASL1.ComparePS(strNoAPK, excelRow): comparePS.ProposalASL1.ComparePS is PASSED

2020-11-10 19:44:34 - [MESSAGE][PASSED] - comparePS.ProposalASL1.ComparePS is PASSED

2020-11-10 19:44:34 - [TEST_STEP][PASSED] - comparePS.KeywordPS.callStatus(strNoAPK, "sheetAPK1", 17): comparePS.KeywordPS.callStatus is PASSED

2020-11-10 19:44:34 - [MESSAGE][PASSED] - comparePS.KeywordPS.callStatus is PASSED

2020-11-10 19:44:34 - [TEST_STEP][PASSED] - runTime.reset(): null

2020-11-10 19:44:34 - [TEST_STEP][PASSED] - runTime.start(): null

2020-11-10 19:44:34 - [TEST_STEP][PASSED] - dataCompareAPK = findTestData("dt-1/dt_APK"): null

2020-11-10 19:44:34 - [TEST_STEP][PASSED] - strNoAPK = dataCompareAPK.getValue("NO", excelRow): null

2020-11-10 19:44:34 - [TEST_STEP][PASSED] - comparePS.ProposalASL1.ComparePS(strNoAPK, excelRow): comparePS.ProposalASL1.ComparePS is PASSED

2020-11-10 19:44:35 - [MESSAGE][PASSED] - comparePS.ProposalASL1.ComparePS is PASSED

2020-11-10 19:44:35 - [TEST_STEP][PASSED] - comparePS.KeywordPS.callStatus(strNoAPK, "sheetAPK1", 17): comparePS.KeywordPS.callStatus is PASSED

2020-11-10 19:44:35 - [MESSAGE][PASSED] - comparePS.KeywordPS.callStatus is PASSED

2020-11-10 19:44:35 - [TEST_STEP][PASSED] - runTime.reset(): null

2020-11-10 19:44:35 - [TEST_STEP][PASSED] - runTime.start(): null

2020-11-10 19:44:35 - [TEST_STEP][PASSED] - dataCompareAPK = findTestData("dt-1/dt_APK"): null

2020-11-10 19:44:35 - [TEST_STEP][PASSED] - strNoAPK = dataCompareAPK.getValue("NO", excelRow): null

2020-11-10 19:44:35 - [TEST_STEP][PASSED] - comparePS.ProposalASL1.ComparePS(strNoAPK, excelRow): comparePS.ProposalASL1.ComparePS is PASSED

2020-11-10 19:44:35 - [MESSAGE][PASSED] - comparePS.ProposalASL1.ComparePS is PASSED

2020-11-10 19:44:35 - [TEST_STEP][PASSED] - comparePS.KeywordPS.callStatus(strNoAPK, "sheetAPK1", 17): comparePS.KeywordPS.callStatus is PASSED

2020-11-10 19:44:35 - [MESSAGE][PASSED] - comparePS.KeywordPS.callStatus is PASSED

2020-11-10 19:44:35 - [TEST_STEP][PASSED] - runTime.reset(): null

2020-11-10 19:44:35 - [TEST_STEP][PASSED] - runTime.start(): null

2020-11-10 19:44:35 - [TEST_STEP][PASSED] - dataCompareAPK = findTestData("dt-1/dt_APK"): null

2020-11-10 19:44:35 - [TEST_STEP][PASSED] - strNoAPK = dataCompareAPK.getValue("NO", excelRow): null

2020-11-10 19:44:35 - [TEST_STEP][PASSED] - comparePS.ProposalASL1.ComparePS(strNoAPK, excelRow): comparePS.ProposalASL1.ComparePS is PASSED

2020-11-10 19:44:36 - [MESSAGE][PASSED] - comparePS.ProposalASL1.ComparePS is PASSED

2020-11-10 19:44:36 - [TEST_STEP][PASSED] - comparePS.KeywordPS.callStatus(strNoAPK, "sheetAPK1", 17): comparePS.KeywordPS.callStatus is PASSED

2020-11-10 19:44:36 - [MESSAGE][PASSED] - comparePS.KeywordPS.callStatus is PASSED

2020-11-10 19:44:36 - [TEST_STEP][PASSED] - runTime.reset(): null

2020-11-10 19:44:36 - [TEST_STEP][PASSED] - runTime.start(): null

2020-11-10 19:44:36 - [TEST_STEP][PASSED] - dataCompareAPK = findTestData("dt-1/dt_APK"): null

2020-11-10 19:44:36 - [TEST_STEP][PASSED] - strNoAPK = dataCompareAPK.getValue("NO", excelRow): null

2020-11-10 19:44:36 - [TEST_STEP][PASSED] - comparePS.ProposalASL1.ComparePS(strNoAPK, excelRow): comparePS.ProposalASL1.ComparePS is PASSED

2020-11-10 19:44:36 - [MESSAGE][PASSED] - comparePS.ProposalASL1.ComparePS is PASSED

2020-11-10 19:44:36 - [TEST_STEP][PASSED] - comparePS.KeywordPS.callStatus(strNoAPK, "sheetAPK1", 17): comparePS.KeywordPS.callStatus is PASSED

2020-11-10 19:44:36 - [MESSAGE][PASSED] - comparePS.KeywordPS.callStatus is PASSED

2020-11-10 19:44:36 - [TEST_STEP][PASSED] - runTime.reset(): null

2020-11-10 19:44:36 - [TEST_STEP][PASSED] - runTime.start(): null

2020-11-10 19:44:36 - [TEST_STEP][PASSED] - dataCompareAPK = findTestData("dt-1/dt_APK"): null

2020-11-10 19:44:36 - [TEST_STEP][PASSED] - strNoAPK = dataCompareAPK.getValue("NO", excelRow): null

2020-11-10 19:44:36 - [TEST_STEP][PASSED] - comparePS.ProposalASL1.ComparePS(strNoAPK, excelRow): comparePS.ProposalASL1.ComparePS is PASSED

2020-11-10 19:44:37 - [MESSAGE][PASSED] - comparePS.ProposalASL1.ComparePS is PASSED

2020-11-10 19:44:37 - [TEST_STEP][PASSED] - comparePS.KeywordPS.callStatus(strNoAPK, "sheetAPK1", 17): comparePS.KeywordPS.callStatus is PASSED

2020-11-10 19:44:37 - [MESSAGE][PASSED] - comparePS.KeywordPS.callStatus is PASSED

2020-11-10 19:44:37 - [TEST_STEP][PASSED] - runTime.reset(): null

2020-11-10 19:44:37 - [TEST_STEP][PASSED] - runTime.start(): null

2020-11-10 19:44:37 - [TEST_STEP][PASSED] - dataCompareAPK = findTestData("dt-1/dt_APK"): null

2020-11-10 19:44:37 - [TEST_STEP][PASSED] - strNoAPK = dataCompareAPK.getValue("NO", excelRow): null

2020-11-10 19:44:37 - [TEST_STEP][PASSED] - comparePS.ProposalASL1.ComparePS(strNoAPK, excelRow): comparePS.ProposalASL1.ComparePS is PASSED

2020-11-10 19:44:37 - [MESSAGE][PASSED] - comparePS.ProposalASL1.ComparePS is PASSED

2020-11-10 19:44:37 - [TEST_STEP][PASSED] - comparePS.KeywordPS.callStatus(strNoAPK, "sheetAPK1", 17): comparePS.KeywordPS.callStatus is PASSED

2020-11-10 19:44:37 - [MESSAGE][PASSED] - comparePS.KeywordPS.callStatus is PASSED

2020-11-10 19:44:37 - [TEST_STEP][PASSED] - runTime.reset(): null

2020-11-10 19:44:37 - [TEST_STEP][PASSED] - runTime.start(): null

2020-11-10 19:44:37 - [TEST_STEP][PASSED] - dataCompareAPK = findTestData("dt-1/dt_APK"): null

2020-11-10 19:44:38 - [TEST_STEP][PASSED] - strNoAPK = dataCompareAPK.getValue("NO", excelRow): null

2020-11-10 19:44:38 - [TEST_STEP][PASSED] - comparePS.ProposalASL1.ComparePS(strNoAPK, excelRow): comparePS.ProposalASL1.ComparePS is PASSED

2020-11-10 19:44:38 - [MESSAGE][PASSED] - comparePS.ProposalASL1.ComparePS is PASSED

2020-11-10 19:44:38 - [TEST_STEP][PASSED] - comparePS.KeywordPS.callStatus(strNoAPK, "sheetAPK1", 17): comparePS.KeywordPS.callStatus is PASSED

2020-11-10 19:44:38 - [MESSAGE][PASSED] - comparePS.KeywordPS.callStatus is PASSED

2020-11-10 19:44:38 - [TEST_STEP][PASSED] - runTime.reset(): null

2020-11-10 19:44:38 - [TEST_STEP][PASSED] - runTime.start(): null

2020-11-10 19:44:38 - [TEST_STEP][PASSED] - dataCompareAPK = findTestData("dt-1/dt_APK"): null

2020-11-10 19:44:38 - [TEST_STEP][PASSED] - strNoAPK = dataCompareAPK.getValue("NO", excelRow): null

2020-11-10 19:44:38 - [TEST_STEP][PASSED] - comparePS.ProposalASL1.ComparePS(strNoAPK, excelRow): comparePS.ProposalASL1.ComparePS is PASSED

2020-11-10 19:44:38 - [MESSAGE][PASSED] - comparePS.ProposalASL1.ComparePS is PASSED

2020-11-10 19:44:38 - [TEST_STEP][PASSED] - comparePS.KeywordPS.callStatus(strNoAPK, "sheetAPK1", 17): comparePS.KeywordPS.callStatus is PASSED

2020-11-10 19:44:38 - [MESSAGE][PASSED] - comparePS.KeywordPS.callStatus is PASSED

2020-11-10 19:44:38 - [TEST_STEP][PASSED] - runTime.reset(): null

2020-11-10 19:44:38 - [TEST_STEP][PASSED] - runTime.start(): null

2020-11-10 19:44:38 - [TEST_STEP][PASSED] - dataCompareAPK = findTestData("dt-1/dt_APK"): null

2020-11-10 19:44:38 - [TEST_STEP][PASSED] - strNoAPK = dataCompareAPK.getValue("NO", excelRow): null

2020-11-10 19:44:38 - [TEST_STEP][PASSED] - comparePS.ProposalASL1.ComparePS(strNoAPK, excelRow): comparePS.ProposalASL1.ComparePS is PASSED

2020-11-10 19:44:38 - [MESSAGE][PASSED] - comparePS.ProposalASL1.ComparePS is PASSED

2020-11-10 19:44:38 - [TEST_STEP][PASSED] - comparePS.KeywordPS.callStatus(strNoAPK, "sheetAPK1", 17): comparePS.KeywordPS.callStatus is PASSED

2020-11-10 19:44:39 - [MESSAGE][PASSED] - comparePS.KeywordPS.callStatus is PASSED

2020-11-10 19:44:39 - [TEST_STEP][PASSED] - runTime.reset(): null

2020-11-10 19:44:39 - [TEST_STEP][PASSED] - runTime.start(): null

2020-11-10 19:44:39 - [TEST_STEP][PASSED] - dataCompareAPK = findTestData("dt-1/dt_APK"): null

2020-11-10 19:44:39 - [TEST_STEP][PASSED] - strNoAPK = dataCompareAPK.getValue("NO", excelRow): null

2020-11-10 19:44:39 - [TEST_STEP][PASSED] - comparePS.ProposalASL1.ComparePS(strNoAPK, excelRow): comparePS.ProposalASL1.ComparePS is PASSED

2020-11-10 19:44:39 - [MESSAGE][PASSED] - comparePS.ProposalASL1.ComparePS is PASSED

2020-11-10 19:44:39 - [TEST_STEP][PASSED] - comparePS.KeywordPS.callStatus(strNoAPK, "sheetAPK1", 17): comparePS.KeywordPS.callStatus is PASSED

2020-11-10 19:44:39 - [MESSAGE][PASSED] - comparePS.KeywordPS.callStatus is PASSED

2020-11-10 19:44:39 - [TEST_STEP][PASSED] - runTime.reset(): null

2020-11-10 19:44:39 - [TEST_STEP][PASSED] - runTime.start(): null

2020-11-10 19:44:39 - [TEST_STEP][PASSED] - dataCompareAPK = findTestData("dt-1/dt_APK"): null

2020-11-10 19:44:39 - [TEST_STEP][PASSED] - strNoAPK = dataCompareAPK.getValue("NO", excelRow): null

2020-11-10 19:44:39 - [TEST_STEP][PASSED] - comparePS.ProposalASL1.ComparePS(strNoAPK, excelRow): comparePS.ProposalASL1.ComparePS is PASSED

2020-11-10 19:44:39 - [MESSAGE][PASSED] - comparePS.ProposalASL1.ComparePS is PASSED

2020-11-10 19:44:39 - [TEST_STEP][PASSED] - comparePS.KeywordPS.callStatus(strNoAPK, "sheetAPK1", 17): comparePS.KeywordPS.callStatus is PASSED

2020-11-10 19:44:39 - [MESSAGE][PASSED] - comparePS.KeywordPS.callStatus is PASSED

2020-11-10 19:44:39 - [TEST_STEP][PASSED] - runTime.reset(): null

2020-11-10 19:44:39 - [TEST_STEP][PASSED] - runTime.start(): null

2020-11-10 19:44:39 - [TEST_STEP][PASSED] - dataCompareAPK = findTestData("dt-1/dt_APK"): null

2020-11-10 19:44:39 - [TEST_STEP][PASSED] - strNoAPK = dataCompareAPK.getValue("NO", excelRow): null

2020-11-10 19:44:39 - [TEST_STEP][PASSED] - comparePS.ProposalASL1.ComparePS(strNoAPK, excelRow): comparePS.ProposalASL1.ComparePS is PASSED

2020-11-10 19:44:40 - [MESSAGE][PASSED] - comparePS.ProposalASL1.ComparePS is PASSED

2020-11-10 19:44:40 - [TEST_STEP][PASSED] - comparePS.KeywordPS.callStatus(strNoAPK, "sheetAPK1", 17): comparePS.KeywordPS.callStatus is PASSED

2020-11-10 19:44:40 - [MESSAGE][PASSED] - comparePS.KeywordPS.callStatus is PASSED

2020-11-10 19:44:40 - [TEST_STEP][PASSED] - runTime.reset(): null

2020-11-10 19:44:40 - [TEST_STEP][PASSED] - runTime.start(): null

2020-11-10 19:44:40 - [TEST_STEP][PASSED] - dataCompareAPK = findTestData("dt-1/dt_APK"): null

2020-11-10 19:44:40 - [TEST_STEP][PASSED] - strNoAPK = dataCompareAPK.getValue("NO", excelRow): null

2020-11-10 19:44:40 - [TEST_STEP][PASSED] - comparePS.ProposalASL1.ComparePS(strNoAPK, excelRow): comparePS.ProposalASL1.ComparePS is PASSED

2020-11-10 19:44:40 - [MESSAGE][PASSED] - comparePS.ProposalASL1.ComparePS is PASSED

2020-11-10 19:44:40 - [TEST_STEP][PASSED] - comparePS.KeywordPS.callStatus(strNoAPK, "sheetAPK1", 17): comparePS.KeywordPS.callStatus is PASSED

2020-11-10 19:44:40 - [MESSAGE][PASSED] - comparePS.KeywordPS.callStatus is PASSED

2020-11-10 19:44:40 - [TEST_STEP][PASSED] - runTime.reset(): null

2020-11-10 19:44:40 - [TEST_STEP][PASSED] - runTime.start(): null

2020-11-10 19:44:40 - [TEST_STEP][PASSED] - dataCompareAPK = findTestData("dt-1/dt_APK"): null

2020-11-10 19:44:40 - [TEST_STEP][PASSED] - strNoAPK = dataCompareAPK.getValue("NO", excelRow): null

2020-11-10 19:44:40 - [TEST_STEP][PASSED] - comparePS.ProposalASL1.ComparePS(strNoAPK, excelRow): comparePS.ProposalASL1.ComparePS is PASSED

2020-11-10 19:44:40 - [MESSAGE][PASSED] - comparePS.ProposalASL1.ComparePS is PASSED

2020-11-10 19:44:40 - [TEST_STEP][PASSED] - comparePS.KeywordPS.callStatus(strNoAPK, "sheetAPK1", 17): comparePS.KeywordPS.callStatus is PASSED

2020-11-10 19:44:40 - [MESSAGE][PASSED] - comparePS.KeywordPS.callStatus is PASSED

2020-11-10 19:44:40 - [TEST_STEP][PASSED] - runTime.reset(): null

2020-11-10 19:44:40 - [TEST_STEP][PASSED] - runTime.start(): null

2020-11-10 19:44:40 - [TEST_STEP][PASSED] - dataCompareAPK = findTestData("dt-1/dt_APK"): null

2020-11-10 19:44:41 - [TEST_STEP][PASSED] - strNoAPK = dataCompareAPK.getValue("NO", excelRow): null

2020-11-10 19:44:41 - [TEST_STEP][PASSED] - comparePS.ProposalASL1.ComparePS(strNoAPK, excelRow): comparePS.ProposalASL1.ComparePS is PASSED

2020-11-10 19:44:41 - [MESSAGE][PASSED] - comparePS.ProposalASL1.ComparePS is PASSED

2020-11-10 19:44:41 - [TEST_STEP][PASSED] - comparePS.KeywordPS.callStatus(strNoAPK, "sheetAPK1", 17): comparePS.KeywordPS.callStatus is PASSED

2020-11-10 19:44:41 - [MESSAGE][PASSED] - comparePS.KeywordPS.callStatus is PASSED

2020-11-10 19:44:41 - [TEST_STEP][PASSED] - runTime.reset(): null

2020-11-10 19:44:41 - [TEST_STEP][PASSED] - runTime.start(): null

2020-11-10 19:44:41 - [TEST_STEP][PASSED] - dataCompareAPK = findTestData("dt-1/dt_APK"): null

2020-11-10 19:44:41 - [TEST_STEP][PASSED] - strNoAPK = dataCompareAPK.getValue("NO", excelRow): null

2020-11-10 19:44:41 - [TEST_STEP][PASSED] - comparePS.ProposalASL1.ComparePS(strNoAPK, excelRow): comparePS.ProposalASL1.ComparePS is PASSED

2020-11-10 19:44:41 - [MESSAGE][PASSED] - comparePS.ProposalASL1.ComparePS is PASSED

2020-11-10 19:44:41 - [TEST_STEP][PASSED] - comparePS.KeywordPS.callStatus(strNoAPK, "sheetAPK1", 17): comparePS.KeywordPS.callStatus is PASSED

2020-11-10 19:44:41 - [MESSAGE][PASSED] - comparePS.KeywordPS.callStatus is PASSED

2020-11-10 19:44:41 - [TEST_STEP][PASSED] - runTime.reset(): null

2020-11-10 19:44:41 - [TEST_STEP][PASSED] - runTime.start(): null

2020-11-10 19:44:41 - [TEST_STEP][PASSED] - dataCompareAPK = findTestData("dt-1/dt_APK"): null

2020-11-10 19:44:41 - [TEST_STEP][PASSED] - strNoAPK = dataCompareAPK.getValue("NO", excelRow): null

2020-11-10 19:44:41 - [TEST_STEP][PASSED] - comparePS.ProposalASL1.ComparePS(strNoAPK, excelRow): comparePS.ProposalASL1.ComparePS is PASSED

2020-11-10 19:44:41 - [MESSAGE][PASSED] - comparePS.ProposalASL1.ComparePS is PASSED

2020-11-10 19:44:41 - [TEST_STEP][PASSED] - comparePS.KeywordPS.callStatus(strNoAPK, "sheetAPK1", 17): comparePS.KeywordPS.callStatus is PASSED

2020-11-10 19:44:42 - [MESSAGE][PASSED] - comparePS.KeywordPS.callStatus is PASSED

2020-11-10 19:44:42 - [TEST_STEP][PASSED] - runTime.reset(): null

2020-11-10 19:44:42 - [TEST_STEP][PASSED] - runTime.start(): null

2020-11-10 19:44:42 - [TEST_STEP][PASSED] - dataCompareAPK = findTestData("dt-1/dt_APK"): null

2020-11-10 19:44:42 - [TEST_STEP][PASSED] - strNoAPK = dataCompareAPK.getValue("NO", excelRow): null

2020-11-10 19:44:42 - [TEST_STEP][PASSED] - comparePS.ProposalASL1.ComparePS(strNoAPK, excelRow): comparePS.ProposalASL1.ComparePS is PASSED

2020-11-10 19:44:42 - [MESSAGE][PASSED] - comparePS.ProposalASL1.ComparePS is PASSED

2020-11-10 19:44:42 - [TEST_STEP][PASSED] - comparePS.KeywordPS.callStatus(strNoAPK, "sheetAPK1", 17): comparePS.KeywordPS.callStatus is PASSED

2020-11-10 19:44:42 - [MESSAGE][PASSED] - comparePS.KeywordPS.callStatus is PASSED

2020-11-10 19:44:42 - [TEST_STEP][PASSED] - runTime.reset(): null

2020-11-10 19:44:42 - [TEST_STEP][PASSED] - runTime.start(): null

2020-11-10 19:44:42 - [TEST_STEP][PASSED] - dataCompareAPK = findTestData("dt-1/dt_APK"): null

2020-11-10 19:44:42 - [TEST_STEP][PASSED] - strNoAPK = dataCompareAPK.getValue("NO", excelRow): null

2020-11-10 19:44:42 - [TEST_STEP][PASSED] - comparePS.ProposalASL1.ComparePS(strNoAPK, excelRow): comparePS.ProposalASL1.ComparePS is PASSED

2020-11-10 19:44:42 - [MESSAGE][PASSED] - comparePS.ProposalASL1.ComparePS is PASSED

2020-11-10 19:44:42 - [TEST_STEP][PASSED] - comparePS.KeywordPS.callStatus(strNoAPK, "sheetAPK1", 17): comparePS.KeywordPS.callStatus is PASSED

2020-11-10 19:44:42 - [MESSAGE][PASSED] - comparePS.KeywordPS.callStatus is PASSED

2020-11-10 19:44:42 - [TEST_STEP][PASSED] - runTime.reset(): null

2020-11-10 19:44:42 - [TEST_STEP][PASSED] - runTime.start(): null

2020-11-10 19:44:42 - [TEST_STEP][PASSED] - dataCompareAPK = findTestData("dt-1/dt_APK"): null

2020-11-10 19:44:42 - [TEST_STEP][PASSED] - strNoAPK = dataCompareAPK.getValue("NO", excelRow): null

2020-11-10 19:44:42 - [TEST_STEP][PASSED] - comparePS.ProposalASL1.ComparePS(strNoAPK, excelRow): comparePS.ProposalASL1.ComparePS is PASSED

2020-11-10 19:44:43 - [MESSAGE][PASSED] - comparePS.ProposalASL1.ComparePS is PASSED

2020-11-10 19:44:43 - [TEST_STEP][PASSED] - comparePS.KeywordPS.callStatus(strNoAPK, "sheetAPK1", 17): comparePS.KeywordPS.callStatus is PASSED

2020-11-10 19:44:43 - [MESSAGE][PASSED] - comparePS.KeywordPS.callStatus is PASSED

2020-11-10 19:44:43 - [TEST_STEP][PASSED] - runTime.reset(): null

2020-11-10 19:44:43 - [TEST_STEP][PASSED] - runTime.start(): null

2020-11-10 19:44:43 - [TEST_STEP][PASSED] - dataCompareAPK = findTestData("dt-1/dt_APK"): null

2020-11-10 19:44:43 - [TEST_STEP][PASSED] - strNoAPK = dataCompareAPK.getValue("NO", excelRow): null

2020-11-10 19:44:43 - [TEST_STEP][PASSED] - comparePS.ProposalASL1.ComparePS(strNoAPK, excelRow): comparePS.ProposalASL1.ComparePS is PASSED

2020-11-10 19:44:43 - [MESSAGE][PASSED] - comparePS.ProposalASL1.ComparePS is PASSED

2020-11-10 19:44:43 - [TEST_STEP][PASSED] - comparePS.KeywordPS.callStatus(strNoAPK, "sheetAPK1", 17): comparePS.KeywordPS.callStatus is PASSED

2020-11-10 19:44:43 - [MESSAGE][PASSED] - comparePS.KeywordPS.callStatus is PASSED

2020-11-10 19:44:43 - [TEST_STEP][PASSED] - runTime.reset(): null

2020-11-10 19:44:43 - [TEST_STEP][PASSED] - runTime.start(): null

2020-11-10 19:44:43 - [TEST_STEP][PASSED] - dataCompareAPK = findTestData("dt-1/dt_APK"): null

2020-11-10 19:44:43 - [TEST_STEP][PASSED] - strNoAPK = dataCompareAPK.getValue("NO", excelRow): null

2020-11-10 19:44:43 - [TEST_STEP][PASSED] - comparePS.ProposalASL1.ComparePS(strNoAPK, excelRow): comparePS.ProposalASL1.ComparePS is PASSED

2020-11-10 19:44:44 - [MESSAGE][PASSED] - comparePS.ProposalASL1.ComparePS is PASSED

2020-11-10 19:44:44 - [TEST_STEP][PASSED] - comparePS.KeywordPS.callStatus(strNoAPK, "sheetAPK1", 17): comparePS.KeywordPS.callStatus is PASSED

2020-11-10 19:44:44 - [MESSAGE][PASSED] - comparePS.KeywordPS.callStatus is PASSED

2020-11-10 19:44:44 - [TEST_STEP][PASSED] - runTime.reset(): null

2020-11-10 19:44:44 - [TEST_STEP][PASSED] - runTime.start(): null

2020-11-10 19:44:44 - [TEST_STEP][PASSED] - dataCompareAPK = findTestData("dt-1/dt_APK"): null

2020-11-10 19:44:44 - [TEST_STEP][PASSED] - strNoAPK = dataCompareAPK.getValue("NO", excelRow): null

2020-11-10 19:44:44 - [TEST_STEP][PASSED] - comparePS.ProposalASL1.ComparePS(strNoAPK, excelRow): comparePS.ProposalASL1.ComparePS is PASSED

2020-11-10 19:44:44 - [MESSAGE][PASSED] - comparePS.ProposalASL1.ComparePS is PASSED

2020-11-10 19:44:44 - [TEST_STEP][PASSED] - comparePS.KeywordPS.callStatus(strNoAPK, "sheetAPK1", 17): comparePS.KeywordPS.callStatus is PASSED

2020-11-10 19:44:44 - [MESSAGE][PASSED] - comparePS.KeywordPS.callStatus is PASSED

2020-11-10 19:44:44 - [TEST_STEP][PASSED] - runTime.reset(): null

2020-11-10 19:44:44 - [TEST_STEP][PASSED] - runTime.start(): null

2020-11-10 19:44:44 - [TEST_STEP][PASSED] - dataCompareAPK = findTestData("dt-1/dt_APK"): null

2020-11-10 19:44:44 - [TEST_STEP][PASSED] - strNoAPK = dataCompareAPK.getValue("NO", excelRow): null

2020-11-10 19:44:44 - [TEST_STEP][PASSED] - comparePS.ProposalASL1.ComparePS(strNoAPK, excelRow): comparePS.ProposalASL1.ComparePS is PASSED

2020-11-10 19:44:44 - [MESSAGE][PASSED] - comparePS.ProposalASL1.ComparePS is PASSED

2020-11-10 19:44:44 - [TEST_STEP][PASSED] - comparePS.KeywordPS.callStatus(strNoAPK, "sheetAPK1", 17): comparePS.KeywordPS.callStatus is PASSED

2020-11-10 19:44:45 - [MESSAGE][PASSED] - comparePS.KeywordPS.callStatus is PASSED

2020-11-10 19:44:45 - [TEST_STEP][PASSED] - runTime.reset(): null

2020-11-10 19:44:45 - [TEST_STEP][PASSED] - runTime.start(): null

2020-11-10 19:44:45 - [TEST_STEP][PASSED] - dataCompareAPK = findTestData("dt-1/dt_APK"): null

2020-11-10 19:44:45 - [TEST_STEP][PASSED] - strNoAPK = dataCompareAPK.getValue("NO", excelRow): null

2020-11-10 19:44:45 - [TEST_STEP][PASSED] - comparePS.ProposalASL1.ComparePS(strNoAPK, excelRow): comparePS.ProposalASL1.ComparePS is PASSED

2020-11-10 19:44:45 - [MESSAGE][PASSED] - comparePS.ProposalASL1.ComparePS is PASSED

2020-11-10 19:44:45 - [TEST_STEP][PASSED] - comparePS.KeywordPS.callStatus(strNoAPK, "sheetAPK1", 17): comparePS.KeywordPS.callStatus is PASSED

2020-11-10 19:44:45 - [MESSAGE][PASSED] - comparePS.KeywordPS.callStatus is PASSED

2020-11-10 19:44:45 - [TEST_STEP][PASSED] - runTime.reset(): null

2020-11-10 19:44:45 - [TEST_STEP][PASSED] - runTime.start(): null

2020-11-10 19:44:45 - [TEST_STEP][PASSED] - dataCompareAPK = findTestData("dt-1/dt_APK"): null

2020-11-10 19:44:45 - [TEST_STEP][PASSED] - strNoAPK = dataCompareAPK.getValue("NO", excelRow): null

2020-11-10 19:44:45 - [TEST_STEP][PASSED] - comparePS.ProposalASL1.ComparePS(strNoAPK, excelRow): comparePS.ProposalASL1.ComparePS is PASSED

2020-11-10 19:44:45 - [MESSAGE][PASSED] - comparePS.ProposalASL1.ComparePS is PASSED

2020-11-10 19:44:45 - [TEST_STEP][PASSED] - comparePS.KeywordPS.callStatus(strNoAPK, "sheetAPK1", 17): comparePS.KeywordPS.callStatus is PASSED

2020-11-10 19:44:45 - [MESSAGE][PASSED] - comparePS.KeywordPS.callStatus is PASSED

2020-11-10 19:44:45 - [TEST_STEP][PASSED] - runTime.reset(): null

2020-11-10 19:44:45 - [TEST_STEP][PASSED] - runTime.start(): null

2020-11-10 19:44:45 - [TEST_STEP][PASSED] - dataCompareAPK = findTestData("dt-1/dt_APK"): null

2020-11-10 19:44:45 - [TEST_STEP][PASSED] - strNoAPK = dataCompareAPK.getValue("NO", excelRow): null

2020-11-10 19:44:45 - [TEST_STEP][PASSED] - comparePS.ProposalASL1.ComparePS(strNoAPK, excelRow): comparePS.ProposalASL1.ComparePS is PASSED

2020-11-10 19:44:46 - [MESSAGE][PASSED] - comparePS.ProposalASL1.ComparePS is PASSED

2020-11-10 19:44:46 - [TEST_STEP][PASSED] - comparePS.KeywordPS.callStatus(strNoAPK, "sheetAPK1", 17): comparePS.KeywordPS.callStatus is PASSED

2020-11-10 19:44:46 - [MESSAGE][PASSED] - comparePS.KeywordPS.callStatus is PASSED

2020-11-10 19:44:46 - [TEST_STEP][PASSED] - runTime.reset(): null

2020-11-10 19:44:46 - [TEST_STEP][PASSED] - runTime.start(): null

2020-11-10 19:44:46 - [TEST_STEP][PASSED] - dataCompareAPK = findTestData("dt-1/dt_APK"): null

2020-11-10 19:44:46 - [TEST_STEP][PASSED] - strNoAPK = dataCompareAPK.getValue("NO", excelRow): null

2020-11-10 19:44:46 - [TEST_STEP][PASSED] - comparePS.ProposalASL1.ComparePS(strNoAPK, excelRow): comparePS.ProposalASL1.ComparePS is PASSED

2020-11-10 19:44:46 - [MESSAGE][PASSED] - comparePS.ProposalASL1.ComparePS is PASSED

2020-11-10 19:44:46 - [TEST_STEP][PASSED] - comparePS.KeywordPS.callStatus(strNoAPK, "sheetAPK1", 17): comparePS.KeywordPS.callStatus is PASSED

2020-11-10 19:44:46 - [MESSAGE][PASSED] - comparePS.KeywordPS.callStatus is PASSED

2020-11-10 19:44:46 - [TEST_STEP][PASSED] - runTime.reset(): null

2020-11-10 19:44:46 - [TEST_STEP][PASSED] - runTime.start(): null

2020-11-10 19:44:46 - [TEST_STEP][PASSED] - dataCompareAPK = findTestData("dt-1/dt_APK"): null

2020-11-10 19:44:46 - [TEST_STEP][PASSED] - strNoAPK = dataCompareAPK.getValue("NO", excelRow): null

2020-11-10 19:44:46 - [TEST_STEP][PASSED] - comparePS.ProposalASL1.ComparePS(strNoAPK, excelRow): comparePS.ProposalASL1.ComparePS is PASSED

2020-11-10 19:44:47 - [MESSAGE][PASSED] - comparePS.ProposalASL1.ComparePS is PASSED

2020-11-10 19:44:47 - [TEST_STEP][PASSED] - comparePS.KeywordPS.callStatus(strNoAPK, "sheetAPK1", 17): comparePS.KeywordPS.callStatus is PASSED

2020-11-10 19:44:47 - [MESSAGE][PASSED] - comparePS.KeywordPS.callStatus is PASSED

2020-11-10 19:44:47 - [TEST_STEP][PASSED] - runTime.reset(): null

2020-11-10 19:44:47 - [TEST_STEP][PASSED] - runTime.start(): null

2020-11-10 19:44:47 - [TEST_STEP][PASSED] - dataCompareAPK = findTestData("dt-1/dt_APK"): null

2020-11-10 19:44:47 - [TEST_STEP][PASSED] - strNoAPK = dataCompareAPK.getValue("NO", excelRow): null

2020-11-10 19:44:47 - [TEST_STEP][PASSED] - comparePS.ProposalASL1.ComparePS(strNoAPK, excelRow): comparePS.ProposalASL1.ComparePS is PASSED

2020-11-10 19:44:47 - [MESSAGE][PASSED] - comparePS.ProposalASL1.ComparePS is PASSED

2020-11-10 19:44:47 - [TEST_STEP][PASSED] - comparePS.KeywordPS.callStatus(strNoAPK, "sheetAPK1", 17): comparePS.KeywordPS.callStatus is PASSED

2020-11-10 19:44:47 - [MESSAGE][PASSED] - comparePS.KeywordPS.callStatus is PASSED

2020-11-10 19:44:47 - [TEST_STEP][PASSED] - runTime.reset(): null

2020-11-10 19:44:47 - [TEST_STEP][PASSED] - runTime.start(): null

2020-11-10 19:44:47 - [TEST_STEP][PASSED] - dataCompareAPK = findTestData("dt-1/dt_APK"): null

2020-11-10 19:44:47 - [TEST_STEP][PASSED] - strNoAPK = dataCompareAPK.getValue("NO", excelRow): null

2020-11-10 19:44:47 - [TEST_STEP][PASSED] - comparePS.ProposalASL1.ComparePS(strNoAPK, excelRow): comparePS.ProposalASL1.ComparePS is PASSED

2020-11-10 19:44:47 - [MESSAGE][PASSED] - comparePS.ProposalASL1.ComparePS is PASSED

2020-11-10 19:44:47 - [TEST_STEP][PASSED] - comparePS.KeywordPS.callStatus(strNoAPK, "sheetAPK1", 17): comparePS.KeywordPS.callStatus is PASSED

2020-11-10 19:44:47 - [MESSAGE][PASSED] - comparePS.KeywordPS.callStatus is PASSED

2020-11-10 19:44:47 - [TEST_STEP][PASSED] - runTime.reset(): null

2020-11-10 19:44:47 - [TEST_STEP][PASSED] - runTime.start(): null

2020-11-10 19:44:47 - [TEST_STEP][PASSED] - dataCompareAPK = findTestData("dt-1/dt_APK"): null

2020-11-10 19:44:48 - [TEST_STEP][PASSED] - strNoAPK = dataCompareAPK.getValue("NO", excelRow): null

2020-11-10 19:44:48 - [TEST_STEP][PASSED] - comparePS.ProposalASL1.ComparePS(strNoAPK, excelRow): comparePS.ProposalASL1.ComparePS is PASSED

2020-11-10 19:44:48 - [MESSAGE][PASSED] - comparePS.ProposalASL1.ComparePS is PASSED

2020-11-10 19:44:48 - [TEST_STEP][PASSED] - comparePS.KeywordPS.callStatus(strNoAPK, "sheetAPK1", 17): comparePS.KeywordPS.callStatus is PASSED

2020-11-10 19:44:48 - [MESSAGE][PASSED] - comparePS.KeywordPS.callStatus is PASSED

2020-11-10 19:44:48 - [TEST_STEP][PASSED] - runTime.reset(): null

2020-11-10 19:44:48 - [TEST_STEP][PASSED] - runTime.start(): null

2020-11-10 19:44:48 - [TEST_STEP][PASSED] - dataCompareAPK = findTestData("dt-1/dt_APK"): null

2020-11-10 19:44:48 - [TEST_STEP][PASSED] - strNoAPK = dataCompareAPK.getValue("NO", excelRow): null

2020-11-10 19:44:48 - [TEST_STEP][PASSED] - comparePS.ProposalASL1.ComparePS(strNoAPK, excelRow): comparePS.ProposalASL1.ComparePS is PASSED

2020-11-10 19:44:48 - [MESSAGE][PASSED] - comparePS.ProposalASL1.ComparePS is PASSED

2020-11-10 19:44:48 - [TEST_STEP][PASSED] - comparePS.KeywordPS.callStatus(strNoAPK, "sheetAPK1", 17): comparePS.KeywordPS.callStatus is PASSED

2020-11-10 19:44:48 - [MESSAGE][PASSED] - comparePS.KeywordPS.callStatus is PASSED

2020-11-10 19:44:48 - [TEST_STEP][PASSED] - runTime.reset(): null

2020-11-10 19:44:48 - [TEST_STEP][PASSED] - runTime.start(): null

2020-11-10 19:44:48 - [TEST_STEP][PASSED] - dataCompareAPK = findTestData("dt-1/dt_APK"): null

2020-11-10 19:44:48 - [TEST_STEP][PASSED] - strNoAPK = dataCompareAPK.getValue("NO", excelRow): null

2020-11-10 19:44:48 - [TEST_STEP][PASSED] - comparePS.ProposalASL1.ComparePS(strNoAPK, excelRow): comparePS.ProposalASL1.ComparePS is PASSED

2020-11-10 19:44:49 - [MESSAGE][PASSED] - comparePS.ProposalASL1.ComparePS is PASSED

2020-11-10 19:44:49 - [TEST_STEP][PASSED] - comparePS.KeywordPS.callStatus(strNoAPK, "sheetAPK1", 17): comparePS.KeywordPS.callStatus is PASSED

2020-11-10 19:44:49 - [MESSAGE][PASSED] - comparePS.KeywordPS.callStatus is PASSED

2020-11-10 19:44:49 - [TEST_STEP][PASSED] - runTime.reset(): null

2020-11-10 19:44:49 - [TEST_STEP][PASSED] - runTime.start(): null

2020-11-10 19:44:49 - [TEST_STEP][PASSED] - dataCompareAPK = findTestData("dt-1/dt_APK"): null

2020-11-10 19:44:49 - [TEST_STEP][PASSED] - strNoAPK = dataCompareAPK.getValue("NO", excelRow): null

2020-11-10 19:44:49 - [TEST_STEP][PASSED] - comparePS.ProposalASL1.ComparePS(strNoAPK, excelRow): comparePS.ProposalASL1.ComparePS is PASSED

2020-11-10 19:44:49 - [MESSAGE][PASSED] - comparePS.ProposalASL1.ComparePS is PASSED

2020-11-10 19:44:49 - [TEST_STEP][PASSED] - comparePS.KeywordPS.callStatus(strNoAPK, "sheetAPK1", 17): comparePS.KeywordPS.callStatus is PASSED

2020-11-10 19:44:49 - [MESSAGE][PASSED] - comparePS.KeywordPS.callStatus is PASSED

2020-11-10 19:44:49 - [TEST_STEP][PASSED] - runTime.reset(): null

2020-11-10 19:44:49 - [TEST_STEP][PASSED] - runTime.start(): null

2020-11-10 19:44:49 - [TEST_STEP][PASSED] - dataCompareAPK = findTestData("dt-1/dt_APK"): null

2020-11-10 19:44:49 - [TEST_STEP][PASSED] - strNoAPK = dataCompareAPK.getValue("NO", excelRow): null

2020-11-10 19:44:49 - [TEST_STEP][PASSED] - comparePS.ProposalASL1.ComparePS(strNoAPK, excelRow): comparePS.ProposalASL1.ComparePS is PASSED

2020-11-10 19:44:49 - [MESSAGE][PASSED] - comparePS.ProposalASL1.ComparePS is PASSED

2020-11-10 19:44:49 - [TEST_STEP][PASSED] - comparePS.KeywordPS.callStatus(strNoAPK, "sheetAPK1", 17): comparePS.KeywordPS.callStatus is PASSED

2020-11-10 19:44:49 - [MESSAGE][PASSED] - comparePS.KeywordPS.callStatus is PASSED

2020-11-10 19:44:49 - [TEST_STEP][PASSED] - runTime.reset(): null

2020-11-10 19:44:49 - [TEST_STEP][PASSED] - runTime.start(): null

2020-11-10 19:44:49 - [TEST_STEP][PASSED] - dataCompareAPK = findTestData("dt-1/dt_APK"): null

2020-11-10 19:44:50 - [TEST_STEP][PASSED] - strNoAPK = dataCompareAPK.getValue("NO", excelRow): null

2020-11-10 19:44:50 - [TEST_STEP][PASSED] - comparePS.ProposalASL1.ComparePS(strNoAPK, excelRow): comparePS.ProposalASL1.ComparePS is PASSED

2020-11-10 19:44:50 - [MESSAGE][PASSED] - comparePS.ProposalASL1.ComparePS is PASSED

2020-11-10 19:44:50 - [TEST_STEP][PASSED] - comparePS.KeywordPS.callStatus(strNoAPK, "sheetAPK1", 17): comparePS.KeywordPS.callStatus is PASSED

2020-11-10 19:44:50 - [MESSAGE][PASSED] - comparePS.KeywordPS.callStatus is PASSED

2020-11-10 19:44:50 - [TEST_STEP][PASSED] - runTime.reset(): null

2020-11-10 19:44:50 - [TEST_STEP][PASSED] - runTime.start(): null

2020-11-10 19:44:50 - [TEST_STEP][PASSED] - dataCompareAPK = findTestData("dt-1/dt_APK"): null

2020-11-10 19:44:50 - [TEST_STEP][PASSED] - strNoAPK = dataCompareAPK.getValue("NO", excelRow): null

2020-11-10 19:44:50 - [TEST_STEP][PASSED] - comparePS.ProposalASL1.ComparePS(strNoAPK, excelRow): comparePS.ProposalASL1.ComparePS is PASSED

2020-11-10 19:44:50 - [MESSAGE][PASSED] - comparePS.ProposalASL1.ComparePS is PASSED

2020-11-10 19:44:50 - [TEST_STEP][PASSED] - comparePS.KeywordPS.callStatus(strNoAPK, "sheetAPK1", 17): comparePS.KeywordPS.callStatus is PASSED

2020-11-10 19:44:50 - [MESSAGE][PASSED] - comparePS.KeywordPS.callStatus is PASSED

2020-11-10 19:44:50 - [TEST_STEP][PASSED] - runTime.reset(): null

2020-11-10 19:44:50 - [TEST_STEP][PASSED] - runTime.start(): null

2020-11-10 19:44:50 - [TEST_STEP][PASSED] - dataCompareAPK = findTestData("dt-1/dt_APK"): null

2020-11-10 19:44:50 - [TEST_STEP][PASSED] - strNoAPK = dataCompareAPK.getValue("NO", excelRow): null

2020-11-10 19:44:50 - [TEST_STEP][PASSED] - comparePS.ProposalASL1.ComparePS(strNoAPK, excelRow): comparePS.ProposalASL1.ComparePS is PASSED

2020-11-10 19:44:50 - [MESSAGE][PASSED] - comparePS.ProposalASL1.ComparePS is PASSED

2020-11-10 19:44:50 - [TEST_STEP][PASSED] - comparePS.KeywordPS.callStatus(strNoAPK, "sheetAPK1", 17): comparePS.KeywordPS.callStatus is PASSED

2020-11-10 19:44:50 - [MESSAGE][PASSED] - comparePS.KeywordPS.callStatus is PASSED

2020-11-10 19:44:50 - [TEST_STEP][PASSED] - runTime.reset(): null

2020-11-10 19:44:50 - [TEST_STEP][PASSED] - runTime.start(): null

2020-11-10 19:44:50 - [TEST_STEP][PASSED] - dataCompareAPK = findTestData("dt-1/dt_APK"): null

2020-11-10 19:44:51 - [TEST_STEP][PASSED] - strNoAPK = dataCompareAPK.getValue("NO", excelRow): null

2020-11-10 19:44:51 - [TEST_STEP][PASSED] - comparePS.ProposalASL1.ComparePS(strNoAPK, excelRow): comparePS.ProposalASL1.ComparePS is PASSED

2020-11-10 19:44:51 - [MESSAGE][PASSED] - comparePS.ProposalASL1.ComparePS is PASSED

2020-11-10 19:44:51 - [TEST_STEP][PASSED] - comparePS.KeywordPS.callStatus(strNoAPK, "sheetAPK1", 17): comparePS.KeywordPS.callStatus is PASSED

2020-11-10 19:44:51 - [MESSAGE][PASSED] - comparePS.KeywordPS.callStatus is PASSED

2020-11-10 19:44:51 - [TEST_STEP][PASSED] - runTime.reset(): null

2020-11-10 19:44:51 - [TEST_STEP][PASSED] - runTime.start(): null

2020-11-10 19:44:51 - [TEST_STEP][PASSED] - dataCompareAPK = findTestData("dt-1/dt_APK"): null

2020-11-10 19:44:51 - [TEST_STEP][PASSED] - strNoAPK = dataCompareAPK.getValue("NO", excelRow): null

2020-11-10 19:44:51 - [TEST_STEP][PASSED] - comparePS.ProposalASL1.ComparePS(strNoAPK, excelRow): comparePS.ProposalASL1.ComparePS is PASSED

2020-11-10 19:44:51 - [MESSAGE][PASSED] - comparePS.ProposalASL1.ComparePS is PASSED

2020-11-10 19:44:51 - [TEST_STEP][PASSED] - comparePS.KeywordPS.callStatus(strNoAPK, "sheetAPK1", 17): comparePS.KeywordPS.callStatus is PASSED

2020-11-10 19:44:51 - [MESSAGE][PASSED] - comparePS.KeywordPS.callStatus is PASSED

2020-11-10 19:44:51 - [TEST_STEP][PASSED] - runTime.reset(): null

2020-11-10 19:44:51 - [TEST_STEP][PASSED] - runTime.start(): null

2020-11-10 19:44:51 - [TEST_STEP][PASSED] - dataCompareAPK = findTestData("dt-1/dt_APK"): null

2020-11-10 19:44:51 - [TEST_STEP][PASSED] - strNoAPK = dataCompareAPK.getValue("NO", excelRow): null

2020-11-10 19:44:51 - [TEST_STEP][PASSED] - comparePS.ProposalASL1.ComparePS(strNoAPK, excelRow): comparePS.ProposalASL1.ComparePS is PASSED

2020-11-10 19:44:51 - [MESSAGE][PASSED] - comparePS.ProposalASL1.ComparePS is PASSED

2020-11-10 19:44:51 - [TEST_STEP][PASSED] - comparePS.KeywordPS.callStatus(strNoAPK, "sheetAPK1", 17): comparePS.KeywordPS.callStatus is PASSED

2020-11-10 19:44:52 - [MESSAGE][PASSED] - comparePS.KeywordPS.callStatus is PASSED

2020-11-10 19:44:52 - [TEST_STEP][PASSED] - runTime.reset(): null

2020-11-10 19:44:52 - [TEST_STEP][PASSED] - runTime.start(): null

2020-11-10 19:44:52 - [TEST_STEP][PASSED] - dataCompareAPK = findTestData("dt-1/dt_APK"): null

2020-11-10 19:44:52 - [TEST_STEP][PASSED] - strNoAPK = dataCompareAPK.getValue("NO", excelRow): null

2020-11-10 19:44:52 - [TEST_STEP][PASSED] - comparePS.ProposalASL1.ComparePS(strNoAPK, excelRow): comparePS.ProposalASL1.ComparePS is PASSED

2020-11-10 19:44:52 - [MESSAGE][PASSED] - comparePS.ProposalASL1.ComparePS is PASSED

2020-11-10 19:44:52 - [TEST_STEP][PASSED] - comparePS.KeywordPS.callStatus(strNoAPK, "sheetAPK1", 17): comparePS.KeywordPS.callStatus is PASSED

2020-11-10 19:44:52 - [MESSAGE][PASSED] - comparePS.KeywordPS.callStatus is PASSED

2020-11-10 19:44:52 - [TEST_STEP][PASSED] - runTime.reset(): null

2020-11-10 19:44:52 - [TEST_STEP][PASSED] - runTime.start(): null

2020-11-10 19:44:52 - [TEST_STEP][PASSED] - dataCompareAPK = findTestData("dt-1/dt_APK"): null

2020-11-10 19:44:52 - [TEST_STEP][PASSED] - strNoAPK = dataCompareAPK.getValue("NO", excelRow): null

2020-11-10 19:44:52 - [TEST_STEP][PASSED] - comparePS.ProposalASL1.ComparePS(strNoAPK, excelRow): comparePS.ProposalASL1.ComparePS is PASSED

2020-11-10 19:44:52 - [MESSAGE][PASSED] - comparePS.ProposalASL1.ComparePS is PASSED

2020-11-10 19:44:52 - [TEST_STEP][PASSED] - comparePS.KeywordPS.callStatus(strNoAPK, "sheetAPK1", 17): comparePS.KeywordPS.callStatus is PASSED

2020-11-10 19:44:52 - [MESSAGE][PASSED] - comparePS.KeywordPS.callStatus is PASSED

2020-11-10 19:44:52 - [TEST_STEP][PASSED] - runTime.reset(): null

2020-11-10 19:44:52 - [TEST_STEP][PASSED] - runTime.start(): null

2020-11-10 19:44:52 - [TEST_STEP][PASSED] - dataCompareAPK = findTestData("dt-1/dt_APK"): null

2020-11-10 19:44:52 - [TEST_STEP][PASSED] - strNoAPK = dataCompareAPK.getValue("NO", excelRow): null

2020-11-10 19:44:52 - [TEST_STEP][PASSED] - comparePS.ProposalASL1.ComparePS(strNoAPK, excelRow): comparePS.ProposalASL1.ComparePS is PASSED

2020-11-10 19:44:52 - [MESSAGE][PASSED] - comparePS.ProposalASL1.ComparePS is PASSED

2020-11-10 19:44:52 - [TEST_STEP][PASSED] - comparePS.KeywordPS.callStatus(strNoAPK, "sheetAPK1", 17): comparePS.KeywordPS.callStatus is PASSED

2020-11-10 19:44:53 - [MESSAGE][PASSED] - comparePS.KeywordPS.callStatus is PASSED

2020-11-10 19:44:53 - [TEST_STEP][PASSED] - runTime.reset(): null

2020-11-10 19:44:53 - [TEST_STEP][PASSED] - runTime.start(): null

2020-11-10 19:44:53 - [TEST_STEP][PASSED] - dataCompareAPK = findTestData("dt-1/dt_APK"): null

2020-11-10 19:44:53 - [TEST_STEP][PASSED] - strNoAPK = dataCompareAPK.getValue("NO", excelRow): null

2020-11-10 19:44:53 - [TEST_STEP][PASSED] - comparePS.ProposalASL1.ComparePS(strNoAPK, excelRow): comparePS.ProposalASL1.ComparePS is PASSED

2020-11-10 19:44:53 - [MESSAGE][PASSED] - comparePS.ProposalASL1.ComparePS is PASSED

2020-11-10 19:44:53 - [TEST_STEP][PASSED] - comparePS.KeywordPS.callStatus(strNoAPK, "sheetAPK1", 17): comparePS.KeywordPS.callStatus is PASSED

2020-11-10 19:44:53 - [MESSAGE][PASSED] - comparePS.KeywordPS.callStatus is PASSED

2020-11-10 19:44:53 - [TEST_STEP][PASSED] - runTime.reset(): null

2020-11-10 19:44:53 - [TEST_STEP][PASSED] - runTime.start(): null

2020-11-10 19:44:53 - [TEST_STEP][PASSED] - dataCompareAPK = findTestData("dt-1/dt_APK"): null

2020-11-10 19:44:53 - [TEST_STEP][PASSED] - strNoAPK = dataCompareAPK.getValue("NO", excelRow): null

2020-11-10 19:44:53 - [TEST_STEP][PASSED] - comparePS.ProposalASL1.ComparePS(strNoAPK, excelRow): comparePS.ProposalASL1.ComparePS is PASSED

2020-11-10 19:44:53 - [MESSAGE][PASSED] - comparePS.ProposalASL1.ComparePS is PASSED

2020-11-10 19:44:53 - [TEST_STEP][PASSED] - comparePS.KeywordPS.callStatus(strNoAPK, "sheetAPK1", 17): comparePS.KeywordPS.callStatus is PASSED

2020-11-10 19:44:53 - [MESSAGE][PASSED] - comparePS.KeywordPS.callStatus is PASSED

2020-11-10 19:44:53 - [TEST_STEP][PASSED] - runTime.reset(): null

2020-11-10 19:44:53 - [TEST_STEP][PASSED] - runTime.start(): null

2020-11-10 19:44:53 - [TEST_STEP][PASSED] - dataCompareAPK = findTestData("dt-1/dt_APK"): null

2020-11-10 19:44:53 - [TEST_STEP][PASSED] - strNoAPK = dataCompareAPK.getValue("NO", excelRow): null

2020-11-10 19:44:53 - [TEST_STEP][PASSED] - comparePS.ProposalASL1.ComparePS(strNoAPK, excelRow): comparePS.ProposalASL1.ComparePS is PASSED

2020-11-10 19:44:53 - [MESSAGE][PASSED] - comparePS.ProposalASL1.ComparePS is PASSED

2020-11-10 19:44:53 - [TEST_STEP][PASSED] - comparePS.KeywordPS.callStatus(strNoAPK, "sheetAPK1", 17): comparePS.KeywordPS.callStatus is PASSED

2020-11-10 19:44:54 - [MESSAGE][PASSED] - comparePS.KeywordPS.callStatus is PASSED

2020-11-10 19:44:54 - [TEST_STEP][PASSED] - runTime.reset(): null

2020-11-10 19:44:54 - [TEST_STEP][PASSED] - runTime.start(): null

2020-11-10 19:44:54 - [TEST_STEP][PASSED] - dataCompareAPK = findTestData("dt-1/dt_APK"): null

2020-11-10 19:44:54 - [TEST_STEP][PASSED] - strNoAPK = dataCompareAPK.getValue("NO", excelRow): null

2020-11-10 19:44:54 - [TEST_STEP][PASSED] - comparePS.ProposalASL1.ComparePS(strNoAPK, excelRow): comparePS.ProposalASL1.ComparePS is PASSED

2020-11-10 19:44:54 - [MESSAGE][PASSED] - comparePS.ProposalASL1.ComparePS is PASSED

2020-11-10 19:44:54 - [TEST_STEP][PASSED] - comparePS.KeywordPS.callStatus(strNoAPK, "sheetAPK1", 17): comparePS.KeywordPS.callStatus is PASSED

2020-11-10 19:44:54 - [MESSAGE][PASSED] - comparePS.KeywordPS.callStatus is PASSED

2020-11-10 19:44:54 - [TEST_STEP][PASSED] - runTime.reset(): null

2020-11-10 19:44:54 - [TEST_STEP][PASSED] - runTime.start(): null

2020-11-10 19:44:54 - [TEST_STEP][PASSED] - dataCompareAPK = findTestData("dt-1/dt_APK"): null

2020-11-10 19:44:54 - [TEST_STEP][PASSED] - strNoAPK = dataCompareAPK.getValue("NO", excelRow): null

2020-11-10 19:44:54 - [TEST_STEP][PASSED] - comparePS.ProposalASL1.ComparePS(strNoAPK, excelRow): comparePS.ProposalASL1.ComparePS is PASSED

2020-11-10 19:44:54 - [MESSAGE][PASSED] - comparePS.ProposalASL1.ComparePS is PASSED

2020-11-10 19:44:54 - [TEST_STEP][PASSED] - comparePS.KeywordPS.callStatus(strNoAPK, "sheetAPK1", 17): comparePS.KeywordPS.callStatus is PASSED

2020-11-10 19:44:54 - [MESSAGE][PASSED] - comparePS.KeywordPS.callStatus is PASSED

2020-11-10 19:44:54 - [TEST_STEP][PASSED] - runTime.reset(): null

2020-11-10 19:44:54 - [TEST_STEP][PASSED] - runTime.start(): null

2020-11-10 19:44:54 - [TEST_STEP][PASSED] - dataCompareAPK = findTestData("dt-1/dt_APK"): null

2020-11-10 19:44:54 - [TEST_STEP][PASSED] - strNoAPK = dataCompareAPK.getValue("NO", excelRow): null

2020-11-10 19:44:54 - [TEST_STEP][PASSED] - comparePS.ProposalASL1.ComparePS(strNoAPK, excelRow): comparePS.ProposalASL1.ComparePS is PASSED

2020-11-10 19:44:55 - [MESSAGE][PASSED] - comparePS.ProposalASL1.ComparePS is PASSED

2020-11-10 19:44:55 - [TEST_STEP][PASSED] - comparePS.KeywordPS.callStatus(strNoAPK, "sheetAPK1", 17): comparePS.KeywordPS.callStatus is PASSED

2020-11-10 19:44:55 - [MESSAGE][PASSED] - comparePS.KeywordPS.callStatus is PASSED

2020-11-10 19:44:55 - [TEST_STEP][PASSED] - runTime.reset(): null

2020-11-10 19:44:55 - [TEST_STEP][PASSED] - runTime.start(): null

2020-11-10 19:44:55 - [TEST_STEP][PASSED] - dataCompareAPK = findTestData("dt-1/dt_APK"): null

2020-11-10 19:44:55 - [TEST_STEP][PASSED] - strNoAPK = dataCompareAPK.getValue("NO", excelRow): null

2020-11-10 19:44:55 - [TEST_STEP][PASSED] - comparePS.ProposalASL1.ComparePS(strNoAPK, excelRow): comparePS.ProposalASL1.ComparePS is PASSED

2020-11-10 19:44:55 - [MESSAGE][PASSED] - comparePS.ProposalASL1.ComparePS is PASSED

2020-11-10 19:44:55 - [TEST_STEP][PASSED] - comparePS.KeywordPS.callStatus(strNoAPK, "sheetAPK1", 17): comparePS.KeywordPS.callStatus is PASSED

2020-11-10 19:44:55 - [MESSAGE][PASSED] - comparePS.KeywordPS.callStatus is PASSED

2020-11-10 19:44:55 - [TEST_STEP][PASSED] - runTime.reset(): null

2020-11-10 19:44:55 - [TEST_STEP][PASSED] - runTime.start(): null

2020-11-10 19:44:55 - [TEST_STEP][PASSED] - dataCompareAPK = findTestData("dt-1/dt_APK"): null

2020-11-10 19:44:55 - [TEST_STEP][PASSED] - strNoAPK = dataCompareAPK.getValue("NO", excelRow): null

2020-11-10 19:44:55 - [TEST_STEP][PASSED] - comparePS.ProposalASL1.ComparePS(strNoAPK, excelRow): comparePS.ProposalASL1.ComparePS is PASSED

2020-11-10 19:44:55 - [MESSAGE][PASSED] - comparePS.ProposalASL1.ComparePS is PASSED

2020-11-10 19:44:55 - [TEST_STEP][PASSED] - comparePS.KeywordPS.callStatus(strNoAPK, "sheetAPK1", 17): comparePS.KeywordPS.callStatus is PASSED

2020-11-10 19:44:55 - [MESSAGE][PASSED] - comparePS.KeywordPS.callStatus is PASSED

2020-11-10 19:44:55 - [TEST_STEP][PASSED] - runTime.reset(): null

2020-11-10 19:44:55 - [TEST_STEP][PASSED] - runTime.start(): null

2020-11-10 19:44:55 - [TEST_STEP][PASSED] - dataCompareAPK = findTestData("dt-1/dt_APK"): null

2020-11-10 19:44:56 - [TEST_STEP][PASSED] - strNoAPK = dataCompareAPK.getValue("NO", excelRow): null

2020-11-10 19:44:56 - [TEST_STEP][PASSED] - comparePS.ProposalASL1.ComparePS(strNoAPK, excelRow): comparePS.ProposalASL1.ComparePS is PASSED

2020-11-10 19:44:56 - [MESSAGE][PASSED] - comparePS.ProposalASL1.ComparePS is PASSED

2020-11-10 19:44:56 - [TEST_STEP][PASSED] - comparePS.KeywordPS.callStatus(strNoAPK, "sheetAPK1", 17): comparePS.KeywordPS.callStatus is PASSED

2020-11-10 19:44:56 - [MESSAGE][PASSED] - comparePS.KeywordPS.callStatus is PASSED

2020-11-10 19:44:56 - [TEST_STEP][PASSED] - runTime.reset(): null

2020-11-10 19:44:56 - [TEST_STEP][PASSED] - runTime.start(): null

2020-11-10 19:44:56 - [TEST_STEP][PASSED] - dataCompareAPK = findTestData("dt-1/dt_APK"): null

2020-11-10 19:44:56 - [TEST_STEP][PASSED] - strNoAPK = dataCompareAPK.getValue("NO", excelRow): null

2020-11-10 19:44:56 - [TEST_STEP][PASSED] - comparePS.ProposalASL1.ComparePS(strNoAPK, excelRow): comparePS.ProposalASL1.ComparePS is PASSED

2020-11-10 19:44:56 - [MESSAGE][PASSED] - comparePS.ProposalASL1.ComparePS is PASSED

2020-11-10 19:44:56 - [TEST_STEP][PASSED] - comparePS.KeywordPS.callStatus(strNoAPK, "sheetAPK1", 17): comparePS.KeywordPS.callStatus is PASSED

2020-11-10 19:44:56 - [MESSAGE][PASSED] - comparePS.KeywordPS.callStatus is PASSED

2020-11-10 19:44:56 - [TEST_STEP][PASSED] - runTime.reset(): null

2020-11-10 19:44:56 - [TEST_STEP][PASSED] - runTime.start(): null

2020-11-10 19:44:56 - [TEST_STEP][PASSED] - dataCompareAPK = findTestData("dt-1/dt_APK"): null

2020-11-10 19:44:56 - [TEST_STEP][PASSED] - strNoAPK = dataCompareAPK.getValue("NO", excelRow): null

2020-11-10 19:44:56 - [TEST_STEP][PASSED] - comparePS.ProposalASL1.ComparePS(strNoAPK, excelRow): comparePS.ProposalASL1.ComparePS is PASSED

2020-11-10 19:44:57 - [MESSAGE][PASSED] - comparePS.ProposalASL1.ComparePS is PASSED

2020-11-10 19:44:57 - [TEST_STEP][PASSED] - comparePS.KeywordPS.callStatus(strNoAPK, "sheetAPK1", 17): comparePS.KeywordPS.callStatus is PASSED

2020-11-10 19:44:57 - [MESSAGE][PASSED] - comparePS.KeywordPS.callStatus is PASSED

2020-11-10 19:44:57 - [TEST_STEP][PASSED] - runTime.reset(): null

2020-11-10 19:44:57 - [TEST_STEP][PASSED] - runTime.start(): null

2020-11-10 19:44:57 - [TEST_STEP][PASSED] - dataCompareAPK = findTestData("dt-1/dt_APK"): null

2020-11-10 19:44:57 - [TEST_STEP][PASSED] - strNoAPK = dataCompareAPK.getValue("NO", excelRow): null

2020-11-10 19:44:57 - [TEST_STEP][PASSED] - comparePS.ProposalASL1.ComparePS(strNoAPK, excelRow): comparePS.ProposalASL1.ComparePS is PASSED

2020-11-10 19:44:57 - [MESSAGE][PASSED] - comparePS.ProposalASL1.ComparePS is PASSED

2020-11-10 19:44:57 - [TEST_STEP][PASSED] - comparePS.KeywordPS.callStatus(strNoAPK, "sheetAPK1", 17): comparePS.KeywordPS.callStatus is PASSED

2020-11-10 19:44:57 - [MESSAGE][PASSED] - comparePS.KeywordPS.callStatus is PASSED

2020-11-10 19:44:57 - [TEST_STEP][PASSED] - runTime.reset(): null

2020-11-10 19:44:57 - [TEST_STEP][PASSED] - runTime.start(): null

2020-11-10 19:44:57 - [TEST_STEP][PASSED] - dataCompareAPK = findTestData("dt-1/dt_APK"): null

2020-11-10 19:44:57 - [TEST_STEP][PASSED] - strNoAPK = dataCompareAPK.getValue("NO", excelRow): null

2020-11-10 19:44:57 - [TEST_STEP][PASSED] - comparePS.ProposalASL1.ComparePS(strNoAPK, excelRow): comparePS.ProposalASL1.ComparePS is PASSED

2020-11-10 19:44:57 - [MESSAGE][PASSED] - comparePS.ProposalASL1.ComparePS is PASSED

2020-11-10 19:44:57 - [TEST_STEP][PASSED] - comparePS.KeywordPS.callStatus(strNoAPK, "sheetAPK1", 17): comparePS.KeywordPS.callStatus is PASSED

2020-11-10 19:44:58 - [MESSAGE][PASSED] - comparePS.KeywordPS.callStatus is PASSED

2020-11-10 19:44:58 - [TEST_STEP][PASSED] - runTime.reset(): null

2020-11-10 19:44:58 - [TEST_STEP][PASSED] - runTime.start(): null

2020-11-10 19:44:58 - [TEST_STEP][PASSED] - dataCompareAPK = findTestData("dt-1/dt_APK"): null

2020-11-10 19:44:58 - [TEST_STEP][PASSED] - strNoAPK = dataCompareAPK.getValue("NO", excelRow): null

2020-11-10 19:44:58 - [TEST_STEP][PASSED] - comparePS.ProposalASL1.ComparePS(strNoAPK, excelRow): comparePS.ProposalASL1.ComparePS is PASSED

2020-11-10 19:44:58 - [MESSAGE][PASSED] - comparePS.ProposalASL1.ComparePS is PASSED

2020-11-10 19:44:58 - [TEST_STEP][PASSED] - comparePS.KeywordPS.callStatus(strNoAPK, "sheetAPK1", 17): comparePS.KeywordPS.callStatus is PASSED

2020-11-10 19:44:58 - [MESSAGE][PASSED] - comparePS.KeywordPS.callStatus is PASSED

2020-11-10 19:44:58 - [TEST_STEP][PASSED] - runTime.reset(): null

2020-11-10 19:44:58 - [TEST_STEP][PASSED] - runTime.start(): null

2020-11-10 19:44:58 - [TEST_STEP][PASSED] - dataCompareAPK = findTestData("dt-1/dt_APK"): null

2020-11-10 19:44:58 - [TEST_STEP][PASSED] - strNoAPK = dataCompareAPK.getValue("NO", excelRow): null

2020-11-10 19:44:58 - [TEST_STEP][PASSED] - comparePS.ProposalASL1.ComparePS(strNoAPK, excelRow): comparePS.ProposalASL1.ComparePS is PASSED

2020-11-10 19:44:58 - [MESSAGE][PASSED] - comparePS.ProposalASL1.ComparePS is PASSED

2020-11-10 19:44:58 - [TEST_STEP][PASSED] - comparePS.KeywordPS.callStatus(strNoAPK, "sheetAPK1", 17): comparePS.KeywordPS.callStatus is PASSED

2020-11-10 19:44:58 - [MESSAGE][PASSED] - comparePS.KeywordPS.callStatus is PASSED

2020-11-10 19:44:58 - [TEST_STEP][PASSED] - runTime.reset(): null

2020-11-10 19:44:58 - [TEST_STEP][PASSED] - runTime.start(): null

2020-11-10 19:44:58 - [TEST_STEP][PASSED] - dataCompareAPK = findTestData("dt-1/dt_APK"): null

2020-11-10 19:44:58 - [TEST_STEP][PASSED] - strNoAPK = dataCompareAPK.getValue("NO", excelRow): null

2020-11-10 19:44:58 - [TEST_STEP][PASSED] - comparePS.ProposalASL1.ComparePS(strNoAPK, excelRow): comparePS.ProposalASL1.ComparePS is PASSED

2020-11-10 19:44:59 - [MESSAGE][PASSED] - comparePS.ProposalASL1.ComparePS is PASSED

2020-11-10 19:44:59 - [TEST_STEP][PASSED] - comparePS.KeywordPS.callStatus(strNoAPK, "sheetAPK1", 17): comparePS.KeywordPS.callStatus is PASSED

2020-11-10 19:44:59 - [MESSAGE][PASSED] - comparePS.KeywordPS.callStatus is PASSED

2020-11-10 19:44:59 - [TEST_STEP][PASSED] - runTime.reset(): null

2020-11-10 19:44:59 - [TEST_STEP][PASSED] - runTime.start(): null

2020-11-10 19:44:59 - [TEST_STEP][PASSED] - dataCompareAPK = findTestData("dt-1/dt_APK"): null

2020-11-10 19:44:59 - [TEST_STEP][PASSED] - strNoAPK = dataCompareAPK.getValue("NO", excelRow): null

2020-11-10 19:44:59 - [TEST_STEP][PASSED] - comparePS.ProposalASL1.ComparePS(strNoAPK, excelRow): comparePS.ProposalASL1.ComparePS is PASSED

2020-11-10 19:44:59 - [MESSAGE][PASSED] - comparePS.ProposalASL1.ComparePS is PASSED

2020-11-10 19:44:59 - [TEST_STEP][PASSED] - comparePS.KeywordPS.callStatus(strNoAPK, "sheetAPK1", 17): comparePS.KeywordPS.callStatus is PASSED

2020-11-10 19:44:59 - [MESSAGE][PASSED] - comparePS.KeywordPS.callStatus is PASSED

2020-11-10 19:44:59 - [TEST_STEP][PASSED] - runTime.reset(): null

2020-11-10 19:44:59 - [TEST_STEP][PASSED] - runTime.start(): null

2020-11-10 19:44:59 - [TEST_STEP][PASSED] - dataCompareAPK = findTestData("dt-1/dt_APK"): null

2020-11-10 19:44:59 - [TEST_STEP][PASSED] - strNoAPK = dataCompareAPK.getValue("NO", excelRow): null

2020-11-10 19:44:59 - [TEST_STEP][PASSED] - comparePS.ProposalASL1.ComparePS(strNoAPK, excelRow): comparePS.ProposalASL1.ComparePS is PASSED

2020-11-10 19:44:59 - [MESSAGE][PASSED] - comparePS.ProposalASL1.ComparePS is PASSED

2020-11-10 19:44:59 - [TEST_STEP][PASSED] - comparePS.KeywordPS.callStatus(strNoAPK, "sheetAPK1", 17): comparePS.KeywordPS.callStatus is PASSED

2020-11-10 19:44:59 - [MESSAGE][PASSED] - comparePS.KeywordPS.callStatus is PASSED]]></system-out>
         <system-err><![CDATA[]]></system-err>
      </testcase>
      <testcase name="Test Cases/ComparePS-2" time="22.809" classname="Test Cases/ComparePS-2" status="ERROR">
         <error type="ERROR" message="Test Cases/ComparePS-2 FAILED.
Reason:
java.lang.IllegalArgumentException: Invalid row index 66 for test data 'C:\ANDIKA\PROJECT\PS\DT PS\DATA\Compare\ExcelAPK.xlsx'. Row index must be between 1..65
	at com.kms.katalon.core.testdata.AbstractTestData.verifyRowIndex(AbstractTestData.java:54)
	at com.kms.katalon.core.testdata.AbstractTestData.getObjectValue(AbstractTestData.java:135)
	at com.kms.katalon.core.testdata.AbstractTestData.getValue(AbstractTestData.java:107)
	at com.kms.katalon.core.testdata.TestData$getValue$0.call(Unknown Source)
	at comparePS.ProposalASL1.ComparePS(ProposalASL1.groovy:53)
	at comparePS.ProposalASL1.invokeMethod(ProposalASL1.groovy)
	at com.kms.katalon.core.main.CustomKeywordDelegatingMetaClass.invokeStaticMethod(CustomKeywordDelegatingMetaClass.java:50)
	at ComparePS-2.run(ComparePS-2:121)
	at com.kms.katalon.core.main.ScriptEngine.run(ScriptEngine.java:194)
	at com.kms.katalon.core.main.ScriptEngine.runScriptAsRawText(ScriptEngine.java:119)
	at com.kms.katalon.core.main.TestCaseExecutor.runScript(TestCaseExecutor.java:337)
	at com.kms.katalon.core.main.TestCaseExecutor.doExecute(TestCaseExecutor.java:328)
	at com.kms.katalon.core.main.TestCaseExecutor.processExecutionPhase(TestCaseExecutor.java:307)
	at com.kms.katalon.core.main.TestCaseExecutor.accessMainPhase(TestCaseExecutor.java:299)
	at com.kms.katalon.core.main.TestCaseExecutor.execute(TestCaseExecutor.java:233)
	at com.kms.katalon.core.main.TestSuiteExecutor.accessTestCaseMainPhase(TestSuiteExecutor.java:169)
	at com.kms.katalon.core.main.TestSuiteExecutor.accessTestSuiteMainPhase(TestSuiteExecutor.java:142)
	at com.kms.katalon.core.main.TestSuiteExecutor.execute(TestSuiteExecutor.java:91)
	at com.kms.katalon.core.main.TestCaseMain.startTestSuite(TestCaseMain.java:157)
	at com.kms.katalon.core.main.TestCaseMain$startTestSuite$0.call(Unknown Source)
	at TempTestSuite1605012259650.run(TempTestSuite1605012259650.groovy:37)
"/>
         <system-out><![CDATA[2020-11-10 19:44:59 - [TEST_CASE][ERROR] - Test Cases/ComparePS-2: Test Cases/ComparePS-2 FAILED.
Reason:
java.lang.IllegalArgumentException: Invalid row index 66 for test data 'C:\ANDIKA\PROJECT\PS\DT PS\DATA\Compare\ExcelAPK.xlsx'. Row index must be between 1..65
	at com.kms.katalon.core.testdata.AbstractTestData.verifyRowIndex(AbstractTestData.java:54)
	at com.kms.katalon.core.testdata.AbstractTestData.getObjectValue(AbstractTestData.java:135)
	at com.kms.katalon.core.testdata.AbstractTestData.getValue(AbstractTestData.java:107)
	at com.kms.katalon.core.testdata.TestData$getValue$0.call(Unknown Source)
	at comparePS.ProposalASL1.ComparePS(ProposalASL1.groovy:53)
	at comparePS.ProposalASL1.invokeMethod(ProposalASL1.groovy)
	at com.kms.katalon.core.main.CustomKeywordDelegatingMetaClass.invokeStaticMethod(CustomKeywordDelegatingMetaClass.java:50)
	at ComparePS-2.run(ComparePS-2:121)
	at com.kms.katalon.core.main.ScriptEngine.run(ScriptEngine.java:194)
	at com.kms.katalon.core.main.ScriptEngine.runScriptAsRawText(ScriptEngine.java:119)
	at com.kms.katalon.core.main.TestCaseExecutor.runScript(TestCaseExecutor.java:337)
	at com.kms.katalon.core.main.TestCaseExecutor.doExecute(TestCaseExecutor.java:328)
	at com.kms.katalon.core.main.TestCaseExecutor.processExecutionPhase(TestCaseExecutor.java:307)
	at com.kms.katalon.core.main.TestCaseExecutor.accessMainPhase(TestCaseExecutor.java:299)
	at com.kms.katalon.core.main.TestCaseExecutor.execute(TestCaseExecutor.java:233)
	at com.kms.katalon.core.main.TestSuiteExecutor.accessTestCaseMainPhase(TestSuiteExecutor.java:169)
	at com.kms.katalon.core.main.TestSuiteExecutor.accessTestSuiteMainPhase(TestSuiteExecutor.java:142)
	at com.kms.katalon.core.main.TestSuiteExecutor.execute(TestSuiteExecutor.java:91)
	at com.kms.katalon.core.main.TestCaseMain.startTestSuite(TestCaseMain.java:157)
	at com.kms.katalon.core.main.TestCaseMain$startTestSuite$0.call(Unknown Source)
	at TempTestSuite1605012259650.run(TempTestSuite1605012259650.groovy:37)


2020-11-10 19:45:00 - [TEST_STEP][PASSED] - sekarang = new java.util.Date(): null

2020-11-10 19:45:00 - [TEST_STEP][PASSED] - tgl = sekarang.format("yyyy-MM-dd"): null

2020-11-10 19:45:00 - [TEST_STEP][PASSED] - fullFlow = true: null

2020-11-10 19:45:00 - [TEST_STEP][PASSED] - strGlbDate = tgl: null

2020-11-10 19:45:00 - [TEST_STEP][PASSED] - strGlbStatus = "": null

2020-11-10 19:45:00 - [TEST_STEP][PASSED] - strGlbKeterangan = "": null

2020-11-10 19:45:00 - [TEST_STEP][PASSED] - strGlbCrash = false: null

2020-11-10 19:45:00 - [TEST_STEP][PASSED] - strGlbAlamat = false: null

2020-11-10 19:45:00 - [TEST_STEP][PASSED] - strGlbNomor = 1: null

2020-11-10 19:45:00 - [TEST_STEP][PASSED] - strGlbNumImage = 0: null

2020-11-10 19:45:00 - [TEST_STEP][PASSED] - runTime = StopWatch.createStarted(): null

2020-11-10 19:45:00 - [TEST_STEP][PASSED] - getLastRow = findTestData("dt-2/dt_APK").getRowNumbers(): null

2020-11-10 19:45:00 - [TEST_STEP][ERROR] - for (int excelRow : (1..getLastRow)): Invalid row index 66 for test data 'C:\ANDIKA\PROJECT\PS\DT PS\DATA\Compare\ExcelAPK.xlsx'. Row index must be between 1..65

2020-11-10 19:45:00 - [TEST_STEP][PASSED] - runTime.reset(): null

2020-11-10 19:45:00 - [TEST_STEP][PASSED] - runTime.start(): null

2020-11-10 19:45:00 - [TEST_STEP][PASSED] - dataCompareAPK2 = findTestData("dt-2/dt_APK"): null

2020-11-10 19:45:00 - [TEST_STEP][PASSED] - strNoAPK2 = dataCompareAPK2.getValue("NO", excelRow): null

2020-11-10 19:45:00 - [TEST_STEP][PASSED] - comparePS.ProposalASL1.ComparePS(strNoAPK2, excelRow): comparePS.ProposalASL1.ComparePS is PASSED

2020-11-10 19:45:00 - [MESSAGE][PASSED] - comparePS.ProposalASL1.ComparePS is PASSED

2020-11-10 19:45:00 - [TEST_STEP][PASSED] - comparePS.KeywordPS.callStatus(strNoAPK2, "sheetAPK2", 17): comparePS.KeywordPS.callStatus is PASSED

2020-11-10 19:45:00 - [MESSAGE][PASSED] - comparePS.KeywordPS.callStatus is PASSED

2020-11-10 19:45:00 - [TEST_STEP][PASSED] - runTime.reset(): null

2020-11-10 19:45:00 - [TEST_STEP][PASSED] - runTime.start(): null

2020-11-10 19:45:00 - [TEST_STEP][PASSED] - dataCompareAPK2 = findTestData("dt-2/dt_APK"): null

2020-11-10 19:45:00 - [TEST_STEP][PASSED] - strNoAPK2 = dataCompareAPK2.getValue("NO", excelRow): null

2020-11-10 19:45:00 - [TEST_STEP][PASSED] - comparePS.ProposalASL1.ComparePS(strNoAPK2, excelRow): comparePS.ProposalASL1.ComparePS is PASSED

2020-11-10 19:45:00 - [MESSAGE][PASSED] - comparePS.ProposalASL1.ComparePS is PASSED

2020-11-10 19:45:00 - [TEST_STEP][PASSED] - comparePS.KeywordPS.callStatus(strNoAPK2, "sheetAPK2", 17): comparePS.KeywordPS.callStatus is PASSED

2020-11-10 19:45:01 - [MESSAGE][PASSED] - comparePS.KeywordPS.callStatus is PASSED

2020-11-10 19:45:01 - [TEST_STEP][PASSED] - runTime.reset(): null

2020-11-10 19:45:01 - [TEST_STEP][PASSED] - runTime.start(): null

2020-11-10 19:45:01 - [TEST_STEP][PASSED] - dataCompareAPK2 = findTestData("dt-2/dt_APK"): null

2020-11-10 19:45:01 - [TEST_STEP][PASSED] - strNoAPK2 = dataCompareAPK2.getValue("NO", excelRow): null

2020-11-10 19:45:01 - [TEST_STEP][PASSED] - comparePS.ProposalASL1.ComparePS(strNoAPK2, excelRow): comparePS.ProposalASL1.ComparePS is PASSED

2020-11-10 19:45:01 - [MESSAGE][PASSED] - comparePS.ProposalASL1.ComparePS is PASSED

2020-11-10 19:45:01 - [TEST_STEP][PASSED] - comparePS.KeywordPS.callStatus(strNoAPK2, "sheetAPK2", 17): comparePS.KeywordPS.callStatus is PASSED

2020-11-10 19:45:01 - [MESSAGE][PASSED] - comparePS.KeywordPS.callStatus is PASSED

2020-11-10 19:45:01 - [TEST_STEP][PASSED] - runTime.reset(): null

2020-11-10 19:45:01 - [TEST_STEP][PASSED] - runTime.start(): null

2020-11-10 19:45:01 - [TEST_STEP][PASSED] - dataCompareAPK2 = findTestData("dt-2/dt_APK"): null

2020-11-10 19:45:01 - [TEST_STEP][PASSED] - strNoAPK2 = dataCompareAPK2.getValue("NO", excelRow): null

2020-11-10 19:45:01 - [TEST_STEP][PASSED] - comparePS.ProposalASL1.ComparePS(strNoAPK2, excelRow): comparePS.ProposalASL1.ComparePS is PASSED

2020-11-10 19:45:01 - [MESSAGE][PASSED] - comparePS.ProposalASL1.ComparePS is PASSED

2020-11-10 19:45:01 - [TEST_STEP][PASSED] - comparePS.KeywordPS.callStatus(strNoAPK2, "sheetAPK2", 17): comparePS.KeywordPS.callStatus is PASSED

2020-11-10 19:45:01 - [MESSAGE][PASSED] - comparePS.KeywordPS.callStatus is PASSED

2020-11-10 19:45:01 - [TEST_STEP][PASSED] - runTime.reset(): null

2020-11-10 19:45:01 - [TEST_STEP][PASSED] - runTime.start(): null

2020-11-10 19:45:01 - [TEST_STEP][PASSED] - dataCompareAPK2 = findTestData("dt-2/dt_APK"): null

2020-11-10 19:45:01 - [TEST_STEP][PASSED] - strNoAPK2 = dataCompareAPK2.getValue("NO", excelRow): null

2020-11-10 19:45:01 - [TEST_STEP][PASSED] - comparePS.ProposalASL1.ComparePS(strNoAPK2, excelRow): comparePS.ProposalASL1.ComparePS is PASSED

2020-11-10 19:45:01 - [MESSAGE][PASSED] - comparePS.ProposalASL1.ComparePS is PASSED

2020-11-10 19:45:01 - [TEST_STEP][PASSED] - comparePS.KeywordPS.callStatus(strNoAPK2, "sheetAPK2", 17): comparePS.KeywordPS.callStatus is PASSED

2020-11-10 19:45:01 - [MESSAGE][PASSED] - comparePS.KeywordPS.callStatus is PASSED

2020-11-10 19:45:01 - [TEST_STEP][PASSED] - runTime.reset(): null

2020-11-10 19:45:01 - [TEST_STEP][PASSED] - runTime.start(): null

2020-11-10 19:45:01 - [TEST_STEP][PASSED] - dataCompareAPK2 = findTestData("dt-2/dt_APK"): null

2020-11-10 19:45:02 - [TEST_STEP][PASSED] - strNoAPK2 = dataCompareAPK2.getValue("NO", excelRow): null

2020-11-10 19:45:02 - [TEST_STEP][PASSED] - comparePS.ProposalASL1.ComparePS(strNoAPK2, excelRow): comparePS.ProposalASL1.ComparePS is PASSED

2020-11-10 19:45:02 - [MESSAGE][PASSED] - comparePS.ProposalASL1.ComparePS is PASSED

2020-11-10 19:45:02 - [TEST_STEP][PASSED] - comparePS.KeywordPS.callStatus(strNoAPK2, "sheetAPK2", 17): comparePS.KeywordPS.callStatus is PASSED

2020-11-10 19:45:02 - [MESSAGE][PASSED] - comparePS.KeywordPS.callStatus is PASSED

2020-11-10 19:45:02 - [TEST_STEP][PASSED] - runTime.reset(): null

2020-11-10 19:45:02 - [TEST_STEP][PASSED] - runTime.start(): null

2020-11-10 19:45:02 - [TEST_STEP][PASSED] - dataCompareAPK2 = findTestData("dt-2/dt_APK"): null

2020-11-10 19:45:02 - [TEST_STEP][PASSED] - strNoAPK2 = dataCompareAPK2.getValue("NO", excelRow): null

2020-11-10 19:45:02 - [TEST_STEP][PASSED] - comparePS.ProposalASL1.ComparePS(strNoAPK2, excelRow): comparePS.ProposalASL1.ComparePS is PASSED

2020-11-10 19:45:02 - [MESSAGE][PASSED] - comparePS.ProposalASL1.ComparePS is PASSED

2020-11-10 19:45:02 - [TEST_STEP][PASSED] - comparePS.KeywordPS.callStatus(strNoAPK2, "sheetAPK2", 17): comparePS.KeywordPS.callStatus is PASSED

2020-11-10 19:45:02 - [MESSAGE][PASSED] - comparePS.KeywordPS.callStatus is PASSED

2020-11-10 19:45:02 - [TEST_STEP][PASSED] - runTime.reset(): null

2020-11-10 19:45:02 - [TEST_STEP][PASSED] - runTime.start(): null

2020-11-10 19:45:02 - [TEST_STEP][PASSED] - dataCompareAPK2 = findTestData("dt-2/dt_APK"): null

2020-11-10 19:45:02 - [TEST_STEP][PASSED] - strNoAPK2 = dataCompareAPK2.getValue("NO", excelRow): null

2020-11-10 19:45:02 - [TEST_STEP][PASSED] - comparePS.ProposalASL1.ComparePS(strNoAPK2, excelRow): comparePS.ProposalASL1.ComparePS is PASSED

2020-11-10 19:45:02 - [MESSAGE][PASSED] - comparePS.ProposalASL1.ComparePS is PASSED

2020-11-10 19:45:02 - [TEST_STEP][PASSED] - comparePS.KeywordPS.callStatus(strNoAPK2, "sheetAPK2", 17): comparePS.KeywordPS.callStatus is PASSED

2020-11-10 19:45:02 - [MESSAGE][PASSED] - comparePS.KeywordPS.callStatus is PASSED

2020-11-10 19:45:02 - [TEST_STEP][PASSED] - runTime.reset(): null

2020-11-10 19:45:02 - [TEST_STEP][PASSED] - runTime.start(): null

2020-11-10 19:45:02 - [TEST_STEP][PASSED] - dataCompareAPK2 = findTestData("dt-2/dt_APK"): null

2020-11-10 19:45:02 - [TEST_STEP][PASSED] - strNoAPK2 = dataCompareAPK2.getValue("NO", excelRow): null

2020-11-10 19:45:02 - [TEST_STEP][PASSED] - comparePS.ProposalASL1.ComparePS(strNoAPK2, excelRow): comparePS.ProposalASL1.ComparePS is PASSED

2020-11-10 19:45:02 - [MESSAGE][PASSED] - comparePS.ProposalASL1.ComparePS is PASSED

2020-11-10 19:45:02 - [TEST_STEP][PASSED] - comparePS.KeywordPS.callStatus(strNoAPK2, "sheetAPK2", 17): comparePS.KeywordPS.callStatus is PASSED

2020-11-10 19:45:03 - [MESSAGE][PASSED] - comparePS.KeywordPS.callStatus is PASSED

2020-11-10 19:45:03 - [TEST_STEP][PASSED] - runTime.reset(): null

2020-11-10 19:45:03 - [TEST_STEP][PASSED] - runTime.start(): null

2020-11-10 19:45:03 - [TEST_STEP][PASSED] - dataCompareAPK2 = findTestData("dt-2/dt_APK"): null

2020-11-10 19:45:03 - [TEST_STEP][PASSED] - strNoAPK2 = dataCompareAPK2.getValue("NO", excelRow): null

2020-11-10 19:45:03 - [TEST_STEP][PASSED] - comparePS.ProposalASL1.ComparePS(strNoAPK2, excelRow): comparePS.ProposalASL1.ComparePS is PASSED

2020-11-10 19:45:03 - [MESSAGE][PASSED] - comparePS.ProposalASL1.ComparePS is PASSED

2020-11-10 19:45:03 - [TEST_STEP][PASSED] - comparePS.KeywordPS.callStatus(strNoAPK2, "sheetAPK2", 17): comparePS.KeywordPS.callStatus is PASSED

2020-11-10 19:45:03 - [MESSAGE][PASSED] - comparePS.KeywordPS.callStatus is PASSED

2020-11-10 19:45:03 - [TEST_STEP][PASSED] - runTime.reset(): null

2020-11-10 19:45:03 - [TEST_STEP][PASSED] - runTime.start(): null

2020-11-10 19:45:03 - [TEST_STEP][PASSED] - dataCompareAPK2 = findTestData("dt-2/dt_APK"): null

2020-11-10 19:45:03 - [TEST_STEP][PASSED] - strNoAPK2 = dataCompareAPK2.getValue("NO", excelRow): null

2020-11-10 19:45:03 - [TEST_STEP][PASSED] - comparePS.ProposalASL1.ComparePS(strNoAPK2, excelRow): comparePS.ProposalASL1.ComparePS is PASSED

2020-11-10 19:45:03 - [MESSAGE][PASSED] - comparePS.ProposalASL1.ComparePS is PASSED

2020-11-10 19:45:03 - [TEST_STEP][PASSED] - comparePS.KeywordPS.callStatus(strNoAPK2, "sheetAPK2", 17): comparePS.KeywordPS.callStatus is PASSED

2020-11-10 19:45:03 - [MESSAGE][PASSED] - comparePS.KeywordPS.callStatus is PASSED

2020-11-10 19:45:03 - [TEST_STEP][PASSED] - runTime.reset(): null

2020-11-10 19:45:03 - [TEST_STEP][PASSED] - runTime.start(): null

2020-11-10 19:45:03 - [TEST_STEP][PASSED] - dataCompareAPK2 = findTestData("dt-2/dt_APK"): null

2020-11-10 19:45:03 - [TEST_STEP][PASSED] - strNoAPK2 = dataCompareAPK2.getValue("NO", excelRow): null

2020-11-10 19:45:03 - [TEST_STEP][PASSED] - comparePS.ProposalASL1.ComparePS(strNoAPK2, excelRow): comparePS.ProposalASL1.ComparePS is PASSED

2020-11-10 19:45:03 - [MESSAGE][PASSED] - comparePS.ProposalASL1.ComparePS is PASSED

2020-11-10 19:45:03 - [TEST_STEP][PASSED] - comparePS.KeywordPS.callStatus(strNoAPK2, "sheetAPK2", 17): comparePS.KeywordPS.callStatus is PASSED

2020-11-10 19:45:04 - [MESSAGE][PASSED] - comparePS.KeywordPS.callStatus is PASSED

2020-11-10 19:45:04 - [TEST_STEP][PASSED] - runTime.reset(): null

2020-11-10 19:45:04 - [TEST_STEP][PASSED] - runTime.start(): null

2020-11-10 19:45:04 - [TEST_STEP][PASSED] - dataCompareAPK2 = findTestData("dt-2/dt_APK"): null

2020-11-10 19:45:04 - [TEST_STEP][PASSED] - strNoAPK2 = dataCompareAPK2.getValue("NO", excelRow): null

2020-11-10 19:45:04 - [TEST_STEP][PASSED] - comparePS.ProposalASL1.ComparePS(strNoAPK2, excelRow): comparePS.ProposalASL1.ComparePS is PASSED

2020-11-10 19:45:04 - [MESSAGE][PASSED] - comparePS.ProposalASL1.ComparePS is PASSED

2020-11-10 19:45:04 - [TEST_STEP][PASSED] - comparePS.KeywordPS.callStatus(strNoAPK2, "sheetAPK2", 17): comparePS.KeywordPS.callStatus is PASSED

2020-11-10 19:45:04 - [MESSAGE][PASSED] - comparePS.KeywordPS.callStatus is PASSED

2020-11-10 19:45:04 - [TEST_STEP][PASSED] - runTime.reset(): null

2020-11-10 19:45:04 - [TEST_STEP][PASSED] - runTime.start(): null

2020-11-10 19:45:04 - [TEST_STEP][PASSED] - dataCompareAPK2 = findTestData("dt-2/dt_APK"): null

2020-11-10 19:45:04 - [TEST_STEP][PASSED] - strNoAPK2 = dataCompareAPK2.getValue("NO", excelRow): null

2020-11-10 19:45:04 - [TEST_STEP][PASSED] - comparePS.ProposalASL1.ComparePS(strNoAPK2, excelRow): comparePS.ProposalASL1.ComparePS is PASSED

2020-11-10 19:45:04 - [MESSAGE][PASSED] - comparePS.ProposalASL1.ComparePS is PASSED

2020-11-10 19:45:04 - [TEST_STEP][PASSED] - comparePS.KeywordPS.callStatus(strNoAPK2, "sheetAPK2", 17): comparePS.KeywordPS.callStatus is PASSED

2020-11-10 19:45:04 - [MESSAGE][PASSED] - comparePS.KeywordPS.callStatus is PASSED

2020-11-10 19:45:04 - [TEST_STEP][PASSED] - runTime.reset(): null

2020-11-10 19:45:04 - [TEST_STEP][PASSED] - runTime.start(): null

2020-11-10 19:45:04 - [TEST_STEP][PASSED] - dataCompareAPK2 = findTestData("dt-2/dt_APK"): null

2020-11-10 19:45:04 - [TEST_STEP][PASSED] - strNoAPK2 = dataCompareAPK2.getValue("NO", excelRow): null

2020-11-10 19:45:04 - [TEST_STEP][PASSED] - comparePS.ProposalASL1.ComparePS(strNoAPK2, excelRow): comparePS.ProposalASL1.ComparePS is PASSED

2020-11-10 19:45:05 - [MESSAGE][PASSED] - comparePS.ProposalASL1.ComparePS is PASSED

2020-11-10 19:45:05 - [TEST_STEP][PASSED] - comparePS.KeywordPS.callStatus(strNoAPK2, "sheetAPK2", 17): comparePS.KeywordPS.callStatus is PASSED

2020-11-10 19:45:05 - [MESSAGE][PASSED] - comparePS.KeywordPS.callStatus is PASSED

2020-11-10 19:45:05 - [TEST_STEP][PASSED] - runTime.reset(): null

2020-11-10 19:45:05 - [TEST_STEP][PASSED] - runTime.start(): null

2020-11-10 19:45:05 - [TEST_STEP][PASSED] - dataCompareAPK2 = findTestData("dt-2/dt_APK"): null

2020-11-10 19:45:05 - [TEST_STEP][PASSED] - strNoAPK2 = dataCompareAPK2.getValue("NO", excelRow): null

2020-11-10 19:45:05 - [TEST_STEP][PASSED] - comparePS.ProposalASL1.ComparePS(strNoAPK2, excelRow): comparePS.ProposalASL1.ComparePS is PASSED

2020-11-10 19:45:05 - [MESSAGE][PASSED] - comparePS.ProposalASL1.ComparePS is PASSED

2020-11-10 19:45:05 - [TEST_STEP][PASSED] - comparePS.KeywordPS.callStatus(strNoAPK2, "sheetAPK2", 17): comparePS.KeywordPS.callStatus is PASSED

2020-11-10 19:45:05 - [MESSAGE][PASSED] - comparePS.KeywordPS.callStatus is PASSED

2020-11-10 19:45:05 - [TEST_STEP][PASSED] - runTime.reset(): null

2020-11-10 19:45:05 - [TEST_STEP][PASSED] - runTime.start(): null

2020-11-10 19:45:05 - [TEST_STEP][PASSED] - dataCompareAPK2 = findTestData("dt-2/dt_APK"): null

2020-11-10 19:45:05 - [TEST_STEP][PASSED] - strNoAPK2 = dataCompareAPK2.getValue("NO", excelRow): null

2020-11-10 19:45:05 - [TEST_STEP][PASSED] - comparePS.ProposalASL1.ComparePS(strNoAPK2, excelRow): comparePS.ProposalASL1.ComparePS is PASSED

2020-11-10 19:45:06 - [MESSAGE][PASSED] - comparePS.ProposalASL1.ComparePS is PASSED

2020-11-10 19:45:06 - [TEST_STEP][PASSED] - comparePS.KeywordPS.callStatus(strNoAPK2, "sheetAPK2", 17): comparePS.KeywordPS.callStatus is PASSED

2020-11-10 19:45:06 - [MESSAGE][PASSED] - comparePS.KeywordPS.callStatus is PASSED

2020-11-10 19:45:06 - [TEST_STEP][PASSED] - runTime.reset(): null

2020-11-10 19:45:06 - [TEST_STEP][PASSED] - runTime.start(): null

2020-11-10 19:45:06 - [TEST_STEP][PASSED] - dataCompareAPK2 = findTestData("dt-2/dt_APK"): null

2020-11-10 19:45:06 - [TEST_STEP][PASSED] - strNoAPK2 = dataCompareAPK2.getValue("NO", excelRow): null

2020-11-10 19:45:06 - [TEST_STEP][PASSED] - comparePS.ProposalASL1.ComparePS(strNoAPK2, excelRow): comparePS.ProposalASL1.ComparePS is PASSED

2020-11-10 19:45:06 - [MESSAGE][PASSED] - comparePS.ProposalASL1.ComparePS is PASSED

2020-11-10 19:45:06 - [TEST_STEP][PASSED] - comparePS.KeywordPS.callStatus(strNoAPK2, "sheetAPK2", 17): comparePS.KeywordPS.callStatus is PASSED

2020-11-10 19:45:06 - [MESSAGE][PASSED] - comparePS.KeywordPS.callStatus is PASSED

2020-11-10 19:45:06 - [TEST_STEP][PASSED] - runTime.reset(): null

2020-11-10 19:45:06 - [TEST_STEP][PASSED] - runTime.start(): null

2020-11-10 19:45:06 - [TEST_STEP][PASSED] - dataCompareAPK2 = findTestData("dt-2/dt_APK"): null

2020-11-10 19:45:07 - [TEST_STEP][PASSED] - strNoAPK2 = dataCompareAPK2.getValue("NO", excelRow): null

2020-11-10 19:45:07 - [TEST_STEP][PASSED] - comparePS.ProposalASL1.ComparePS(strNoAPK2, excelRow): comparePS.ProposalASL1.ComparePS is PASSED

2020-11-10 19:45:07 - [MESSAGE][PASSED] - comparePS.ProposalASL1.ComparePS is PASSED

2020-11-10 19:45:07 - [TEST_STEP][PASSED] - comparePS.KeywordPS.callStatus(strNoAPK2, "sheetAPK2", 17): comparePS.KeywordPS.callStatus is PASSED

2020-11-10 19:45:07 - [MESSAGE][PASSED] - comparePS.KeywordPS.callStatus is PASSED

2020-11-10 19:45:07 - [TEST_STEP][PASSED] - runTime.reset(): null

2020-11-10 19:45:07 - [TEST_STEP][PASSED] - runTime.start(): null

2020-11-10 19:45:07 - [TEST_STEP][PASSED] - dataCompareAPK2 = findTestData("dt-2/dt_APK"): null

2020-11-10 19:45:07 - [TEST_STEP][PASSED] - strNoAPK2 = dataCompareAPK2.getValue("NO", excelRow): null

2020-11-10 19:45:07 - [TEST_STEP][PASSED] - comparePS.ProposalASL1.ComparePS(strNoAPK2, excelRow): comparePS.ProposalASL1.ComparePS is PASSED

2020-11-10 19:45:07 - [MESSAGE][PASSED] - comparePS.ProposalASL1.ComparePS is PASSED

2020-11-10 19:45:07 - [TEST_STEP][PASSED] - comparePS.KeywordPS.callStatus(strNoAPK2, "sheetAPK2", 17): comparePS.KeywordPS.callStatus is PASSED

2020-11-10 19:45:07 - [MESSAGE][PASSED] - comparePS.KeywordPS.callStatus is PASSED

2020-11-10 19:45:07 - [TEST_STEP][PASSED] - runTime.reset(): null

2020-11-10 19:45:07 - [TEST_STEP][PASSED] - runTime.start(): null

2020-11-10 19:45:07 - [TEST_STEP][PASSED] - dataCompareAPK2 = findTestData("dt-2/dt_APK"): null

2020-11-10 19:45:07 - [TEST_STEP][PASSED] - strNoAPK2 = dataCompareAPK2.getValue("NO", excelRow): null

2020-11-10 19:45:07 - [TEST_STEP][PASSED] - comparePS.ProposalASL1.ComparePS(strNoAPK2, excelRow): comparePS.ProposalASL1.ComparePS is PASSED

2020-11-10 19:45:08 - [MESSAGE][PASSED] - comparePS.ProposalASL1.ComparePS is PASSED

2020-11-10 19:45:08 - [TEST_STEP][PASSED] - comparePS.KeywordPS.callStatus(strNoAPK2, "sheetAPK2", 17): comparePS.KeywordPS.callStatus is PASSED

2020-11-10 19:45:08 - [MESSAGE][PASSED] - comparePS.KeywordPS.callStatus is PASSED

2020-11-10 19:45:08 - [TEST_STEP][PASSED] - runTime.reset(): null

2020-11-10 19:45:08 - [TEST_STEP][PASSED] - runTime.start(): null

2020-11-10 19:45:08 - [TEST_STEP][PASSED] - dataCompareAPK2 = findTestData("dt-2/dt_APK"): null

2020-11-10 19:45:08 - [TEST_STEP][PASSED] - strNoAPK2 = dataCompareAPK2.getValue("NO", excelRow): null

2020-11-10 19:45:08 - [TEST_STEP][PASSED] - comparePS.ProposalASL1.ComparePS(strNoAPK2, excelRow): comparePS.ProposalASL1.ComparePS is PASSED

2020-11-10 19:45:08 - [MESSAGE][PASSED] - comparePS.ProposalASL1.ComparePS is PASSED

2020-11-10 19:45:08 - [TEST_STEP][PASSED] - comparePS.KeywordPS.callStatus(strNoAPK2, "sheetAPK2", 17): comparePS.KeywordPS.callStatus is PASSED

2020-11-10 19:45:08 - [MESSAGE][PASSED] - comparePS.KeywordPS.callStatus is PASSED

2020-11-10 19:45:08 - [TEST_STEP][PASSED] - runTime.reset(): null

2020-11-10 19:45:08 - [TEST_STEP][PASSED] - runTime.start(): null

2020-11-10 19:45:08 - [TEST_STEP][PASSED] - dataCompareAPK2 = findTestData("dt-2/dt_APK"): null

2020-11-10 19:45:08 - [TEST_STEP][PASSED] - strNoAPK2 = dataCompareAPK2.getValue("NO", excelRow): null

2020-11-10 19:45:08 - [TEST_STEP][PASSED] - comparePS.ProposalASL1.ComparePS(strNoAPK2, excelRow): comparePS.ProposalASL1.ComparePS is PASSED

2020-11-10 19:45:08 - [MESSAGE][PASSED] - comparePS.ProposalASL1.ComparePS is PASSED

2020-11-10 19:45:08 - [TEST_STEP][PASSED] - comparePS.KeywordPS.callStatus(strNoAPK2, "sheetAPK2", 17): comparePS.KeywordPS.callStatus is PASSED

2020-11-10 19:45:08 - [MESSAGE][PASSED] - comparePS.KeywordPS.callStatus is PASSED

2020-11-10 19:45:08 - [TEST_STEP][PASSED] - runTime.reset(): null

2020-11-10 19:45:08 - [TEST_STEP][PASSED] - runTime.start(): null

2020-11-10 19:45:08 - [TEST_STEP][PASSED] - dataCompareAPK2 = findTestData("dt-2/dt_APK"): null

2020-11-10 19:45:08 - [TEST_STEP][PASSED] - strNoAPK2 = dataCompareAPK2.getValue("NO", excelRow): null

2020-11-10 19:45:08 - [TEST_STEP][PASSED] - comparePS.ProposalASL1.ComparePS(strNoAPK2, excelRow): comparePS.ProposalASL1.ComparePS is PASSED

2020-11-10 19:45:09 - [MESSAGE][PASSED] - comparePS.ProposalASL1.ComparePS is PASSED

2020-11-10 19:45:09 - [TEST_STEP][PASSED] - comparePS.KeywordPS.callStatus(strNoAPK2, "sheetAPK2", 17): comparePS.KeywordPS.callStatus is PASSED

2020-11-10 19:45:09 - [MESSAGE][PASSED] - comparePS.KeywordPS.callStatus is PASSED

2020-11-10 19:45:09 - [TEST_STEP][PASSED] - runTime.reset(): null

2020-11-10 19:45:09 - [TEST_STEP][PASSED] - runTime.start(): null

2020-11-10 19:45:09 - [TEST_STEP][PASSED] - dataCompareAPK2 = findTestData("dt-2/dt_APK"): null

2020-11-10 19:45:09 - [TEST_STEP][PASSED] - strNoAPK2 = dataCompareAPK2.getValue("NO", excelRow): null

2020-11-10 19:45:09 - [TEST_STEP][PASSED] - comparePS.ProposalASL1.ComparePS(strNoAPK2, excelRow): comparePS.ProposalASL1.ComparePS is PASSED

2020-11-10 19:45:09 - [MESSAGE][PASSED] - comparePS.ProposalASL1.ComparePS is PASSED

2020-11-10 19:45:09 - [TEST_STEP][PASSED] - comparePS.KeywordPS.callStatus(strNoAPK2, "sheetAPK2", 17): comparePS.KeywordPS.callStatus is PASSED

2020-11-10 19:45:09 - [MESSAGE][PASSED] - comparePS.KeywordPS.callStatus is PASSED

2020-11-10 19:45:09 - [TEST_STEP][PASSED] - runTime.reset(): null

2020-11-10 19:45:09 - [TEST_STEP][PASSED] - runTime.start(): null

2020-11-10 19:45:09 - [TEST_STEP][PASSED] - dataCompareAPK2 = findTestData("dt-2/dt_APK"): null

2020-11-10 19:45:09 - [TEST_STEP][PASSED] - strNoAPK2 = dataCompareAPK2.getValue("NO", excelRow): null

2020-11-10 19:45:09 - [TEST_STEP][PASSED] - comparePS.ProposalASL1.ComparePS(strNoAPK2, excelRow): comparePS.ProposalASL1.ComparePS is PASSED

2020-11-10 19:45:09 - [MESSAGE][PASSED] - comparePS.ProposalASL1.ComparePS is PASSED

2020-11-10 19:45:09 - [TEST_STEP][PASSED] - comparePS.KeywordPS.callStatus(strNoAPK2, "sheetAPK2", 17): comparePS.KeywordPS.callStatus is PASSED

2020-11-10 19:45:09 - [MESSAGE][PASSED] - comparePS.KeywordPS.callStatus is PASSED

2020-11-10 19:45:09 - [TEST_STEP][PASSED] - runTime.reset(): null

2020-11-10 19:45:09 - [TEST_STEP][PASSED] - runTime.start(): null

2020-11-10 19:45:09 - [TEST_STEP][PASSED] - dataCompareAPK2 = findTestData("dt-2/dt_APK"): null

2020-11-10 19:45:09 - [TEST_STEP][PASSED] - strNoAPK2 = dataCompareAPK2.getValue("NO", excelRow): null

2020-11-10 19:45:09 - [TEST_STEP][PASSED] - comparePS.ProposalASL1.ComparePS(strNoAPK2, excelRow): comparePS.ProposalASL1.ComparePS is PASSED

2020-11-10 19:45:09 - [MESSAGE][PASSED] - comparePS.ProposalASL1.ComparePS is PASSED

2020-11-10 19:45:09 - [TEST_STEP][PASSED] - comparePS.KeywordPS.callStatus(strNoAPK2, "sheetAPK2", 17): comparePS.KeywordPS.callStatus is PASSED

2020-11-10 19:45:10 - [MESSAGE][PASSED] - comparePS.KeywordPS.callStatus is PASSED

2020-11-10 19:45:10 - [TEST_STEP][PASSED] - runTime.reset(): null

2020-11-10 19:45:10 - [TEST_STEP][PASSED] - runTime.start(): null

2020-11-10 19:45:10 - [TEST_STEP][PASSED] - dataCompareAPK2 = findTestData("dt-2/dt_APK"): null

2020-11-10 19:45:10 - [TEST_STEP][PASSED] - strNoAPK2 = dataCompareAPK2.getValue("NO", excelRow): null

2020-11-10 19:45:10 - [TEST_STEP][PASSED] - comparePS.ProposalASL1.ComparePS(strNoAPK2, excelRow): comparePS.ProposalASL1.ComparePS is PASSED

2020-11-10 19:45:10 - [MESSAGE][PASSED] - comparePS.ProposalASL1.ComparePS is PASSED

2020-11-10 19:45:10 - [TEST_STEP][PASSED] - comparePS.KeywordPS.callStatus(strNoAPK2, "sheetAPK2", 17): comparePS.KeywordPS.callStatus is PASSED

2020-11-10 19:45:10 - [MESSAGE][PASSED] - comparePS.KeywordPS.callStatus is PASSED

2020-11-10 19:45:10 - [TEST_STEP][PASSED] - runTime.reset(): null

2020-11-10 19:45:10 - [TEST_STEP][PASSED] - runTime.start(): null

2020-11-10 19:45:10 - [TEST_STEP][PASSED] - dataCompareAPK2 = findTestData("dt-2/dt_APK"): null

2020-11-10 19:45:10 - [TEST_STEP][PASSED] - strNoAPK2 = dataCompareAPK2.getValue("NO", excelRow): null

2020-11-10 19:45:10 - [TEST_STEP][PASSED] - comparePS.ProposalASL1.ComparePS(strNoAPK2, excelRow): comparePS.ProposalASL1.ComparePS is PASSED

2020-11-10 19:45:10 - [MESSAGE][PASSED] - comparePS.ProposalASL1.ComparePS is PASSED

2020-11-10 19:45:10 - [TEST_STEP][PASSED] - comparePS.KeywordPS.callStatus(strNoAPK2, "sheetAPK2", 17): comparePS.KeywordPS.callStatus is PASSED

2020-11-10 19:45:10 - [MESSAGE][PASSED] - comparePS.KeywordPS.callStatus is PASSED

2020-11-10 19:45:10 - [TEST_STEP][PASSED] - runTime.reset(): null

2020-11-10 19:45:10 - [TEST_STEP][PASSED] - runTime.start(): null

2020-11-10 19:45:10 - [TEST_STEP][PASSED] - dataCompareAPK2 = findTestData("dt-2/dt_APK"): null

2020-11-10 19:45:10 - [TEST_STEP][PASSED] - strNoAPK2 = dataCompareAPK2.getValue("NO", excelRow): null

2020-11-10 19:45:10 - [TEST_STEP][PASSED] - comparePS.ProposalASL1.ComparePS(strNoAPK2, excelRow): comparePS.ProposalASL1.ComparePS is PASSED

2020-11-10 19:45:10 - [MESSAGE][PASSED] - comparePS.ProposalASL1.ComparePS is PASSED

2020-11-10 19:45:10 - [TEST_STEP][PASSED] - comparePS.KeywordPS.callStatus(strNoAPK2, "sheetAPK2", 17): comparePS.KeywordPS.callStatus is PASSED

2020-11-10 19:45:11 - [MESSAGE][PASSED] - comparePS.KeywordPS.callStatus is PASSED

2020-11-10 19:45:11 - [TEST_STEP][PASSED] - runTime.reset(): null

2020-11-10 19:45:11 - [TEST_STEP][PASSED] - runTime.start(): null

2020-11-10 19:45:11 - [TEST_STEP][PASSED] - dataCompareAPK2 = findTestData("dt-2/dt_APK"): null

2020-11-10 19:45:11 - [TEST_STEP][PASSED] - strNoAPK2 = dataCompareAPK2.getValue("NO", excelRow): null

2020-11-10 19:45:11 - [TEST_STEP][PASSED] - comparePS.ProposalASL1.ComparePS(strNoAPK2, excelRow): comparePS.ProposalASL1.ComparePS is PASSED

2020-11-10 19:45:11 - [MESSAGE][PASSED] - comparePS.ProposalASL1.ComparePS is PASSED

2020-11-10 19:45:11 - [TEST_STEP][PASSED] - comparePS.KeywordPS.callStatus(strNoAPK2, "sheetAPK2", 17): comparePS.KeywordPS.callStatus is PASSED

2020-11-10 19:45:11 - [MESSAGE][PASSED] - comparePS.KeywordPS.callStatus is PASSED

2020-11-10 19:45:11 - [TEST_STEP][PASSED] - runTime.reset(): null

2020-11-10 19:45:11 - [TEST_STEP][PASSED] - runTime.start(): null

2020-11-10 19:45:11 - [TEST_STEP][PASSED] - dataCompareAPK2 = findTestData("dt-2/dt_APK"): null

2020-11-10 19:45:11 - [TEST_STEP][PASSED] - strNoAPK2 = dataCompareAPK2.getValue("NO", excelRow): null

2020-11-10 19:45:11 - [TEST_STEP][PASSED] - comparePS.ProposalASL1.ComparePS(strNoAPK2, excelRow): comparePS.ProposalASL1.ComparePS is PASSED

2020-11-10 19:45:11 - [MESSAGE][PASSED] - comparePS.ProposalASL1.ComparePS is PASSED

2020-11-10 19:45:11 - [TEST_STEP][PASSED] - comparePS.KeywordPS.callStatus(strNoAPK2, "sheetAPK2", 17): comparePS.KeywordPS.callStatus is PASSED

2020-11-10 19:45:11 - [MESSAGE][PASSED] - comparePS.KeywordPS.callStatus is PASSED

2020-11-10 19:45:11 - [TEST_STEP][PASSED] - runTime.reset(): null

2020-11-10 19:45:11 - [TEST_STEP][PASSED] - runTime.start(): null

2020-11-10 19:45:11 - [TEST_STEP][PASSED] - dataCompareAPK2 = findTestData("dt-2/dt_APK"): null

2020-11-10 19:45:11 - [TEST_STEP][PASSED] - strNoAPK2 = dataCompareAPK2.getValue("NO", excelRow): null

2020-11-10 19:45:11 - [TEST_STEP][PASSED] - comparePS.ProposalASL1.ComparePS(strNoAPK2, excelRow): comparePS.ProposalASL1.ComparePS is PASSED

2020-11-10 19:45:11 - [MESSAGE][PASSED] - comparePS.ProposalASL1.ComparePS is PASSED

2020-11-10 19:45:11 - [TEST_STEP][PASSED] - comparePS.KeywordPS.callStatus(strNoAPK2, "sheetAPK2", 17): comparePS.KeywordPS.callStatus is PASSED

2020-11-10 19:45:12 - [MESSAGE][PASSED] - comparePS.KeywordPS.callStatus is PASSED

2020-11-10 19:45:12 - [TEST_STEP][PASSED] - runTime.reset(): null

2020-11-10 19:45:12 - [TEST_STEP][PASSED] - runTime.start(): null

2020-11-10 19:45:12 - [TEST_STEP][PASSED] - dataCompareAPK2 = findTestData("dt-2/dt_APK"): null

2020-11-10 19:45:12 - [TEST_STEP][PASSED] - strNoAPK2 = dataCompareAPK2.getValue("NO", excelRow): null

2020-11-10 19:45:12 - [TEST_STEP][PASSED] - comparePS.ProposalASL1.ComparePS(strNoAPK2, excelRow): comparePS.ProposalASL1.ComparePS is PASSED

2020-11-10 19:45:12 - [MESSAGE][PASSED] - comparePS.ProposalASL1.ComparePS is PASSED

2020-11-10 19:45:12 - [TEST_STEP][PASSED] - comparePS.KeywordPS.callStatus(strNoAPK2, "sheetAPK2", 17): comparePS.KeywordPS.callStatus is PASSED

2020-11-10 19:45:12 - [MESSAGE][PASSED] - comparePS.KeywordPS.callStatus is PASSED

2020-11-10 19:45:12 - [TEST_STEP][PASSED] - runTime.reset(): null

2020-11-10 19:45:12 - [TEST_STEP][PASSED] - runTime.start(): null

2020-11-10 19:45:12 - [TEST_STEP][PASSED] - dataCompareAPK2 = findTestData("dt-2/dt_APK"): null

2020-11-10 19:45:12 - [TEST_STEP][PASSED] - strNoAPK2 = dataCompareAPK2.getValue("NO", excelRow): null

2020-11-10 19:45:12 - [TEST_STEP][PASSED] - comparePS.ProposalASL1.ComparePS(strNoAPK2, excelRow): comparePS.ProposalASL1.ComparePS is PASSED

2020-11-10 19:45:12 - [MESSAGE][PASSED] - comparePS.ProposalASL1.ComparePS is PASSED

2020-11-10 19:45:12 - [TEST_STEP][PASSED] - comparePS.KeywordPS.callStatus(strNoAPK2, "sheetAPK2", 17): comparePS.KeywordPS.callStatus is PASSED

2020-11-10 19:45:12 - [MESSAGE][PASSED] - comparePS.KeywordPS.callStatus is PASSED

2020-11-10 19:45:12 - [TEST_STEP][PASSED] - runTime.reset(): null

2020-11-10 19:45:12 - [TEST_STEP][PASSED] - runTime.start(): null

2020-11-10 19:45:12 - [TEST_STEP][PASSED] - dataCompareAPK2 = findTestData("dt-2/dt_APK"): null

2020-11-10 19:45:12 - [TEST_STEP][PASSED] - strNoAPK2 = dataCompareAPK2.getValue("NO", excelRow): null

2020-11-10 19:45:12 - [TEST_STEP][PASSED] - comparePS.ProposalASL1.ComparePS(strNoAPK2, excelRow): comparePS.ProposalASL1.ComparePS is PASSED

2020-11-10 19:45:12 - [MESSAGE][PASSED] - comparePS.ProposalASL1.ComparePS is PASSED

2020-11-10 19:45:12 - [TEST_STEP][PASSED] - comparePS.KeywordPS.callStatus(strNoAPK2, "sheetAPK2", 17): comparePS.KeywordPS.callStatus is PASSED

2020-11-10 19:45:13 - [MESSAGE][PASSED] - comparePS.KeywordPS.callStatus is PASSED

2020-11-10 19:45:13 - [TEST_STEP][PASSED] - runTime.reset(): null

2020-11-10 19:45:13 - [TEST_STEP][PASSED] - runTime.start(): null

2020-11-10 19:45:13 - [TEST_STEP][PASSED] - dataCompareAPK2 = findTestData("dt-2/dt_APK"): null

2020-11-10 19:45:13 - [TEST_STEP][PASSED] - strNoAPK2 = dataCompareAPK2.getValue("NO", excelRow): null

2020-11-10 19:45:13 - [TEST_STEP][PASSED] - comparePS.ProposalASL1.ComparePS(strNoAPK2, excelRow): comparePS.ProposalASL1.ComparePS is PASSED

2020-11-10 19:45:13 - [MESSAGE][PASSED] - comparePS.ProposalASL1.ComparePS is PASSED

2020-11-10 19:45:13 - [TEST_STEP][PASSED] - comparePS.KeywordPS.callStatus(strNoAPK2, "sheetAPK2", 17): comparePS.KeywordPS.callStatus is PASSED

2020-11-10 19:45:13 - [MESSAGE][PASSED] - comparePS.KeywordPS.callStatus is PASSED

2020-11-10 19:45:13 - [TEST_STEP][PASSED] - runTime.reset(): null

2020-11-10 19:45:13 - [TEST_STEP][PASSED] - runTime.start(): null

2020-11-10 19:45:13 - [TEST_STEP][PASSED] - dataCompareAPK2 = findTestData("dt-2/dt_APK"): null

2020-11-10 19:45:13 - [TEST_STEP][PASSED] - strNoAPK2 = dataCompareAPK2.getValue("NO", excelRow): null

2020-11-10 19:45:13 - [TEST_STEP][PASSED] - comparePS.ProposalASL1.ComparePS(strNoAPK2, excelRow): comparePS.ProposalASL1.ComparePS is PASSED

2020-11-10 19:45:13 - [MESSAGE][PASSED] - comparePS.ProposalASL1.ComparePS is PASSED

2020-11-10 19:45:13 - [TEST_STEP][PASSED] - comparePS.KeywordPS.callStatus(strNoAPK2, "sheetAPK2", 17): comparePS.KeywordPS.callStatus is PASSED

2020-11-10 19:45:13 - [MESSAGE][PASSED] - comparePS.KeywordPS.callStatus is PASSED

2020-11-10 19:45:13 - [TEST_STEP][PASSED] - runTime.reset(): null

2020-11-10 19:45:13 - [TEST_STEP][PASSED] - runTime.start(): null

2020-11-10 19:45:13 - [TEST_STEP][PASSED] - dataCompareAPK2 = findTestData("dt-2/dt_APK"): null

2020-11-10 19:45:13 - [TEST_STEP][PASSED] - strNoAPK2 = dataCompareAPK2.getValue("NO", excelRow): null

2020-11-10 19:45:13 - [TEST_STEP][PASSED] - comparePS.ProposalASL1.ComparePS(strNoAPK2, excelRow): comparePS.ProposalASL1.ComparePS is PASSED

2020-11-10 19:45:13 - [MESSAGE][PASSED] - comparePS.ProposalASL1.ComparePS is PASSED

2020-11-10 19:45:13 - [TEST_STEP][PASSED] - comparePS.KeywordPS.callStatus(strNoAPK2, "sheetAPK2", 17): comparePS.KeywordPS.callStatus is PASSED

2020-11-10 19:45:14 - [MESSAGE][PASSED] - comparePS.KeywordPS.callStatus is PASSED

2020-11-10 19:45:14 - [TEST_STEP][PASSED] - runTime.reset(): null

2020-11-10 19:45:14 - [TEST_STEP][PASSED] - runTime.start(): null

2020-11-10 19:45:14 - [TEST_STEP][PASSED] - dataCompareAPK2 = findTestData("dt-2/dt_APK"): null

2020-11-10 19:45:14 - [TEST_STEP][PASSED] - strNoAPK2 = dataCompareAPK2.getValue("NO", excelRow): null

2020-11-10 19:45:14 - [TEST_STEP][PASSED] - comparePS.ProposalASL1.ComparePS(strNoAPK2, excelRow): comparePS.ProposalASL1.ComparePS is PASSED

2020-11-10 19:45:14 - [MESSAGE][PASSED] - comparePS.ProposalASL1.ComparePS is PASSED

2020-11-10 19:45:14 - [TEST_STEP][PASSED] - comparePS.KeywordPS.callStatus(strNoAPK2, "sheetAPK2", 17): comparePS.KeywordPS.callStatus is PASSED

2020-11-10 19:45:14 - [MESSAGE][PASSED] - comparePS.KeywordPS.callStatus is PASSED

2020-11-10 19:45:14 - [TEST_STEP][PASSED] - runTime.reset(): null

2020-11-10 19:45:14 - [TEST_STEP][PASSED] - runTime.start(): null

2020-11-10 19:45:14 - [TEST_STEP][PASSED] - dataCompareAPK2 = findTestData("dt-2/dt_APK"): null

2020-11-10 19:45:14 - [TEST_STEP][PASSED] - strNoAPK2 = dataCompareAPK2.getValue("NO", excelRow): null

2020-11-10 19:45:14 - [TEST_STEP][PASSED] - comparePS.ProposalASL1.ComparePS(strNoAPK2, excelRow): comparePS.ProposalASL1.ComparePS is PASSED

2020-11-10 19:45:14 - [MESSAGE][PASSED] - comparePS.ProposalASL1.ComparePS is PASSED

2020-11-10 19:45:14 - [TEST_STEP][PASSED] - comparePS.KeywordPS.callStatus(strNoAPK2, "sheetAPK2", 17): comparePS.KeywordPS.callStatus is PASSED

2020-11-10 19:45:14 - [MESSAGE][PASSED] - comparePS.KeywordPS.callStatus is PASSED

2020-11-10 19:45:14 - [TEST_STEP][PASSED] - runTime.reset(): null

2020-11-10 19:45:14 - [TEST_STEP][PASSED] - runTime.start(): null

2020-11-10 19:45:14 - [TEST_STEP][PASSED] - dataCompareAPK2 = findTestData("dt-2/dt_APK"): null

2020-11-10 19:45:14 - [TEST_STEP][PASSED] - strNoAPK2 = dataCompareAPK2.getValue("NO", excelRow): null

2020-11-10 19:45:14 - [TEST_STEP][PASSED] - comparePS.ProposalASL1.ComparePS(strNoAPK2, excelRow): comparePS.ProposalASL1.ComparePS is PASSED

2020-11-10 19:45:14 - [MESSAGE][PASSED] - comparePS.ProposalASL1.ComparePS is PASSED

2020-11-10 19:45:14 - [TEST_STEP][PASSED] - comparePS.KeywordPS.callStatus(strNoAPK2, "sheetAPK2", 17): comparePS.KeywordPS.callStatus is PASSED

2020-11-10 19:45:14 - [MESSAGE][PASSED] - comparePS.KeywordPS.callStatus is PASSED

2020-11-10 19:45:14 - [TEST_STEP][PASSED] - runTime.reset(): null

2020-11-10 19:45:14 - [TEST_STEP][PASSED] - runTime.start(): null

2020-11-10 19:45:14 - [TEST_STEP][PASSED] - dataCompareAPK2 = findTestData("dt-2/dt_APK"): null

2020-11-10 19:45:15 - [TEST_STEP][PASSED] - strNoAPK2 = dataCompareAPK2.getValue("NO", excelRow): null

2020-11-10 19:45:15 - [TEST_STEP][PASSED] - comparePS.ProposalASL1.ComparePS(strNoAPK2, excelRow): comparePS.ProposalASL1.ComparePS is PASSED

2020-11-10 19:45:15 - [MESSAGE][PASSED] - comparePS.ProposalASL1.ComparePS is PASSED

2020-11-10 19:45:15 - [TEST_STEP][PASSED] - comparePS.KeywordPS.callStatus(strNoAPK2, "sheetAPK2", 17): comparePS.KeywordPS.callStatus is PASSED

2020-11-10 19:45:15 - [MESSAGE][PASSED] - comparePS.KeywordPS.callStatus is PASSED

2020-11-10 19:45:15 - [TEST_STEP][PASSED] - runTime.reset(): null

2020-11-10 19:45:15 - [TEST_STEP][PASSED] - runTime.start(): null

2020-11-10 19:45:15 - [TEST_STEP][PASSED] - dataCompareAPK2 = findTestData("dt-2/dt_APK"): null

2020-11-10 19:45:15 - [TEST_STEP][PASSED] - strNoAPK2 = dataCompareAPK2.getValue("NO", excelRow): null

2020-11-10 19:45:15 - [TEST_STEP][PASSED] - comparePS.ProposalASL1.ComparePS(strNoAPK2, excelRow): comparePS.ProposalASL1.ComparePS is PASSED

2020-11-10 19:45:15 - [MESSAGE][PASSED] - comparePS.ProposalASL1.ComparePS is PASSED

2020-11-10 19:45:15 - [TEST_STEP][PASSED] - comparePS.KeywordPS.callStatus(strNoAPK2, "sheetAPK2", 17): comparePS.KeywordPS.callStatus is PASSED

2020-11-10 19:45:15 - [MESSAGE][PASSED] - comparePS.KeywordPS.callStatus is PASSED

2020-11-10 19:45:15 - [TEST_STEP][PASSED] - runTime.reset(): null

2020-11-10 19:45:15 - [TEST_STEP][PASSED] - runTime.start(): null

2020-11-10 19:45:15 - [TEST_STEP][PASSED] - dataCompareAPK2 = findTestData("dt-2/dt_APK"): null

2020-11-10 19:45:15 - [TEST_STEP][PASSED] - strNoAPK2 = dataCompareAPK2.getValue("NO", excelRow): null

2020-11-10 19:45:15 - [TEST_STEP][PASSED] - comparePS.ProposalASL1.ComparePS(strNoAPK2, excelRow): comparePS.ProposalASL1.ComparePS is PASSED

2020-11-10 19:45:15 - [MESSAGE][PASSED] - comparePS.ProposalASL1.ComparePS is PASSED

2020-11-10 19:45:15 - [TEST_STEP][PASSED] - comparePS.KeywordPS.callStatus(strNoAPK2, "sheetAPK2", 17): comparePS.KeywordPS.callStatus is PASSED

2020-11-10 19:45:15 - [MESSAGE][PASSED] - comparePS.KeywordPS.callStatus is PASSED

2020-11-10 19:45:15 - [TEST_STEP][PASSED] - runTime.reset(): null

2020-11-10 19:45:15 - [TEST_STEP][PASSED] - runTime.start(): null

2020-11-10 19:45:15 - [TEST_STEP][PASSED] - dataCompareAPK2 = findTestData("dt-2/dt_APK"): null

2020-11-10 19:45:16 - [TEST_STEP][PASSED] - strNoAPK2 = dataCompareAPK2.getValue("NO", excelRow): null

2020-11-10 19:45:16 - [TEST_STEP][PASSED] - comparePS.ProposalASL1.ComparePS(strNoAPK2, excelRow): comparePS.ProposalASL1.ComparePS is PASSED

2020-11-10 19:45:16 - [MESSAGE][PASSED] - comparePS.ProposalASL1.ComparePS is PASSED

2020-11-10 19:45:16 - [TEST_STEP][PASSED] - comparePS.KeywordPS.callStatus(strNoAPK2, "sheetAPK2", 17): comparePS.KeywordPS.callStatus is PASSED

2020-11-10 19:45:16 - [MESSAGE][PASSED] - comparePS.KeywordPS.callStatus is PASSED

2020-11-10 19:45:16 - [TEST_STEP][PASSED] - runTime.reset(): null

2020-11-10 19:45:16 - [TEST_STEP][PASSED] - runTime.start(): null

2020-11-10 19:45:16 - [TEST_STEP][PASSED] - dataCompareAPK2 = findTestData("dt-2/dt_APK"): null

2020-11-10 19:45:16 - [TEST_STEP][PASSED] - strNoAPK2 = dataCompareAPK2.getValue("NO", excelRow): null

2020-11-10 19:45:16 - [TEST_STEP][PASSED] - comparePS.ProposalASL1.ComparePS(strNoAPK2, excelRow): comparePS.ProposalASL1.ComparePS is PASSED

2020-11-10 19:45:16 - [MESSAGE][PASSED] - comparePS.ProposalASL1.ComparePS is PASSED

2020-11-10 19:45:16 - [TEST_STEP][PASSED] - comparePS.KeywordPS.callStatus(strNoAPK2, "sheetAPK2", 17): comparePS.KeywordPS.callStatus is PASSED

2020-11-10 19:45:16 - [MESSAGE][PASSED] - comparePS.KeywordPS.callStatus is PASSED

2020-11-10 19:45:16 - [TEST_STEP][PASSED] - runTime.reset(): null

2020-11-10 19:45:16 - [TEST_STEP][PASSED] - runTime.start(): null

2020-11-10 19:45:16 - [TEST_STEP][PASSED] - dataCompareAPK2 = findTestData("dt-2/dt_APK"): null

2020-11-10 19:45:16 - [TEST_STEP][PASSED] - strNoAPK2 = dataCompareAPK2.getValue("NO", excelRow): null

2020-11-10 19:45:16 - [TEST_STEP][PASSED] - comparePS.ProposalASL1.ComparePS(strNoAPK2, excelRow): comparePS.ProposalASL1.ComparePS is PASSED

2020-11-10 19:45:16 - [MESSAGE][PASSED] - comparePS.ProposalASL1.ComparePS is PASSED

2020-11-10 19:45:16 - [TEST_STEP][PASSED] - comparePS.KeywordPS.callStatus(strNoAPK2, "sheetAPK2", 17): comparePS.KeywordPS.callStatus is PASSED

2020-11-10 19:45:16 - [MESSAGE][PASSED] - comparePS.KeywordPS.callStatus is PASSED

2020-11-10 19:45:16 - [TEST_STEP][PASSED] - runTime.reset(): null

2020-11-10 19:45:16 - [TEST_STEP][PASSED] - runTime.start(): null

2020-11-10 19:45:16 - [TEST_STEP][PASSED] - dataCompareAPK2 = findTestData("dt-2/dt_APK"): null

2020-11-10 19:45:17 - [TEST_STEP][PASSED] - strNoAPK2 = dataCompareAPK2.getValue("NO", excelRow): null

2020-11-10 19:45:17 - [TEST_STEP][PASSED] - comparePS.ProposalASL1.ComparePS(strNoAPK2, excelRow): comparePS.ProposalASL1.ComparePS is PASSED

2020-11-10 19:45:17 - [MESSAGE][PASSED] - comparePS.ProposalASL1.ComparePS is PASSED

2020-11-10 19:45:17 - [TEST_STEP][PASSED] - comparePS.KeywordPS.callStatus(strNoAPK2, "sheetAPK2", 17): comparePS.KeywordPS.callStatus is PASSED

2020-11-10 19:45:17 - [MESSAGE][PASSED] - comparePS.KeywordPS.callStatus is PASSED

2020-11-10 19:45:17 - [TEST_STEP][PASSED] - runTime.reset(): null

2020-11-10 19:45:17 - [TEST_STEP][PASSED] - runTime.start(): null

2020-11-10 19:45:17 - [TEST_STEP][PASSED] - dataCompareAPK2 = findTestData("dt-2/dt_APK"): null

2020-11-10 19:45:17 - [TEST_STEP][PASSED] - strNoAPK2 = dataCompareAPK2.getValue("NO", excelRow): null

2020-11-10 19:45:17 - [TEST_STEP][PASSED] - comparePS.ProposalASL1.ComparePS(strNoAPK2, excelRow): comparePS.ProposalASL1.ComparePS is PASSED

2020-11-10 19:45:17 - [MESSAGE][PASSED] - comparePS.ProposalASL1.ComparePS is PASSED

2020-11-10 19:45:17 - [TEST_STEP][PASSED] - comparePS.KeywordPS.callStatus(strNoAPK2, "sheetAPK2", 17): comparePS.KeywordPS.callStatus is PASSED

2020-11-10 19:45:17 - [MESSAGE][PASSED] - comparePS.KeywordPS.callStatus is PASSED

2020-11-10 19:45:17 - [TEST_STEP][PASSED] - runTime.reset(): null

2020-11-10 19:45:17 - [TEST_STEP][PASSED] - runTime.start(): null

2020-11-10 19:45:17 - [TEST_STEP][PASSED] - dataCompareAPK2 = findTestData("dt-2/dt_APK"): null

2020-11-10 19:45:17 - [TEST_STEP][PASSED] - strNoAPK2 = dataCompareAPK2.getValue("NO", excelRow): null

2020-11-10 19:45:17 - [TEST_STEP][PASSED] - comparePS.ProposalASL1.ComparePS(strNoAPK2, excelRow): comparePS.ProposalASL1.ComparePS is PASSED

2020-11-10 19:45:17 - [MESSAGE][PASSED] - comparePS.ProposalASL1.ComparePS is PASSED

2020-11-10 19:45:17 - [TEST_STEP][PASSED] - comparePS.KeywordPS.callStatus(strNoAPK2, "sheetAPK2", 17): comparePS.KeywordPS.callStatus is PASSED

2020-11-10 19:45:17 - [MESSAGE][PASSED] - comparePS.KeywordPS.callStatus is PASSED

2020-11-10 19:45:17 - [TEST_STEP][PASSED] - runTime.reset(): null

2020-11-10 19:45:17 - [TEST_STEP][PASSED] - runTime.start(): null

2020-11-10 19:45:17 - [TEST_STEP][PASSED] - dataCompareAPK2 = findTestData("dt-2/dt_APK"): null

2020-11-10 19:45:17 - [TEST_STEP][PASSED] - strNoAPK2 = dataCompareAPK2.getValue("NO", excelRow): null

2020-11-10 19:45:17 - [TEST_STEP][PASSED] - comparePS.ProposalASL1.ComparePS(strNoAPK2, excelRow): comparePS.ProposalASL1.ComparePS is PASSED

2020-11-10 19:45:18 - [MESSAGE][PASSED] - comparePS.ProposalASL1.ComparePS is PASSED

2020-11-10 19:45:18 - [TEST_STEP][PASSED] - comparePS.KeywordPS.callStatus(strNoAPK2, "sheetAPK2", 17): comparePS.KeywordPS.callStatus is PASSED

2020-11-10 19:45:18 - [MESSAGE][PASSED] - comparePS.KeywordPS.callStatus is PASSED

2020-11-10 19:45:18 - [TEST_STEP][PASSED] - runTime.reset(): null

2020-11-10 19:45:18 - [TEST_STEP][PASSED] - runTime.start(): null

2020-11-10 19:45:18 - [TEST_STEP][PASSED] - dataCompareAPK2 = findTestData("dt-2/dt_APK"): null

2020-11-10 19:45:18 - [TEST_STEP][PASSED] - strNoAPK2 = dataCompareAPK2.getValue("NO", excelRow): null

2020-11-10 19:45:18 - [TEST_STEP][PASSED] - comparePS.ProposalASL1.ComparePS(strNoAPK2, excelRow): comparePS.ProposalASL1.ComparePS is PASSED

2020-11-10 19:45:18 - [MESSAGE][PASSED] - comparePS.ProposalASL1.ComparePS is PASSED

2020-11-10 19:45:18 - [TEST_STEP][PASSED] - comparePS.KeywordPS.callStatus(strNoAPK2, "sheetAPK2", 17): comparePS.KeywordPS.callStatus is PASSED

2020-11-10 19:45:18 - [MESSAGE][PASSED] - comparePS.KeywordPS.callStatus is PASSED

2020-11-10 19:45:18 - [TEST_STEP][PASSED] - runTime.reset(): null

2020-11-10 19:45:18 - [TEST_STEP][PASSED] - runTime.start(): null

2020-11-10 19:45:18 - [TEST_STEP][PASSED] - dataCompareAPK2 = findTestData("dt-2/dt_APK"): null

2020-11-10 19:45:18 - [TEST_STEP][PASSED] - strNoAPK2 = dataCompareAPK2.getValue("NO", excelRow): null

2020-11-10 19:45:18 - [TEST_STEP][PASSED] - comparePS.ProposalASL1.ComparePS(strNoAPK2, excelRow): comparePS.ProposalASL1.ComparePS is PASSED

2020-11-10 19:45:18 - [MESSAGE][PASSED] - comparePS.ProposalASL1.ComparePS is PASSED

2020-11-10 19:45:18 - [TEST_STEP][PASSED] - comparePS.KeywordPS.callStatus(strNoAPK2, "sheetAPK2", 17): comparePS.KeywordPS.callStatus is PASSED

2020-11-10 19:45:18 - [MESSAGE][PASSED] - comparePS.KeywordPS.callStatus is PASSED

2020-11-10 19:45:18 - [TEST_STEP][PASSED] - runTime.reset(): null

2020-11-10 19:45:18 - [TEST_STEP][PASSED] - runTime.start(): null

2020-11-10 19:45:18 - [TEST_STEP][PASSED] - dataCompareAPK2 = findTestData("dt-2/dt_APK"): null

2020-11-10 19:45:18 - [TEST_STEP][PASSED] - strNoAPK2 = dataCompareAPK2.getValue("NO", excelRow): null

2020-11-10 19:45:18 - [TEST_STEP][PASSED] - comparePS.ProposalASL1.ComparePS(strNoAPK2, excelRow): comparePS.ProposalASL1.ComparePS is PASSED

2020-11-10 19:45:18 - [MESSAGE][PASSED] - comparePS.ProposalASL1.ComparePS is PASSED

2020-11-10 19:45:18 - [TEST_STEP][PASSED] - comparePS.KeywordPS.callStatus(strNoAPK2, "sheetAPK2", 17): comparePS.KeywordPS.callStatus is PASSED

2020-11-10 19:45:19 - [MESSAGE][PASSED] - comparePS.KeywordPS.callStatus is PASSED

2020-11-10 19:45:19 - [TEST_STEP][PASSED] - runTime.reset(): null

2020-11-10 19:45:19 - [TEST_STEP][PASSED] - runTime.start(): null

2020-11-10 19:45:19 - [TEST_STEP][PASSED] - dataCompareAPK2 = findTestData("dt-2/dt_APK"): null

2020-11-10 19:45:19 - [TEST_STEP][PASSED] - strNoAPK2 = dataCompareAPK2.getValue("NO", excelRow): null

2020-11-10 19:45:19 - [TEST_STEP][PASSED] - comparePS.ProposalASL1.ComparePS(strNoAPK2, excelRow): comparePS.ProposalASL1.ComparePS is PASSED

2020-11-10 19:45:19 - [MESSAGE][PASSED] - comparePS.ProposalASL1.ComparePS is PASSED

2020-11-10 19:45:19 - [TEST_STEP][PASSED] - comparePS.KeywordPS.callStatus(strNoAPK2, "sheetAPK2", 17): comparePS.KeywordPS.callStatus is PASSED

2020-11-10 19:45:19 - [MESSAGE][PASSED] - comparePS.KeywordPS.callStatus is PASSED

2020-11-10 19:45:19 - [TEST_STEP][PASSED] - runTime.reset(): null

2020-11-10 19:45:19 - [TEST_STEP][PASSED] - runTime.start(): null

2020-11-10 19:45:19 - [TEST_STEP][PASSED] - dataCompareAPK2 = findTestData("dt-2/dt_APK"): null

2020-11-10 19:45:19 - [TEST_STEP][PASSED] - strNoAPK2 = dataCompareAPK2.getValue("NO", excelRow): null

2020-11-10 19:45:19 - [TEST_STEP][PASSED] - comparePS.ProposalASL1.ComparePS(strNoAPK2, excelRow): comparePS.ProposalASL1.ComparePS is PASSED

2020-11-10 19:45:19 - [MESSAGE][PASSED] - comparePS.ProposalASL1.ComparePS is PASSED

2020-11-10 19:45:19 - [TEST_STEP][PASSED] - comparePS.KeywordPS.callStatus(strNoAPK2, "sheetAPK2", 17): comparePS.KeywordPS.callStatus is PASSED

2020-11-10 19:45:19 - [MESSAGE][PASSED] - comparePS.KeywordPS.callStatus is PASSED

2020-11-10 19:45:19 - [TEST_STEP][PASSED] - runTime.reset(): null

2020-11-10 19:45:19 - [TEST_STEP][PASSED] - runTime.start(): null

2020-11-10 19:45:19 - [TEST_STEP][PASSED] - dataCompareAPK2 = findTestData("dt-2/dt_APK"): null

2020-11-10 19:45:19 - [TEST_STEP][PASSED] - strNoAPK2 = dataCompareAPK2.getValue("NO", excelRow): null

2020-11-10 19:45:19 - [TEST_STEP][PASSED] - comparePS.ProposalASL1.ComparePS(strNoAPK2, excelRow): comparePS.ProposalASL1.ComparePS is PASSED

2020-11-10 19:45:19 - [MESSAGE][PASSED] - comparePS.ProposalASL1.ComparePS is PASSED

2020-11-10 19:45:19 - [TEST_STEP][PASSED] - comparePS.KeywordPS.callStatus(strNoAPK2, "sheetAPK2", 17): comparePS.KeywordPS.callStatus is PASSED

2020-11-10 19:45:20 - [MESSAGE][PASSED] - comparePS.KeywordPS.callStatus is PASSED

2020-11-10 19:45:20 - [TEST_STEP][PASSED] - runTime.reset(): null

2020-11-10 19:45:20 - [TEST_STEP][PASSED] - runTime.start(): null

2020-11-10 19:45:20 - [TEST_STEP][PASSED] - dataCompareAPK2 = findTestData("dt-2/dt_APK"): null

2020-11-10 19:45:20 - [TEST_STEP][PASSED] - strNoAPK2 = dataCompareAPK2.getValue("NO", excelRow): null

2020-11-10 19:45:20 - [TEST_STEP][PASSED] - comparePS.ProposalASL1.ComparePS(strNoAPK2, excelRow): comparePS.ProposalASL1.ComparePS is PASSED

2020-11-10 19:45:20 - [MESSAGE][PASSED] - comparePS.ProposalASL1.ComparePS is PASSED

2020-11-10 19:45:20 - [TEST_STEP][PASSED] - comparePS.KeywordPS.callStatus(strNoAPK2, "sheetAPK2", 17): comparePS.KeywordPS.callStatus is PASSED

2020-11-10 19:45:20 - [MESSAGE][PASSED] - comparePS.KeywordPS.callStatus is PASSED

2020-11-10 19:45:20 - [TEST_STEP][PASSED] - runTime.reset(): null

2020-11-10 19:45:20 - [TEST_STEP][PASSED] - runTime.start(): null

2020-11-10 19:45:20 - [TEST_STEP][PASSED] - dataCompareAPK2 = findTestData("dt-2/dt_APK"): null

2020-11-10 19:45:20 - [TEST_STEP][PASSED] - strNoAPK2 = dataCompareAPK2.getValue("NO", excelRow): null

2020-11-10 19:45:20 - [TEST_STEP][PASSED] - comparePS.ProposalASL1.ComparePS(strNoAPK2, excelRow): comparePS.ProposalASL1.ComparePS is PASSED

2020-11-10 19:45:20 - [MESSAGE][PASSED] - comparePS.ProposalASL1.ComparePS is PASSED

2020-11-10 19:45:20 - [TEST_STEP][PASSED] - comparePS.KeywordPS.callStatus(strNoAPK2, "sheetAPK2", 17): comparePS.KeywordPS.callStatus is PASSED

2020-11-10 19:45:20 - [MESSAGE][PASSED] - comparePS.KeywordPS.callStatus is PASSED

2020-11-10 19:45:20 - [TEST_STEP][PASSED] - runTime.reset(): null

2020-11-10 19:45:20 - [TEST_STEP][PASSED] - runTime.start(): null

2020-11-10 19:45:20 - [TEST_STEP][PASSED] - dataCompareAPK2 = findTestData("dt-2/dt_APK"): null

2020-11-10 19:45:20 - [TEST_STEP][PASSED] - strNoAPK2 = dataCompareAPK2.getValue("NO", excelRow): null

2020-11-10 19:45:20 - [TEST_STEP][PASSED] - comparePS.ProposalASL1.ComparePS(strNoAPK2, excelRow): comparePS.ProposalASL1.ComparePS is PASSED

2020-11-10 19:45:20 - [MESSAGE][PASSED] - comparePS.ProposalASL1.ComparePS is PASSED

2020-11-10 19:45:20 - [TEST_STEP][PASSED] - comparePS.KeywordPS.callStatus(strNoAPK2, "sheetAPK2", 17): comparePS.KeywordPS.callStatus is PASSED

2020-11-10 19:45:20 - [MESSAGE][PASSED] - comparePS.KeywordPS.callStatus is PASSED

2020-11-10 19:45:20 - [TEST_STEP][PASSED] - runTime.reset(): null

2020-11-10 19:45:20 - [TEST_STEP][PASSED] - runTime.start(): null

2020-11-10 19:45:20 - [TEST_STEP][PASSED] - dataCompareAPK2 = findTestData("dt-2/dt_APK"): null

2020-11-10 19:45:21 - [TEST_STEP][PASSED] - strNoAPK2 = dataCompareAPK2.getValue("NO", excelRow): null

2020-11-10 19:45:21 - [TEST_STEP][PASSED] - comparePS.ProposalASL1.ComparePS(strNoAPK2, excelRow): comparePS.ProposalASL1.ComparePS is PASSED

2020-11-10 19:45:21 - [MESSAGE][PASSED] - comparePS.ProposalASL1.ComparePS is PASSED

2020-11-10 19:45:21 - [TEST_STEP][PASSED] - comparePS.KeywordPS.callStatus(strNoAPK2, "sheetAPK2", 17): comparePS.KeywordPS.callStatus is PASSED

2020-11-10 19:45:21 - [MESSAGE][PASSED] - comparePS.KeywordPS.callStatus is PASSED

2020-11-10 19:45:21 - [TEST_STEP][PASSED] - runTime.reset(): null

2020-11-10 19:45:21 - [TEST_STEP][PASSED] - runTime.start(): null

2020-11-10 19:45:21 - [TEST_STEP][PASSED] - dataCompareAPK2 = findTestData("dt-2/dt_APK"): null

2020-11-10 19:45:21 - [TEST_STEP][PASSED] - strNoAPK2 = dataCompareAPK2.getValue("NO", excelRow): null

2020-11-10 19:45:21 - [TEST_STEP][PASSED] - comparePS.ProposalASL1.ComparePS(strNoAPK2, excelRow): comparePS.ProposalASL1.ComparePS is PASSED

2020-11-10 19:45:21 - [MESSAGE][PASSED] - comparePS.ProposalASL1.ComparePS is PASSED

2020-11-10 19:45:21 - [TEST_STEP][PASSED] - comparePS.KeywordPS.callStatus(strNoAPK2, "sheetAPK2", 17): comparePS.KeywordPS.callStatus is PASSED

2020-11-10 19:45:21 - [MESSAGE][PASSED] - comparePS.KeywordPS.callStatus is PASSED

2020-11-10 19:45:21 - [TEST_STEP][PASSED] - runTime.reset(): null

2020-11-10 19:45:21 - [TEST_STEP][PASSED] - runTime.start(): null

2020-11-10 19:45:21 - [TEST_STEP][PASSED] - dataCompareAPK2 = findTestData("dt-2/dt_APK"): null

2020-11-10 19:45:21 - [TEST_STEP][PASSED] - strNoAPK2 = dataCompareAPK2.getValue("NO", excelRow): null

2020-11-10 19:45:21 - [TEST_STEP][PASSED] - comparePS.ProposalASL1.ComparePS(strNoAPK2, excelRow): comparePS.ProposalASL1.ComparePS is PASSED

2020-11-10 19:45:21 - [MESSAGE][PASSED] - comparePS.ProposalASL1.ComparePS is PASSED

2020-11-10 19:45:21 - [TEST_STEP][PASSED] - comparePS.KeywordPS.callStatus(strNoAPK2, "sheetAPK2", 17): comparePS.KeywordPS.callStatus is PASSED

2020-11-10 19:45:21 - [MESSAGE][PASSED] - comparePS.KeywordPS.callStatus is PASSED

2020-11-10 19:45:21 - [TEST_STEP][PASSED] - runTime.reset(): null

2020-11-10 19:45:21 - [TEST_STEP][PASSED] - runTime.start(): null

2020-11-10 19:45:21 - [TEST_STEP][PASSED] - dataCompareAPK2 = findTestData("dt-2/dt_APK"): null

2020-11-10 19:45:22 - [TEST_STEP][PASSED] - strNoAPK2 = dataCompareAPK2.getValue("NO", excelRow): null

2020-11-10 19:45:22 - [TEST_STEP][PASSED] - comparePS.ProposalASL1.ComparePS(strNoAPK2, excelRow): comparePS.ProposalASL1.ComparePS is PASSED

2020-11-10 19:45:22 - [MESSAGE][PASSED] - comparePS.ProposalASL1.ComparePS is PASSED

2020-11-10 19:45:22 - [TEST_STEP][PASSED] - comparePS.KeywordPS.callStatus(strNoAPK2, "sheetAPK2", 17): comparePS.KeywordPS.callStatus is PASSED

2020-11-10 19:45:22 - [MESSAGE][PASSED] - comparePS.KeywordPS.callStatus is PASSED

2020-11-10 19:45:22 - [TEST_STEP][PASSED] - runTime.reset(): null

2020-11-10 19:45:22 - [TEST_STEP][PASSED] - runTime.start(): null

2020-11-10 19:45:22 - [TEST_STEP][PASSED] - dataCompareAPK2 = findTestData("dt-2/dt_APK"): null

2020-11-10 19:45:22 - [TEST_STEP][PASSED] - strNoAPK2 = dataCompareAPK2.getValue("NO", excelRow): null

2020-11-10 19:45:22 - [TEST_STEP][ERROR] - comparePS.ProposalASL1.ComparePS(strNoAPK2, excelRow): Invalid row index 66 for test data 'C:\ANDIKA\PROJECT\PS\DT PS\DATA\Compare\ExcelAPK.xlsx'. Row index must be between 1..65

2020-11-10 19:45:22 - [MESSAGE][ERROR] - Invalid row index 66 for test data 'C:\ANDIKA\PROJECT\PS\DT PS\DATA\Compare\ExcelAPK.xlsx'. Row index must be between 1..65]]></system-out>
         <system-err><![CDATA[2020-11-10 19:44:59 - [TEST_CASE][ERROR] - Test Cases/ComparePS-2: Test Cases/ComparePS-2 FAILED.
Reason:
java.lang.IllegalArgumentException: Invalid row index 66 for test data 'C:\ANDIKA\PROJECT\PS\DT PS\DATA\Compare\ExcelAPK.xlsx'. Row index must be between 1..65
	at com.kms.katalon.core.testdata.AbstractTestData.verifyRowIndex(AbstractTestData.java:54)
	at com.kms.katalon.core.testdata.AbstractTestData.getObjectValue(AbstractTestData.java:135)
	at com.kms.katalon.core.testdata.AbstractTestData.getValue(AbstractTestData.java:107)
	at com.kms.katalon.core.testdata.TestData$getValue$0.call(Unknown Source)
	at comparePS.ProposalASL1.ComparePS(ProposalASL1.groovy:53)
	at comparePS.ProposalASL1.invokeMethod(ProposalASL1.groovy)
	at com.kms.katalon.core.main.CustomKeywordDelegatingMetaClass.invokeStaticMethod(CustomKeywordDelegatingMetaClass.java:50)
	at ComparePS-2.run(ComparePS-2:121)
	at com.kms.katalon.core.main.ScriptEngine.run(ScriptEngine.java:194)
	at com.kms.katalon.core.main.ScriptEngine.runScriptAsRawText(ScriptEngine.java:119)
	at com.kms.katalon.core.main.TestCaseExecutor.runScript(TestCaseExecutor.java:337)
	at com.kms.katalon.core.main.TestCaseExecutor.doExecute(TestCaseExecutor.java:328)
	at com.kms.katalon.core.main.TestCaseExecutor.processExecutionPhase(TestCaseExecutor.java:307)
	at com.kms.katalon.core.main.TestCaseExecutor.accessMainPhase(TestCaseExecutor.java:299)
	at com.kms.katalon.core.main.TestCaseExecutor.execute(TestCaseExecutor.java:233)
	at com.kms.katalon.core.main.TestSuiteExecutor.accessTestCaseMainPhase(TestSuiteExecutor.java:169)
	at com.kms.katalon.core.main.TestSuiteExecutor.accessTestSuiteMainPhase(TestSuiteExecutor.java:142)
	at com.kms.katalon.core.main.TestSuiteExecutor.execute(TestSuiteExecutor.java:91)
	at com.kms.katalon.core.main.TestCaseMain.startTestSuite(TestCaseMain.java:157)
	at com.kms.katalon.core.main.TestCaseMain$startTestSuite$0.call(Unknown Source)
	at TempTestSuite1605012259650.run(TempTestSuite1605012259650.groovy:37)]]></system-err>
      </testcase>
      <system-out><![CDATA[2020-11-10 19:44:29 - [TEST_SUITE][ERROR] - ComparePS: Test Cases/ComparePS-2 FAILED.
Reason:
java.lang.IllegalArgumentException: Invalid row index 66 for test data 'C:\ANDIKA\PROJECT\PS\DT PS\DATA\Compare\ExcelAPK.xlsx'. Row index must be between 1..65
	at com.kms.katalon.core.testdata.AbstractTestData.verifyRowIndex(AbstractTestData.java:54)
	at com.kms.katalon.core.testdata.AbstractTestData.getObjectValue(AbstractTestData.java:135)
	at com.kms.katalon.core.testdata.AbstractTestData.getValue(AbstractTestData.java:107)
	at com.kms.katalon.core.testdata.TestData$getValue$0.call(Unknown Source)
	at comparePS.ProposalASL1.ComparePS(ProposalASL1.groovy:53)
	at comparePS.ProposalASL1.invokeMethod(ProposalASL1.groovy)
	at com.kms.katalon.core.main.CustomKeywordDelegatingMetaClass.invokeStaticMethod(CustomKeywordDelegatingMetaClass.java:50)
	at ComparePS-2.run(ComparePS-2:121)
	at com.kms.katalon.core.main.ScriptEngine.run(ScriptEngine.java:194)
	at com.kms.katalon.core.main.ScriptEngine.runScriptAsRawText(ScriptEngine.java:119)
	at com.kms.katalon.core.main.TestCaseExecutor.runScript(TestCaseExecutor.java:337)
	at com.kms.katalon.core.main.TestCaseExecutor.doExecute(TestCaseExecutor.java:328)
	at com.kms.katalon.core.main.TestCaseExecutor.processExecutionPhase(TestCaseExecutor.java:307)
	at com.kms.katalon.core.main.TestCaseExecutor.accessMainPhase(TestCaseExecutor.java:299)
	at com.kms.katalon.core.main.TestCaseExecutor.execute(TestCaseExecutor.java:233)
	at com.kms.katalon.core.main.TestSuiteExecutor.accessTestCaseMainPhase(TestSuiteExecutor.java:169)
	at com.kms.katalon.core.main.TestSuiteExecutor.accessTestSuiteMainPhase(TestSuiteExecutor.java:142)
	at com.kms.katalon.core.main.TestSuiteExecutor.execute(TestSuiteExecutor.java:91)
	at com.kms.katalon.core.main.TestCaseMain.startTestSuite(TestCaseMain.java:157)
	at com.kms.katalon.core.main.TestCaseMain$startTestSuite$0.call(Unknown Source)
	at TempTestSuite1605012259650.run(TempTestSuite1605012259650.groovy:37)]]></system-out>
      <system-err><![CDATA[2020-11-10 19:44:29 - [TEST_SUITE][ERROR] - ComparePS: Test Cases/ComparePS-2 FAILED.
Reason:
java.lang.IllegalArgumentException: Invalid row index 66 for test data 'C:\ANDIKA\PROJECT\PS\DT PS\DATA\Compare\ExcelAPK.xlsx'. Row index must be between 1..65
	at com.kms.katalon.core.testdata.AbstractTestData.verifyRowIndex(AbstractTestData.java:54)
	at com.kms.katalon.core.testdata.AbstractTestData.getObjectValue(AbstractTestData.java:135)
	at com.kms.katalon.core.testdata.AbstractTestData.getValue(AbstractTestData.java:107)
	at com.kms.katalon.core.testdata.TestData$getValue$0.call(Unknown Source)
	at comparePS.ProposalASL1.ComparePS(ProposalASL1.groovy:53)
	at comparePS.ProposalASL1.invokeMethod(ProposalASL1.groovy)
	at com.kms.katalon.core.main.CustomKeywordDelegatingMetaClass.invokeStaticMethod(CustomKeywordDelegatingMetaClass.java:50)
	at ComparePS-2.run(ComparePS-2:121)
	at com.kms.katalon.core.main.ScriptEngine.run(ScriptEngine.java:194)
	at com.kms.katalon.core.main.ScriptEngine.runScriptAsRawText(ScriptEngine.java:119)
	at com.kms.katalon.core.main.TestCaseExecutor.runScript(TestCaseExecutor.java:337)
	at com.kms.katalon.core.main.TestCaseExecutor.doExecute(TestCaseExecutor.java:328)
	at com.kms.katalon.core.main.TestCaseExecutor.processExecutionPhase(TestCaseExecutor.java:307)
	at com.kms.katalon.core.main.TestCaseExecutor.accessMainPhase(TestCaseExecutor.java:299)
	at com.kms.katalon.core.main.TestCaseExecutor.execute(TestCaseExecutor.java:233)
	at com.kms.katalon.core.main.TestSuiteExecutor.accessTestCaseMainPhase(TestSuiteExecutor.java:169)
	at com.kms.katalon.core.main.TestSuiteExecutor.accessTestSuiteMainPhase(TestSuiteExecutor.java:142)
	at com.kms.katalon.core.main.TestSuiteExecutor.execute(TestSuiteExecutor.java:91)
	at com.kms.katalon.core.main.TestCaseMain.startTestSuite(TestCaseMain.java:157)
	at com.kms.katalon.core.main.TestCaseMain$startTestSuite$0.call(Unknown Source)
	at TempTestSuite1605012259650.run(TempTestSuite1605012259650.groovy:37)]]></system-err>
   </testsuite>
</testsuites>
