<?xml version="1.0" encoding="UTF-8"?>
<testsuites name="ComparePS" time="28.303" tests="1" failures="0" errors="0">
   <testsuite name="ComparePS" tests="1" failures="0" errors="0" time="28.303" timestamp="2020-11-11 15:30:49" hostname="Andika Prananto - ID-ASI-8PZWPQ2.axa-id.intraxa" id="Test Suites/ComparePS">
      <properties>
         <property name="deviceName" value=""/>
         <property name="devicePlatform" value=""/>
         <property name="logFolder" value="C:\\Users\\andika prananto\\Katalon Studio\\ComparePS\\Reports\\20201111_153041\\ComparePS\\20201111_153041"/>
         <property name="logFiles" value="C:\\Users\\andika prananto\\Katalon Studio\\ComparePS\\Reports\\20201111_153041\\ComparePS\\20201111_153041\\execution0.log"/>
         <property name="attachments" value=""/>
         <property name="hostName" value="Andika Prananto - ID-ASI-8PZWPQ2.axa-id.intraxa"/>
         <property name="hostAddress" value="10.47.183.8"/>
         <property name="os" value="Windows 10 64bit"/>
         <property name="katalonVersion" value="7.4.0.1"/>
      </properties>
      <testcase name="Test Cases/ComparePS-1" time="27.67" classname="Test Cases/ComparePS-1" status="PASSED">
         <system-out><![CDATA[2020-11-11 15:30:49 - [TEST_CASE][PASSED] - Test Cases/ComparePS-1: Test Cases/ComparePS-1

2020-11-11 15:30:51 - [TEST_STEP][PASSED] - sekarang = new java.util.Date(): null

2020-11-11 15:30:51 - [TEST_STEP][PASSED] - tgl = sekarang.format("yyyy-MM-dd"): null

2020-11-11 15:30:51 - [TEST_STEP][PASSED] - fullFlow = true: null

2020-11-11 15:30:51 - [TEST_STEP][PASSED] - strGlbDate = tgl: null

2020-11-11 15:30:51 - [TEST_STEP][PASSED] - strGlbStatus = "": null

2020-11-11 15:30:51 - [TEST_STEP][PASSED] - strGlbKeterangan = "": null

2020-11-11 15:30:51 - [TEST_STEP][PASSED] - strGlbCrash = false: null

2020-11-11 15:30:51 - [TEST_STEP][PASSED] - strGlbAlamat = false: null

2020-11-11 15:30:51 - [TEST_STEP][PASSED] - strGlbNomor = 1: null

2020-11-11 15:30:51 - [TEST_STEP][PASSED] - strGlbNumImage = 0: null

2020-11-11 15:30:51 - [TEST_STEP][PASSED] - runTime = StopWatch.createStarted(): null

2020-11-11 15:30:51 - [TEST_STEP][PASSED] - getLastRow = findTestData("dt-1/dt_APK").getRowNumbers(): null

2020-11-11 15:30:52 - [TEST_STEP][PASSED] - for (int excelRow : (1..getLastRow)): comparePS.KeywordPS.callStatus is PASSED

2020-11-11 15:30:52 - [TEST_STEP][PASSED] - runTime.reset(): null

2020-11-11 15:30:52 - [TEST_STEP][PASSED] - runTime.start(): null

2020-11-11 15:30:52 - [TEST_STEP][PASSED] - dataCompareAPK = findTestData("dt-1/dt_APK"): null

2020-11-11 15:30:53 - [TEST_STEP][PASSED] - strNoAPK = dataCompareAPK.getValue("NO", excelRow): null

2020-11-11 15:30:53 - [TEST_STEP][PASSED] - comparePS.ProposalASL1.ComparePS(strNoAPK, excelRow): comparePS.ProposalASL1.ComparePS is PASSED

2020-11-11 15:30:53 - [MESSAGE][PASSED] - comparePS.ProposalASL1.ComparePS is PASSED

2020-11-11 15:30:53 - [TEST_STEP][PASSED] - comparePS.KeywordPS.callStatus(strNoAPK, "sheetAPK1", 17): comparePS.KeywordPS.callStatus is PASSED

2020-11-11 15:30:53 - [MESSAGE][PASSED] - comparePS.KeywordPS.callStatus is PASSED

2020-11-11 15:30:53 - [TEST_STEP][PASSED] - runTime.reset(): null

2020-11-11 15:30:53 - [TEST_STEP][PASSED] - runTime.start(): null

2020-11-11 15:30:53 - [TEST_STEP][PASSED] - dataCompareAPK = findTestData("dt-1/dt_APK"): null

2020-11-11 15:30:54 - [TEST_STEP][PASSED] - strNoAPK = dataCompareAPK.getValue("NO", excelRow): null

2020-11-11 15:30:54 - [TEST_STEP][PASSED] - comparePS.ProposalASL1.ComparePS(strNoAPK, excelRow): comparePS.ProposalASL1.ComparePS is PASSED

2020-11-11 15:30:54 - [MESSAGE][PASSED] - comparePS.ProposalASL1.ComparePS is PASSED

2020-11-11 15:30:54 - [TEST_STEP][PASSED] - comparePS.KeywordPS.callStatus(strNoAPK, "sheetAPK1", 17): comparePS.KeywordPS.callStatus is PASSED

2020-11-11 15:30:54 - [MESSAGE][PASSED] - comparePS.KeywordPS.callStatus is PASSED

2020-11-11 15:30:54 - [TEST_STEP][PASSED] - runTime.reset(): null

2020-11-11 15:30:54 - [TEST_STEP][PASSED] - runTime.start(): null

2020-11-11 15:30:54 - [TEST_STEP][PASSED] - dataCompareAPK = findTestData("dt-1/dt_APK"): null

2020-11-11 15:30:54 - [TEST_STEP][PASSED] - strNoAPK = dataCompareAPK.getValue("NO", excelRow): null

2020-11-11 15:30:54 - [TEST_STEP][PASSED] - comparePS.ProposalASL1.ComparePS(strNoAPK, excelRow): comparePS.ProposalASL1.ComparePS is PASSED

2020-11-11 15:30:55 - [MESSAGE][PASSED] - comparePS.ProposalASL1.ComparePS is PASSED

2020-11-11 15:30:55 - [TEST_STEP][PASSED] - comparePS.KeywordPS.callStatus(strNoAPK, "sheetAPK1", 17): comparePS.KeywordPS.callStatus is PASSED

2020-11-11 15:30:55 - [MESSAGE][PASSED] - comparePS.KeywordPS.callStatus is PASSED

2020-11-11 15:30:55 - [TEST_STEP][PASSED] - runTime.reset(): null

2020-11-11 15:30:55 - [TEST_STEP][PASSED] - runTime.start(): null

2020-11-11 15:30:55 - [TEST_STEP][PASSED] - dataCompareAPK = findTestData("dt-1/dt_APK"): null

2020-11-11 15:30:55 - [TEST_STEP][PASSED] - strNoAPK = dataCompareAPK.getValue("NO", excelRow): null

2020-11-11 15:30:55 - [TEST_STEP][PASSED] - comparePS.ProposalASL1.ComparePS(strNoAPK, excelRow): comparePS.ProposalASL1.ComparePS is PASSED

2020-11-11 15:30:55 - [MESSAGE][PASSED] - comparePS.ProposalASL1.ComparePS is PASSED

2020-11-11 15:30:55 - [TEST_STEP][PASSED] - comparePS.KeywordPS.callStatus(strNoAPK, "sheetAPK1", 17): comparePS.KeywordPS.callStatus is PASSED

2020-11-11 15:30:55 - [MESSAGE][PASSED] - comparePS.KeywordPS.callStatus is PASSED

2020-11-11 15:30:55 - [TEST_STEP][PASSED] - runTime.reset(): null

2020-11-11 15:30:55 - [TEST_STEP][PASSED] - runTime.start(): null

2020-11-11 15:30:55 - [TEST_STEP][PASSED] - dataCompareAPK = findTestData("dt-1/dt_APK"): null

2020-11-11 15:30:55 - [TEST_STEP][PASSED] - strNoAPK = dataCompareAPK.getValue("NO", excelRow): null

2020-11-11 15:30:55 - [TEST_STEP][PASSED] - comparePS.ProposalASL1.ComparePS(strNoAPK, excelRow): comparePS.ProposalASL1.ComparePS is PASSED

2020-11-11 15:30:56 - [MESSAGE][PASSED] - comparePS.ProposalASL1.ComparePS is PASSED

2020-11-11 15:30:56 - [TEST_STEP][PASSED] - comparePS.KeywordPS.callStatus(strNoAPK, "sheetAPK1", 17): comparePS.KeywordPS.callStatus is PASSED

2020-11-11 15:30:56 - [MESSAGE][PASSED] - comparePS.KeywordPS.callStatus is PASSED

2020-11-11 15:30:56 - [TEST_STEP][PASSED] - runTime.reset(): null

2020-11-11 15:30:56 - [TEST_STEP][PASSED] - runTime.start(): null

2020-11-11 15:30:56 - [TEST_STEP][PASSED] - dataCompareAPK = findTestData("dt-1/dt_APK"): null

2020-11-11 15:30:56 - [TEST_STEP][PASSED] - strNoAPK = dataCompareAPK.getValue("NO", excelRow): null

2020-11-11 15:30:56 - [TEST_STEP][PASSED] - comparePS.ProposalASL1.ComparePS(strNoAPK, excelRow): comparePS.ProposalASL1.ComparePS is PASSED

2020-11-11 15:30:56 - [MESSAGE][PASSED] - comparePS.ProposalASL1.ComparePS is PASSED

2020-11-11 15:30:56 - [TEST_STEP][PASSED] - comparePS.KeywordPS.callStatus(strNoAPK, "sheetAPK1", 17): comparePS.KeywordPS.callStatus is PASSED

2020-11-11 15:30:56 - [MESSAGE][PASSED] - comparePS.KeywordPS.callStatus is PASSED

2020-11-11 15:30:56 - [TEST_STEP][PASSED] - runTime.reset(): null

2020-11-11 15:30:56 - [TEST_STEP][PASSED] - runTime.start(): null

2020-11-11 15:30:56 - [TEST_STEP][PASSED] - dataCompareAPK = findTestData("dt-1/dt_APK"): null

2020-11-11 15:30:56 - [TEST_STEP][PASSED] - strNoAPK = dataCompareAPK.getValue("NO", excelRow): null

2020-11-11 15:30:56 - [TEST_STEP][PASSED] - comparePS.ProposalASL1.ComparePS(strNoAPK, excelRow): comparePS.ProposalASL1.ComparePS is PASSED

2020-11-11 15:30:57 - [MESSAGE][PASSED] - comparePS.ProposalASL1.ComparePS is PASSED

2020-11-11 15:30:57 - [TEST_STEP][PASSED] - comparePS.KeywordPS.callStatus(strNoAPK, "sheetAPK1", 17): comparePS.KeywordPS.callStatus is PASSED

2020-11-11 15:30:57 - [MESSAGE][PASSED] - comparePS.KeywordPS.callStatus is PASSED

2020-11-11 15:30:57 - [TEST_STEP][PASSED] - runTime.reset(): null

2020-11-11 15:30:57 - [TEST_STEP][PASSED] - runTime.start(): null

2020-11-11 15:30:57 - [TEST_STEP][PASSED] - dataCompareAPK = findTestData("dt-1/dt_APK"): null

2020-11-11 15:30:57 - [TEST_STEP][PASSED] - strNoAPK = dataCompareAPK.getValue("NO", excelRow): null

2020-11-11 15:30:57 - [TEST_STEP][PASSED] - comparePS.ProposalASL1.ComparePS(strNoAPK, excelRow): comparePS.ProposalASL1.ComparePS is PASSED

2020-11-11 15:30:57 - [MESSAGE][PASSED] - comparePS.ProposalASL1.ComparePS is PASSED

2020-11-11 15:30:57 - [TEST_STEP][PASSED] - comparePS.KeywordPS.callStatus(strNoAPK, "sheetAPK1", 17): comparePS.KeywordPS.callStatus is PASSED

2020-11-11 15:30:57 - [MESSAGE][PASSED] - comparePS.KeywordPS.callStatus is PASSED

2020-11-11 15:30:57 - [TEST_STEP][PASSED] - runTime.reset(): null

2020-11-11 15:30:57 - [TEST_STEP][PASSED] - runTime.start(): null

2020-11-11 15:30:57 - [TEST_STEP][PASSED] - dataCompareAPK = findTestData("dt-1/dt_APK"): null

2020-11-11 15:30:57 - [TEST_STEP][PASSED] - strNoAPK = dataCompareAPK.getValue("NO", excelRow): null

2020-11-11 15:30:57 - [TEST_STEP][PASSED] - comparePS.ProposalASL1.ComparePS(strNoAPK, excelRow): comparePS.ProposalASL1.ComparePS is PASSED

2020-11-11 15:30:57 - [MESSAGE][PASSED] - comparePS.ProposalASL1.ComparePS is PASSED

2020-11-11 15:30:57 - [TEST_STEP][PASSED] - comparePS.KeywordPS.callStatus(strNoAPK, "sheetAPK1", 17): comparePS.KeywordPS.callStatus is PASSED

2020-11-11 15:30:57 - [MESSAGE][PASSED] - comparePS.KeywordPS.callStatus is PASSED

2020-11-11 15:30:57 - [TEST_STEP][PASSED] - runTime.reset(): null

2020-11-11 15:30:57 - [TEST_STEP][PASSED] - runTime.start(): null

2020-11-11 15:30:57 - [TEST_STEP][PASSED] - dataCompareAPK = findTestData("dt-1/dt_APK"): null

2020-11-11 15:30:58 - [TEST_STEP][PASSED] - strNoAPK = dataCompareAPK.getValue("NO", excelRow): null

2020-11-11 15:30:58 - [TEST_STEP][PASSED] - comparePS.ProposalASL1.ComparePS(strNoAPK, excelRow): comparePS.ProposalASL1.ComparePS is PASSED

2020-11-11 15:30:58 - [MESSAGE][PASSED] - comparePS.ProposalASL1.ComparePS is PASSED

2020-11-11 15:30:58 - [TEST_STEP][PASSED] - comparePS.KeywordPS.callStatus(strNoAPK, "sheetAPK1", 17): comparePS.KeywordPS.callStatus is PASSED

2020-11-11 15:30:58 - [MESSAGE][PASSED] - comparePS.KeywordPS.callStatus is PASSED

2020-11-11 15:30:58 - [TEST_STEP][PASSED] - runTime.reset(): null

2020-11-11 15:30:58 - [TEST_STEP][PASSED] - runTime.start(): null

2020-11-11 15:30:58 - [TEST_STEP][PASSED] - dataCompareAPK = findTestData("dt-1/dt_APK"): null

2020-11-11 15:30:58 - [TEST_STEP][PASSED] - strNoAPK = dataCompareAPK.getValue("NO", excelRow): null

2020-11-11 15:30:58 - [TEST_STEP][PASSED] - comparePS.ProposalASL1.ComparePS(strNoAPK, excelRow): comparePS.ProposalASL1.ComparePS is PASSED

2020-11-11 15:30:58 - [MESSAGE][PASSED] - comparePS.ProposalASL1.ComparePS is PASSED

2020-11-11 15:30:58 - [TEST_STEP][PASSED] - comparePS.KeywordPS.callStatus(strNoAPK, "sheetAPK1", 17): comparePS.KeywordPS.callStatus is PASSED

2020-11-11 15:30:58 - [MESSAGE][PASSED] - comparePS.KeywordPS.callStatus is PASSED

2020-11-11 15:30:58 - [TEST_STEP][PASSED] - runTime.reset(): null

2020-11-11 15:30:58 - [TEST_STEP][PASSED] - runTime.start(): null

2020-11-11 15:30:58 - [TEST_STEP][PASSED] - dataCompareAPK = findTestData("dt-1/dt_APK"): null

2020-11-11 15:30:58 - [TEST_STEP][PASSED] - strNoAPK = dataCompareAPK.getValue("NO", excelRow): null

2020-11-11 15:30:58 - [TEST_STEP][PASSED] - comparePS.ProposalASL1.ComparePS(strNoAPK, excelRow): comparePS.ProposalASL1.ComparePS is PASSED

2020-11-11 15:30:59 - [MESSAGE][PASSED] - comparePS.ProposalASL1.ComparePS is PASSED

2020-11-11 15:30:59 - [TEST_STEP][PASSED] - comparePS.KeywordPS.callStatus(strNoAPK, "sheetAPK1", 17): comparePS.KeywordPS.callStatus is PASSED

2020-11-11 15:30:59 - [MESSAGE][PASSED] - comparePS.KeywordPS.callStatus is PASSED

2020-11-11 15:30:59 - [TEST_STEP][PASSED] - runTime.reset(): null

2020-11-11 15:30:59 - [TEST_STEP][PASSED] - runTime.start(): null

2020-11-11 15:30:59 - [TEST_STEP][PASSED] - dataCompareAPK = findTestData("dt-1/dt_APK"): null

2020-11-11 15:30:59 - [TEST_STEP][PASSED] - strNoAPK = dataCompareAPK.getValue("NO", excelRow): null

2020-11-11 15:30:59 - [TEST_STEP][PASSED] - comparePS.ProposalASL1.ComparePS(strNoAPK, excelRow): comparePS.ProposalASL1.ComparePS is PASSED

2020-11-11 15:30:59 - [MESSAGE][PASSED] - comparePS.ProposalASL1.ComparePS is PASSED

2020-11-11 15:30:59 - [TEST_STEP][PASSED] - comparePS.KeywordPS.callStatus(strNoAPK, "sheetAPK1", 17): comparePS.KeywordPS.callStatus is PASSED

2020-11-11 15:30:59 - [MESSAGE][PASSED] - comparePS.KeywordPS.callStatus is PASSED

2020-11-11 15:30:59 - [TEST_STEP][PASSED] - runTime.reset(): null

2020-11-11 15:30:59 - [TEST_STEP][PASSED] - runTime.start(): null

2020-11-11 15:30:59 - [TEST_STEP][PASSED] - dataCompareAPK = findTestData("dt-1/dt_APK"): null

2020-11-11 15:30:59 - [TEST_STEP][PASSED] - strNoAPK = dataCompareAPK.getValue("NO", excelRow): null

2020-11-11 15:30:59 - [TEST_STEP][PASSED] - comparePS.ProposalASL1.ComparePS(strNoAPK, excelRow): comparePS.ProposalASL1.ComparePS is PASSED

2020-11-11 15:30:59 - [MESSAGE][PASSED] - comparePS.ProposalASL1.ComparePS is PASSED

2020-11-11 15:30:59 - [TEST_STEP][PASSED] - comparePS.KeywordPS.callStatus(strNoAPK, "sheetAPK1", 17): comparePS.KeywordPS.callStatus is PASSED

2020-11-11 15:30:59 - [MESSAGE][PASSED] - comparePS.KeywordPS.callStatus is PASSED

2020-11-11 15:30:59 - [TEST_STEP][PASSED] - runTime.reset(): null

2020-11-11 15:30:59 - [TEST_STEP][PASSED] - runTime.start(): null

2020-11-11 15:30:59 - [TEST_STEP][PASSED] - dataCompareAPK = findTestData("dt-1/dt_APK"): null

2020-11-11 15:30:59 - [TEST_STEP][PASSED] - strNoAPK = dataCompareAPK.getValue("NO", excelRow): null

2020-11-11 15:30:59 - [TEST_STEP][PASSED] - comparePS.ProposalASL1.ComparePS(strNoAPK, excelRow): comparePS.ProposalASL1.ComparePS is PASSED

2020-11-11 15:31:00 - [MESSAGE][PASSED] - comparePS.ProposalASL1.ComparePS is PASSED

2020-11-11 15:31:00 - [TEST_STEP][PASSED] - comparePS.KeywordPS.callStatus(strNoAPK, "sheetAPK1", 17): comparePS.KeywordPS.callStatus is PASSED

2020-11-11 15:31:00 - [MESSAGE][PASSED] - comparePS.KeywordPS.callStatus is PASSED

2020-11-11 15:31:00 - [TEST_STEP][PASSED] - runTime.reset(): null

2020-11-11 15:31:00 - [TEST_STEP][PASSED] - runTime.start(): null

2020-11-11 15:31:00 - [TEST_STEP][PASSED] - dataCompareAPK = findTestData("dt-1/dt_APK"): null

2020-11-11 15:31:00 - [TEST_STEP][PASSED] - strNoAPK = dataCompareAPK.getValue("NO", excelRow): null

2020-11-11 15:31:00 - [TEST_STEP][PASSED] - comparePS.ProposalASL1.ComparePS(strNoAPK, excelRow): comparePS.ProposalASL1.ComparePS is PASSED

2020-11-11 15:31:00 - [MESSAGE][PASSED] - comparePS.ProposalASL1.ComparePS is PASSED

2020-11-11 15:31:00 - [TEST_STEP][PASSED] - comparePS.KeywordPS.callStatus(strNoAPK, "sheetAPK1", 17): comparePS.KeywordPS.callStatus is PASSED

2020-11-11 15:31:00 - [MESSAGE][PASSED] - comparePS.KeywordPS.callStatus is PASSED

2020-11-11 15:31:00 - [TEST_STEP][PASSED] - runTime.reset(): null

2020-11-11 15:31:00 - [TEST_STEP][PASSED] - runTime.start(): null

2020-11-11 15:31:00 - [TEST_STEP][PASSED] - dataCompareAPK = findTestData("dt-1/dt_APK"): null

2020-11-11 15:31:00 - [TEST_STEP][PASSED] - strNoAPK = dataCompareAPK.getValue("NO", excelRow): null

2020-11-11 15:31:00 - [TEST_STEP][PASSED] - comparePS.ProposalASL1.ComparePS(strNoAPK, excelRow): comparePS.ProposalASL1.ComparePS is PASSED

2020-11-11 15:31:00 - [MESSAGE][PASSED] - comparePS.ProposalASL1.ComparePS is PASSED

2020-11-11 15:31:00 - [TEST_STEP][PASSED] - comparePS.KeywordPS.callStatus(strNoAPK, "sheetAPK1", 17): comparePS.KeywordPS.callStatus is PASSED

2020-11-11 15:31:00 - [MESSAGE][PASSED] - comparePS.KeywordPS.callStatus is PASSED

2020-11-11 15:31:00 - [TEST_STEP][PASSED] - runTime.reset(): null

2020-11-11 15:31:00 - [TEST_STEP][PASSED] - runTime.start(): null

2020-11-11 15:31:00 - [TEST_STEP][PASSED] - dataCompareAPK = findTestData("dt-1/dt_APK"): null

2020-11-11 15:31:00 - [TEST_STEP][PASSED] - strNoAPK = dataCompareAPK.getValue("NO", excelRow): null

2020-11-11 15:31:00 - [TEST_STEP][PASSED] - comparePS.ProposalASL1.ComparePS(strNoAPK, excelRow): comparePS.ProposalASL1.ComparePS is PASSED

2020-11-11 15:31:01 - [MESSAGE][PASSED] - comparePS.ProposalASL1.ComparePS is PASSED

2020-11-11 15:31:01 - [TEST_STEP][PASSED] - comparePS.KeywordPS.callStatus(strNoAPK, "sheetAPK1", 17): comparePS.KeywordPS.callStatus is PASSED

2020-11-11 15:31:01 - [MESSAGE][PASSED] - comparePS.KeywordPS.callStatus is PASSED

2020-11-11 15:31:01 - [TEST_STEP][PASSED] - runTime.reset(): null

2020-11-11 15:31:01 - [TEST_STEP][PASSED] - runTime.start(): null

2020-11-11 15:31:01 - [TEST_STEP][PASSED] - dataCompareAPK = findTestData("dt-1/dt_APK"): null

2020-11-11 15:31:01 - [TEST_STEP][PASSED] - strNoAPK = dataCompareAPK.getValue("NO", excelRow): null

2020-11-11 15:31:01 - [TEST_STEP][PASSED] - comparePS.ProposalASL1.ComparePS(strNoAPK, excelRow): comparePS.ProposalASL1.ComparePS is PASSED

2020-11-11 15:31:01 - [MESSAGE][PASSED] - comparePS.ProposalASL1.ComparePS is PASSED

2020-11-11 15:31:01 - [TEST_STEP][PASSED] - comparePS.KeywordPS.callStatus(strNoAPK, "sheetAPK1", 17): comparePS.KeywordPS.callStatus is PASSED

2020-11-11 15:31:01 - [MESSAGE][PASSED] - comparePS.KeywordPS.callStatus is PASSED

2020-11-11 15:31:01 - [TEST_STEP][PASSED] - runTime.reset(): null

2020-11-11 15:31:01 - [TEST_STEP][PASSED] - runTime.start(): null

2020-11-11 15:31:01 - [TEST_STEP][PASSED] - dataCompareAPK = findTestData("dt-1/dt_APK"): null

2020-11-11 15:31:01 - [TEST_STEP][PASSED] - strNoAPK = dataCompareAPK.getValue("NO", excelRow): null

2020-11-11 15:31:01 - [TEST_STEP][PASSED] - comparePS.ProposalASL1.ComparePS(strNoAPK, excelRow): comparePS.ProposalASL1.ComparePS is PASSED

2020-11-11 15:31:01 - [MESSAGE][PASSED] - comparePS.ProposalASL1.ComparePS is PASSED

2020-11-11 15:31:01 - [TEST_STEP][PASSED] - comparePS.KeywordPS.callStatus(strNoAPK, "sheetAPK1", 17): comparePS.KeywordPS.callStatus is PASSED

2020-11-11 15:31:01 - [MESSAGE][PASSED] - comparePS.KeywordPS.callStatus is PASSED

2020-11-11 15:31:01 - [TEST_STEP][PASSED] - runTime.reset(): null

2020-11-11 15:31:01 - [TEST_STEP][PASSED] - runTime.start(): null

2020-11-11 15:31:01 - [TEST_STEP][PASSED] - dataCompareAPK = findTestData("dt-1/dt_APK"): null

2020-11-11 15:31:02 - [TEST_STEP][PASSED] - strNoAPK = dataCompareAPK.getValue("NO", excelRow): null

2020-11-11 15:31:02 - [TEST_STEP][PASSED] - comparePS.ProposalASL1.ComparePS(strNoAPK, excelRow): comparePS.ProposalASL1.ComparePS is PASSED

2020-11-11 15:31:02 - [MESSAGE][PASSED] - comparePS.ProposalASL1.ComparePS is PASSED

2020-11-11 15:31:02 - [TEST_STEP][PASSED] - comparePS.KeywordPS.callStatus(strNoAPK, "sheetAPK1", 17): comparePS.KeywordPS.callStatus is PASSED

2020-11-11 15:31:02 - [MESSAGE][PASSED] - comparePS.KeywordPS.callStatus is PASSED

2020-11-11 15:31:02 - [TEST_STEP][PASSED] - runTime.reset(): null

2020-11-11 15:31:02 - [TEST_STEP][PASSED] - runTime.start(): null

2020-11-11 15:31:02 - [TEST_STEP][PASSED] - dataCompareAPK = findTestData("dt-1/dt_APK"): null

2020-11-11 15:31:02 - [TEST_STEP][PASSED] - strNoAPK = dataCompareAPK.getValue("NO", excelRow): null

2020-11-11 15:31:02 - [TEST_STEP][PASSED] - comparePS.ProposalASL1.ComparePS(strNoAPK, excelRow): comparePS.ProposalASL1.ComparePS is PASSED

2020-11-11 15:31:02 - [MESSAGE][PASSED] - comparePS.ProposalASL1.ComparePS is PASSED

2020-11-11 15:31:02 - [TEST_STEP][PASSED] - comparePS.KeywordPS.callStatus(strNoAPK, "sheetAPK1", 17): comparePS.KeywordPS.callStatus is PASSED

2020-11-11 15:31:02 - [MESSAGE][PASSED] - comparePS.KeywordPS.callStatus is PASSED

2020-11-11 15:31:02 - [TEST_STEP][PASSED] - runTime.reset(): null

2020-11-11 15:31:02 - [TEST_STEP][PASSED] - runTime.start(): null

2020-11-11 15:31:02 - [TEST_STEP][PASSED] - dataCompareAPK = findTestData("dt-1/dt_APK"): null

2020-11-11 15:31:02 - [TEST_STEP][PASSED] - strNoAPK = dataCompareAPK.getValue("NO", excelRow): null

2020-11-11 15:31:02 - [TEST_STEP][PASSED] - comparePS.ProposalASL1.ComparePS(strNoAPK, excelRow): comparePS.ProposalASL1.ComparePS is PASSED

2020-11-11 15:31:02 - [MESSAGE][PASSED] - comparePS.ProposalASL1.ComparePS is PASSED

2020-11-11 15:31:02 - [TEST_STEP][PASSED] - comparePS.KeywordPS.callStatus(strNoAPK, "sheetAPK1", 17): comparePS.KeywordPS.callStatus is PASSED

2020-11-11 15:31:03 - [MESSAGE][PASSED] - comparePS.KeywordPS.callStatus is PASSED

2020-11-11 15:31:03 - [TEST_STEP][PASSED] - runTime.reset(): null

2020-11-11 15:31:03 - [TEST_STEP][PASSED] - runTime.start(): null

2020-11-11 15:31:03 - [TEST_STEP][PASSED] - dataCompareAPK = findTestData("dt-1/dt_APK"): null

2020-11-11 15:31:03 - [TEST_STEP][PASSED] - strNoAPK = dataCompareAPK.getValue("NO", excelRow): null

2020-11-11 15:31:03 - [TEST_STEP][PASSED] - comparePS.ProposalASL1.ComparePS(strNoAPK, excelRow): comparePS.ProposalASL1.ComparePS is PASSED

2020-11-11 15:31:03 - [MESSAGE][PASSED] - comparePS.ProposalASL1.ComparePS is PASSED

2020-11-11 15:31:03 - [TEST_STEP][PASSED] - comparePS.KeywordPS.callStatus(strNoAPK, "sheetAPK1", 17): comparePS.KeywordPS.callStatus is PASSED

2020-11-11 15:31:03 - [MESSAGE][PASSED] - comparePS.KeywordPS.callStatus is PASSED

2020-11-11 15:31:03 - [TEST_STEP][PASSED] - runTime.reset(): null

2020-11-11 15:31:03 - [TEST_STEP][PASSED] - runTime.start(): null

2020-11-11 15:31:03 - [TEST_STEP][PASSED] - dataCompareAPK = findTestData("dt-1/dt_APK"): null

2020-11-11 15:31:03 - [TEST_STEP][PASSED] - strNoAPK = dataCompareAPK.getValue("NO", excelRow): null

2020-11-11 15:31:03 - [TEST_STEP][PASSED] - comparePS.ProposalASL1.ComparePS(strNoAPK, excelRow): comparePS.ProposalASL1.ComparePS is PASSED

2020-11-11 15:31:03 - [MESSAGE][PASSED] - comparePS.ProposalASL1.ComparePS is PASSED

2020-11-11 15:31:03 - [TEST_STEP][PASSED] - comparePS.KeywordPS.callStatus(strNoAPK, "sheetAPK1", 17): comparePS.KeywordPS.callStatus is PASSED

2020-11-11 15:31:03 - [MESSAGE][PASSED] - comparePS.KeywordPS.callStatus is PASSED

2020-11-11 15:31:03 - [TEST_STEP][PASSED] - runTime.reset(): null

2020-11-11 15:31:03 - [TEST_STEP][PASSED] - runTime.start(): null

2020-11-11 15:31:03 - [TEST_STEP][PASSED] - dataCompareAPK = findTestData("dt-1/dt_APK"): null

2020-11-11 15:31:03 - [TEST_STEP][PASSED] - strNoAPK = dataCompareAPK.getValue("NO", excelRow): null

2020-11-11 15:31:03 - [TEST_STEP][PASSED] - comparePS.ProposalASL1.ComparePS(strNoAPK, excelRow): comparePS.ProposalASL1.ComparePS is PASSED

2020-11-11 15:31:03 - [MESSAGE][PASSED] - comparePS.ProposalASL1.ComparePS is PASSED

2020-11-11 15:31:03 - [TEST_STEP][PASSED] - comparePS.KeywordPS.callStatus(strNoAPK, "sheetAPK1", 17): comparePS.KeywordPS.callStatus is PASSED

2020-11-11 15:31:04 - [MESSAGE][PASSED] - comparePS.KeywordPS.callStatus is PASSED

2020-11-11 15:31:04 - [TEST_STEP][PASSED] - runTime.reset(): null

2020-11-11 15:31:04 - [TEST_STEP][PASSED] - runTime.start(): null

2020-11-11 15:31:04 - [TEST_STEP][PASSED] - dataCompareAPK = findTestData("dt-1/dt_APK"): null

2020-11-11 15:31:04 - [TEST_STEP][PASSED] - strNoAPK = dataCompareAPK.getValue("NO", excelRow): null

2020-11-11 15:31:04 - [TEST_STEP][PASSED] - comparePS.ProposalASL1.ComparePS(strNoAPK, excelRow): comparePS.ProposalASL1.ComparePS is PASSED

2020-11-11 15:31:04 - [MESSAGE][PASSED] - comparePS.ProposalASL1.ComparePS is PASSED

2020-11-11 15:31:04 - [TEST_STEP][PASSED] - comparePS.KeywordPS.callStatus(strNoAPK, "sheetAPK1", 17): comparePS.KeywordPS.callStatus is PASSED

2020-11-11 15:31:04 - [MESSAGE][PASSED] - comparePS.KeywordPS.callStatus is PASSED

2020-11-11 15:31:04 - [TEST_STEP][PASSED] - runTime.reset(): null

2020-11-11 15:31:04 - [TEST_STEP][PASSED] - runTime.start(): null

2020-11-11 15:31:04 - [TEST_STEP][PASSED] - dataCompareAPK = findTestData("dt-1/dt_APK"): null

2020-11-11 15:31:04 - [TEST_STEP][PASSED] - strNoAPK = dataCompareAPK.getValue("NO", excelRow): null

2020-11-11 15:31:04 - [TEST_STEP][PASSED] - comparePS.ProposalASL1.ComparePS(strNoAPK, excelRow): comparePS.ProposalASL1.ComparePS is PASSED

2020-11-11 15:31:04 - [MESSAGE][PASSED] - comparePS.ProposalASL1.ComparePS is PASSED

2020-11-11 15:31:04 - [TEST_STEP][PASSED] - comparePS.KeywordPS.callStatus(strNoAPK, "sheetAPK1", 17): comparePS.KeywordPS.callStatus is PASSED

2020-11-11 15:31:04 - [MESSAGE][PASSED] - comparePS.KeywordPS.callStatus is PASSED

2020-11-11 15:31:04 - [TEST_STEP][PASSED] - runTime.reset(): null

2020-11-11 15:31:04 - [TEST_STEP][PASSED] - runTime.start(): null

2020-11-11 15:31:04 - [TEST_STEP][PASSED] - dataCompareAPK = findTestData("dt-1/dt_APK"): null

2020-11-11 15:31:04 - [TEST_STEP][PASSED] - strNoAPK = dataCompareAPK.getValue("NO", excelRow): null

2020-11-11 15:31:04 - [TEST_STEP][PASSED] - comparePS.ProposalASL1.ComparePS(strNoAPK, excelRow): comparePS.ProposalASL1.ComparePS is PASSED

2020-11-11 15:31:05 - [MESSAGE][PASSED] - comparePS.ProposalASL1.ComparePS is PASSED

2020-11-11 15:31:05 - [TEST_STEP][PASSED] - comparePS.KeywordPS.callStatus(strNoAPK, "sheetAPK1", 17): comparePS.KeywordPS.callStatus is PASSED

2020-11-11 15:31:05 - [MESSAGE][PASSED] - comparePS.KeywordPS.callStatus is PASSED

2020-11-11 15:31:05 - [TEST_STEP][PASSED] - runTime.reset(): null

2020-11-11 15:31:05 - [TEST_STEP][PASSED] - runTime.start(): null

2020-11-11 15:31:05 - [TEST_STEP][PASSED] - dataCompareAPK = findTestData("dt-1/dt_APK"): null

2020-11-11 15:31:05 - [TEST_STEP][PASSED] - strNoAPK = dataCompareAPK.getValue("NO", excelRow): null

2020-11-11 15:31:05 - [TEST_STEP][PASSED] - comparePS.ProposalASL1.ComparePS(strNoAPK, excelRow): comparePS.ProposalASL1.ComparePS is PASSED

2020-11-11 15:31:05 - [MESSAGE][PASSED] - comparePS.ProposalASL1.ComparePS is PASSED

2020-11-11 15:31:05 - [TEST_STEP][PASSED] - comparePS.KeywordPS.callStatus(strNoAPK, "sheetAPK1", 17): comparePS.KeywordPS.callStatus is PASSED

2020-11-11 15:31:05 - [MESSAGE][PASSED] - comparePS.KeywordPS.callStatus is PASSED

2020-11-11 15:31:05 - [TEST_STEP][PASSED] - runTime.reset(): null

2020-11-11 15:31:05 - [TEST_STEP][PASSED] - runTime.start(): null

2020-11-11 15:31:05 - [TEST_STEP][PASSED] - dataCompareAPK = findTestData("dt-1/dt_APK"): null

2020-11-11 15:31:05 - [TEST_STEP][PASSED] - strNoAPK = dataCompareAPK.getValue("NO", excelRow): null

2020-11-11 15:31:05 - [TEST_STEP][PASSED] - comparePS.ProposalASL1.ComparePS(strNoAPK, excelRow): comparePS.ProposalASL1.ComparePS is PASSED

2020-11-11 15:31:05 - [MESSAGE][PASSED] - comparePS.ProposalASL1.ComparePS is PASSED

2020-11-11 15:31:05 - [TEST_STEP][PASSED] - comparePS.KeywordPS.callStatus(strNoAPK, "sheetAPK1", 17): comparePS.KeywordPS.callStatus is PASSED

2020-11-11 15:31:05 - [MESSAGE][PASSED] - comparePS.KeywordPS.callStatus is PASSED

2020-11-11 15:31:05 - [TEST_STEP][PASSED] - runTime.reset(): null

2020-11-11 15:31:05 - [TEST_STEP][PASSED] - runTime.start(): null

2020-11-11 15:31:05 - [TEST_STEP][PASSED] - dataCompareAPK = findTestData("dt-1/dt_APK"): null

2020-11-11 15:31:05 - [TEST_STEP][PASSED] - strNoAPK = dataCompareAPK.getValue("NO", excelRow): null

2020-11-11 15:31:05 - [TEST_STEP][PASSED] - comparePS.ProposalASL1.ComparePS(strNoAPK, excelRow): comparePS.ProposalASL1.ComparePS is PASSED

2020-11-11 15:31:06 - [MESSAGE][PASSED] - comparePS.ProposalASL1.ComparePS is PASSED

2020-11-11 15:31:06 - [TEST_STEP][PASSED] - comparePS.KeywordPS.callStatus(strNoAPK, "sheetAPK1", 17): comparePS.KeywordPS.callStatus is PASSED

2020-11-11 15:31:06 - [MESSAGE][PASSED] - comparePS.KeywordPS.callStatus is PASSED

2020-11-11 15:31:06 - [TEST_STEP][PASSED] - runTime.reset(): null

2020-11-11 15:31:06 - [TEST_STEP][PASSED] - runTime.start(): null

2020-11-11 15:31:06 - [TEST_STEP][PASSED] - dataCompareAPK = findTestData("dt-1/dt_APK"): null

2020-11-11 15:31:06 - [TEST_STEP][PASSED] - strNoAPK = dataCompareAPK.getValue("NO", excelRow): null

2020-11-11 15:31:06 - [TEST_STEP][PASSED] - comparePS.ProposalASL1.ComparePS(strNoAPK, excelRow): comparePS.ProposalASL1.ComparePS is PASSED

2020-11-11 15:31:06 - [MESSAGE][PASSED] - comparePS.ProposalASL1.ComparePS is PASSED

2020-11-11 15:31:06 - [TEST_STEP][PASSED] - comparePS.KeywordPS.callStatus(strNoAPK, "sheetAPK1", 17): comparePS.KeywordPS.callStatus is PASSED

2020-11-11 15:31:06 - [MESSAGE][PASSED] - comparePS.KeywordPS.callStatus is PASSED

2020-11-11 15:31:06 - [TEST_STEP][PASSED] - runTime.reset(): null

2020-11-11 15:31:06 - [TEST_STEP][PASSED] - runTime.start(): null

2020-11-11 15:31:06 - [TEST_STEP][PASSED] - dataCompareAPK = findTestData("dt-1/dt_APK"): null

2020-11-11 15:31:06 - [TEST_STEP][PASSED] - strNoAPK = dataCompareAPK.getValue("NO", excelRow): null

2020-11-11 15:31:06 - [TEST_STEP][PASSED] - comparePS.ProposalASL1.ComparePS(strNoAPK, excelRow): comparePS.ProposalASL1.ComparePS is PASSED

2020-11-11 15:31:06 - [MESSAGE][PASSED] - comparePS.ProposalASL1.ComparePS is PASSED

2020-11-11 15:31:06 - [TEST_STEP][PASSED] - comparePS.KeywordPS.callStatus(strNoAPK, "sheetAPK1", 17): comparePS.KeywordPS.callStatus is PASSED

2020-11-11 15:31:06 - [MESSAGE][PASSED] - comparePS.KeywordPS.callStatus is PASSED

2020-11-11 15:31:06 - [TEST_STEP][PASSED] - runTime.reset(): null

2020-11-11 15:31:06 - [TEST_STEP][PASSED] - runTime.start(): null

2020-11-11 15:31:06 - [TEST_STEP][PASSED] - dataCompareAPK = findTestData("dt-1/dt_APK"): null

2020-11-11 15:31:06 - [TEST_STEP][PASSED] - strNoAPK = dataCompareAPK.getValue("NO", excelRow): null

2020-11-11 15:31:06 - [TEST_STEP][PASSED] - comparePS.ProposalASL1.ComparePS(strNoAPK, excelRow): comparePS.ProposalASL1.ComparePS is PASSED

2020-11-11 15:31:07 - [MESSAGE][PASSED] - comparePS.ProposalASL1.ComparePS is PASSED

2020-11-11 15:31:07 - [TEST_STEP][PASSED] - comparePS.KeywordPS.callStatus(strNoAPK, "sheetAPK1", 17): comparePS.KeywordPS.callStatus is PASSED

2020-11-11 15:31:07 - [MESSAGE][PASSED] - comparePS.KeywordPS.callStatus is PASSED

2020-11-11 15:31:07 - [TEST_STEP][PASSED] - runTime.reset(): null

2020-11-11 15:31:07 - [TEST_STEP][PASSED] - runTime.start(): null

2020-11-11 15:31:07 - [TEST_STEP][PASSED] - dataCompareAPK = findTestData("dt-1/dt_APK"): null

2020-11-11 15:31:07 - [TEST_STEP][PASSED] - strNoAPK = dataCompareAPK.getValue("NO", excelRow): null

2020-11-11 15:31:07 - [TEST_STEP][PASSED] - comparePS.ProposalASL1.ComparePS(strNoAPK, excelRow): comparePS.ProposalASL1.ComparePS is PASSED

2020-11-11 15:31:07 - [MESSAGE][PASSED] - comparePS.ProposalASL1.ComparePS is PASSED

2020-11-11 15:31:07 - [TEST_STEP][PASSED] - comparePS.KeywordPS.callStatus(strNoAPK, "sheetAPK1", 17): comparePS.KeywordPS.callStatus is PASSED

2020-11-11 15:31:07 - [MESSAGE][PASSED] - comparePS.KeywordPS.callStatus is PASSED

2020-11-11 15:31:07 - [TEST_STEP][PASSED] - runTime.reset(): null

2020-11-11 15:31:07 - [TEST_STEP][PASSED] - runTime.start(): null

2020-11-11 15:31:07 - [TEST_STEP][PASSED] - dataCompareAPK = findTestData("dt-1/dt_APK"): null

2020-11-11 15:31:07 - [TEST_STEP][PASSED] - strNoAPK = dataCompareAPK.getValue("NO", excelRow): null

2020-11-11 15:31:07 - [TEST_STEP][PASSED] - comparePS.ProposalASL1.ComparePS(strNoAPK, excelRow): comparePS.ProposalASL1.ComparePS is PASSED

2020-11-11 15:31:07 - [MESSAGE][PASSED] - comparePS.ProposalASL1.ComparePS is PASSED

2020-11-11 15:31:07 - [TEST_STEP][PASSED] - comparePS.KeywordPS.callStatus(strNoAPK, "sheetAPK1", 17): comparePS.KeywordPS.callStatus is PASSED

2020-11-11 15:31:07 - [MESSAGE][PASSED] - comparePS.KeywordPS.callStatus is PASSED

2020-11-11 15:31:07 - [TEST_STEP][PASSED] - runTime.reset(): null

2020-11-11 15:31:07 - [TEST_STEP][PASSED] - runTime.start(): null

2020-11-11 15:31:07 - [TEST_STEP][PASSED] - dataCompareAPK = findTestData("dt-1/dt_APK"): null

2020-11-11 15:31:07 - [TEST_STEP][PASSED] - strNoAPK = dataCompareAPK.getValue("NO", excelRow): null

2020-11-11 15:31:07 - [TEST_STEP][PASSED] - comparePS.ProposalASL1.ComparePS(strNoAPK, excelRow): comparePS.ProposalASL1.ComparePS is PASSED

2020-11-11 15:31:08 - [MESSAGE][PASSED] - comparePS.ProposalASL1.ComparePS is PASSED

2020-11-11 15:31:08 - [TEST_STEP][PASSED] - comparePS.KeywordPS.callStatus(strNoAPK, "sheetAPK1", 17): comparePS.KeywordPS.callStatus is PASSED

2020-11-11 15:31:08 - [MESSAGE][PASSED] - comparePS.KeywordPS.callStatus is PASSED

2020-11-11 15:31:08 - [TEST_STEP][PASSED] - runTime.reset(): null

2020-11-11 15:31:08 - [TEST_STEP][PASSED] - runTime.start(): null

2020-11-11 15:31:08 - [TEST_STEP][PASSED] - dataCompareAPK = findTestData("dt-1/dt_APK"): null

2020-11-11 15:31:08 - [TEST_STEP][PASSED] - strNoAPK = dataCompareAPK.getValue("NO", excelRow): null

2020-11-11 15:31:08 - [TEST_STEP][PASSED] - comparePS.ProposalASL1.ComparePS(strNoAPK, excelRow): comparePS.ProposalASL1.ComparePS is PASSED

2020-11-11 15:31:08 - [MESSAGE][PASSED] - comparePS.ProposalASL1.ComparePS is PASSED

2020-11-11 15:31:08 - [TEST_STEP][PASSED] - comparePS.KeywordPS.callStatus(strNoAPK, "sheetAPK1", 17): comparePS.KeywordPS.callStatus is PASSED

2020-11-11 15:31:08 - [MESSAGE][PASSED] - comparePS.KeywordPS.callStatus is PASSED

2020-11-11 15:31:08 - [TEST_STEP][PASSED] - runTime.reset(): null

2020-11-11 15:31:08 - [TEST_STEP][PASSED] - runTime.start(): null

2020-11-11 15:31:08 - [TEST_STEP][PASSED] - dataCompareAPK = findTestData("dt-1/dt_APK"): null

2020-11-11 15:31:08 - [TEST_STEP][PASSED] - strNoAPK = dataCompareAPK.getValue("NO", excelRow): null

2020-11-11 15:31:08 - [TEST_STEP][PASSED] - comparePS.ProposalASL1.ComparePS(strNoAPK, excelRow): comparePS.ProposalASL1.ComparePS is PASSED

2020-11-11 15:31:08 - [MESSAGE][PASSED] - comparePS.ProposalASL1.ComparePS is PASSED

2020-11-11 15:31:08 - [TEST_STEP][PASSED] - comparePS.KeywordPS.callStatus(strNoAPK, "sheetAPK1", 17): comparePS.KeywordPS.callStatus is PASSED

2020-11-11 15:31:08 - [MESSAGE][PASSED] - comparePS.KeywordPS.callStatus is PASSED

2020-11-11 15:31:08 - [TEST_STEP][PASSED] - runTime.reset(): null

2020-11-11 15:31:08 - [TEST_STEP][PASSED] - runTime.start(): null

2020-11-11 15:31:08 - [TEST_STEP][PASSED] - dataCompareAPK = findTestData("dt-1/dt_APK"): null

2020-11-11 15:31:08 - [TEST_STEP][PASSED] - strNoAPK = dataCompareAPK.getValue("NO", excelRow): null

2020-11-11 15:31:08 - [TEST_STEP][PASSED] - comparePS.ProposalASL1.ComparePS(strNoAPK, excelRow): comparePS.ProposalASL1.ComparePS is PASSED

2020-11-11 15:31:09 - [MESSAGE][PASSED] - comparePS.ProposalASL1.ComparePS is PASSED

2020-11-11 15:31:09 - [TEST_STEP][PASSED] - comparePS.KeywordPS.callStatus(strNoAPK, "sheetAPK1", 17): comparePS.KeywordPS.callStatus is PASSED

2020-11-11 15:31:09 - [MESSAGE][PASSED] - comparePS.KeywordPS.callStatus is PASSED

2020-11-11 15:31:09 - [TEST_STEP][PASSED] - runTime.reset(): null

2020-11-11 15:31:09 - [TEST_STEP][PASSED] - runTime.start(): null

2020-11-11 15:31:09 - [TEST_STEP][PASSED] - dataCompareAPK = findTestData("dt-1/dt_APK"): null

2020-11-11 15:31:09 - [TEST_STEP][PASSED] - strNoAPK = dataCompareAPK.getValue("NO", excelRow): null

2020-11-11 15:31:09 - [TEST_STEP][PASSED] - comparePS.ProposalASL1.ComparePS(strNoAPK, excelRow): comparePS.ProposalASL1.ComparePS is PASSED

2020-11-11 15:31:09 - [MESSAGE][PASSED] - comparePS.ProposalASL1.ComparePS is PASSED

2020-11-11 15:31:09 - [TEST_STEP][PASSED] - comparePS.KeywordPS.callStatus(strNoAPK, "sheetAPK1", 17): comparePS.KeywordPS.callStatus is PASSED

2020-11-11 15:31:09 - [MESSAGE][PASSED] - comparePS.KeywordPS.callStatus is PASSED

2020-11-11 15:31:09 - [TEST_STEP][PASSED] - runTime.reset(): null

2020-11-11 15:31:09 - [TEST_STEP][PASSED] - runTime.start(): null

2020-11-11 15:31:09 - [TEST_STEP][PASSED] - dataCompareAPK = findTestData("dt-1/dt_APK"): null

2020-11-11 15:31:09 - [TEST_STEP][PASSED] - strNoAPK = dataCompareAPK.getValue("NO", excelRow): null

2020-11-11 15:31:09 - [TEST_STEP][PASSED] - comparePS.ProposalASL1.ComparePS(strNoAPK, excelRow): comparePS.ProposalASL1.ComparePS is PASSED

2020-11-11 15:31:09 - [MESSAGE][PASSED] - comparePS.ProposalASL1.ComparePS is PASSED

2020-11-11 15:31:09 - [TEST_STEP][PASSED] - comparePS.KeywordPS.callStatus(strNoAPK, "sheetAPK1", 17): comparePS.KeywordPS.callStatus is PASSED

2020-11-11 15:31:09 - [MESSAGE][PASSED] - comparePS.KeywordPS.callStatus is PASSED

2020-11-11 15:31:09 - [TEST_STEP][PASSED] - runTime.reset(): null

2020-11-11 15:31:09 - [TEST_STEP][PASSED] - runTime.start(): null

2020-11-11 15:31:09 - [TEST_STEP][PASSED] - dataCompareAPK = findTestData("dt-1/dt_APK"): null

2020-11-11 15:31:09 - [TEST_STEP][PASSED] - strNoAPK = dataCompareAPK.getValue("NO", excelRow): null

2020-11-11 15:31:09 - [TEST_STEP][PASSED] - comparePS.ProposalASL1.ComparePS(strNoAPK, excelRow): comparePS.ProposalASL1.ComparePS is PASSED

2020-11-11 15:31:10 - [MESSAGE][PASSED] - comparePS.ProposalASL1.ComparePS is PASSED

2020-11-11 15:31:10 - [TEST_STEP][PASSED] - comparePS.KeywordPS.callStatus(strNoAPK, "sheetAPK1", 17): comparePS.KeywordPS.callStatus is PASSED

2020-11-11 15:31:10 - [MESSAGE][PASSED] - comparePS.KeywordPS.callStatus is PASSED

2020-11-11 15:31:10 - [TEST_STEP][PASSED] - runTime.reset(): null

2020-11-11 15:31:10 - [TEST_STEP][PASSED] - runTime.start(): null

2020-11-11 15:31:10 - [TEST_STEP][PASSED] - dataCompareAPK = findTestData("dt-1/dt_APK"): null

2020-11-11 15:31:10 - [TEST_STEP][PASSED] - strNoAPK = dataCompareAPK.getValue("NO", excelRow): null

2020-11-11 15:31:10 - [TEST_STEP][PASSED] - comparePS.ProposalASL1.ComparePS(strNoAPK, excelRow): comparePS.ProposalASL1.ComparePS is PASSED

2020-11-11 15:31:10 - [MESSAGE][PASSED] - comparePS.ProposalASL1.ComparePS is PASSED

2020-11-11 15:31:10 - [TEST_STEP][PASSED] - comparePS.KeywordPS.callStatus(strNoAPK, "sheetAPK1", 17): comparePS.KeywordPS.callStatus is PASSED

2020-11-11 15:31:10 - [MESSAGE][PASSED] - comparePS.KeywordPS.callStatus is PASSED

2020-11-11 15:31:10 - [TEST_STEP][PASSED] - runTime.reset(): null

2020-11-11 15:31:10 - [TEST_STEP][PASSED] - runTime.start(): null

2020-11-11 15:31:10 - [TEST_STEP][PASSED] - dataCompareAPK = findTestData("dt-1/dt_APK"): null

2020-11-11 15:31:10 - [TEST_STEP][PASSED] - strNoAPK = dataCompareAPK.getValue("NO", excelRow): null

2020-11-11 15:31:10 - [TEST_STEP][PASSED] - comparePS.ProposalASL1.ComparePS(strNoAPK, excelRow): comparePS.ProposalASL1.ComparePS is PASSED

2020-11-11 15:31:10 - [MESSAGE][PASSED] - comparePS.ProposalASL1.ComparePS is PASSED

2020-11-11 15:31:10 - [TEST_STEP][PASSED] - comparePS.KeywordPS.callStatus(strNoAPK, "sheetAPK1", 17): comparePS.KeywordPS.callStatus is PASSED

2020-11-11 15:31:10 - [MESSAGE][PASSED] - comparePS.KeywordPS.callStatus is PASSED

2020-11-11 15:31:10 - [TEST_STEP][PASSED] - runTime.reset(): null

2020-11-11 15:31:10 - [TEST_STEP][PASSED] - runTime.start(): null

2020-11-11 15:31:10 - [TEST_STEP][PASSED] - dataCompareAPK = findTestData("dt-1/dt_APK"): null

2020-11-11 15:31:10 - [TEST_STEP][PASSED] - strNoAPK = dataCompareAPK.getValue("NO", excelRow): null

2020-11-11 15:31:10 - [TEST_STEP][PASSED] - comparePS.ProposalASL1.ComparePS(strNoAPK, excelRow): comparePS.ProposalASL1.ComparePS is PASSED

2020-11-11 15:31:11 - [MESSAGE][PASSED] - comparePS.ProposalASL1.ComparePS is PASSED

2020-11-11 15:31:11 - [TEST_STEP][PASSED] - comparePS.KeywordPS.callStatus(strNoAPK, "sheetAPK1", 17): comparePS.KeywordPS.callStatus is PASSED

2020-11-11 15:31:11 - [MESSAGE][PASSED] - comparePS.KeywordPS.callStatus is PASSED

2020-11-11 15:31:11 - [TEST_STEP][PASSED] - runTime.reset(): null

2020-11-11 15:31:11 - [TEST_STEP][PASSED] - runTime.start(): null

2020-11-11 15:31:11 - [TEST_STEP][PASSED] - dataCompareAPK = findTestData("dt-1/dt_APK"): null

2020-11-11 15:31:11 - [TEST_STEP][PASSED] - strNoAPK = dataCompareAPK.getValue("NO", excelRow): null

2020-11-11 15:31:11 - [TEST_STEP][PASSED] - comparePS.ProposalASL1.ComparePS(strNoAPK, excelRow): comparePS.ProposalASL1.ComparePS is PASSED

2020-11-11 15:31:11 - [MESSAGE][PASSED] - comparePS.ProposalASL1.ComparePS is PASSED

2020-11-11 15:31:11 - [TEST_STEP][PASSED] - comparePS.KeywordPS.callStatus(strNoAPK, "sheetAPK1", 17): comparePS.KeywordPS.callStatus is PASSED

2020-11-11 15:31:11 - [MESSAGE][PASSED] - comparePS.KeywordPS.callStatus is PASSED

2020-11-11 15:31:11 - [TEST_STEP][PASSED] - runTime.reset(): null

2020-11-11 15:31:11 - [TEST_STEP][PASSED] - runTime.start(): null

2020-11-11 15:31:11 - [TEST_STEP][PASSED] - dataCompareAPK = findTestData("dt-1/dt_APK"): null

2020-11-11 15:31:11 - [TEST_STEP][PASSED] - strNoAPK = dataCompareAPK.getValue("NO", excelRow): null

2020-11-11 15:31:11 - [TEST_STEP][PASSED] - comparePS.ProposalASL1.ComparePS(strNoAPK, excelRow): comparePS.ProposalASL1.ComparePS is PASSED

2020-11-11 15:31:11 - [MESSAGE][PASSED] - comparePS.ProposalASL1.ComparePS is PASSED

2020-11-11 15:31:11 - [TEST_STEP][PASSED] - comparePS.KeywordPS.callStatus(strNoAPK, "sheetAPK1", 17): comparePS.KeywordPS.callStatus is PASSED

2020-11-11 15:31:11 - [MESSAGE][PASSED] - comparePS.KeywordPS.callStatus is PASSED

2020-11-11 15:31:11 - [TEST_STEP][PASSED] - runTime.reset(): null

2020-11-11 15:31:11 - [TEST_STEP][PASSED] - runTime.start(): null

2020-11-11 15:31:11 - [TEST_STEP][PASSED] - dataCompareAPK = findTestData("dt-1/dt_APK"): null

2020-11-11 15:31:11 - [TEST_STEP][PASSED] - strNoAPK = dataCompareAPK.getValue("NO", excelRow): null

2020-11-11 15:31:11 - [TEST_STEP][PASSED] - comparePS.ProposalASL1.ComparePS(strNoAPK, excelRow): comparePS.ProposalASL1.ComparePS is PASSED

2020-11-11 15:31:12 - [MESSAGE][PASSED] - comparePS.ProposalASL1.ComparePS is PASSED

2020-11-11 15:31:12 - [TEST_STEP][PASSED] - comparePS.KeywordPS.callStatus(strNoAPK, "sheetAPK1", 17): comparePS.KeywordPS.callStatus is PASSED

2020-11-11 15:31:12 - [MESSAGE][PASSED] - comparePS.KeywordPS.callStatus is PASSED

2020-11-11 15:31:12 - [TEST_STEP][PASSED] - runTime.reset(): null

2020-11-11 15:31:12 - [TEST_STEP][PASSED] - runTime.start(): null

2020-11-11 15:31:12 - [TEST_STEP][PASSED] - dataCompareAPK = findTestData("dt-1/dt_APK"): null

2020-11-11 15:31:12 - [TEST_STEP][PASSED] - strNoAPK = dataCompareAPK.getValue("NO", excelRow): null

2020-11-11 15:31:12 - [TEST_STEP][PASSED] - comparePS.ProposalASL1.ComparePS(strNoAPK, excelRow): comparePS.ProposalASL1.ComparePS is PASSED

2020-11-11 15:31:12 - [MESSAGE][PASSED] - comparePS.ProposalASL1.ComparePS is PASSED

2020-11-11 15:31:12 - [TEST_STEP][PASSED] - comparePS.KeywordPS.callStatus(strNoAPK, "sheetAPK1", 17): comparePS.KeywordPS.callStatus is PASSED

2020-11-11 15:31:12 - [MESSAGE][PASSED] - comparePS.KeywordPS.callStatus is PASSED

2020-11-11 15:31:12 - [TEST_STEP][PASSED] - runTime.reset(): null

2020-11-11 15:31:12 - [TEST_STEP][PASSED] - runTime.start(): null

2020-11-11 15:31:12 - [TEST_STEP][PASSED] - dataCompareAPK = findTestData("dt-1/dt_APK"): null

2020-11-11 15:31:12 - [TEST_STEP][PASSED] - strNoAPK = dataCompareAPK.getValue("NO", excelRow): null

2020-11-11 15:31:12 - [TEST_STEP][PASSED] - comparePS.ProposalASL1.ComparePS(strNoAPK, excelRow): comparePS.ProposalASL1.ComparePS is PASSED

2020-11-11 15:31:12 - [MESSAGE][PASSED] - comparePS.ProposalASL1.ComparePS is PASSED

2020-11-11 15:31:12 - [TEST_STEP][PASSED] - comparePS.KeywordPS.callStatus(strNoAPK, "sheetAPK1", 17): comparePS.KeywordPS.callStatus is PASSED

2020-11-11 15:31:12 - [MESSAGE][PASSED] - comparePS.KeywordPS.callStatus is PASSED

2020-11-11 15:31:12 - [TEST_STEP][PASSED] - runTime.reset(): null

2020-11-11 15:31:12 - [TEST_STEP][PASSED] - runTime.start(): null

2020-11-11 15:31:12 - [TEST_STEP][PASSED] - dataCompareAPK = findTestData("dt-1/dt_APK"): null

2020-11-11 15:31:12 - [TEST_STEP][PASSED] - strNoAPK = dataCompareAPK.getValue("NO", excelRow): null

2020-11-11 15:31:12 - [TEST_STEP][PASSED] - comparePS.ProposalASL1.ComparePS(strNoAPK, excelRow): comparePS.ProposalASL1.ComparePS is PASSED

2020-11-11 15:31:13 - [MESSAGE][PASSED] - comparePS.ProposalASL1.ComparePS is PASSED

2020-11-11 15:31:13 - [TEST_STEP][PASSED] - comparePS.KeywordPS.callStatus(strNoAPK, "sheetAPK1", 17): comparePS.KeywordPS.callStatus is PASSED

2020-11-11 15:31:13 - [MESSAGE][PASSED] - comparePS.KeywordPS.callStatus is PASSED

2020-11-11 15:31:13 - [TEST_STEP][PASSED] - runTime.reset(): null

2020-11-11 15:31:13 - [TEST_STEP][PASSED] - runTime.start(): null

2020-11-11 15:31:13 - [TEST_STEP][PASSED] - dataCompareAPK = findTestData("dt-1/dt_APK"): null

2020-11-11 15:31:13 - [TEST_STEP][PASSED] - strNoAPK = dataCompareAPK.getValue("NO", excelRow): null

2020-11-11 15:31:13 - [TEST_STEP][PASSED] - comparePS.ProposalASL1.ComparePS(strNoAPK, excelRow): comparePS.ProposalASL1.ComparePS is PASSED

2020-11-11 15:31:13 - [MESSAGE][PASSED] - comparePS.ProposalASL1.ComparePS is PASSED

2020-11-11 15:31:13 - [TEST_STEP][PASSED] - comparePS.KeywordPS.callStatus(strNoAPK, "sheetAPK1", 17): comparePS.KeywordPS.callStatus is PASSED

2020-11-11 15:31:13 - [MESSAGE][PASSED] - comparePS.KeywordPS.callStatus is PASSED

2020-11-11 15:31:13 - [TEST_STEP][PASSED] - runTime.reset(): null

2020-11-11 15:31:13 - [TEST_STEP][PASSED] - runTime.start(): null

2020-11-11 15:31:13 - [TEST_STEP][PASSED] - dataCompareAPK = findTestData("dt-1/dt_APK"): null

2020-11-11 15:31:13 - [TEST_STEP][PASSED] - strNoAPK = dataCompareAPK.getValue("NO", excelRow): null

2020-11-11 15:31:13 - [TEST_STEP][PASSED] - comparePS.ProposalASL1.ComparePS(strNoAPK, excelRow): comparePS.ProposalASL1.ComparePS is PASSED

2020-11-11 15:31:13 - [MESSAGE][PASSED] - comparePS.ProposalASL1.ComparePS is PASSED

2020-11-11 15:31:13 - [TEST_STEP][PASSED] - comparePS.KeywordPS.callStatus(strNoAPK, "sheetAPK1", 17): comparePS.KeywordPS.callStatus is PASSED

2020-11-11 15:31:13 - [MESSAGE][PASSED] - comparePS.KeywordPS.callStatus is PASSED

2020-11-11 15:31:13 - [TEST_STEP][PASSED] - runTime.reset(): null

2020-11-11 15:31:13 - [TEST_STEP][PASSED] - runTime.start(): null

2020-11-11 15:31:13 - [TEST_STEP][PASSED] - dataCompareAPK = findTestData("dt-1/dt_APK"): null

2020-11-11 15:31:13 - [TEST_STEP][PASSED] - strNoAPK = dataCompareAPK.getValue("NO", excelRow): null

2020-11-11 15:31:13 - [TEST_STEP][PASSED] - comparePS.ProposalASL1.ComparePS(strNoAPK, excelRow): comparePS.ProposalASL1.ComparePS is PASSED

2020-11-11 15:31:14 - [MESSAGE][PASSED] - comparePS.ProposalASL1.ComparePS is PASSED

2020-11-11 15:31:14 - [TEST_STEP][PASSED] - comparePS.KeywordPS.callStatus(strNoAPK, "sheetAPK1", 17): comparePS.KeywordPS.callStatus is PASSED

2020-11-11 15:31:14 - [MESSAGE][PASSED] - comparePS.KeywordPS.callStatus is PASSED

2020-11-11 15:31:14 - [TEST_STEP][PASSED] - runTime.reset(): null

2020-11-11 15:31:14 - [TEST_STEP][PASSED] - runTime.start(): null

2020-11-11 15:31:14 - [TEST_STEP][PASSED] - dataCompareAPK = findTestData("dt-1/dt_APK"): null

2020-11-11 15:31:14 - [TEST_STEP][PASSED] - strNoAPK = dataCompareAPK.getValue("NO", excelRow): null

2020-11-11 15:31:14 - [TEST_STEP][PASSED] - comparePS.ProposalASL1.ComparePS(strNoAPK, excelRow): comparePS.ProposalASL1.ComparePS is PASSED

2020-11-11 15:31:14 - [MESSAGE][PASSED] - comparePS.ProposalASL1.ComparePS is PASSED

2020-11-11 15:31:14 - [TEST_STEP][PASSED] - comparePS.KeywordPS.callStatus(strNoAPK, "sheetAPK1", 17): comparePS.KeywordPS.callStatus is PASSED

2020-11-11 15:31:14 - [MESSAGE][PASSED] - comparePS.KeywordPS.callStatus is PASSED

2020-11-11 15:31:14 - [TEST_STEP][PASSED] - runTime.reset(): null

2020-11-11 15:31:14 - [TEST_STEP][PASSED] - runTime.start(): null

2020-11-11 15:31:14 - [TEST_STEP][PASSED] - dataCompareAPK = findTestData("dt-1/dt_APK"): null

2020-11-11 15:31:14 - [TEST_STEP][PASSED] - strNoAPK = dataCompareAPK.getValue("NO", excelRow): null

2020-11-11 15:31:14 - [TEST_STEP][PASSED] - comparePS.ProposalASL1.ComparePS(strNoAPK, excelRow): comparePS.ProposalASL1.ComparePS is PASSED

2020-11-11 15:31:14 - [MESSAGE][PASSED] - comparePS.ProposalASL1.ComparePS is PASSED

2020-11-11 15:31:14 - [TEST_STEP][PASSED] - comparePS.KeywordPS.callStatus(strNoAPK, "sheetAPK1", 17): comparePS.KeywordPS.callStatus is PASSED

2020-11-11 15:31:15 - [MESSAGE][PASSED] - comparePS.KeywordPS.callStatus is PASSED

2020-11-11 15:31:15 - [TEST_STEP][PASSED] - runTime.reset(): null

2020-11-11 15:31:15 - [TEST_STEP][PASSED] - runTime.start(): null

2020-11-11 15:31:15 - [TEST_STEP][PASSED] - dataCompareAPK = findTestData("dt-1/dt_APK"): null

2020-11-11 15:31:15 - [TEST_STEP][PASSED] - strNoAPK = dataCompareAPK.getValue("NO", excelRow): null

2020-11-11 15:31:15 - [TEST_STEP][PASSED] - comparePS.ProposalASL1.ComparePS(strNoAPK, excelRow): comparePS.ProposalASL1.ComparePS is PASSED

2020-11-11 15:31:15 - [MESSAGE][PASSED] - comparePS.ProposalASL1.ComparePS is PASSED

2020-11-11 15:31:15 - [TEST_STEP][PASSED] - comparePS.KeywordPS.callStatus(strNoAPK, "sheetAPK1", 17): comparePS.KeywordPS.callStatus is PASSED

2020-11-11 15:31:15 - [MESSAGE][PASSED] - comparePS.KeywordPS.callStatus is PASSED

2020-11-11 15:31:15 - [TEST_STEP][PASSED] - runTime.reset(): null

2020-11-11 15:31:15 - [TEST_STEP][PASSED] - runTime.start(): null

2020-11-11 15:31:15 - [TEST_STEP][PASSED] - dataCompareAPK = findTestData("dt-1/dt_APK"): null

2020-11-11 15:31:15 - [TEST_STEP][PASSED] - strNoAPK = dataCompareAPK.getValue("NO", excelRow): null

2020-11-11 15:31:15 - [TEST_STEP][PASSED] - comparePS.ProposalASL1.ComparePS(strNoAPK, excelRow): comparePS.ProposalASL1.ComparePS is PASSED

2020-11-11 15:31:15 - [MESSAGE][PASSED] - comparePS.ProposalASL1.ComparePS is PASSED

2020-11-11 15:31:15 - [TEST_STEP][PASSED] - comparePS.KeywordPS.callStatus(strNoAPK, "sheetAPK1", 17): comparePS.KeywordPS.callStatus is PASSED

2020-11-11 15:31:15 - [MESSAGE][PASSED] - comparePS.KeywordPS.callStatus is PASSED

2020-11-11 15:31:15 - [TEST_STEP][PASSED] - runTime.reset(): null

2020-11-11 15:31:15 - [TEST_STEP][PASSED] - runTime.start(): null

2020-11-11 15:31:15 - [TEST_STEP][PASSED] - dataCompareAPK = findTestData("dt-1/dt_APK"): null

2020-11-11 15:31:16 - [TEST_STEP][PASSED] - strNoAPK = dataCompareAPK.getValue("NO", excelRow): null

2020-11-11 15:31:16 - [TEST_STEP][PASSED] - comparePS.ProposalASL1.ComparePS(strNoAPK, excelRow): comparePS.ProposalASL1.ComparePS is PASSED

2020-11-11 15:31:16 - [MESSAGE][PASSED] - comparePS.ProposalASL1.ComparePS is PASSED

2020-11-11 15:31:16 - [TEST_STEP][PASSED] - comparePS.KeywordPS.callStatus(strNoAPK, "sheetAPK1", 17): comparePS.KeywordPS.callStatus is PASSED

2020-11-11 15:31:16 - [MESSAGE][PASSED] - comparePS.KeywordPS.callStatus is PASSED

2020-11-11 15:31:16 - [TEST_STEP][PASSED] - runTime.reset(): null

2020-11-11 15:31:16 - [TEST_STEP][PASSED] - runTime.start(): null

2020-11-11 15:31:16 - [TEST_STEP][PASSED] - dataCompareAPK = findTestData("dt-1/dt_APK"): null

2020-11-11 15:31:16 - [TEST_STEP][PASSED] - strNoAPK = dataCompareAPK.getValue("NO", excelRow): null

2020-11-11 15:31:16 - [TEST_STEP][PASSED] - comparePS.ProposalASL1.ComparePS(strNoAPK, excelRow): comparePS.ProposalASL1.ComparePS is PASSED

2020-11-11 15:31:16 - [MESSAGE][PASSED] - comparePS.ProposalASL1.ComparePS is PASSED

2020-11-11 15:31:16 - [TEST_STEP][PASSED] - comparePS.KeywordPS.callStatus(strNoAPK, "sheetAPK1", 17): comparePS.KeywordPS.callStatus is PASSED

2020-11-11 15:31:16 - [MESSAGE][PASSED] - comparePS.KeywordPS.callStatus is PASSED

2020-11-11 15:31:16 - [TEST_STEP][PASSED] - runTime.reset(): null

2020-11-11 15:31:16 - [TEST_STEP][PASSED] - runTime.start(): null

2020-11-11 15:31:16 - [TEST_STEP][PASSED] - dataCompareAPK = findTestData("dt-1/dt_APK"): null

2020-11-11 15:31:16 - [TEST_STEP][PASSED] - strNoAPK = dataCompareAPK.getValue("NO", excelRow): null

2020-11-11 15:31:16 - [TEST_STEP][PASSED] - comparePS.ProposalASL1.ComparePS(strNoAPK, excelRow): comparePS.ProposalASL1.ComparePS is PASSED

2020-11-11 15:31:16 - [MESSAGE][PASSED] - comparePS.ProposalASL1.ComparePS is PASSED

2020-11-11 15:31:16 - [TEST_STEP][PASSED] - comparePS.KeywordPS.callStatus(strNoAPK, "sheetAPK1", 17): comparePS.KeywordPS.callStatus is PASSED

2020-11-11 15:31:16 - [MESSAGE][PASSED] - comparePS.KeywordPS.callStatus is PASSED

2020-11-11 15:31:16 - [TEST_STEP][PASSED] - runTime.reset(): null

2020-11-11 15:31:16 - [TEST_STEP][PASSED] - runTime.start(): null

2020-11-11 15:31:16 - [TEST_STEP][PASSED] - dataCompareAPK = findTestData("dt-1/dt_APK"): null

2020-11-11 15:31:17 - [TEST_STEP][PASSED] - strNoAPK = dataCompareAPK.getValue("NO", excelRow): null

2020-11-11 15:31:17 - [TEST_STEP][PASSED] - comparePS.ProposalASL1.ComparePS(strNoAPK, excelRow): comparePS.ProposalASL1.ComparePS is PASSED

2020-11-11 15:31:17 - [MESSAGE][PASSED] - comparePS.ProposalASL1.ComparePS is PASSED

2020-11-11 15:31:17 - [TEST_STEP][PASSED] - comparePS.KeywordPS.callStatus(strNoAPK, "sheetAPK1", 17): comparePS.KeywordPS.callStatus is PASSED

2020-11-11 15:31:17 - [MESSAGE][PASSED] - comparePS.KeywordPS.callStatus is PASSED

2020-11-11 15:31:17 - [TEST_STEP][PASSED] - runTime.reset(): null

2020-11-11 15:31:17 - [TEST_STEP][PASSED] - runTime.start(): null

2020-11-11 15:31:17 - [TEST_STEP][PASSED] - dataCompareAPK = findTestData("dt-1/dt_APK"): null

2020-11-11 15:31:17 - [TEST_STEP][PASSED] - strNoAPK = dataCompareAPK.getValue("NO", excelRow): null

2020-11-11 15:31:17 - [TEST_STEP][PASSED] - comparePS.ProposalASL1.ComparePS(strNoAPK, excelRow): comparePS.ProposalASL1.ComparePS is PASSED

2020-11-11 15:31:17 - [MESSAGE][PASSED] - comparePS.ProposalASL1.ComparePS is PASSED

2020-11-11 15:31:17 - [TEST_STEP][PASSED] - comparePS.KeywordPS.callStatus(strNoAPK, "sheetAPK1", 17): comparePS.KeywordPS.callStatus is PASSED

2020-11-11 15:31:17 - [MESSAGE][PASSED] - comparePS.KeywordPS.callStatus is PASSED]]></system-out>
         <system-err><![CDATA[]]></system-err>
      </testcase>
      <system-out><![CDATA[2020-11-11 15:30:49 - [TEST_SUITE][PASSED] - ComparePS: Test Cases/ComparePS-1]]></system-out>
      <system-err><![CDATA[]]></system-err>
   </testsuite>
</testsuites>
