<?xml version="1.0" encoding="UTF-8"?>
<testsuites name="ComparePS" time="4.389" tests="1" failures="0" errors="1">
   <testsuite name="ComparePS" tests="1" failures="0" errors="1" time="4.389" timestamp="2020-11-11 16:36:01" hostname="Andika Prananto - ID-ASI-8PZWPQ2.axa-id.intraxa" id="Test Suites/ComparePS">
      <properties>
         <property name="deviceName" value=""/>
         <property name="devicePlatform" value=""/>
         <property name="logFolder" value="C:\\Users\\andika prananto\\Katalon Studio\\ComparePS\\Reports\\20201111_163551\\ComparePS\\20201111_163551"/>
         <property name="logFiles" value="C:\\Users\\andika prananto\\Katalon Studio\\ComparePS\\Reports\\20201111_163551\\ComparePS\\20201111_163551\\execution0.log"/>
         <property name="attachments" value=""/>
         <property name="hostName" value="Andika Prananto - ID-ASI-8PZWPQ2.axa-id.intraxa"/>
         <property name="hostAddress" value="10.47.183.8"/>
         <property name="os" value="Windows 10 64bit"/>
         <property name="katalonVersion" value="7.4.0.1"/>
      </properties>
      <testcase name="Test Cases/ComparePS-1" time="3.763" classname="Test Cases/ComparePS-1" status="ERROR">
         <error type="ERROR" message="Test Cases/ComparePS-1 FAILED.
Reason:
org.codehaus.groovy.runtime.metaclass.MissingMethodExceptionNoStack: No signature of method: comparePS.KeywordPS.callStatus() is applicable for argument types: (java.lang.String, java.lang.String, java.lang.Integer, java.lang.Integer) values: [1, sheetAPK1, 17, 20]
Possible solutions: callStatus(java.lang.String, java.lang.String, int)
"/>
         <system-out><![CDATA[2020-11-11 16:36:01 - [TEST_CASE][ERROR] - Test Cases/ComparePS-1: Test Cases/ComparePS-1 FAILED.
Reason:
org.codehaus.groovy.runtime.metaclass.MissingMethodExceptionNoStack: No signature of method: comparePS.KeywordPS.callStatus() is applicable for argument types: (java.lang.String, java.lang.String, java.lang.Integer, java.lang.Integer) values: [1, sheetAPK1, 17, 20]
Possible solutions: callStatus(java.lang.String, java.lang.String, int)


2020-11-11 16:36:02 - [TEST_STEP][PASSED] - sekarang = new java.util.Date(): null

2020-11-11 16:36:02 - [TEST_STEP][PASSED] - tgl = sekarang.format("yyyy-MM-dd"): null

2020-11-11 16:36:02 - [TEST_STEP][PASSED] - fullFlow = true: null

2020-11-11 16:36:02 - [TEST_STEP][PASSED] - strGlbDate = tgl: null

2020-11-11 16:36:02 - [TEST_STEP][PASSED] - strGlbCrash = false: null

2020-11-11 16:36:02 - [TEST_STEP][PASSED] - strGlbAlamat = false: null

2020-11-11 16:36:02 - [TEST_STEP][PASSED] - strGlbNomor = 1: null

2020-11-11 16:36:02 - [TEST_STEP][PASSED] - strGlbNumImage = 0: null

2020-11-11 16:36:02 - [TEST_STEP][PASSED] - runTime = StopWatch.createStarted(): null

2020-11-11 16:36:02 - [TEST_STEP][PASSED] - getLastRow = findTestData("dt-1/dt_APK").getRowNumbers(): null

2020-11-11 16:36:04 - [TEST_STEP][ERROR] - for (int excelRow : (1..1)): No signature of method: comparePS.KeywordPS.callStatus() is applicable for argument types: (java.lang.String, java.lang.String, java.lang.Integer, java.lang.Integer) values: [1, sheetAPK1, 17, 20]
Possible solutions: callStatus(java.lang.String, java.lang.String, int)

2020-11-11 16:36:04 - [TEST_STEP][PASSED] - strGlbStatus = "": null

2020-11-11 16:36:04 - [TEST_STEP][PASSED] - strGlbKeterangan = "": null

2020-11-11 16:36:04 - [TEST_STEP][PASSED] - runTime.reset(): null

2020-11-11 16:36:04 - [TEST_STEP][PASSED] - runTime.start(): null

2020-11-11 16:36:04 - [TEST_STEP][PASSED] - dataCompareAPK = findTestData("dt-1/dt_APK"): null

2020-11-11 16:36:04 - [TEST_STEP][PASSED] - strNoAPK = dataCompareAPK.getValue("NO", excelRow): null

2020-11-11 16:36:04 - [TEST_STEP][PASSED] - comparePS.ProposalASL1.ComparePS(strNoAPK, excelRow): comparePS.ProposalASL1.ComparePS is PASSED

2020-11-11 16:36:05 - [MESSAGE][PASSED] - comparePS.ProposalASL1.ComparePS is PASSED

2020-11-11 16:36:05 - [TEST_STEP][ERROR] - comparePS.KeywordPS.callStatus(strNoAPK, "sheetAPK1", 17, 20): No signature of method: comparePS.KeywordPS.callStatus() is applicable for argument types: (java.lang.String, java.lang.String, java.lang.Integer, java.lang.Integer) values: [1, sheetAPK1, 17, 20]
Possible solutions: callStatus(java.lang.String, java.lang.String, int)

2020-11-11 16:36:05 - [MESSAGE][ERROR] - No signature of method: comparePS.KeywordPS.callStatus() is applicable for argument types: (java.lang.String, java.lang.String, java.lang.Integer, java.lang.Integer) values: [1, sheetAPK1, 17, 20]
Possible solutions: callStatus(java.lang.String, java.lang.String, int)]]></system-out>
         <system-err><![CDATA[2020-11-11 16:36:01 - [TEST_CASE][ERROR] - Test Cases/ComparePS-1: Test Cases/ComparePS-1 FAILED.
Reason:
org.codehaus.groovy.runtime.metaclass.MissingMethodExceptionNoStack: No signature of method: comparePS.KeywordPS.callStatus() is applicable for argument types: (java.lang.String, java.lang.String, java.lang.Integer, java.lang.Integer) values: [1, sheetAPK1, 17, 20]
Possible solutions: callStatus(java.lang.String, java.lang.String, int)]]></system-err>
      </testcase>
      <system-out><![CDATA[2020-11-11 16:36:01 - [TEST_SUITE][ERROR] - ComparePS: Test Cases/ComparePS-1 FAILED.
Reason:
org.codehaus.groovy.runtime.metaclass.MissingMethodExceptionNoStack: No signature of method: comparePS.KeywordPS.callStatus() is applicable for argument types: (java.lang.String, java.lang.String, java.lang.Integer, java.lang.Integer) values: [1, sheetAPK1, 17, 20]
Possible solutions: callStatus(java.lang.String, java.lang.String, int)]]></system-out>
      <system-err><![CDATA[2020-11-11 16:36:01 - [TEST_SUITE][ERROR] - ComparePS: Test Cases/ComparePS-1 FAILED.
Reason:
org.codehaus.groovy.runtime.metaclass.MissingMethodExceptionNoStack: No signature of method: comparePS.KeywordPS.callStatus() is applicable for argument types: (java.lang.String, java.lang.String, java.lang.Integer, java.lang.Integer) values: [1, sheetAPK1, 17, 20]
Possible solutions: callStatus(java.lang.String, java.lang.String, int)]]></system-err>
   </testsuite>
</testsuites>
