<?xml version="1.0" encoding="UTF-8"?>
<testsuites name="ComparePS" time="22.254" tests="1" failures="0" errors="0">
   <testsuite name="ComparePS" tests="1" failures="0" errors="0" time="22.254" timestamp="2020-11-10 16:56:23" hostname="Andika Prananto - ID-ASI-8PZWPQ2.axa-id.intraxa" id="Test Suites/ComparePS">
      <properties>
         <property name="deviceName" value=""/>
         <property name="devicePlatform" value=""/>
         <property name="logFolder" value="C:\\Users\\andika prananto\\Katalon Studio\\ComparePS\\Reports\\20201110_165613\\ComparePS\\20201110_165613"/>
         <property name="logFiles" value="C:\\Users\\andika prananto\\Katalon Studio\\ComparePS\\Reports\\20201110_165613\\ComparePS\\20201110_165613\\execution0.log"/>
         <property name="attachments" value=""/>
         <property name="hostName" value="Andika Prananto - ID-ASI-8PZWPQ2.axa-id.intraxa"/>
         <property name="hostAddress" value="10.47.183.8"/>
         <property name="os" value="Windows 10 64bit"/>
         <property name="katalonVersion" value="7.4.0.1"/>
      </properties>
      <testcase name="Test Cases/ComparePS" time="21.808" classname="Test Cases/ComparePS" status="PASSED">
         <system-out><![CDATA[2020-11-10 16:56:23 - [TEST_CASE][PASSED] - Test Cases/ComparePS: Test Cases/ComparePS

2020-11-10 16:56:24 - [TEST_STEP][PASSED] - sekarang = new java.util.Date(): null

2020-11-10 16:56:24 - [TEST_STEP][PASSED] - tgl = sekarang.format("yyyy-MM-dd"): null

2020-11-10 16:56:24 - [TEST_STEP][PASSED] - fullFlow = true: null

2020-11-10 16:56:24 - [TEST_STEP][PASSED] - strGlbDate = tgl: null

2020-11-10 16:56:25 - [TEST_STEP][PASSED] - strGlbStatus = "": null

2020-11-10 16:56:25 - [TEST_STEP][PASSED] - strGlbKeterangan = "": null

2020-11-10 16:56:25 - [TEST_STEP][PASSED] - strGlbCrash = false: null

2020-11-10 16:56:25 - [TEST_STEP][PASSED] - strGlbAlamat = false: null

2020-11-10 16:56:25 - [TEST_STEP][PASSED] - strGlbNomor = 1: null

2020-11-10 16:56:25 - [TEST_STEP][PASSED] - strGlbNumImage = 0: null

2020-11-10 16:56:25 - [TEST_STEP][PASSED] - strGlbMenu = "Login": null

2020-11-10 16:56:25 - [TEST_STEP][PASSED] - runTime = StopWatch.createStarted(): null

2020-11-10 16:56:25 - [TEST_STEP][PASSED] - getLastRow = findTestData("dt_APK").getRowNumbers(): null

2020-11-10 16:56:26 - [TEST_STEP][PASSED] - for (int excelRow : (1..getLastRow)): comparePS.KeywordPS.callStatus is PASSED

2020-11-10 16:56:26 - [TEST_STEP][PASSED] - runTime.reset(): null

2020-11-10 16:56:26 - [TEST_STEP][PASSED] - runTime.start(): null

2020-11-10 16:56:26 - [TEST_STEP][PASSED] - dataCompareAPK = findTestData("dt_APK"): null

2020-11-10 16:56:26 - [TEST_STEP][PASSED] - strNoAPK = dataCompareAPK.getValue("NO", excelRow): null

2020-11-10 16:56:26 - [TEST_STEP][PASSED] - comparePS.ComparePSASL.ComparePS(strNoAPK, excelRow): comparePS.ComparePSASL.ComparePS is PASSED

2020-11-10 16:56:27 - [MESSAGE][PASSED] - comparePS.ComparePSASL.ComparePS is PASSED

2020-11-10 16:56:27 - [TEST_STEP][PASSED] - comparePS.KeywordPS.callStatus(strNoAPK, "sheetAPK1", 17): comparePS.KeywordPS.callStatus is PASSED

2020-11-10 16:56:27 - [MESSAGE][PASSED] - comparePS.KeywordPS.callStatus is PASSED

2020-11-10 16:56:27 - [TEST_STEP][PASSED] - runTime.reset(): null

2020-11-10 16:56:27 - [TEST_STEP][PASSED] - runTime.start(): null

2020-11-10 16:56:27 - [TEST_STEP][PASSED] - dataCompareAPK = findTestData("dt_APK"): null

2020-11-10 16:56:28 - [TEST_STEP][PASSED] - strNoAPK = dataCompareAPK.getValue("NO", excelRow): null

2020-11-10 16:56:28 - [TEST_STEP][PASSED] - comparePS.ComparePSASL.ComparePS(strNoAPK, excelRow): comparePS.ComparePSASL.ComparePS is PASSED

2020-11-10 16:56:28 - [MESSAGE][PASSED] - comparePS.ComparePSASL.ComparePS is PASSED

2020-11-10 16:56:28 - [TEST_STEP][PASSED] - comparePS.KeywordPS.callStatus(strNoAPK, "sheetAPK1", 17): comparePS.KeywordPS.callStatus is PASSED

2020-11-10 16:56:28 - [MESSAGE][PASSED] - comparePS.KeywordPS.callStatus is PASSED

2020-11-10 16:56:28 - [TEST_STEP][PASSED] - runTime.reset(): null

2020-11-10 16:56:28 - [TEST_STEP][PASSED] - runTime.start(): null

2020-11-10 16:56:28 - [TEST_STEP][PASSED] - dataCompareAPK = findTestData("dt_APK"): null

2020-11-10 16:56:28 - [TEST_STEP][PASSED] - strNoAPK = dataCompareAPK.getValue("NO", excelRow): null

2020-11-10 16:56:28 - [TEST_STEP][PASSED] - comparePS.ComparePSASL.ComparePS(strNoAPK, excelRow): comparePS.ComparePSASL.ComparePS is PASSED

2020-11-10 16:56:28 - [MESSAGE][PASSED] - comparePS.ComparePSASL.ComparePS is PASSED

2020-11-10 16:56:28 - [TEST_STEP][PASSED] - comparePS.KeywordPS.callStatus(strNoAPK, "sheetAPK1", 17): comparePS.KeywordPS.callStatus is PASSED

2020-11-10 16:56:28 - [MESSAGE][PASSED] - comparePS.KeywordPS.callStatus is PASSED

2020-11-10 16:56:28 - [TEST_STEP][PASSED] - runTime.reset(): null

2020-11-10 16:56:28 - [TEST_STEP][PASSED] - runTime.start(): null

2020-11-10 16:56:28 - [TEST_STEP][PASSED] - dataCompareAPK = findTestData("dt_APK"): null

2020-11-10 16:56:29 - [TEST_STEP][PASSED] - strNoAPK = dataCompareAPK.getValue("NO", excelRow): null

2020-11-10 16:56:29 - [TEST_STEP][PASSED] - comparePS.ComparePSASL.ComparePS(strNoAPK, excelRow): comparePS.ComparePSASL.ComparePS is PASSED

2020-11-10 16:56:29 - [MESSAGE][PASSED] - comparePS.ComparePSASL.ComparePS is PASSED

2020-11-10 16:56:29 - [TEST_STEP][PASSED] - comparePS.KeywordPS.callStatus(strNoAPK, "sheetAPK1", 17): comparePS.KeywordPS.callStatus is PASSED

2020-11-10 16:56:29 - [MESSAGE][PASSED] - comparePS.KeywordPS.callStatus is PASSED

2020-11-10 16:56:29 - [TEST_STEP][PASSED] - runTime.reset(): null

2020-11-10 16:56:29 - [TEST_STEP][PASSED] - runTime.start(): null

2020-11-10 16:56:29 - [TEST_STEP][PASSED] - dataCompareAPK = findTestData("dt_APK"): null

2020-11-10 16:56:29 - [TEST_STEP][PASSED] - strNoAPK = dataCompareAPK.getValue("NO", excelRow): null

2020-11-10 16:56:29 - [TEST_STEP][PASSED] - comparePS.ComparePSASL.ComparePS(strNoAPK, excelRow): comparePS.ComparePSASL.ComparePS is PASSED

2020-11-10 16:56:29 - [MESSAGE][PASSED] - comparePS.ComparePSASL.ComparePS is PASSED

2020-11-10 16:56:29 - [TEST_STEP][PASSED] - comparePS.KeywordPS.callStatus(strNoAPK, "sheetAPK1", 17): comparePS.KeywordPS.callStatus is PASSED

2020-11-10 16:56:29 - [MESSAGE][PASSED] - comparePS.KeywordPS.callStatus is PASSED

2020-11-10 16:56:29 - [TEST_STEP][PASSED] - runTime.reset(): null

2020-11-10 16:56:29 - [TEST_STEP][PASSED] - runTime.start(): null

2020-11-10 16:56:29 - [TEST_STEP][PASSED] - dataCompareAPK = findTestData("dt_APK"): null

2020-11-10 16:56:30 - [TEST_STEP][PASSED] - strNoAPK = dataCompareAPK.getValue("NO", excelRow): null

2020-11-10 16:56:30 - [TEST_STEP][PASSED] - comparePS.ComparePSASL.ComparePS(strNoAPK, excelRow): comparePS.ComparePSASL.ComparePS is PASSED

2020-11-10 16:56:30 - [MESSAGE][PASSED] - comparePS.ComparePSASL.ComparePS is PASSED

2020-11-10 16:56:30 - [TEST_STEP][PASSED] - comparePS.KeywordPS.callStatus(strNoAPK, "sheetAPK1", 17): comparePS.KeywordPS.callStatus is PASSED

2020-11-10 16:56:30 - [MESSAGE][PASSED] - comparePS.KeywordPS.callStatus is PASSED

2020-11-10 16:56:30 - [TEST_STEP][PASSED] - runTime.reset(): null

2020-11-10 16:56:30 - [TEST_STEP][PASSED] - runTime.start(): null

2020-11-10 16:56:30 - [TEST_STEP][PASSED] - dataCompareAPK = findTestData("dt_APK"): null

2020-11-10 16:56:30 - [TEST_STEP][PASSED] - strNoAPK = dataCompareAPK.getValue("NO", excelRow): null

2020-11-10 16:56:30 - [TEST_STEP][PASSED] - comparePS.ComparePSASL.ComparePS(strNoAPK, excelRow): comparePS.ComparePSASL.ComparePS is PASSED

2020-11-10 16:56:30 - [MESSAGE][PASSED] - comparePS.ComparePSASL.ComparePS is PASSED

2020-11-10 16:56:30 - [TEST_STEP][PASSED] - comparePS.KeywordPS.callStatus(strNoAPK, "sheetAPK1", 17): comparePS.KeywordPS.callStatus is PASSED

2020-11-10 16:56:30 - [MESSAGE][PASSED] - comparePS.KeywordPS.callStatus is PASSED

2020-11-10 16:56:30 - [TEST_STEP][PASSED] - runTime.reset(): null

2020-11-10 16:56:30 - [TEST_STEP][PASSED] - runTime.start(): null

2020-11-10 16:56:30 - [TEST_STEP][PASSED] - dataCompareAPK = findTestData("dt_APK"): null

2020-11-10 16:56:30 - [TEST_STEP][PASSED] - strNoAPK = dataCompareAPK.getValue("NO", excelRow): null

2020-11-10 16:56:30 - [TEST_STEP][PASSED] - comparePS.ComparePSASL.ComparePS(strNoAPK, excelRow): comparePS.ComparePSASL.ComparePS is PASSED

2020-11-10 16:56:31 - [MESSAGE][PASSED] - comparePS.ComparePSASL.ComparePS is PASSED

2020-11-10 16:56:31 - [TEST_STEP][PASSED] - comparePS.KeywordPS.callStatus(strNoAPK, "sheetAPK1", 17): comparePS.KeywordPS.callStatus is PASSED

2020-11-10 16:56:31 - [MESSAGE][PASSED] - comparePS.KeywordPS.callStatus is PASSED

2020-11-10 16:56:31 - [TEST_STEP][PASSED] - runTime.reset(): null

2020-11-10 16:56:31 - [TEST_STEP][PASSED] - runTime.start(): null

2020-11-10 16:56:31 - [TEST_STEP][PASSED] - dataCompareAPK = findTestData("dt_APK"): null

2020-11-10 16:56:31 - [TEST_STEP][PASSED] - strNoAPK = dataCompareAPK.getValue("NO", excelRow): null

2020-11-10 16:56:31 - [TEST_STEP][PASSED] - comparePS.ComparePSASL.ComparePS(strNoAPK, excelRow): comparePS.ComparePSASL.ComparePS is PASSED

2020-11-10 16:56:31 - [MESSAGE][PASSED] - comparePS.ComparePSASL.ComparePS is PASSED

2020-11-10 16:56:31 - [TEST_STEP][PASSED] - comparePS.KeywordPS.callStatus(strNoAPK, "sheetAPK1", 17): comparePS.KeywordPS.callStatus is PASSED

2020-11-10 16:56:31 - [MESSAGE][PASSED] - comparePS.KeywordPS.callStatus is PASSED

2020-11-10 16:56:31 - [TEST_STEP][PASSED] - runTime.reset(): null

2020-11-10 16:56:31 - [TEST_STEP][PASSED] - runTime.start(): null

2020-11-10 16:56:31 - [TEST_STEP][PASSED] - dataCompareAPK = findTestData("dt_APK"): null

2020-11-10 16:56:31 - [TEST_STEP][PASSED] - strNoAPK = dataCompareAPK.getValue("NO", excelRow): null

2020-11-10 16:56:31 - [TEST_STEP][PASSED] - comparePS.ComparePSASL.ComparePS(strNoAPK, excelRow): comparePS.ComparePSASL.ComparePS is PASSED

2020-11-10 16:56:32 - [MESSAGE][PASSED] - comparePS.ComparePSASL.ComparePS is PASSED

2020-11-10 16:56:32 - [TEST_STEP][PASSED] - comparePS.KeywordPS.callStatus(strNoAPK, "sheetAPK1", 17): comparePS.KeywordPS.callStatus is PASSED

2020-11-10 16:56:32 - [MESSAGE][PASSED] - comparePS.KeywordPS.callStatus is PASSED

2020-11-10 16:56:32 - [TEST_STEP][PASSED] - runTime.reset(): null

2020-11-10 16:56:32 - [TEST_STEP][PASSED] - runTime.start(): null

2020-11-10 16:56:32 - [TEST_STEP][PASSED] - dataCompareAPK = findTestData("dt_APK"): null

2020-11-10 16:56:32 - [TEST_STEP][PASSED] - strNoAPK = dataCompareAPK.getValue("NO", excelRow): null

2020-11-10 16:56:32 - [TEST_STEP][PASSED] - comparePS.ComparePSASL.ComparePS(strNoAPK, excelRow): comparePS.ComparePSASL.ComparePS is PASSED

2020-11-10 16:56:32 - [MESSAGE][PASSED] - comparePS.ComparePSASL.ComparePS is PASSED

2020-11-10 16:56:32 - [TEST_STEP][PASSED] - comparePS.KeywordPS.callStatus(strNoAPK, "sheetAPK1", 17): comparePS.KeywordPS.callStatus is PASSED

2020-11-10 16:56:32 - [MESSAGE][PASSED] - comparePS.KeywordPS.callStatus is PASSED

2020-11-10 16:56:32 - [TEST_STEP][PASSED] - runTime.reset(): null

2020-11-10 16:56:32 - [TEST_STEP][PASSED] - runTime.start(): null

2020-11-10 16:56:32 - [TEST_STEP][PASSED] - dataCompareAPK = findTestData("dt_APK"): null

2020-11-10 16:56:32 - [TEST_STEP][PASSED] - strNoAPK = dataCompareAPK.getValue("NO", excelRow): null

2020-11-10 16:56:32 - [TEST_STEP][PASSED] - comparePS.ComparePSASL.ComparePS(strNoAPK, excelRow): comparePS.ComparePSASL.ComparePS is PASSED

2020-11-10 16:56:32 - [MESSAGE][PASSED] - comparePS.ComparePSASL.ComparePS is PASSED

2020-11-10 16:56:32 - [TEST_STEP][PASSED] - comparePS.KeywordPS.callStatus(strNoAPK, "sheetAPK1", 17): comparePS.KeywordPS.callStatus is PASSED

2020-11-10 16:56:32 - [MESSAGE][PASSED] - comparePS.KeywordPS.callStatus is PASSED

2020-11-10 16:56:32 - [TEST_STEP][PASSED] - runTime.reset(): null

2020-11-10 16:56:32 - [TEST_STEP][PASSED] - runTime.start(): null

2020-11-10 16:56:32 - [TEST_STEP][PASSED] - dataCompareAPK = findTestData("dt_APK"): null

2020-11-10 16:56:32 - [TEST_STEP][PASSED] - strNoAPK = dataCompareAPK.getValue("NO", excelRow): null

2020-11-10 16:56:32 - [TEST_STEP][PASSED] - comparePS.ComparePSASL.ComparePS(strNoAPK, excelRow): comparePS.ComparePSASL.ComparePS is PASSED

2020-11-10 16:56:33 - [MESSAGE][PASSED] - comparePS.ComparePSASL.ComparePS is PASSED

2020-11-10 16:56:33 - [TEST_STEP][PASSED] - comparePS.KeywordPS.callStatus(strNoAPK, "sheetAPK1", 17): comparePS.KeywordPS.callStatus is PASSED

2020-11-10 16:56:33 - [MESSAGE][PASSED] - comparePS.KeywordPS.callStatus is PASSED

2020-11-10 16:56:33 - [TEST_STEP][PASSED] - runTime.reset(): null

2020-11-10 16:56:33 - [TEST_STEP][PASSED] - runTime.start(): null

2020-11-10 16:56:33 - [TEST_STEP][PASSED] - dataCompareAPK = findTestData("dt_APK"): null

2020-11-10 16:56:33 - [TEST_STEP][PASSED] - strNoAPK = dataCompareAPK.getValue("NO", excelRow): null

2020-11-10 16:56:33 - [TEST_STEP][PASSED] - comparePS.ComparePSASL.ComparePS(strNoAPK, excelRow): comparePS.ComparePSASL.ComparePS is PASSED

2020-11-10 16:56:33 - [MESSAGE][PASSED] - comparePS.ComparePSASL.ComparePS is PASSED

2020-11-10 16:56:33 - [TEST_STEP][PASSED] - comparePS.KeywordPS.callStatus(strNoAPK, "sheetAPK1", 17): comparePS.KeywordPS.callStatus is PASSED

2020-11-10 16:56:33 - [MESSAGE][PASSED] - comparePS.KeywordPS.callStatus is PASSED

2020-11-10 16:56:33 - [TEST_STEP][PASSED] - runTime.reset(): null

2020-11-10 16:56:33 - [TEST_STEP][PASSED] - runTime.start(): null

2020-11-10 16:56:33 - [TEST_STEP][PASSED] - dataCompareAPK = findTestData("dt_APK"): null

2020-11-10 16:56:33 - [TEST_STEP][PASSED] - strNoAPK = dataCompareAPK.getValue("NO", excelRow): null

2020-11-10 16:56:33 - [TEST_STEP][PASSED] - comparePS.ComparePSASL.ComparePS(strNoAPK, excelRow): comparePS.ComparePSASL.ComparePS is PASSED

2020-11-10 16:56:33 - [MESSAGE][PASSED] - comparePS.ComparePSASL.ComparePS is PASSED

2020-11-10 16:56:33 - [TEST_STEP][PASSED] - comparePS.KeywordPS.callStatus(strNoAPK, "sheetAPK1", 17): comparePS.KeywordPS.callStatus is PASSED

2020-11-10 16:56:33 - [MESSAGE][PASSED] - comparePS.KeywordPS.callStatus is PASSED

2020-11-10 16:56:33 - [TEST_STEP][PASSED] - runTime.reset(): null

2020-11-10 16:56:33 - [TEST_STEP][PASSED] - runTime.start(): null

2020-11-10 16:56:33 - [TEST_STEP][PASSED] - dataCompareAPK = findTestData("dt_APK"): null

2020-11-10 16:56:34 - [TEST_STEP][PASSED] - strNoAPK = dataCompareAPK.getValue("NO", excelRow): null

2020-11-10 16:56:34 - [TEST_STEP][PASSED] - comparePS.ComparePSASL.ComparePS(strNoAPK, excelRow): comparePS.ComparePSASL.ComparePS is PASSED

2020-11-10 16:56:34 - [MESSAGE][PASSED] - comparePS.ComparePSASL.ComparePS is PASSED

2020-11-10 16:56:34 - [TEST_STEP][PASSED] - comparePS.KeywordPS.callStatus(strNoAPK, "sheetAPK1", 17): comparePS.KeywordPS.callStatus is PASSED

2020-11-10 16:56:34 - [MESSAGE][PASSED] - comparePS.KeywordPS.callStatus is PASSED

2020-11-10 16:56:34 - [TEST_STEP][PASSED] - runTime.reset(): null

2020-11-10 16:56:34 - [TEST_STEP][PASSED] - runTime.start(): null

2020-11-10 16:56:34 - [TEST_STEP][PASSED] - dataCompareAPK = findTestData("dt_APK"): null

2020-11-10 16:56:34 - [TEST_STEP][PASSED] - strNoAPK = dataCompareAPK.getValue("NO", excelRow): null

2020-11-10 16:56:34 - [TEST_STEP][PASSED] - comparePS.ComparePSASL.ComparePS(strNoAPK, excelRow): comparePS.ComparePSASL.ComparePS is PASSED

2020-11-10 16:56:34 - [MESSAGE][PASSED] - comparePS.ComparePSASL.ComparePS is PASSED

2020-11-10 16:56:34 - [TEST_STEP][PASSED] - comparePS.KeywordPS.callStatus(strNoAPK, "sheetAPK1", 17): comparePS.KeywordPS.callStatus is PASSED

2020-11-10 16:56:34 - [MESSAGE][PASSED] - comparePS.KeywordPS.callStatus is PASSED

2020-11-10 16:56:34 - [TEST_STEP][PASSED] - runTime.reset(): null

2020-11-10 16:56:34 - [TEST_STEP][PASSED] - runTime.start(): null

2020-11-10 16:56:34 - [TEST_STEP][PASSED] - dataCompareAPK = findTestData("dt_APK"): null

2020-11-10 16:56:34 - [TEST_STEP][PASSED] - strNoAPK = dataCompareAPK.getValue("NO", excelRow): null

2020-11-10 16:56:34 - [TEST_STEP][PASSED] - comparePS.ComparePSASL.ComparePS(strNoAPK, excelRow): comparePS.ComparePSASL.ComparePS is PASSED

2020-11-10 16:56:34 - [MESSAGE][PASSED] - comparePS.ComparePSASL.ComparePS is PASSED

2020-11-10 16:56:34 - [TEST_STEP][PASSED] - comparePS.KeywordPS.callStatus(strNoAPK, "sheetAPK1", 17): comparePS.KeywordPS.callStatus is PASSED

2020-11-10 16:56:34 - [MESSAGE][PASSED] - comparePS.KeywordPS.callStatus is PASSED

2020-11-10 16:56:34 - [TEST_STEP][PASSED] - runTime.reset(): null

2020-11-10 16:56:34 - [TEST_STEP][PASSED] - runTime.start(): null

2020-11-10 16:56:34 - [TEST_STEP][PASSED] - dataCompareAPK = findTestData("dt_APK"): null

2020-11-10 16:56:35 - [TEST_STEP][PASSED] - strNoAPK = dataCompareAPK.getValue("NO", excelRow): null

2020-11-10 16:56:35 - [TEST_STEP][PASSED] - comparePS.ComparePSASL.ComparePS(strNoAPK, excelRow): comparePS.ComparePSASL.ComparePS is PASSED

2020-11-10 16:56:35 - [MESSAGE][PASSED] - comparePS.ComparePSASL.ComparePS is PASSED

2020-11-10 16:56:35 - [TEST_STEP][PASSED] - comparePS.KeywordPS.callStatus(strNoAPK, "sheetAPK1", 17): comparePS.KeywordPS.callStatus is PASSED

2020-11-10 16:56:35 - [MESSAGE][PASSED] - comparePS.KeywordPS.callStatus is PASSED

2020-11-10 16:56:35 - [TEST_STEP][PASSED] - runTime.reset(): null

2020-11-10 16:56:35 - [TEST_STEP][PASSED] - runTime.start(): null

2020-11-10 16:56:35 - [TEST_STEP][PASSED] - dataCompareAPK = findTestData("dt_APK"): null

2020-11-10 16:56:35 - [TEST_STEP][PASSED] - strNoAPK = dataCompareAPK.getValue("NO", excelRow): null

2020-11-10 16:56:35 - [TEST_STEP][PASSED] - comparePS.ComparePSASL.ComparePS(strNoAPK, excelRow): comparePS.ComparePSASL.ComparePS is PASSED

2020-11-10 16:56:35 - [MESSAGE][PASSED] - comparePS.ComparePSASL.ComparePS is PASSED

2020-11-10 16:56:35 - [TEST_STEP][PASSED] - comparePS.KeywordPS.callStatus(strNoAPK, "sheetAPK1", 17): comparePS.KeywordPS.callStatus is PASSED

2020-11-10 16:56:35 - [MESSAGE][PASSED] - comparePS.KeywordPS.callStatus is PASSED

2020-11-10 16:56:35 - [TEST_STEP][PASSED] - runTime.reset(): null

2020-11-10 16:56:35 - [TEST_STEP][PASSED] - runTime.start(): null

2020-11-10 16:56:35 - [TEST_STEP][PASSED] - dataCompareAPK = findTestData("dt_APK"): null

2020-11-10 16:56:35 - [TEST_STEP][PASSED] - strNoAPK = dataCompareAPK.getValue("NO", excelRow): null

2020-11-10 16:56:35 - [TEST_STEP][PASSED] - comparePS.ComparePSASL.ComparePS(strNoAPK, excelRow): comparePS.ComparePSASL.ComparePS is PASSED

2020-11-10 16:56:35 - [MESSAGE][PASSED] - comparePS.ComparePSASL.ComparePS is PASSED

2020-11-10 16:56:35 - [TEST_STEP][PASSED] - comparePS.KeywordPS.callStatus(strNoAPK, "sheetAPK1", 17): comparePS.KeywordPS.callStatus is PASSED

2020-11-10 16:56:35 - [MESSAGE][PASSED] - comparePS.KeywordPS.callStatus is PASSED

2020-11-10 16:56:35 - [TEST_STEP][PASSED] - runTime.reset(): null

2020-11-10 16:56:35 - [TEST_STEP][PASSED] - runTime.start(): null

2020-11-10 16:56:35 - [TEST_STEP][PASSED] - dataCompareAPK = findTestData("dt_APK"): null

2020-11-10 16:56:35 - [TEST_STEP][PASSED] - strNoAPK = dataCompareAPK.getValue("NO", excelRow): null

2020-11-10 16:56:35 - [TEST_STEP][PASSED] - comparePS.ComparePSASL.ComparePS(strNoAPK, excelRow): comparePS.ComparePSASL.ComparePS is PASSED

2020-11-10 16:56:35 - [MESSAGE][PASSED] - comparePS.ComparePSASL.ComparePS is PASSED

2020-11-10 16:56:35 - [TEST_STEP][PASSED] - comparePS.KeywordPS.callStatus(strNoAPK, "sheetAPK1", 17): comparePS.KeywordPS.callStatus is PASSED

2020-11-10 16:56:35 - [MESSAGE][PASSED] - comparePS.KeywordPS.callStatus is PASSED

2020-11-10 16:56:35 - [TEST_STEP][PASSED] - runTime.reset(): null

2020-11-10 16:56:35 - [TEST_STEP][PASSED] - runTime.start(): null

2020-11-10 16:56:35 - [TEST_STEP][PASSED] - dataCompareAPK = findTestData("dt_APK"): null

2020-11-10 16:56:35 - [TEST_STEP][PASSED] - strNoAPK = dataCompareAPK.getValue("NO", excelRow): null

2020-11-10 16:56:35 - [TEST_STEP][PASSED] - comparePS.ComparePSASL.ComparePS(strNoAPK, excelRow): comparePS.ComparePSASL.ComparePS is PASSED

2020-11-10 16:56:36 - [MESSAGE][PASSED] - comparePS.ComparePSASL.ComparePS is PASSED

2020-11-10 16:56:36 - [TEST_STEP][PASSED] - comparePS.KeywordPS.callStatus(strNoAPK, "sheetAPK1", 17): comparePS.KeywordPS.callStatus is PASSED

2020-11-10 16:56:36 - [MESSAGE][PASSED] - comparePS.KeywordPS.callStatus is PASSED

2020-11-10 16:56:36 - [TEST_STEP][PASSED] - runTime.reset(): null

2020-11-10 16:56:36 - [TEST_STEP][PASSED] - runTime.start(): null

2020-11-10 16:56:36 - [TEST_STEP][PASSED] - dataCompareAPK = findTestData("dt_APK"): null

2020-11-10 16:56:36 - [TEST_STEP][PASSED] - strNoAPK = dataCompareAPK.getValue("NO", excelRow): null

2020-11-10 16:56:36 - [TEST_STEP][PASSED] - comparePS.ComparePSASL.ComparePS(strNoAPK, excelRow): comparePS.ComparePSASL.ComparePS is PASSED

2020-11-10 16:56:36 - [MESSAGE][PASSED] - comparePS.ComparePSASL.ComparePS is PASSED

2020-11-10 16:56:36 - [TEST_STEP][PASSED] - comparePS.KeywordPS.callStatus(strNoAPK, "sheetAPK1", 17): comparePS.KeywordPS.callStatus is PASSED

2020-11-10 16:56:36 - [MESSAGE][PASSED] - comparePS.KeywordPS.callStatus is PASSED

2020-11-10 16:56:36 - [TEST_STEP][PASSED] - runTime.reset(): null

2020-11-10 16:56:36 - [TEST_STEP][PASSED] - runTime.start(): null

2020-11-10 16:56:36 - [TEST_STEP][PASSED] - dataCompareAPK = findTestData("dt_APK"): null

2020-11-10 16:56:36 - [TEST_STEP][PASSED] - strNoAPK = dataCompareAPK.getValue("NO", excelRow): null

2020-11-10 16:56:36 - [TEST_STEP][PASSED] - comparePS.ComparePSASL.ComparePS(strNoAPK, excelRow): comparePS.ComparePSASL.ComparePS is PASSED

2020-11-10 16:56:36 - [MESSAGE][PASSED] - comparePS.ComparePSASL.ComparePS is PASSED

2020-11-10 16:56:36 - [TEST_STEP][PASSED] - comparePS.KeywordPS.callStatus(strNoAPK, "sheetAPK1", 17): comparePS.KeywordPS.callStatus is PASSED

2020-11-10 16:56:36 - [MESSAGE][PASSED] - comparePS.KeywordPS.callStatus is PASSED

2020-11-10 16:56:36 - [TEST_STEP][PASSED] - runTime.reset(): null

2020-11-10 16:56:36 - [TEST_STEP][PASSED] - runTime.start(): null

2020-11-10 16:56:36 - [TEST_STEP][PASSED] - dataCompareAPK = findTestData("dt_APK"): null

2020-11-10 16:56:36 - [TEST_STEP][PASSED] - strNoAPK = dataCompareAPK.getValue("NO", excelRow): null

2020-11-10 16:56:36 - [TEST_STEP][PASSED] - comparePS.ComparePSASL.ComparePS(strNoAPK, excelRow): comparePS.ComparePSASL.ComparePS is PASSED

2020-11-10 16:56:36 - [MESSAGE][PASSED] - comparePS.ComparePSASL.ComparePS is PASSED

2020-11-10 16:56:36 - [TEST_STEP][PASSED] - comparePS.KeywordPS.callStatus(strNoAPK, "sheetAPK1", 17): comparePS.KeywordPS.callStatus is PASSED

2020-11-10 16:56:36 - [MESSAGE][PASSED] - comparePS.KeywordPS.callStatus is PASSED

2020-11-10 16:56:36 - [TEST_STEP][PASSED] - runTime.reset(): null

2020-11-10 16:56:36 - [TEST_STEP][PASSED] - runTime.start(): null

2020-11-10 16:56:36 - [TEST_STEP][PASSED] - dataCompareAPK = findTestData("dt_APK"): null

2020-11-10 16:56:36 - [TEST_STEP][PASSED] - strNoAPK = dataCompareAPK.getValue("NO", excelRow): null

2020-11-10 16:56:36 - [TEST_STEP][PASSED] - comparePS.ComparePSASL.ComparePS(strNoAPK, excelRow): comparePS.ComparePSASL.ComparePS is PASSED

2020-11-10 16:56:36 - [MESSAGE][PASSED] - comparePS.ComparePSASL.ComparePS is PASSED

2020-11-10 16:56:36 - [TEST_STEP][PASSED] - comparePS.KeywordPS.callStatus(strNoAPK, "sheetAPK1", 17): comparePS.KeywordPS.callStatus is PASSED

2020-11-10 16:56:37 - [MESSAGE][PASSED] - comparePS.KeywordPS.callStatus is PASSED

2020-11-10 16:56:37 - [TEST_STEP][PASSED] - runTime.reset(): null

2020-11-10 16:56:37 - [TEST_STEP][PASSED] - runTime.start(): null

2020-11-10 16:56:37 - [TEST_STEP][PASSED] - dataCompareAPK = findTestData("dt_APK"): null

2020-11-10 16:56:37 - [TEST_STEP][PASSED] - strNoAPK = dataCompareAPK.getValue("NO", excelRow): null

2020-11-10 16:56:37 - [TEST_STEP][PASSED] - comparePS.ComparePSASL.ComparePS(strNoAPK, excelRow): comparePS.ComparePSASL.ComparePS is PASSED

2020-11-10 16:56:37 - [MESSAGE][PASSED] - comparePS.ComparePSASL.ComparePS is PASSED

2020-11-10 16:56:37 - [TEST_STEP][PASSED] - comparePS.KeywordPS.callStatus(strNoAPK, "sheetAPK1", 17): comparePS.KeywordPS.callStatus is PASSED

2020-11-10 16:56:37 - [MESSAGE][PASSED] - comparePS.KeywordPS.callStatus is PASSED

2020-11-10 16:56:37 - [TEST_STEP][PASSED] - runTime.reset(): null

2020-11-10 16:56:37 - [TEST_STEP][PASSED] - runTime.start(): null

2020-11-10 16:56:37 - [TEST_STEP][PASSED] - dataCompareAPK = findTestData("dt_APK"): null

2020-11-10 16:56:37 - [TEST_STEP][PASSED] - strNoAPK = dataCompareAPK.getValue("NO", excelRow): null

2020-11-10 16:56:37 - [TEST_STEP][PASSED] - comparePS.ComparePSASL.ComparePS(strNoAPK, excelRow): comparePS.ComparePSASL.ComparePS is PASSED

2020-11-10 16:56:37 - [MESSAGE][PASSED] - comparePS.ComparePSASL.ComparePS is PASSED

2020-11-10 16:56:37 - [TEST_STEP][PASSED] - comparePS.KeywordPS.callStatus(strNoAPK, "sheetAPK1", 17): comparePS.KeywordPS.callStatus is PASSED

2020-11-10 16:56:37 - [MESSAGE][PASSED] - comparePS.KeywordPS.callStatus is PASSED

2020-11-10 16:56:37 - [TEST_STEP][PASSED] - runTime.reset(): null

2020-11-10 16:56:37 - [TEST_STEP][PASSED] - runTime.start(): null

2020-11-10 16:56:37 - [TEST_STEP][PASSED] - dataCompareAPK = findTestData("dt_APK"): null

2020-11-10 16:56:37 - [TEST_STEP][PASSED] - strNoAPK = dataCompareAPK.getValue("NO", excelRow): null

2020-11-10 16:56:37 - [TEST_STEP][PASSED] - comparePS.ComparePSASL.ComparePS(strNoAPK, excelRow): comparePS.ComparePSASL.ComparePS is PASSED

2020-11-10 16:56:37 - [MESSAGE][PASSED] - comparePS.ComparePSASL.ComparePS is PASSED

2020-11-10 16:56:37 - [TEST_STEP][PASSED] - comparePS.KeywordPS.callStatus(strNoAPK, "sheetAPK1", 17): comparePS.KeywordPS.callStatus is PASSED

2020-11-10 16:56:37 - [MESSAGE][PASSED] - comparePS.KeywordPS.callStatus is PASSED

2020-11-10 16:56:37 - [TEST_STEP][PASSED] - runTime.reset(): null

2020-11-10 16:56:37 - [TEST_STEP][PASSED] - runTime.start(): null

2020-11-10 16:56:37 - [TEST_STEP][PASSED] - dataCompareAPK = findTestData("dt_APK"): null

2020-11-10 16:56:37 - [TEST_STEP][PASSED] - strNoAPK = dataCompareAPK.getValue("NO", excelRow): null

2020-11-10 16:56:37 - [TEST_STEP][PASSED] - comparePS.ComparePSASL.ComparePS(strNoAPK, excelRow): comparePS.ComparePSASL.ComparePS is PASSED

2020-11-10 16:56:37 - [MESSAGE][PASSED] - comparePS.ComparePSASL.ComparePS is PASSED

2020-11-10 16:56:37 - [TEST_STEP][PASSED] - comparePS.KeywordPS.callStatus(strNoAPK, "sheetAPK1", 17): comparePS.KeywordPS.callStatus is PASSED

2020-11-10 16:56:37 - [MESSAGE][PASSED] - comparePS.KeywordPS.callStatus is PASSED

2020-11-10 16:56:37 - [TEST_STEP][PASSED] - runTime.reset(): null

2020-11-10 16:56:37 - [TEST_STEP][PASSED] - runTime.start(): null

2020-11-10 16:56:37 - [TEST_STEP][PASSED] - dataCompareAPK = findTestData("dt_APK"): null

2020-11-10 16:56:37 - [TEST_STEP][PASSED] - strNoAPK = dataCompareAPK.getValue("NO", excelRow): null

2020-11-10 16:56:37 - [TEST_STEP][PASSED] - comparePS.ComparePSASL.ComparePS(strNoAPK, excelRow): comparePS.ComparePSASL.ComparePS is PASSED

2020-11-10 16:56:38 - [MESSAGE][PASSED] - comparePS.ComparePSASL.ComparePS is PASSED

2020-11-10 16:56:38 - [TEST_STEP][PASSED] - comparePS.KeywordPS.callStatus(strNoAPK, "sheetAPK1", 17): comparePS.KeywordPS.callStatus is PASSED

2020-11-10 16:56:38 - [MESSAGE][PASSED] - comparePS.KeywordPS.callStatus is PASSED

2020-11-10 16:56:38 - [TEST_STEP][PASSED] - runTime.reset(): null

2020-11-10 16:56:38 - [TEST_STEP][PASSED] - runTime.start(): null

2020-11-10 16:56:38 - [TEST_STEP][PASSED] - dataCompareAPK = findTestData("dt_APK"): null

2020-11-10 16:56:38 - [TEST_STEP][PASSED] - strNoAPK = dataCompareAPK.getValue("NO", excelRow): null

2020-11-10 16:56:38 - [TEST_STEP][PASSED] - comparePS.ComparePSASL.ComparePS(strNoAPK, excelRow): comparePS.ComparePSASL.ComparePS is PASSED

2020-11-10 16:56:38 - [MESSAGE][PASSED] - comparePS.ComparePSASL.ComparePS is PASSED

2020-11-10 16:56:38 - [TEST_STEP][PASSED] - comparePS.KeywordPS.callStatus(strNoAPK, "sheetAPK1", 17): comparePS.KeywordPS.callStatus is PASSED

2020-11-10 16:56:38 - [MESSAGE][PASSED] - comparePS.KeywordPS.callStatus is PASSED

2020-11-10 16:56:38 - [TEST_STEP][PASSED] - runTime.reset(): null

2020-11-10 16:56:38 - [TEST_STEP][PASSED] - runTime.start(): null

2020-11-10 16:56:38 - [TEST_STEP][PASSED] - dataCompareAPK = findTestData("dt_APK"): null

2020-11-10 16:56:38 - [TEST_STEP][PASSED] - strNoAPK = dataCompareAPK.getValue("NO", excelRow): null

2020-11-10 16:56:38 - [TEST_STEP][PASSED] - comparePS.ComparePSASL.ComparePS(strNoAPK, excelRow): comparePS.ComparePSASL.ComparePS is PASSED

2020-11-10 16:56:38 - [MESSAGE][PASSED] - comparePS.ComparePSASL.ComparePS is PASSED

2020-11-10 16:56:38 - [TEST_STEP][PASSED] - comparePS.KeywordPS.callStatus(strNoAPK, "sheetAPK1", 17): comparePS.KeywordPS.callStatus is PASSED

2020-11-10 16:56:38 - [MESSAGE][PASSED] - comparePS.KeywordPS.callStatus is PASSED

2020-11-10 16:56:38 - [TEST_STEP][PASSED] - runTime.reset(): null

2020-11-10 16:56:38 - [TEST_STEP][PASSED] - runTime.start(): null

2020-11-10 16:56:38 - [TEST_STEP][PASSED] - dataCompareAPK = findTestData("dt_APK"): null

2020-11-10 16:56:38 - [TEST_STEP][PASSED] - strNoAPK = dataCompareAPK.getValue("NO", excelRow): null

2020-11-10 16:56:38 - [TEST_STEP][PASSED] - comparePS.ComparePSASL.ComparePS(strNoAPK, excelRow): comparePS.ComparePSASL.ComparePS is PASSED

2020-11-10 16:56:38 - [MESSAGE][PASSED] - comparePS.ComparePSASL.ComparePS is PASSED

2020-11-10 16:56:38 - [TEST_STEP][PASSED] - comparePS.KeywordPS.callStatus(strNoAPK, "sheetAPK1", 17): comparePS.KeywordPS.callStatus is PASSED

2020-11-10 16:56:39 - [MESSAGE][PASSED] - comparePS.KeywordPS.callStatus is PASSED

2020-11-10 16:56:39 - [TEST_STEP][PASSED] - runTime.reset(): null

2020-11-10 16:56:39 - [TEST_STEP][PASSED] - runTime.start(): null

2020-11-10 16:56:39 - [TEST_STEP][PASSED] - dataCompareAPK = findTestData("dt_APK"): null

2020-11-10 16:56:39 - [TEST_STEP][PASSED] - strNoAPK = dataCompareAPK.getValue("NO", excelRow): null

2020-11-10 16:56:39 - [TEST_STEP][PASSED] - comparePS.ComparePSASL.ComparePS(strNoAPK, excelRow): comparePS.ComparePSASL.ComparePS is PASSED

2020-11-10 16:56:39 - [MESSAGE][PASSED] - comparePS.ComparePSASL.ComparePS is PASSED

2020-11-10 16:56:39 - [TEST_STEP][PASSED] - comparePS.KeywordPS.callStatus(strNoAPK, "sheetAPK1", 17): comparePS.KeywordPS.callStatus is PASSED

2020-11-10 16:56:39 - [MESSAGE][PASSED] - comparePS.KeywordPS.callStatus is PASSED

2020-11-10 16:56:39 - [TEST_STEP][PASSED] - runTime.reset(): null

2020-11-10 16:56:39 - [TEST_STEP][PASSED] - runTime.start(): null

2020-11-10 16:56:39 - [TEST_STEP][PASSED] - dataCompareAPK = findTestData("dt_APK"): null

2020-11-10 16:56:39 - [TEST_STEP][PASSED] - strNoAPK = dataCompareAPK.getValue("NO", excelRow): null

2020-11-10 16:56:39 - [TEST_STEP][PASSED] - comparePS.ComparePSASL.ComparePS(strNoAPK, excelRow): comparePS.ComparePSASL.ComparePS is PASSED

2020-11-10 16:56:39 - [MESSAGE][PASSED] - comparePS.ComparePSASL.ComparePS is PASSED

2020-11-10 16:56:39 - [TEST_STEP][PASSED] - comparePS.KeywordPS.callStatus(strNoAPK, "sheetAPK1", 17): comparePS.KeywordPS.callStatus is PASSED

2020-11-10 16:56:39 - [MESSAGE][PASSED] - comparePS.KeywordPS.callStatus is PASSED

2020-11-10 16:56:39 - [TEST_STEP][PASSED] - runTime.reset(): null

2020-11-10 16:56:39 - [TEST_STEP][PASSED] - runTime.start(): null

2020-11-10 16:56:39 - [TEST_STEP][PASSED] - dataCompareAPK = findTestData("dt_APK"): null

2020-11-10 16:56:39 - [TEST_STEP][PASSED] - strNoAPK = dataCompareAPK.getValue("NO", excelRow): null

2020-11-10 16:56:39 - [TEST_STEP][PASSED] - comparePS.ComparePSASL.ComparePS(strNoAPK, excelRow): comparePS.ComparePSASL.ComparePS is PASSED

2020-11-10 16:56:39 - [MESSAGE][PASSED] - comparePS.ComparePSASL.ComparePS is PASSED

2020-11-10 16:56:39 - [TEST_STEP][PASSED] - comparePS.KeywordPS.callStatus(strNoAPK, "sheetAPK1", 17): comparePS.KeywordPS.callStatus is PASSED

2020-11-10 16:56:39 - [MESSAGE][PASSED] - comparePS.KeywordPS.callStatus is PASSED

2020-11-10 16:56:39 - [TEST_STEP][PASSED] - runTime.reset(): null

2020-11-10 16:56:39 - [TEST_STEP][PASSED] - runTime.start(): null

2020-11-10 16:56:39 - [TEST_STEP][PASSED] - dataCompareAPK = findTestData("dt_APK"): null

2020-11-10 16:56:39 - [TEST_STEP][PASSED] - strNoAPK = dataCompareAPK.getValue("NO", excelRow): null

2020-11-10 16:56:39 - [TEST_STEP][PASSED] - comparePS.ComparePSASL.ComparePS(strNoAPK, excelRow): comparePS.ComparePSASL.ComparePS is PASSED

2020-11-10 16:56:39 - [MESSAGE][PASSED] - comparePS.ComparePSASL.ComparePS is PASSED

2020-11-10 16:56:39 - [TEST_STEP][PASSED] - comparePS.KeywordPS.callStatus(strNoAPK, "sheetAPK1", 17): comparePS.KeywordPS.callStatus is PASSED

2020-11-10 16:56:40 - [MESSAGE][PASSED] - comparePS.KeywordPS.callStatus is PASSED

2020-11-10 16:56:40 - [TEST_STEP][PASSED] - runTime.reset(): null

2020-11-10 16:56:40 - [TEST_STEP][PASSED] - runTime.start(): null

2020-11-10 16:56:40 - [TEST_STEP][PASSED] - dataCompareAPK = findTestData("dt_APK"): null

2020-11-10 16:56:40 - [TEST_STEP][PASSED] - strNoAPK = dataCompareAPK.getValue("NO", excelRow): null

2020-11-10 16:56:40 - [TEST_STEP][PASSED] - comparePS.ComparePSASL.ComparePS(strNoAPK, excelRow): comparePS.ComparePSASL.ComparePS is PASSED

2020-11-10 16:56:40 - [MESSAGE][PASSED] - comparePS.ComparePSASL.ComparePS is PASSED

2020-11-10 16:56:40 - [TEST_STEP][PASSED] - comparePS.KeywordPS.callStatus(strNoAPK, "sheetAPK1", 17): comparePS.KeywordPS.callStatus is PASSED

2020-11-10 16:56:40 - [MESSAGE][PASSED] - comparePS.KeywordPS.callStatus is PASSED

2020-11-10 16:56:40 - [TEST_STEP][PASSED] - runTime.reset(): null

2020-11-10 16:56:40 - [TEST_STEP][PASSED] - runTime.start(): null

2020-11-10 16:56:40 - [TEST_STEP][PASSED] - dataCompareAPK = findTestData("dt_APK"): null

2020-11-10 16:56:40 - [TEST_STEP][PASSED] - strNoAPK = dataCompareAPK.getValue("NO", excelRow): null

2020-11-10 16:56:40 - [TEST_STEP][PASSED] - comparePS.ComparePSASL.ComparePS(strNoAPK, excelRow): comparePS.ComparePSASL.ComparePS is PASSED

2020-11-10 16:56:40 - [MESSAGE][PASSED] - comparePS.ComparePSASL.ComparePS is PASSED

2020-11-10 16:56:40 - [TEST_STEP][PASSED] - comparePS.KeywordPS.callStatus(strNoAPK, "sheetAPK1", 17): comparePS.KeywordPS.callStatus is PASSED

2020-11-10 16:56:40 - [MESSAGE][PASSED] - comparePS.KeywordPS.callStatus is PASSED

2020-11-10 16:56:40 - [TEST_STEP][PASSED] - runTime.reset(): null

2020-11-10 16:56:40 - [TEST_STEP][PASSED] - runTime.start(): null

2020-11-10 16:56:40 - [TEST_STEP][PASSED] - dataCompareAPK = findTestData("dt_APK"): null

2020-11-10 16:56:40 - [TEST_STEP][PASSED] - strNoAPK = dataCompareAPK.getValue("NO", excelRow): null

2020-11-10 16:56:40 - [TEST_STEP][PASSED] - comparePS.ComparePSASL.ComparePS(strNoAPK, excelRow): comparePS.ComparePSASL.ComparePS is PASSED

2020-11-10 16:56:40 - [MESSAGE][PASSED] - comparePS.ComparePSASL.ComparePS is PASSED

2020-11-10 16:56:40 - [TEST_STEP][PASSED] - comparePS.KeywordPS.callStatus(strNoAPK, "sheetAPK1", 17): comparePS.KeywordPS.callStatus is PASSED

2020-11-10 16:56:40 - [MESSAGE][PASSED] - comparePS.KeywordPS.callStatus is PASSED

2020-11-10 16:56:40 - [TEST_STEP][PASSED] - runTime.reset(): null

2020-11-10 16:56:40 - [TEST_STEP][PASSED] - runTime.start(): null

2020-11-10 16:56:40 - [TEST_STEP][PASSED] - dataCompareAPK = findTestData("dt_APK"): null

2020-11-10 16:56:40 - [TEST_STEP][PASSED] - strNoAPK = dataCompareAPK.getValue("NO", excelRow): null

2020-11-10 16:56:40 - [TEST_STEP][PASSED] - comparePS.ComparePSASL.ComparePS(strNoAPK, excelRow): comparePS.ComparePSASL.ComparePS is PASSED

2020-11-10 16:56:40 - [MESSAGE][PASSED] - comparePS.ComparePSASL.ComparePS is PASSED

2020-11-10 16:56:40 - [TEST_STEP][PASSED] - comparePS.KeywordPS.callStatus(strNoAPK, "sheetAPK1", 17): comparePS.KeywordPS.callStatus is PASSED

2020-11-10 16:56:40 - [MESSAGE][PASSED] - comparePS.KeywordPS.callStatus is PASSED

2020-11-10 16:56:40 - [TEST_STEP][PASSED] - runTime.reset(): null

2020-11-10 16:56:40 - [TEST_STEP][PASSED] - runTime.start(): null

2020-11-10 16:56:40 - [TEST_STEP][PASSED] - dataCompareAPK = findTestData("dt_APK"): null

2020-11-10 16:56:40 - [TEST_STEP][PASSED] - strNoAPK = dataCompareAPK.getValue("NO", excelRow): null

2020-11-10 16:56:40 - [TEST_STEP][PASSED] - comparePS.ComparePSASL.ComparePS(strNoAPK, excelRow): comparePS.ComparePSASL.ComparePS is PASSED

2020-11-10 16:56:41 - [MESSAGE][PASSED] - comparePS.ComparePSASL.ComparePS is PASSED

2020-11-10 16:56:41 - [TEST_STEP][PASSED] - comparePS.KeywordPS.callStatus(strNoAPK, "sheetAPK1", 17): comparePS.KeywordPS.callStatus is PASSED

2020-11-10 16:56:41 - [MESSAGE][PASSED] - comparePS.KeywordPS.callStatus is PASSED

2020-11-10 16:56:41 - [TEST_STEP][PASSED] - runTime.reset(): null

2020-11-10 16:56:41 - [TEST_STEP][PASSED] - runTime.start(): null

2020-11-10 16:56:41 - [TEST_STEP][PASSED] - dataCompareAPK = findTestData("dt_APK"): null

2020-11-10 16:56:41 - [TEST_STEP][PASSED] - strNoAPK = dataCompareAPK.getValue("NO", excelRow): null

2020-11-10 16:56:41 - [TEST_STEP][PASSED] - comparePS.ComparePSASL.ComparePS(strNoAPK, excelRow): comparePS.ComparePSASL.ComparePS is PASSED

2020-11-10 16:56:41 - [MESSAGE][PASSED] - comparePS.ComparePSASL.ComparePS is PASSED

2020-11-10 16:56:41 - [TEST_STEP][PASSED] - comparePS.KeywordPS.callStatus(strNoAPK, "sheetAPK1", 17): comparePS.KeywordPS.callStatus is PASSED

2020-11-10 16:56:41 - [MESSAGE][PASSED] - comparePS.KeywordPS.callStatus is PASSED

2020-11-10 16:56:41 - [TEST_STEP][PASSED] - runTime.reset(): null

2020-11-10 16:56:41 - [TEST_STEP][PASSED] - runTime.start(): null

2020-11-10 16:56:41 - [TEST_STEP][PASSED] - dataCompareAPK = findTestData("dt_APK"): null

2020-11-10 16:56:41 - [TEST_STEP][PASSED] - strNoAPK = dataCompareAPK.getValue("NO", excelRow): null

2020-11-10 16:56:41 - [TEST_STEP][PASSED] - comparePS.ComparePSASL.ComparePS(strNoAPK, excelRow): comparePS.ComparePSASL.ComparePS is PASSED

2020-11-10 16:56:41 - [MESSAGE][PASSED] - comparePS.ComparePSASL.ComparePS is PASSED

2020-11-10 16:56:41 - [TEST_STEP][PASSED] - comparePS.KeywordPS.callStatus(strNoAPK, "sheetAPK1", 17): comparePS.KeywordPS.callStatus is PASSED

2020-11-10 16:56:41 - [MESSAGE][PASSED] - comparePS.KeywordPS.callStatus is PASSED

2020-11-10 16:56:41 - [TEST_STEP][PASSED] - runTime.reset(): null

2020-11-10 16:56:41 - [TEST_STEP][PASSED] - runTime.start(): null

2020-11-10 16:56:41 - [TEST_STEP][PASSED] - dataCompareAPK = findTestData("dt_APK"): null

2020-11-10 16:56:41 - [TEST_STEP][PASSED] - strNoAPK = dataCompareAPK.getValue("NO", excelRow): null

2020-11-10 16:56:41 - [TEST_STEP][PASSED] - comparePS.ComparePSASL.ComparePS(strNoAPK, excelRow): comparePS.ComparePSASL.ComparePS is PASSED

2020-11-10 16:56:41 - [MESSAGE][PASSED] - comparePS.ComparePSASL.ComparePS is PASSED

2020-11-10 16:56:41 - [TEST_STEP][PASSED] - comparePS.KeywordPS.callStatus(strNoAPK, "sheetAPK1", 17): comparePS.KeywordPS.callStatus is PASSED

2020-11-10 16:56:41 - [MESSAGE][PASSED] - comparePS.KeywordPS.callStatus is PASSED

2020-11-10 16:56:41 - [TEST_STEP][PASSED] - runTime.reset(): null

2020-11-10 16:56:41 - [TEST_STEP][PASSED] - runTime.start(): null

2020-11-10 16:56:41 - [TEST_STEP][PASSED] - dataCompareAPK = findTestData("dt_APK"): null

2020-11-10 16:56:41 - [TEST_STEP][PASSED] - strNoAPK = dataCompareAPK.getValue("NO", excelRow): null

2020-11-10 16:56:41 - [TEST_STEP][PASSED] - comparePS.ComparePSASL.ComparePS(strNoAPK, excelRow): comparePS.ComparePSASL.ComparePS is PASSED

2020-11-10 16:56:41 - [MESSAGE][PASSED] - comparePS.ComparePSASL.ComparePS is PASSED

2020-11-10 16:56:41 - [TEST_STEP][PASSED] - comparePS.KeywordPS.callStatus(strNoAPK, "sheetAPK1", 17): comparePS.KeywordPS.callStatus is PASSED

2020-11-10 16:56:41 - [MESSAGE][PASSED] - comparePS.KeywordPS.callStatus is PASSED

2020-11-10 16:56:41 - [TEST_STEP][PASSED] - runTime.reset(): null

2020-11-10 16:56:41 - [TEST_STEP][PASSED] - runTime.start(): null

2020-11-10 16:56:41 - [TEST_STEP][PASSED] - dataCompareAPK = findTestData("dt_APK"): null

2020-11-10 16:56:42 - [TEST_STEP][PASSED] - strNoAPK = dataCompareAPK.getValue("NO", excelRow): null

2020-11-10 16:56:42 - [TEST_STEP][PASSED] - comparePS.ComparePSASL.ComparePS(strNoAPK, excelRow): comparePS.ComparePSASL.ComparePS is PASSED

2020-11-10 16:56:42 - [MESSAGE][PASSED] - comparePS.ComparePSASL.ComparePS is PASSED

2020-11-10 16:56:42 - [TEST_STEP][PASSED] - comparePS.KeywordPS.callStatus(strNoAPK, "sheetAPK1", 17): comparePS.KeywordPS.callStatus is PASSED

2020-11-10 16:56:42 - [MESSAGE][PASSED] - comparePS.KeywordPS.callStatus is PASSED

2020-11-10 16:56:42 - [TEST_STEP][PASSED] - runTime.reset(): null

2020-11-10 16:56:42 - [TEST_STEP][PASSED] - runTime.start(): null

2020-11-10 16:56:42 - [TEST_STEP][PASSED] - dataCompareAPK = findTestData("dt_APK"): null

2020-11-10 16:56:42 - [TEST_STEP][PASSED] - strNoAPK = dataCompareAPK.getValue("NO", excelRow): null

2020-11-10 16:56:42 - [TEST_STEP][PASSED] - comparePS.ComparePSASL.ComparePS(strNoAPK, excelRow): comparePS.ComparePSASL.ComparePS is PASSED

2020-11-10 16:56:42 - [MESSAGE][PASSED] - comparePS.ComparePSASL.ComparePS is PASSED

2020-11-10 16:56:42 - [TEST_STEP][PASSED] - comparePS.KeywordPS.callStatus(strNoAPK, "sheetAPK1", 17): comparePS.KeywordPS.callStatus is PASSED

2020-11-10 16:56:42 - [MESSAGE][PASSED] - comparePS.KeywordPS.callStatus is PASSED

2020-11-10 16:56:42 - [TEST_STEP][PASSED] - runTime.reset(): null

2020-11-10 16:56:42 - [TEST_STEP][PASSED] - runTime.start(): null

2020-11-10 16:56:42 - [TEST_STEP][PASSED] - dataCompareAPK = findTestData("dt_APK"): null

2020-11-10 16:56:42 - [TEST_STEP][PASSED] - strNoAPK = dataCompareAPK.getValue("NO", excelRow): null

2020-11-10 16:56:42 - [TEST_STEP][PASSED] - comparePS.ComparePSASL.ComparePS(strNoAPK, excelRow): comparePS.ComparePSASL.ComparePS is PASSED

2020-11-10 16:56:42 - [MESSAGE][PASSED] - comparePS.ComparePSASL.ComparePS is PASSED

2020-11-10 16:56:42 - [TEST_STEP][PASSED] - comparePS.KeywordPS.callStatus(strNoAPK, "sheetAPK1", 17): comparePS.KeywordPS.callStatus is PASSED

2020-11-10 16:56:42 - [MESSAGE][PASSED] - comparePS.KeywordPS.callStatus is PASSED

2020-11-10 16:56:42 - [TEST_STEP][PASSED] - runTime.reset(): null

2020-11-10 16:56:42 - [TEST_STEP][PASSED] - runTime.start(): null

2020-11-10 16:56:42 - [TEST_STEP][PASSED] - dataCompareAPK = findTestData("dt_APK"): null

2020-11-10 16:56:42 - [TEST_STEP][PASSED] - strNoAPK = dataCompareAPK.getValue("NO", excelRow): null

2020-11-10 16:56:42 - [TEST_STEP][PASSED] - comparePS.ComparePSASL.ComparePS(strNoAPK, excelRow): comparePS.ComparePSASL.ComparePS is PASSED

2020-11-10 16:56:42 - [MESSAGE][PASSED] - comparePS.ComparePSASL.ComparePS is PASSED

2020-11-10 16:56:42 - [TEST_STEP][PASSED] - comparePS.KeywordPS.callStatus(strNoAPK, "sheetAPK1", 17): comparePS.KeywordPS.callStatus is PASSED

2020-11-10 16:56:42 - [MESSAGE][PASSED] - comparePS.KeywordPS.callStatus is PASSED

2020-11-10 16:56:42 - [TEST_STEP][PASSED] - runTime.reset(): null

2020-11-10 16:56:42 - [TEST_STEP][PASSED] - runTime.start(): null

2020-11-10 16:56:42 - [TEST_STEP][PASSED] - dataCompareAPK = findTestData("dt_APK"): null

2020-11-10 16:56:42 - [TEST_STEP][PASSED] - strNoAPK = dataCompareAPK.getValue("NO", excelRow): null

2020-11-10 16:56:42 - [TEST_STEP][PASSED] - comparePS.ComparePSASL.ComparePS(strNoAPK, excelRow): comparePS.ComparePSASL.ComparePS is PASSED

2020-11-10 16:56:42 - [MESSAGE][PASSED] - comparePS.ComparePSASL.ComparePS is PASSED

2020-11-10 16:56:42 - [TEST_STEP][PASSED] - comparePS.KeywordPS.callStatus(strNoAPK, "sheetAPK1", 17): comparePS.KeywordPS.callStatus is PASSED

2020-11-10 16:56:43 - [MESSAGE][PASSED] - comparePS.KeywordPS.callStatus is PASSED

2020-11-10 16:56:43 - [TEST_STEP][PASSED] - runTime.reset(): null

2020-11-10 16:56:43 - [TEST_STEP][PASSED] - runTime.start(): null

2020-11-10 16:56:43 - [TEST_STEP][PASSED] - dataCompareAPK = findTestData("dt_APK"): null

2020-11-10 16:56:43 - [TEST_STEP][PASSED] - strNoAPK = dataCompareAPK.getValue("NO", excelRow): null

2020-11-10 16:56:43 - [TEST_STEP][PASSED] - comparePS.ComparePSASL.ComparePS(strNoAPK, excelRow): comparePS.ComparePSASL.ComparePS is PASSED

2020-11-10 16:56:43 - [MESSAGE][PASSED] - comparePS.ComparePSASL.ComparePS is PASSED

2020-11-10 16:56:43 - [TEST_STEP][PASSED] - comparePS.KeywordPS.callStatus(strNoAPK, "sheetAPK1", 17): comparePS.KeywordPS.callStatus is PASSED

2020-11-10 16:56:43 - [MESSAGE][PASSED] - comparePS.KeywordPS.callStatus is PASSED

2020-11-10 16:56:43 - [TEST_STEP][PASSED] - runTime.reset(): null

2020-11-10 16:56:43 - [TEST_STEP][PASSED] - runTime.start(): null

2020-11-10 16:56:43 - [TEST_STEP][PASSED] - dataCompareAPK = findTestData("dt_APK"): null

2020-11-10 16:56:43 - [TEST_STEP][PASSED] - strNoAPK = dataCompareAPK.getValue("NO", excelRow): null

2020-11-10 16:56:43 - [TEST_STEP][PASSED] - comparePS.ComparePSASL.ComparePS(strNoAPK, excelRow): comparePS.ComparePSASL.ComparePS is PASSED

2020-11-10 16:56:43 - [MESSAGE][PASSED] - comparePS.ComparePSASL.ComparePS is PASSED

2020-11-10 16:56:43 - [TEST_STEP][PASSED] - comparePS.KeywordPS.callStatus(strNoAPK, "sheetAPK1", 17): comparePS.KeywordPS.callStatus is PASSED

2020-11-10 16:56:43 - [MESSAGE][PASSED] - comparePS.KeywordPS.callStatus is PASSED

2020-11-10 16:56:43 - [TEST_STEP][PASSED] - runTime.reset(): null

2020-11-10 16:56:43 - [TEST_STEP][PASSED] - runTime.start(): null

2020-11-10 16:56:43 - [TEST_STEP][PASSED] - dataCompareAPK = findTestData("dt_APK"): null

2020-11-10 16:56:43 - [TEST_STEP][PASSED] - strNoAPK = dataCompareAPK.getValue("NO", excelRow): null

2020-11-10 16:56:43 - [TEST_STEP][PASSED] - comparePS.ComparePSASL.ComparePS(strNoAPK, excelRow): comparePS.ComparePSASL.ComparePS is PASSED

2020-11-10 16:56:43 - [MESSAGE][PASSED] - comparePS.ComparePSASL.ComparePS is PASSED

2020-11-10 16:56:43 - [TEST_STEP][PASSED] - comparePS.KeywordPS.callStatus(strNoAPK, "sheetAPK1", 17): comparePS.KeywordPS.callStatus is PASSED

2020-11-10 16:56:43 - [MESSAGE][PASSED] - comparePS.KeywordPS.callStatus is PASSED

2020-11-10 16:56:43 - [TEST_STEP][PASSED] - runTime.reset(): null

2020-11-10 16:56:43 - [TEST_STEP][PASSED] - runTime.start(): null

2020-11-10 16:56:43 - [TEST_STEP][PASSED] - dataCompareAPK = findTestData("dt_APK"): null

2020-11-10 16:56:43 - [TEST_STEP][PASSED] - strNoAPK = dataCompareAPK.getValue("NO", excelRow): null

2020-11-10 16:56:43 - [TEST_STEP][PASSED] - comparePS.ComparePSASL.ComparePS(strNoAPK, excelRow): comparePS.ComparePSASL.ComparePS is PASSED

2020-11-10 16:56:43 - [MESSAGE][PASSED] - comparePS.ComparePSASL.ComparePS is PASSED

2020-11-10 16:56:43 - [TEST_STEP][PASSED] - comparePS.KeywordPS.callStatus(strNoAPK, "sheetAPK1", 17): comparePS.KeywordPS.callStatus is PASSED

2020-11-10 16:56:43 - [MESSAGE][PASSED] - comparePS.KeywordPS.callStatus is PASSED

2020-11-10 16:56:43 - [TEST_STEP][PASSED] - runTime.reset(): null

2020-11-10 16:56:43 - [TEST_STEP][PASSED] - runTime.start(): null

2020-11-10 16:56:43 - [TEST_STEP][PASSED] - dataCompareAPK = findTestData("dt_APK"): null

2020-11-10 16:56:43 - [TEST_STEP][PASSED] - strNoAPK = dataCompareAPK.getValue("NO", excelRow): null

2020-11-10 16:56:43 - [TEST_STEP][PASSED] - comparePS.ComparePSASL.ComparePS(strNoAPK, excelRow): comparePS.ComparePSASL.ComparePS is PASSED

2020-11-10 16:56:43 - [MESSAGE][PASSED] - comparePS.ComparePSASL.ComparePS is PASSED

2020-11-10 16:56:43 - [TEST_STEP][PASSED] - comparePS.KeywordPS.callStatus(strNoAPK, "sheetAPK1", 17): comparePS.KeywordPS.callStatus is PASSED

2020-11-10 16:56:44 - [MESSAGE][PASSED] - comparePS.KeywordPS.callStatus is PASSED

2020-11-10 16:56:44 - [TEST_STEP][PASSED] - runTime.reset(): null

2020-11-10 16:56:44 - [TEST_STEP][PASSED] - runTime.start(): null

2020-11-10 16:56:44 - [TEST_STEP][PASSED] - dataCompareAPK = findTestData("dt_APK"): null

2020-11-10 16:56:44 - [TEST_STEP][PASSED] - strNoAPK = dataCompareAPK.getValue("NO", excelRow): null

2020-11-10 16:56:44 - [TEST_STEP][PASSED] - comparePS.ComparePSASL.ComparePS(strNoAPK, excelRow): comparePS.ComparePSASL.ComparePS is PASSED

2020-11-10 16:56:44 - [MESSAGE][PASSED] - comparePS.ComparePSASL.ComparePS is PASSED

2020-11-10 16:56:44 - [TEST_STEP][PASSED] - comparePS.KeywordPS.callStatus(strNoAPK, "sheetAPK1", 17): comparePS.KeywordPS.callStatus is PASSED

2020-11-10 16:56:44 - [MESSAGE][PASSED] - comparePS.KeywordPS.callStatus is PASSED

2020-11-10 16:56:44 - [TEST_STEP][PASSED] - runTime.reset(): null

2020-11-10 16:56:44 - [TEST_STEP][PASSED] - runTime.start(): null

2020-11-10 16:56:44 - [TEST_STEP][PASSED] - dataCompareAPK = findTestData("dt_APK"): null

2020-11-10 16:56:44 - [TEST_STEP][PASSED] - strNoAPK = dataCompareAPK.getValue("NO", excelRow): null

2020-11-10 16:56:44 - [TEST_STEP][PASSED] - comparePS.ComparePSASL.ComparePS(strNoAPK, excelRow): comparePS.ComparePSASL.ComparePS is PASSED

2020-11-10 16:56:44 - [MESSAGE][PASSED] - comparePS.ComparePSASL.ComparePS is PASSED

2020-11-10 16:56:44 - [TEST_STEP][PASSED] - comparePS.KeywordPS.callStatus(strNoAPK, "sheetAPK1", 17): comparePS.KeywordPS.callStatus is PASSED

2020-11-10 16:56:44 - [MESSAGE][PASSED] - comparePS.KeywordPS.callStatus is PASSED

2020-11-10 16:56:44 - [TEST_STEP][PASSED] - runTime.reset(): null

2020-11-10 16:56:44 - [TEST_STEP][PASSED] - runTime.start(): null

2020-11-10 16:56:44 - [TEST_STEP][PASSED] - dataCompareAPK = findTestData("dt_APK"): null

2020-11-10 16:56:44 - [TEST_STEP][PASSED] - strNoAPK = dataCompareAPK.getValue("NO", excelRow): null

2020-11-10 16:56:44 - [TEST_STEP][PASSED] - comparePS.ComparePSASL.ComparePS(strNoAPK, excelRow): comparePS.ComparePSASL.ComparePS is PASSED

2020-11-10 16:56:44 - [MESSAGE][PASSED] - comparePS.ComparePSASL.ComparePS is PASSED

2020-11-10 16:56:44 - [TEST_STEP][PASSED] - comparePS.KeywordPS.callStatus(strNoAPK, "sheetAPK1", 17): comparePS.KeywordPS.callStatus is PASSED

2020-11-10 16:56:44 - [MESSAGE][PASSED] - comparePS.KeywordPS.callStatus is PASSED

2020-11-10 16:56:44 - [TEST_STEP][PASSED] - runTime.reset(): null

2020-11-10 16:56:44 - [TEST_STEP][PASSED] - runTime.start(): null

2020-11-10 16:56:44 - [TEST_STEP][PASSED] - dataCompareAPK = findTestData("dt_APK"): null

2020-11-10 16:56:44 - [TEST_STEP][PASSED] - strNoAPK = dataCompareAPK.getValue("NO", excelRow): null

2020-11-10 16:56:44 - [TEST_STEP][PASSED] - comparePS.ComparePSASL.ComparePS(strNoAPK, excelRow): comparePS.ComparePSASL.ComparePS is PASSED

2020-11-10 16:56:44 - [MESSAGE][PASSED] - comparePS.ComparePSASL.ComparePS is PASSED

2020-11-10 16:56:44 - [TEST_STEP][PASSED] - comparePS.KeywordPS.callStatus(strNoAPK, "sheetAPK1", 17): comparePS.KeywordPS.callStatus is PASSED

2020-11-10 16:56:44 - [MESSAGE][PASSED] - comparePS.KeywordPS.callStatus is PASSED

2020-11-10 16:56:44 - [TEST_STEP][PASSED] - runTime.reset(): null

2020-11-10 16:56:44 - [TEST_STEP][PASSED] - runTime.start(): null

2020-11-10 16:56:44 - [TEST_STEP][PASSED] - dataCompareAPK = findTestData("dt_APK"): null

2020-11-10 16:56:44 - [TEST_STEP][PASSED] - strNoAPK = dataCompareAPK.getValue("NO", excelRow): null

2020-11-10 16:56:44 - [TEST_STEP][PASSED] - comparePS.ComparePSASL.ComparePS(strNoAPK, excelRow): comparePS.ComparePSASL.ComparePS is PASSED

2020-11-10 16:56:44 - [MESSAGE][PASSED] - comparePS.ComparePSASL.ComparePS is PASSED

2020-11-10 16:56:44 - [TEST_STEP][PASSED] - comparePS.KeywordPS.callStatus(strNoAPK, "sheetAPK1", 17): comparePS.KeywordPS.callStatus is PASSED

2020-11-10 16:56:45 - [MESSAGE][PASSED] - comparePS.KeywordPS.callStatus is PASSED

2020-11-10 16:56:45 - [TEST_STEP][PASSED] - runTime.reset(): null

2020-11-10 16:56:45 - [TEST_STEP][PASSED] - runTime.start(): null

2020-11-10 16:56:45 - [TEST_STEP][PASSED] - dataCompareAPK = findTestData("dt_APK"): null

2020-11-10 16:56:45 - [TEST_STEP][PASSED] - strNoAPK = dataCompareAPK.getValue("NO", excelRow): null

2020-11-10 16:56:45 - [TEST_STEP][PASSED] - comparePS.ComparePSASL.ComparePS(strNoAPK, excelRow): comparePS.ComparePSASL.ComparePS is PASSED

2020-11-10 16:56:45 - [MESSAGE][PASSED] - comparePS.ComparePSASL.ComparePS is PASSED

2020-11-10 16:56:45 - [TEST_STEP][PASSED] - comparePS.KeywordPS.callStatus(strNoAPK, "sheetAPK1", 17): comparePS.KeywordPS.callStatus is PASSED

2020-11-10 16:56:45 - [MESSAGE][PASSED] - comparePS.KeywordPS.callStatus is PASSED

2020-11-10 16:56:45 - [TEST_STEP][PASSED] - runTime.reset(): null

2020-11-10 16:56:45 - [TEST_STEP][PASSED] - runTime.start(): null

2020-11-10 16:56:45 - [TEST_STEP][PASSED] - dataCompareAPK = findTestData("dt_APK"): null

2020-11-10 16:56:45 - [TEST_STEP][PASSED] - strNoAPK = dataCompareAPK.getValue("NO", excelRow): null

2020-11-10 16:56:45 - [TEST_STEP][PASSED] - comparePS.ComparePSASL.ComparePS(strNoAPK, excelRow): comparePS.ComparePSASL.ComparePS is PASSED

2020-11-10 16:56:45 - [MESSAGE][PASSED] - comparePS.ComparePSASL.ComparePS is PASSED

2020-11-10 16:56:45 - [TEST_STEP][PASSED] - comparePS.KeywordPS.callStatus(strNoAPK, "sheetAPK1", 17): comparePS.KeywordPS.callStatus is PASSED

2020-11-10 16:56:45 - [MESSAGE][PASSED] - comparePS.KeywordPS.callStatus is PASSED]]></system-out>
         <system-err><![CDATA[]]></system-err>
      </testcase>
      <system-out><![CDATA[2020-11-10 16:56:23 - [TEST_SUITE][PASSED] - ComparePS: Test Cases/ComparePS]]></system-out>
      <system-err><![CDATA[]]></system-err>
   </testsuite>
</testsuites>
