<?xml version="1.0" encoding="UTF-8"?>
<testsuites name="ComparePS" time="36.284" tests="3" failures="0" errors="2">
   <testsuite name="ComparePS" tests="3" failures="0" errors="2" time="36.284" timestamp="2020-11-11 23:19:27" hostname="Andika - DESKTOP-MGEQHS0" id="Test Suites/ComparePS">
      <properties>
         <property name="deviceName" value=""/>
         <property name="devicePlatform" value=""/>
         <property name="logFolder" value="C:\\Users\\Andika\\Katalon Studio\\ComparePS\\Reports\\20201111_231917\\ComparePS\\20201111_231918"/>
         <property name="logFiles" value="C:\\Users\\Andika\\Katalon Studio\\ComparePS\\Reports\\20201111_231917\\ComparePS\\20201111_231918\\execution0.log"/>
         <property name="attachments" value=""/>
         <property name="hostName" value="Andika - DESKTOP-MGEQHS0"/>
         <property name="hostAddress" value="192.168.0.15"/>
         <property name="os" value="Windows 10 64bit"/>
         <property name="katalonVersion" value="7.7.2.205"/>
      </properties>
      <testcase name="Test Cases/ComparePS-1" time="32.049" classname="Test Cases/ComparePS-1" status="PASSED">
         <system-out><![CDATA[2020-11-11 23:19:27 - [TEST_CASE][PASSED] - Test Cases/ComparePS-1: Test Cases/ComparePS-1

2020-11-11 23:19:29 - [TEST_STEP][PASSED] - sekarang = new java.util.Date(): null

2020-11-11 23:19:29 - [TEST_STEP][PASSED] - tgl = sekarang.format("yyyy-MM-dd"): null

2020-11-11 23:19:29 - [TEST_STEP][PASSED] - fullFlow = true: null

2020-11-11 23:19:29 - [TEST_STEP][PASSED] - strGlbDate = tgl: null

2020-11-11 23:19:29 - [TEST_STEP][PASSED] - strGlbCrash = false: null

2020-11-11 23:19:29 - [TEST_STEP][PASSED] - strGlbAlamat = false: null

2020-11-11 23:19:29 - [TEST_STEP][PASSED] - strGlbNomor = 1: null

2020-11-11 23:19:29 - [TEST_STEP][PASSED] - strGlbNumImage = 0: null

2020-11-11 23:19:29 - [TEST_STEP][PASSED] - runTime = StopWatch.createStarted(): null

2020-11-11 23:19:29 - [TEST_STEP][PASSED] - getLastRow = findTestData("dt-1/dt_APK").getRowNumbers(): null

2020-11-11 23:19:31 - [TEST_STEP][PASSED] - for (int excelRow : (1..getLastRow)): comparePS.KeywordPS.callStatus is PASSED

2020-11-11 23:19:31 - [TEST_STEP][PASSED] - strGlbStatus = "": null

2020-11-11 23:19:31 - [TEST_STEP][PASSED] - strGlbKeterangan = "": null

2020-11-11 23:19:31 - [TEST_STEP][PASSED] - runTime.reset(): null

2020-11-11 23:19:31 - [TEST_STEP][PASSED] - runTime.start(): null

2020-11-11 23:19:31 - [TEST_STEP][PASSED] - dataCompareAPK = findTestData("dt-1/dt_APK"): null

2020-11-11 23:19:31 - [TEST_STEP][PASSED] - strNoAPK = dataCompareAPK.getValue("NO", excelRow): null

2020-11-11 23:19:31 - [TEST_STEP][PASSED] - comparePS.ProposalASL1.ComparePS(strNoAPK, excelRow): comparePS.ProposalASL1.ComparePS is PASSED

2020-11-11 23:19:32 - [MESSAGE][PASSED] - comparePS.ProposalASL1.ComparePS is PASSED

2020-11-11 23:19:32 - [TEST_STEP][PASSED] - comparePS.KeywordPS.callStatus(strNoAPK, "sheetAPK1", 17): comparePS.KeywordPS.callStatus is PASSED

2020-11-11 23:19:32 - [MESSAGE][PASSED] - comparePS.KeywordPS.callStatus is PASSED

2020-11-11 23:19:32 - [TEST_STEP][PASSED] - strGlbStatus = "": null

2020-11-11 23:19:32 - [TEST_STEP][PASSED] - strGlbKeterangan = "": null

2020-11-11 23:19:32 - [TEST_STEP][PASSED] - runTime.reset(): null

2020-11-11 23:19:32 - [TEST_STEP][PASSED] - runTime.start(): null

2020-11-11 23:19:32 - [TEST_STEP][PASSED] - dataCompareAPK = findTestData("dt-1/dt_APK"): null

2020-11-11 23:19:33 - [TEST_STEP][PASSED] - strNoAPK = dataCompareAPK.getValue("NO", excelRow): null

2020-11-11 23:19:33 - [TEST_STEP][PASSED] - comparePS.ProposalASL1.ComparePS(strNoAPK, excelRow): comparePS.ProposalASL1.ComparePS is PASSED

2020-11-11 23:19:33 - [MESSAGE][PASSED] - comparePS.ProposalASL1.ComparePS is PASSED

2020-11-11 23:19:33 - [TEST_STEP][PASSED] - comparePS.KeywordPS.callStatus(strNoAPK, "sheetAPK1", 17): comparePS.KeywordPS.callStatus is PASSED

2020-11-11 23:19:33 - [MESSAGE][PASSED] - comparePS.KeywordPS.callStatus is PASSED

2020-11-11 23:19:33 - [TEST_STEP][PASSED] - strGlbStatus = "": null

2020-11-11 23:19:33 - [TEST_STEP][PASSED] - strGlbKeterangan = "": null

2020-11-11 23:19:33 - [TEST_STEP][PASSED] - runTime.reset(): null

2020-11-11 23:19:33 - [TEST_STEP][PASSED] - runTime.start(): null

2020-11-11 23:19:33 - [TEST_STEP][PASSED] - dataCompareAPK = findTestData("dt-1/dt_APK"): null

2020-11-11 23:19:33 - [TEST_STEP][PASSED] - strNoAPK = dataCompareAPK.getValue("NO", excelRow): null

2020-11-11 23:19:33 - [TEST_STEP][PASSED] - comparePS.ProposalASL1.ComparePS(strNoAPK, excelRow): comparePS.ProposalASL1.ComparePS is PASSED

2020-11-11 23:19:34 - [MESSAGE][PASSED] - comparePS.ProposalASL1.ComparePS is PASSED

2020-11-11 23:19:34 - [TEST_STEP][PASSED] - comparePS.KeywordPS.callStatus(strNoAPK, "sheetAPK1", 17): comparePS.KeywordPS.callStatus is PASSED

2020-11-11 23:19:34 - [MESSAGE][PASSED] - comparePS.KeywordPS.callStatus is PASSED

2020-11-11 23:19:34 - [TEST_STEP][PASSED] - strGlbStatus = "": null

2020-11-11 23:19:34 - [TEST_STEP][PASSED] - strGlbKeterangan = "": null

2020-11-11 23:19:34 - [TEST_STEP][PASSED] - runTime.reset(): null

2020-11-11 23:19:34 - [TEST_STEP][PASSED] - runTime.start(): null

2020-11-11 23:19:34 - [TEST_STEP][PASSED] - dataCompareAPK = findTestData("dt-1/dt_APK"): null

2020-11-11 23:19:34 - [TEST_STEP][PASSED] - strNoAPK = dataCompareAPK.getValue("NO", excelRow): null

2020-11-11 23:19:34 - [TEST_STEP][PASSED] - comparePS.ProposalASL1.ComparePS(strNoAPK, excelRow): comparePS.ProposalASL1.ComparePS is PASSED

2020-11-11 23:19:35 - [MESSAGE][PASSED] - comparePS.ProposalASL1.ComparePS is PASSED

2020-11-11 23:19:35 - [TEST_STEP][PASSED] - comparePS.KeywordPS.callStatus(strNoAPK, "sheetAPK1", 17): comparePS.KeywordPS.callStatus is PASSED

2020-11-11 23:19:35 - [MESSAGE][PASSED] - comparePS.KeywordPS.callStatus is PASSED

2020-11-11 23:19:35 - [TEST_STEP][PASSED] - strGlbStatus = "": null

2020-11-11 23:19:35 - [TEST_STEP][PASSED] - strGlbKeterangan = "": null

2020-11-11 23:19:35 - [TEST_STEP][PASSED] - runTime.reset(): null

2020-11-11 23:19:35 - [TEST_STEP][PASSED] - runTime.start(): null

2020-11-11 23:19:35 - [TEST_STEP][PASSED] - dataCompareAPK = findTestData("dt-1/dt_APK"): null

2020-11-11 23:19:35 - [TEST_STEP][PASSED] - strNoAPK = dataCompareAPK.getValue("NO", excelRow): null

2020-11-11 23:19:35 - [TEST_STEP][PASSED] - comparePS.ProposalASL1.ComparePS(strNoAPK, excelRow): comparePS.ProposalASL1.ComparePS is PASSED

2020-11-11 23:19:35 - [MESSAGE][PASSED] - comparePS.ProposalASL1.ComparePS is PASSED

2020-11-11 23:19:35 - [TEST_STEP][PASSED] - comparePS.KeywordPS.callStatus(strNoAPK, "sheetAPK1", 17): comparePS.KeywordPS.callStatus is PASSED

2020-11-11 23:19:35 - [MESSAGE][PASSED] - comparePS.KeywordPS.callStatus is PASSED

2020-11-11 23:19:35 - [TEST_STEP][PASSED] - strGlbStatus = "": null

2020-11-11 23:19:35 - [TEST_STEP][PASSED] - strGlbKeterangan = "": null

2020-11-11 23:19:35 - [TEST_STEP][PASSED] - runTime.reset(): null

2020-11-11 23:19:35 - [TEST_STEP][PASSED] - runTime.start(): null

2020-11-11 23:19:35 - [TEST_STEP][PASSED] - dataCompareAPK = findTestData("dt-1/dt_APK"): null

2020-11-11 23:19:36 - [TEST_STEP][PASSED] - strNoAPK = dataCompareAPK.getValue("NO", excelRow): null

2020-11-11 23:19:36 - [TEST_STEP][PASSED] - comparePS.ProposalASL1.ComparePS(strNoAPK, excelRow): comparePS.ProposalASL1.ComparePS is PASSED

2020-11-11 23:19:36 - [MESSAGE][PASSED] - comparePS.ProposalASL1.ComparePS is PASSED

2020-11-11 23:19:36 - [TEST_STEP][PASSED] - comparePS.KeywordPS.callStatus(strNoAPK, "sheetAPK1", 17): comparePS.KeywordPS.callStatus is PASSED

2020-11-11 23:19:36 - [MESSAGE][PASSED] - comparePS.KeywordPS.callStatus is PASSED

2020-11-11 23:19:36 - [TEST_STEP][PASSED] - strGlbStatus = "": null

2020-11-11 23:19:36 - [TEST_STEP][PASSED] - strGlbKeterangan = "": null

2020-11-11 23:19:36 - [TEST_STEP][PASSED] - runTime.reset(): null

2020-11-11 23:19:36 - [TEST_STEP][PASSED] - runTime.start(): null

2020-11-11 23:19:36 - [TEST_STEP][PASSED] - dataCompareAPK = findTestData("dt-1/dt_APK"): null

2020-11-11 23:19:36 - [TEST_STEP][PASSED] - strNoAPK = dataCompareAPK.getValue("NO", excelRow): null

2020-11-11 23:19:36 - [TEST_STEP][PASSED] - comparePS.ProposalASL1.ComparePS(strNoAPK, excelRow): comparePS.ProposalASL1.ComparePS is PASSED

2020-11-11 23:19:36 - [MESSAGE][PASSED] - comparePS.ProposalASL1.ComparePS is PASSED

2020-11-11 23:19:36 - [TEST_STEP][PASSED] - comparePS.KeywordPS.callStatus(strNoAPK, "sheetAPK1", 17): comparePS.KeywordPS.callStatus is PASSED

2020-11-11 23:19:37 - [MESSAGE][PASSED] - comparePS.KeywordPS.callStatus is PASSED

2020-11-11 23:19:37 - [TEST_STEP][PASSED] - strGlbStatus = "": null

2020-11-11 23:19:37 - [TEST_STEP][PASSED] - strGlbKeterangan = "": null

2020-11-11 23:19:37 - [TEST_STEP][PASSED] - runTime.reset(): null

2020-11-11 23:19:37 - [TEST_STEP][PASSED] - runTime.start(): null

2020-11-11 23:19:37 - [TEST_STEP][PASSED] - dataCompareAPK = findTestData("dt-1/dt_APK"): null

2020-11-11 23:19:37 - [TEST_STEP][PASSED] - strNoAPK = dataCompareAPK.getValue("NO", excelRow): null

2020-11-11 23:19:37 - [TEST_STEP][PASSED] - comparePS.ProposalASL1.ComparePS(strNoAPK, excelRow): comparePS.ProposalASL1.ComparePS is PASSED

2020-11-11 23:19:37 - [MESSAGE][PASSED] - comparePS.ProposalASL1.ComparePS is PASSED

2020-11-11 23:19:37 - [TEST_STEP][PASSED] - comparePS.KeywordPS.callStatus(strNoAPK, "sheetAPK1", 17): comparePS.KeywordPS.callStatus is PASSED

2020-11-11 23:19:37 - [MESSAGE][PASSED] - comparePS.KeywordPS.callStatus is PASSED

2020-11-11 23:19:37 - [TEST_STEP][PASSED] - strGlbStatus = "": null

2020-11-11 23:19:37 - [TEST_STEP][PASSED] - strGlbKeterangan = "": null

2020-11-11 23:19:37 - [TEST_STEP][PASSED] - runTime.reset(): null

2020-11-11 23:19:37 - [TEST_STEP][PASSED] - runTime.start(): null

2020-11-11 23:19:37 - [TEST_STEP][PASSED] - dataCompareAPK = findTestData("dt-1/dt_APK"): null

2020-11-11 23:19:37 - [TEST_STEP][PASSED] - strNoAPK = dataCompareAPK.getValue("NO", excelRow): null

2020-11-11 23:19:37 - [TEST_STEP][PASSED] - comparePS.ProposalASL1.ComparePS(strNoAPK, excelRow): comparePS.ProposalASL1.ComparePS is PASSED

2020-11-11 23:19:37 - [MESSAGE][PASSED] - comparePS.ProposalASL1.ComparePS is PASSED

2020-11-11 23:19:37 - [TEST_STEP][PASSED] - comparePS.KeywordPS.callStatus(strNoAPK, "sheetAPK1", 17): comparePS.KeywordPS.callStatus is PASSED

2020-11-11 23:19:37 - [MESSAGE][PASSED] - comparePS.KeywordPS.callStatus is PASSED

2020-11-11 23:19:37 - [TEST_STEP][PASSED] - strGlbStatus = "": null

2020-11-11 23:19:37 - [TEST_STEP][PASSED] - strGlbKeterangan = "": null

2020-11-11 23:19:37 - [TEST_STEP][PASSED] - runTime.reset(): null

2020-11-11 23:19:37 - [TEST_STEP][PASSED] - runTime.start(): null

2020-11-11 23:19:37 - [TEST_STEP][PASSED] - dataCompareAPK = findTestData("dt-1/dt_APK"): null

2020-11-11 23:19:37 - [TEST_STEP][PASSED] - strNoAPK = dataCompareAPK.getValue("NO", excelRow): null

2020-11-11 23:19:37 - [TEST_STEP][PASSED] - comparePS.ProposalASL1.ComparePS(strNoAPK, excelRow): comparePS.ProposalASL1.ComparePS is PASSED

2020-11-11 23:19:38 - [MESSAGE][PASSED] - comparePS.ProposalASL1.ComparePS is PASSED

2020-11-11 23:19:38 - [TEST_STEP][PASSED] - comparePS.KeywordPS.callStatus(strNoAPK, "sheetAPK1", 17): comparePS.KeywordPS.callStatus is PASSED

2020-11-11 23:19:38 - [MESSAGE][PASSED] - comparePS.KeywordPS.callStatus is PASSED

2020-11-11 23:19:38 - [TEST_STEP][PASSED] - strGlbStatus = "": null

2020-11-11 23:19:38 - [TEST_STEP][PASSED] - strGlbKeterangan = "": null

2020-11-11 23:19:38 - [TEST_STEP][PASSED] - runTime.reset(): null

2020-11-11 23:19:38 - [TEST_STEP][PASSED] - runTime.start(): null

2020-11-11 23:19:38 - [TEST_STEP][PASSED] - dataCompareAPK = findTestData("dt-1/dt_APK"): null

2020-11-11 23:19:38 - [TEST_STEP][PASSED] - strNoAPK = dataCompareAPK.getValue("NO", excelRow): null

2020-11-11 23:19:38 - [TEST_STEP][PASSED] - comparePS.ProposalASL1.ComparePS(strNoAPK, excelRow): comparePS.ProposalASL1.ComparePS is PASSED

2020-11-11 23:19:38 - [MESSAGE][PASSED] - comparePS.ProposalASL1.ComparePS is PASSED

2020-11-11 23:19:38 - [TEST_STEP][PASSED] - comparePS.KeywordPS.callStatus(strNoAPK, "sheetAPK1", 17): comparePS.KeywordPS.callStatus is PASSED

2020-11-11 23:19:38 - [MESSAGE][PASSED] - comparePS.KeywordPS.callStatus is PASSED

2020-11-11 23:19:38 - [TEST_STEP][PASSED] - strGlbStatus = "": null

2020-11-11 23:19:38 - [TEST_STEP][PASSED] - strGlbKeterangan = "": null

2020-11-11 23:19:38 - [TEST_STEP][PASSED] - runTime.reset(): null

2020-11-11 23:19:38 - [TEST_STEP][PASSED] - runTime.start(): null

2020-11-11 23:19:38 - [TEST_STEP][PASSED] - dataCompareAPK = findTestData("dt-1/dt_APK"): null

2020-11-11 23:19:38 - [TEST_STEP][PASSED] - strNoAPK = dataCompareAPK.getValue("NO", excelRow): null

2020-11-11 23:19:38 - [TEST_STEP][PASSED] - comparePS.ProposalASL1.ComparePS(strNoAPK, excelRow): comparePS.ProposalASL1.ComparePS is PASSED

2020-11-11 23:19:39 - [MESSAGE][PASSED] - comparePS.ProposalASL1.ComparePS is PASSED

2020-11-11 23:19:39 - [TEST_STEP][PASSED] - comparePS.KeywordPS.callStatus(strNoAPK, "sheetAPK1", 17): comparePS.KeywordPS.callStatus is PASSED

2020-11-11 23:19:39 - [MESSAGE][PASSED] - comparePS.KeywordPS.callStatus is PASSED

2020-11-11 23:19:39 - [TEST_STEP][PASSED] - strGlbStatus = "": null

2020-11-11 23:19:39 - [TEST_STEP][PASSED] - strGlbKeterangan = "": null

2020-11-11 23:19:39 - [TEST_STEP][PASSED] - runTime.reset(): null

2020-11-11 23:19:39 - [TEST_STEP][PASSED] - runTime.start(): null

2020-11-11 23:19:39 - [TEST_STEP][PASSED] - dataCompareAPK = findTestData("dt-1/dt_APK"): null

2020-11-11 23:19:39 - [TEST_STEP][PASSED] - strNoAPK = dataCompareAPK.getValue("NO", excelRow): null

2020-11-11 23:19:39 - [TEST_STEP][PASSED] - comparePS.ProposalASL1.ComparePS(strNoAPK, excelRow): comparePS.ProposalASL1.ComparePS is PASSED

2020-11-11 23:19:39 - [MESSAGE][PASSED] - comparePS.ProposalASL1.ComparePS is PASSED

2020-11-11 23:19:39 - [TEST_STEP][PASSED] - comparePS.KeywordPS.callStatus(strNoAPK, "sheetAPK1", 17): comparePS.KeywordPS.callStatus is PASSED

2020-11-11 23:19:39 - [MESSAGE][PASSED] - comparePS.KeywordPS.callStatus is PASSED

2020-11-11 23:19:39 - [TEST_STEP][PASSED] - strGlbStatus = "": null

2020-11-11 23:19:39 - [TEST_STEP][PASSED] - strGlbKeterangan = "": null

2020-11-11 23:19:39 - [TEST_STEP][PASSED] - runTime.reset(): null

2020-11-11 23:19:39 - [TEST_STEP][PASSED] - runTime.start(): null

2020-11-11 23:19:39 - [TEST_STEP][PASSED] - dataCompareAPK = findTestData("dt-1/dt_APK"): null

2020-11-11 23:19:39 - [TEST_STEP][PASSED] - strNoAPK = dataCompareAPK.getValue("NO", excelRow): null

2020-11-11 23:19:39 - [TEST_STEP][PASSED] - comparePS.ProposalASL1.ComparePS(strNoAPK, excelRow): comparePS.ProposalASL1.ComparePS is PASSED

2020-11-11 23:19:39 - [MESSAGE][PASSED] - comparePS.ProposalASL1.ComparePS is PASSED

2020-11-11 23:19:39 - [TEST_STEP][PASSED] - comparePS.KeywordPS.callStatus(strNoAPK, "sheetAPK1", 17): comparePS.KeywordPS.callStatus is PASSED

2020-11-11 23:19:39 - [MESSAGE][PASSED] - comparePS.KeywordPS.callStatus is PASSED

2020-11-11 23:19:39 - [TEST_STEP][PASSED] - strGlbStatus = "": null

2020-11-11 23:19:39 - [TEST_STEP][PASSED] - strGlbKeterangan = "": null

2020-11-11 23:19:39 - [TEST_STEP][PASSED] - runTime.reset(): null

2020-11-11 23:19:39 - [TEST_STEP][PASSED] - runTime.start(): null

2020-11-11 23:19:39 - [TEST_STEP][PASSED] - dataCompareAPK = findTestData("dt-1/dt_APK"): null

2020-11-11 23:19:40 - [TEST_STEP][PASSED] - strNoAPK = dataCompareAPK.getValue("NO", excelRow): null

2020-11-11 23:19:40 - [TEST_STEP][PASSED] - comparePS.ProposalASL1.ComparePS(strNoAPK, excelRow): comparePS.ProposalASL1.ComparePS is PASSED

2020-11-11 23:19:40 - [MESSAGE][PASSED] - comparePS.ProposalASL1.ComparePS is PASSED

2020-11-11 23:19:40 - [TEST_STEP][PASSED] - comparePS.KeywordPS.callStatus(strNoAPK, "sheetAPK1", 17): comparePS.KeywordPS.callStatus is PASSED

2020-11-11 23:19:40 - [MESSAGE][PASSED] - comparePS.KeywordPS.callStatus is PASSED

2020-11-11 23:19:40 - [TEST_STEP][PASSED] - strGlbStatus = "": null

2020-11-11 23:19:40 - [TEST_STEP][PASSED] - strGlbKeterangan = "": null

2020-11-11 23:19:40 - [TEST_STEP][PASSED] - runTime.reset(): null

2020-11-11 23:19:40 - [TEST_STEP][PASSED] - runTime.start(): null

2020-11-11 23:19:40 - [TEST_STEP][PASSED] - dataCompareAPK = findTestData("dt-1/dt_APK"): null

2020-11-11 23:19:40 - [TEST_STEP][PASSED] - strNoAPK = dataCompareAPK.getValue("NO", excelRow): null

2020-11-11 23:19:40 - [TEST_STEP][PASSED] - comparePS.ProposalASL1.ComparePS(strNoAPK, excelRow): comparePS.ProposalASL1.ComparePS is PASSED

2020-11-11 23:19:40 - [MESSAGE][PASSED] - comparePS.ProposalASL1.ComparePS is PASSED

2020-11-11 23:19:40 - [TEST_STEP][PASSED] - comparePS.KeywordPS.callStatus(strNoAPK, "sheetAPK1", 17): comparePS.KeywordPS.callStatus is PASSED

2020-11-11 23:19:40 - [MESSAGE][PASSED] - comparePS.KeywordPS.callStatus is PASSED

2020-11-11 23:19:40 - [TEST_STEP][PASSED] - strGlbStatus = "": null

2020-11-11 23:19:40 - [TEST_STEP][PASSED] - strGlbKeterangan = "": null

2020-11-11 23:19:40 - [TEST_STEP][PASSED] - runTime.reset(): null

2020-11-11 23:19:40 - [TEST_STEP][PASSED] - runTime.start(): null

2020-11-11 23:19:40 - [TEST_STEP][PASSED] - dataCompareAPK = findTestData("dt-1/dt_APK"): null

2020-11-11 23:19:40 - [TEST_STEP][PASSED] - strNoAPK = dataCompareAPK.getValue("NO", excelRow): null

2020-11-11 23:19:40 - [TEST_STEP][PASSED] - comparePS.ProposalASL1.ComparePS(strNoAPK, excelRow): comparePS.ProposalASL1.ComparePS is PASSED

2020-11-11 23:19:41 - [MESSAGE][PASSED] - comparePS.ProposalASL1.ComparePS is PASSED

2020-11-11 23:19:41 - [TEST_STEP][PASSED] - comparePS.KeywordPS.callStatus(strNoAPK, "sheetAPK1", 17): comparePS.KeywordPS.callStatus is PASSED

2020-11-11 23:19:41 - [MESSAGE][PASSED] - comparePS.KeywordPS.callStatus is PASSED

2020-11-11 23:19:41 - [TEST_STEP][PASSED] - strGlbStatus = "": null

2020-11-11 23:19:41 - [TEST_STEP][PASSED] - strGlbKeterangan = "": null

2020-11-11 23:19:41 - [TEST_STEP][PASSED] - runTime.reset(): null

2020-11-11 23:19:41 - [TEST_STEP][PASSED] - runTime.start(): null

2020-11-11 23:19:41 - [TEST_STEP][PASSED] - dataCompareAPK = findTestData("dt-1/dt_APK"): null

2020-11-11 23:19:41 - [TEST_STEP][PASSED] - strNoAPK = dataCompareAPK.getValue("NO", excelRow): null

2020-11-11 23:19:41 - [TEST_STEP][PASSED] - comparePS.ProposalASL1.ComparePS(strNoAPK, excelRow): comparePS.ProposalASL1.ComparePS is PASSED

2020-11-11 23:19:41 - [MESSAGE][PASSED] - comparePS.ProposalASL1.ComparePS is PASSED

2020-11-11 23:19:41 - [TEST_STEP][PASSED] - comparePS.KeywordPS.callStatus(strNoAPK, "sheetAPK1", 17): comparePS.KeywordPS.callStatus is PASSED

2020-11-11 23:19:41 - [MESSAGE][PASSED] - comparePS.KeywordPS.callStatus is PASSED

2020-11-11 23:19:41 - [TEST_STEP][PASSED] - strGlbStatus = "": null

2020-11-11 23:19:41 - [TEST_STEP][PASSED] - strGlbKeterangan = "": null

2020-11-11 23:19:41 - [TEST_STEP][PASSED] - runTime.reset(): null

2020-11-11 23:19:41 - [TEST_STEP][PASSED] - runTime.start(): null

2020-11-11 23:19:41 - [TEST_STEP][PASSED] - dataCompareAPK = findTestData("dt-1/dt_APK"): null

2020-11-11 23:19:41 - [TEST_STEP][PASSED] - strNoAPK = dataCompareAPK.getValue("NO", excelRow): null

2020-11-11 23:19:41 - [TEST_STEP][PASSED] - comparePS.ProposalASL1.ComparePS(strNoAPK, excelRow): comparePS.ProposalASL1.ComparePS is PASSED

2020-11-11 23:19:41 - [MESSAGE][PASSED] - comparePS.ProposalASL1.ComparePS is PASSED

2020-11-11 23:19:41 - [TEST_STEP][PASSED] - comparePS.KeywordPS.callStatus(strNoAPK, "sheetAPK1", 17): comparePS.KeywordPS.callStatus is PASSED

2020-11-11 23:19:41 - [MESSAGE][PASSED] - comparePS.KeywordPS.callStatus is PASSED

2020-11-11 23:19:41 - [TEST_STEP][PASSED] - strGlbStatus = "": null

2020-11-11 23:19:41 - [TEST_STEP][PASSED] - strGlbKeterangan = "": null

2020-11-11 23:19:41 - [TEST_STEP][PASSED] - runTime.reset(): null

2020-11-11 23:19:41 - [TEST_STEP][PASSED] - runTime.start(): null

2020-11-11 23:19:41 - [TEST_STEP][PASSED] - dataCompareAPK = findTestData("dt-1/dt_APK"): null

2020-11-11 23:19:42 - [TEST_STEP][PASSED] - strNoAPK = dataCompareAPK.getValue("NO", excelRow): null

2020-11-11 23:19:42 - [TEST_STEP][PASSED] - comparePS.ProposalASL1.ComparePS(strNoAPK, excelRow): comparePS.ProposalASL1.ComparePS is PASSED

2020-11-11 23:19:42 - [MESSAGE][PASSED] - comparePS.ProposalASL1.ComparePS is PASSED

2020-11-11 23:19:42 - [TEST_STEP][PASSED] - comparePS.KeywordPS.callStatus(strNoAPK, "sheetAPK1", 17): comparePS.KeywordPS.callStatus is PASSED

2020-11-11 23:19:42 - [MESSAGE][PASSED] - comparePS.KeywordPS.callStatus is PASSED

2020-11-11 23:19:42 - [TEST_STEP][PASSED] - strGlbStatus = "": null

2020-11-11 23:19:42 - [TEST_STEP][PASSED] - strGlbKeterangan = "": null

2020-11-11 23:19:42 - [TEST_STEP][PASSED] - runTime.reset(): null

2020-11-11 23:19:42 - [TEST_STEP][PASSED] - runTime.start(): null

2020-11-11 23:19:42 - [TEST_STEP][PASSED] - dataCompareAPK = findTestData("dt-1/dt_APK"): null

2020-11-11 23:19:42 - [TEST_STEP][PASSED] - strNoAPK = dataCompareAPK.getValue("NO", excelRow): null

2020-11-11 23:19:42 - [TEST_STEP][PASSED] - comparePS.ProposalASL1.ComparePS(strNoAPK, excelRow): comparePS.ProposalASL1.ComparePS is PASSED

2020-11-11 23:19:42 - [MESSAGE][PASSED] - comparePS.ProposalASL1.ComparePS is PASSED

2020-11-11 23:19:42 - [TEST_STEP][PASSED] - comparePS.KeywordPS.callStatus(strNoAPK, "sheetAPK1", 17): comparePS.KeywordPS.callStatus is PASSED

2020-11-11 23:19:42 - [MESSAGE][PASSED] - comparePS.KeywordPS.callStatus is PASSED

2020-11-11 23:19:42 - [TEST_STEP][PASSED] - strGlbStatus = "": null

2020-11-11 23:19:42 - [TEST_STEP][PASSED] - strGlbKeterangan = "": null

2020-11-11 23:19:42 - [TEST_STEP][PASSED] - runTime.reset(): null

2020-11-11 23:19:42 - [TEST_STEP][PASSED] - runTime.start(): null

2020-11-11 23:19:42 - [TEST_STEP][PASSED] - dataCompareAPK = findTestData("dt-1/dt_APK"): null

2020-11-11 23:19:42 - [TEST_STEP][PASSED] - strNoAPK = dataCompareAPK.getValue("NO", excelRow): null

2020-11-11 23:19:42 - [TEST_STEP][PASSED] - comparePS.ProposalASL1.ComparePS(strNoAPK, excelRow): comparePS.ProposalASL1.ComparePS is PASSED

2020-11-11 23:19:42 - [MESSAGE][PASSED] - comparePS.ProposalASL1.ComparePS is PASSED

2020-11-11 23:19:42 - [TEST_STEP][PASSED] - comparePS.KeywordPS.callStatus(strNoAPK, "sheetAPK1", 17): comparePS.KeywordPS.callStatus is PASSED

2020-11-11 23:19:43 - [MESSAGE][PASSED] - comparePS.KeywordPS.callStatus is PASSED

2020-11-11 23:19:43 - [TEST_STEP][PASSED] - strGlbStatus = "": null

2020-11-11 23:19:43 - [TEST_STEP][PASSED] - strGlbKeterangan = "": null

2020-11-11 23:19:43 - [TEST_STEP][PASSED] - runTime.reset(): null

2020-11-11 23:19:43 - [TEST_STEP][PASSED] - runTime.start(): null

2020-11-11 23:19:43 - [TEST_STEP][PASSED] - dataCompareAPK = findTestData("dt-1/dt_APK"): null

2020-11-11 23:19:43 - [TEST_STEP][PASSED] - strNoAPK = dataCompareAPK.getValue("NO", excelRow): null

2020-11-11 23:19:43 - [TEST_STEP][PASSED] - comparePS.ProposalASL1.ComparePS(strNoAPK, excelRow): comparePS.ProposalASL1.ComparePS is PASSED

2020-11-11 23:19:43 - [MESSAGE][PASSED] - comparePS.ProposalASL1.ComparePS is PASSED

2020-11-11 23:19:43 - [TEST_STEP][PASSED] - comparePS.KeywordPS.callStatus(strNoAPK, "sheetAPK1", 17): comparePS.KeywordPS.callStatus is PASSED

2020-11-11 23:19:43 - [MESSAGE][PASSED] - comparePS.KeywordPS.callStatus is PASSED

2020-11-11 23:19:43 - [TEST_STEP][PASSED] - strGlbStatus = "": null

2020-11-11 23:19:43 - [TEST_STEP][PASSED] - strGlbKeterangan = "": null

2020-11-11 23:19:43 - [TEST_STEP][PASSED] - runTime.reset(): null

2020-11-11 23:19:43 - [TEST_STEP][PASSED] - runTime.start(): null

2020-11-11 23:19:43 - [TEST_STEP][PASSED] - dataCompareAPK = findTestData("dt-1/dt_APK"): null

2020-11-11 23:19:43 - [TEST_STEP][PASSED] - strNoAPK = dataCompareAPK.getValue("NO", excelRow): null

2020-11-11 23:19:43 - [TEST_STEP][PASSED] - comparePS.ProposalASL1.ComparePS(strNoAPK, excelRow): comparePS.ProposalASL1.ComparePS is PASSED

2020-11-11 23:19:43 - [MESSAGE][PASSED] - comparePS.ProposalASL1.ComparePS is PASSED

2020-11-11 23:19:43 - [TEST_STEP][PASSED] - comparePS.KeywordPS.callStatus(strNoAPK, "sheetAPK1", 17): comparePS.KeywordPS.callStatus is PASSED

2020-11-11 23:19:43 - [MESSAGE][PASSED] - comparePS.KeywordPS.callStatus is PASSED

2020-11-11 23:19:43 - [TEST_STEP][PASSED] - strGlbStatus = "": null

2020-11-11 23:19:43 - [TEST_STEP][PASSED] - strGlbKeterangan = "": null

2020-11-11 23:19:43 - [TEST_STEP][PASSED] - runTime.reset(): null

2020-11-11 23:19:43 - [TEST_STEP][PASSED] - runTime.start(): null

2020-11-11 23:19:43 - [TEST_STEP][PASSED] - dataCompareAPK = findTestData("dt-1/dt_APK"): null

2020-11-11 23:19:43 - [TEST_STEP][PASSED] - strNoAPK = dataCompareAPK.getValue("NO", excelRow): null

2020-11-11 23:19:43 - [TEST_STEP][PASSED] - comparePS.ProposalASL1.ComparePS(strNoAPK, excelRow): comparePS.ProposalASL1.ComparePS is PASSED

2020-11-11 23:19:44 - [MESSAGE][PASSED] - comparePS.ProposalASL1.ComparePS is PASSED

2020-11-11 23:19:44 - [TEST_STEP][PASSED] - comparePS.KeywordPS.callStatus(strNoAPK, "sheetAPK1", 17): comparePS.KeywordPS.callStatus is PASSED

2020-11-11 23:19:44 - [MESSAGE][PASSED] - comparePS.KeywordPS.callStatus is PASSED

2020-11-11 23:19:44 - [TEST_STEP][PASSED] - strGlbStatus = "": null

2020-11-11 23:19:44 - [TEST_STEP][PASSED] - strGlbKeterangan = "": null

2020-11-11 23:19:44 - [TEST_STEP][PASSED] - runTime.reset(): null

2020-11-11 23:19:44 - [TEST_STEP][PASSED] - runTime.start(): null

2020-11-11 23:19:44 - [TEST_STEP][PASSED] - dataCompareAPK = findTestData("dt-1/dt_APK"): null

2020-11-11 23:19:44 - [TEST_STEP][PASSED] - strNoAPK = dataCompareAPK.getValue("NO", excelRow): null

2020-11-11 23:19:44 - [TEST_STEP][PASSED] - comparePS.ProposalASL1.ComparePS(strNoAPK, excelRow): comparePS.ProposalASL1.ComparePS is PASSED

2020-11-11 23:19:44 - [MESSAGE][PASSED] - comparePS.ProposalASL1.ComparePS is PASSED

2020-11-11 23:19:44 - [TEST_STEP][PASSED] - comparePS.KeywordPS.callStatus(strNoAPK, "sheetAPK1", 17): comparePS.KeywordPS.callStatus is PASSED

2020-11-11 23:19:44 - [MESSAGE][PASSED] - comparePS.KeywordPS.callStatus is PASSED

2020-11-11 23:19:44 - [TEST_STEP][PASSED] - strGlbStatus = "": null

2020-11-11 23:19:44 - [TEST_STEP][PASSED] - strGlbKeterangan = "": null

2020-11-11 23:19:44 - [TEST_STEP][PASSED] - runTime.reset(): null

2020-11-11 23:19:44 - [TEST_STEP][PASSED] - runTime.start(): null

2020-11-11 23:19:44 - [TEST_STEP][PASSED] - dataCompareAPK = findTestData("dt-1/dt_APK"): null

2020-11-11 23:19:44 - [TEST_STEP][PASSED] - strNoAPK = dataCompareAPK.getValue("NO", excelRow): null

2020-11-11 23:19:44 - [TEST_STEP][PASSED] - comparePS.ProposalASL1.ComparePS(strNoAPK, excelRow): comparePS.ProposalASL1.ComparePS is PASSED

2020-11-11 23:19:44 - [MESSAGE][PASSED] - comparePS.ProposalASL1.ComparePS is PASSED

2020-11-11 23:19:44 - [TEST_STEP][PASSED] - comparePS.KeywordPS.callStatus(strNoAPK, "sheetAPK1", 17): comparePS.KeywordPS.callStatus is PASSED

2020-11-11 23:19:44 - [MESSAGE][PASSED] - comparePS.KeywordPS.callStatus is PASSED

2020-11-11 23:19:44 - [TEST_STEP][PASSED] - strGlbStatus = "": null

2020-11-11 23:19:44 - [TEST_STEP][PASSED] - strGlbKeterangan = "": null

2020-11-11 23:19:44 - [TEST_STEP][PASSED] - runTime.reset(): null

2020-11-11 23:19:44 - [TEST_STEP][PASSED] - runTime.start(): null

2020-11-11 23:19:44 - [TEST_STEP][PASSED] - dataCompareAPK = findTestData("dt-1/dt_APK"): null

2020-11-11 23:19:45 - [TEST_STEP][PASSED] - strNoAPK = dataCompareAPK.getValue("NO", excelRow): null

2020-11-11 23:19:45 - [TEST_STEP][PASSED] - comparePS.ProposalASL1.ComparePS(strNoAPK, excelRow): comparePS.ProposalASL1.ComparePS is PASSED

2020-11-11 23:19:45 - [MESSAGE][PASSED] - comparePS.ProposalASL1.ComparePS is PASSED

2020-11-11 23:19:45 - [TEST_STEP][PASSED] - comparePS.KeywordPS.callStatus(strNoAPK, "sheetAPK1", 17): comparePS.KeywordPS.callStatus is PASSED

2020-11-11 23:19:45 - [MESSAGE][PASSED] - comparePS.KeywordPS.callStatus is PASSED

2020-11-11 23:19:45 - [TEST_STEP][PASSED] - strGlbStatus = "": null

2020-11-11 23:19:45 - [TEST_STEP][PASSED] - strGlbKeterangan = "": null

2020-11-11 23:19:45 - [TEST_STEP][PASSED] - runTime.reset(): null

2020-11-11 23:19:45 - [TEST_STEP][PASSED] - runTime.start(): null

2020-11-11 23:19:45 - [TEST_STEP][PASSED] - dataCompareAPK = findTestData("dt-1/dt_APK"): null

2020-11-11 23:19:45 - [TEST_STEP][PASSED] - strNoAPK = dataCompareAPK.getValue("NO", excelRow): null

2020-11-11 23:19:45 - [TEST_STEP][PASSED] - comparePS.ProposalASL1.ComparePS(strNoAPK, excelRow): comparePS.ProposalASL1.ComparePS is PASSED

2020-11-11 23:19:45 - [MESSAGE][PASSED] - comparePS.ProposalASL1.ComparePS is PASSED

2020-11-11 23:19:45 - [TEST_STEP][PASSED] - comparePS.KeywordPS.callStatus(strNoAPK, "sheetAPK1", 17): comparePS.KeywordPS.callStatus is PASSED

2020-11-11 23:19:45 - [MESSAGE][PASSED] - comparePS.KeywordPS.callStatus is PASSED

2020-11-11 23:19:45 - [TEST_STEP][PASSED] - strGlbStatus = "": null

2020-11-11 23:19:45 - [TEST_STEP][PASSED] - strGlbKeterangan = "": null

2020-11-11 23:19:45 - [TEST_STEP][PASSED] - runTime.reset(): null

2020-11-11 23:19:45 - [TEST_STEP][PASSED] - runTime.start(): null

2020-11-11 23:19:45 - [TEST_STEP][PASSED] - dataCompareAPK = findTestData("dt-1/dt_APK"): null

2020-11-11 23:19:45 - [TEST_STEP][PASSED] - strNoAPK = dataCompareAPK.getValue("NO", excelRow): null

2020-11-11 23:19:45 - [TEST_STEP][PASSED] - comparePS.ProposalASL1.ComparePS(strNoAPK, excelRow): comparePS.ProposalASL1.ComparePS is PASSED

2020-11-11 23:19:45 - [MESSAGE][PASSED] - comparePS.ProposalASL1.ComparePS is PASSED

2020-11-11 23:19:45 - [TEST_STEP][PASSED] - comparePS.KeywordPS.callStatus(strNoAPK, "sheetAPK1", 17): comparePS.KeywordPS.callStatus is PASSED

2020-11-11 23:19:46 - [MESSAGE][PASSED] - comparePS.KeywordPS.callStatus is PASSED

2020-11-11 23:19:46 - [TEST_STEP][PASSED] - strGlbStatus = "": null

2020-11-11 23:19:46 - [TEST_STEP][PASSED] - strGlbKeterangan = "": null

2020-11-11 23:19:46 - [TEST_STEP][PASSED] - runTime.reset(): null

2020-11-11 23:19:46 - [TEST_STEP][PASSED] - runTime.start(): null

2020-11-11 23:19:46 - [TEST_STEP][PASSED] - dataCompareAPK = findTestData("dt-1/dt_APK"): null

2020-11-11 23:19:46 - [TEST_STEP][PASSED] - strNoAPK = dataCompareAPK.getValue("NO", excelRow): null

2020-11-11 23:19:46 - [TEST_STEP][PASSED] - comparePS.ProposalASL1.ComparePS(strNoAPK, excelRow): comparePS.ProposalASL1.ComparePS is PASSED

2020-11-11 23:19:46 - [MESSAGE][PASSED] - comparePS.ProposalASL1.ComparePS is PASSED

2020-11-11 23:19:46 - [TEST_STEP][PASSED] - comparePS.KeywordPS.callStatus(strNoAPK, "sheetAPK1", 17): comparePS.KeywordPS.callStatus is PASSED

2020-11-11 23:19:46 - [MESSAGE][PASSED] - comparePS.KeywordPS.callStatus is PASSED

2020-11-11 23:19:46 - [TEST_STEP][PASSED] - strGlbStatus = "": null

2020-11-11 23:19:46 - [TEST_STEP][PASSED] - strGlbKeterangan = "": null

2020-11-11 23:19:46 - [TEST_STEP][PASSED] - runTime.reset(): null

2020-11-11 23:19:46 - [TEST_STEP][PASSED] - runTime.start(): null

2020-11-11 23:19:46 - [TEST_STEP][PASSED] - dataCompareAPK = findTestData("dt-1/dt_APK"): null

2020-11-11 23:19:46 - [TEST_STEP][PASSED] - strNoAPK = dataCompareAPK.getValue("NO", excelRow): null

2020-11-11 23:19:46 - [TEST_STEP][PASSED] - comparePS.ProposalASL1.ComparePS(strNoAPK, excelRow): comparePS.ProposalASL1.ComparePS is PASSED

2020-11-11 23:19:46 - [MESSAGE][PASSED] - comparePS.ProposalASL1.ComparePS is PASSED

2020-11-11 23:19:46 - [TEST_STEP][PASSED] - comparePS.KeywordPS.callStatus(strNoAPK, "sheetAPK1", 17): comparePS.KeywordPS.callStatus is PASSED

2020-11-11 23:19:46 - [MESSAGE][PASSED] - comparePS.KeywordPS.callStatus is PASSED

2020-11-11 23:19:46 - [TEST_STEP][PASSED] - strGlbStatus = "": null

2020-11-11 23:19:46 - [TEST_STEP][PASSED] - strGlbKeterangan = "": null

2020-11-11 23:19:46 - [TEST_STEP][PASSED] - runTime.reset(): null

2020-11-11 23:19:46 - [TEST_STEP][PASSED] - runTime.start(): null

2020-11-11 23:19:46 - [TEST_STEP][PASSED] - dataCompareAPK = findTestData("dt-1/dt_APK"): null

2020-11-11 23:19:47 - [TEST_STEP][PASSED] - strNoAPK = dataCompareAPK.getValue("NO", excelRow): null

2020-11-11 23:19:47 - [TEST_STEP][PASSED] - comparePS.ProposalASL1.ComparePS(strNoAPK, excelRow): comparePS.ProposalASL1.ComparePS is PASSED

2020-11-11 23:19:47 - [MESSAGE][PASSED] - comparePS.ProposalASL1.ComparePS is PASSED

2020-11-11 23:19:47 - [TEST_STEP][PASSED] - comparePS.KeywordPS.callStatus(strNoAPK, "sheetAPK1", 17): comparePS.KeywordPS.callStatus is PASSED

2020-11-11 23:19:47 - [MESSAGE][PASSED] - comparePS.KeywordPS.callStatus is PASSED

2020-11-11 23:19:47 - [TEST_STEP][PASSED] - strGlbStatus = "": null

2020-11-11 23:19:47 - [TEST_STEP][PASSED] - strGlbKeterangan = "": null

2020-11-11 23:19:47 - [TEST_STEP][PASSED] - runTime.reset(): null

2020-11-11 23:19:47 - [TEST_STEP][PASSED] - runTime.start(): null

2020-11-11 23:19:47 - [TEST_STEP][PASSED] - dataCompareAPK = findTestData("dt-1/dt_APK"): null

2020-11-11 23:19:47 - [TEST_STEP][PASSED] - strNoAPK = dataCompareAPK.getValue("NO", excelRow): null

2020-11-11 23:19:47 - [TEST_STEP][PASSED] - comparePS.ProposalASL1.ComparePS(strNoAPK, excelRow): comparePS.ProposalASL1.ComparePS is PASSED

2020-11-11 23:19:47 - [MESSAGE][PASSED] - comparePS.ProposalASL1.ComparePS is PASSED

2020-11-11 23:19:47 - [TEST_STEP][PASSED] - comparePS.KeywordPS.callStatus(strNoAPK, "sheetAPK1", 17): comparePS.KeywordPS.callStatus is PASSED

2020-11-11 23:19:47 - [MESSAGE][PASSED] - comparePS.KeywordPS.callStatus is PASSED

2020-11-11 23:19:47 - [TEST_STEP][PASSED] - strGlbStatus = "": null

2020-11-11 23:19:47 - [TEST_STEP][PASSED] - strGlbKeterangan = "": null

2020-11-11 23:19:47 - [TEST_STEP][PASSED] - runTime.reset(): null

2020-11-11 23:19:47 - [TEST_STEP][PASSED] - runTime.start(): null

2020-11-11 23:19:47 - [TEST_STEP][PASSED] - dataCompareAPK = findTestData("dt-1/dt_APK"): null

2020-11-11 23:19:47 - [TEST_STEP][PASSED] - strNoAPK = dataCompareAPK.getValue("NO", excelRow): null

2020-11-11 23:19:47 - [TEST_STEP][PASSED] - comparePS.ProposalASL1.ComparePS(strNoAPK, excelRow): comparePS.ProposalASL1.ComparePS is PASSED

2020-11-11 23:19:47 - [MESSAGE][PASSED] - comparePS.ProposalASL1.ComparePS is PASSED

2020-11-11 23:19:47 - [TEST_STEP][PASSED] - comparePS.KeywordPS.callStatus(strNoAPK, "sheetAPK1", 17): comparePS.KeywordPS.callStatus is PASSED

2020-11-11 23:19:48 - [MESSAGE][PASSED] - comparePS.KeywordPS.callStatus is PASSED

2020-11-11 23:19:48 - [TEST_STEP][PASSED] - strGlbStatus = "": null

2020-11-11 23:19:48 - [TEST_STEP][PASSED] - strGlbKeterangan = "": null

2020-11-11 23:19:48 - [TEST_STEP][PASSED] - runTime.reset(): null

2020-11-11 23:19:48 - [TEST_STEP][PASSED] - runTime.start(): null

2020-11-11 23:19:48 - [TEST_STEP][PASSED] - dataCompareAPK = findTestData("dt-1/dt_APK"): null

2020-11-11 23:19:48 - [TEST_STEP][PASSED] - strNoAPK = dataCompareAPK.getValue("NO", excelRow): null

2020-11-11 23:19:48 - [TEST_STEP][PASSED] - comparePS.ProposalASL1.ComparePS(strNoAPK, excelRow): comparePS.ProposalASL1.ComparePS is PASSED

2020-11-11 23:19:48 - [MESSAGE][PASSED] - comparePS.ProposalASL1.ComparePS is PASSED

2020-11-11 23:19:48 - [TEST_STEP][PASSED] - comparePS.KeywordPS.callStatus(strNoAPK, "sheetAPK1", 17): comparePS.KeywordPS.callStatus is PASSED

2020-11-11 23:19:48 - [MESSAGE][PASSED] - comparePS.KeywordPS.callStatus is PASSED

2020-11-11 23:19:48 - [TEST_STEP][PASSED] - strGlbStatus = "": null

2020-11-11 23:19:48 - [TEST_STEP][PASSED] - strGlbKeterangan = "": null

2020-11-11 23:19:48 - [TEST_STEP][PASSED] - runTime.reset(): null

2020-11-11 23:19:48 - [TEST_STEP][PASSED] - runTime.start(): null

2020-11-11 23:19:48 - [TEST_STEP][PASSED] - dataCompareAPK = findTestData("dt-1/dt_APK"): null

2020-11-11 23:19:48 - [TEST_STEP][PASSED] - strNoAPK = dataCompareAPK.getValue("NO", excelRow): null

2020-11-11 23:19:48 - [TEST_STEP][PASSED] - comparePS.ProposalASL1.ComparePS(strNoAPK, excelRow): comparePS.ProposalASL1.ComparePS is PASSED

2020-11-11 23:19:48 - [MESSAGE][PASSED] - comparePS.ProposalASL1.ComparePS is PASSED

2020-11-11 23:19:48 - [TEST_STEP][PASSED] - comparePS.KeywordPS.callStatus(strNoAPK, "sheetAPK1", 17): comparePS.KeywordPS.callStatus is PASSED

2020-11-11 23:19:48 - [MESSAGE][PASSED] - comparePS.KeywordPS.callStatus is PASSED

2020-11-11 23:19:48 - [TEST_STEP][PASSED] - strGlbStatus = "": null

2020-11-11 23:19:48 - [TEST_STEP][PASSED] - strGlbKeterangan = "": null

2020-11-11 23:19:48 - [TEST_STEP][PASSED] - runTime.reset(): null

2020-11-11 23:19:48 - [TEST_STEP][PASSED] - runTime.start(): null

2020-11-11 23:19:48 - [TEST_STEP][PASSED] - dataCompareAPK = findTestData("dt-1/dt_APK"): null

2020-11-11 23:19:48 - [TEST_STEP][PASSED] - strNoAPK = dataCompareAPK.getValue("NO", excelRow): null

2020-11-11 23:19:48 - [TEST_STEP][PASSED] - comparePS.ProposalASL1.ComparePS(strNoAPK, excelRow): comparePS.ProposalASL1.ComparePS is PASSED

2020-11-11 23:19:48 - [MESSAGE][PASSED] - comparePS.ProposalASL1.ComparePS is PASSED

2020-11-11 23:19:48 - [TEST_STEP][PASSED] - comparePS.KeywordPS.callStatus(strNoAPK, "sheetAPK1", 17): comparePS.KeywordPS.callStatus is PASSED

2020-11-11 23:19:48 - [MESSAGE][PASSED] - comparePS.KeywordPS.callStatus is PASSED

2020-11-11 23:19:48 - [TEST_STEP][PASSED] - strGlbStatus = "": null

2020-11-11 23:19:48 - [TEST_STEP][PASSED] - strGlbKeterangan = "": null

2020-11-11 23:19:48 - [TEST_STEP][PASSED] - runTime.reset(): null

2020-11-11 23:19:48 - [TEST_STEP][PASSED] - runTime.start(): null

2020-11-11 23:19:48 - [TEST_STEP][PASSED] - dataCompareAPK = findTestData("dt-1/dt_APK"): null

2020-11-11 23:19:49 - [TEST_STEP][PASSED] - strNoAPK = dataCompareAPK.getValue("NO", excelRow): null

2020-11-11 23:19:49 - [TEST_STEP][PASSED] - comparePS.ProposalASL1.ComparePS(strNoAPK, excelRow): comparePS.ProposalASL1.ComparePS is PASSED

2020-11-11 23:19:49 - [MESSAGE][PASSED] - comparePS.ProposalASL1.ComparePS is PASSED

2020-11-11 23:19:49 - [TEST_STEP][PASSED] - comparePS.KeywordPS.callStatus(strNoAPK, "sheetAPK1", 17): comparePS.KeywordPS.callStatus is PASSED

2020-11-11 23:19:49 - [MESSAGE][PASSED] - comparePS.KeywordPS.callStatus is PASSED

2020-11-11 23:19:49 - [TEST_STEP][PASSED] - strGlbStatus = "": null

2020-11-11 23:19:49 - [TEST_STEP][PASSED] - strGlbKeterangan = "": null

2020-11-11 23:19:49 - [TEST_STEP][PASSED] - runTime.reset(): null

2020-11-11 23:19:49 - [TEST_STEP][PASSED] - runTime.start(): null

2020-11-11 23:19:49 - [TEST_STEP][PASSED] - dataCompareAPK = findTestData("dt-1/dt_APK"): null

2020-11-11 23:19:49 - [TEST_STEP][PASSED] - strNoAPK = dataCompareAPK.getValue("NO", excelRow): null

2020-11-11 23:19:49 - [TEST_STEP][PASSED] - comparePS.ProposalASL1.ComparePS(strNoAPK, excelRow): comparePS.ProposalASL1.ComparePS is PASSED

2020-11-11 23:19:49 - [MESSAGE][PASSED] - comparePS.ProposalASL1.ComparePS is PASSED

2020-11-11 23:19:49 - [TEST_STEP][PASSED] - comparePS.KeywordPS.callStatus(strNoAPK, "sheetAPK1", 17): comparePS.KeywordPS.callStatus is PASSED

2020-11-11 23:19:49 - [MESSAGE][PASSED] - comparePS.KeywordPS.callStatus is PASSED

2020-11-11 23:19:49 - [TEST_STEP][PASSED] - strGlbStatus = "": null

2020-11-11 23:19:49 - [TEST_STEP][PASSED] - strGlbKeterangan = "": null

2020-11-11 23:19:49 - [TEST_STEP][PASSED] - runTime.reset(): null

2020-11-11 23:19:49 - [TEST_STEP][PASSED] - runTime.start(): null

2020-11-11 23:19:49 - [TEST_STEP][PASSED] - dataCompareAPK = findTestData("dt-1/dt_APK"): null

2020-11-11 23:19:49 - [TEST_STEP][PASSED] - strNoAPK = dataCompareAPK.getValue("NO", excelRow): null

2020-11-11 23:19:49 - [TEST_STEP][PASSED] - comparePS.ProposalASL1.ComparePS(strNoAPK, excelRow): comparePS.ProposalASL1.ComparePS is PASSED

2020-11-11 23:19:49 - [MESSAGE][PASSED] - comparePS.ProposalASL1.ComparePS is PASSED

2020-11-11 23:19:49 - [TEST_STEP][PASSED] - comparePS.KeywordPS.callStatus(strNoAPK, "sheetAPK1", 17): comparePS.KeywordPS.callStatus is PASSED

2020-11-11 23:19:49 - [MESSAGE][PASSED] - comparePS.KeywordPS.callStatus is PASSED

2020-11-11 23:19:49 - [TEST_STEP][PASSED] - strGlbStatus = "": null

2020-11-11 23:19:49 - [TEST_STEP][PASSED] - strGlbKeterangan = "": null

2020-11-11 23:19:49 - [TEST_STEP][PASSED] - runTime.reset(): null

2020-11-11 23:19:49 - [TEST_STEP][PASSED] - runTime.start(): null

2020-11-11 23:19:49 - [TEST_STEP][PASSED] - dataCompareAPK = findTestData("dt-1/dt_APK"): null

2020-11-11 23:19:50 - [TEST_STEP][PASSED] - strNoAPK = dataCompareAPK.getValue("NO", excelRow): null

2020-11-11 23:19:50 - [TEST_STEP][PASSED] - comparePS.ProposalASL1.ComparePS(strNoAPK, excelRow): comparePS.ProposalASL1.ComparePS is PASSED

2020-11-11 23:19:50 - [MESSAGE][PASSED] - comparePS.ProposalASL1.ComparePS is PASSED

2020-11-11 23:19:50 - [TEST_STEP][PASSED] - comparePS.KeywordPS.callStatus(strNoAPK, "sheetAPK1", 17): comparePS.KeywordPS.callStatus is PASSED

2020-11-11 23:19:50 - [MESSAGE][PASSED] - comparePS.KeywordPS.callStatus is PASSED

2020-11-11 23:19:50 - [TEST_STEP][PASSED] - strGlbStatus = "": null

2020-11-11 23:19:50 - [TEST_STEP][PASSED] - strGlbKeterangan = "": null

2020-11-11 23:19:50 - [TEST_STEP][PASSED] - runTime.reset(): null

2020-11-11 23:19:50 - [TEST_STEP][PASSED] - runTime.start(): null

2020-11-11 23:19:50 - [TEST_STEP][PASSED] - dataCompareAPK = findTestData("dt-1/dt_APK"): null

2020-11-11 23:19:50 - [TEST_STEP][PASSED] - strNoAPK = dataCompareAPK.getValue("NO", excelRow): null

2020-11-11 23:19:50 - [TEST_STEP][PASSED] - comparePS.ProposalASL1.ComparePS(strNoAPK, excelRow): comparePS.ProposalASL1.ComparePS is PASSED

2020-11-11 23:19:50 - [MESSAGE][PASSED] - comparePS.ProposalASL1.ComparePS is PASSED

2020-11-11 23:19:50 - [TEST_STEP][PASSED] - comparePS.KeywordPS.callStatus(strNoAPK, "sheetAPK1", 17): comparePS.KeywordPS.callStatus is PASSED

2020-11-11 23:19:50 - [MESSAGE][PASSED] - comparePS.KeywordPS.callStatus is PASSED

2020-11-11 23:19:50 - [TEST_STEP][PASSED] - strGlbStatus = "": null

2020-11-11 23:19:50 - [TEST_STEP][PASSED] - strGlbKeterangan = "": null

2020-11-11 23:19:50 - [TEST_STEP][PASSED] - runTime.reset(): null

2020-11-11 23:19:50 - [TEST_STEP][PASSED] - runTime.start(): null

2020-11-11 23:19:50 - [TEST_STEP][PASSED] - dataCompareAPK = findTestData("dt-1/dt_APK"): null

2020-11-11 23:19:50 - [TEST_STEP][PASSED] - strNoAPK = dataCompareAPK.getValue("NO", excelRow): null

2020-11-11 23:19:50 - [TEST_STEP][PASSED] - comparePS.ProposalASL1.ComparePS(strNoAPK, excelRow): comparePS.ProposalASL1.ComparePS is PASSED

2020-11-11 23:19:51 - [MESSAGE][PASSED] - comparePS.ProposalASL1.ComparePS is PASSED

2020-11-11 23:19:51 - [TEST_STEP][PASSED] - comparePS.KeywordPS.callStatus(strNoAPK, "sheetAPK1", 17): comparePS.KeywordPS.callStatus is PASSED

2020-11-11 23:19:51 - [MESSAGE][PASSED] - comparePS.KeywordPS.callStatus is PASSED

2020-11-11 23:19:51 - [TEST_STEP][PASSED] - strGlbStatus = "": null

2020-11-11 23:19:51 - [TEST_STEP][PASSED] - strGlbKeterangan = "": null

2020-11-11 23:19:51 - [TEST_STEP][PASSED] - runTime.reset(): null

2020-11-11 23:19:51 - [TEST_STEP][PASSED] - runTime.start(): null

2020-11-11 23:19:51 - [TEST_STEP][PASSED] - dataCompareAPK = findTestData("dt-1/dt_APK"): null

2020-11-11 23:19:51 - [TEST_STEP][PASSED] - strNoAPK = dataCompareAPK.getValue("NO", excelRow): null

2020-11-11 23:19:51 - [TEST_STEP][PASSED] - comparePS.ProposalASL1.ComparePS(strNoAPK, excelRow): comparePS.ProposalASL1.ComparePS is PASSED

2020-11-11 23:19:51 - [MESSAGE][PASSED] - comparePS.ProposalASL1.ComparePS is PASSED

2020-11-11 23:19:51 - [TEST_STEP][PASSED] - comparePS.KeywordPS.callStatus(strNoAPK, "sheetAPK1", 17): comparePS.KeywordPS.callStatus is PASSED

2020-11-11 23:19:51 - [MESSAGE][PASSED] - comparePS.KeywordPS.callStatus is PASSED

2020-11-11 23:19:51 - [TEST_STEP][PASSED] - strGlbStatus = "": null

2020-11-11 23:19:51 - [TEST_STEP][PASSED] - strGlbKeterangan = "": null

2020-11-11 23:19:51 - [TEST_STEP][PASSED] - runTime.reset(): null

2020-11-11 23:19:51 - [TEST_STEP][PASSED] - runTime.start(): null

2020-11-11 23:19:51 - [TEST_STEP][PASSED] - dataCompareAPK = findTestData("dt-1/dt_APK"): null

2020-11-11 23:19:51 - [TEST_STEP][PASSED] - strNoAPK = dataCompareAPK.getValue("NO", excelRow): null

2020-11-11 23:19:51 - [TEST_STEP][PASSED] - comparePS.ProposalASL1.ComparePS(strNoAPK, excelRow): comparePS.ProposalASL1.ComparePS is PASSED

2020-11-11 23:19:51 - [MESSAGE][PASSED] - comparePS.ProposalASL1.ComparePS is PASSED

2020-11-11 23:19:51 - [TEST_STEP][PASSED] - comparePS.KeywordPS.callStatus(strNoAPK, "sheetAPK1", 17): comparePS.KeywordPS.callStatus is PASSED

2020-11-11 23:19:51 - [MESSAGE][PASSED] - comparePS.KeywordPS.callStatus is PASSED

2020-11-11 23:19:51 - [TEST_STEP][PASSED] - strGlbStatus = "": null

2020-11-11 23:19:51 - [TEST_STEP][PASSED] - strGlbKeterangan = "": null

2020-11-11 23:19:51 - [TEST_STEP][PASSED] - runTime.reset(): null

2020-11-11 23:19:51 - [TEST_STEP][PASSED] - runTime.start(): null

2020-11-11 23:19:51 - [TEST_STEP][PASSED] - dataCompareAPK = findTestData("dt-1/dt_APK"): null

2020-11-11 23:19:51 - [TEST_STEP][PASSED] - strNoAPK = dataCompareAPK.getValue("NO", excelRow): null

2020-11-11 23:19:51 - [TEST_STEP][PASSED] - comparePS.ProposalASL1.ComparePS(strNoAPK, excelRow): comparePS.ProposalASL1.ComparePS is PASSED

2020-11-11 23:19:52 - [MESSAGE][PASSED] - comparePS.ProposalASL1.ComparePS is PASSED

2020-11-11 23:19:52 - [TEST_STEP][PASSED] - comparePS.KeywordPS.callStatus(strNoAPK, "sheetAPK1", 17): comparePS.KeywordPS.callStatus is PASSED

2020-11-11 23:19:52 - [MESSAGE][PASSED] - comparePS.KeywordPS.callStatus is PASSED

2020-11-11 23:19:52 - [TEST_STEP][PASSED] - strGlbStatus = "": null

2020-11-11 23:19:52 - [TEST_STEP][PASSED] - strGlbKeterangan = "": null

2020-11-11 23:19:52 - [TEST_STEP][PASSED] - runTime.reset(): null

2020-11-11 23:19:52 - [TEST_STEP][PASSED] - runTime.start(): null

2020-11-11 23:19:52 - [TEST_STEP][PASSED] - dataCompareAPK = findTestData("dt-1/dt_APK"): null

2020-11-11 23:19:52 - [TEST_STEP][PASSED] - strNoAPK = dataCompareAPK.getValue("NO", excelRow): null

2020-11-11 23:19:52 - [TEST_STEP][PASSED] - comparePS.ProposalASL1.ComparePS(strNoAPK, excelRow): comparePS.ProposalASL1.ComparePS is PASSED

2020-11-11 23:19:52 - [MESSAGE][PASSED] - comparePS.ProposalASL1.ComparePS is PASSED

2020-11-11 23:19:52 - [TEST_STEP][PASSED] - comparePS.KeywordPS.callStatus(strNoAPK, "sheetAPK1", 17): comparePS.KeywordPS.callStatus is PASSED

2020-11-11 23:19:52 - [MESSAGE][PASSED] - comparePS.KeywordPS.callStatus is PASSED

2020-11-11 23:19:52 - [TEST_STEP][PASSED] - strGlbStatus = "": null

2020-11-11 23:19:52 - [TEST_STEP][PASSED] - strGlbKeterangan = "": null

2020-11-11 23:19:52 - [TEST_STEP][PASSED] - runTime.reset(): null

2020-11-11 23:19:52 - [TEST_STEP][PASSED] - runTime.start(): null

2020-11-11 23:19:52 - [TEST_STEP][PASSED] - dataCompareAPK = findTestData("dt-1/dt_APK"): null

2020-11-11 23:19:52 - [TEST_STEP][PASSED] - strNoAPK = dataCompareAPK.getValue("NO", excelRow): null

2020-11-11 23:19:52 - [TEST_STEP][PASSED] - comparePS.ProposalASL1.ComparePS(strNoAPK, excelRow): comparePS.ProposalASL1.ComparePS is PASSED

2020-11-11 23:19:52 - [MESSAGE][PASSED] - comparePS.ProposalASL1.ComparePS is PASSED

2020-11-11 23:19:52 - [TEST_STEP][PASSED] - comparePS.KeywordPS.callStatus(strNoAPK, "sheetAPK1", 17): comparePS.KeywordPS.callStatus is PASSED

2020-11-11 23:19:52 - [MESSAGE][PASSED] - comparePS.KeywordPS.callStatus is PASSED

2020-11-11 23:19:52 - [TEST_STEP][PASSED] - strGlbStatus = "": null

2020-11-11 23:19:52 - [TEST_STEP][PASSED] - strGlbKeterangan = "": null

2020-11-11 23:19:52 - [TEST_STEP][PASSED] - runTime.reset(): null

2020-11-11 23:19:52 - [TEST_STEP][PASSED] - runTime.start(): null

2020-11-11 23:19:52 - [TEST_STEP][PASSED] - dataCompareAPK = findTestData("dt-1/dt_APK"): null

2020-11-11 23:19:52 - [TEST_STEP][PASSED] - strNoAPK = dataCompareAPK.getValue("NO", excelRow): null

2020-11-11 23:19:52 - [TEST_STEP][PASSED] - comparePS.ProposalASL1.ComparePS(strNoAPK, excelRow): comparePS.ProposalASL1.ComparePS is PASSED

2020-11-11 23:19:53 - [MESSAGE][PASSED] - comparePS.ProposalASL1.ComparePS is PASSED

2020-11-11 23:19:53 - [TEST_STEP][PASSED] - comparePS.KeywordPS.callStatus(strNoAPK, "sheetAPK1", 17): comparePS.KeywordPS.callStatus is PASSED

2020-11-11 23:19:53 - [MESSAGE][PASSED] - comparePS.KeywordPS.callStatus is PASSED

2020-11-11 23:19:53 - [TEST_STEP][PASSED] - strGlbStatus = "": null

2020-11-11 23:19:53 - [TEST_STEP][PASSED] - strGlbKeterangan = "": null

2020-11-11 23:19:53 - [TEST_STEP][PASSED] - runTime.reset(): null

2020-11-11 23:19:53 - [TEST_STEP][PASSED] - runTime.start(): null

2020-11-11 23:19:53 - [TEST_STEP][PASSED] - dataCompareAPK = findTestData("dt-1/dt_APK"): null

2020-11-11 23:19:53 - [TEST_STEP][PASSED] - strNoAPK = dataCompareAPK.getValue("NO", excelRow): null

2020-11-11 23:19:53 - [TEST_STEP][PASSED] - comparePS.ProposalASL1.ComparePS(strNoAPK, excelRow): comparePS.ProposalASL1.ComparePS is PASSED

2020-11-11 23:19:53 - [MESSAGE][PASSED] - comparePS.ProposalASL1.ComparePS is PASSED

2020-11-11 23:19:53 - [TEST_STEP][PASSED] - comparePS.KeywordPS.callStatus(strNoAPK, "sheetAPK1", 17): comparePS.KeywordPS.callStatus is PASSED

2020-11-11 23:19:53 - [MESSAGE][PASSED] - comparePS.KeywordPS.callStatus is PASSED

2020-11-11 23:19:53 - [TEST_STEP][PASSED] - strGlbStatus = "": null

2020-11-11 23:19:53 - [TEST_STEP][PASSED] - strGlbKeterangan = "": null

2020-11-11 23:19:53 - [TEST_STEP][PASSED] - runTime.reset(): null

2020-11-11 23:19:53 - [TEST_STEP][PASSED] - runTime.start(): null

2020-11-11 23:19:53 - [TEST_STEP][PASSED] - dataCompareAPK = findTestData("dt-1/dt_APK"): null

2020-11-11 23:19:53 - [TEST_STEP][PASSED] - strNoAPK = dataCompareAPK.getValue("NO", excelRow): null

2020-11-11 23:19:53 - [TEST_STEP][PASSED] - comparePS.ProposalASL1.ComparePS(strNoAPK, excelRow): comparePS.ProposalASL1.ComparePS is PASSED

2020-11-11 23:19:53 - [MESSAGE][PASSED] - comparePS.ProposalASL1.ComparePS is PASSED

2020-11-11 23:19:53 - [TEST_STEP][PASSED] - comparePS.KeywordPS.callStatus(strNoAPK, "sheetAPK1", 17): comparePS.KeywordPS.callStatus is PASSED

2020-11-11 23:19:53 - [MESSAGE][PASSED] - comparePS.KeywordPS.callStatus is PASSED

2020-11-11 23:19:53 - [TEST_STEP][PASSED] - strGlbStatus = "": null

2020-11-11 23:19:53 - [TEST_STEP][PASSED] - strGlbKeterangan = "": null

2020-11-11 23:19:53 - [TEST_STEP][PASSED] - runTime.reset(): null

2020-11-11 23:19:53 - [TEST_STEP][PASSED] - runTime.start(): null

2020-11-11 23:19:53 - [TEST_STEP][PASSED] - dataCompareAPK = findTestData("dt-1/dt_APK"): null

2020-11-11 23:19:53 - [TEST_STEP][PASSED] - strNoAPK = dataCompareAPK.getValue("NO", excelRow): null

2020-11-11 23:19:53 - [TEST_STEP][PASSED] - comparePS.ProposalASL1.ComparePS(strNoAPK, excelRow): comparePS.ProposalASL1.ComparePS is PASSED

2020-11-11 23:19:54 - [MESSAGE][PASSED] - comparePS.ProposalASL1.ComparePS is PASSED

2020-11-11 23:19:54 - [TEST_STEP][PASSED] - comparePS.KeywordPS.callStatus(strNoAPK, "sheetAPK1", 17): comparePS.KeywordPS.callStatus is PASSED

2020-11-11 23:19:54 - [MESSAGE][PASSED] - comparePS.KeywordPS.callStatus is PASSED

2020-11-11 23:19:54 - [TEST_STEP][PASSED] - strGlbStatus = "": null

2020-11-11 23:19:54 - [TEST_STEP][PASSED] - strGlbKeterangan = "": null

2020-11-11 23:19:54 - [TEST_STEP][PASSED] - runTime.reset(): null

2020-11-11 23:19:54 - [TEST_STEP][PASSED] - runTime.start(): null

2020-11-11 23:19:54 - [TEST_STEP][PASSED] - dataCompareAPK = findTestData("dt-1/dt_APK"): null

2020-11-11 23:19:54 - [TEST_STEP][PASSED] - strNoAPK = dataCompareAPK.getValue("NO", excelRow): null

2020-11-11 23:19:54 - [TEST_STEP][PASSED] - comparePS.ProposalASL1.ComparePS(strNoAPK, excelRow): comparePS.ProposalASL1.ComparePS is PASSED

2020-11-11 23:19:54 - [MESSAGE][PASSED] - comparePS.ProposalASL1.ComparePS is PASSED

2020-11-11 23:19:54 - [TEST_STEP][PASSED] - comparePS.KeywordPS.callStatus(strNoAPK, "sheetAPK1", 17): comparePS.KeywordPS.callStatus is PASSED

2020-11-11 23:19:54 - [MESSAGE][PASSED] - comparePS.KeywordPS.callStatus is PASSED

2020-11-11 23:19:54 - [TEST_STEP][PASSED] - strGlbStatus = "": null

2020-11-11 23:19:54 - [TEST_STEP][PASSED] - strGlbKeterangan = "": null

2020-11-11 23:19:54 - [TEST_STEP][PASSED] - runTime.reset(): null

2020-11-11 23:19:54 - [TEST_STEP][PASSED] - runTime.start(): null

2020-11-11 23:19:54 - [TEST_STEP][PASSED] - dataCompareAPK = findTestData("dt-1/dt_APK"): null

2020-11-11 23:19:54 - [TEST_STEP][PASSED] - strNoAPK = dataCompareAPK.getValue("NO", excelRow): null

2020-11-11 23:19:54 - [TEST_STEP][PASSED] - comparePS.ProposalASL1.ComparePS(strNoAPK, excelRow): comparePS.ProposalASL1.ComparePS is PASSED

2020-11-11 23:19:54 - [MESSAGE][PASSED] - comparePS.ProposalASL1.ComparePS is PASSED

2020-11-11 23:19:54 - [TEST_STEP][PASSED] - comparePS.KeywordPS.callStatus(strNoAPK, "sheetAPK1", 17): comparePS.KeywordPS.callStatus is PASSED

2020-11-11 23:19:54 - [MESSAGE][PASSED] - comparePS.KeywordPS.callStatus is PASSED

2020-11-11 23:19:54 - [TEST_STEP][PASSED] - strGlbStatus = "": null

2020-11-11 23:19:54 - [TEST_STEP][PASSED] - strGlbKeterangan = "": null

2020-11-11 23:19:54 - [TEST_STEP][PASSED] - runTime.reset(): null

2020-11-11 23:19:54 - [TEST_STEP][PASSED] - runTime.start(): null

2020-11-11 23:19:54 - [TEST_STEP][PASSED] - dataCompareAPK = findTestData("dt-1/dt_APK"): null

2020-11-11 23:19:55 - [TEST_STEP][PASSED] - strNoAPK = dataCompareAPK.getValue("NO", excelRow): null

2020-11-11 23:19:55 - [TEST_STEP][PASSED] - comparePS.ProposalASL1.ComparePS(strNoAPK, excelRow): comparePS.ProposalASL1.ComparePS is PASSED

2020-11-11 23:19:55 - [MESSAGE][PASSED] - comparePS.ProposalASL1.ComparePS is PASSED

2020-11-11 23:19:55 - [TEST_STEP][PASSED] - comparePS.KeywordPS.callStatus(strNoAPK, "sheetAPK1", 17): comparePS.KeywordPS.callStatus is PASSED

2020-11-11 23:19:55 - [MESSAGE][PASSED] - comparePS.KeywordPS.callStatus is PASSED

2020-11-11 23:19:55 - [TEST_STEP][PASSED] - strGlbStatus = "": null

2020-11-11 23:19:55 - [TEST_STEP][PASSED] - strGlbKeterangan = "": null

2020-11-11 23:19:55 - [TEST_STEP][PASSED] - runTime.reset(): null

2020-11-11 23:19:55 - [TEST_STEP][PASSED] - runTime.start(): null

2020-11-11 23:19:55 - [TEST_STEP][PASSED] - dataCompareAPK = findTestData("dt-1/dt_APK"): null

2020-11-11 23:19:55 - [TEST_STEP][PASSED] - strNoAPK = dataCompareAPK.getValue("NO", excelRow): null

2020-11-11 23:19:55 - [TEST_STEP][PASSED] - comparePS.ProposalASL1.ComparePS(strNoAPK, excelRow): comparePS.ProposalASL1.ComparePS is PASSED

2020-11-11 23:19:55 - [MESSAGE][PASSED] - comparePS.ProposalASL1.ComparePS is PASSED

2020-11-11 23:19:55 - [TEST_STEP][PASSED] - comparePS.KeywordPS.callStatus(strNoAPK, "sheetAPK1", 17): comparePS.KeywordPS.callStatus is PASSED

2020-11-11 23:19:55 - [MESSAGE][PASSED] - comparePS.KeywordPS.callStatus is PASSED

2020-11-11 23:19:55 - [TEST_STEP][PASSED] - strGlbStatus = "": null

2020-11-11 23:19:55 - [TEST_STEP][PASSED] - strGlbKeterangan = "": null

2020-11-11 23:19:55 - [TEST_STEP][PASSED] - runTime.reset(): null

2020-11-11 23:19:55 - [TEST_STEP][PASSED] - runTime.start(): null

2020-11-11 23:19:55 - [TEST_STEP][PASSED] - dataCompareAPK = findTestData("dt-1/dt_APK"): null

2020-11-11 23:19:56 - [TEST_STEP][PASSED] - strNoAPK = dataCompareAPK.getValue("NO", excelRow): null

2020-11-11 23:19:56 - [TEST_STEP][PASSED] - comparePS.ProposalASL1.ComparePS(strNoAPK, excelRow): comparePS.ProposalASL1.ComparePS is PASSED

2020-11-11 23:19:56 - [MESSAGE][PASSED] - comparePS.ProposalASL1.ComparePS is PASSED

2020-11-11 23:19:56 - [TEST_STEP][PASSED] - comparePS.KeywordPS.callStatus(strNoAPK, "sheetAPK1", 17): comparePS.KeywordPS.callStatus is PASSED

2020-11-11 23:19:56 - [MESSAGE][PASSED] - comparePS.KeywordPS.callStatus is PASSED

2020-11-11 23:19:56 - [TEST_STEP][PASSED] - strGlbStatus = "": null

2020-11-11 23:19:56 - [TEST_STEP][PASSED] - strGlbKeterangan = "": null

2020-11-11 23:19:56 - [TEST_STEP][PASSED] - runTime.reset(): null

2020-11-11 23:19:56 - [TEST_STEP][PASSED] - runTime.start(): null

2020-11-11 23:19:56 - [TEST_STEP][PASSED] - dataCompareAPK = findTestData("dt-1/dt_APK"): null

2020-11-11 23:19:56 - [TEST_STEP][PASSED] - strNoAPK = dataCompareAPK.getValue("NO", excelRow): null

2020-11-11 23:19:56 - [TEST_STEP][PASSED] - comparePS.ProposalASL1.ComparePS(strNoAPK, excelRow): comparePS.ProposalASL1.ComparePS is PASSED

2020-11-11 23:19:56 - [MESSAGE][PASSED] - comparePS.ProposalASL1.ComparePS is PASSED

2020-11-11 23:19:56 - [TEST_STEP][PASSED] - comparePS.KeywordPS.callStatus(strNoAPK, "sheetAPK1", 17): comparePS.KeywordPS.callStatus is PASSED

2020-11-11 23:19:56 - [MESSAGE][PASSED] - comparePS.KeywordPS.callStatus is PASSED

2020-11-11 23:19:56 - [TEST_STEP][PASSED] - strGlbStatus = "": null

2020-11-11 23:19:56 - [TEST_STEP][PASSED] - strGlbKeterangan = "": null

2020-11-11 23:19:56 - [TEST_STEP][PASSED] - runTime.reset(): null

2020-11-11 23:19:56 - [TEST_STEP][PASSED] - runTime.start(): null

2020-11-11 23:19:56 - [TEST_STEP][PASSED] - dataCompareAPK = findTestData("dt-1/dt_APK"): null

2020-11-11 23:19:56 - [TEST_STEP][PASSED] - strNoAPK = dataCompareAPK.getValue("NO", excelRow): null

2020-11-11 23:19:56 - [TEST_STEP][PASSED] - comparePS.ProposalASL1.ComparePS(strNoAPK, excelRow): comparePS.ProposalASL1.ComparePS is PASSED

2020-11-11 23:19:57 - [MESSAGE][PASSED] - comparePS.ProposalASL1.ComparePS is PASSED

2020-11-11 23:19:57 - [TEST_STEP][PASSED] - comparePS.KeywordPS.callStatus(strNoAPK, "sheetAPK1", 17): comparePS.KeywordPS.callStatus is PASSED

2020-11-11 23:19:57 - [MESSAGE][PASSED] - comparePS.KeywordPS.callStatus is PASSED

2020-11-11 23:19:57 - [TEST_STEP][PASSED] - strGlbStatus = "": null

2020-11-11 23:19:57 - [TEST_STEP][PASSED] - strGlbKeterangan = "": null

2020-11-11 23:19:57 - [TEST_STEP][PASSED] - runTime.reset(): null

2020-11-11 23:19:57 - [TEST_STEP][PASSED] - runTime.start(): null

2020-11-11 23:19:57 - [TEST_STEP][PASSED] - dataCompareAPK = findTestData("dt-1/dt_APK"): null

2020-11-11 23:19:57 - [TEST_STEP][PASSED] - strNoAPK = dataCompareAPK.getValue("NO", excelRow): null

2020-11-11 23:19:57 - [TEST_STEP][PASSED] - comparePS.ProposalASL1.ComparePS(strNoAPK, excelRow): comparePS.ProposalASL1.ComparePS is PASSED

2020-11-11 23:19:57 - [MESSAGE][PASSED] - comparePS.ProposalASL1.ComparePS is PASSED

2020-11-11 23:19:57 - [TEST_STEP][PASSED] - comparePS.KeywordPS.callStatus(strNoAPK, "sheetAPK1", 17): comparePS.KeywordPS.callStatus is PASSED

2020-11-11 23:19:57 - [MESSAGE][PASSED] - comparePS.KeywordPS.callStatus is PASSED

2020-11-11 23:19:57 - [TEST_STEP][PASSED] - strGlbStatus = "": null

2020-11-11 23:19:57 - [TEST_STEP][PASSED] - strGlbKeterangan = "": null

2020-11-11 23:19:57 - [TEST_STEP][PASSED] - runTime.reset(): null

2020-11-11 23:19:57 - [TEST_STEP][PASSED] - runTime.start(): null

2020-11-11 23:19:57 - [TEST_STEP][PASSED] - dataCompareAPK = findTestData("dt-1/dt_APK"): null

2020-11-11 23:19:57 - [TEST_STEP][PASSED] - strNoAPK = dataCompareAPK.getValue("NO", excelRow): null

2020-11-11 23:19:57 - [TEST_STEP][PASSED] - comparePS.ProposalASL1.ComparePS(strNoAPK, excelRow): comparePS.ProposalASL1.ComparePS is PASSED

2020-11-11 23:19:58 - [MESSAGE][PASSED] - comparePS.ProposalASL1.ComparePS is PASSED

2020-11-11 23:19:58 - [TEST_STEP][PASSED] - comparePS.KeywordPS.callStatus(strNoAPK, "sheetAPK1", 17): comparePS.KeywordPS.callStatus is PASSED

2020-11-11 23:19:58 - [MESSAGE][PASSED] - comparePS.KeywordPS.callStatus is PASSED

2020-11-11 23:19:58 - [TEST_STEP][PASSED] - strGlbStatus = "": null

2020-11-11 23:19:58 - [TEST_STEP][PASSED] - strGlbKeterangan = "": null

2020-11-11 23:19:58 - [TEST_STEP][PASSED] - runTime.reset(): null

2020-11-11 23:19:58 - [TEST_STEP][PASSED] - runTime.start(): null

2020-11-11 23:19:58 - [TEST_STEP][PASSED] - dataCompareAPK = findTestData("dt-1/dt_APK"): null

2020-11-11 23:19:58 - [TEST_STEP][PASSED] - strNoAPK = dataCompareAPK.getValue("NO", excelRow): null

2020-11-11 23:19:58 - [TEST_STEP][PASSED] - comparePS.ProposalASL1.ComparePS(strNoAPK, excelRow): comparePS.ProposalASL1.ComparePS is PASSED

2020-11-11 23:19:58 - [MESSAGE][PASSED] - comparePS.ProposalASL1.ComparePS is PASSED

2020-11-11 23:19:58 - [TEST_STEP][PASSED] - comparePS.KeywordPS.callStatus(strNoAPK, "sheetAPK1", 17): comparePS.KeywordPS.callStatus is PASSED

2020-11-11 23:19:58 - [MESSAGE][PASSED] - comparePS.KeywordPS.callStatus is PASSED

2020-11-11 23:19:58 - [TEST_STEP][PASSED] - strGlbStatus = "": null

2020-11-11 23:19:58 - [TEST_STEP][PASSED] - strGlbKeterangan = "": null

2020-11-11 23:19:58 - [TEST_STEP][PASSED] - runTime.reset(): null

2020-11-11 23:19:58 - [TEST_STEP][PASSED] - runTime.start(): null

2020-11-11 23:19:58 - [TEST_STEP][PASSED] - dataCompareAPK = findTestData("dt-1/dt_APK"): null

2020-11-11 23:19:59 - [TEST_STEP][PASSED] - strNoAPK = dataCompareAPK.getValue("NO", excelRow): null

2020-11-11 23:19:59 - [TEST_STEP][PASSED] - comparePS.ProposalASL1.ComparePS(strNoAPK, excelRow): comparePS.ProposalASL1.ComparePS is PASSED

2020-11-11 23:19:59 - [MESSAGE][PASSED] - comparePS.ProposalASL1.ComparePS is PASSED

2020-11-11 23:19:59 - [TEST_STEP][PASSED] - comparePS.KeywordPS.callStatus(strNoAPK, "sheetAPK1", 17): comparePS.KeywordPS.callStatus is PASSED

2020-11-11 23:19:59 - [MESSAGE][PASSED] - comparePS.KeywordPS.callStatus is PASSED

2020-11-11 23:19:59 - [TEST_STEP][PASSED] - strGlbStatus = "": null

2020-11-11 23:19:59 - [TEST_STEP][PASSED] - strGlbKeterangan = "": null

2020-11-11 23:19:59 - [TEST_STEP][PASSED] - runTime.reset(): null

2020-11-11 23:19:59 - [TEST_STEP][PASSED] - runTime.start(): null

2020-11-11 23:19:59 - [TEST_STEP][PASSED] - dataCompareAPK = findTestData("dt-1/dt_APK"): null

2020-11-11 23:19:59 - [TEST_STEP][PASSED] - strNoAPK = dataCompareAPK.getValue("NO", excelRow): null

2020-11-11 23:19:59 - [TEST_STEP][PASSED] - comparePS.ProposalASL1.ComparePS(strNoAPK, excelRow): comparePS.ProposalASL1.ComparePS is PASSED

2020-11-11 23:19:59 - [MESSAGE][PASSED] - comparePS.ProposalASL1.ComparePS is PASSED

2020-11-11 23:19:59 - [TEST_STEP][PASSED] - comparePS.KeywordPS.callStatus(strNoAPK, "sheetAPK1", 17): comparePS.KeywordPS.callStatus is PASSED

2020-11-11 23:19:59 - [MESSAGE][PASSED] - comparePS.KeywordPS.callStatus is PASSED]]></system-out>
         <system-err><![CDATA[]]></system-err>
      </testcase>
      <testcase name="Test Cases/ComparePS-2" time="1.358" classname="Test Cases/ComparePS-2" status="ERROR">
         <error type="ERROR" message="Test Cases/ComparePS-2 FAILED.
Reason:
java.lang.IllegalArgumentException: Invalid column name 'PTU RENDAH' for test data 'C:\ANDIKA\PROJECT\PS\DT PS\CompareLegacy\Temp_ExcelAPK.xlsx'. Possible values are '{NO,AKHIR TAHUN KE,USIA,TOTAL PREMI TAHUNAN,PREMI TOP UP TUNGGAL,BONUS ALOKASI INVESTASI,LOYALTY BONUS,PENARIKAN SEBAGIAN UNIT,PD RENDAH,PD SEDANG,PD TINGGI,PN RENDAH,PN SEDANG,PN TINGGI,PAT RENDAH,PAT SEDANG,PAT TINGGI,EXPECTED RESULT,ACTUAL RESULT,STATUS,KETERANGAN}'
	at com.kms.katalon.core.testdata.AbstractTestData.verifyColumnName(AbstractTestData.java:78)
	at com.kms.katalon.core.testdata.AbstractTestData.getObjectValue(AbstractTestData.java:136)
	at com.kms.katalon.core.testdata.AbstractTestData.getValue(AbstractTestData.java:107)
	at com.kms.katalon.core.testdata.TestData$getValue$0.call(Unknown Source)
	at comparePS.ProposalASL2.ComparePS(ProposalASL2.groovy:72)
	at comparePS.ProposalASL2.invokeMethod(ProposalASL2.groovy)
	at com.kms.katalon.core.main.CustomKeywordDelegatingMetaClass.invokeStaticMethod(CustomKeywordDelegatingMetaClass.java:50)
	at ComparePS-2.run(ComparePS-2:121)
	at com.kms.katalon.core.main.ScriptEngine.run(ScriptEngine.java:194)
	at com.kms.katalon.core.main.ScriptEngine.runScriptAsRawText(ScriptEngine.java:119)
	at com.kms.katalon.core.main.TestCaseExecutor.runScript(TestCaseExecutor.java:339)
	at com.kms.katalon.core.main.TestCaseExecutor.doExecute(TestCaseExecutor.java:330)
	at com.kms.katalon.core.main.TestCaseExecutor.processExecutionPhase(TestCaseExecutor.java:309)
	at com.kms.katalon.core.main.TestCaseExecutor.accessMainPhase(TestCaseExecutor.java:301)
	at com.kms.katalon.core.main.TestCaseExecutor.execute(TestCaseExecutor.java:235)
	at com.kms.katalon.core.main.TestSuiteExecutor.accessTestCaseMainPhase(TestSuiteExecutor.java:191)
	at com.kms.katalon.core.main.TestSuiteExecutor.accessTestSuiteMainPhase(TestSuiteExecutor.java:141)
	at com.kms.katalon.core.main.TestSuiteExecutor.execute(TestSuiteExecutor.java:90)
	at com.kms.katalon.core.main.TestCaseMain.startTestSuite(TestCaseMain.java:157)
	at com.kms.katalon.core.main.TestCaseMain$startTestSuite$0.call(Unknown Source)
	at TempTestSuite1605111558872.run(TempTestSuite1605111558872.groovy:39)
"/>
         <system-out><![CDATA[2020-11-11 23:19:59 - [TEST_CASE][ERROR] - Test Cases/ComparePS-2: Test Cases/ComparePS-2 FAILED.
Reason:
java.lang.IllegalArgumentException: Invalid column name 'PTU RENDAH' for test data 'C:\ANDIKA\PROJECT\PS\DT PS\CompareLegacy\Temp_ExcelAPK.xlsx'. Possible values are '{NO,AKHIR TAHUN KE,USIA,TOTAL PREMI TAHUNAN,PREMI TOP UP TUNGGAL,BONUS ALOKASI INVESTASI,LOYALTY BONUS,PENARIKAN SEBAGIAN UNIT,PD RENDAH,PD SEDANG,PD TINGGI,PN RENDAH,PN SEDANG,PN TINGGI,PAT RENDAH,PAT SEDANG,PAT TINGGI,EXPECTED RESULT,ACTUAL RESULT,STATUS,KETERANGAN}'
	at com.kms.katalon.core.testdata.AbstractTestData.verifyColumnName(AbstractTestData.java:78)
	at com.kms.katalon.core.testdata.AbstractTestData.getObjectValue(AbstractTestData.java:136)
	at com.kms.katalon.core.testdata.AbstractTestData.getValue(AbstractTestData.java:107)
	at com.kms.katalon.core.testdata.TestData$getValue$0.call(Unknown Source)
	at comparePS.ProposalASL2.ComparePS(ProposalASL2.groovy:72)
	at comparePS.ProposalASL2.invokeMethod(ProposalASL2.groovy)
	at com.kms.katalon.core.main.CustomKeywordDelegatingMetaClass.invokeStaticMethod(CustomKeywordDelegatingMetaClass.java:50)
	at ComparePS-2.run(ComparePS-2:121)
	at com.kms.katalon.core.main.ScriptEngine.run(ScriptEngine.java:194)
	at com.kms.katalon.core.main.ScriptEngine.runScriptAsRawText(ScriptEngine.java:119)
	at com.kms.katalon.core.main.TestCaseExecutor.runScript(TestCaseExecutor.java:339)
	at com.kms.katalon.core.main.TestCaseExecutor.doExecute(TestCaseExecutor.java:330)
	at com.kms.katalon.core.main.TestCaseExecutor.processExecutionPhase(TestCaseExecutor.java:309)
	at com.kms.katalon.core.main.TestCaseExecutor.accessMainPhase(TestCaseExecutor.java:301)
	at com.kms.katalon.core.main.TestCaseExecutor.execute(TestCaseExecutor.java:235)
	at com.kms.katalon.core.main.TestSuiteExecutor.accessTestCaseMainPhase(TestSuiteExecutor.java:191)
	at com.kms.katalon.core.main.TestSuiteExecutor.accessTestSuiteMainPhase(TestSuiteExecutor.java:141)
	at com.kms.katalon.core.main.TestSuiteExecutor.execute(TestSuiteExecutor.java:90)
	at com.kms.katalon.core.main.TestCaseMain.startTestSuite(TestCaseMain.java:157)
	at com.kms.katalon.core.main.TestCaseMain$startTestSuite$0.call(Unknown Source)
	at TempTestSuite1605111558872.run(TempTestSuite1605111558872.groovy:39)


2020-11-11 23:20:00 - [TEST_STEP][PASSED] - sekarang = new java.util.Date(): null

2020-11-11 23:20:00 - [TEST_STEP][PASSED] - tgl = sekarang.format("yyyy-MM-dd"): null

2020-11-11 23:20:00 - [TEST_STEP][PASSED] - fullFlow = true: null

2020-11-11 23:20:00 - [TEST_STEP][PASSED] - strGlbDate = tgl: null

2020-11-11 23:20:00 - [TEST_STEP][PASSED] - strGlbStatus = "": null

2020-11-11 23:20:00 - [TEST_STEP][PASSED] - strGlbKeterangan = "": null

2020-11-11 23:20:00 - [TEST_STEP][PASSED] - strGlbCrash = false: null

2020-11-11 23:20:00 - [TEST_STEP][PASSED] - strGlbAlamat = false: null

2020-11-11 23:20:00 - [TEST_STEP][PASSED] - strGlbNomor = 1: null

2020-11-11 23:20:00 - [TEST_STEP][PASSED] - strGlbNumImage = 0: null

2020-11-11 23:20:00 - [TEST_STEP][PASSED] - runTime = StopWatch.createStarted(): null

2020-11-11 23:20:00 - [TEST_STEP][PASSED] - getLastRow = findTestData("dt-2/dt_APK").getRowNumbers(): null

2020-11-11 23:20:00 - [TEST_STEP][ERROR] - for (int excelRow : (1..getLastRow)): Invalid column name 'PTU RENDAH' for test data 'C:\ANDIKA\PROJECT\PS\DT PS\CompareLegacy\Temp_ExcelAPK.xlsx'. Possible values are '{NO,AKHIR TAHUN KE,USIA,TOTAL PREMI TAHUNAN,PREMI TOP UP TUNGGAL,BONUS ALOKASI INVESTASI,LOYALTY BONUS,PENARIKAN SEBAGIAN UNIT,PD RENDAH,PD SEDANG,PD TINGGI,PN RENDAH,PN SEDANG,PN TINGGI,PAT RENDAH,PAT SEDANG,PAT TINGGI,EXPECTED RESULT,ACTUAL RESULT,STATUS,KETERANGAN}'

2020-11-11 23:20:00 - [TEST_STEP][PASSED] - runTime.reset(): null

2020-11-11 23:20:00 - [TEST_STEP][PASSED] - runTime.start(): null

2020-11-11 23:20:00 - [TEST_STEP][PASSED] - dataCompareAPK2 = findTestData("dt-2/dt_APK"): null

2020-11-11 23:20:01 - [TEST_STEP][PASSED] - strNoAPK2 = dataCompareAPK2.getValue("NO", excelRow): null

2020-11-11 23:20:01 - [TEST_STEP][ERROR] - comparePS.ProposalASL2.ComparePS(strNoAPK2, excelRow): Invalid column name 'PTU RENDAH' for test data 'C:\ANDIKA\PROJECT\PS\DT PS\CompareLegacy\Temp_ExcelAPK.xlsx'. Possible values are '{NO,AKHIR TAHUN KE,USIA,TOTAL PREMI TAHUNAN,PREMI TOP UP TUNGGAL,BONUS ALOKASI INVESTASI,LOYALTY BONUS,PENARIKAN SEBAGIAN UNIT,PD RENDAH,PD SEDANG,PD TINGGI,PN RENDAH,PN SEDANG,PN TINGGI,PAT RENDAH,PAT SEDANG,PAT TINGGI,EXPECTED RESULT,ACTUAL RESULT,STATUS,KETERANGAN}'

2020-11-11 23:20:01 - [MESSAGE][ERROR] - Invalid column name 'PTU RENDAH' for test data 'C:\ANDIKA\PROJECT\PS\DT PS\CompareLegacy\Temp_ExcelAPK.xlsx'. Possible values are '{NO,AKHIR TAHUN KE,USIA,TOTAL PREMI TAHUNAN,PREMI TOP UP TUNGGAL,BONUS ALOKASI INVESTASI,LOYALTY BONUS,PENARIKAN SEBAGIAN UNIT,PD RENDAH,PD SEDANG,PD TINGGI,PN RENDAH,PN SEDANG,PN TINGGI,PAT RENDAH,PAT SEDANG,PAT TINGGI,EXPECTED RESULT,ACTUAL RESULT,STATUS,KETERANGAN}']]></system-out>
         <system-err><![CDATA[2020-11-11 23:19:59 - [TEST_CASE][ERROR] - Test Cases/ComparePS-2: Test Cases/ComparePS-2 FAILED.
Reason:
java.lang.IllegalArgumentException: Invalid column name 'PTU RENDAH' for test data 'C:\ANDIKA\PROJECT\PS\DT PS\CompareLegacy\Temp_ExcelAPK.xlsx'. Possible values are '{NO,AKHIR TAHUN KE,USIA,TOTAL PREMI TAHUNAN,PREMI TOP UP TUNGGAL,BONUS ALOKASI INVESTASI,LOYALTY BONUS,PENARIKAN SEBAGIAN UNIT,PD RENDAH,PD SEDANG,PD TINGGI,PN RENDAH,PN SEDANG,PN TINGGI,PAT RENDAH,PAT SEDANG,PAT TINGGI,EXPECTED RESULT,ACTUAL RESULT,STATUS,KETERANGAN}'
	at com.kms.katalon.core.testdata.AbstractTestData.verifyColumnName(AbstractTestData.java:78)
	at com.kms.katalon.core.testdata.AbstractTestData.getObjectValue(AbstractTestData.java:136)
	at com.kms.katalon.core.testdata.AbstractTestData.getValue(AbstractTestData.java:107)
	at com.kms.katalon.core.testdata.TestData$getValue$0.call(Unknown Source)
	at comparePS.ProposalASL2.ComparePS(ProposalASL2.groovy:72)
	at comparePS.ProposalASL2.invokeMethod(ProposalASL2.groovy)
	at com.kms.katalon.core.main.CustomKeywordDelegatingMetaClass.invokeStaticMethod(CustomKeywordDelegatingMetaClass.java:50)
	at ComparePS-2.run(ComparePS-2:121)
	at com.kms.katalon.core.main.ScriptEngine.run(ScriptEngine.java:194)
	at com.kms.katalon.core.main.ScriptEngine.runScriptAsRawText(ScriptEngine.java:119)
	at com.kms.katalon.core.main.TestCaseExecutor.runScript(TestCaseExecutor.java:339)
	at com.kms.katalon.core.main.TestCaseExecutor.doExecute(TestCaseExecutor.java:330)
	at com.kms.katalon.core.main.TestCaseExecutor.processExecutionPhase(TestCaseExecutor.java:309)
	at com.kms.katalon.core.main.TestCaseExecutor.accessMainPhase(TestCaseExecutor.java:301)
	at com.kms.katalon.core.main.TestCaseExecutor.execute(TestCaseExecutor.java:235)
	at com.kms.katalon.core.main.TestSuiteExecutor.accessTestCaseMainPhase(TestSuiteExecutor.java:191)
	at com.kms.katalon.core.main.TestSuiteExecutor.accessTestSuiteMainPhase(TestSuiteExecutor.java:141)
	at com.kms.katalon.core.main.TestSuiteExecutor.execute(TestSuiteExecutor.java:90)
	at com.kms.katalon.core.main.TestCaseMain.startTestSuite(TestCaseMain.java:157)
	at com.kms.katalon.core.main.TestCaseMain$startTestSuite$0.call(Unknown Source)
	at TempTestSuite1605111558872.run(TempTestSuite1605111558872.groovy:39)]]></system-err>
      </testcase>
      <testcase name="Test Cases/ComparePS-3" time="1.611" classname="Test Cases/ComparePS-3" status="ERROR">
         <error type="ERROR" message="Test Cases/ComparePS-3 FAILED.
Reason:
java.lang.IllegalArgumentException: Cannot find test data with id 'Data Files/dt_APK' because (of) 'java.lang.IllegalArgumentException: Test data with id 'Data Files/dt_APK' does not exist'
	at com.kms.katalon.core.testdata.TestDataFactory.findTestData(TestDataFactory.java:131)
	at com.kms.katalon.core.testdata.TestDataFactory$findTestData.callStatic(Unknown Source)
	at ComparePS-3.run(ComparePS-3:108)
	at com.kms.katalon.core.main.ScriptEngine.run(ScriptEngine.java:194)
	at com.kms.katalon.core.main.ScriptEngine.runScriptAsRawText(ScriptEngine.java:119)
	at com.kms.katalon.core.main.TestCaseExecutor.runScript(TestCaseExecutor.java:339)
	at com.kms.katalon.core.main.TestCaseExecutor.doExecute(TestCaseExecutor.java:330)
	at com.kms.katalon.core.main.TestCaseExecutor.processExecutionPhase(TestCaseExecutor.java:309)
	at com.kms.katalon.core.main.TestCaseExecutor.accessMainPhase(TestCaseExecutor.java:301)
	at com.kms.katalon.core.main.TestCaseExecutor.execute(TestCaseExecutor.java:235)
	at com.kms.katalon.core.main.TestSuiteExecutor.accessTestCaseMainPhase(TestSuiteExecutor.java:191)
	at com.kms.katalon.core.main.TestSuiteExecutor.accessTestSuiteMainPhase(TestSuiteExecutor.java:141)
	at com.kms.katalon.core.main.TestSuiteExecutor.execute(TestSuiteExecutor.java:90)
	at com.kms.katalon.core.main.TestCaseMain.startTestSuite(TestCaseMain.java:157)
	at com.kms.katalon.core.main.TestCaseMain$startTestSuite$0.call(Unknown Source)
	at TempTestSuite1605111558872.run(TempTestSuite1605111558872.groovy:39)
"/>
         <system-out><![CDATA[2020-11-11 23:20:01 - [TEST_CASE][ERROR] - Test Cases/ComparePS-3: Test Cases/ComparePS-3 FAILED.
Reason:
java.lang.IllegalArgumentException: Cannot find test data with id 'Data Files/dt_APK' because (of) 'java.lang.IllegalArgumentException: Test data with id 'Data Files/dt_APK' does not exist'
	at com.kms.katalon.core.testdata.TestDataFactory.findTestData(TestDataFactory.java:131)
	at com.kms.katalon.core.testdata.TestDataFactory$findTestData.callStatic(Unknown Source)
	at ComparePS-3.run(ComparePS-3:108)
	at com.kms.katalon.core.main.ScriptEngine.run(ScriptEngine.java:194)
	at com.kms.katalon.core.main.ScriptEngine.runScriptAsRawText(ScriptEngine.java:119)
	at com.kms.katalon.core.main.TestCaseExecutor.runScript(TestCaseExecutor.java:339)
	at com.kms.katalon.core.main.TestCaseExecutor.doExecute(TestCaseExecutor.java:330)
	at com.kms.katalon.core.main.TestCaseExecutor.processExecutionPhase(TestCaseExecutor.java:309)
	at com.kms.katalon.core.main.TestCaseExecutor.accessMainPhase(TestCaseExecutor.java:301)
	at com.kms.katalon.core.main.TestCaseExecutor.execute(TestCaseExecutor.java:235)
	at com.kms.katalon.core.main.TestSuiteExecutor.accessTestCaseMainPhase(TestSuiteExecutor.java:191)
	at com.kms.katalon.core.main.TestSuiteExecutor.accessTestSuiteMainPhase(TestSuiteExecutor.java:141)
	at com.kms.katalon.core.main.TestSuiteExecutor.execute(TestSuiteExecutor.java:90)
	at com.kms.katalon.core.main.TestCaseMain.startTestSuite(TestCaseMain.java:157)
	at com.kms.katalon.core.main.TestCaseMain$startTestSuite$0.call(Unknown Source)
	at TempTestSuite1605111558872.run(TempTestSuite1605111558872.groovy:39)


2020-11-11 23:20:02 - [TEST_STEP][PASSED] - sekarang = new java.util.Date(): null

2020-11-11 23:20:02 - [TEST_STEP][PASSED] - tgl = sekarang.format("yyyy-MM-dd"): null

2020-11-11 23:20:02 - [TEST_STEP][PASSED] - fullFlow = true: null

2020-11-11 23:20:02 - [TEST_STEP][PASSED] - strGlbDate = tgl: null

2020-11-11 23:20:02 - [TEST_STEP][PASSED] - strGlbStatus = "": null

2020-11-11 23:20:02 - [TEST_STEP][PASSED] - strGlbKeterangan = "": null

2020-11-11 23:20:02 - [TEST_STEP][PASSED] - strGlbCrash = false: null

2020-11-11 23:20:02 - [TEST_STEP][PASSED] - strGlbAlamat = false: null

2020-11-11 23:20:02 - [TEST_STEP][PASSED] - strGlbNomor = 1: null

2020-11-11 23:20:02 - [TEST_STEP][PASSED] - strGlbNumImage = 0: null

2020-11-11 23:20:02 - [TEST_STEP][PASSED] - runTime = StopWatch.createStarted(): null

2020-11-11 23:20:02 - [TEST_STEP][PASSED] - getLastRow = findTestData("dt_APK").getRowNumbers(): null]]></system-out>
         <system-err><![CDATA[2020-11-11 23:20:01 - [TEST_CASE][ERROR] - Test Cases/ComparePS-3: Test Cases/ComparePS-3 FAILED.
Reason:
java.lang.IllegalArgumentException: Cannot find test data with id 'Data Files/dt_APK' because (of) 'java.lang.IllegalArgumentException: Test data with id 'Data Files/dt_APK' does not exist'
	at com.kms.katalon.core.testdata.TestDataFactory.findTestData(TestDataFactory.java:131)
	at com.kms.katalon.core.testdata.TestDataFactory$findTestData.callStatic(Unknown Source)
	at ComparePS-3.run(ComparePS-3:108)
	at com.kms.katalon.core.main.ScriptEngine.run(ScriptEngine.java:194)
	at com.kms.katalon.core.main.ScriptEngine.runScriptAsRawText(ScriptEngine.java:119)
	at com.kms.katalon.core.main.TestCaseExecutor.runScript(TestCaseExecutor.java:339)
	at com.kms.katalon.core.main.TestCaseExecutor.doExecute(TestCaseExecutor.java:330)
	at com.kms.katalon.core.main.TestCaseExecutor.processExecutionPhase(TestCaseExecutor.java:309)
	at com.kms.katalon.core.main.TestCaseExecutor.accessMainPhase(TestCaseExecutor.java:301)
	at com.kms.katalon.core.main.TestCaseExecutor.execute(TestCaseExecutor.java:235)
	at com.kms.katalon.core.main.TestSuiteExecutor.accessTestCaseMainPhase(TestSuiteExecutor.java:191)
	at com.kms.katalon.core.main.TestSuiteExecutor.accessTestSuiteMainPhase(TestSuiteExecutor.java:141)
	at com.kms.katalon.core.main.TestSuiteExecutor.execute(TestSuiteExecutor.java:90)
	at com.kms.katalon.core.main.TestCaseMain.startTestSuite(TestCaseMain.java:157)
	at com.kms.katalon.core.main.TestCaseMain$startTestSuite$0.call(Unknown Source)
	at TempTestSuite1605111558872.run(TempTestSuite1605111558872.groovy:39)]]></system-err>
      </testcase>
      <system-out><![CDATA[2020-11-11 23:19:27 - [TEST_SUITE][ERROR] - ComparePS: Test Cases/ComparePS-2 FAILED.
Reason:
java.lang.IllegalArgumentException: Invalid column name 'PTU RENDAH' for test data 'C:\ANDIKA\PROJECT\PS\DT PS\CompareLegacy\Temp_ExcelAPK.xlsx'. Possible values are '{NO,AKHIR TAHUN KE,USIA,TOTAL PREMI TAHUNAN,PREMI TOP UP TUNGGAL,BONUS ALOKASI INVESTASI,LOYALTY BONUS,PENARIKAN SEBAGIAN UNIT,PD RENDAH,PD SEDANG,PD TINGGI,PN RENDAH,PN SEDANG,PN TINGGI,PAT RENDAH,PAT SEDANG,PAT TINGGI,EXPECTED RESULT,ACTUAL RESULT,STATUS,KETERANGAN}'
	at com.kms.katalon.core.testdata.AbstractTestData.verifyColumnName(AbstractTestData.java:78)
	at com.kms.katalon.core.testdata.AbstractTestData.getObjectValue(AbstractTestData.java:136)
	at com.kms.katalon.core.testdata.AbstractTestData.getValue(AbstractTestData.java:107)
	at com.kms.katalon.core.testdata.TestData$getValue$0.call(Unknown Source)
	at comparePS.ProposalASL2.ComparePS(ProposalASL2.groovy:72)
	at comparePS.ProposalASL2.invokeMethod(ProposalASL2.groovy)
	at com.kms.katalon.core.main.CustomKeywordDelegatingMetaClass.invokeStaticMethod(CustomKeywordDelegatingMetaClass.java:50)
	at ComparePS-2.run(ComparePS-2:121)
	at com.kms.katalon.core.main.ScriptEngine.run(ScriptEngine.java:194)
	at com.kms.katalon.core.main.ScriptEngine.runScriptAsRawText(ScriptEngine.java:119)
	at com.kms.katalon.core.main.TestCaseExecutor.runScript(TestCaseExecutor.java:339)
	at com.kms.katalon.core.main.TestCaseExecutor.doExecute(TestCaseExecutor.java:330)
	at com.kms.katalon.core.main.TestCaseExecutor.processExecutionPhase(TestCaseExecutor.java:309)
	at com.kms.katalon.core.main.TestCaseExecutor.accessMainPhase(TestCaseExecutor.java:301)
	at com.kms.katalon.core.main.TestCaseExecutor.execute(TestCaseExecutor.java:235)
	at com.kms.katalon.core.main.TestSuiteExecutor.accessTestCaseMainPhase(TestSuiteExecutor.java:191)
	at com.kms.katalon.core.main.TestSuiteExecutor.accessTestSuiteMainPhase(TestSuiteExecutor.java:141)
	at com.kms.katalon.core.main.TestSuiteExecutor.execute(TestSuiteExecutor.java:90)
	at com.kms.katalon.core.main.TestCaseMain.startTestSuite(TestCaseMain.java:157)
	at com.kms.katalon.core.main.TestCaseMain$startTestSuite$0.call(Unknown Source)
	at TempTestSuite1605111558872.run(TempTestSuite1605111558872.groovy:39)]]></system-out>
      <system-err><![CDATA[2020-11-11 23:19:27 - [TEST_SUITE][ERROR] - ComparePS: Test Cases/ComparePS-2 FAILED.
Reason:
java.lang.IllegalArgumentException: Invalid column name 'PTU RENDAH' for test data 'C:\ANDIKA\PROJECT\PS\DT PS\CompareLegacy\Temp_ExcelAPK.xlsx'. Possible values are '{NO,AKHIR TAHUN KE,USIA,TOTAL PREMI TAHUNAN,PREMI TOP UP TUNGGAL,BONUS ALOKASI INVESTASI,LOYALTY BONUS,PENARIKAN SEBAGIAN UNIT,PD RENDAH,PD SEDANG,PD TINGGI,PN RENDAH,PN SEDANG,PN TINGGI,PAT RENDAH,PAT SEDANG,PAT TINGGI,EXPECTED RESULT,ACTUAL RESULT,STATUS,KETERANGAN}'
	at com.kms.katalon.core.testdata.AbstractTestData.verifyColumnName(AbstractTestData.java:78)
	at com.kms.katalon.core.testdata.AbstractTestData.getObjectValue(AbstractTestData.java:136)
	at com.kms.katalon.core.testdata.AbstractTestData.getValue(AbstractTestData.java:107)
	at com.kms.katalon.core.testdata.TestData$getValue$0.call(Unknown Source)
	at comparePS.ProposalASL2.ComparePS(ProposalASL2.groovy:72)
	at comparePS.ProposalASL2.invokeMethod(ProposalASL2.groovy)
	at com.kms.katalon.core.main.CustomKeywordDelegatingMetaClass.invokeStaticMethod(CustomKeywordDelegatingMetaClass.java:50)
	at ComparePS-2.run(ComparePS-2:121)
	at com.kms.katalon.core.main.ScriptEngine.run(ScriptEngine.java:194)
	at com.kms.katalon.core.main.ScriptEngine.runScriptAsRawText(ScriptEngine.java:119)
	at com.kms.katalon.core.main.TestCaseExecutor.runScript(TestCaseExecutor.java:339)
	at com.kms.katalon.core.main.TestCaseExecutor.doExecute(TestCaseExecutor.java:330)
	at com.kms.katalon.core.main.TestCaseExecutor.processExecutionPhase(TestCaseExecutor.java:309)
	at com.kms.katalon.core.main.TestCaseExecutor.accessMainPhase(TestCaseExecutor.java:301)
	at com.kms.katalon.core.main.TestCaseExecutor.execute(TestCaseExecutor.java:235)
	at com.kms.katalon.core.main.TestSuiteExecutor.accessTestCaseMainPhase(TestSuiteExecutor.java:191)
	at com.kms.katalon.core.main.TestSuiteExecutor.accessTestSuiteMainPhase(TestSuiteExecutor.java:141)
	at com.kms.katalon.core.main.TestSuiteExecutor.execute(TestSuiteExecutor.java:90)
	at com.kms.katalon.core.main.TestCaseMain.startTestSuite(TestCaseMain.java:157)
	at com.kms.katalon.core.main.TestCaseMain$startTestSuite$0.call(Unknown Source)
	at TempTestSuite1605111558872.run(TempTestSuite1605111558872.groovy:39)]]></system-err>
   </testsuite>
</testsuites>
