<?xml version="1.0" encoding="UTF-8"?>
<testsuites name="ComparePS" time="78.391" tests="3" failures="0" errors="0">
   <testsuite name="ComparePS" tests="3" failures="0" errors="0" time="78.391" timestamp="2020-11-11 23:25:56" hostname="Andika - DESKTOP-MGEQHS0" id="Test Suites/ComparePS">
      <properties>
         <property name="deviceName" value=""/>
         <property name="devicePlatform" value=""/>
         <property name="logFolder" value="C:\\Users\\Andika\\Katalon Studio\\ComparePS\\Reports\\20201111_232548\\ComparePS\\20201111_232548"/>
         <property name="logFiles" value="C:\\Users\\Andika\\Katalon Studio\\ComparePS\\Reports\\20201111_232548\\ComparePS\\20201111_232548\\execution0.log"/>
         <property name="attachments" value=""/>
         <property name="hostName" value="Andika - DESKTOP-MGEQHS0"/>
         <property name="hostAddress" value="192.168.0.15"/>
         <property name="os" value="Windows 10 64bit"/>
         <property name="katalonVersion" value="7.7.2.205"/>
      </properties>
      <testcase name="Test Cases/ComparePS-1" time="31.335" classname="Test Cases/ComparePS-1" status="PASSED">
         <system-out><![CDATA[2020-11-11 23:25:57 - [TEST_CASE][PASSED] - Test Cases/ComparePS-1: Test Cases/ComparePS-1

2020-11-11 23:25:58 - [TEST_STEP][PASSED] - sekarang = new java.util.Date(): null

2020-11-11 23:25:58 - [TEST_STEP][PASSED] - tgl = sekarang.format("yyyy-MM-dd"): null

2020-11-11 23:25:58 - [TEST_STEP][PASSED] - fullFlow = true: null

2020-11-11 23:25:58 - [TEST_STEP][PASSED] - strGlbDate = tgl: null

2020-11-11 23:25:58 - [TEST_STEP][PASSED] - strGlbCrash = false: null

2020-11-11 23:25:58 - [TEST_STEP][PASSED] - strGlbAlamat = false: null

2020-11-11 23:25:58 - [TEST_STEP][PASSED] - strGlbNomor = 1: null

2020-11-11 23:25:58 - [TEST_STEP][PASSED] - strGlbNumImage = 0: null

2020-11-11 23:25:58 - [TEST_STEP][PASSED] - runTime = StopWatch.createStarted(): null

2020-11-11 23:25:58 - [TEST_STEP][PASSED] - getLastRow = findTestData("dt-1/dt_APK").getRowNumbers(): null

2020-11-11 23:26:00 - [TEST_STEP][PASSED] - for (int excelRow : (1..getLastRow)): comparePS.KeywordPS.callStatus is PASSED

2020-11-11 23:26:00 - [TEST_STEP][PASSED] - strGlbStatus = "": null

2020-11-11 23:26:00 - [TEST_STEP][PASSED] - strGlbKeterangan = "": null

2020-11-11 23:26:00 - [TEST_STEP][PASSED] - runTime.reset(): null

2020-11-11 23:26:00 - [TEST_STEP][PASSED] - runTime.start(): null

2020-11-11 23:26:00 - [TEST_STEP][PASSED] - dataCompareAPK = findTestData("dt-1/dt_APK"): null

2020-11-11 23:26:00 - [TEST_STEP][PASSED] - strNoAPK = dataCompareAPK.getValue("NO", excelRow): null

2020-11-11 23:26:00 - [TEST_STEP][PASSED] - comparePS.ProposalASL1.ComparePS(strNoAPK, excelRow): comparePS.ProposalASL1.ComparePS is PASSED

2020-11-11 23:26:01 - [MESSAGE][PASSED] - comparePS.ProposalASL1.ComparePS is PASSED

2020-11-11 23:26:01 - [TEST_STEP][PASSED] - comparePS.KeywordPS.callStatus(strNoAPK, "sheetAPK1", 17): comparePS.KeywordPS.callStatus is PASSED

2020-11-11 23:26:01 - [MESSAGE][PASSED] - comparePS.KeywordPS.callStatus is PASSED

2020-11-11 23:26:01 - [TEST_STEP][PASSED] - strGlbStatus = "": null

2020-11-11 23:26:01 - [TEST_STEP][PASSED] - strGlbKeterangan = "": null

2020-11-11 23:26:01 - [TEST_STEP][PASSED] - runTime.reset(): null

2020-11-11 23:26:01 - [TEST_STEP][PASSED] - runTime.start(): null

2020-11-11 23:26:01 - [TEST_STEP][PASSED] - dataCompareAPK = findTestData("dt-1/dt_APK"): null

2020-11-11 23:26:02 - [TEST_STEP][PASSED] - strNoAPK = dataCompareAPK.getValue("NO", excelRow): null

2020-11-11 23:26:02 - [TEST_STEP][PASSED] - comparePS.ProposalASL1.ComparePS(strNoAPK, excelRow): comparePS.ProposalASL1.ComparePS is PASSED

2020-11-11 23:26:02 - [MESSAGE][PASSED] - comparePS.ProposalASL1.ComparePS is PASSED

2020-11-11 23:26:02 - [TEST_STEP][PASSED] - comparePS.KeywordPS.callStatus(strNoAPK, "sheetAPK1", 17): comparePS.KeywordPS.callStatus is PASSED

2020-11-11 23:26:03 - [MESSAGE][PASSED] - comparePS.KeywordPS.callStatus is PASSED

2020-11-11 23:26:03 - [TEST_STEP][PASSED] - strGlbStatus = "": null

2020-11-11 23:26:03 - [TEST_STEP][PASSED] - strGlbKeterangan = "": null

2020-11-11 23:26:03 - [TEST_STEP][PASSED] - runTime.reset(): null

2020-11-11 23:26:03 - [TEST_STEP][PASSED] - runTime.start(): null

2020-11-11 23:26:03 - [TEST_STEP][PASSED] - dataCompareAPK = findTestData("dt-1/dt_APK"): null

2020-11-11 23:26:03 - [TEST_STEP][PASSED] - strNoAPK = dataCompareAPK.getValue("NO", excelRow): null

2020-11-11 23:26:03 - [TEST_STEP][PASSED] - comparePS.ProposalASL1.ComparePS(strNoAPK, excelRow): comparePS.ProposalASL1.ComparePS is PASSED

2020-11-11 23:26:03 - [MESSAGE][PASSED] - comparePS.ProposalASL1.ComparePS is PASSED

2020-11-11 23:26:03 - [TEST_STEP][PASSED] - comparePS.KeywordPS.callStatus(strNoAPK, "sheetAPK1", 17): comparePS.KeywordPS.callStatus is PASSED

2020-11-11 23:26:03 - [MESSAGE][PASSED] - comparePS.KeywordPS.callStatus is PASSED

2020-11-11 23:26:03 - [TEST_STEP][PASSED] - strGlbStatus = "": null

2020-11-11 23:26:03 - [TEST_STEP][PASSED] - strGlbKeterangan = "": null

2020-11-11 23:26:03 - [TEST_STEP][PASSED] - runTime.reset(): null

2020-11-11 23:26:03 - [TEST_STEP][PASSED] - runTime.start(): null

2020-11-11 23:26:03 - [TEST_STEP][PASSED] - dataCompareAPK = findTestData("dt-1/dt_APK"): null

2020-11-11 23:26:04 - [TEST_STEP][PASSED] - strNoAPK = dataCompareAPK.getValue("NO", excelRow): null

2020-11-11 23:26:04 - [TEST_STEP][PASSED] - comparePS.ProposalASL1.ComparePS(strNoAPK, excelRow): comparePS.ProposalASL1.ComparePS is PASSED

2020-11-11 23:26:04 - [MESSAGE][PASSED] - comparePS.ProposalASL1.ComparePS is PASSED

2020-11-11 23:26:04 - [TEST_STEP][PASSED] - comparePS.KeywordPS.callStatus(strNoAPK, "sheetAPK1", 17): comparePS.KeywordPS.callStatus is PASSED

2020-11-11 23:26:04 - [MESSAGE][PASSED] - comparePS.KeywordPS.callStatus is PASSED

2020-11-11 23:26:04 - [TEST_STEP][PASSED] - strGlbStatus = "": null

2020-11-11 23:26:04 - [TEST_STEP][PASSED] - strGlbKeterangan = "": null

2020-11-11 23:26:04 - [TEST_STEP][PASSED] - runTime.reset(): null

2020-11-11 23:26:04 - [TEST_STEP][PASSED] - runTime.start(): null

2020-11-11 23:26:04 - [TEST_STEP][PASSED] - dataCompareAPK = findTestData("dt-1/dt_APK"): null

2020-11-11 23:26:04 - [TEST_STEP][PASSED] - strNoAPK = dataCompareAPK.getValue("NO", excelRow): null

2020-11-11 23:26:04 - [TEST_STEP][PASSED] - comparePS.ProposalASL1.ComparePS(strNoAPK, excelRow): comparePS.ProposalASL1.ComparePS is PASSED

2020-11-11 23:26:04 - [MESSAGE][PASSED] - comparePS.ProposalASL1.ComparePS is PASSED

2020-11-11 23:26:04 - [TEST_STEP][PASSED] - comparePS.KeywordPS.callStatus(strNoAPK, "sheetAPK1", 17): comparePS.KeywordPS.callStatus is PASSED

2020-11-11 23:26:05 - [MESSAGE][PASSED] - comparePS.KeywordPS.callStatus is PASSED

2020-11-11 23:26:05 - [TEST_STEP][PASSED] - strGlbStatus = "": null

2020-11-11 23:26:05 - [TEST_STEP][PASSED] - strGlbKeterangan = "": null

2020-11-11 23:26:05 - [TEST_STEP][PASSED] - runTime.reset(): null

2020-11-11 23:26:05 - [TEST_STEP][PASSED] - runTime.start(): null

2020-11-11 23:26:05 - [TEST_STEP][PASSED] - dataCompareAPK = findTestData("dt-1/dt_APK"): null

2020-11-11 23:26:05 - [TEST_STEP][PASSED] - strNoAPK = dataCompareAPK.getValue("NO", excelRow): null

2020-11-11 23:26:05 - [TEST_STEP][PASSED] - comparePS.ProposalASL1.ComparePS(strNoAPK, excelRow): comparePS.ProposalASL1.ComparePS is PASSED

2020-11-11 23:26:05 - [MESSAGE][PASSED] - comparePS.ProposalASL1.ComparePS is PASSED

2020-11-11 23:26:05 - [TEST_STEP][PASSED] - comparePS.KeywordPS.callStatus(strNoAPK, "sheetAPK1", 17): comparePS.KeywordPS.callStatus is PASSED

2020-11-11 23:26:05 - [MESSAGE][PASSED] - comparePS.KeywordPS.callStatus is PASSED

2020-11-11 23:26:05 - [TEST_STEP][PASSED] - strGlbStatus = "": null

2020-11-11 23:26:05 - [TEST_STEP][PASSED] - strGlbKeterangan = "": null

2020-11-11 23:26:05 - [TEST_STEP][PASSED] - runTime.reset(): null

2020-11-11 23:26:05 - [TEST_STEP][PASSED] - runTime.start(): null

2020-11-11 23:26:05 - [TEST_STEP][PASSED] - dataCompareAPK = findTestData("dt-1/dt_APK"): null

2020-11-11 23:26:05 - [TEST_STEP][PASSED] - strNoAPK = dataCompareAPK.getValue("NO", excelRow): null

2020-11-11 23:26:05 - [TEST_STEP][PASSED] - comparePS.ProposalASL1.ComparePS(strNoAPK, excelRow): comparePS.ProposalASL1.ComparePS is PASSED

2020-11-11 23:26:06 - [MESSAGE][PASSED] - comparePS.ProposalASL1.ComparePS is PASSED

2020-11-11 23:26:06 - [TEST_STEP][PASSED] - comparePS.KeywordPS.callStatus(strNoAPK, "sheetAPK1", 17): comparePS.KeywordPS.callStatus is PASSED

2020-11-11 23:26:06 - [MESSAGE][PASSED] - comparePS.KeywordPS.callStatus is PASSED

2020-11-11 23:26:06 - [TEST_STEP][PASSED] - strGlbStatus = "": null

2020-11-11 23:26:06 - [TEST_STEP][PASSED] - strGlbKeterangan = "": null

2020-11-11 23:26:06 - [TEST_STEP][PASSED] - runTime.reset(): null

2020-11-11 23:26:06 - [TEST_STEP][PASSED] - runTime.start(): null

2020-11-11 23:26:06 - [TEST_STEP][PASSED] - dataCompareAPK = findTestData("dt-1/dt_APK"): null

2020-11-11 23:26:06 - [TEST_STEP][PASSED] - strNoAPK = dataCompareAPK.getValue("NO", excelRow): null

2020-11-11 23:26:06 - [TEST_STEP][PASSED] - comparePS.ProposalASL1.ComparePS(strNoAPK, excelRow): comparePS.ProposalASL1.ComparePS is PASSED

2020-11-11 23:26:06 - [MESSAGE][PASSED] - comparePS.ProposalASL1.ComparePS is PASSED

2020-11-11 23:26:06 - [TEST_STEP][PASSED] - comparePS.KeywordPS.callStatus(strNoAPK, "sheetAPK1", 17): comparePS.KeywordPS.callStatus is PASSED

2020-11-11 23:26:06 - [MESSAGE][PASSED] - comparePS.KeywordPS.callStatus is PASSED

2020-11-11 23:26:06 - [TEST_STEP][PASSED] - strGlbStatus = "": null

2020-11-11 23:26:06 - [TEST_STEP][PASSED] - strGlbKeterangan = "": null

2020-11-11 23:26:06 - [TEST_STEP][PASSED] - runTime.reset(): null

2020-11-11 23:26:06 - [TEST_STEP][PASSED] - runTime.start(): null

2020-11-11 23:26:06 - [TEST_STEP][PASSED] - dataCompareAPK = findTestData("dt-1/dt_APK"): null

2020-11-11 23:26:06 - [TEST_STEP][PASSED] - strNoAPK = dataCompareAPK.getValue("NO", excelRow): null

2020-11-11 23:26:06 - [TEST_STEP][PASSED] - comparePS.ProposalASL1.ComparePS(strNoAPK, excelRow): comparePS.ProposalASL1.ComparePS is PASSED

2020-11-11 23:26:06 - [MESSAGE][PASSED] - comparePS.ProposalASL1.ComparePS is PASSED

2020-11-11 23:26:06 - [TEST_STEP][PASSED] - comparePS.KeywordPS.callStatus(strNoAPK, "sheetAPK1", 17): comparePS.KeywordPS.callStatus is PASSED

2020-11-11 23:26:07 - [MESSAGE][PASSED] - comparePS.KeywordPS.callStatus is PASSED

2020-11-11 23:26:07 - [TEST_STEP][PASSED] - strGlbStatus = "": null

2020-11-11 23:26:07 - [TEST_STEP][PASSED] - strGlbKeterangan = "": null

2020-11-11 23:26:07 - [TEST_STEP][PASSED] - runTime.reset(): null

2020-11-11 23:26:07 - [TEST_STEP][PASSED] - runTime.start(): null

2020-11-11 23:26:07 - [TEST_STEP][PASSED] - dataCompareAPK = findTestData("dt-1/dt_APK"): null

2020-11-11 23:26:07 - [TEST_STEP][PASSED] - strNoAPK = dataCompareAPK.getValue("NO", excelRow): null

2020-11-11 23:26:07 - [TEST_STEP][PASSED] - comparePS.ProposalASL1.ComparePS(strNoAPK, excelRow): comparePS.ProposalASL1.ComparePS is PASSED

2020-11-11 23:26:07 - [MESSAGE][PASSED] - comparePS.ProposalASL1.ComparePS is PASSED

2020-11-11 23:26:07 - [TEST_STEP][PASSED] - comparePS.KeywordPS.callStatus(strNoAPK, "sheetAPK1", 17): comparePS.KeywordPS.callStatus is PASSED

2020-11-11 23:26:07 - [MESSAGE][PASSED] - comparePS.KeywordPS.callStatus is PASSED

2020-11-11 23:26:07 - [TEST_STEP][PASSED] - strGlbStatus = "": null

2020-11-11 23:26:07 - [TEST_STEP][PASSED] - strGlbKeterangan = "": null

2020-11-11 23:26:07 - [TEST_STEP][PASSED] - runTime.reset(): null

2020-11-11 23:26:07 - [TEST_STEP][PASSED] - runTime.start(): null

2020-11-11 23:26:07 - [TEST_STEP][PASSED] - dataCompareAPK = findTestData("dt-1/dt_APK"): null

2020-11-11 23:26:07 - [TEST_STEP][PASSED] - strNoAPK = dataCompareAPK.getValue("NO", excelRow): null

2020-11-11 23:26:07 - [TEST_STEP][PASSED] - comparePS.ProposalASL1.ComparePS(strNoAPK, excelRow): comparePS.ProposalASL1.ComparePS is PASSED

2020-11-11 23:26:07 - [MESSAGE][PASSED] - comparePS.ProposalASL1.ComparePS is PASSED

2020-11-11 23:26:07 - [TEST_STEP][PASSED] - comparePS.KeywordPS.callStatus(strNoAPK, "sheetAPK1", 17): comparePS.KeywordPS.callStatus is PASSED

2020-11-11 23:26:07 - [MESSAGE][PASSED] - comparePS.KeywordPS.callStatus is PASSED

2020-11-11 23:26:07 - [TEST_STEP][PASSED] - strGlbStatus = "": null

2020-11-11 23:26:07 - [TEST_STEP][PASSED] - strGlbKeterangan = "": null

2020-11-11 23:26:07 - [TEST_STEP][PASSED] - runTime.reset(): null

2020-11-11 23:26:07 - [TEST_STEP][PASSED] - runTime.start(): null

2020-11-11 23:26:07 - [TEST_STEP][PASSED] - dataCompareAPK = findTestData("dt-1/dt_APK"): null

2020-11-11 23:26:08 - [TEST_STEP][PASSED] - strNoAPK = dataCompareAPK.getValue("NO", excelRow): null

2020-11-11 23:26:08 - [TEST_STEP][PASSED] - comparePS.ProposalASL1.ComparePS(strNoAPK, excelRow): comparePS.ProposalASL1.ComparePS is PASSED

2020-11-11 23:26:08 - [MESSAGE][PASSED] - comparePS.ProposalASL1.ComparePS is PASSED

2020-11-11 23:26:08 - [TEST_STEP][PASSED] - comparePS.KeywordPS.callStatus(strNoAPK, "sheetAPK1", 17): comparePS.KeywordPS.callStatus is PASSED

2020-11-11 23:26:08 - [MESSAGE][PASSED] - comparePS.KeywordPS.callStatus is PASSED

2020-11-11 23:26:08 - [TEST_STEP][PASSED] - strGlbStatus = "": null

2020-11-11 23:26:08 - [TEST_STEP][PASSED] - strGlbKeterangan = "": null

2020-11-11 23:26:08 - [TEST_STEP][PASSED] - runTime.reset(): null

2020-11-11 23:26:08 - [TEST_STEP][PASSED] - runTime.start(): null

2020-11-11 23:26:08 - [TEST_STEP][PASSED] - dataCompareAPK = findTestData("dt-1/dt_APK"): null

2020-11-11 23:26:08 - [TEST_STEP][PASSED] - strNoAPK = dataCompareAPK.getValue("NO", excelRow): null

2020-11-11 23:26:08 - [TEST_STEP][PASSED] - comparePS.ProposalASL1.ComparePS(strNoAPK, excelRow): comparePS.ProposalASL1.ComparePS is PASSED

2020-11-11 23:26:08 - [MESSAGE][PASSED] - comparePS.ProposalASL1.ComparePS is PASSED

2020-11-11 23:26:08 - [TEST_STEP][PASSED] - comparePS.KeywordPS.callStatus(strNoAPK, "sheetAPK1", 17): comparePS.KeywordPS.callStatus is PASSED

2020-11-11 23:26:08 - [MESSAGE][PASSED] - comparePS.KeywordPS.callStatus is PASSED

2020-11-11 23:26:08 - [TEST_STEP][PASSED] - strGlbStatus = "": null

2020-11-11 23:26:08 - [TEST_STEP][PASSED] - strGlbKeterangan = "": null

2020-11-11 23:26:08 - [TEST_STEP][PASSED] - runTime.reset(): null

2020-11-11 23:26:08 - [TEST_STEP][PASSED] - runTime.start(): null

2020-11-11 23:26:08 - [TEST_STEP][PASSED] - dataCompareAPK = findTestData("dt-1/dt_APK"): null

2020-11-11 23:26:08 - [TEST_STEP][PASSED] - strNoAPK = dataCompareAPK.getValue("NO", excelRow): null

2020-11-11 23:26:08 - [TEST_STEP][PASSED] - comparePS.ProposalASL1.ComparePS(strNoAPK, excelRow): comparePS.ProposalASL1.ComparePS is PASSED

2020-11-11 23:26:08 - [MESSAGE][PASSED] - comparePS.ProposalASL1.ComparePS is PASSED

2020-11-11 23:26:08 - [TEST_STEP][PASSED] - comparePS.KeywordPS.callStatus(strNoAPK, "sheetAPK1", 17): comparePS.KeywordPS.callStatus is PASSED

2020-11-11 23:26:09 - [MESSAGE][PASSED] - comparePS.KeywordPS.callStatus is PASSED

2020-11-11 23:26:09 - [TEST_STEP][PASSED] - strGlbStatus = "": null

2020-11-11 23:26:09 - [TEST_STEP][PASSED] - strGlbKeterangan = "": null

2020-11-11 23:26:09 - [TEST_STEP][PASSED] - runTime.reset(): null

2020-11-11 23:26:09 - [TEST_STEP][PASSED] - runTime.start(): null

2020-11-11 23:26:09 - [TEST_STEP][PASSED] - dataCompareAPK = findTestData("dt-1/dt_APK"): null

2020-11-11 23:26:09 - [TEST_STEP][PASSED] - strNoAPK = dataCompareAPK.getValue("NO", excelRow): null

2020-11-11 23:26:09 - [TEST_STEP][PASSED] - comparePS.ProposalASL1.ComparePS(strNoAPK, excelRow): comparePS.ProposalASL1.ComparePS is PASSED

2020-11-11 23:26:09 - [MESSAGE][PASSED] - comparePS.ProposalASL1.ComparePS is PASSED

2020-11-11 23:26:09 - [TEST_STEP][PASSED] - comparePS.KeywordPS.callStatus(strNoAPK, "sheetAPK1", 17): comparePS.KeywordPS.callStatus is PASSED

2020-11-11 23:26:09 - [MESSAGE][PASSED] - comparePS.KeywordPS.callStatus is PASSED

2020-11-11 23:26:09 - [TEST_STEP][PASSED] - strGlbStatus = "": null

2020-11-11 23:26:09 - [TEST_STEP][PASSED] - strGlbKeterangan = "": null

2020-11-11 23:26:09 - [TEST_STEP][PASSED] - runTime.reset(): null

2020-11-11 23:26:09 - [TEST_STEP][PASSED] - runTime.start(): null

2020-11-11 23:26:09 - [TEST_STEP][PASSED] - dataCompareAPK = findTestData("dt-1/dt_APK"): null

2020-11-11 23:26:09 - [TEST_STEP][PASSED] - strNoAPK = dataCompareAPK.getValue("NO", excelRow): null

2020-11-11 23:26:09 - [TEST_STEP][PASSED] - comparePS.ProposalASL1.ComparePS(strNoAPK, excelRow): comparePS.ProposalASL1.ComparePS is PASSED

2020-11-11 23:26:09 - [MESSAGE][PASSED] - comparePS.ProposalASL1.ComparePS is PASSED

2020-11-11 23:26:09 - [TEST_STEP][PASSED] - comparePS.KeywordPS.callStatus(strNoAPK, "sheetAPK1", 17): comparePS.KeywordPS.callStatus is PASSED

2020-11-11 23:26:09 - [MESSAGE][PASSED] - comparePS.KeywordPS.callStatus is PASSED

2020-11-11 23:26:09 - [TEST_STEP][PASSED] - strGlbStatus = "": null

2020-11-11 23:26:09 - [TEST_STEP][PASSED] - strGlbKeterangan = "": null

2020-11-11 23:26:09 - [TEST_STEP][PASSED] - runTime.reset(): null

2020-11-11 23:26:09 - [TEST_STEP][PASSED] - runTime.start(): null

2020-11-11 23:26:09 - [TEST_STEP][PASSED] - dataCompareAPK = findTestData("dt-1/dt_APK"): null

2020-11-11 23:26:10 - [TEST_STEP][PASSED] - strNoAPK = dataCompareAPK.getValue("NO", excelRow): null

2020-11-11 23:26:10 - [TEST_STEP][PASSED] - comparePS.ProposalASL1.ComparePS(strNoAPK, excelRow): comparePS.ProposalASL1.ComparePS is PASSED

2020-11-11 23:26:10 - [MESSAGE][PASSED] - comparePS.ProposalASL1.ComparePS is PASSED

2020-11-11 23:26:10 - [TEST_STEP][PASSED] - comparePS.KeywordPS.callStatus(strNoAPK, "sheetAPK1", 17): comparePS.KeywordPS.callStatus is PASSED

2020-11-11 23:26:10 - [MESSAGE][PASSED] - comparePS.KeywordPS.callStatus is PASSED

2020-11-11 23:26:10 - [TEST_STEP][PASSED] - strGlbStatus = "": null

2020-11-11 23:26:10 - [TEST_STEP][PASSED] - strGlbKeterangan = "": null

2020-11-11 23:26:10 - [TEST_STEP][PASSED] - runTime.reset(): null

2020-11-11 23:26:10 - [TEST_STEP][PASSED] - runTime.start(): null

2020-11-11 23:26:10 - [TEST_STEP][PASSED] - dataCompareAPK = findTestData("dt-1/dt_APK"): null

2020-11-11 23:26:10 - [TEST_STEP][PASSED] - strNoAPK = dataCompareAPK.getValue("NO", excelRow): null

2020-11-11 23:26:10 - [TEST_STEP][PASSED] - comparePS.ProposalASL1.ComparePS(strNoAPK, excelRow): comparePS.ProposalASL1.ComparePS is PASSED

2020-11-11 23:26:10 - [MESSAGE][PASSED] - comparePS.ProposalASL1.ComparePS is PASSED

2020-11-11 23:26:10 - [TEST_STEP][PASSED] - comparePS.KeywordPS.callStatus(strNoAPK, "sheetAPK1", 17): comparePS.KeywordPS.callStatus is PASSED

2020-11-11 23:26:10 - [MESSAGE][PASSED] - comparePS.KeywordPS.callStatus is PASSED

2020-11-11 23:26:10 - [TEST_STEP][PASSED] - strGlbStatus = "": null

2020-11-11 23:26:10 - [TEST_STEP][PASSED] - strGlbKeterangan = "": null

2020-11-11 23:26:10 - [TEST_STEP][PASSED] - runTime.reset(): null

2020-11-11 23:26:10 - [TEST_STEP][PASSED] - runTime.start(): null

2020-11-11 23:26:10 - [TEST_STEP][PASSED] - dataCompareAPK = findTestData("dt-1/dt_APK"): null

2020-11-11 23:26:10 - [TEST_STEP][PASSED] - strNoAPK = dataCompareAPK.getValue("NO", excelRow): null

2020-11-11 23:26:10 - [TEST_STEP][PASSED] - comparePS.ProposalASL1.ComparePS(strNoAPK, excelRow): comparePS.ProposalASL1.ComparePS is PASSED

2020-11-11 23:26:10 - [MESSAGE][PASSED] - comparePS.ProposalASL1.ComparePS is PASSED

2020-11-11 23:26:10 - [TEST_STEP][PASSED] - comparePS.KeywordPS.callStatus(strNoAPK, "sheetAPK1", 17): comparePS.KeywordPS.callStatus is PASSED

2020-11-11 23:26:11 - [MESSAGE][PASSED] - comparePS.KeywordPS.callStatus is PASSED

2020-11-11 23:26:11 - [TEST_STEP][PASSED] - strGlbStatus = "": null

2020-11-11 23:26:11 - [TEST_STEP][PASSED] - strGlbKeterangan = "": null

2020-11-11 23:26:11 - [TEST_STEP][PASSED] - runTime.reset(): null

2020-11-11 23:26:11 - [TEST_STEP][PASSED] - runTime.start(): null

2020-11-11 23:26:11 - [TEST_STEP][PASSED] - dataCompareAPK = findTestData("dt-1/dt_APK"): null

2020-11-11 23:26:11 - [TEST_STEP][PASSED] - strNoAPK = dataCompareAPK.getValue("NO", excelRow): null

2020-11-11 23:26:11 - [TEST_STEP][PASSED] - comparePS.ProposalASL1.ComparePS(strNoAPK, excelRow): comparePS.ProposalASL1.ComparePS is PASSED

2020-11-11 23:26:11 - [MESSAGE][PASSED] - comparePS.ProposalASL1.ComparePS is PASSED

2020-11-11 23:26:11 - [TEST_STEP][PASSED] - comparePS.KeywordPS.callStatus(strNoAPK, "sheetAPK1", 17): comparePS.KeywordPS.callStatus is PASSED

2020-11-11 23:26:11 - [MESSAGE][PASSED] - comparePS.KeywordPS.callStatus is PASSED

2020-11-11 23:26:11 - [TEST_STEP][PASSED] - strGlbStatus = "": null

2020-11-11 23:26:11 - [TEST_STEP][PASSED] - strGlbKeterangan = "": null

2020-11-11 23:26:11 - [TEST_STEP][PASSED] - runTime.reset(): null

2020-11-11 23:26:11 - [TEST_STEP][PASSED] - runTime.start(): null

2020-11-11 23:26:11 - [TEST_STEP][PASSED] - dataCompareAPK = findTestData("dt-1/dt_APK"): null

2020-11-11 23:26:11 - [TEST_STEP][PASSED] - strNoAPK = dataCompareAPK.getValue("NO", excelRow): null

2020-11-11 23:26:11 - [TEST_STEP][PASSED] - comparePS.ProposalASL1.ComparePS(strNoAPK, excelRow): comparePS.ProposalASL1.ComparePS is PASSED

2020-11-11 23:26:11 - [MESSAGE][PASSED] - comparePS.ProposalASL1.ComparePS is PASSED

2020-11-11 23:26:11 - [TEST_STEP][PASSED] - comparePS.KeywordPS.callStatus(strNoAPK, "sheetAPK1", 17): comparePS.KeywordPS.callStatus is PASSED

2020-11-11 23:26:11 - [MESSAGE][PASSED] - comparePS.KeywordPS.callStatus is PASSED

2020-11-11 23:26:11 - [TEST_STEP][PASSED] - strGlbStatus = "": null

2020-11-11 23:26:11 - [TEST_STEP][PASSED] - strGlbKeterangan = "": null

2020-11-11 23:26:11 - [TEST_STEP][PASSED] - runTime.reset(): null

2020-11-11 23:26:11 - [TEST_STEP][PASSED] - runTime.start(): null

2020-11-11 23:26:11 - [TEST_STEP][PASSED] - dataCompareAPK = findTestData("dt-1/dt_APK"): null

2020-11-11 23:26:11 - [TEST_STEP][PASSED] - strNoAPK = dataCompareAPK.getValue("NO", excelRow): null

2020-11-11 23:26:11 - [TEST_STEP][PASSED] - comparePS.ProposalASL1.ComparePS(strNoAPK, excelRow): comparePS.ProposalASL1.ComparePS is PASSED

2020-11-11 23:26:12 - [MESSAGE][PASSED] - comparePS.ProposalASL1.ComparePS is PASSED

2020-11-11 23:26:12 - [TEST_STEP][PASSED] - comparePS.KeywordPS.callStatus(strNoAPK, "sheetAPK1", 17): comparePS.KeywordPS.callStatus is PASSED

2020-11-11 23:26:12 - [MESSAGE][PASSED] - comparePS.KeywordPS.callStatus is PASSED

2020-11-11 23:26:12 - [TEST_STEP][PASSED] - strGlbStatus = "": null

2020-11-11 23:26:12 - [TEST_STEP][PASSED] - strGlbKeterangan = "": null

2020-11-11 23:26:12 - [TEST_STEP][PASSED] - runTime.reset(): null

2020-11-11 23:26:12 - [TEST_STEP][PASSED] - runTime.start(): null

2020-11-11 23:26:12 - [TEST_STEP][PASSED] - dataCompareAPK = findTestData("dt-1/dt_APK"): null

2020-11-11 23:26:12 - [TEST_STEP][PASSED] - strNoAPK = dataCompareAPK.getValue("NO", excelRow): null

2020-11-11 23:26:12 - [TEST_STEP][PASSED] - comparePS.ProposalASL1.ComparePS(strNoAPK, excelRow): comparePS.ProposalASL1.ComparePS is PASSED

2020-11-11 23:26:12 - [MESSAGE][PASSED] - comparePS.ProposalASL1.ComparePS is PASSED

2020-11-11 23:26:12 - [TEST_STEP][PASSED] - comparePS.KeywordPS.callStatus(strNoAPK, "sheetAPK1", 17): comparePS.KeywordPS.callStatus is PASSED

2020-11-11 23:26:12 - [MESSAGE][PASSED] - comparePS.KeywordPS.callStatus is PASSED

2020-11-11 23:26:12 - [TEST_STEP][PASSED] - strGlbStatus = "": null

2020-11-11 23:26:12 - [TEST_STEP][PASSED] - strGlbKeterangan = "": null

2020-11-11 23:26:12 - [TEST_STEP][PASSED] - runTime.reset(): null

2020-11-11 23:26:12 - [TEST_STEP][PASSED] - runTime.start(): null

2020-11-11 23:26:12 - [TEST_STEP][PASSED] - dataCompareAPK = findTestData("dt-1/dt_APK"): null

2020-11-11 23:26:12 - [TEST_STEP][PASSED] - strNoAPK = dataCompareAPK.getValue("NO", excelRow): null

2020-11-11 23:26:12 - [TEST_STEP][PASSED] - comparePS.ProposalASL1.ComparePS(strNoAPK, excelRow): comparePS.ProposalASL1.ComparePS is PASSED

2020-11-11 23:26:12 - [MESSAGE][PASSED] - comparePS.ProposalASL1.ComparePS is PASSED

2020-11-11 23:26:12 - [TEST_STEP][PASSED] - comparePS.KeywordPS.callStatus(strNoAPK, "sheetAPK1", 17): comparePS.KeywordPS.callStatus is PASSED

2020-11-11 23:26:13 - [MESSAGE][PASSED] - comparePS.KeywordPS.callStatus is PASSED

2020-11-11 23:26:13 - [TEST_STEP][PASSED] - strGlbStatus = "": null

2020-11-11 23:26:13 - [TEST_STEP][PASSED] - strGlbKeterangan = "": null

2020-11-11 23:26:13 - [TEST_STEP][PASSED] - runTime.reset(): null

2020-11-11 23:26:13 - [TEST_STEP][PASSED] - runTime.start(): null

2020-11-11 23:26:13 - [TEST_STEP][PASSED] - dataCompareAPK = findTestData("dt-1/dt_APK"): null

2020-11-11 23:26:13 - [TEST_STEP][PASSED] - strNoAPK = dataCompareAPK.getValue("NO", excelRow): null

2020-11-11 23:26:13 - [TEST_STEP][PASSED] - comparePS.ProposalASL1.ComparePS(strNoAPK, excelRow): comparePS.ProposalASL1.ComparePS is PASSED

2020-11-11 23:26:13 - [MESSAGE][PASSED] - comparePS.ProposalASL1.ComparePS is PASSED

2020-11-11 23:26:13 - [TEST_STEP][PASSED] - comparePS.KeywordPS.callStatus(strNoAPK, "sheetAPK1", 17): comparePS.KeywordPS.callStatus is PASSED

2020-11-11 23:26:13 - [MESSAGE][PASSED] - comparePS.KeywordPS.callStatus is PASSED

2020-11-11 23:26:13 - [TEST_STEP][PASSED] - strGlbStatus = "": null

2020-11-11 23:26:13 - [TEST_STEP][PASSED] - strGlbKeterangan = "": null

2020-11-11 23:26:13 - [TEST_STEP][PASSED] - runTime.reset(): null

2020-11-11 23:26:13 - [TEST_STEP][PASSED] - runTime.start(): null

2020-11-11 23:26:13 - [TEST_STEP][PASSED] - dataCompareAPK = findTestData("dt-1/dt_APK"): null

2020-11-11 23:26:13 - [TEST_STEP][PASSED] - strNoAPK = dataCompareAPK.getValue("NO", excelRow): null

2020-11-11 23:26:13 - [TEST_STEP][PASSED] - comparePS.ProposalASL1.ComparePS(strNoAPK, excelRow): comparePS.ProposalASL1.ComparePS is PASSED

2020-11-11 23:26:13 - [MESSAGE][PASSED] - comparePS.ProposalASL1.ComparePS is PASSED

2020-11-11 23:26:13 - [TEST_STEP][PASSED] - comparePS.KeywordPS.callStatus(strNoAPK, "sheetAPK1", 17): comparePS.KeywordPS.callStatus is PASSED

2020-11-11 23:26:13 - [MESSAGE][PASSED] - comparePS.KeywordPS.callStatus is PASSED

2020-11-11 23:26:13 - [TEST_STEP][PASSED] - strGlbStatus = "": null

2020-11-11 23:26:13 - [TEST_STEP][PASSED] - strGlbKeterangan = "": null

2020-11-11 23:26:13 - [TEST_STEP][PASSED] - runTime.reset(): null

2020-11-11 23:26:13 - [TEST_STEP][PASSED] - runTime.start(): null

2020-11-11 23:26:13 - [TEST_STEP][PASSED] - dataCompareAPK = findTestData("dt-1/dt_APK"): null

2020-11-11 23:26:13 - [TEST_STEP][PASSED] - strNoAPK = dataCompareAPK.getValue("NO", excelRow): null

2020-11-11 23:26:13 - [TEST_STEP][PASSED] - comparePS.ProposalASL1.ComparePS(strNoAPK, excelRow): comparePS.ProposalASL1.ComparePS is PASSED

2020-11-11 23:26:14 - [MESSAGE][PASSED] - comparePS.ProposalASL1.ComparePS is PASSED

2020-11-11 23:26:14 - [TEST_STEP][PASSED] - comparePS.KeywordPS.callStatus(strNoAPK, "sheetAPK1", 17): comparePS.KeywordPS.callStatus is PASSED

2020-11-11 23:26:14 - [MESSAGE][PASSED] - comparePS.KeywordPS.callStatus is PASSED

2020-11-11 23:26:14 - [TEST_STEP][PASSED] - strGlbStatus = "": null

2020-11-11 23:26:14 - [TEST_STEP][PASSED] - strGlbKeterangan = "": null

2020-11-11 23:26:14 - [TEST_STEP][PASSED] - runTime.reset(): null

2020-11-11 23:26:14 - [TEST_STEP][PASSED] - runTime.start(): null

2020-11-11 23:26:14 - [TEST_STEP][PASSED] - dataCompareAPK = findTestData("dt-1/dt_APK"): null

2020-11-11 23:26:14 - [TEST_STEP][PASSED] - strNoAPK = dataCompareAPK.getValue("NO", excelRow): null

2020-11-11 23:26:14 - [TEST_STEP][PASSED] - comparePS.ProposalASL1.ComparePS(strNoAPK, excelRow): comparePS.ProposalASL1.ComparePS is PASSED

2020-11-11 23:26:14 - [MESSAGE][PASSED] - comparePS.ProposalASL1.ComparePS is PASSED

2020-11-11 23:26:14 - [TEST_STEP][PASSED] - comparePS.KeywordPS.callStatus(strNoAPK, "sheetAPK1", 17): comparePS.KeywordPS.callStatus is PASSED

2020-11-11 23:26:14 - [MESSAGE][PASSED] - comparePS.KeywordPS.callStatus is PASSED

2020-11-11 23:26:14 - [TEST_STEP][PASSED] - strGlbStatus = "": null

2020-11-11 23:26:14 - [TEST_STEP][PASSED] - strGlbKeterangan = "": null

2020-11-11 23:26:14 - [TEST_STEP][PASSED] - runTime.reset(): null

2020-11-11 23:26:14 - [TEST_STEP][PASSED] - runTime.start(): null

2020-11-11 23:26:14 - [TEST_STEP][PASSED] - dataCompareAPK = findTestData("dt-1/dt_APK"): null

2020-11-11 23:26:14 - [TEST_STEP][PASSED] - strNoAPK = dataCompareAPK.getValue("NO", excelRow): null

2020-11-11 23:26:14 - [TEST_STEP][PASSED] - comparePS.ProposalASL1.ComparePS(strNoAPK, excelRow): comparePS.ProposalASL1.ComparePS is PASSED

2020-11-11 23:26:14 - [MESSAGE][PASSED] - comparePS.ProposalASL1.ComparePS is PASSED

2020-11-11 23:26:14 - [TEST_STEP][PASSED] - comparePS.KeywordPS.callStatus(strNoAPK, "sheetAPK1", 17): comparePS.KeywordPS.callStatus is PASSED

2020-11-11 23:26:14 - [MESSAGE][PASSED] - comparePS.KeywordPS.callStatus is PASSED

2020-11-11 23:26:14 - [TEST_STEP][PASSED] - strGlbStatus = "": null

2020-11-11 23:26:14 - [TEST_STEP][PASSED] - strGlbKeterangan = "": null

2020-11-11 23:26:14 - [TEST_STEP][PASSED] - runTime.reset(): null

2020-11-11 23:26:14 - [TEST_STEP][PASSED] - runTime.start(): null

2020-11-11 23:26:14 - [TEST_STEP][PASSED] - dataCompareAPK = findTestData("dt-1/dt_APK"): null

2020-11-11 23:26:15 - [TEST_STEP][PASSED] - strNoAPK = dataCompareAPK.getValue("NO", excelRow): null

2020-11-11 23:26:15 - [TEST_STEP][PASSED] - comparePS.ProposalASL1.ComparePS(strNoAPK, excelRow): comparePS.ProposalASL1.ComparePS is PASSED

2020-11-11 23:26:15 - [MESSAGE][PASSED] - comparePS.ProposalASL1.ComparePS is PASSED

2020-11-11 23:26:15 - [TEST_STEP][PASSED] - comparePS.KeywordPS.callStatus(strNoAPK, "sheetAPK1", 17): comparePS.KeywordPS.callStatus is PASSED

2020-11-11 23:26:15 - [MESSAGE][PASSED] - comparePS.KeywordPS.callStatus is PASSED

2020-11-11 23:26:15 - [TEST_STEP][PASSED] - strGlbStatus = "": null

2020-11-11 23:26:15 - [TEST_STEP][PASSED] - strGlbKeterangan = "": null

2020-11-11 23:26:15 - [TEST_STEP][PASSED] - runTime.reset(): null

2020-11-11 23:26:15 - [TEST_STEP][PASSED] - runTime.start(): null

2020-11-11 23:26:15 - [TEST_STEP][PASSED] - dataCompareAPK = findTestData("dt-1/dt_APK"): null

2020-11-11 23:26:15 - [TEST_STEP][PASSED] - strNoAPK = dataCompareAPK.getValue("NO", excelRow): null

2020-11-11 23:26:15 - [TEST_STEP][PASSED] - comparePS.ProposalASL1.ComparePS(strNoAPK, excelRow): comparePS.ProposalASL1.ComparePS is PASSED

2020-11-11 23:26:15 - [MESSAGE][PASSED] - comparePS.ProposalASL1.ComparePS is PASSED

2020-11-11 23:26:15 - [TEST_STEP][PASSED] - comparePS.KeywordPS.callStatus(strNoAPK, "sheetAPK1", 17): comparePS.KeywordPS.callStatus is PASSED

2020-11-11 23:26:15 - [MESSAGE][PASSED] - comparePS.KeywordPS.callStatus is PASSED

2020-11-11 23:26:15 - [TEST_STEP][PASSED] - strGlbStatus = "": null

2020-11-11 23:26:15 - [TEST_STEP][PASSED] - strGlbKeterangan = "": null

2020-11-11 23:26:15 - [TEST_STEP][PASSED] - runTime.reset(): null

2020-11-11 23:26:15 - [TEST_STEP][PASSED] - runTime.start(): null

2020-11-11 23:26:15 - [TEST_STEP][PASSED] - dataCompareAPK = findTestData("dt-1/dt_APK"): null

2020-11-11 23:26:15 - [TEST_STEP][PASSED] - strNoAPK = dataCompareAPK.getValue("NO", excelRow): null

2020-11-11 23:26:15 - [TEST_STEP][PASSED] - comparePS.ProposalASL1.ComparePS(strNoAPK, excelRow): comparePS.ProposalASL1.ComparePS is PASSED

2020-11-11 23:26:16 - [MESSAGE][PASSED] - comparePS.ProposalASL1.ComparePS is PASSED

2020-11-11 23:26:16 - [TEST_STEP][PASSED] - comparePS.KeywordPS.callStatus(strNoAPK, "sheetAPK1", 17): comparePS.KeywordPS.callStatus is PASSED

2020-11-11 23:26:16 - [MESSAGE][PASSED] - comparePS.KeywordPS.callStatus is PASSED

2020-11-11 23:26:16 - [TEST_STEP][PASSED] - strGlbStatus = "": null

2020-11-11 23:26:16 - [TEST_STEP][PASSED] - strGlbKeterangan = "": null

2020-11-11 23:26:16 - [TEST_STEP][PASSED] - runTime.reset(): null

2020-11-11 23:26:16 - [TEST_STEP][PASSED] - runTime.start(): null

2020-11-11 23:26:16 - [TEST_STEP][PASSED] - dataCompareAPK = findTestData("dt-1/dt_APK"): null

2020-11-11 23:26:16 - [TEST_STEP][PASSED] - strNoAPK = dataCompareAPK.getValue("NO", excelRow): null

2020-11-11 23:26:16 - [TEST_STEP][PASSED] - comparePS.ProposalASL1.ComparePS(strNoAPK, excelRow): comparePS.ProposalASL1.ComparePS is PASSED

2020-11-11 23:26:16 - [MESSAGE][PASSED] - comparePS.ProposalASL1.ComparePS is PASSED

2020-11-11 23:26:16 - [TEST_STEP][PASSED] - comparePS.KeywordPS.callStatus(strNoAPK, "sheetAPK1", 17): comparePS.KeywordPS.callStatus is PASSED

2020-11-11 23:26:16 - [MESSAGE][PASSED] - comparePS.KeywordPS.callStatus is PASSED

2020-11-11 23:26:16 - [TEST_STEP][PASSED] - strGlbStatus = "": null

2020-11-11 23:26:16 - [TEST_STEP][PASSED] - strGlbKeterangan = "": null

2020-11-11 23:26:16 - [TEST_STEP][PASSED] - runTime.reset(): null

2020-11-11 23:26:16 - [TEST_STEP][PASSED] - runTime.start(): null

2020-11-11 23:26:16 - [TEST_STEP][PASSED] - dataCompareAPK = findTestData("dt-1/dt_APK"): null

2020-11-11 23:26:16 - [TEST_STEP][PASSED] - strNoAPK = dataCompareAPK.getValue("NO", excelRow): null

2020-11-11 23:26:16 - [TEST_STEP][PASSED] - comparePS.ProposalASL1.ComparePS(strNoAPK, excelRow): comparePS.ProposalASL1.ComparePS is PASSED

2020-11-11 23:26:16 - [MESSAGE][PASSED] - comparePS.ProposalASL1.ComparePS is PASSED

2020-11-11 23:26:16 - [TEST_STEP][PASSED] - comparePS.KeywordPS.callStatus(strNoAPK, "sheetAPK1", 17): comparePS.KeywordPS.callStatus is PASSED

2020-11-11 23:26:16 - [MESSAGE][PASSED] - comparePS.KeywordPS.callStatus is PASSED

2020-11-11 23:26:16 - [TEST_STEP][PASSED] - strGlbStatus = "": null

2020-11-11 23:26:16 - [TEST_STEP][PASSED] - strGlbKeterangan = "": null

2020-11-11 23:26:16 - [TEST_STEP][PASSED] - runTime.reset(): null

2020-11-11 23:26:16 - [TEST_STEP][PASSED] - runTime.start(): null

2020-11-11 23:26:16 - [TEST_STEP][PASSED] - dataCompareAPK = findTestData("dt-1/dt_APK"): null

2020-11-11 23:26:16 - [TEST_STEP][PASSED] - strNoAPK = dataCompareAPK.getValue("NO", excelRow): null

2020-11-11 23:26:16 - [TEST_STEP][PASSED] - comparePS.ProposalASL1.ComparePS(strNoAPK, excelRow): comparePS.ProposalASL1.ComparePS is PASSED

2020-11-11 23:26:17 - [MESSAGE][PASSED] - comparePS.ProposalASL1.ComparePS is PASSED

2020-11-11 23:26:17 - [TEST_STEP][PASSED] - comparePS.KeywordPS.callStatus(strNoAPK, "sheetAPK1", 17): comparePS.KeywordPS.callStatus is PASSED

2020-11-11 23:26:17 - [MESSAGE][PASSED] - comparePS.KeywordPS.callStatus is PASSED

2020-11-11 23:26:17 - [TEST_STEP][PASSED] - strGlbStatus = "": null

2020-11-11 23:26:17 - [TEST_STEP][PASSED] - strGlbKeterangan = "": null

2020-11-11 23:26:17 - [TEST_STEP][PASSED] - runTime.reset(): null

2020-11-11 23:26:17 - [TEST_STEP][PASSED] - runTime.start(): null

2020-11-11 23:26:17 - [TEST_STEP][PASSED] - dataCompareAPK = findTestData("dt-1/dt_APK"): null

2020-11-11 23:26:17 - [TEST_STEP][PASSED] - strNoAPK = dataCompareAPK.getValue("NO", excelRow): null

2020-11-11 23:26:17 - [TEST_STEP][PASSED] - comparePS.ProposalASL1.ComparePS(strNoAPK, excelRow): comparePS.ProposalASL1.ComparePS is PASSED

2020-11-11 23:26:17 - [MESSAGE][PASSED] - comparePS.ProposalASL1.ComparePS is PASSED

2020-11-11 23:26:17 - [TEST_STEP][PASSED] - comparePS.KeywordPS.callStatus(strNoAPK, "sheetAPK1", 17): comparePS.KeywordPS.callStatus is PASSED

2020-11-11 23:26:17 - [MESSAGE][PASSED] - comparePS.KeywordPS.callStatus is PASSED

2020-11-11 23:26:17 - [TEST_STEP][PASSED] - strGlbStatus = "": null

2020-11-11 23:26:17 - [TEST_STEP][PASSED] - strGlbKeterangan = "": null

2020-11-11 23:26:17 - [TEST_STEP][PASSED] - runTime.reset(): null

2020-11-11 23:26:17 - [TEST_STEP][PASSED] - runTime.start(): null

2020-11-11 23:26:17 - [TEST_STEP][PASSED] - dataCompareAPK = findTestData("dt-1/dt_APK"): null

2020-11-11 23:26:17 - [TEST_STEP][PASSED] - strNoAPK = dataCompareAPK.getValue("NO", excelRow): null

2020-11-11 23:26:17 - [TEST_STEP][PASSED] - comparePS.ProposalASL1.ComparePS(strNoAPK, excelRow): comparePS.ProposalASL1.ComparePS is PASSED

2020-11-11 23:26:17 - [MESSAGE][PASSED] - comparePS.ProposalASL1.ComparePS is PASSED

2020-11-11 23:26:17 - [TEST_STEP][PASSED] - comparePS.KeywordPS.callStatus(strNoAPK, "sheetAPK1", 17): comparePS.KeywordPS.callStatus is PASSED

2020-11-11 23:26:17 - [MESSAGE][PASSED] - comparePS.KeywordPS.callStatus is PASSED

2020-11-11 23:26:17 - [TEST_STEP][PASSED] - strGlbStatus = "": null

2020-11-11 23:26:17 - [TEST_STEP][PASSED] - strGlbKeterangan = "": null

2020-11-11 23:26:17 - [TEST_STEP][PASSED] - runTime.reset(): null

2020-11-11 23:26:17 - [TEST_STEP][PASSED] - runTime.start(): null

2020-11-11 23:26:17 - [TEST_STEP][PASSED] - dataCompareAPK = findTestData("dt-1/dt_APK"): null

2020-11-11 23:26:17 - [TEST_STEP][PASSED] - strNoAPK = dataCompareAPK.getValue("NO", excelRow): null

2020-11-11 23:26:17 - [TEST_STEP][PASSED] - comparePS.ProposalASL1.ComparePS(strNoAPK, excelRow): comparePS.ProposalASL1.ComparePS is PASSED

2020-11-11 23:26:18 - [MESSAGE][PASSED] - comparePS.ProposalASL1.ComparePS is PASSED

2020-11-11 23:26:18 - [TEST_STEP][PASSED] - comparePS.KeywordPS.callStatus(strNoAPK, "sheetAPK1", 17): comparePS.KeywordPS.callStatus is PASSED

2020-11-11 23:26:18 - [MESSAGE][PASSED] - comparePS.KeywordPS.callStatus is PASSED

2020-11-11 23:26:18 - [TEST_STEP][PASSED] - strGlbStatus = "": null

2020-11-11 23:26:18 - [TEST_STEP][PASSED] - strGlbKeterangan = "": null

2020-11-11 23:26:18 - [TEST_STEP][PASSED] - runTime.reset(): null

2020-11-11 23:26:18 - [TEST_STEP][PASSED] - runTime.start(): null

2020-11-11 23:26:18 - [TEST_STEP][PASSED] - dataCompareAPK = findTestData("dt-1/dt_APK"): null

2020-11-11 23:26:18 - [TEST_STEP][PASSED] - strNoAPK = dataCompareAPK.getValue("NO", excelRow): null

2020-11-11 23:26:18 - [TEST_STEP][PASSED] - comparePS.ProposalASL1.ComparePS(strNoAPK, excelRow): comparePS.ProposalASL1.ComparePS is PASSED

2020-11-11 23:26:18 - [MESSAGE][PASSED] - comparePS.ProposalASL1.ComparePS is PASSED

2020-11-11 23:26:18 - [TEST_STEP][PASSED] - comparePS.KeywordPS.callStatus(strNoAPK, "sheetAPK1", 17): comparePS.KeywordPS.callStatus is PASSED

2020-11-11 23:26:18 - [MESSAGE][PASSED] - comparePS.KeywordPS.callStatus is PASSED

2020-11-11 23:26:18 - [TEST_STEP][PASSED] - strGlbStatus = "": null

2020-11-11 23:26:18 - [TEST_STEP][PASSED] - strGlbKeterangan = "": null

2020-11-11 23:26:18 - [TEST_STEP][PASSED] - runTime.reset(): null

2020-11-11 23:26:18 - [TEST_STEP][PASSED] - runTime.start(): null

2020-11-11 23:26:18 - [TEST_STEP][PASSED] - dataCompareAPK = findTestData("dt-1/dt_APK"): null

2020-11-11 23:26:18 - [TEST_STEP][PASSED] - strNoAPK = dataCompareAPK.getValue("NO", excelRow): null

2020-11-11 23:26:18 - [TEST_STEP][PASSED] - comparePS.ProposalASL1.ComparePS(strNoAPK, excelRow): comparePS.ProposalASL1.ComparePS is PASSED

2020-11-11 23:26:18 - [MESSAGE][PASSED] - comparePS.ProposalASL1.ComparePS is PASSED

2020-11-11 23:26:18 - [TEST_STEP][PASSED] - comparePS.KeywordPS.callStatus(strNoAPK, "sheetAPK1", 17): comparePS.KeywordPS.callStatus is PASSED

2020-11-11 23:26:18 - [MESSAGE][PASSED] - comparePS.KeywordPS.callStatus is PASSED

2020-11-11 23:26:18 - [TEST_STEP][PASSED] - strGlbStatus = "": null

2020-11-11 23:26:18 - [TEST_STEP][PASSED] - strGlbKeterangan = "": null

2020-11-11 23:26:18 - [TEST_STEP][PASSED] - runTime.reset(): null

2020-11-11 23:26:18 - [TEST_STEP][PASSED] - runTime.start(): null

2020-11-11 23:26:18 - [TEST_STEP][PASSED] - dataCompareAPK = findTestData("dt-1/dt_APK"): null

2020-11-11 23:26:18 - [TEST_STEP][PASSED] - strNoAPK = dataCompareAPK.getValue("NO", excelRow): null

2020-11-11 23:26:18 - [TEST_STEP][PASSED] - comparePS.ProposalASL1.ComparePS(strNoAPK, excelRow): comparePS.ProposalASL1.ComparePS is PASSED

2020-11-11 23:26:19 - [MESSAGE][PASSED] - comparePS.ProposalASL1.ComparePS is PASSED

2020-11-11 23:26:19 - [TEST_STEP][PASSED] - comparePS.KeywordPS.callStatus(strNoAPK, "sheetAPK1", 17): comparePS.KeywordPS.callStatus is PASSED

2020-11-11 23:26:19 - [MESSAGE][PASSED] - comparePS.KeywordPS.callStatus is PASSED

2020-11-11 23:26:19 - [TEST_STEP][PASSED] - strGlbStatus = "": null

2020-11-11 23:26:19 - [TEST_STEP][PASSED] - strGlbKeterangan = "": null

2020-11-11 23:26:19 - [TEST_STEP][PASSED] - runTime.reset(): null

2020-11-11 23:26:19 - [TEST_STEP][PASSED] - runTime.start(): null

2020-11-11 23:26:19 - [TEST_STEP][PASSED] - dataCompareAPK = findTestData("dt-1/dt_APK"): null

2020-11-11 23:26:19 - [TEST_STEP][PASSED] - strNoAPK = dataCompareAPK.getValue("NO", excelRow): null

2020-11-11 23:26:19 - [TEST_STEP][PASSED] - comparePS.ProposalASL1.ComparePS(strNoAPK, excelRow): comparePS.ProposalASL1.ComparePS is PASSED

2020-11-11 23:26:19 - [MESSAGE][PASSED] - comparePS.ProposalASL1.ComparePS is PASSED

2020-11-11 23:26:19 - [TEST_STEP][PASSED] - comparePS.KeywordPS.callStatus(strNoAPK, "sheetAPK1", 17): comparePS.KeywordPS.callStatus is PASSED

2020-11-11 23:26:19 - [MESSAGE][PASSED] - comparePS.KeywordPS.callStatus is PASSED

2020-11-11 23:26:19 - [TEST_STEP][PASSED] - strGlbStatus = "": null

2020-11-11 23:26:19 - [TEST_STEP][PASSED] - strGlbKeterangan = "": null

2020-11-11 23:26:19 - [TEST_STEP][PASSED] - runTime.reset(): null

2020-11-11 23:26:19 - [TEST_STEP][PASSED] - runTime.start(): null

2020-11-11 23:26:19 - [TEST_STEP][PASSED] - dataCompareAPK = findTestData("dt-1/dt_APK"): null

2020-11-11 23:26:19 - [TEST_STEP][PASSED] - strNoAPK = dataCompareAPK.getValue("NO", excelRow): null

2020-11-11 23:26:19 - [TEST_STEP][PASSED] - comparePS.ProposalASL1.ComparePS(strNoAPK, excelRow): comparePS.ProposalASL1.ComparePS is PASSED

2020-11-11 23:26:19 - [MESSAGE][PASSED] - comparePS.ProposalASL1.ComparePS is PASSED

2020-11-11 23:26:19 - [TEST_STEP][PASSED] - comparePS.KeywordPS.callStatus(strNoAPK, "sheetAPK1", 17): comparePS.KeywordPS.callStatus is PASSED

2020-11-11 23:26:20 - [MESSAGE][PASSED] - comparePS.KeywordPS.callStatus is PASSED

2020-11-11 23:26:20 - [TEST_STEP][PASSED] - strGlbStatus = "": null

2020-11-11 23:26:20 - [TEST_STEP][PASSED] - strGlbKeterangan = "": null

2020-11-11 23:26:20 - [TEST_STEP][PASSED] - runTime.reset(): null

2020-11-11 23:26:20 - [TEST_STEP][PASSED] - runTime.start(): null

2020-11-11 23:26:20 - [TEST_STEP][PASSED] - dataCompareAPK = findTestData("dt-1/dt_APK"): null

2020-11-11 23:26:20 - [TEST_STEP][PASSED] - strNoAPK = dataCompareAPK.getValue("NO", excelRow): null

2020-11-11 23:26:20 - [TEST_STEP][PASSED] - comparePS.ProposalASL1.ComparePS(strNoAPK, excelRow): comparePS.ProposalASL1.ComparePS is PASSED

2020-11-11 23:26:20 - [MESSAGE][PASSED] - comparePS.ProposalASL1.ComparePS is PASSED

2020-11-11 23:26:20 - [TEST_STEP][PASSED] - comparePS.KeywordPS.callStatus(strNoAPK, "sheetAPK1", 17): comparePS.KeywordPS.callStatus is PASSED

2020-11-11 23:26:20 - [MESSAGE][PASSED] - comparePS.KeywordPS.callStatus is PASSED

2020-11-11 23:26:20 - [TEST_STEP][PASSED] - strGlbStatus = "": null

2020-11-11 23:26:20 - [TEST_STEP][PASSED] - strGlbKeterangan = "": null

2020-11-11 23:26:20 - [TEST_STEP][PASSED] - runTime.reset(): null

2020-11-11 23:26:20 - [TEST_STEP][PASSED] - runTime.start(): null

2020-11-11 23:26:20 - [TEST_STEP][PASSED] - dataCompareAPK = findTestData("dt-1/dt_APK"): null

2020-11-11 23:26:20 - [TEST_STEP][PASSED] - strNoAPK = dataCompareAPK.getValue("NO", excelRow): null

2020-11-11 23:26:20 - [TEST_STEP][PASSED] - comparePS.ProposalASL1.ComparePS(strNoAPK, excelRow): comparePS.ProposalASL1.ComparePS is PASSED

2020-11-11 23:26:20 - [MESSAGE][PASSED] - comparePS.ProposalASL1.ComparePS is PASSED

2020-11-11 23:26:20 - [TEST_STEP][PASSED] - comparePS.KeywordPS.callStatus(strNoAPK, "sheetAPK1", 17): comparePS.KeywordPS.callStatus is PASSED

2020-11-11 23:26:20 - [MESSAGE][PASSED] - comparePS.KeywordPS.callStatus is PASSED

2020-11-11 23:26:20 - [TEST_STEP][PASSED] - strGlbStatus = "": null

2020-11-11 23:26:20 - [TEST_STEP][PASSED] - strGlbKeterangan = "": null

2020-11-11 23:26:20 - [TEST_STEP][PASSED] - runTime.reset(): null

2020-11-11 23:26:20 - [TEST_STEP][PASSED] - runTime.start(): null

2020-11-11 23:26:20 - [TEST_STEP][PASSED] - dataCompareAPK = findTestData("dt-1/dt_APK"): null

2020-11-11 23:26:20 - [TEST_STEP][PASSED] - strNoAPK = dataCompareAPK.getValue("NO", excelRow): null

2020-11-11 23:26:20 - [TEST_STEP][PASSED] - comparePS.ProposalASL1.ComparePS(strNoAPK, excelRow): comparePS.ProposalASL1.ComparePS is PASSED

2020-11-11 23:26:20 - [MESSAGE][PASSED] - comparePS.ProposalASL1.ComparePS is PASSED

2020-11-11 23:26:20 - [TEST_STEP][PASSED] - comparePS.KeywordPS.callStatus(strNoAPK, "sheetAPK1", 17): comparePS.KeywordPS.callStatus is PASSED

2020-11-11 23:26:21 - [MESSAGE][PASSED] - comparePS.KeywordPS.callStatus is PASSED

2020-11-11 23:26:21 - [TEST_STEP][PASSED] - strGlbStatus = "": null

2020-11-11 23:26:21 - [TEST_STEP][PASSED] - strGlbKeterangan = "": null

2020-11-11 23:26:21 - [TEST_STEP][PASSED] - runTime.reset(): null

2020-11-11 23:26:21 - [TEST_STEP][PASSED] - runTime.start(): null

2020-11-11 23:26:21 - [TEST_STEP][PASSED] - dataCompareAPK = findTestData("dt-1/dt_APK"): null

2020-11-11 23:26:21 - [TEST_STEP][PASSED] - strNoAPK = dataCompareAPK.getValue("NO", excelRow): null

2020-11-11 23:26:21 - [TEST_STEP][PASSED] - comparePS.ProposalASL1.ComparePS(strNoAPK, excelRow): comparePS.ProposalASL1.ComparePS is PASSED

2020-11-11 23:26:21 - [MESSAGE][PASSED] - comparePS.ProposalASL1.ComparePS is PASSED

2020-11-11 23:26:21 - [TEST_STEP][PASSED] - comparePS.KeywordPS.callStatus(strNoAPK, "sheetAPK1", 17): comparePS.KeywordPS.callStatus is PASSED

2020-11-11 23:26:21 - [MESSAGE][PASSED] - comparePS.KeywordPS.callStatus is PASSED

2020-11-11 23:26:21 - [TEST_STEP][PASSED] - strGlbStatus = "": null

2020-11-11 23:26:21 - [TEST_STEP][PASSED] - strGlbKeterangan = "": null

2020-11-11 23:26:21 - [TEST_STEP][PASSED] - runTime.reset(): null

2020-11-11 23:26:21 - [TEST_STEP][PASSED] - runTime.start(): null

2020-11-11 23:26:21 - [TEST_STEP][PASSED] - dataCompareAPK = findTestData("dt-1/dt_APK"): null

2020-11-11 23:26:21 - [TEST_STEP][PASSED] - strNoAPK = dataCompareAPK.getValue("NO", excelRow): null

2020-11-11 23:26:21 - [TEST_STEP][PASSED] - comparePS.ProposalASL1.ComparePS(strNoAPK, excelRow): comparePS.ProposalASL1.ComparePS is PASSED

2020-11-11 23:26:21 - [MESSAGE][PASSED] - comparePS.ProposalASL1.ComparePS is PASSED

2020-11-11 23:26:21 - [TEST_STEP][PASSED] - comparePS.KeywordPS.callStatus(strNoAPK, "sheetAPK1", 17): comparePS.KeywordPS.callStatus is PASSED

2020-11-11 23:26:21 - [MESSAGE][PASSED] - comparePS.KeywordPS.callStatus is PASSED

2020-11-11 23:26:21 - [TEST_STEP][PASSED] - strGlbStatus = "": null

2020-11-11 23:26:21 - [TEST_STEP][PASSED] - strGlbKeterangan = "": null

2020-11-11 23:26:21 - [TEST_STEP][PASSED] - runTime.reset(): null

2020-11-11 23:26:21 - [TEST_STEP][PASSED] - runTime.start(): null

2020-11-11 23:26:21 - [TEST_STEP][PASSED] - dataCompareAPK = findTestData("dt-1/dt_APK"): null

2020-11-11 23:26:21 - [TEST_STEP][PASSED] - strNoAPK = dataCompareAPK.getValue("NO", excelRow): null

2020-11-11 23:26:21 - [TEST_STEP][PASSED] - comparePS.ProposalASL1.ComparePS(strNoAPK, excelRow): comparePS.ProposalASL1.ComparePS is PASSED

2020-11-11 23:26:21 - [MESSAGE][PASSED] - comparePS.ProposalASL1.ComparePS is PASSED

2020-11-11 23:26:21 - [TEST_STEP][PASSED] - comparePS.KeywordPS.callStatus(strNoAPK, "sheetAPK1", 17): comparePS.KeywordPS.callStatus is PASSED

2020-11-11 23:26:22 - [MESSAGE][PASSED] - comparePS.KeywordPS.callStatus is PASSED

2020-11-11 23:26:22 - [TEST_STEP][PASSED] - strGlbStatus = "": null

2020-11-11 23:26:22 - [TEST_STEP][PASSED] - strGlbKeterangan = "": null

2020-11-11 23:26:22 - [TEST_STEP][PASSED] - runTime.reset(): null

2020-11-11 23:26:22 - [TEST_STEP][PASSED] - runTime.start(): null

2020-11-11 23:26:22 - [TEST_STEP][PASSED] - dataCompareAPK = findTestData("dt-1/dt_APK"): null

2020-11-11 23:26:22 - [TEST_STEP][PASSED] - strNoAPK = dataCompareAPK.getValue("NO", excelRow): null

2020-11-11 23:26:22 - [TEST_STEP][PASSED] - comparePS.ProposalASL1.ComparePS(strNoAPK, excelRow): comparePS.ProposalASL1.ComparePS is PASSED

2020-11-11 23:26:22 - [MESSAGE][PASSED] - comparePS.ProposalASL1.ComparePS is PASSED

2020-11-11 23:26:22 - [TEST_STEP][PASSED] - comparePS.KeywordPS.callStatus(strNoAPK, "sheetAPK1", 17): comparePS.KeywordPS.callStatus is PASSED

2020-11-11 23:26:22 - [MESSAGE][PASSED] - comparePS.KeywordPS.callStatus is PASSED

2020-11-11 23:26:22 - [TEST_STEP][PASSED] - strGlbStatus = "": null

2020-11-11 23:26:22 - [TEST_STEP][PASSED] - strGlbKeterangan = "": null

2020-11-11 23:26:22 - [TEST_STEP][PASSED] - runTime.reset(): null

2020-11-11 23:26:22 - [TEST_STEP][PASSED] - runTime.start(): null

2020-11-11 23:26:22 - [TEST_STEP][PASSED] - dataCompareAPK = findTestData("dt-1/dt_APK"): null

2020-11-11 23:26:22 - [TEST_STEP][PASSED] - strNoAPK = dataCompareAPK.getValue("NO", excelRow): null

2020-11-11 23:26:22 - [TEST_STEP][PASSED] - comparePS.ProposalASL1.ComparePS(strNoAPK, excelRow): comparePS.ProposalASL1.ComparePS is PASSED

2020-11-11 23:26:22 - [MESSAGE][PASSED] - comparePS.ProposalASL1.ComparePS is PASSED

2020-11-11 23:26:22 - [TEST_STEP][PASSED] - comparePS.KeywordPS.callStatus(strNoAPK, "sheetAPK1", 17): comparePS.KeywordPS.callStatus is PASSED

2020-11-11 23:26:22 - [MESSAGE][PASSED] - comparePS.KeywordPS.callStatus is PASSED

2020-11-11 23:26:22 - [TEST_STEP][PASSED] - strGlbStatus = "": null

2020-11-11 23:26:22 - [TEST_STEP][PASSED] - strGlbKeterangan = "": null

2020-11-11 23:26:22 - [TEST_STEP][PASSED] - runTime.reset(): null

2020-11-11 23:26:22 - [TEST_STEP][PASSED] - runTime.start(): null

2020-11-11 23:26:22 - [TEST_STEP][PASSED] - dataCompareAPK = findTestData("dt-1/dt_APK"): null

2020-11-11 23:26:22 - [TEST_STEP][PASSED] - strNoAPK = dataCompareAPK.getValue("NO", excelRow): null

2020-11-11 23:26:22 - [TEST_STEP][PASSED] - comparePS.ProposalASL1.ComparePS(strNoAPK, excelRow): comparePS.ProposalASL1.ComparePS is PASSED

2020-11-11 23:26:23 - [MESSAGE][PASSED] - comparePS.ProposalASL1.ComparePS is PASSED

2020-11-11 23:26:23 - [TEST_STEP][PASSED] - comparePS.KeywordPS.callStatus(strNoAPK, "sheetAPK1", 17): comparePS.KeywordPS.callStatus is PASSED

2020-11-11 23:26:23 - [MESSAGE][PASSED] - comparePS.KeywordPS.callStatus is PASSED

2020-11-11 23:26:23 - [TEST_STEP][PASSED] - strGlbStatus = "": null

2020-11-11 23:26:23 - [TEST_STEP][PASSED] - strGlbKeterangan = "": null

2020-11-11 23:26:23 - [TEST_STEP][PASSED] - runTime.reset(): null

2020-11-11 23:26:23 - [TEST_STEP][PASSED] - runTime.start(): null

2020-11-11 23:26:23 - [TEST_STEP][PASSED] - dataCompareAPK = findTestData("dt-1/dt_APK"): null

2020-11-11 23:26:23 - [TEST_STEP][PASSED] - strNoAPK = dataCompareAPK.getValue("NO", excelRow): null

2020-11-11 23:26:23 - [TEST_STEP][PASSED] - comparePS.ProposalASL1.ComparePS(strNoAPK, excelRow): comparePS.ProposalASL1.ComparePS is PASSED

2020-11-11 23:26:23 - [MESSAGE][PASSED] - comparePS.ProposalASL1.ComparePS is PASSED

2020-11-11 23:26:23 - [TEST_STEP][PASSED] - comparePS.KeywordPS.callStatus(strNoAPK, "sheetAPK1", 17): comparePS.KeywordPS.callStatus is PASSED

2020-11-11 23:26:23 - [MESSAGE][PASSED] - comparePS.KeywordPS.callStatus is PASSED

2020-11-11 23:26:23 - [TEST_STEP][PASSED] - strGlbStatus = "": null

2020-11-11 23:26:23 - [TEST_STEP][PASSED] - strGlbKeterangan = "": null

2020-11-11 23:26:23 - [TEST_STEP][PASSED] - runTime.reset(): null

2020-11-11 23:26:23 - [TEST_STEP][PASSED] - runTime.start(): null

2020-11-11 23:26:23 - [TEST_STEP][PASSED] - dataCompareAPK = findTestData("dt-1/dt_APK"): null

2020-11-11 23:26:23 - [TEST_STEP][PASSED] - strNoAPK = dataCompareAPK.getValue("NO", excelRow): null

2020-11-11 23:26:23 - [TEST_STEP][PASSED] - comparePS.ProposalASL1.ComparePS(strNoAPK, excelRow): comparePS.ProposalASL1.ComparePS is PASSED

2020-11-11 23:26:23 - [MESSAGE][PASSED] - comparePS.ProposalASL1.ComparePS is PASSED

2020-11-11 23:26:23 - [TEST_STEP][PASSED] - comparePS.KeywordPS.callStatus(strNoAPK, "sheetAPK1", 17): comparePS.KeywordPS.callStatus is PASSED

2020-11-11 23:26:23 - [MESSAGE][PASSED] - comparePS.KeywordPS.callStatus is PASSED

2020-11-11 23:26:23 - [TEST_STEP][PASSED] - strGlbStatus = "": null

2020-11-11 23:26:23 - [TEST_STEP][PASSED] - strGlbKeterangan = "": null

2020-11-11 23:26:23 - [TEST_STEP][PASSED] - runTime.reset(): null

2020-11-11 23:26:23 - [TEST_STEP][PASSED] - runTime.start(): null

2020-11-11 23:26:23 - [TEST_STEP][PASSED] - dataCompareAPK = findTestData("dt-1/dt_APK"): null

2020-11-11 23:26:24 - [TEST_STEP][PASSED] - strNoAPK = dataCompareAPK.getValue("NO", excelRow): null

2020-11-11 23:26:24 - [TEST_STEP][PASSED] - comparePS.ProposalASL1.ComparePS(strNoAPK, excelRow): comparePS.ProposalASL1.ComparePS is PASSED

2020-11-11 23:26:24 - [MESSAGE][PASSED] - comparePS.ProposalASL1.ComparePS is PASSED

2020-11-11 23:26:24 - [TEST_STEP][PASSED] - comparePS.KeywordPS.callStatus(strNoAPK, "sheetAPK1", 17): comparePS.KeywordPS.callStatus is PASSED

2020-11-11 23:26:24 - [MESSAGE][PASSED] - comparePS.KeywordPS.callStatus is PASSED

2020-11-11 23:26:24 - [TEST_STEP][PASSED] - strGlbStatus = "": null

2020-11-11 23:26:24 - [TEST_STEP][PASSED] - strGlbKeterangan = "": null

2020-11-11 23:26:24 - [TEST_STEP][PASSED] - runTime.reset(): null

2020-11-11 23:26:24 - [TEST_STEP][PASSED] - runTime.start(): null

2020-11-11 23:26:24 - [TEST_STEP][PASSED] - dataCompareAPK = findTestData("dt-1/dt_APK"): null

2020-11-11 23:26:24 - [TEST_STEP][PASSED] - strNoAPK = dataCompareAPK.getValue("NO", excelRow): null

2020-11-11 23:26:24 - [TEST_STEP][PASSED] - comparePS.ProposalASL1.ComparePS(strNoAPK, excelRow): comparePS.ProposalASL1.ComparePS is PASSED

2020-11-11 23:26:24 - [MESSAGE][PASSED] - comparePS.ProposalASL1.ComparePS is PASSED

2020-11-11 23:26:24 - [TEST_STEP][PASSED] - comparePS.KeywordPS.callStatus(strNoAPK, "sheetAPK1", 17): comparePS.KeywordPS.callStatus is PASSED

2020-11-11 23:26:24 - [MESSAGE][PASSED] - comparePS.KeywordPS.callStatus is PASSED

2020-11-11 23:26:24 - [TEST_STEP][PASSED] - strGlbStatus = "": null

2020-11-11 23:26:24 - [TEST_STEP][PASSED] - strGlbKeterangan = "": null

2020-11-11 23:26:24 - [TEST_STEP][PASSED] - runTime.reset(): null

2020-11-11 23:26:24 - [TEST_STEP][PASSED] - runTime.start(): null

2020-11-11 23:26:24 - [TEST_STEP][PASSED] - dataCompareAPK = findTestData("dt-1/dt_APK"): null

2020-11-11 23:26:24 - [TEST_STEP][PASSED] - strNoAPK = dataCompareAPK.getValue("NO", excelRow): null

2020-11-11 23:26:24 - [TEST_STEP][PASSED] - comparePS.ProposalASL1.ComparePS(strNoAPK, excelRow): comparePS.ProposalASL1.ComparePS is PASSED

2020-11-11 23:26:25 - [MESSAGE][PASSED] - comparePS.ProposalASL1.ComparePS is PASSED

2020-11-11 23:26:25 - [TEST_STEP][PASSED] - comparePS.KeywordPS.callStatus(strNoAPK, "sheetAPK1", 17): comparePS.KeywordPS.callStatus is PASSED

2020-11-11 23:26:25 - [MESSAGE][PASSED] - comparePS.KeywordPS.callStatus is PASSED

2020-11-11 23:26:25 - [TEST_STEP][PASSED] - strGlbStatus = "": null

2020-11-11 23:26:25 - [TEST_STEP][PASSED] - strGlbKeterangan = "": null

2020-11-11 23:26:25 - [TEST_STEP][PASSED] - runTime.reset(): null

2020-11-11 23:26:25 - [TEST_STEP][PASSED] - runTime.start(): null

2020-11-11 23:26:25 - [TEST_STEP][PASSED] - dataCompareAPK = findTestData("dt-1/dt_APK"): null

2020-11-11 23:26:25 - [TEST_STEP][PASSED] - strNoAPK = dataCompareAPK.getValue("NO", excelRow): null

2020-11-11 23:26:25 - [TEST_STEP][PASSED] - comparePS.ProposalASL1.ComparePS(strNoAPK, excelRow): comparePS.ProposalASL1.ComparePS is PASSED

2020-11-11 23:26:25 - [MESSAGE][PASSED] - comparePS.ProposalASL1.ComparePS is PASSED

2020-11-11 23:26:25 - [TEST_STEP][PASSED] - comparePS.KeywordPS.callStatus(strNoAPK, "sheetAPK1", 17): comparePS.KeywordPS.callStatus is PASSED

2020-11-11 23:26:25 - [MESSAGE][PASSED] - comparePS.KeywordPS.callStatus is PASSED

2020-11-11 23:26:25 - [TEST_STEP][PASSED] - strGlbStatus = "": null

2020-11-11 23:26:25 - [TEST_STEP][PASSED] - strGlbKeterangan = "": null

2020-11-11 23:26:25 - [TEST_STEP][PASSED] - runTime.reset(): null

2020-11-11 23:26:25 - [TEST_STEP][PASSED] - runTime.start(): null

2020-11-11 23:26:25 - [TEST_STEP][PASSED] - dataCompareAPK = findTestData("dt-1/dt_APK"): null

2020-11-11 23:26:25 - [TEST_STEP][PASSED] - strNoAPK = dataCompareAPK.getValue("NO", excelRow): null

2020-11-11 23:26:25 - [TEST_STEP][PASSED] - comparePS.ProposalASL1.ComparePS(strNoAPK, excelRow): comparePS.ProposalASL1.ComparePS is PASSED

2020-11-11 23:26:26 - [MESSAGE][PASSED] - comparePS.ProposalASL1.ComparePS is PASSED

2020-11-11 23:26:26 - [TEST_STEP][PASSED] - comparePS.KeywordPS.callStatus(strNoAPK, "sheetAPK1", 17): comparePS.KeywordPS.callStatus is PASSED

2020-11-11 23:26:26 - [MESSAGE][PASSED] - comparePS.KeywordPS.callStatus is PASSED

2020-11-11 23:26:26 - [TEST_STEP][PASSED] - strGlbStatus = "": null

2020-11-11 23:26:26 - [TEST_STEP][PASSED] - strGlbKeterangan = "": null

2020-11-11 23:26:26 - [TEST_STEP][PASSED] - runTime.reset(): null

2020-11-11 23:26:26 - [TEST_STEP][PASSED] - runTime.start(): null

2020-11-11 23:26:26 - [TEST_STEP][PASSED] - dataCompareAPK = findTestData("dt-1/dt_APK"): null

2020-11-11 23:26:26 - [TEST_STEP][PASSED] - strNoAPK = dataCompareAPK.getValue("NO", excelRow): null

2020-11-11 23:26:26 - [TEST_STEP][PASSED] - comparePS.ProposalASL1.ComparePS(strNoAPK, excelRow): comparePS.ProposalASL1.ComparePS is PASSED

2020-11-11 23:26:26 - [MESSAGE][PASSED] - comparePS.ProposalASL1.ComparePS is PASSED

2020-11-11 23:26:26 - [TEST_STEP][PASSED] - comparePS.KeywordPS.callStatus(strNoAPK, "sheetAPK1", 17): comparePS.KeywordPS.callStatus is PASSED

2020-11-11 23:26:26 - [MESSAGE][PASSED] - comparePS.KeywordPS.callStatus is PASSED

2020-11-11 23:26:26 - [TEST_STEP][PASSED] - strGlbStatus = "": null

2020-11-11 23:26:26 - [TEST_STEP][PASSED] - strGlbKeterangan = "": null

2020-11-11 23:26:26 - [TEST_STEP][PASSED] - runTime.reset(): null

2020-11-11 23:26:26 - [TEST_STEP][PASSED] - runTime.start(): null

2020-11-11 23:26:26 - [TEST_STEP][PASSED] - dataCompareAPK = findTestData("dt-1/dt_APK"): null

2020-11-11 23:26:26 - [TEST_STEP][PASSED] - strNoAPK = dataCompareAPK.getValue("NO", excelRow): null

2020-11-11 23:26:26 - [TEST_STEP][PASSED] - comparePS.ProposalASL1.ComparePS(strNoAPK, excelRow): comparePS.ProposalASL1.ComparePS is PASSED

2020-11-11 23:26:26 - [MESSAGE][PASSED] - comparePS.ProposalASL1.ComparePS is PASSED

2020-11-11 23:26:26 - [TEST_STEP][PASSED] - comparePS.KeywordPS.callStatus(strNoAPK, "sheetAPK1", 17): comparePS.KeywordPS.callStatus is PASSED

2020-11-11 23:26:26 - [MESSAGE][PASSED] - comparePS.KeywordPS.callStatus is PASSED

2020-11-11 23:26:26 - [TEST_STEP][PASSED] - strGlbStatus = "": null

2020-11-11 23:26:26 - [TEST_STEP][PASSED] - strGlbKeterangan = "": null

2020-11-11 23:26:26 - [TEST_STEP][PASSED] - runTime.reset(): null

2020-11-11 23:26:26 - [TEST_STEP][PASSED] - runTime.start(): null

2020-11-11 23:26:26 - [TEST_STEP][PASSED] - dataCompareAPK = findTestData("dt-1/dt_APK"): null

2020-11-11 23:26:26 - [TEST_STEP][PASSED] - strNoAPK = dataCompareAPK.getValue("NO", excelRow): null

2020-11-11 23:26:26 - [TEST_STEP][PASSED] - comparePS.ProposalASL1.ComparePS(strNoAPK, excelRow): comparePS.ProposalASL1.ComparePS is PASSED

2020-11-11 23:26:26 - [MESSAGE][PASSED] - comparePS.ProposalASL1.ComparePS is PASSED

2020-11-11 23:26:26 - [TEST_STEP][PASSED] - comparePS.KeywordPS.callStatus(strNoAPK, "sheetAPK1", 17): comparePS.KeywordPS.callStatus is PASSED

2020-11-11 23:26:27 - [MESSAGE][PASSED] - comparePS.KeywordPS.callStatus is PASSED

2020-11-11 23:26:27 - [TEST_STEP][PASSED] - strGlbStatus = "": null

2020-11-11 23:26:27 - [TEST_STEP][PASSED] - strGlbKeterangan = "": null

2020-11-11 23:26:27 - [TEST_STEP][PASSED] - runTime.reset(): null

2020-11-11 23:26:27 - [TEST_STEP][PASSED] - runTime.start(): null

2020-11-11 23:26:27 - [TEST_STEP][PASSED] - dataCompareAPK = findTestData("dt-1/dt_APK"): null

2020-11-11 23:26:27 - [TEST_STEP][PASSED] - strNoAPK = dataCompareAPK.getValue("NO", excelRow): null

2020-11-11 23:26:27 - [TEST_STEP][PASSED] - comparePS.ProposalASL1.ComparePS(strNoAPK, excelRow): comparePS.ProposalASL1.ComparePS is PASSED

2020-11-11 23:26:27 - [MESSAGE][PASSED] - comparePS.ProposalASL1.ComparePS is PASSED

2020-11-11 23:26:27 - [TEST_STEP][PASSED] - comparePS.KeywordPS.callStatus(strNoAPK, "sheetAPK1", 17): comparePS.KeywordPS.callStatus is PASSED

2020-11-11 23:26:27 - [MESSAGE][PASSED] - comparePS.KeywordPS.callStatus is PASSED

2020-11-11 23:26:27 - [TEST_STEP][PASSED] - strGlbStatus = "": null

2020-11-11 23:26:27 - [TEST_STEP][PASSED] - strGlbKeterangan = "": null

2020-11-11 23:26:27 - [TEST_STEP][PASSED] - runTime.reset(): null

2020-11-11 23:26:27 - [TEST_STEP][PASSED] - runTime.start(): null

2020-11-11 23:26:27 - [TEST_STEP][PASSED] - dataCompareAPK = findTestData("dt-1/dt_APK"): null

2020-11-11 23:26:27 - [TEST_STEP][PASSED] - strNoAPK = dataCompareAPK.getValue("NO", excelRow): null

2020-11-11 23:26:27 - [TEST_STEP][PASSED] - comparePS.ProposalASL1.ComparePS(strNoAPK, excelRow): comparePS.ProposalASL1.ComparePS is PASSED

2020-11-11 23:26:28 - [MESSAGE][PASSED] - comparePS.ProposalASL1.ComparePS is PASSED

2020-11-11 23:26:28 - [TEST_STEP][PASSED] - comparePS.KeywordPS.callStatus(strNoAPK, "sheetAPK1", 17): comparePS.KeywordPS.callStatus is PASSED

2020-11-11 23:26:28 - [MESSAGE][PASSED] - comparePS.KeywordPS.callStatus is PASSED

2020-11-11 23:26:28 - [TEST_STEP][PASSED] - strGlbStatus = "": null

2020-11-11 23:26:28 - [TEST_STEP][PASSED] - strGlbKeterangan = "": null

2020-11-11 23:26:28 - [TEST_STEP][PASSED] - runTime.reset(): null

2020-11-11 23:26:28 - [TEST_STEP][PASSED] - runTime.start(): null

2020-11-11 23:26:28 - [TEST_STEP][PASSED] - dataCompareAPK = findTestData("dt-1/dt_APK"): null

2020-11-11 23:26:28 - [TEST_STEP][PASSED] - strNoAPK = dataCompareAPK.getValue("NO", excelRow): null

2020-11-11 23:26:28 - [TEST_STEP][PASSED] - comparePS.ProposalASL1.ComparePS(strNoAPK, excelRow): comparePS.ProposalASL1.ComparePS is PASSED

2020-11-11 23:26:28 - [MESSAGE][PASSED] - comparePS.ProposalASL1.ComparePS is PASSED

2020-11-11 23:26:28 - [TEST_STEP][PASSED] - comparePS.KeywordPS.callStatus(strNoAPK, "sheetAPK1", 17): comparePS.KeywordPS.callStatus is PASSED

2020-11-11 23:26:28 - [MESSAGE][PASSED] - comparePS.KeywordPS.callStatus is PASSED]]></system-out>
         <system-err><![CDATA[]]></system-err>
      </testcase>
      <testcase name="Test Cases/ComparePS-2" time="23.721" classname="Test Cases/ComparePS-2" status="PASSED">
         <system-out><![CDATA[2020-11-11 23:26:28 - [TEST_CASE][PASSED] - Test Cases/ComparePS-2: Test Cases/ComparePS-2

2020-11-11 23:26:29 - [TEST_STEP][PASSED] - sekarang = new java.util.Date(): null

2020-11-11 23:26:29 - [TEST_STEP][PASSED] - tgl = sekarang.format("yyyy-MM-dd"): null

2020-11-11 23:26:29 - [TEST_STEP][PASSED] - fullFlow = true: null

2020-11-11 23:26:29 - [TEST_STEP][PASSED] - strGlbDate = tgl: null

2020-11-11 23:26:29 - [TEST_STEP][PASSED] - strGlbStatus = "": null

2020-11-11 23:26:29 - [TEST_STEP][PASSED] - strGlbKeterangan = "": null

2020-11-11 23:26:29 - [TEST_STEP][PASSED] - strGlbCrash = false: null

2020-11-11 23:26:29 - [TEST_STEP][PASSED] - strGlbAlamat = false: null

2020-11-11 23:26:29 - [TEST_STEP][PASSED] - strGlbNomor = 1: null

2020-11-11 23:26:29 - [TEST_STEP][PASSED] - strGlbNumImage = 0: null

2020-11-11 23:26:29 - [TEST_STEP][PASSED] - runTime = StopWatch.createStarted(): null

2020-11-11 23:26:29 - [TEST_STEP][PASSED] - getLastRow = findTestData("dt-2/dt_APK").getRowNumbers(): null

2020-11-11 23:26:29 - [TEST_STEP][PASSED] - for (int excelRow : (1..getLastRow)): comparePS.KeywordPS.callStatus is PASSED

2020-11-11 23:26:29 - [TEST_STEP][PASSED] - runTime.reset(): null

2020-11-11 23:26:29 - [TEST_STEP][PASSED] - runTime.start(): null

2020-11-11 23:26:29 - [TEST_STEP][PASSED] - dataCompareAPK2 = findTestData("dt-2/dt_APK"): null

2020-11-11 23:26:29 - [TEST_STEP][PASSED] - strNoAPK2 = dataCompareAPK2.getValue("NO", excelRow): null

2020-11-11 23:26:29 - [TEST_STEP][PASSED] - comparePS.ProposalASL2.ComparePS(strNoAPK2, excelRow): comparePS.ProposalASL2.ComparePS is PASSED

2020-11-11 23:26:29 - [MESSAGE][PASSED] - comparePS.ProposalASL2.ComparePS is PASSED

2020-11-11 23:26:29 - [TEST_STEP][PASSED] - comparePS.KeywordPS.callStatus(strNoAPK2, "sheetAPK2", 17): comparePS.KeywordPS.callStatus is PASSED

2020-11-11 23:26:30 - [MESSAGE][PASSED] - comparePS.KeywordPS.callStatus is PASSED

2020-11-11 23:26:30 - [TEST_STEP][PASSED] - runTime.reset(): null

2020-11-11 23:26:30 - [TEST_STEP][PASSED] - runTime.start(): null

2020-11-11 23:26:30 - [TEST_STEP][PASSED] - dataCompareAPK2 = findTestData("dt-2/dt_APK"): null

2020-11-11 23:26:30 - [TEST_STEP][PASSED] - strNoAPK2 = dataCompareAPK2.getValue("NO", excelRow): null

2020-11-11 23:26:30 - [TEST_STEP][PASSED] - comparePS.ProposalASL2.ComparePS(strNoAPK2, excelRow): comparePS.ProposalASL2.ComparePS is PASSED

2020-11-11 23:26:30 - [MESSAGE][PASSED] - comparePS.ProposalASL2.ComparePS is PASSED

2020-11-11 23:26:30 - [TEST_STEP][PASSED] - comparePS.KeywordPS.callStatus(strNoAPK2, "sheetAPK2", 17): comparePS.KeywordPS.callStatus is PASSED

2020-11-11 23:26:30 - [MESSAGE][PASSED] - comparePS.KeywordPS.callStatus is PASSED

2020-11-11 23:26:30 - [TEST_STEP][PASSED] - runTime.reset(): null

2020-11-11 23:26:30 - [TEST_STEP][PASSED] - runTime.start(): null

2020-11-11 23:26:30 - [TEST_STEP][PASSED] - dataCompareAPK2 = findTestData("dt-2/dt_APK"): null

2020-11-11 23:26:30 - [TEST_STEP][PASSED] - strNoAPK2 = dataCompareAPK2.getValue("NO", excelRow): null

2020-11-11 23:26:30 - [TEST_STEP][PASSED] - comparePS.ProposalASL2.ComparePS(strNoAPK2, excelRow): comparePS.ProposalASL2.ComparePS is PASSED

2020-11-11 23:26:30 - [MESSAGE][PASSED] - comparePS.ProposalASL2.ComparePS is PASSED

2020-11-11 23:26:30 - [TEST_STEP][PASSED] - comparePS.KeywordPS.callStatus(strNoAPK2, "sheetAPK2", 17): comparePS.KeywordPS.callStatus is PASSED

2020-11-11 23:26:30 - [MESSAGE][PASSED] - comparePS.KeywordPS.callStatus is PASSED

2020-11-11 23:26:30 - [TEST_STEP][PASSED] - runTime.reset(): null

2020-11-11 23:26:30 - [TEST_STEP][PASSED] - runTime.start(): null

2020-11-11 23:26:30 - [TEST_STEP][PASSED] - dataCompareAPK2 = findTestData("dt-2/dt_APK"): null

2020-11-11 23:26:30 - [TEST_STEP][PASSED] - strNoAPK2 = dataCompareAPK2.getValue("NO", excelRow): null

2020-11-11 23:26:30 - [TEST_STEP][PASSED] - comparePS.ProposalASL2.ComparePS(strNoAPK2, excelRow): comparePS.ProposalASL2.ComparePS is PASSED

2020-11-11 23:26:30 - [MESSAGE][PASSED] - comparePS.ProposalASL2.ComparePS is PASSED

2020-11-11 23:26:30 - [TEST_STEP][PASSED] - comparePS.KeywordPS.callStatus(strNoAPK2, "sheetAPK2", 17): comparePS.KeywordPS.callStatus is PASSED

2020-11-11 23:26:31 - [MESSAGE][PASSED] - comparePS.KeywordPS.callStatus is PASSED

2020-11-11 23:26:31 - [TEST_STEP][PASSED] - runTime.reset(): null

2020-11-11 23:26:31 - [TEST_STEP][PASSED] - runTime.start(): null

2020-11-11 23:26:31 - [TEST_STEP][PASSED] - dataCompareAPK2 = findTestData("dt-2/dt_APK"): null

2020-11-11 23:26:31 - [TEST_STEP][PASSED] - strNoAPK2 = dataCompareAPK2.getValue("NO", excelRow): null

2020-11-11 23:26:31 - [TEST_STEP][PASSED] - comparePS.ProposalASL2.ComparePS(strNoAPK2, excelRow): comparePS.ProposalASL2.ComparePS is PASSED

2020-11-11 23:26:31 - [MESSAGE][PASSED] - comparePS.ProposalASL2.ComparePS is PASSED

2020-11-11 23:26:31 - [TEST_STEP][PASSED] - comparePS.KeywordPS.callStatus(strNoAPK2, "sheetAPK2", 17): comparePS.KeywordPS.callStatus is PASSED

2020-11-11 23:26:31 - [MESSAGE][PASSED] - comparePS.KeywordPS.callStatus is PASSED

2020-11-11 23:26:31 - [TEST_STEP][PASSED] - runTime.reset(): null

2020-11-11 23:26:31 - [TEST_STEP][PASSED] - runTime.start(): null

2020-11-11 23:26:31 - [TEST_STEP][PASSED] - dataCompareAPK2 = findTestData("dt-2/dt_APK"): null

2020-11-11 23:26:31 - [TEST_STEP][PASSED] - strNoAPK2 = dataCompareAPK2.getValue("NO", excelRow): null

2020-11-11 23:26:31 - [TEST_STEP][PASSED] - comparePS.ProposalASL2.ComparePS(strNoAPK2, excelRow): comparePS.ProposalASL2.ComparePS is PASSED

2020-11-11 23:26:31 - [MESSAGE][PASSED] - comparePS.ProposalASL2.ComparePS is PASSED

2020-11-11 23:26:31 - [TEST_STEP][PASSED] - comparePS.KeywordPS.callStatus(strNoAPK2, "sheetAPK2", 17): comparePS.KeywordPS.callStatus is PASSED

2020-11-11 23:26:31 - [MESSAGE][PASSED] - comparePS.KeywordPS.callStatus is PASSED

2020-11-11 23:26:31 - [TEST_STEP][PASSED] - runTime.reset(): null

2020-11-11 23:26:31 - [TEST_STEP][PASSED] - runTime.start(): null

2020-11-11 23:26:31 - [TEST_STEP][PASSED] - dataCompareAPK2 = findTestData("dt-2/dt_APK"): null

2020-11-11 23:26:31 - [TEST_STEP][PASSED] - strNoAPK2 = dataCompareAPK2.getValue("NO", excelRow): null

2020-11-11 23:26:31 - [TEST_STEP][PASSED] - comparePS.ProposalASL2.ComparePS(strNoAPK2, excelRow): comparePS.ProposalASL2.ComparePS is PASSED

2020-11-11 23:26:31 - [MESSAGE][PASSED] - comparePS.ProposalASL2.ComparePS is PASSED

2020-11-11 23:26:31 - [TEST_STEP][PASSED] - comparePS.KeywordPS.callStatus(strNoAPK2, "sheetAPK2", 17): comparePS.KeywordPS.callStatus is PASSED

2020-11-11 23:26:32 - [MESSAGE][PASSED] - comparePS.KeywordPS.callStatus is PASSED

2020-11-11 23:26:32 - [TEST_STEP][PASSED] - runTime.reset(): null

2020-11-11 23:26:32 - [TEST_STEP][PASSED] - runTime.start(): null

2020-11-11 23:26:32 - [TEST_STEP][PASSED] - dataCompareAPK2 = findTestData("dt-2/dt_APK"): null

2020-11-11 23:26:32 - [TEST_STEP][PASSED] - strNoAPK2 = dataCompareAPK2.getValue("NO", excelRow): null

2020-11-11 23:26:32 - [TEST_STEP][PASSED] - comparePS.ProposalASL2.ComparePS(strNoAPK2, excelRow): comparePS.ProposalASL2.ComparePS is PASSED

2020-11-11 23:26:32 - [MESSAGE][PASSED] - comparePS.ProposalASL2.ComparePS is PASSED

2020-11-11 23:26:32 - [TEST_STEP][PASSED] - comparePS.KeywordPS.callStatus(strNoAPK2, "sheetAPK2", 17): comparePS.KeywordPS.callStatus is PASSED

2020-11-11 23:26:32 - [MESSAGE][PASSED] - comparePS.KeywordPS.callStatus is PASSED

2020-11-11 23:26:32 - [TEST_STEP][PASSED] - runTime.reset(): null

2020-11-11 23:26:32 - [TEST_STEP][PASSED] - runTime.start(): null

2020-11-11 23:26:32 - [TEST_STEP][PASSED] - dataCompareAPK2 = findTestData("dt-2/dt_APK"): null

2020-11-11 23:26:32 - [TEST_STEP][PASSED] - strNoAPK2 = dataCompareAPK2.getValue("NO", excelRow): null

2020-11-11 23:26:32 - [TEST_STEP][PASSED] - comparePS.ProposalASL2.ComparePS(strNoAPK2, excelRow): comparePS.ProposalASL2.ComparePS is PASSED

2020-11-11 23:26:32 - [MESSAGE][PASSED] - comparePS.ProposalASL2.ComparePS is PASSED

2020-11-11 23:26:32 - [TEST_STEP][PASSED] - comparePS.KeywordPS.callStatus(strNoAPK2, "sheetAPK2", 17): comparePS.KeywordPS.callStatus is PASSED

2020-11-11 23:26:32 - [MESSAGE][PASSED] - comparePS.KeywordPS.callStatus is PASSED

2020-11-11 23:26:32 - [TEST_STEP][PASSED] - runTime.reset(): null

2020-11-11 23:26:32 - [TEST_STEP][PASSED] - runTime.start(): null

2020-11-11 23:26:32 - [TEST_STEP][PASSED] - dataCompareAPK2 = findTestData("dt-2/dt_APK"): null

2020-11-11 23:26:32 - [TEST_STEP][PASSED] - strNoAPK2 = dataCompareAPK2.getValue("NO", excelRow): null

2020-11-11 23:26:32 - [TEST_STEP][PASSED] - comparePS.ProposalASL2.ComparePS(strNoAPK2, excelRow): comparePS.ProposalASL2.ComparePS is PASSED

2020-11-11 23:26:33 - [MESSAGE][PASSED] - comparePS.ProposalASL2.ComparePS is PASSED

2020-11-11 23:26:33 - [TEST_STEP][PASSED] - comparePS.KeywordPS.callStatus(strNoAPK2, "sheetAPK2", 17): comparePS.KeywordPS.callStatus is PASSED

2020-11-11 23:26:33 - [MESSAGE][PASSED] - comparePS.KeywordPS.callStatus is PASSED

2020-11-11 23:26:33 - [TEST_STEP][PASSED] - runTime.reset(): null

2020-11-11 23:26:33 - [TEST_STEP][PASSED] - runTime.start(): null

2020-11-11 23:26:33 - [TEST_STEP][PASSED] - dataCompareAPK2 = findTestData("dt-2/dt_APK"): null

2020-11-11 23:26:33 - [TEST_STEP][PASSED] - strNoAPK2 = dataCompareAPK2.getValue("NO", excelRow): null

2020-11-11 23:26:33 - [TEST_STEP][PASSED] - comparePS.ProposalASL2.ComparePS(strNoAPK2, excelRow): comparePS.ProposalASL2.ComparePS is PASSED

2020-11-11 23:26:33 - [MESSAGE][PASSED] - comparePS.ProposalASL2.ComparePS is PASSED

2020-11-11 23:26:33 - [TEST_STEP][PASSED] - comparePS.KeywordPS.callStatus(strNoAPK2, "sheetAPK2", 17): comparePS.KeywordPS.callStatus is PASSED

2020-11-11 23:26:33 - [MESSAGE][PASSED] - comparePS.KeywordPS.callStatus is PASSED

2020-11-11 23:26:33 - [TEST_STEP][PASSED] - runTime.reset(): null

2020-11-11 23:26:33 - [TEST_STEP][PASSED] - runTime.start(): null

2020-11-11 23:26:33 - [TEST_STEP][PASSED] - dataCompareAPK2 = findTestData("dt-2/dt_APK"): null

2020-11-11 23:26:33 - [TEST_STEP][PASSED] - strNoAPK2 = dataCompareAPK2.getValue("NO", excelRow): null

2020-11-11 23:26:33 - [TEST_STEP][PASSED] - comparePS.ProposalASL2.ComparePS(strNoAPK2, excelRow): comparePS.ProposalASL2.ComparePS is PASSED

2020-11-11 23:26:33 - [MESSAGE][PASSED] - comparePS.ProposalASL2.ComparePS is PASSED

2020-11-11 23:26:33 - [TEST_STEP][PASSED] - comparePS.KeywordPS.callStatus(strNoAPK2, "sheetAPK2", 17): comparePS.KeywordPS.callStatus is PASSED

2020-11-11 23:26:33 - [MESSAGE][PASSED] - comparePS.KeywordPS.callStatus is PASSED

2020-11-11 23:26:33 - [TEST_STEP][PASSED] - runTime.reset(): null

2020-11-11 23:26:33 - [TEST_STEP][PASSED] - runTime.start(): null

2020-11-11 23:26:33 - [TEST_STEP][PASSED] - dataCompareAPK2 = findTestData("dt-2/dt_APK"): null

2020-11-11 23:26:33 - [TEST_STEP][PASSED] - strNoAPK2 = dataCompareAPK2.getValue("NO", excelRow): null

2020-11-11 23:26:33 - [TEST_STEP][PASSED] - comparePS.ProposalASL2.ComparePS(strNoAPK2, excelRow): comparePS.ProposalASL2.ComparePS is PASSED

2020-11-11 23:26:34 - [MESSAGE][PASSED] - comparePS.ProposalASL2.ComparePS is PASSED

2020-11-11 23:26:34 - [TEST_STEP][PASSED] - comparePS.KeywordPS.callStatus(strNoAPK2, "sheetAPK2", 17): comparePS.KeywordPS.callStatus is PASSED

2020-11-11 23:26:34 - [MESSAGE][PASSED] - comparePS.KeywordPS.callStatus is PASSED

2020-11-11 23:26:34 - [TEST_STEP][PASSED] - runTime.reset(): null

2020-11-11 23:26:34 - [TEST_STEP][PASSED] - runTime.start(): null

2020-11-11 23:26:34 - [TEST_STEP][PASSED] - dataCompareAPK2 = findTestData("dt-2/dt_APK"): null

2020-11-11 23:26:34 - [TEST_STEP][PASSED] - strNoAPK2 = dataCompareAPK2.getValue("NO", excelRow): null

2020-11-11 23:26:34 - [TEST_STEP][PASSED] - comparePS.ProposalASL2.ComparePS(strNoAPK2, excelRow): comparePS.ProposalASL2.ComparePS is PASSED

2020-11-11 23:26:34 - [MESSAGE][PASSED] - comparePS.ProposalASL2.ComparePS is PASSED

2020-11-11 23:26:34 - [TEST_STEP][PASSED] - comparePS.KeywordPS.callStatus(strNoAPK2, "sheetAPK2", 17): comparePS.KeywordPS.callStatus is PASSED

2020-11-11 23:26:34 - [MESSAGE][PASSED] - comparePS.KeywordPS.callStatus is PASSED

2020-11-11 23:26:34 - [TEST_STEP][PASSED] - runTime.reset(): null

2020-11-11 23:26:34 - [TEST_STEP][PASSED] - runTime.start(): null

2020-11-11 23:26:34 - [TEST_STEP][PASSED] - dataCompareAPK2 = findTestData("dt-2/dt_APK"): null

2020-11-11 23:26:34 - [TEST_STEP][PASSED] - strNoAPK2 = dataCompareAPK2.getValue("NO", excelRow): null

2020-11-11 23:26:34 - [TEST_STEP][PASSED] - comparePS.ProposalASL2.ComparePS(strNoAPK2, excelRow): comparePS.ProposalASL2.ComparePS is PASSED

2020-11-11 23:26:34 - [MESSAGE][PASSED] - comparePS.ProposalASL2.ComparePS is PASSED

2020-11-11 23:26:34 - [TEST_STEP][PASSED] - comparePS.KeywordPS.callStatus(strNoAPK2, "sheetAPK2", 17): comparePS.KeywordPS.callStatus is PASSED

2020-11-11 23:26:34 - [MESSAGE][PASSED] - comparePS.KeywordPS.callStatus is PASSED

2020-11-11 23:26:34 - [TEST_STEP][PASSED] - runTime.reset(): null

2020-11-11 23:26:34 - [TEST_STEP][PASSED] - runTime.start(): null

2020-11-11 23:26:34 - [TEST_STEP][PASSED] - dataCompareAPK2 = findTestData("dt-2/dt_APK"): null

2020-11-11 23:26:34 - [TEST_STEP][PASSED] - strNoAPK2 = dataCompareAPK2.getValue("NO", excelRow): null

2020-11-11 23:26:34 - [TEST_STEP][PASSED] - comparePS.ProposalASL2.ComparePS(strNoAPK2, excelRow): comparePS.ProposalASL2.ComparePS is PASSED

2020-11-11 23:26:34 - [MESSAGE][PASSED] - comparePS.ProposalASL2.ComparePS is PASSED

2020-11-11 23:26:34 - [TEST_STEP][PASSED] - comparePS.KeywordPS.callStatus(strNoAPK2, "sheetAPK2", 17): comparePS.KeywordPS.callStatus is PASSED

2020-11-11 23:26:35 - [MESSAGE][PASSED] - comparePS.KeywordPS.callStatus is PASSED

2020-11-11 23:26:35 - [TEST_STEP][PASSED] - runTime.reset(): null

2020-11-11 23:26:35 - [TEST_STEP][PASSED] - runTime.start(): null

2020-11-11 23:26:35 - [TEST_STEP][PASSED] - dataCompareAPK2 = findTestData("dt-2/dt_APK"): null

2020-11-11 23:26:35 - [TEST_STEP][PASSED] - strNoAPK2 = dataCompareAPK2.getValue("NO", excelRow): null

2020-11-11 23:26:35 - [TEST_STEP][PASSED] - comparePS.ProposalASL2.ComparePS(strNoAPK2, excelRow): comparePS.ProposalASL2.ComparePS is PASSED

2020-11-11 23:26:35 - [MESSAGE][PASSED] - comparePS.ProposalASL2.ComparePS is PASSED

2020-11-11 23:26:35 - [TEST_STEP][PASSED] - comparePS.KeywordPS.callStatus(strNoAPK2, "sheetAPK2", 17): comparePS.KeywordPS.callStatus is PASSED

2020-11-11 23:26:35 - [MESSAGE][PASSED] - comparePS.KeywordPS.callStatus is PASSED

2020-11-11 23:26:35 - [TEST_STEP][PASSED] - runTime.reset(): null

2020-11-11 23:26:35 - [TEST_STEP][PASSED] - runTime.start(): null

2020-11-11 23:26:35 - [TEST_STEP][PASSED] - dataCompareAPK2 = findTestData("dt-2/dt_APK"): null

2020-11-11 23:26:35 - [TEST_STEP][PASSED] - strNoAPK2 = dataCompareAPK2.getValue("NO", excelRow): null

2020-11-11 23:26:35 - [TEST_STEP][PASSED] - comparePS.ProposalASL2.ComparePS(strNoAPK2, excelRow): comparePS.ProposalASL2.ComparePS is PASSED

2020-11-11 23:26:35 - [MESSAGE][PASSED] - comparePS.ProposalASL2.ComparePS is PASSED

2020-11-11 23:26:35 - [TEST_STEP][PASSED] - comparePS.KeywordPS.callStatus(strNoAPK2, "sheetAPK2", 17): comparePS.KeywordPS.callStatus is PASSED

2020-11-11 23:26:36 - [MESSAGE][PASSED] - comparePS.KeywordPS.callStatus is PASSED

2020-11-11 23:26:36 - [TEST_STEP][PASSED] - runTime.reset(): null

2020-11-11 23:26:36 - [TEST_STEP][PASSED] - runTime.start(): null

2020-11-11 23:26:36 - [TEST_STEP][PASSED] - dataCompareAPK2 = findTestData("dt-2/dt_APK"): null

2020-11-11 23:26:36 - [TEST_STEP][PASSED] - strNoAPK2 = dataCompareAPK2.getValue("NO", excelRow): null

2020-11-11 23:26:36 - [TEST_STEP][PASSED] - comparePS.ProposalASL2.ComparePS(strNoAPK2, excelRow): comparePS.ProposalASL2.ComparePS is PASSED

2020-11-11 23:26:36 - [MESSAGE][PASSED] - comparePS.ProposalASL2.ComparePS is PASSED

2020-11-11 23:26:36 - [TEST_STEP][PASSED] - comparePS.KeywordPS.callStatus(strNoAPK2, "sheetAPK2", 17): comparePS.KeywordPS.callStatus is PASSED

2020-11-11 23:26:36 - [MESSAGE][PASSED] - comparePS.KeywordPS.callStatus is PASSED

2020-11-11 23:26:36 - [TEST_STEP][PASSED] - runTime.reset(): null

2020-11-11 23:26:36 - [TEST_STEP][PASSED] - runTime.start(): null

2020-11-11 23:26:36 - [TEST_STEP][PASSED] - dataCompareAPK2 = findTestData("dt-2/dt_APK"): null

2020-11-11 23:26:36 - [TEST_STEP][PASSED] - strNoAPK2 = dataCompareAPK2.getValue("NO", excelRow): null

2020-11-11 23:26:36 - [TEST_STEP][PASSED] - comparePS.ProposalASL2.ComparePS(strNoAPK2, excelRow): comparePS.ProposalASL2.ComparePS is PASSED

2020-11-11 23:26:36 - [MESSAGE][PASSED] - comparePS.ProposalASL2.ComparePS is PASSED

2020-11-11 23:26:36 - [TEST_STEP][PASSED] - comparePS.KeywordPS.callStatus(strNoAPK2, "sheetAPK2", 17): comparePS.KeywordPS.callStatus is PASSED

2020-11-11 23:26:37 - [MESSAGE][PASSED] - comparePS.KeywordPS.callStatus is PASSED

2020-11-11 23:26:37 - [TEST_STEP][PASSED] - runTime.reset(): null

2020-11-11 23:26:37 - [TEST_STEP][PASSED] - runTime.start(): null

2020-11-11 23:26:37 - [TEST_STEP][PASSED] - dataCompareAPK2 = findTestData("dt-2/dt_APK"): null

2020-11-11 23:26:37 - [TEST_STEP][PASSED] - strNoAPK2 = dataCompareAPK2.getValue("NO", excelRow): null

2020-11-11 23:26:37 - [TEST_STEP][PASSED] - comparePS.ProposalASL2.ComparePS(strNoAPK2, excelRow): comparePS.ProposalASL2.ComparePS is PASSED

2020-11-11 23:26:37 - [MESSAGE][PASSED] - comparePS.ProposalASL2.ComparePS is PASSED

2020-11-11 23:26:37 - [TEST_STEP][PASSED] - comparePS.KeywordPS.callStatus(strNoAPK2, "sheetAPK2", 17): comparePS.KeywordPS.callStatus is PASSED

2020-11-11 23:26:37 - [MESSAGE][PASSED] - comparePS.KeywordPS.callStatus is PASSED

2020-11-11 23:26:37 - [TEST_STEP][PASSED] - runTime.reset(): null

2020-11-11 23:26:37 - [TEST_STEP][PASSED] - runTime.start(): null

2020-11-11 23:26:37 - [TEST_STEP][PASSED] - dataCompareAPK2 = findTestData("dt-2/dt_APK"): null

2020-11-11 23:26:37 - [TEST_STEP][PASSED] - strNoAPK2 = dataCompareAPK2.getValue("NO", excelRow): null

2020-11-11 23:26:37 - [TEST_STEP][PASSED] - comparePS.ProposalASL2.ComparePS(strNoAPK2, excelRow): comparePS.ProposalASL2.ComparePS is PASSED

2020-11-11 23:26:37 - [MESSAGE][PASSED] - comparePS.ProposalASL2.ComparePS is PASSED

2020-11-11 23:26:37 - [TEST_STEP][PASSED] - comparePS.KeywordPS.callStatus(strNoAPK2, "sheetAPK2", 17): comparePS.KeywordPS.callStatus is PASSED

2020-11-11 23:26:37 - [MESSAGE][PASSED] - comparePS.KeywordPS.callStatus is PASSED

2020-11-11 23:26:37 - [TEST_STEP][PASSED] - runTime.reset(): null

2020-11-11 23:26:37 - [TEST_STEP][PASSED] - runTime.start(): null

2020-11-11 23:26:37 - [TEST_STEP][PASSED] - dataCompareAPK2 = findTestData("dt-2/dt_APK"): null

2020-11-11 23:26:37 - [TEST_STEP][PASSED] - strNoAPK2 = dataCompareAPK2.getValue("NO", excelRow): null

2020-11-11 23:26:37 - [TEST_STEP][PASSED] - comparePS.ProposalASL2.ComparePS(strNoAPK2, excelRow): comparePS.ProposalASL2.ComparePS is PASSED

2020-11-11 23:26:37 - [MESSAGE][PASSED] - comparePS.ProposalASL2.ComparePS is PASSED

2020-11-11 23:26:37 - [TEST_STEP][PASSED] - comparePS.KeywordPS.callStatus(strNoAPK2, "sheetAPK2", 17): comparePS.KeywordPS.callStatus is PASSED

2020-11-11 23:26:38 - [MESSAGE][PASSED] - comparePS.KeywordPS.callStatus is PASSED

2020-11-11 23:26:38 - [TEST_STEP][PASSED] - runTime.reset(): null

2020-11-11 23:26:38 - [TEST_STEP][PASSED] - runTime.start(): null

2020-11-11 23:26:38 - [TEST_STEP][PASSED] - dataCompareAPK2 = findTestData("dt-2/dt_APK"): null

2020-11-11 23:26:38 - [TEST_STEP][PASSED] - strNoAPK2 = dataCompareAPK2.getValue("NO", excelRow): null

2020-11-11 23:26:38 - [TEST_STEP][PASSED] - comparePS.ProposalASL2.ComparePS(strNoAPK2, excelRow): comparePS.ProposalASL2.ComparePS is PASSED

2020-11-11 23:26:38 - [MESSAGE][PASSED] - comparePS.ProposalASL2.ComparePS is PASSED

2020-11-11 23:26:38 - [TEST_STEP][PASSED] - comparePS.KeywordPS.callStatus(strNoAPK2, "sheetAPK2", 17): comparePS.KeywordPS.callStatus is PASSED

2020-11-11 23:26:38 - [MESSAGE][PASSED] - comparePS.KeywordPS.callStatus is PASSED

2020-11-11 23:26:38 - [TEST_STEP][PASSED] - runTime.reset(): null

2020-11-11 23:26:38 - [TEST_STEP][PASSED] - runTime.start(): null

2020-11-11 23:26:38 - [TEST_STEP][PASSED] - dataCompareAPK2 = findTestData("dt-2/dt_APK"): null

2020-11-11 23:26:38 - [TEST_STEP][PASSED] - strNoAPK2 = dataCompareAPK2.getValue("NO", excelRow): null

2020-11-11 23:26:38 - [TEST_STEP][PASSED] - comparePS.ProposalASL2.ComparePS(strNoAPK2, excelRow): comparePS.ProposalASL2.ComparePS is PASSED

2020-11-11 23:26:38 - [MESSAGE][PASSED] - comparePS.ProposalASL2.ComparePS is PASSED

2020-11-11 23:26:38 - [TEST_STEP][PASSED] - comparePS.KeywordPS.callStatus(strNoAPK2, "sheetAPK2", 17): comparePS.KeywordPS.callStatus is PASSED

2020-11-11 23:26:38 - [MESSAGE][PASSED] - comparePS.KeywordPS.callStatus is PASSED

2020-11-11 23:26:38 - [TEST_STEP][PASSED] - runTime.reset(): null

2020-11-11 23:26:38 - [TEST_STEP][PASSED] - runTime.start(): null

2020-11-11 23:26:38 - [TEST_STEP][PASSED] - dataCompareAPK2 = findTestData("dt-2/dt_APK"): null

2020-11-11 23:26:38 - [TEST_STEP][PASSED] - strNoAPK2 = dataCompareAPK2.getValue("NO", excelRow): null

2020-11-11 23:26:38 - [TEST_STEP][PASSED] - comparePS.ProposalASL2.ComparePS(strNoAPK2, excelRow): comparePS.ProposalASL2.ComparePS is PASSED

2020-11-11 23:26:39 - [MESSAGE][PASSED] - comparePS.ProposalASL2.ComparePS is PASSED

2020-11-11 23:26:39 - [TEST_STEP][PASSED] - comparePS.KeywordPS.callStatus(strNoAPK2, "sheetAPK2", 17): comparePS.KeywordPS.callStatus is PASSED

2020-11-11 23:26:39 - [MESSAGE][PASSED] - comparePS.KeywordPS.callStatus is PASSED

2020-11-11 23:26:39 - [TEST_STEP][PASSED] - runTime.reset(): null

2020-11-11 23:26:39 - [TEST_STEP][PASSED] - runTime.start(): null

2020-11-11 23:26:39 - [TEST_STEP][PASSED] - dataCompareAPK2 = findTestData("dt-2/dt_APK"): null

2020-11-11 23:26:39 - [TEST_STEP][PASSED] - strNoAPK2 = dataCompareAPK2.getValue("NO", excelRow): null

2020-11-11 23:26:39 - [TEST_STEP][PASSED] - comparePS.ProposalASL2.ComparePS(strNoAPK2, excelRow): comparePS.ProposalASL2.ComparePS is PASSED

2020-11-11 23:26:39 - [MESSAGE][PASSED] - comparePS.ProposalASL2.ComparePS is PASSED

2020-11-11 23:26:39 - [TEST_STEP][PASSED] - comparePS.KeywordPS.callStatus(strNoAPK2, "sheetAPK2", 17): comparePS.KeywordPS.callStatus is PASSED

2020-11-11 23:26:39 - [MESSAGE][PASSED] - comparePS.KeywordPS.callStatus is PASSED

2020-11-11 23:26:39 - [TEST_STEP][PASSED] - runTime.reset(): null

2020-11-11 23:26:39 - [TEST_STEP][PASSED] - runTime.start(): null

2020-11-11 23:26:39 - [TEST_STEP][PASSED] - dataCompareAPK2 = findTestData("dt-2/dt_APK"): null

2020-11-11 23:26:39 - [TEST_STEP][PASSED] - strNoAPK2 = dataCompareAPK2.getValue("NO", excelRow): null

2020-11-11 23:26:39 - [TEST_STEP][PASSED] - comparePS.ProposalASL2.ComparePS(strNoAPK2, excelRow): comparePS.ProposalASL2.ComparePS is PASSED

2020-11-11 23:26:39 - [MESSAGE][PASSED] - comparePS.ProposalASL2.ComparePS is PASSED

2020-11-11 23:26:39 - [TEST_STEP][PASSED] - comparePS.KeywordPS.callStatus(strNoAPK2, "sheetAPK2", 17): comparePS.KeywordPS.callStatus is PASSED

2020-11-11 23:26:39 - [MESSAGE][PASSED] - comparePS.KeywordPS.callStatus is PASSED

2020-11-11 23:26:39 - [TEST_STEP][PASSED] - runTime.reset(): null

2020-11-11 23:26:39 - [TEST_STEP][PASSED] - runTime.start(): null

2020-11-11 23:26:39 - [TEST_STEP][PASSED] - dataCompareAPK2 = findTestData("dt-2/dt_APK"): null

2020-11-11 23:26:39 - [TEST_STEP][PASSED] - strNoAPK2 = dataCompareAPK2.getValue("NO", excelRow): null

2020-11-11 23:26:39 - [TEST_STEP][PASSED] - comparePS.ProposalASL2.ComparePS(strNoAPK2, excelRow): comparePS.ProposalASL2.ComparePS is PASSED

2020-11-11 23:26:40 - [MESSAGE][PASSED] - comparePS.ProposalASL2.ComparePS is PASSED

2020-11-11 23:26:40 - [TEST_STEP][PASSED] - comparePS.KeywordPS.callStatus(strNoAPK2, "sheetAPK2", 17): comparePS.KeywordPS.callStatus is PASSED

2020-11-11 23:26:40 - [MESSAGE][PASSED] - comparePS.KeywordPS.callStatus is PASSED

2020-11-11 23:26:40 - [TEST_STEP][PASSED] - runTime.reset(): null

2020-11-11 23:26:40 - [TEST_STEP][PASSED] - runTime.start(): null

2020-11-11 23:26:40 - [TEST_STEP][PASSED] - dataCompareAPK2 = findTestData("dt-2/dt_APK"): null

2020-11-11 23:26:40 - [TEST_STEP][PASSED] - strNoAPK2 = dataCompareAPK2.getValue("NO", excelRow): null

2020-11-11 23:26:40 - [TEST_STEP][PASSED] - comparePS.ProposalASL2.ComparePS(strNoAPK2, excelRow): comparePS.ProposalASL2.ComparePS is PASSED

2020-11-11 23:26:40 - [MESSAGE][PASSED] - comparePS.ProposalASL2.ComparePS is PASSED

2020-11-11 23:26:40 - [TEST_STEP][PASSED] - comparePS.KeywordPS.callStatus(strNoAPK2, "sheetAPK2", 17): comparePS.KeywordPS.callStatus is PASSED

2020-11-11 23:26:40 - [MESSAGE][PASSED] - comparePS.KeywordPS.callStatus is PASSED

2020-11-11 23:26:40 - [TEST_STEP][PASSED] - runTime.reset(): null

2020-11-11 23:26:40 - [TEST_STEP][PASSED] - runTime.start(): null

2020-11-11 23:26:40 - [TEST_STEP][PASSED] - dataCompareAPK2 = findTestData("dt-2/dt_APK"): null

2020-11-11 23:26:40 - [TEST_STEP][PASSED] - strNoAPK2 = dataCompareAPK2.getValue("NO", excelRow): null

2020-11-11 23:26:40 - [TEST_STEP][PASSED] - comparePS.ProposalASL2.ComparePS(strNoAPK2, excelRow): comparePS.ProposalASL2.ComparePS is PASSED

2020-11-11 23:26:40 - [MESSAGE][PASSED] - comparePS.ProposalASL2.ComparePS is PASSED

2020-11-11 23:26:40 - [TEST_STEP][PASSED] - comparePS.KeywordPS.callStatus(strNoAPK2, "sheetAPK2", 17): comparePS.KeywordPS.callStatus is PASSED

2020-11-11 23:26:40 - [MESSAGE][PASSED] - comparePS.KeywordPS.callStatus is PASSED

2020-11-11 23:26:40 - [TEST_STEP][PASSED] - runTime.reset(): null

2020-11-11 23:26:40 - [TEST_STEP][PASSED] - runTime.start(): null

2020-11-11 23:26:40 - [TEST_STEP][PASSED] - dataCompareAPK2 = findTestData("dt-2/dt_APK"): null

2020-11-11 23:26:40 - [TEST_STEP][PASSED] - strNoAPK2 = dataCompareAPK2.getValue("NO", excelRow): null

2020-11-11 23:26:40 - [TEST_STEP][PASSED] - comparePS.ProposalASL2.ComparePS(strNoAPK2, excelRow): comparePS.ProposalASL2.ComparePS is PASSED

2020-11-11 23:26:41 - [MESSAGE][PASSED] - comparePS.ProposalASL2.ComparePS is PASSED

2020-11-11 23:26:41 - [TEST_STEP][PASSED] - comparePS.KeywordPS.callStatus(strNoAPK2, "sheetAPK2", 17): comparePS.KeywordPS.callStatus is PASSED

2020-11-11 23:26:41 - [MESSAGE][PASSED] - comparePS.KeywordPS.callStatus is PASSED

2020-11-11 23:26:41 - [TEST_STEP][PASSED] - runTime.reset(): null

2020-11-11 23:26:41 - [TEST_STEP][PASSED] - runTime.start(): null

2020-11-11 23:26:41 - [TEST_STEP][PASSED] - dataCompareAPK2 = findTestData("dt-2/dt_APK"): null

2020-11-11 23:26:41 - [TEST_STEP][PASSED] - strNoAPK2 = dataCompareAPK2.getValue("NO", excelRow): null

2020-11-11 23:26:41 - [TEST_STEP][PASSED] - comparePS.ProposalASL2.ComparePS(strNoAPK2, excelRow): comparePS.ProposalASL2.ComparePS is PASSED

2020-11-11 23:26:41 - [MESSAGE][PASSED] - comparePS.ProposalASL2.ComparePS is PASSED

2020-11-11 23:26:41 - [TEST_STEP][PASSED] - comparePS.KeywordPS.callStatus(strNoAPK2, "sheetAPK2", 17): comparePS.KeywordPS.callStatus is PASSED

2020-11-11 23:26:41 - [MESSAGE][PASSED] - comparePS.KeywordPS.callStatus is PASSED

2020-11-11 23:26:41 - [TEST_STEP][PASSED] - runTime.reset(): null

2020-11-11 23:26:41 - [TEST_STEP][PASSED] - runTime.start(): null

2020-11-11 23:26:41 - [TEST_STEP][PASSED] - dataCompareAPK2 = findTestData("dt-2/dt_APK"): null

2020-11-11 23:26:41 - [TEST_STEP][PASSED] - strNoAPK2 = dataCompareAPK2.getValue("NO", excelRow): null

2020-11-11 23:26:41 - [TEST_STEP][PASSED] - comparePS.ProposalASL2.ComparePS(strNoAPK2, excelRow): comparePS.ProposalASL2.ComparePS is PASSED

2020-11-11 23:26:41 - [MESSAGE][PASSED] - comparePS.ProposalASL2.ComparePS is PASSED

2020-11-11 23:26:41 - [TEST_STEP][PASSED] - comparePS.KeywordPS.callStatus(strNoAPK2, "sheetAPK2", 17): comparePS.KeywordPS.callStatus is PASSED

2020-11-11 23:26:41 - [MESSAGE][PASSED] - comparePS.KeywordPS.callStatus is PASSED

2020-11-11 23:26:41 - [TEST_STEP][PASSED] - runTime.reset(): null

2020-11-11 23:26:41 - [TEST_STEP][PASSED] - runTime.start(): null

2020-11-11 23:26:41 - [TEST_STEP][PASSED] - dataCompareAPK2 = findTestData("dt-2/dt_APK"): null

2020-11-11 23:26:41 - [TEST_STEP][PASSED] - strNoAPK2 = dataCompareAPK2.getValue("NO", excelRow): null

2020-11-11 23:26:41 - [TEST_STEP][PASSED] - comparePS.ProposalASL2.ComparePS(strNoAPK2, excelRow): comparePS.ProposalASL2.ComparePS is PASSED

2020-11-11 23:26:42 - [MESSAGE][PASSED] - comparePS.ProposalASL2.ComparePS is PASSED

2020-11-11 23:26:42 - [TEST_STEP][PASSED] - comparePS.KeywordPS.callStatus(strNoAPK2, "sheetAPK2", 17): comparePS.KeywordPS.callStatus is PASSED

2020-11-11 23:26:42 - [MESSAGE][PASSED] - comparePS.KeywordPS.callStatus is PASSED

2020-11-11 23:26:42 - [TEST_STEP][PASSED] - runTime.reset(): null

2020-11-11 23:26:42 - [TEST_STEP][PASSED] - runTime.start(): null

2020-11-11 23:26:42 - [TEST_STEP][PASSED] - dataCompareAPK2 = findTestData("dt-2/dt_APK"): null

2020-11-11 23:26:42 - [TEST_STEP][PASSED] - strNoAPK2 = dataCompareAPK2.getValue("NO", excelRow): null

2020-11-11 23:26:42 - [TEST_STEP][PASSED] - comparePS.ProposalASL2.ComparePS(strNoAPK2, excelRow): comparePS.ProposalASL2.ComparePS is PASSED

2020-11-11 23:26:42 - [MESSAGE][PASSED] - comparePS.ProposalASL2.ComparePS is PASSED

2020-11-11 23:26:42 - [TEST_STEP][PASSED] - comparePS.KeywordPS.callStatus(strNoAPK2, "sheetAPK2", 17): comparePS.KeywordPS.callStatus is PASSED

2020-11-11 23:26:42 - [MESSAGE][PASSED] - comparePS.KeywordPS.callStatus is PASSED

2020-11-11 23:26:42 - [TEST_STEP][PASSED] - runTime.reset(): null

2020-11-11 23:26:42 - [TEST_STEP][PASSED] - runTime.start(): null

2020-11-11 23:26:42 - [TEST_STEP][PASSED] - dataCompareAPK2 = findTestData("dt-2/dt_APK"): null

2020-11-11 23:26:42 - [TEST_STEP][PASSED] - strNoAPK2 = dataCompareAPK2.getValue("NO", excelRow): null

2020-11-11 23:26:42 - [TEST_STEP][PASSED] - comparePS.ProposalASL2.ComparePS(strNoAPK2, excelRow): comparePS.ProposalASL2.ComparePS is PASSED

2020-11-11 23:26:42 - [MESSAGE][PASSED] - comparePS.ProposalASL2.ComparePS is PASSED

2020-11-11 23:26:42 - [TEST_STEP][PASSED] - comparePS.KeywordPS.callStatus(strNoAPK2, "sheetAPK2", 17): comparePS.KeywordPS.callStatus is PASSED

2020-11-11 23:26:42 - [MESSAGE][PASSED] - comparePS.KeywordPS.callStatus is PASSED

2020-11-11 23:26:42 - [TEST_STEP][PASSED] - runTime.reset(): null

2020-11-11 23:26:42 - [TEST_STEP][PASSED] - runTime.start(): null

2020-11-11 23:26:42 - [TEST_STEP][PASSED] - dataCompareAPK2 = findTestData("dt-2/dt_APK"): null

2020-11-11 23:26:42 - [TEST_STEP][PASSED] - strNoAPK2 = dataCompareAPK2.getValue("NO", excelRow): null

2020-11-11 23:26:42 - [TEST_STEP][PASSED] - comparePS.ProposalASL2.ComparePS(strNoAPK2, excelRow): comparePS.ProposalASL2.ComparePS is PASSED

2020-11-11 23:26:43 - [MESSAGE][PASSED] - comparePS.ProposalASL2.ComparePS is PASSED

2020-11-11 23:26:43 - [TEST_STEP][PASSED] - comparePS.KeywordPS.callStatus(strNoAPK2, "sheetAPK2", 17): comparePS.KeywordPS.callStatus is PASSED

2020-11-11 23:26:43 - [MESSAGE][PASSED] - comparePS.KeywordPS.callStatus is PASSED

2020-11-11 23:26:43 - [TEST_STEP][PASSED] - runTime.reset(): null

2020-11-11 23:26:43 - [TEST_STEP][PASSED] - runTime.start(): null

2020-11-11 23:26:43 - [TEST_STEP][PASSED] - dataCompareAPK2 = findTestData("dt-2/dt_APK"): null

2020-11-11 23:26:43 - [TEST_STEP][PASSED] - strNoAPK2 = dataCompareAPK2.getValue("NO", excelRow): null

2020-11-11 23:26:43 - [TEST_STEP][PASSED] - comparePS.ProposalASL2.ComparePS(strNoAPK2, excelRow): comparePS.ProposalASL2.ComparePS is PASSED

2020-11-11 23:26:43 - [MESSAGE][PASSED] - comparePS.ProposalASL2.ComparePS is PASSED

2020-11-11 23:26:43 - [TEST_STEP][PASSED] - comparePS.KeywordPS.callStatus(strNoAPK2, "sheetAPK2", 17): comparePS.KeywordPS.callStatus is PASSED

2020-11-11 23:26:43 - [MESSAGE][PASSED] - comparePS.KeywordPS.callStatus is PASSED

2020-11-11 23:26:43 - [TEST_STEP][PASSED] - runTime.reset(): null

2020-11-11 23:26:43 - [TEST_STEP][PASSED] - runTime.start(): null

2020-11-11 23:26:43 - [TEST_STEP][PASSED] - dataCompareAPK2 = findTestData("dt-2/dt_APK"): null

2020-11-11 23:26:43 - [TEST_STEP][PASSED] - strNoAPK2 = dataCompareAPK2.getValue("NO", excelRow): null

2020-11-11 23:26:43 - [TEST_STEP][PASSED] - comparePS.ProposalASL2.ComparePS(strNoAPK2, excelRow): comparePS.ProposalASL2.ComparePS is PASSED

2020-11-11 23:26:43 - [MESSAGE][PASSED] - comparePS.ProposalASL2.ComparePS is PASSED

2020-11-11 23:26:43 - [TEST_STEP][PASSED] - comparePS.KeywordPS.callStatus(strNoAPK2, "sheetAPK2", 17): comparePS.KeywordPS.callStatus is PASSED

2020-11-11 23:26:43 - [MESSAGE][PASSED] - comparePS.KeywordPS.callStatus is PASSED

2020-11-11 23:26:43 - [TEST_STEP][PASSED] - runTime.reset(): null

2020-11-11 23:26:43 - [TEST_STEP][PASSED] - runTime.start(): null

2020-11-11 23:26:43 - [TEST_STEP][PASSED] - dataCompareAPK2 = findTestData("dt-2/dt_APK"): null

2020-11-11 23:26:43 - [TEST_STEP][PASSED] - strNoAPK2 = dataCompareAPK2.getValue("NO", excelRow): null

2020-11-11 23:26:43 - [TEST_STEP][PASSED] - comparePS.ProposalASL2.ComparePS(strNoAPK2, excelRow): comparePS.ProposalASL2.ComparePS is PASSED

2020-11-11 23:26:44 - [MESSAGE][PASSED] - comparePS.ProposalASL2.ComparePS is PASSED

2020-11-11 23:26:44 - [TEST_STEP][PASSED] - comparePS.KeywordPS.callStatus(strNoAPK2, "sheetAPK2", 17): comparePS.KeywordPS.callStatus is PASSED

2020-11-11 23:26:44 - [MESSAGE][PASSED] - comparePS.KeywordPS.callStatus is PASSED

2020-11-11 23:26:44 - [TEST_STEP][PASSED] - runTime.reset(): null

2020-11-11 23:26:44 - [TEST_STEP][PASSED] - runTime.start(): null

2020-11-11 23:26:44 - [TEST_STEP][PASSED] - dataCompareAPK2 = findTestData("dt-2/dt_APK"): null

2020-11-11 23:26:44 - [TEST_STEP][PASSED] - strNoAPK2 = dataCompareAPK2.getValue("NO", excelRow): null

2020-11-11 23:26:44 - [TEST_STEP][PASSED] - comparePS.ProposalASL2.ComparePS(strNoAPK2, excelRow): comparePS.ProposalASL2.ComparePS is PASSED

2020-11-11 23:26:44 - [MESSAGE][PASSED] - comparePS.ProposalASL2.ComparePS is PASSED

2020-11-11 23:26:44 - [TEST_STEP][PASSED] - comparePS.KeywordPS.callStatus(strNoAPK2, "sheetAPK2", 17): comparePS.KeywordPS.callStatus is PASSED

2020-11-11 23:26:44 - [MESSAGE][PASSED] - comparePS.KeywordPS.callStatus is PASSED

2020-11-11 23:26:44 - [TEST_STEP][PASSED] - runTime.reset(): null

2020-11-11 23:26:44 - [TEST_STEP][PASSED] - runTime.start(): null

2020-11-11 23:26:44 - [TEST_STEP][PASSED] - dataCompareAPK2 = findTestData("dt-2/dt_APK"): null

2020-11-11 23:26:44 - [TEST_STEP][PASSED] - strNoAPK2 = dataCompareAPK2.getValue("NO", excelRow): null

2020-11-11 23:26:44 - [TEST_STEP][PASSED] - comparePS.ProposalASL2.ComparePS(strNoAPK2, excelRow): comparePS.ProposalASL2.ComparePS is PASSED

2020-11-11 23:26:44 - [MESSAGE][PASSED] - comparePS.ProposalASL2.ComparePS is PASSED

2020-11-11 23:26:44 - [TEST_STEP][PASSED] - comparePS.KeywordPS.callStatus(strNoAPK2, "sheetAPK2", 17): comparePS.KeywordPS.callStatus is PASSED

2020-11-11 23:26:44 - [MESSAGE][PASSED] - comparePS.KeywordPS.callStatus is PASSED

2020-11-11 23:26:44 - [TEST_STEP][PASSED] - runTime.reset(): null

2020-11-11 23:26:44 - [TEST_STEP][PASSED] - runTime.start(): null

2020-11-11 23:26:44 - [TEST_STEP][PASSED] - dataCompareAPK2 = findTestData("dt-2/dt_APK"): null

2020-11-11 23:26:44 - [TEST_STEP][PASSED] - strNoAPK2 = dataCompareAPK2.getValue("NO", excelRow): null

2020-11-11 23:26:44 - [TEST_STEP][PASSED] - comparePS.ProposalASL2.ComparePS(strNoAPK2, excelRow): comparePS.ProposalASL2.ComparePS is PASSED

2020-11-11 23:26:45 - [MESSAGE][PASSED] - comparePS.ProposalASL2.ComparePS is PASSED

2020-11-11 23:26:45 - [TEST_STEP][PASSED] - comparePS.KeywordPS.callStatus(strNoAPK2, "sheetAPK2", 17): comparePS.KeywordPS.callStatus is PASSED

2020-11-11 23:26:45 - [MESSAGE][PASSED] - comparePS.KeywordPS.callStatus is PASSED

2020-11-11 23:26:45 - [TEST_STEP][PASSED] - runTime.reset(): null

2020-11-11 23:26:45 - [TEST_STEP][PASSED] - runTime.start(): null

2020-11-11 23:26:45 - [TEST_STEP][PASSED] - dataCompareAPK2 = findTestData("dt-2/dt_APK"): null

2020-11-11 23:26:45 - [TEST_STEP][PASSED] - strNoAPK2 = dataCompareAPK2.getValue("NO", excelRow): null

2020-11-11 23:26:45 - [TEST_STEP][PASSED] - comparePS.ProposalASL2.ComparePS(strNoAPK2, excelRow): comparePS.ProposalASL2.ComparePS is PASSED

2020-11-11 23:26:45 - [MESSAGE][PASSED] - comparePS.ProposalASL2.ComparePS is PASSED

2020-11-11 23:26:45 - [TEST_STEP][PASSED] - comparePS.KeywordPS.callStatus(strNoAPK2, "sheetAPK2", 17): comparePS.KeywordPS.callStatus is PASSED

2020-11-11 23:26:45 - [MESSAGE][PASSED] - comparePS.KeywordPS.callStatus is PASSED

2020-11-11 23:26:45 - [TEST_STEP][PASSED] - runTime.reset(): null

2020-11-11 23:26:45 - [TEST_STEP][PASSED] - runTime.start(): null

2020-11-11 23:26:45 - [TEST_STEP][PASSED] - dataCompareAPK2 = findTestData("dt-2/dt_APK"): null

2020-11-11 23:26:45 - [TEST_STEP][PASSED] - strNoAPK2 = dataCompareAPK2.getValue("NO", excelRow): null

2020-11-11 23:26:45 - [TEST_STEP][PASSED] - comparePS.ProposalASL2.ComparePS(strNoAPK2, excelRow): comparePS.ProposalASL2.ComparePS is PASSED

2020-11-11 23:26:45 - [MESSAGE][PASSED] - comparePS.ProposalASL2.ComparePS is PASSED

2020-11-11 23:26:45 - [TEST_STEP][PASSED] - comparePS.KeywordPS.callStatus(strNoAPK2, "sheetAPK2", 17): comparePS.KeywordPS.callStatus is PASSED

2020-11-11 23:26:46 - [MESSAGE][PASSED] - comparePS.KeywordPS.callStatus is PASSED

2020-11-11 23:26:46 - [TEST_STEP][PASSED] - runTime.reset(): null

2020-11-11 23:26:46 - [TEST_STEP][PASSED] - runTime.start(): null

2020-11-11 23:26:46 - [TEST_STEP][PASSED] - dataCompareAPK2 = findTestData("dt-2/dt_APK"): null

2020-11-11 23:26:46 - [TEST_STEP][PASSED] - strNoAPK2 = dataCompareAPK2.getValue("NO", excelRow): null

2020-11-11 23:26:46 - [TEST_STEP][PASSED] - comparePS.ProposalASL2.ComparePS(strNoAPK2, excelRow): comparePS.ProposalASL2.ComparePS is PASSED

2020-11-11 23:26:46 - [MESSAGE][PASSED] - comparePS.ProposalASL2.ComparePS is PASSED

2020-11-11 23:26:46 - [TEST_STEP][PASSED] - comparePS.KeywordPS.callStatus(strNoAPK2, "sheetAPK2", 17): comparePS.KeywordPS.callStatus is PASSED

2020-11-11 23:26:46 - [MESSAGE][PASSED] - comparePS.KeywordPS.callStatus is PASSED

2020-11-11 23:26:46 - [TEST_STEP][PASSED] - runTime.reset(): null

2020-11-11 23:26:46 - [TEST_STEP][PASSED] - runTime.start(): null

2020-11-11 23:26:46 - [TEST_STEP][PASSED] - dataCompareAPK2 = findTestData("dt-2/dt_APK"): null

2020-11-11 23:26:46 - [TEST_STEP][PASSED] - strNoAPK2 = dataCompareAPK2.getValue("NO", excelRow): null

2020-11-11 23:26:46 - [TEST_STEP][PASSED] - comparePS.ProposalASL2.ComparePS(strNoAPK2, excelRow): comparePS.ProposalASL2.ComparePS is PASSED

2020-11-11 23:26:46 - [MESSAGE][PASSED] - comparePS.ProposalASL2.ComparePS is PASSED

2020-11-11 23:26:46 - [TEST_STEP][PASSED] - comparePS.KeywordPS.callStatus(strNoAPK2, "sheetAPK2", 17): comparePS.KeywordPS.callStatus is PASSED

2020-11-11 23:26:46 - [MESSAGE][PASSED] - comparePS.KeywordPS.callStatus is PASSED

2020-11-11 23:26:46 - [TEST_STEP][PASSED] - runTime.reset(): null

2020-11-11 23:26:46 - [TEST_STEP][PASSED] - runTime.start(): null

2020-11-11 23:26:46 - [TEST_STEP][PASSED] - dataCompareAPK2 = findTestData("dt-2/dt_APK"): null

2020-11-11 23:26:46 - [TEST_STEP][PASSED] - strNoAPK2 = dataCompareAPK2.getValue("NO", excelRow): null

2020-11-11 23:26:46 - [TEST_STEP][PASSED] - comparePS.ProposalASL2.ComparePS(strNoAPK2, excelRow): comparePS.ProposalASL2.ComparePS is PASSED

2020-11-11 23:26:46 - [MESSAGE][PASSED] - comparePS.ProposalASL2.ComparePS is PASSED

2020-11-11 23:26:46 - [TEST_STEP][PASSED] - comparePS.KeywordPS.callStatus(strNoAPK2, "sheetAPK2", 17): comparePS.KeywordPS.callStatus is PASSED

2020-11-11 23:26:47 - [MESSAGE][PASSED] - comparePS.KeywordPS.callStatus is PASSED

2020-11-11 23:26:47 - [TEST_STEP][PASSED] - runTime.reset(): null

2020-11-11 23:26:47 - [TEST_STEP][PASSED] - runTime.start(): null

2020-11-11 23:26:47 - [TEST_STEP][PASSED] - dataCompareAPK2 = findTestData("dt-2/dt_APK"): null

2020-11-11 23:26:47 - [TEST_STEP][PASSED] - strNoAPK2 = dataCompareAPK2.getValue("NO", excelRow): null

2020-11-11 23:26:47 - [TEST_STEP][PASSED] - comparePS.ProposalASL2.ComparePS(strNoAPK2, excelRow): comparePS.ProposalASL2.ComparePS is PASSED

2020-11-11 23:26:47 - [MESSAGE][PASSED] - comparePS.ProposalASL2.ComparePS is PASSED

2020-11-11 23:26:47 - [TEST_STEP][PASSED] - comparePS.KeywordPS.callStatus(strNoAPK2, "sheetAPK2", 17): comparePS.KeywordPS.callStatus is PASSED

2020-11-11 23:26:47 - [MESSAGE][PASSED] - comparePS.KeywordPS.callStatus is PASSED

2020-11-11 23:26:47 - [TEST_STEP][PASSED] - runTime.reset(): null

2020-11-11 23:26:47 - [TEST_STEP][PASSED] - runTime.start(): null

2020-11-11 23:26:47 - [TEST_STEP][PASSED] - dataCompareAPK2 = findTestData("dt-2/dt_APK"): null

2020-11-11 23:26:47 - [TEST_STEP][PASSED] - strNoAPK2 = dataCompareAPK2.getValue("NO", excelRow): null

2020-11-11 23:26:47 - [TEST_STEP][PASSED] - comparePS.ProposalASL2.ComparePS(strNoAPK2, excelRow): comparePS.ProposalASL2.ComparePS is PASSED

2020-11-11 23:26:47 - [MESSAGE][PASSED] - comparePS.ProposalASL2.ComparePS is PASSED

2020-11-11 23:26:47 - [TEST_STEP][PASSED] - comparePS.KeywordPS.callStatus(strNoAPK2, "sheetAPK2", 17): comparePS.KeywordPS.callStatus is PASSED

2020-11-11 23:26:47 - [MESSAGE][PASSED] - comparePS.KeywordPS.callStatus is PASSED

2020-11-11 23:26:47 - [TEST_STEP][PASSED] - runTime.reset(): null

2020-11-11 23:26:47 - [TEST_STEP][PASSED] - runTime.start(): null

2020-11-11 23:26:47 - [TEST_STEP][PASSED] - dataCompareAPK2 = findTestData("dt-2/dt_APK"): null

2020-11-11 23:26:47 - [TEST_STEP][PASSED] - strNoAPK2 = dataCompareAPK2.getValue("NO", excelRow): null

2020-11-11 23:26:47 - [TEST_STEP][PASSED] - comparePS.ProposalASL2.ComparePS(strNoAPK2, excelRow): comparePS.ProposalASL2.ComparePS is PASSED

2020-11-11 23:26:47 - [MESSAGE][PASSED] - comparePS.ProposalASL2.ComparePS is PASSED

2020-11-11 23:26:47 - [TEST_STEP][PASSED] - comparePS.KeywordPS.callStatus(strNoAPK2, "sheetAPK2", 17): comparePS.KeywordPS.callStatus is PASSED

2020-11-11 23:26:48 - [MESSAGE][PASSED] - comparePS.KeywordPS.callStatus is PASSED

2020-11-11 23:26:48 - [TEST_STEP][PASSED] - runTime.reset(): null

2020-11-11 23:26:48 - [TEST_STEP][PASSED] - runTime.start(): null

2020-11-11 23:26:48 - [TEST_STEP][PASSED] - dataCompareAPK2 = findTestData("dt-2/dt_APK"): null

2020-11-11 23:26:48 - [TEST_STEP][PASSED] - strNoAPK2 = dataCompareAPK2.getValue("NO", excelRow): null

2020-11-11 23:26:48 - [TEST_STEP][PASSED] - comparePS.ProposalASL2.ComparePS(strNoAPK2, excelRow): comparePS.ProposalASL2.ComparePS is PASSED

2020-11-11 23:26:48 - [MESSAGE][PASSED] - comparePS.ProposalASL2.ComparePS is PASSED

2020-11-11 23:26:48 - [TEST_STEP][PASSED] - comparePS.KeywordPS.callStatus(strNoAPK2, "sheetAPK2", 17): comparePS.KeywordPS.callStatus is PASSED

2020-11-11 23:26:48 - [MESSAGE][PASSED] - comparePS.KeywordPS.callStatus is PASSED

2020-11-11 23:26:48 - [TEST_STEP][PASSED] - runTime.reset(): null

2020-11-11 23:26:48 - [TEST_STEP][PASSED] - runTime.start(): null

2020-11-11 23:26:48 - [TEST_STEP][PASSED] - dataCompareAPK2 = findTestData("dt-2/dt_APK"): null

2020-11-11 23:26:48 - [TEST_STEP][PASSED] - strNoAPK2 = dataCompareAPK2.getValue("NO", excelRow): null

2020-11-11 23:26:48 - [TEST_STEP][PASSED] - comparePS.ProposalASL2.ComparePS(strNoAPK2, excelRow): comparePS.ProposalASL2.ComparePS is PASSED

2020-11-11 23:26:48 - [MESSAGE][PASSED] - comparePS.ProposalASL2.ComparePS is PASSED

2020-11-11 23:26:48 - [TEST_STEP][PASSED] - comparePS.KeywordPS.callStatus(strNoAPK2, "sheetAPK2", 17): comparePS.KeywordPS.callStatus is PASSED

2020-11-11 23:26:48 - [MESSAGE][PASSED] - comparePS.KeywordPS.callStatus is PASSED

2020-11-11 23:26:48 - [TEST_STEP][PASSED] - runTime.reset(): null

2020-11-11 23:26:48 - [TEST_STEP][PASSED] - runTime.start(): null

2020-11-11 23:26:48 - [TEST_STEP][PASSED] - dataCompareAPK2 = findTestData("dt-2/dt_APK"): null

2020-11-11 23:26:48 - [TEST_STEP][PASSED] - strNoAPK2 = dataCompareAPK2.getValue("NO", excelRow): null

2020-11-11 23:26:48 - [TEST_STEP][PASSED] - comparePS.ProposalASL2.ComparePS(strNoAPK2, excelRow): comparePS.ProposalASL2.ComparePS is PASSED

2020-11-11 23:26:48 - [MESSAGE][PASSED] - comparePS.ProposalASL2.ComparePS is PASSED

2020-11-11 23:26:48 - [TEST_STEP][PASSED] - comparePS.KeywordPS.callStatus(strNoAPK2, "sheetAPK2", 17): comparePS.KeywordPS.callStatus is PASSED

2020-11-11 23:26:48 - [MESSAGE][PASSED] - comparePS.KeywordPS.callStatus is PASSED

2020-11-11 23:26:48 - [TEST_STEP][PASSED] - runTime.reset(): null

2020-11-11 23:26:48 - [TEST_STEP][PASSED] - runTime.start(): null

2020-11-11 23:26:48 - [TEST_STEP][PASSED] - dataCompareAPK2 = findTestData("dt-2/dt_APK"): null

2020-11-11 23:26:49 - [TEST_STEP][PASSED] - strNoAPK2 = dataCompareAPK2.getValue("NO", excelRow): null

2020-11-11 23:26:49 - [TEST_STEP][PASSED] - comparePS.ProposalASL2.ComparePS(strNoAPK2, excelRow): comparePS.ProposalASL2.ComparePS is PASSED

2020-11-11 23:26:49 - [MESSAGE][PASSED] - comparePS.ProposalASL2.ComparePS is PASSED

2020-11-11 23:26:49 - [TEST_STEP][PASSED] - comparePS.KeywordPS.callStatus(strNoAPK2, "sheetAPK2", 17): comparePS.KeywordPS.callStatus is PASSED

2020-11-11 23:26:49 - [MESSAGE][PASSED] - comparePS.KeywordPS.callStatus is PASSED

2020-11-11 23:26:49 - [TEST_STEP][PASSED] - runTime.reset(): null

2020-11-11 23:26:49 - [TEST_STEP][PASSED] - runTime.start(): null

2020-11-11 23:26:49 - [TEST_STEP][PASSED] - dataCompareAPK2 = findTestData("dt-2/dt_APK"): null

2020-11-11 23:26:49 - [TEST_STEP][PASSED] - strNoAPK2 = dataCompareAPK2.getValue("NO", excelRow): null

2020-11-11 23:26:49 - [TEST_STEP][PASSED] - comparePS.ProposalASL2.ComparePS(strNoAPK2, excelRow): comparePS.ProposalASL2.ComparePS is PASSED

2020-11-11 23:26:49 - [MESSAGE][PASSED] - comparePS.ProposalASL2.ComparePS is PASSED

2020-11-11 23:26:49 - [TEST_STEP][PASSED] - comparePS.KeywordPS.callStatus(strNoAPK2, "sheetAPK2", 17): comparePS.KeywordPS.callStatus is PASSED

2020-11-11 23:26:49 - [MESSAGE][PASSED] - comparePS.KeywordPS.callStatus is PASSED

2020-11-11 23:26:49 - [TEST_STEP][PASSED] - runTime.reset(): null

2020-11-11 23:26:49 - [TEST_STEP][PASSED] - runTime.start(): null

2020-11-11 23:26:49 - [TEST_STEP][PASSED] - dataCompareAPK2 = findTestData("dt-2/dt_APK"): null

2020-11-11 23:26:49 - [TEST_STEP][PASSED] - strNoAPK2 = dataCompareAPK2.getValue("NO", excelRow): null

2020-11-11 23:26:49 - [TEST_STEP][PASSED] - comparePS.ProposalASL2.ComparePS(strNoAPK2, excelRow): comparePS.ProposalASL2.ComparePS is PASSED

2020-11-11 23:26:49 - [MESSAGE][PASSED] - comparePS.ProposalASL2.ComparePS is PASSED

2020-11-11 23:26:49 - [TEST_STEP][PASSED] - comparePS.KeywordPS.callStatus(strNoAPK2, "sheetAPK2", 17): comparePS.KeywordPS.callStatus is PASSED

2020-11-11 23:26:49 - [MESSAGE][PASSED] - comparePS.KeywordPS.callStatus is PASSED

2020-11-11 23:26:49 - [TEST_STEP][PASSED] - runTime.reset(): null

2020-11-11 23:26:49 - [TEST_STEP][PASSED] - runTime.start(): null

2020-11-11 23:26:49 - [TEST_STEP][PASSED] - dataCompareAPK2 = findTestData("dt-2/dt_APK"): null

2020-11-11 23:26:50 - [TEST_STEP][PASSED] - strNoAPK2 = dataCompareAPK2.getValue("NO", excelRow): null

2020-11-11 23:26:50 - [TEST_STEP][PASSED] - comparePS.ProposalASL2.ComparePS(strNoAPK2, excelRow): comparePS.ProposalASL2.ComparePS is PASSED

2020-11-11 23:26:50 - [MESSAGE][PASSED] - comparePS.ProposalASL2.ComparePS is PASSED

2020-11-11 23:26:50 - [TEST_STEP][PASSED] - comparePS.KeywordPS.callStatus(strNoAPK2, "sheetAPK2", 17): comparePS.KeywordPS.callStatus is PASSED

2020-11-11 23:26:50 - [MESSAGE][PASSED] - comparePS.KeywordPS.callStatus is PASSED

2020-11-11 23:26:50 - [TEST_STEP][PASSED] - runTime.reset(): null

2020-11-11 23:26:50 - [TEST_STEP][PASSED] - runTime.start(): null

2020-11-11 23:26:50 - [TEST_STEP][PASSED] - dataCompareAPK2 = findTestData("dt-2/dt_APK"): null

2020-11-11 23:26:50 - [TEST_STEP][PASSED] - strNoAPK2 = dataCompareAPK2.getValue("NO", excelRow): null

2020-11-11 23:26:50 - [TEST_STEP][PASSED] - comparePS.ProposalASL2.ComparePS(strNoAPK2, excelRow): comparePS.ProposalASL2.ComparePS is PASSED

2020-11-11 23:26:50 - [MESSAGE][PASSED] - comparePS.ProposalASL2.ComparePS is PASSED

2020-11-11 23:26:50 - [TEST_STEP][PASSED] - comparePS.KeywordPS.callStatus(strNoAPK2, "sheetAPK2", 17): comparePS.KeywordPS.callStatus is PASSED

2020-11-11 23:26:50 - [MESSAGE][PASSED] - comparePS.KeywordPS.callStatus is PASSED

2020-11-11 23:26:50 - [TEST_STEP][PASSED] - runTime.reset(): null

2020-11-11 23:26:50 - [TEST_STEP][PASSED] - runTime.start(): null

2020-11-11 23:26:50 - [TEST_STEP][PASSED] - dataCompareAPK2 = findTestData("dt-2/dt_APK"): null

2020-11-11 23:26:50 - [TEST_STEP][PASSED] - strNoAPK2 = dataCompareAPK2.getValue("NO", excelRow): null

2020-11-11 23:26:50 - [TEST_STEP][PASSED] - comparePS.ProposalASL2.ComparePS(strNoAPK2, excelRow): comparePS.ProposalASL2.ComparePS is PASSED

2020-11-11 23:26:50 - [MESSAGE][PASSED] - comparePS.ProposalASL2.ComparePS is PASSED

2020-11-11 23:26:50 - [TEST_STEP][PASSED] - comparePS.KeywordPS.callStatus(strNoAPK2, "sheetAPK2", 17): comparePS.KeywordPS.callStatus is PASSED

2020-11-11 23:26:50 - [MESSAGE][PASSED] - comparePS.KeywordPS.callStatus is PASSED

2020-11-11 23:26:50 - [TEST_STEP][PASSED] - runTime.reset(): null

2020-11-11 23:26:50 - [TEST_STEP][PASSED] - runTime.start(): null

2020-11-11 23:26:50 - [TEST_STEP][PASSED] - dataCompareAPK2 = findTestData("dt-2/dt_APK"): null

2020-11-11 23:26:51 - [TEST_STEP][PASSED] - strNoAPK2 = dataCompareAPK2.getValue("NO", excelRow): null

2020-11-11 23:26:51 - [TEST_STEP][PASSED] - comparePS.ProposalASL2.ComparePS(strNoAPK2, excelRow): comparePS.ProposalASL2.ComparePS is PASSED

2020-11-11 23:26:51 - [MESSAGE][PASSED] - comparePS.ProposalASL2.ComparePS is PASSED

2020-11-11 23:26:51 - [TEST_STEP][PASSED] - comparePS.KeywordPS.callStatus(strNoAPK2, "sheetAPK2", 17): comparePS.KeywordPS.callStatus is PASSED

2020-11-11 23:26:51 - [MESSAGE][PASSED] - comparePS.KeywordPS.callStatus is PASSED

2020-11-11 23:26:51 - [TEST_STEP][PASSED] - runTime.reset(): null

2020-11-11 23:26:51 - [TEST_STEP][PASSED] - runTime.start(): null

2020-11-11 23:26:51 - [TEST_STEP][PASSED] - dataCompareAPK2 = findTestData("dt-2/dt_APK"): null

2020-11-11 23:26:51 - [TEST_STEP][PASSED] - strNoAPK2 = dataCompareAPK2.getValue("NO", excelRow): null

2020-11-11 23:26:51 - [TEST_STEP][PASSED] - comparePS.ProposalASL2.ComparePS(strNoAPK2, excelRow): comparePS.ProposalASL2.ComparePS is PASSED

2020-11-11 23:26:51 - [MESSAGE][PASSED] - comparePS.ProposalASL2.ComparePS is PASSED

2020-11-11 23:26:51 - [TEST_STEP][PASSED] - comparePS.KeywordPS.callStatus(strNoAPK2, "sheetAPK2", 17): comparePS.KeywordPS.callStatus is PASSED

2020-11-11 23:26:51 - [MESSAGE][PASSED] - comparePS.KeywordPS.callStatus is PASSED

2020-11-11 23:26:51 - [TEST_STEP][PASSED] - runTime.reset(): null

2020-11-11 23:26:51 - [TEST_STEP][PASSED] - runTime.start(): null

2020-11-11 23:26:51 - [TEST_STEP][PASSED] - dataCompareAPK2 = findTestData("dt-2/dt_APK"): null

2020-11-11 23:26:51 - [TEST_STEP][PASSED] - strNoAPK2 = dataCompareAPK2.getValue("NO", excelRow): null

2020-11-11 23:26:51 - [TEST_STEP][PASSED] - comparePS.ProposalASL2.ComparePS(strNoAPK2, excelRow): comparePS.ProposalASL2.ComparePS is PASSED

2020-11-11 23:26:51 - [MESSAGE][PASSED] - comparePS.ProposalASL2.ComparePS is PASSED

2020-11-11 23:26:51 - [TEST_STEP][PASSED] - comparePS.KeywordPS.callStatus(strNoAPK2, "sheetAPK2", 17): comparePS.KeywordPS.callStatus is PASSED

2020-11-11 23:26:51 - [MESSAGE][PASSED] - comparePS.KeywordPS.callStatus is PASSED

2020-11-11 23:26:51 - [TEST_STEP][PASSED] - runTime.reset(): null

2020-11-11 23:26:51 - [TEST_STEP][PASSED] - runTime.start(): null

2020-11-11 23:26:51 - [TEST_STEP][PASSED] - dataCompareAPK2 = findTestData("dt-2/dt_APK"): null

2020-11-11 23:26:52 - [TEST_STEP][PASSED] - strNoAPK2 = dataCompareAPK2.getValue("NO", excelRow): null

2020-11-11 23:26:52 - [TEST_STEP][PASSED] - comparePS.ProposalASL2.ComparePS(strNoAPK2, excelRow): comparePS.ProposalASL2.ComparePS is PASSED

2020-11-11 23:26:52 - [MESSAGE][PASSED] - comparePS.ProposalASL2.ComparePS is PASSED

2020-11-11 23:26:52 - [TEST_STEP][PASSED] - comparePS.KeywordPS.callStatus(strNoAPK2, "sheetAPK2", 17): comparePS.KeywordPS.callStatus is PASSED

2020-11-11 23:26:52 - [MESSAGE][PASSED] - comparePS.KeywordPS.callStatus is PASSED]]></system-out>
         <system-err><![CDATA[]]></system-err>
      </testcase>
      <testcase name="Test Cases/ComparePS-3" time="21.865" classname="Test Cases/ComparePS-3" status="PASSED">
         <system-out><![CDATA[2020-11-11 23:26:52 - [TEST_CASE][PASSED] - Test Cases/ComparePS-3: Test Cases/ComparePS-3

2020-11-11 23:26:53 - [TEST_STEP][PASSED] - sekarang = new java.util.Date(): null

2020-11-11 23:26:53 - [TEST_STEP][PASSED] - tgl = sekarang.format("yyyy-MM-dd"): null

2020-11-11 23:26:53 - [TEST_STEP][PASSED] - fullFlow = true: null

2020-11-11 23:26:53 - [TEST_STEP][PASSED] - strGlbDate = tgl: null

2020-11-11 23:26:53 - [TEST_STEP][PASSED] - strGlbStatus = "": null

2020-11-11 23:26:53 - [TEST_STEP][PASSED] - strGlbKeterangan = "": null

2020-11-11 23:26:53 - [TEST_STEP][PASSED] - strGlbCrash = false: null

2020-11-11 23:26:53 - [TEST_STEP][PASSED] - strGlbAlamat = false: null

2020-11-11 23:26:53 - [TEST_STEP][PASSED] - strGlbNomor = 1: null

2020-11-11 23:26:53 - [TEST_STEP][PASSED] - strGlbNumImage = 0: null

2020-11-11 23:26:53 - [TEST_STEP][PASSED] - runTime = StopWatch.createStarted(): null

2020-11-11 23:26:53 - [TEST_STEP][PASSED] - getLastRow = findTestData("dt-3/dt_APK").getRowNumbers(): null

2020-11-11 23:26:53 - [TEST_STEP][PASSED] - for (int excelRow : (1..getLastRow)): comparePS.KeywordPS.callStatus is PASSED

2020-11-11 23:26:53 - [TEST_STEP][PASSED] - runTime.reset(): null

2020-11-11 23:26:53 - [TEST_STEP][PASSED] - runTime.start(): null

2020-11-11 23:26:53 - [TEST_STEP][PASSED] - dataCompareAPK = findTestData("dt-3/dt_APK"): null

2020-11-11 23:26:53 - [TEST_STEP][PASSED] - strNoAPK = dataCompareAPK.getValue("NO", excelRow): null

2020-11-11 23:26:53 - [TEST_STEP][PASSED] - comparePS.ProposalASL3.ComparePS(strNoAPK, excelRow): comparePS.ProposalASL3.ComparePS is PASSED

2020-11-11 23:26:53 - [MESSAGE][PASSED] - comparePS.ProposalASL3.ComparePS is PASSED

2020-11-11 23:26:53 - [TEST_STEP][PASSED] - comparePS.KeywordPS.callStatus(strNoAPK, "sheetAPK3", 17): comparePS.KeywordPS.callStatus is PASSED

2020-11-11 23:26:53 - [MESSAGE][PASSED] - comparePS.KeywordPS.callStatus is PASSED

2020-11-11 23:26:53 - [TEST_STEP][PASSED] - runTime.reset(): null

2020-11-11 23:26:53 - [TEST_STEP][PASSED] - runTime.start(): null

2020-11-11 23:26:53 - [TEST_STEP][PASSED] - dataCompareAPK = findTestData("dt-3/dt_APK"): null

2020-11-11 23:26:53 - [TEST_STEP][PASSED] - strNoAPK = dataCompareAPK.getValue("NO", excelRow): null

2020-11-11 23:26:53 - [TEST_STEP][PASSED] - comparePS.ProposalASL3.ComparePS(strNoAPK, excelRow): comparePS.ProposalASL3.ComparePS is PASSED

2020-11-11 23:26:53 - [MESSAGE][PASSED] - comparePS.ProposalASL3.ComparePS is PASSED

2020-11-11 23:26:53 - [TEST_STEP][PASSED] - comparePS.KeywordPS.callStatus(strNoAPK, "sheetAPK3", 17): comparePS.KeywordPS.callStatus is PASSED

2020-11-11 23:26:54 - [MESSAGE][PASSED] - comparePS.KeywordPS.callStatus is PASSED

2020-11-11 23:26:54 - [TEST_STEP][PASSED] - runTime.reset(): null

2020-11-11 23:26:54 - [TEST_STEP][PASSED] - runTime.start(): null

2020-11-11 23:26:54 - [TEST_STEP][PASSED] - dataCompareAPK = findTestData("dt-3/dt_APK"): null

2020-11-11 23:26:54 - [TEST_STEP][PASSED] - strNoAPK = dataCompareAPK.getValue("NO", excelRow): null

2020-11-11 23:26:54 - [TEST_STEP][PASSED] - comparePS.ProposalASL3.ComparePS(strNoAPK, excelRow): comparePS.ProposalASL3.ComparePS is PASSED

2020-11-11 23:26:54 - [MESSAGE][PASSED] - comparePS.ProposalASL3.ComparePS is PASSED

2020-11-11 23:26:54 - [TEST_STEP][PASSED] - comparePS.KeywordPS.callStatus(strNoAPK, "sheetAPK3", 17): comparePS.KeywordPS.callStatus is PASSED

2020-11-11 23:26:54 - [MESSAGE][PASSED] - comparePS.KeywordPS.callStatus is PASSED

2020-11-11 23:26:54 - [TEST_STEP][PASSED] - runTime.reset(): null

2020-11-11 23:26:54 - [TEST_STEP][PASSED] - runTime.start(): null

2020-11-11 23:26:54 - [TEST_STEP][PASSED] - dataCompareAPK = findTestData("dt-3/dt_APK"): null

2020-11-11 23:26:54 - [TEST_STEP][PASSED] - strNoAPK = dataCompareAPK.getValue("NO", excelRow): null

2020-11-11 23:26:54 - [TEST_STEP][PASSED] - comparePS.ProposalASL3.ComparePS(strNoAPK, excelRow): comparePS.ProposalASL3.ComparePS is PASSED

2020-11-11 23:26:54 - [MESSAGE][PASSED] - comparePS.ProposalASL3.ComparePS is PASSED

2020-11-11 23:26:54 - [TEST_STEP][PASSED] - comparePS.KeywordPS.callStatus(strNoAPK, "sheetAPK3", 17): comparePS.KeywordPS.callStatus is PASSED

2020-11-11 23:26:54 - [MESSAGE][PASSED] - comparePS.KeywordPS.callStatus is PASSED

2020-11-11 23:26:54 - [TEST_STEP][PASSED] - runTime.reset(): null

2020-11-11 23:26:54 - [TEST_STEP][PASSED] - runTime.start(): null

2020-11-11 23:26:54 - [TEST_STEP][PASSED] - dataCompareAPK = findTestData("dt-3/dt_APK"): null

2020-11-11 23:26:54 - [TEST_STEP][PASSED] - strNoAPK = dataCompareAPK.getValue("NO", excelRow): null

2020-11-11 23:26:54 - [TEST_STEP][PASSED] - comparePS.ProposalASL3.ComparePS(strNoAPK, excelRow): comparePS.ProposalASL3.ComparePS is PASSED

2020-11-11 23:26:54 - [MESSAGE][PASSED] - comparePS.ProposalASL3.ComparePS is PASSED

2020-11-11 23:26:54 - [TEST_STEP][PASSED] - comparePS.KeywordPS.callStatus(strNoAPK, "sheetAPK3", 17): comparePS.KeywordPS.callStatus is PASSED

2020-11-11 23:26:54 - [MESSAGE][PASSED] - comparePS.KeywordPS.callStatus is PASSED

2020-11-11 23:26:54 - [TEST_STEP][PASSED] - runTime.reset(): null

2020-11-11 23:26:54 - [TEST_STEP][PASSED] - runTime.start(): null

2020-11-11 23:26:54 - [TEST_STEP][PASSED] - dataCompareAPK = findTestData("dt-3/dt_APK"): null

2020-11-11 23:26:55 - [TEST_STEP][PASSED] - strNoAPK = dataCompareAPK.getValue("NO", excelRow): null

2020-11-11 23:26:55 - [TEST_STEP][PASSED] - comparePS.ProposalASL3.ComparePS(strNoAPK, excelRow): comparePS.ProposalASL3.ComparePS is PASSED

2020-11-11 23:26:55 - [MESSAGE][PASSED] - comparePS.ProposalASL3.ComparePS is PASSED

2020-11-11 23:26:55 - [TEST_STEP][PASSED] - comparePS.KeywordPS.callStatus(strNoAPK, "sheetAPK3", 17): comparePS.KeywordPS.callStatus is PASSED

2020-11-11 23:26:55 - [MESSAGE][PASSED] - comparePS.KeywordPS.callStatus is PASSED

2020-11-11 23:26:55 - [TEST_STEP][PASSED] - runTime.reset(): null

2020-11-11 23:26:55 - [TEST_STEP][PASSED] - runTime.start(): null

2020-11-11 23:26:55 - [TEST_STEP][PASSED] - dataCompareAPK = findTestData("dt-3/dt_APK"): null

2020-11-11 23:26:55 - [TEST_STEP][PASSED] - strNoAPK = dataCompareAPK.getValue("NO", excelRow): null

2020-11-11 23:26:55 - [TEST_STEP][PASSED] - comparePS.ProposalASL3.ComparePS(strNoAPK, excelRow): comparePS.ProposalASL3.ComparePS is PASSED

2020-11-11 23:26:55 - [MESSAGE][PASSED] - comparePS.ProposalASL3.ComparePS is PASSED

2020-11-11 23:26:55 - [TEST_STEP][PASSED] - comparePS.KeywordPS.callStatus(strNoAPK, "sheetAPK3", 17): comparePS.KeywordPS.callStatus is PASSED

2020-11-11 23:26:55 - [MESSAGE][PASSED] - comparePS.KeywordPS.callStatus is PASSED

2020-11-11 23:26:55 - [TEST_STEP][PASSED] - runTime.reset(): null

2020-11-11 23:26:55 - [TEST_STEP][PASSED] - runTime.start(): null

2020-11-11 23:26:55 - [TEST_STEP][PASSED] - dataCompareAPK = findTestData("dt-3/dt_APK"): null

2020-11-11 23:26:55 - [TEST_STEP][PASSED] - strNoAPK = dataCompareAPK.getValue("NO", excelRow): null

2020-11-11 23:26:55 - [TEST_STEP][PASSED] - comparePS.ProposalASL3.ComparePS(strNoAPK, excelRow): comparePS.ProposalASL3.ComparePS is PASSED

2020-11-11 23:26:55 - [MESSAGE][PASSED] - comparePS.ProposalASL3.ComparePS is PASSED

2020-11-11 23:26:55 - [TEST_STEP][PASSED] - comparePS.KeywordPS.callStatus(strNoAPK, "sheetAPK3", 17): comparePS.KeywordPS.callStatus is PASSED

2020-11-11 23:26:56 - [MESSAGE][PASSED] - comparePS.KeywordPS.callStatus is PASSED

2020-11-11 23:26:56 - [TEST_STEP][PASSED] - runTime.reset(): null

2020-11-11 23:26:56 - [TEST_STEP][PASSED] - runTime.start(): null

2020-11-11 23:26:56 - [TEST_STEP][PASSED] - dataCompareAPK = findTestData("dt-3/dt_APK"): null

2020-11-11 23:26:56 - [TEST_STEP][PASSED] - strNoAPK = dataCompareAPK.getValue("NO", excelRow): null

2020-11-11 23:26:56 - [TEST_STEP][PASSED] - comparePS.ProposalASL3.ComparePS(strNoAPK, excelRow): comparePS.ProposalASL3.ComparePS is PASSED

2020-11-11 23:26:56 - [MESSAGE][PASSED] - comparePS.ProposalASL3.ComparePS is PASSED

2020-11-11 23:26:56 - [TEST_STEP][PASSED] - comparePS.KeywordPS.callStatus(strNoAPK, "sheetAPK3", 17): comparePS.KeywordPS.callStatus is PASSED

2020-11-11 23:26:56 - [MESSAGE][PASSED] - comparePS.KeywordPS.callStatus is PASSED

2020-11-11 23:26:56 - [TEST_STEP][PASSED] - runTime.reset(): null

2020-11-11 23:26:56 - [TEST_STEP][PASSED] - runTime.start(): null

2020-11-11 23:26:56 - [TEST_STEP][PASSED] - dataCompareAPK = findTestData("dt-3/dt_APK"): null

2020-11-11 23:26:56 - [TEST_STEP][PASSED] - strNoAPK = dataCompareAPK.getValue("NO", excelRow): null

2020-11-11 23:26:56 - [TEST_STEP][PASSED] - comparePS.ProposalASL3.ComparePS(strNoAPK, excelRow): comparePS.ProposalASL3.ComparePS is PASSED

2020-11-11 23:26:56 - [MESSAGE][PASSED] - comparePS.ProposalASL3.ComparePS is PASSED

2020-11-11 23:26:56 - [TEST_STEP][PASSED] - comparePS.KeywordPS.callStatus(strNoAPK, "sheetAPK3", 17): comparePS.KeywordPS.callStatus is PASSED

2020-11-11 23:26:56 - [MESSAGE][PASSED] - comparePS.KeywordPS.callStatus is PASSED

2020-11-11 23:26:56 - [TEST_STEP][PASSED] - runTime.reset(): null

2020-11-11 23:26:56 - [TEST_STEP][PASSED] - runTime.start(): null

2020-11-11 23:26:56 - [TEST_STEP][PASSED] - dataCompareAPK = findTestData("dt-3/dt_APK"): null

2020-11-11 23:26:56 - [TEST_STEP][PASSED] - strNoAPK = dataCompareAPK.getValue("NO", excelRow): null

2020-11-11 23:26:56 - [TEST_STEP][PASSED] - comparePS.ProposalASL3.ComparePS(strNoAPK, excelRow): comparePS.ProposalASL3.ComparePS is PASSED

2020-11-11 23:26:56 - [MESSAGE][PASSED] - comparePS.ProposalASL3.ComparePS is PASSED

2020-11-11 23:26:56 - [TEST_STEP][PASSED] - comparePS.KeywordPS.callStatus(strNoAPK, "sheetAPK3", 17): comparePS.KeywordPS.callStatus is PASSED

2020-11-11 23:26:56 - [MESSAGE][PASSED] - comparePS.KeywordPS.callStatus is PASSED

2020-11-11 23:26:56 - [TEST_STEP][PASSED] - runTime.reset(): null

2020-11-11 23:26:56 - [TEST_STEP][PASSED] - runTime.start(): null

2020-11-11 23:26:56 - [TEST_STEP][PASSED] - dataCompareAPK = findTestData("dt-3/dt_APK"): null

2020-11-11 23:26:57 - [TEST_STEP][PASSED] - strNoAPK = dataCompareAPK.getValue("NO", excelRow): null

2020-11-11 23:26:57 - [TEST_STEP][PASSED] - comparePS.ProposalASL3.ComparePS(strNoAPK, excelRow): comparePS.ProposalASL3.ComparePS is PASSED

2020-11-11 23:26:57 - [MESSAGE][PASSED] - comparePS.ProposalASL3.ComparePS is PASSED

2020-11-11 23:26:57 - [TEST_STEP][PASSED] - comparePS.KeywordPS.callStatus(strNoAPK, "sheetAPK3", 17): comparePS.KeywordPS.callStatus is PASSED

2020-11-11 23:26:57 - [MESSAGE][PASSED] - comparePS.KeywordPS.callStatus is PASSED

2020-11-11 23:26:57 - [TEST_STEP][PASSED] - runTime.reset(): null

2020-11-11 23:26:57 - [TEST_STEP][PASSED] - runTime.start(): null

2020-11-11 23:26:57 - [TEST_STEP][PASSED] - dataCompareAPK = findTestData("dt-3/dt_APK"): null

2020-11-11 23:26:57 - [TEST_STEP][PASSED] - strNoAPK = dataCompareAPK.getValue("NO", excelRow): null

2020-11-11 23:26:57 - [TEST_STEP][PASSED] - comparePS.ProposalASL3.ComparePS(strNoAPK, excelRow): comparePS.ProposalASL3.ComparePS is PASSED

2020-11-11 23:26:57 - [MESSAGE][PASSED] - comparePS.ProposalASL3.ComparePS is PASSED

2020-11-11 23:26:57 - [TEST_STEP][PASSED] - comparePS.KeywordPS.callStatus(strNoAPK, "sheetAPK3", 17): comparePS.KeywordPS.callStatus is PASSED

2020-11-11 23:26:57 - [MESSAGE][PASSED] - comparePS.KeywordPS.callStatus is PASSED

2020-11-11 23:26:57 - [TEST_STEP][PASSED] - runTime.reset(): null

2020-11-11 23:26:57 - [TEST_STEP][PASSED] - runTime.start(): null

2020-11-11 23:26:57 - [TEST_STEP][PASSED] - dataCompareAPK = findTestData("dt-3/dt_APK"): null

2020-11-11 23:26:57 - [TEST_STEP][PASSED] - strNoAPK = dataCompareAPK.getValue("NO", excelRow): null

2020-11-11 23:26:57 - [TEST_STEP][PASSED] - comparePS.ProposalASL3.ComparePS(strNoAPK, excelRow): comparePS.ProposalASL3.ComparePS is PASSED

2020-11-11 23:26:57 - [MESSAGE][PASSED] - comparePS.ProposalASL3.ComparePS is PASSED

2020-11-11 23:26:57 - [TEST_STEP][PASSED] - comparePS.KeywordPS.callStatus(strNoAPK, "sheetAPK3", 17): comparePS.KeywordPS.callStatus is PASSED

2020-11-11 23:26:57 - [MESSAGE][PASSED] - comparePS.KeywordPS.callStatus is PASSED

2020-11-11 23:26:57 - [TEST_STEP][PASSED] - runTime.reset(): null

2020-11-11 23:26:57 - [TEST_STEP][PASSED] - runTime.start(): null

2020-11-11 23:26:57 - [TEST_STEP][PASSED] - dataCompareAPK = findTestData("dt-3/dt_APK"): null

2020-11-11 23:26:58 - [TEST_STEP][PASSED] - strNoAPK = dataCompareAPK.getValue("NO", excelRow): null

2020-11-11 23:26:58 - [TEST_STEP][PASSED] - comparePS.ProposalASL3.ComparePS(strNoAPK, excelRow): comparePS.ProposalASL3.ComparePS is PASSED

2020-11-11 23:26:58 - [MESSAGE][PASSED] - comparePS.ProposalASL3.ComparePS is PASSED

2020-11-11 23:26:58 - [TEST_STEP][PASSED] - comparePS.KeywordPS.callStatus(strNoAPK, "sheetAPK3", 17): comparePS.KeywordPS.callStatus is PASSED

2020-11-11 23:26:58 - [MESSAGE][PASSED] - comparePS.KeywordPS.callStatus is PASSED

2020-11-11 23:26:58 - [TEST_STEP][PASSED] - runTime.reset(): null

2020-11-11 23:26:58 - [TEST_STEP][PASSED] - runTime.start(): null

2020-11-11 23:26:58 - [TEST_STEP][PASSED] - dataCompareAPK = findTestData("dt-3/dt_APK"): null

2020-11-11 23:26:58 - [TEST_STEP][PASSED] - strNoAPK = dataCompareAPK.getValue("NO", excelRow): null

2020-11-11 23:26:58 - [TEST_STEP][PASSED] - comparePS.ProposalASL3.ComparePS(strNoAPK, excelRow): comparePS.ProposalASL3.ComparePS is PASSED

2020-11-11 23:26:58 - [MESSAGE][PASSED] - comparePS.ProposalASL3.ComparePS is PASSED

2020-11-11 23:26:58 - [TEST_STEP][PASSED] - comparePS.KeywordPS.callStatus(strNoAPK, "sheetAPK3", 17): comparePS.KeywordPS.callStatus is PASSED

2020-11-11 23:26:58 - [MESSAGE][PASSED] - comparePS.KeywordPS.callStatus is PASSED

2020-11-11 23:26:58 - [TEST_STEP][PASSED] - runTime.reset(): null

2020-11-11 23:26:58 - [TEST_STEP][PASSED] - runTime.start(): null

2020-11-11 23:26:58 - [TEST_STEP][PASSED] - dataCompareAPK = findTestData("dt-3/dt_APK"): null

2020-11-11 23:26:58 - [TEST_STEP][PASSED] - strNoAPK = dataCompareAPK.getValue("NO", excelRow): null

2020-11-11 23:26:58 - [TEST_STEP][PASSED] - comparePS.ProposalASL3.ComparePS(strNoAPK, excelRow): comparePS.ProposalASL3.ComparePS is PASSED

2020-11-11 23:26:58 - [MESSAGE][PASSED] - comparePS.ProposalASL3.ComparePS is PASSED

2020-11-11 23:26:58 - [TEST_STEP][PASSED] - comparePS.KeywordPS.callStatus(strNoAPK, "sheetAPK3", 17): comparePS.KeywordPS.callStatus is PASSED

2020-11-11 23:26:58 - [MESSAGE][PASSED] - comparePS.KeywordPS.callStatus is PASSED

2020-11-11 23:26:58 - [TEST_STEP][PASSED] - runTime.reset(): null

2020-11-11 23:26:58 - [TEST_STEP][PASSED] - runTime.start(): null

2020-11-11 23:26:58 - [TEST_STEP][PASSED] - dataCompareAPK = findTestData("dt-3/dt_APK"): null

2020-11-11 23:26:58 - [TEST_STEP][PASSED] - strNoAPK = dataCompareAPK.getValue("NO", excelRow): null

2020-11-11 23:26:58 - [TEST_STEP][PASSED] - comparePS.ProposalASL3.ComparePS(strNoAPK, excelRow): comparePS.ProposalASL3.ComparePS is PASSED

2020-11-11 23:26:59 - [MESSAGE][PASSED] - comparePS.ProposalASL3.ComparePS is PASSED

2020-11-11 23:26:59 - [TEST_STEP][PASSED] - comparePS.KeywordPS.callStatus(strNoAPK, "sheetAPK3", 17): comparePS.KeywordPS.callStatus is PASSED

2020-11-11 23:26:59 - [MESSAGE][PASSED] - comparePS.KeywordPS.callStatus is PASSED

2020-11-11 23:26:59 - [TEST_STEP][PASSED] - runTime.reset(): null

2020-11-11 23:26:59 - [TEST_STEP][PASSED] - runTime.start(): null

2020-11-11 23:26:59 - [TEST_STEP][PASSED] - dataCompareAPK = findTestData("dt-3/dt_APK"): null

2020-11-11 23:26:59 - [TEST_STEP][PASSED] - strNoAPK = dataCompareAPK.getValue("NO", excelRow): null

2020-11-11 23:26:59 - [TEST_STEP][PASSED] - comparePS.ProposalASL3.ComparePS(strNoAPK, excelRow): comparePS.ProposalASL3.ComparePS is PASSED

2020-11-11 23:26:59 - [MESSAGE][PASSED] - comparePS.ProposalASL3.ComparePS is PASSED

2020-11-11 23:26:59 - [TEST_STEP][PASSED] - comparePS.KeywordPS.callStatus(strNoAPK, "sheetAPK3", 17): comparePS.KeywordPS.callStatus is PASSED

2020-11-11 23:26:59 - [MESSAGE][PASSED] - comparePS.KeywordPS.callStatus is PASSED

2020-11-11 23:26:59 - [TEST_STEP][PASSED] - runTime.reset(): null

2020-11-11 23:26:59 - [TEST_STEP][PASSED] - runTime.start(): null

2020-11-11 23:26:59 - [TEST_STEP][PASSED] - dataCompareAPK = findTestData("dt-3/dt_APK"): null

2020-11-11 23:26:59 - [TEST_STEP][PASSED] - strNoAPK = dataCompareAPK.getValue("NO", excelRow): null

2020-11-11 23:26:59 - [TEST_STEP][PASSED] - comparePS.ProposalASL3.ComparePS(strNoAPK, excelRow): comparePS.ProposalASL3.ComparePS is PASSED

2020-11-11 23:26:59 - [MESSAGE][PASSED] - comparePS.ProposalASL3.ComparePS is PASSED

2020-11-11 23:26:59 - [TEST_STEP][PASSED] - comparePS.KeywordPS.callStatus(strNoAPK, "sheetAPK3", 17): comparePS.KeywordPS.callStatus is PASSED

2020-11-11 23:26:59 - [MESSAGE][PASSED] - comparePS.KeywordPS.callStatus is PASSED

2020-11-11 23:26:59 - [TEST_STEP][PASSED] - runTime.reset(): null

2020-11-11 23:26:59 - [TEST_STEP][PASSED] - runTime.start(): null

2020-11-11 23:26:59 - [TEST_STEP][PASSED] - dataCompareAPK = findTestData("dt-3/dt_APK"): null

2020-11-11 23:26:59 - [TEST_STEP][PASSED] - strNoAPK = dataCompareAPK.getValue("NO", excelRow): null

2020-11-11 23:26:59 - [TEST_STEP][PASSED] - comparePS.ProposalASL3.ComparePS(strNoAPK, excelRow): comparePS.ProposalASL3.ComparePS is PASSED

2020-11-11 23:27:00 - [MESSAGE][PASSED] - comparePS.ProposalASL3.ComparePS is PASSED

2020-11-11 23:27:00 - [TEST_STEP][PASSED] - comparePS.KeywordPS.callStatus(strNoAPK, "sheetAPK3", 17): comparePS.KeywordPS.callStatus is PASSED

2020-11-11 23:27:00 - [MESSAGE][PASSED] - comparePS.KeywordPS.callStatus is PASSED

2020-11-11 23:27:00 - [TEST_STEP][PASSED] - runTime.reset(): null

2020-11-11 23:27:00 - [TEST_STEP][PASSED] - runTime.start(): null

2020-11-11 23:27:00 - [TEST_STEP][PASSED] - dataCompareAPK = findTestData("dt-3/dt_APK"): null

2020-11-11 23:27:00 - [TEST_STEP][PASSED] - strNoAPK = dataCompareAPK.getValue("NO", excelRow): null

2020-11-11 23:27:00 - [TEST_STEP][PASSED] - comparePS.ProposalASL3.ComparePS(strNoAPK, excelRow): comparePS.ProposalASL3.ComparePS is PASSED

2020-11-11 23:27:00 - [MESSAGE][PASSED] - comparePS.ProposalASL3.ComparePS is PASSED

2020-11-11 23:27:00 - [TEST_STEP][PASSED] - comparePS.KeywordPS.callStatus(strNoAPK, "sheetAPK3", 17): comparePS.KeywordPS.callStatus is PASSED

2020-11-11 23:27:00 - [MESSAGE][PASSED] - comparePS.KeywordPS.callStatus is PASSED

2020-11-11 23:27:00 - [TEST_STEP][PASSED] - runTime.reset(): null

2020-11-11 23:27:00 - [TEST_STEP][PASSED] - runTime.start(): null

2020-11-11 23:27:00 - [TEST_STEP][PASSED] - dataCompareAPK = findTestData("dt-3/dt_APK"): null

2020-11-11 23:27:00 - [TEST_STEP][PASSED] - strNoAPK = dataCompareAPK.getValue("NO", excelRow): null

2020-11-11 23:27:00 - [TEST_STEP][PASSED] - comparePS.ProposalASL3.ComparePS(strNoAPK, excelRow): comparePS.ProposalASL3.ComparePS is PASSED

2020-11-11 23:27:00 - [MESSAGE][PASSED] - comparePS.ProposalASL3.ComparePS is PASSED

2020-11-11 23:27:00 - [TEST_STEP][PASSED] - comparePS.KeywordPS.callStatus(strNoAPK, "sheetAPK3", 17): comparePS.KeywordPS.callStatus is PASSED

2020-11-11 23:27:00 - [MESSAGE][PASSED] - comparePS.KeywordPS.callStatus is PASSED

2020-11-11 23:27:00 - [TEST_STEP][PASSED] - runTime.reset(): null

2020-11-11 23:27:00 - [TEST_STEP][PASSED] - runTime.start(): null

2020-11-11 23:27:00 - [TEST_STEP][PASSED] - dataCompareAPK = findTestData("dt-3/dt_APK"): null

2020-11-11 23:27:00 - [TEST_STEP][PASSED] - strNoAPK = dataCompareAPK.getValue("NO", excelRow): null

2020-11-11 23:27:00 - [TEST_STEP][PASSED] - comparePS.ProposalASL3.ComparePS(strNoAPK, excelRow): comparePS.ProposalASL3.ComparePS is PASSED

2020-11-11 23:27:01 - [MESSAGE][PASSED] - comparePS.ProposalASL3.ComparePS is PASSED

2020-11-11 23:27:01 - [TEST_STEP][PASSED] - comparePS.KeywordPS.callStatus(strNoAPK, "sheetAPK3", 17): comparePS.KeywordPS.callStatus is PASSED

2020-11-11 23:27:01 - [MESSAGE][PASSED] - comparePS.KeywordPS.callStatus is PASSED

2020-11-11 23:27:01 - [TEST_STEP][PASSED] - runTime.reset(): null

2020-11-11 23:27:01 - [TEST_STEP][PASSED] - runTime.start(): null

2020-11-11 23:27:01 - [TEST_STEP][PASSED] - dataCompareAPK = findTestData("dt-3/dt_APK"): null

2020-11-11 23:27:01 - [TEST_STEP][PASSED] - strNoAPK = dataCompareAPK.getValue("NO", excelRow): null

2020-11-11 23:27:01 - [TEST_STEP][PASSED] - comparePS.ProposalASL3.ComparePS(strNoAPK, excelRow): comparePS.ProposalASL3.ComparePS is PASSED

2020-11-11 23:27:01 - [MESSAGE][PASSED] - comparePS.ProposalASL3.ComparePS is PASSED

2020-11-11 23:27:01 - [TEST_STEP][PASSED] - comparePS.KeywordPS.callStatus(strNoAPK, "sheetAPK3", 17): comparePS.KeywordPS.callStatus is PASSED

2020-11-11 23:27:01 - [MESSAGE][PASSED] - comparePS.KeywordPS.callStatus is PASSED

2020-11-11 23:27:01 - [TEST_STEP][PASSED] - runTime.reset(): null

2020-11-11 23:27:01 - [TEST_STEP][PASSED] - runTime.start(): null

2020-11-11 23:27:01 - [TEST_STEP][PASSED] - dataCompareAPK = findTestData("dt-3/dt_APK"): null

2020-11-11 23:27:01 - [TEST_STEP][PASSED] - strNoAPK = dataCompareAPK.getValue("NO", excelRow): null

2020-11-11 23:27:01 - [TEST_STEP][PASSED] - comparePS.ProposalASL3.ComparePS(strNoAPK, excelRow): comparePS.ProposalASL3.ComparePS is PASSED

2020-11-11 23:27:01 - [MESSAGE][PASSED] - comparePS.ProposalASL3.ComparePS is PASSED

2020-11-11 23:27:01 - [TEST_STEP][PASSED] - comparePS.KeywordPS.callStatus(strNoAPK, "sheetAPK3", 17): comparePS.KeywordPS.callStatus is PASSED

2020-11-11 23:27:01 - [MESSAGE][PASSED] - comparePS.KeywordPS.callStatus is PASSED

2020-11-11 23:27:01 - [TEST_STEP][PASSED] - runTime.reset(): null

2020-11-11 23:27:01 - [TEST_STEP][PASSED] - runTime.start(): null

2020-11-11 23:27:01 - [TEST_STEP][PASSED] - dataCompareAPK = findTestData("dt-3/dt_APK"): null

2020-11-11 23:27:01 - [TEST_STEP][PASSED] - strNoAPK = dataCompareAPK.getValue("NO", excelRow): null

2020-11-11 23:27:01 - [TEST_STEP][PASSED] - comparePS.ProposalASL3.ComparePS(strNoAPK, excelRow): comparePS.ProposalASL3.ComparePS is PASSED

2020-11-11 23:27:02 - [MESSAGE][PASSED] - comparePS.ProposalASL3.ComparePS is PASSED

2020-11-11 23:27:02 - [TEST_STEP][PASSED] - comparePS.KeywordPS.callStatus(strNoAPK, "sheetAPK3", 17): comparePS.KeywordPS.callStatus is PASSED

2020-11-11 23:27:02 - [MESSAGE][PASSED] - comparePS.KeywordPS.callStatus is PASSED

2020-11-11 23:27:02 - [TEST_STEP][PASSED] - runTime.reset(): null

2020-11-11 23:27:02 - [TEST_STEP][PASSED] - runTime.start(): null

2020-11-11 23:27:02 - [TEST_STEP][PASSED] - dataCompareAPK = findTestData("dt-3/dt_APK"): null

2020-11-11 23:27:02 - [TEST_STEP][PASSED] - strNoAPK = dataCompareAPK.getValue("NO", excelRow): null

2020-11-11 23:27:02 - [TEST_STEP][PASSED] - comparePS.ProposalASL3.ComparePS(strNoAPK, excelRow): comparePS.ProposalASL3.ComparePS is PASSED

2020-11-11 23:27:02 - [MESSAGE][PASSED] - comparePS.ProposalASL3.ComparePS is PASSED

2020-11-11 23:27:02 - [TEST_STEP][PASSED] - comparePS.KeywordPS.callStatus(strNoAPK, "sheetAPK3", 17): comparePS.KeywordPS.callStatus is PASSED

2020-11-11 23:27:02 - [MESSAGE][PASSED] - comparePS.KeywordPS.callStatus is PASSED

2020-11-11 23:27:02 - [TEST_STEP][PASSED] - runTime.reset(): null

2020-11-11 23:27:02 - [TEST_STEP][PASSED] - runTime.start(): null

2020-11-11 23:27:02 - [TEST_STEP][PASSED] - dataCompareAPK = findTestData("dt-3/dt_APK"): null

2020-11-11 23:27:02 - [TEST_STEP][PASSED] - strNoAPK = dataCompareAPK.getValue("NO", excelRow): null

2020-11-11 23:27:02 - [TEST_STEP][PASSED] - comparePS.ProposalASL3.ComparePS(strNoAPK, excelRow): comparePS.ProposalASL3.ComparePS is PASSED

2020-11-11 23:27:02 - [MESSAGE][PASSED] - comparePS.ProposalASL3.ComparePS is PASSED

2020-11-11 23:27:02 - [TEST_STEP][PASSED] - comparePS.KeywordPS.callStatus(strNoAPK, "sheetAPK3", 17): comparePS.KeywordPS.callStatus is PASSED

2020-11-11 23:27:02 - [MESSAGE][PASSED] - comparePS.KeywordPS.callStatus is PASSED

2020-11-11 23:27:02 - [TEST_STEP][PASSED] - runTime.reset(): null

2020-11-11 23:27:02 - [TEST_STEP][PASSED] - runTime.start(): null

2020-11-11 23:27:02 - [TEST_STEP][PASSED] - dataCompareAPK = findTestData("dt-3/dt_APK"): null

2020-11-11 23:27:02 - [TEST_STEP][PASSED] - strNoAPK = dataCompareAPK.getValue("NO", excelRow): null

2020-11-11 23:27:02 - [TEST_STEP][PASSED] - comparePS.ProposalASL3.ComparePS(strNoAPK, excelRow): comparePS.ProposalASL3.ComparePS is PASSED

2020-11-11 23:27:03 - [MESSAGE][PASSED] - comparePS.ProposalASL3.ComparePS is PASSED

2020-11-11 23:27:03 - [TEST_STEP][PASSED] - comparePS.KeywordPS.callStatus(strNoAPK, "sheetAPK3", 17): comparePS.KeywordPS.callStatus is PASSED

2020-11-11 23:27:03 - [MESSAGE][PASSED] - comparePS.KeywordPS.callStatus is PASSED

2020-11-11 23:27:03 - [TEST_STEP][PASSED] - runTime.reset(): null

2020-11-11 23:27:03 - [TEST_STEP][PASSED] - runTime.start(): null

2020-11-11 23:27:03 - [TEST_STEP][PASSED] - dataCompareAPK = findTestData("dt-3/dt_APK"): null

2020-11-11 23:27:03 - [TEST_STEP][PASSED] - strNoAPK = dataCompareAPK.getValue("NO", excelRow): null

2020-11-11 23:27:03 - [TEST_STEP][PASSED] - comparePS.ProposalASL3.ComparePS(strNoAPK, excelRow): comparePS.ProposalASL3.ComparePS is PASSED

2020-11-11 23:27:03 - [MESSAGE][PASSED] - comparePS.ProposalASL3.ComparePS is PASSED

2020-11-11 23:27:03 - [TEST_STEP][PASSED] - comparePS.KeywordPS.callStatus(strNoAPK, "sheetAPK3", 17): comparePS.KeywordPS.callStatus is PASSED

2020-11-11 23:27:03 - [MESSAGE][PASSED] - comparePS.KeywordPS.callStatus is PASSED

2020-11-11 23:27:03 - [TEST_STEP][PASSED] - runTime.reset(): null

2020-11-11 23:27:03 - [TEST_STEP][PASSED] - runTime.start(): null

2020-11-11 23:27:03 - [TEST_STEP][PASSED] - dataCompareAPK = findTestData("dt-3/dt_APK"): null

2020-11-11 23:27:03 - [TEST_STEP][PASSED] - strNoAPK = dataCompareAPK.getValue("NO", excelRow): null

2020-11-11 23:27:03 - [TEST_STEP][PASSED] - comparePS.ProposalASL3.ComparePS(strNoAPK, excelRow): comparePS.ProposalASL3.ComparePS is PASSED

2020-11-11 23:27:03 - [MESSAGE][PASSED] - comparePS.ProposalASL3.ComparePS is PASSED

2020-11-11 23:27:03 - [TEST_STEP][PASSED] - comparePS.KeywordPS.callStatus(strNoAPK, "sheetAPK3", 17): comparePS.KeywordPS.callStatus is PASSED

2020-11-11 23:27:03 - [MESSAGE][PASSED] - comparePS.KeywordPS.callStatus is PASSED

2020-11-11 23:27:03 - [TEST_STEP][PASSED] - runTime.reset(): null

2020-11-11 23:27:03 - [TEST_STEP][PASSED] - runTime.start(): null

2020-11-11 23:27:03 - [TEST_STEP][PASSED] - dataCompareAPK = findTestData("dt-3/dt_APK"): null

2020-11-11 23:27:03 - [TEST_STEP][PASSED] - strNoAPK = dataCompareAPK.getValue("NO", excelRow): null

2020-11-11 23:27:03 - [TEST_STEP][PASSED] - comparePS.ProposalASL3.ComparePS(strNoAPK, excelRow): comparePS.ProposalASL3.ComparePS is PASSED

2020-11-11 23:27:03 - [MESSAGE][PASSED] - comparePS.ProposalASL3.ComparePS is PASSED

2020-11-11 23:27:03 - [TEST_STEP][PASSED] - comparePS.KeywordPS.callStatus(strNoAPK, "sheetAPK3", 17): comparePS.KeywordPS.callStatus is PASSED

2020-11-11 23:27:04 - [MESSAGE][PASSED] - comparePS.KeywordPS.callStatus is PASSED

2020-11-11 23:27:04 - [TEST_STEP][PASSED] - runTime.reset(): null

2020-11-11 23:27:04 - [TEST_STEP][PASSED] - runTime.start(): null

2020-11-11 23:27:04 - [TEST_STEP][PASSED] - dataCompareAPK = findTestData("dt-3/dt_APK"): null

2020-11-11 23:27:04 - [TEST_STEP][PASSED] - strNoAPK = dataCompareAPK.getValue("NO", excelRow): null

2020-11-11 23:27:04 - [TEST_STEP][PASSED] - comparePS.ProposalASL3.ComparePS(strNoAPK, excelRow): comparePS.ProposalASL3.ComparePS is PASSED

2020-11-11 23:27:04 - [MESSAGE][PASSED] - comparePS.ProposalASL3.ComparePS is PASSED

2020-11-11 23:27:04 - [TEST_STEP][PASSED] - comparePS.KeywordPS.callStatus(strNoAPK, "sheetAPK3", 17): comparePS.KeywordPS.callStatus is PASSED

2020-11-11 23:27:04 - [MESSAGE][PASSED] - comparePS.KeywordPS.callStatus is PASSED

2020-11-11 23:27:04 - [TEST_STEP][PASSED] - runTime.reset(): null

2020-11-11 23:27:04 - [TEST_STEP][PASSED] - runTime.start(): null

2020-11-11 23:27:04 - [TEST_STEP][PASSED] - dataCompareAPK = findTestData("dt-3/dt_APK"): null

2020-11-11 23:27:04 - [TEST_STEP][PASSED] - strNoAPK = dataCompareAPK.getValue("NO", excelRow): null

2020-11-11 23:27:04 - [TEST_STEP][PASSED] - comparePS.ProposalASL3.ComparePS(strNoAPK, excelRow): comparePS.ProposalASL3.ComparePS is PASSED

2020-11-11 23:27:04 - [MESSAGE][PASSED] - comparePS.ProposalASL3.ComparePS is PASSED

2020-11-11 23:27:04 - [TEST_STEP][PASSED] - comparePS.KeywordPS.callStatus(strNoAPK, "sheetAPK3", 17): comparePS.KeywordPS.callStatus is PASSED

2020-11-11 23:27:04 - [MESSAGE][PASSED] - comparePS.KeywordPS.callStatus is PASSED

2020-11-11 23:27:04 - [TEST_STEP][PASSED] - runTime.reset(): null

2020-11-11 23:27:04 - [TEST_STEP][PASSED] - runTime.start(): null

2020-11-11 23:27:04 - [TEST_STEP][PASSED] - dataCompareAPK = findTestData("dt-3/dt_APK"): null

2020-11-11 23:27:04 - [TEST_STEP][PASSED] - strNoAPK = dataCompareAPK.getValue("NO", excelRow): null

2020-11-11 23:27:04 - [TEST_STEP][PASSED] - comparePS.ProposalASL3.ComparePS(strNoAPK, excelRow): comparePS.ProposalASL3.ComparePS is PASSED

2020-11-11 23:27:04 - [MESSAGE][PASSED] - comparePS.ProposalASL3.ComparePS is PASSED

2020-11-11 23:27:04 - [TEST_STEP][PASSED] - comparePS.KeywordPS.callStatus(strNoAPK, "sheetAPK3", 17): comparePS.KeywordPS.callStatus is PASSED

2020-11-11 23:27:05 - [MESSAGE][PASSED] - comparePS.KeywordPS.callStatus is PASSED

2020-11-11 23:27:05 - [TEST_STEP][PASSED] - runTime.reset(): null

2020-11-11 23:27:05 - [TEST_STEP][PASSED] - runTime.start(): null

2020-11-11 23:27:05 - [TEST_STEP][PASSED] - dataCompareAPK = findTestData("dt-3/dt_APK"): null

2020-11-11 23:27:05 - [TEST_STEP][PASSED] - strNoAPK = dataCompareAPK.getValue("NO", excelRow): null

2020-11-11 23:27:05 - [TEST_STEP][PASSED] - comparePS.ProposalASL3.ComparePS(strNoAPK, excelRow): comparePS.ProposalASL3.ComparePS is PASSED

2020-11-11 23:27:05 - [MESSAGE][PASSED] - comparePS.ProposalASL3.ComparePS is PASSED

2020-11-11 23:27:05 - [TEST_STEP][PASSED] - comparePS.KeywordPS.callStatus(strNoAPK, "sheetAPK3", 17): comparePS.KeywordPS.callStatus is PASSED

2020-11-11 23:27:05 - [MESSAGE][PASSED] - comparePS.KeywordPS.callStatus is PASSED

2020-11-11 23:27:05 - [TEST_STEP][PASSED] - runTime.reset(): null

2020-11-11 23:27:05 - [TEST_STEP][PASSED] - runTime.start(): null

2020-11-11 23:27:05 - [TEST_STEP][PASSED] - dataCompareAPK = findTestData("dt-3/dt_APK"): null

2020-11-11 23:27:05 - [TEST_STEP][PASSED] - strNoAPK = dataCompareAPK.getValue("NO", excelRow): null

2020-11-11 23:27:05 - [TEST_STEP][PASSED] - comparePS.ProposalASL3.ComparePS(strNoAPK, excelRow): comparePS.ProposalASL3.ComparePS is PASSED

2020-11-11 23:27:05 - [MESSAGE][PASSED] - comparePS.ProposalASL3.ComparePS is PASSED

2020-11-11 23:27:05 - [TEST_STEP][PASSED] - comparePS.KeywordPS.callStatus(strNoAPK, "sheetAPK3", 17): comparePS.KeywordPS.callStatus is PASSED

2020-11-11 23:27:05 - [MESSAGE][PASSED] - comparePS.KeywordPS.callStatus is PASSED

2020-11-11 23:27:05 - [TEST_STEP][PASSED] - runTime.reset(): null

2020-11-11 23:27:05 - [TEST_STEP][PASSED] - runTime.start(): null

2020-11-11 23:27:05 - [TEST_STEP][PASSED] - dataCompareAPK = findTestData("dt-3/dt_APK"): null

2020-11-11 23:27:05 - [TEST_STEP][PASSED] - strNoAPK = dataCompareAPK.getValue("NO", excelRow): null

2020-11-11 23:27:05 - [TEST_STEP][PASSED] - comparePS.ProposalASL3.ComparePS(strNoAPK, excelRow): comparePS.ProposalASL3.ComparePS is PASSED

2020-11-11 23:27:05 - [MESSAGE][PASSED] - comparePS.ProposalASL3.ComparePS is PASSED

2020-11-11 23:27:05 - [TEST_STEP][PASSED] - comparePS.KeywordPS.callStatus(strNoAPK, "sheetAPK3", 17): comparePS.KeywordPS.callStatus is PASSED

2020-11-11 23:27:06 - [MESSAGE][PASSED] - comparePS.KeywordPS.callStatus is PASSED

2020-11-11 23:27:06 - [TEST_STEP][PASSED] - runTime.reset(): null

2020-11-11 23:27:06 - [TEST_STEP][PASSED] - runTime.start(): null

2020-11-11 23:27:06 - [TEST_STEP][PASSED] - dataCompareAPK = findTestData("dt-3/dt_APK"): null

2020-11-11 23:27:06 - [TEST_STEP][PASSED] - strNoAPK = dataCompareAPK.getValue("NO", excelRow): null

2020-11-11 23:27:06 - [TEST_STEP][PASSED] - comparePS.ProposalASL3.ComparePS(strNoAPK, excelRow): comparePS.ProposalASL3.ComparePS is PASSED

2020-11-11 23:27:06 - [MESSAGE][PASSED] - comparePS.ProposalASL3.ComparePS is PASSED

2020-11-11 23:27:06 - [TEST_STEP][PASSED] - comparePS.KeywordPS.callStatus(strNoAPK, "sheetAPK3", 17): comparePS.KeywordPS.callStatus is PASSED

2020-11-11 23:27:06 - [MESSAGE][PASSED] - comparePS.KeywordPS.callStatus is PASSED

2020-11-11 23:27:06 - [TEST_STEP][PASSED] - runTime.reset(): null

2020-11-11 23:27:06 - [TEST_STEP][PASSED] - runTime.start(): null

2020-11-11 23:27:06 - [TEST_STEP][PASSED] - dataCompareAPK = findTestData("dt-3/dt_APK"): null

2020-11-11 23:27:06 - [TEST_STEP][PASSED] - strNoAPK = dataCompareAPK.getValue("NO", excelRow): null

2020-11-11 23:27:06 - [TEST_STEP][PASSED] - comparePS.ProposalASL3.ComparePS(strNoAPK, excelRow): comparePS.ProposalASL3.ComparePS is PASSED

2020-11-11 23:27:06 - [MESSAGE][PASSED] - comparePS.ProposalASL3.ComparePS is PASSED

2020-11-11 23:27:06 - [TEST_STEP][PASSED] - comparePS.KeywordPS.callStatus(strNoAPK, "sheetAPK3", 17): comparePS.KeywordPS.callStatus is PASSED

2020-11-11 23:27:06 - [MESSAGE][PASSED] - comparePS.KeywordPS.callStatus is PASSED

2020-11-11 23:27:06 - [TEST_STEP][PASSED] - runTime.reset(): null

2020-11-11 23:27:06 - [TEST_STEP][PASSED] - runTime.start(): null

2020-11-11 23:27:06 - [TEST_STEP][PASSED] - dataCompareAPK = findTestData("dt-3/dt_APK"): null

2020-11-11 23:27:06 - [TEST_STEP][PASSED] - strNoAPK = dataCompareAPK.getValue("NO", excelRow): null

2020-11-11 23:27:06 - [TEST_STEP][PASSED] - comparePS.ProposalASL3.ComparePS(strNoAPK, excelRow): comparePS.ProposalASL3.ComparePS is PASSED

2020-11-11 23:27:07 - [MESSAGE][PASSED] - comparePS.ProposalASL3.ComparePS is PASSED

2020-11-11 23:27:07 - [TEST_STEP][PASSED] - comparePS.KeywordPS.callStatus(strNoAPK, "sheetAPK3", 17): comparePS.KeywordPS.callStatus is PASSED

2020-11-11 23:27:07 - [MESSAGE][PASSED] - comparePS.KeywordPS.callStatus is PASSED

2020-11-11 23:27:07 - [TEST_STEP][PASSED] - runTime.reset(): null

2020-11-11 23:27:07 - [TEST_STEP][PASSED] - runTime.start(): null

2020-11-11 23:27:07 - [TEST_STEP][PASSED] - dataCompareAPK = findTestData("dt-3/dt_APK"): null

2020-11-11 23:27:07 - [TEST_STEP][PASSED] - strNoAPK = dataCompareAPK.getValue("NO", excelRow): null

2020-11-11 23:27:07 - [TEST_STEP][PASSED] - comparePS.ProposalASL3.ComparePS(strNoAPK, excelRow): comparePS.ProposalASL3.ComparePS is PASSED

2020-11-11 23:27:07 - [MESSAGE][PASSED] - comparePS.ProposalASL3.ComparePS is PASSED

2020-11-11 23:27:07 - [TEST_STEP][PASSED] - comparePS.KeywordPS.callStatus(strNoAPK, "sheetAPK3", 17): comparePS.KeywordPS.callStatus is PASSED

2020-11-11 23:27:07 - [MESSAGE][PASSED] - comparePS.KeywordPS.callStatus is PASSED

2020-11-11 23:27:07 - [TEST_STEP][PASSED] - runTime.reset(): null

2020-11-11 23:27:07 - [TEST_STEP][PASSED] - runTime.start(): null

2020-11-11 23:27:07 - [TEST_STEP][PASSED] - dataCompareAPK = findTestData("dt-3/dt_APK"): null

2020-11-11 23:27:07 - [TEST_STEP][PASSED] - strNoAPK = dataCompareAPK.getValue("NO", excelRow): null

2020-11-11 23:27:07 - [TEST_STEP][PASSED] - comparePS.ProposalASL3.ComparePS(strNoAPK, excelRow): comparePS.ProposalASL3.ComparePS is PASSED

2020-11-11 23:27:07 - [MESSAGE][PASSED] - comparePS.ProposalASL3.ComparePS is PASSED

2020-11-11 23:27:07 - [TEST_STEP][PASSED] - comparePS.KeywordPS.callStatus(strNoAPK, "sheetAPK3", 17): comparePS.KeywordPS.callStatus is PASSED

2020-11-11 23:27:07 - [MESSAGE][PASSED] - comparePS.KeywordPS.callStatus is PASSED

2020-11-11 23:27:07 - [TEST_STEP][PASSED] - runTime.reset(): null

2020-11-11 23:27:07 - [TEST_STEP][PASSED] - runTime.start(): null

2020-11-11 23:27:07 - [TEST_STEP][PASSED] - dataCompareAPK = findTestData("dt-3/dt_APK"): null

2020-11-11 23:27:08 - [TEST_STEP][PASSED] - strNoAPK = dataCompareAPK.getValue("NO", excelRow): null

2020-11-11 23:27:08 - [TEST_STEP][PASSED] - comparePS.ProposalASL3.ComparePS(strNoAPK, excelRow): comparePS.ProposalASL3.ComparePS is PASSED

2020-11-11 23:27:08 - [MESSAGE][PASSED] - comparePS.ProposalASL3.ComparePS is PASSED

2020-11-11 23:27:08 - [TEST_STEP][PASSED] - comparePS.KeywordPS.callStatus(strNoAPK, "sheetAPK3", 17): comparePS.KeywordPS.callStatus is PASSED

2020-11-11 23:27:08 - [MESSAGE][PASSED] - comparePS.KeywordPS.callStatus is PASSED

2020-11-11 23:27:08 - [TEST_STEP][PASSED] - runTime.reset(): null

2020-11-11 23:27:08 - [TEST_STEP][PASSED] - runTime.start(): null

2020-11-11 23:27:08 - [TEST_STEP][PASSED] - dataCompareAPK = findTestData("dt-3/dt_APK"): null

2020-11-11 23:27:08 - [TEST_STEP][PASSED] - strNoAPK = dataCompareAPK.getValue("NO", excelRow): null

2020-11-11 23:27:08 - [TEST_STEP][PASSED] - comparePS.ProposalASL3.ComparePS(strNoAPK, excelRow): comparePS.ProposalASL3.ComparePS is PASSED

2020-11-11 23:27:08 - [MESSAGE][PASSED] - comparePS.ProposalASL3.ComparePS is PASSED

2020-11-11 23:27:08 - [TEST_STEP][PASSED] - comparePS.KeywordPS.callStatus(strNoAPK, "sheetAPK3", 17): comparePS.KeywordPS.callStatus is PASSED

2020-11-11 23:27:08 - [MESSAGE][PASSED] - comparePS.KeywordPS.callStatus is PASSED

2020-11-11 23:27:08 - [TEST_STEP][PASSED] - runTime.reset(): null

2020-11-11 23:27:08 - [TEST_STEP][PASSED] - runTime.start(): null

2020-11-11 23:27:08 - [TEST_STEP][PASSED] - dataCompareAPK = findTestData("dt-3/dt_APK"): null

2020-11-11 23:27:08 - [TEST_STEP][PASSED] - strNoAPK = dataCompareAPK.getValue("NO", excelRow): null

2020-11-11 23:27:08 - [TEST_STEP][PASSED] - comparePS.ProposalASL3.ComparePS(strNoAPK, excelRow): comparePS.ProposalASL3.ComparePS is PASSED

2020-11-11 23:27:08 - [MESSAGE][PASSED] - comparePS.ProposalASL3.ComparePS is PASSED

2020-11-11 23:27:08 - [TEST_STEP][PASSED] - comparePS.KeywordPS.callStatus(strNoAPK, "sheetAPK3", 17): comparePS.KeywordPS.callStatus is PASSED

2020-11-11 23:27:08 - [MESSAGE][PASSED] - comparePS.KeywordPS.callStatus is PASSED

2020-11-11 23:27:08 - [TEST_STEP][PASSED] - runTime.reset(): null

2020-11-11 23:27:08 - [TEST_STEP][PASSED] - runTime.start(): null

2020-11-11 23:27:08 - [TEST_STEP][PASSED] - dataCompareAPK = findTestData("dt-3/dt_APK"): null

2020-11-11 23:27:08 - [TEST_STEP][PASSED] - strNoAPK = dataCompareAPK.getValue("NO", excelRow): null

2020-11-11 23:27:08 - [TEST_STEP][PASSED] - comparePS.ProposalASL3.ComparePS(strNoAPK, excelRow): comparePS.ProposalASL3.ComparePS is PASSED

2020-11-11 23:27:09 - [MESSAGE][PASSED] - comparePS.ProposalASL3.ComparePS is PASSED

2020-11-11 23:27:09 - [TEST_STEP][PASSED] - comparePS.KeywordPS.callStatus(strNoAPK, "sheetAPK3", 17): comparePS.KeywordPS.callStatus is PASSED

2020-11-11 23:27:09 - [MESSAGE][PASSED] - comparePS.KeywordPS.callStatus is PASSED

2020-11-11 23:27:09 - [TEST_STEP][PASSED] - runTime.reset(): null

2020-11-11 23:27:09 - [TEST_STEP][PASSED] - runTime.start(): null

2020-11-11 23:27:09 - [TEST_STEP][PASSED] - dataCompareAPK = findTestData("dt-3/dt_APK"): null

2020-11-11 23:27:09 - [TEST_STEP][PASSED] - strNoAPK = dataCompareAPK.getValue("NO", excelRow): null

2020-11-11 23:27:09 - [TEST_STEP][PASSED] - comparePS.ProposalASL3.ComparePS(strNoAPK, excelRow): comparePS.ProposalASL3.ComparePS is PASSED

2020-11-11 23:27:09 - [MESSAGE][PASSED] - comparePS.ProposalASL3.ComparePS is PASSED

2020-11-11 23:27:09 - [TEST_STEP][PASSED] - comparePS.KeywordPS.callStatus(strNoAPK, "sheetAPK3", 17): comparePS.KeywordPS.callStatus is PASSED

2020-11-11 23:27:09 - [MESSAGE][PASSED] - comparePS.KeywordPS.callStatus is PASSED

2020-11-11 23:27:09 - [TEST_STEP][PASSED] - runTime.reset(): null

2020-11-11 23:27:09 - [TEST_STEP][PASSED] - runTime.start(): null

2020-11-11 23:27:09 - [TEST_STEP][PASSED] - dataCompareAPK = findTestData("dt-3/dt_APK"): null

2020-11-11 23:27:09 - [TEST_STEP][PASSED] - strNoAPK = dataCompareAPK.getValue("NO", excelRow): null

2020-11-11 23:27:09 - [TEST_STEP][PASSED] - comparePS.ProposalASL3.ComparePS(strNoAPK, excelRow): comparePS.ProposalASL3.ComparePS is PASSED

2020-11-11 23:27:09 - [MESSAGE][PASSED] - comparePS.ProposalASL3.ComparePS is PASSED

2020-11-11 23:27:09 - [TEST_STEP][PASSED] - comparePS.KeywordPS.callStatus(strNoAPK, "sheetAPK3", 17): comparePS.KeywordPS.callStatus is PASSED

2020-11-11 23:27:09 - [MESSAGE][PASSED] - comparePS.KeywordPS.callStatus is PASSED

2020-11-11 23:27:09 - [TEST_STEP][PASSED] - runTime.reset(): null

2020-11-11 23:27:09 - [TEST_STEP][PASSED] - runTime.start(): null

2020-11-11 23:27:09 - [TEST_STEP][PASSED] - dataCompareAPK = findTestData("dt-3/dt_APK"): null

2020-11-11 23:27:09 - [TEST_STEP][PASSED] - strNoAPK = dataCompareAPK.getValue("NO", excelRow): null

2020-11-11 23:27:09 - [TEST_STEP][PASSED] - comparePS.ProposalASL3.ComparePS(strNoAPK, excelRow): comparePS.ProposalASL3.ComparePS is PASSED

2020-11-11 23:27:09 - [MESSAGE][PASSED] - comparePS.ProposalASL3.ComparePS is PASSED

2020-11-11 23:27:09 - [TEST_STEP][PASSED] - comparePS.KeywordPS.callStatus(strNoAPK, "sheetAPK3", 17): comparePS.KeywordPS.callStatus is PASSED

2020-11-11 23:27:09 - [MESSAGE][PASSED] - comparePS.KeywordPS.callStatus is PASSED

2020-11-11 23:27:09 - [TEST_STEP][PASSED] - runTime.reset(): null

2020-11-11 23:27:09 - [TEST_STEP][PASSED] - runTime.start(): null

2020-11-11 23:27:09 - [TEST_STEP][PASSED] - dataCompareAPK = findTestData("dt-3/dt_APK"): null

2020-11-11 23:27:10 - [TEST_STEP][PASSED] - strNoAPK = dataCompareAPK.getValue("NO", excelRow): null

2020-11-11 23:27:10 - [TEST_STEP][PASSED] - comparePS.ProposalASL3.ComparePS(strNoAPK, excelRow): comparePS.ProposalASL3.ComparePS is PASSED

2020-11-11 23:27:10 - [MESSAGE][PASSED] - comparePS.ProposalASL3.ComparePS is PASSED

2020-11-11 23:27:10 - [TEST_STEP][PASSED] - comparePS.KeywordPS.callStatus(strNoAPK, "sheetAPK3", 17): comparePS.KeywordPS.callStatus is PASSED

2020-11-11 23:27:10 - [MESSAGE][PASSED] - comparePS.KeywordPS.callStatus is PASSED

2020-11-11 23:27:10 - [TEST_STEP][PASSED] - runTime.reset(): null

2020-11-11 23:27:10 - [TEST_STEP][PASSED] - runTime.start(): null

2020-11-11 23:27:10 - [TEST_STEP][PASSED] - dataCompareAPK = findTestData("dt-3/dt_APK"): null

2020-11-11 23:27:10 - [TEST_STEP][PASSED] - strNoAPK = dataCompareAPK.getValue("NO", excelRow): null

2020-11-11 23:27:10 - [TEST_STEP][PASSED] - comparePS.ProposalASL3.ComparePS(strNoAPK, excelRow): comparePS.ProposalASL3.ComparePS is PASSED

2020-11-11 23:27:10 - [MESSAGE][PASSED] - comparePS.ProposalASL3.ComparePS is PASSED

2020-11-11 23:27:10 - [TEST_STEP][PASSED] - comparePS.KeywordPS.callStatus(strNoAPK, "sheetAPK3", 17): comparePS.KeywordPS.callStatus is PASSED

2020-11-11 23:27:10 - [MESSAGE][PASSED] - comparePS.KeywordPS.callStatus is PASSED

2020-11-11 23:27:10 - [TEST_STEP][PASSED] - runTime.reset(): null

2020-11-11 23:27:10 - [TEST_STEP][PASSED] - runTime.start(): null

2020-11-11 23:27:10 - [TEST_STEP][PASSED] - dataCompareAPK = findTestData("dt-3/dt_APK"): null

2020-11-11 23:27:10 - [TEST_STEP][PASSED] - strNoAPK = dataCompareAPK.getValue("NO", excelRow): null

2020-11-11 23:27:10 - [TEST_STEP][PASSED] - comparePS.ProposalASL3.ComparePS(strNoAPK, excelRow): comparePS.ProposalASL3.ComparePS is PASSED

2020-11-11 23:27:10 - [MESSAGE][PASSED] - comparePS.ProposalASL3.ComparePS is PASSED

2020-11-11 23:27:10 - [TEST_STEP][PASSED] - comparePS.KeywordPS.callStatus(strNoAPK, "sheetAPK3", 17): comparePS.KeywordPS.callStatus is PASSED

2020-11-11 23:27:10 - [MESSAGE][PASSED] - comparePS.KeywordPS.callStatus is PASSED

2020-11-11 23:27:10 - [TEST_STEP][PASSED] - runTime.reset(): null

2020-11-11 23:27:10 - [TEST_STEP][PASSED] - runTime.start(): null

2020-11-11 23:27:10 - [TEST_STEP][PASSED] - dataCompareAPK = findTestData("dt-3/dt_APK"): null

2020-11-11 23:27:10 - [TEST_STEP][PASSED] - strNoAPK = dataCompareAPK.getValue("NO", excelRow): null

2020-11-11 23:27:10 - [TEST_STEP][PASSED] - comparePS.ProposalASL3.ComparePS(strNoAPK, excelRow): comparePS.ProposalASL3.ComparePS is PASSED

2020-11-11 23:27:11 - [MESSAGE][PASSED] - comparePS.ProposalASL3.ComparePS is PASSED

2020-11-11 23:27:11 - [TEST_STEP][PASSED] - comparePS.KeywordPS.callStatus(strNoAPK, "sheetAPK3", 17): comparePS.KeywordPS.callStatus is PASSED

2020-11-11 23:27:11 - [MESSAGE][PASSED] - comparePS.KeywordPS.callStatus is PASSED

2020-11-11 23:27:11 - [TEST_STEP][PASSED] - runTime.reset(): null

2020-11-11 23:27:11 - [TEST_STEP][PASSED] - runTime.start(): null

2020-11-11 23:27:11 - [TEST_STEP][PASSED] - dataCompareAPK = findTestData("dt-3/dt_APK"): null

2020-11-11 23:27:11 - [TEST_STEP][PASSED] - strNoAPK = dataCompareAPK.getValue("NO", excelRow): null

2020-11-11 23:27:11 - [TEST_STEP][PASSED] - comparePS.ProposalASL3.ComparePS(strNoAPK, excelRow): comparePS.ProposalASL3.ComparePS is PASSED

2020-11-11 23:27:11 - [MESSAGE][PASSED] - comparePS.ProposalASL3.ComparePS is PASSED

2020-11-11 23:27:11 - [TEST_STEP][PASSED] - comparePS.KeywordPS.callStatus(strNoAPK, "sheetAPK3", 17): comparePS.KeywordPS.callStatus is PASSED

2020-11-11 23:27:11 - [MESSAGE][PASSED] - comparePS.KeywordPS.callStatus is PASSED

2020-11-11 23:27:11 - [TEST_STEP][PASSED] - runTime.reset(): null

2020-11-11 23:27:11 - [TEST_STEP][PASSED] - runTime.start(): null

2020-11-11 23:27:11 - [TEST_STEP][PASSED] - dataCompareAPK = findTestData("dt-3/dt_APK"): null

2020-11-11 23:27:11 - [TEST_STEP][PASSED] - strNoAPK = dataCompareAPK.getValue("NO", excelRow): null

2020-11-11 23:27:11 - [TEST_STEP][PASSED] - comparePS.ProposalASL3.ComparePS(strNoAPK, excelRow): comparePS.ProposalASL3.ComparePS is PASSED

2020-11-11 23:27:11 - [MESSAGE][PASSED] - comparePS.ProposalASL3.ComparePS is PASSED

2020-11-11 23:27:11 - [TEST_STEP][PASSED] - comparePS.KeywordPS.callStatus(strNoAPK, "sheetAPK3", 17): comparePS.KeywordPS.callStatus is PASSED

2020-11-11 23:27:11 - [MESSAGE][PASSED] - comparePS.KeywordPS.callStatus is PASSED

2020-11-11 23:27:11 - [TEST_STEP][PASSED] - runTime.reset(): null

2020-11-11 23:27:11 - [TEST_STEP][PASSED] - runTime.start(): null

2020-11-11 23:27:11 - [TEST_STEP][PASSED] - dataCompareAPK = findTestData("dt-3/dt_APK"): null

2020-11-11 23:27:11 - [TEST_STEP][PASSED] - strNoAPK = dataCompareAPK.getValue("NO", excelRow): null

2020-11-11 23:27:11 - [TEST_STEP][PASSED] - comparePS.ProposalASL3.ComparePS(strNoAPK, excelRow): comparePS.ProposalASL3.ComparePS is PASSED

2020-11-11 23:27:11 - [MESSAGE][PASSED] - comparePS.ProposalASL3.ComparePS is PASSED

2020-11-11 23:27:11 - [TEST_STEP][PASSED] - comparePS.KeywordPS.callStatus(strNoAPK, "sheetAPK3", 17): comparePS.KeywordPS.callStatus is PASSED

2020-11-11 23:27:12 - [MESSAGE][PASSED] - comparePS.KeywordPS.callStatus is PASSED

2020-11-11 23:27:12 - [TEST_STEP][PASSED] - runTime.reset(): null

2020-11-11 23:27:12 - [TEST_STEP][PASSED] - runTime.start(): null

2020-11-11 23:27:12 - [TEST_STEP][PASSED] - dataCompareAPK = findTestData("dt-3/dt_APK"): null

2020-11-11 23:27:12 - [TEST_STEP][PASSED] - strNoAPK = dataCompareAPK.getValue("NO", excelRow): null

2020-11-11 23:27:12 - [TEST_STEP][PASSED] - comparePS.ProposalASL3.ComparePS(strNoAPK, excelRow): comparePS.ProposalASL3.ComparePS is PASSED

2020-11-11 23:27:12 - [MESSAGE][PASSED] - comparePS.ProposalASL3.ComparePS is PASSED

2020-11-11 23:27:12 - [TEST_STEP][PASSED] - comparePS.KeywordPS.callStatus(strNoAPK, "sheetAPK3", 17): comparePS.KeywordPS.callStatus is PASSED

2020-11-11 23:27:12 - [MESSAGE][PASSED] - comparePS.KeywordPS.callStatus is PASSED

2020-11-11 23:27:12 - [TEST_STEP][PASSED] - runTime.reset(): null

2020-11-11 23:27:12 - [TEST_STEP][PASSED] - runTime.start(): null

2020-11-11 23:27:12 - [TEST_STEP][PASSED] - dataCompareAPK = findTestData("dt-3/dt_APK"): null

2020-11-11 23:27:12 - [TEST_STEP][PASSED] - strNoAPK = dataCompareAPK.getValue("NO", excelRow): null

2020-11-11 23:27:12 - [TEST_STEP][PASSED] - comparePS.ProposalASL3.ComparePS(strNoAPK, excelRow): comparePS.ProposalASL3.ComparePS is PASSED

2020-11-11 23:27:12 - [MESSAGE][PASSED] - comparePS.ProposalASL3.ComparePS is PASSED

2020-11-11 23:27:12 - [TEST_STEP][PASSED] - comparePS.KeywordPS.callStatus(strNoAPK, "sheetAPK3", 17): comparePS.KeywordPS.callStatus is PASSED

2020-11-11 23:27:12 - [MESSAGE][PASSED] - comparePS.KeywordPS.callStatus is PASSED

2020-11-11 23:27:12 - [TEST_STEP][PASSED] - runTime.reset(): null

2020-11-11 23:27:12 - [TEST_STEP][PASSED] - runTime.start(): null

2020-11-11 23:27:12 - [TEST_STEP][PASSED] - dataCompareAPK = findTestData("dt-3/dt_APK"): null

2020-11-11 23:27:12 - [TEST_STEP][PASSED] - strNoAPK = dataCompareAPK.getValue("NO", excelRow): null

2020-11-11 23:27:12 - [TEST_STEP][PASSED] - comparePS.ProposalASL3.ComparePS(strNoAPK, excelRow): comparePS.ProposalASL3.ComparePS is PASSED

2020-11-11 23:27:12 - [MESSAGE][PASSED] - comparePS.ProposalASL3.ComparePS is PASSED

2020-11-11 23:27:12 - [TEST_STEP][PASSED] - comparePS.KeywordPS.callStatus(strNoAPK, "sheetAPK3", 17): comparePS.KeywordPS.callStatus is PASSED

2020-11-11 23:27:12 - [MESSAGE][PASSED] - comparePS.KeywordPS.callStatus is PASSED

2020-11-11 23:27:12 - [TEST_STEP][PASSED] - runTime.reset(): null

2020-11-11 23:27:12 - [TEST_STEP][PASSED] - runTime.start(): null

2020-11-11 23:27:12 - [TEST_STEP][PASSED] - dataCompareAPK = findTestData("dt-3/dt_APK"): null

2020-11-11 23:27:12 - [TEST_STEP][PASSED] - strNoAPK = dataCompareAPK.getValue("NO", excelRow): null

2020-11-11 23:27:12 - [TEST_STEP][PASSED] - comparePS.ProposalASL3.ComparePS(strNoAPK, excelRow): comparePS.ProposalASL3.ComparePS is PASSED

2020-11-11 23:27:13 - [MESSAGE][PASSED] - comparePS.ProposalASL3.ComparePS is PASSED

2020-11-11 23:27:13 - [TEST_STEP][PASSED] - comparePS.KeywordPS.callStatus(strNoAPK, "sheetAPK3", 17): comparePS.KeywordPS.callStatus is PASSED

2020-11-11 23:27:13 - [MESSAGE][PASSED] - comparePS.KeywordPS.callStatus is PASSED

2020-11-11 23:27:13 - [TEST_STEP][PASSED] - runTime.reset(): null

2020-11-11 23:27:13 - [TEST_STEP][PASSED] - runTime.start(): null

2020-11-11 23:27:13 - [TEST_STEP][PASSED] - dataCompareAPK = findTestData("dt-3/dt_APK"): null

2020-11-11 23:27:13 - [TEST_STEP][PASSED] - strNoAPK = dataCompareAPK.getValue("NO", excelRow): null

2020-11-11 23:27:13 - [TEST_STEP][PASSED] - comparePS.ProposalASL3.ComparePS(strNoAPK, excelRow): comparePS.ProposalASL3.ComparePS is PASSED

2020-11-11 23:27:13 - [MESSAGE][PASSED] - comparePS.ProposalASL3.ComparePS is PASSED

2020-11-11 23:27:13 - [TEST_STEP][PASSED] - comparePS.KeywordPS.callStatus(strNoAPK, "sheetAPK3", 17): comparePS.KeywordPS.callStatus is PASSED

2020-11-11 23:27:13 - [MESSAGE][PASSED] - comparePS.KeywordPS.callStatus is PASSED

2020-11-11 23:27:13 - [TEST_STEP][PASSED] - runTime.reset(): null

2020-11-11 23:27:13 - [TEST_STEP][PASSED] - runTime.start(): null

2020-11-11 23:27:13 - [TEST_STEP][PASSED] - dataCompareAPK = findTestData("dt-3/dt_APK"): null

2020-11-11 23:27:13 - [TEST_STEP][PASSED] - strNoAPK = dataCompareAPK.getValue("NO", excelRow): null

2020-11-11 23:27:13 - [TEST_STEP][PASSED] - comparePS.ProposalASL3.ComparePS(strNoAPK, excelRow): comparePS.ProposalASL3.ComparePS is PASSED

2020-11-11 23:27:13 - [MESSAGE][PASSED] - comparePS.ProposalASL3.ComparePS is PASSED

2020-11-11 23:27:13 - [TEST_STEP][PASSED] - comparePS.KeywordPS.callStatus(strNoAPK, "sheetAPK3", 17): comparePS.KeywordPS.callStatus is PASSED

2020-11-11 23:27:13 - [MESSAGE][PASSED] - comparePS.KeywordPS.callStatus is PASSED

2020-11-11 23:27:13 - [TEST_STEP][PASSED] - runTime.reset(): null

2020-11-11 23:27:13 - [TEST_STEP][PASSED] - runTime.start(): null

2020-11-11 23:27:13 - [TEST_STEP][PASSED] - dataCompareAPK = findTestData("dt-3/dt_APK"): null

2020-11-11 23:27:13 - [TEST_STEP][PASSED] - strNoAPK = dataCompareAPK.getValue("NO", excelRow): null

2020-11-11 23:27:13 - [TEST_STEP][PASSED] - comparePS.ProposalASL3.ComparePS(strNoAPK, excelRow): comparePS.ProposalASL3.ComparePS is PASSED

2020-11-11 23:27:14 - [MESSAGE][PASSED] - comparePS.ProposalASL3.ComparePS is PASSED

2020-11-11 23:27:14 - [TEST_STEP][PASSED] - comparePS.KeywordPS.callStatus(strNoAPK, "sheetAPK3", 17): comparePS.KeywordPS.callStatus is PASSED

2020-11-11 23:27:14 - [MESSAGE][PASSED] - comparePS.KeywordPS.callStatus is PASSED]]></system-out>
         <system-err><![CDATA[]]></system-err>
      </testcase>
      <system-out><![CDATA[2020-11-11 23:25:56 - [TEST_SUITE][PASSED] - ComparePS: Test Cases/ComparePS-3]]></system-out>
      <system-err><![CDATA[]]></system-err>
   </testsuite>
</testsuites>
