<?xml version="1.0" encoding="UTF-8"?>
<testsuites name="ComparePS" time="20.28" tests="1" failures="0" errors="0">
   <testsuite name="ComparePS" tests="1" failures="0" errors="0" time="20.28" timestamp="2020-11-10 18:00:04" hostname="Andika Prananto - ID-ASI-8PZWPQ2.axa-id.intraxa" id="Test Suites/ComparePS">
      <properties>
         <property name="deviceName" value=""/>
         <property name="devicePlatform" value=""/>
         <property name="logFolder" value="C:\\Users\\andika prananto\\Katalon Studio\\ComparePS\\Reports\\20201110_175954\\ComparePS\\20201110_175954"/>
         <property name="logFiles" value="C:\\Users\\andika prananto\\Katalon Studio\\ComparePS\\Reports\\20201110_175954\\ComparePS\\20201110_175954\\execution0.log"/>
         <property name="attachments" value=""/>
         <property name="hostName" value="Andika Prananto - ID-ASI-8PZWPQ2.axa-id.intraxa"/>
         <property name="hostAddress" value="10.47.183.8"/>
         <property name="os" value="Windows 10 64bit"/>
         <property name="katalonVersion" value="7.4.0.1"/>
      </properties>
      <testcase name="Test Cases/ComparePS" time="19.788" classname="Test Cases/ComparePS" status="PASSED">
         <system-out><![CDATA[2020-11-10 18:00:04 - [TEST_CASE][PASSED] - Test Cases/ComparePS: Test Cases/ComparePS

2020-11-10 18:00:05 - [TEST_STEP][PASSED] - sekarang = new java.util.Date(): null

2020-11-10 18:00:05 - [TEST_STEP][PASSED] - tgl = sekarang.format("yyyy-MM-dd"): null

2020-11-10 18:00:05 - [TEST_STEP][PASSED] - fullFlow = true: null

2020-11-10 18:00:05 - [TEST_STEP][PASSED] - strGlbDate = tgl: null

2020-11-10 18:00:05 - [TEST_STEP][PASSED] - strGlbStatus = "": null

2020-11-10 18:00:05 - [TEST_STEP][PASSED] - strGlbKeterangan = "": null

2020-11-10 18:00:05 - [TEST_STEP][PASSED] - strGlbCrash = false: null

2020-11-10 18:00:05 - [TEST_STEP][PASSED] - strGlbAlamat = false: null

2020-11-10 18:00:05 - [TEST_STEP][PASSED] - strGlbNomor = 1: null

2020-11-10 18:00:05 - [TEST_STEP][PASSED] - strGlbNumImage = 0: null

2020-11-10 18:00:05 - [TEST_STEP][PASSED] - strGlbMenu = "Login": null

2020-11-10 18:00:05 - [TEST_STEP][PASSED] - runTime = StopWatch.createStarted(): null

2020-11-10 18:00:05 - [TEST_STEP][PASSED] - getLastRow = findTestData("dt_APK").getRowNumbers(): null

2020-11-10 18:00:07 - [TEST_STEP][PASSED] - for (int excelRow : (1..getLastRow)): comparePS.KeywordPS.callStatus is PASSED

2020-11-10 18:00:07 - [TEST_STEP][PASSED] - runTime.reset(): null

2020-11-10 18:00:07 - [TEST_STEP][PASSED] - runTime.start(): null

2020-11-10 18:00:07 - [TEST_STEP][PASSED] - dataCompareAPK = findTestData("dt_APK"): null

2020-11-10 18:00:07 - [TEST_STEP][PASSED] - strNoAPK = dataCompareAPK.getValue("NO", excelRow): null

2020-11-10 18:00:07 - [TEST_STEP][PASSED] - comparePS.ComparePSASL.ComparePS(strNoAPK, excelRow): comparePS.ComparePSASL.ComparePS is PASSED

2020-11-10 18:00:07 - [MESSAGE][PASSED] - comparePS.ComparePSASL.ComparePS is PASSED

2020-11-10 18:00:07 - [TEST_STEP][PASSED] - comparePS.KeywordPS.callStatus(strNoAPK, "sheetAPK1", 17): comparePS.KeywordPS.callStatus is PASSED

2020-11-10 18:00:08 - [MESSAGE][PASSED] - comparePS.KeywordPS.callStatus is PASSED

2020-11-10 18:00:08 - [TEST_STEP][PASSED] - runTime.reset(): null

2020-11-10 18:00:08 - [TEST_STEP][PASSED] - runTime.start(): null

2020-11-10 18:00:08 - [TEST_STEP][PASSED] - dataCompareAPK = findTestData("dt_APK"): null

2020-11-10 18:00:08 - [TEST_STEP][PASSED] - strNoAPK = dataCompareAPK.getValue("NO", excelRow): null

2020-11-10 18:00:08 - [TEST_STEP][PASSED] - comparePS.ComparePSASL.ComparePS(strNoAPK, excelRow): comparePS.ComparePSASL.ComparePS is PASSED

2020-11-10 18:00:08 - [MESSAGE][PASSED] - comparePS.ComparePSASL.ComparePS is PASSED

2020-11-10 18:00:08 - [TEST_STEP][PASSED] - comparePS.KeywordPS.callStatus(strNoAPK, "sheetAPK1", 17): comparePS.KeywordPS.callStatus is PASSED

2020-11-10 18:00:08 - [MESSAGE][PASSED] - comparePS.KeywordPS.callStatus is PASSED

2020-11-10 18:00:08 - [TEST_STEP][PASSED] - runTime.reset(): null

2020-11-10 18:00:08 - [TEST_STEP][PASSED] - runTime.start(): null

2020-11-10 18:00:08 - [TEST_STEP][PASSED] - dataCompareAPK = findTestData("dt_APK"): null

2020-11-10 18:00:08 - [TEST_STEP][PASSED] - strNoAPK = dataCompareAPK.getValue("NO", excelRow): null

2020-11-10 18:00:08 - [TEST_STEP][PASSED] - comparePS.ComparePSASL.ComparePS(strNoAPK, excelRow): comparePS.ComparePSASL.ComparePS is PASSED

2020-11-10 18:00:09 - [MESSAGE][PASSED] - comparePS.ComparePSASL.ComparePS is PASSED

2020-11-10 18:00:09 - [TEST_STEP][PASSED] - comparePS.KeywordPS.callStatus(strNoAPK, "sheetAPK1", 17): comparePS.KeywordPS.callStatus is PASSED

2020-11-10 18:00:09 - [MESSAGE][PASSED] - comparePS.KeywordPS.callStatus is PASSED

2020-11-10 18:00:09 - [TEST_STEP][PASSED] - runTime.reset(): null

2020-11-10 18:00:09 - [TEST_STEP][PASSED] - runTime.start(): null

2020-11-10 18:00:09 - [TEST_STEP][PASSED] - dataCompareAPK = findTestData("dt_APK"): null

2020-11-10 18:00:09 - [TEST_STEP][PASSED] - strNoAPK = dataCompareAPK.getValue("NO", excelRow): null

2020-11-10 18:00:09 - [TEST_STEP][PASSED] - comparePS.ComparePSASL.ComparePS(strNoAPK, excelRow): comparePS.ComparePSASL.ComparePS is PASSED

2020-11-10 18:00:09 - [MESSAGE][PASSED] - comparePS.ComparePSASL.ComparePS is PASSED

2020-11-10 18:00:09 - [TEST_STEP][PASSED] - comparePS.KeywordPS.callStatus(strNoAPK, "sheetAPK1", 17): comparePS.KeywordPS.callStatus is PASSED

2020-11-10 18:00:09 - [MESSAGE][PASSED] - comparePS.KeywordPS.callStatus is PASSED

2020-11-10 18:00:09 - [TEST_STEP][PASSED] - runTime.reset(): null

2020-11-10 18:00:09 - [TEST_STEP][PASSED] - runTime.start(): null

2020-11-10 18:00:09 - [TEST_STEP][PASSED] - dataCompareAPK = findTestData("dt_APK"): null

2020-11-10 18:00:09 - [TEST_STEP][PASSED] - strNoAPK = dataCompareAPK.getValue("NO", excelRow): null

2020-11-10 18:00:09 - [TEST_STEP][PASSED] - comparePS.ComparePSASL.ComparePS(strNoAPK, excelRow): comparePS.ComparePSASL.ComparePS is PASSED

2020-11-10 18:00:10 - [MESSAGE][PASSED] - comparePS.ComparePSASL.ComparePS is PASSED

2020-11-10 18:00:10 - [TEST_STEP][PASSED] - comparePS.KeywordPS.callStatus(strNoAPK, "sheetAPK1", 17): comparePS.KeywordPS.callStatus is PASSED

2020-11-10 18:00:10 - [MESSAGE][PASSED] - comparePS.KeywordPS.callStatus is PASSED

2020-11-10 18:00:10 - [TEST_STEP][PASSED] - runTime.reset(): null

2020-11-10 18:00:10 - [TEST_STEP][PASSED] - runTime.start(): null

2020-11-10 18:00:10 - [TEST_STEP][PASSED] - dataCompareAPK = findTestData("dt_APK"): null

2020-11-10 18:00:10 - [TEST_STEP][PASSED] - strNoAPK = dataCompareAPK.getValue("NO", excelRow): null

2020-11-10 18:00:10 - [TEST_STEP][PASSED] - comparePS.ComparePSASL.ComparePS(strNoAPK, excelRow): comparePS.ComparePSASL.ComparePS is PASSED

2020-11-10 18:00:10 - [MESSAGE][PASSED] - comparePS.ComparePSASL.ComparePS is PASSED

2020-11-10 18:00:10 - [TEST_STEP][PASSED] - comparePS.KeywordPS.callStatus(strNoAPK, "sheetAPK1", 17): comparePS.KeywordPS.callStatus is PASSED

2020-11-10 18:00:10 - [MESSAGE][PASSED] - comparePS.KeywordPS.callStatus is PASSED

2020-11-10 18:00:10 - [TEST_STEP][PASSED] - runTime.reset(): null

2020-11-10 18:00:10 - [TEST_STEP][PASSED] - runTime.start(): null

2020-11-10 18:00:10 - [TEST_STEP][PASSED] - dataCompareAPK = findTestData("dt_APK"): null

2020-11-10 18:00:10 - [TEST_STEP][PASSED] - strNoAPK = dataCompareAPK.getValue("NO", excelRow): null

2020-11-10 18:00:10 - [TEST_STEP][PASSED] - comparePS.ComparePSASL.ComparePS(strNoAPK, excelRow): comparePS.ComparePSASL.ComparePS is PASSED

2020-11-10 18:00:11 - [MESSAGE][PASSED] - comparePS.ComparePSASL.ComparePS is PASSED

2020-11-10 18:00:11 - [TEST_STEP][PASSED] - comparePS.KeywordPS.callStatus(strNoAPK, "sheetAPK1", 17): comparePS.KeywordPS.callStatus is PASSED

2020-11-10 18:00:11 - [MESSAGE][PASSED] - comparePS.KeywordPS.callStatus is PASSED

2020-11-10 18:00:11 - [TEST_STEP][PASSED] - runTime.reset(): null

2020-11-10 18:00:11 - [TEST_STEP][PASSED] - runTime.start(): null

2020-11-10 18:00:11 - [TEST_STEP][PASSED] - dataCompareAPK = findTestData("dt_APK"): null

2020-11-10 18:00:11 - [TEST_STEP][PASSED] - strNoAPK = dataCompareAPK.getValue("NO", excelRow): null

2020-11-10 18:00:11 - [TEST_STEP][PASSED] - comparePS.ComparePSASL.ComparePS(strNoAPK, excelRow): comparePS.ComparePSASL.ComparePS is PASSED

2020-11-10 18:00:11 - [MESSAGE][PASSED] - comparePS.ComparePSASL.ComparePS is PASSED

2020-11-10 18:00:11 - [TEST_STEP][PASSED] - comparePS.KeywordPS.callStatus(strNoAPK, "sheetAPK1", 17): comparePS.KeywordPS.callStatus is PASSED

2020-11-10 18:00:11 - [MESSAGE][PASSED] - comparePS.KeywordPS.callStatus is PASSED

2020-11-10 18:00:11 - [TEST_STEP][PASSED] - runTime.reset(): null

2020-11-10 18:00:11 - [TEST_STEP][PASSED] - runTime.start(): null

2020-11-10 18:00:11 - [TEST_STEP][PASSED] - dataCompareAPK = findTestData("dt_APK"): null

2020-11-10 18:00:11 - [TEST_STEP][PASSED] - strNoAPK = dataCompareAPK.getValue("NO", excelRow): null

2020-11-10 18:00:11 - [TEST_STEP][PASSED] - comparePS.ComparePSASL.ComparePS(strNoAPK, excelRow): comparePS.ComparePSASL.ComparePS is PASSED

2020-11-10 18:00:11 - [MESSAGE][PASSED] - comparePS.ComparePSASL.ComparePS is PASSED

2020-11-10 18:00:11 - [TEST_STEP][PASSED] - comparePS.KeywordPS.callStatus(strNoAPK, "sheetAPK1", 17): comparePS.KeywordPS.callStatus is PASSED

2020-11-10 18:00:12 - [MESSAGE][PASSED] - comparePS.KeywordPS.callStatus is PASSED

2020-11-10 18:00:12 - [TEST_STEP][PASSED] - runTime.reset(): null

2020-11-10 18:00:12 - [TEST_STEP][PASSED] - runTime.start(): null

2020-11-10 18:00:12 - [TEST_STEP][PASSED] - dataCompareAPK = findTestData("dt_APK"): null

2020-11-10 18:00:12 - [TEST_STEP][PASSED] - strNoAPK = dataCompareAPK.getValue("NO", excelRow): null

2020-11-10 18:00:12 - [TEST_STEP][PASSED] - comparePS.ComparePSASL.ComparePS(strNoAPK, excelRow): comparePS.ComparePSASL.ComparePS is PASSED

2020-11-10 18:00:12 - [MESSAGE][PASSED] - comparePS.ComparePSASL.ComparePS is PASSED

2020-11-10 18:00:12 - [TEST_STEP][PASSED] - comparePS.KeywordPS.callStatus(strNoAPK, "sheetAPK1", 17): comparePS.KeywordPS.callStatus is PASSED

2020-11-10 18:00:12 - [MESSAGE][PASSED] - comparePS.KeywordPS.callStatus is PASSED

2020-11-10 18:00:12 - [TEST_STEP][PASSED] - runTime.reset(): null

2020-11-10 18:00:12 - [TEST_STEP][PASSED] - runTime.start(): null

2020-11-10 18:00:12 - [TEST_STEP][PASSED] - dataCompareAPK = findTestData("dt_APK"): null

2020-11-10 18:00:12 - [TEST_STEP][PASSED] - strNoAPK = dataCompareAPK.getValue("NO", excelRow): null

2020-11-10 18:00:12 - [TEST_STEP][PASSED] - comparePS.ComparePSASL.ComparePS(strNoAPK, excelRow): comparePS.ComparePSASL.ComparePS is PASSED

2020-11-10 18:00:12 - [MESSAGE][PASSED] - comparePS.ComparePSASL.ComparePS is PASSED

2020-11-10 18:00:12 - [TEST_STEP][PASSED] - comparePS.KeywordPS.callStatus(strNoAPK, "sheetAPK1", 17): comparePS.KeywordPS.callStatus is PASSED

2020-11-10 18:00:12 - [MESSAGE][PASSED] - comparePS.KeywordPS.callStatus is PASSED

2020-11-10 18:00:12 - [TEST_STEP][PASSED] - runTime.reset(): null

2020-11-10 18:00:12 - [TEST_STEP][PASSED] - runTime.start(): null

2020-11-10 18:00:12 - [TEST_STEP][PASSED] - dataCompareAPK = findTestData("dt_APK"): null

2020-11-10 18:00:12 - [TEST_STEP][PASSED] - strNoAPK = dataCompareAPK.getValue("NO", excelRow): null

2020-11-10 18:00:12 - [TEST_STEP][PASSED] - comparePS.ComparePSASL.ComparePS(strNoAPK, excelRow): comparePS.ComparePSASL.ComparePS is PASSED

2020-11-10 18:00:12 - [MESSAGE][PASSED] - comparePS.ComparePSASL.ComparePS is PASSED

2020-11-10 18:00:12 - [TEST_STEP][PASSED] - comparePS.KeywordPS.callStatus(strNoAPK, "sheetAPK1", 17): comparePS.KeywordPS.callStatus is PASSED

2020-11-10 18:00:12 - [MESSAGE][PASSED] - comparePS.KeywordPS.callStatus is PASSED

2020-11-10 18:00:12 - [TEST_STEP][PASSED] - runTime.reset(): null

2020-11-10 18:00:12 - [TEST_STEP][PASSED] - runTime.start(): null

2020-11-10 18:00:12 - [TEST_STEP][PASSED] - dataCompareAPK = findTestData("dt_APK"): null

2020-11-10 18:00:12 - [TEST_STEP][PASSED] - strNoAPK = dataCompareAPK.getValue("NO", excelRow): null

2020-11-10 18:00:12 - [TEST_STEP][PASSED] - comparePS.ComparePSASL.ComparePS(strNoAPK, excelRow): comparePS.ComparePSASL.ComparePS is PASSED

2020-11-10 18:00:13 - [MESSAGE][PASSED] - comparePS.ComparePSASL.ComparePS is PASSED

2020-11-10 18:00:13 - [TEST_STEP][PASSED] - comparePS.KeywordPS.callStatus(strNoAPK, "sheetAPK1", 17): comparePS.KeywordPS.callStatus is PASSED

2020-11-10 18:00:13 - [MESSAGE][PASSED] - comparePS.KeywordPS.callStatus is PASSED

2020-11-10 18:00:13 - [TEST_STEP][PASSED] - runTime.reset(): null

2020-11-10 18:00:13 - [TEST_STEP][PASSED] - runTime.start(): null

2020-11-10 18:00:13 - [TEST_STEP][PASSED] - dataCompareAPK = findTestData("dt_APK"): null

2020-11-10 18:00:13 - [TEST_STEP][PASSED] - strNoAPK = dataCompareAPK.getValue("NO", excelRow): null

2020-11-10 18:00:13 - [TEST_STEP][PASSED] - comparePS.ComparePSASL.ComparePS(strNoAPK, excelRow): comparePS.ComparePSASL.ComparePS is PASSED

2020-11-10 18:00:13 - [MESSAGE][PASSED] - comparePS.ComparePSASL.ComparePS is PASSED

2020-11-10 18:00:13 - [TEST_STEP][PASSED] - comparePS.KeywordPS.callStatus(strNoAPK, "sheetAPK1", 17): comparePS.KeywordPS.callStatus is PASSED

2020-11-10 18:00:13 - [MESSAGE][PASSED] - comparePS.KeywordPS.callStatus is PASSED

2020-11-10 18:00:13 - [TEST_STEP][PASSED] - runTime.reset(): null

2020-11-10 18:00:13 - [TEST_STEP][PASSED] - runTime.start(): null

2020-11-10 18:00:13 - [TEST_STEP][PASSED] - dataCompareAPK = findTestData("dt_APK"): null

2020-11-10 18:00:13 - [TEST_STEP][PASSED] - strNoAPK = dataCompareAPK.getValue("NO", excelRow): null

2020-11-10 18:00:13 - [TEST_STEP][PASSED] - comparePS.ComparePSASL.ComparePS(strNoAPK, excelRow): comparePS.ComparePSASL.ComparePS is PASSED

2020-11-10 18:00:13 - [MESSAGE][PASSED] - comparePS.ComparePSASL.ComparePS is PASSED

2020-11-10 18:00:13 - [TEST_STEP][PASSED] - comparePS.KeywordPS.callStatus(strNoAPK, "sheetAPK1", 17): comparePS.KeywordPS.callStatus is PASSED

2020-11-10 18:00:13 - [MESSAGE][PASSED] - comparePS.KeywordPS.callStatus is PASSED

2020-11-10 18:00:13 - [TEST_STEP][PASSED] - runTime.reset(): null

2020-11-10 18:00:13 - [TEST_STEP][PASSED] - runTime.start(): null

2020-11-10 18:00:13 - [TEST_STEP][PASSED] - dataCompareAPK = findTestData("dt_APK"): null

2020-11-10 18:00:13 - [TEST_STEP][PASSED] - strNoAPK = dataCompareAPK.getValue("NO", excelRow): null

2020-11-10 18:00:13 - [TEST_STEP][PASSED] - comparePS.ComparePSASL.ComparePS(strNoAPK, excelRow): comparePS.ComparePSASL.ComparePS is PASSED

2020-11-10 18:00:13 - [MESSAGE][PASSED] - comparePS.ComparePSASL.ComparePS is PASSED

2020-11-10 18:00:13 - [TEST_STEP][PASSED] - comparePS.KeywordPS.callStatus(strNoAPK, "sheetAPK1", 17): comparePS.KeywordPS.callStatus is PASSED

2020-11-10 18:00:13 - [MESSAGE][PASSED] - comparePS.KeywordPS.callStatus is PASSED

2020-11-10 18:00:13 - [TEST_STEP][PASSED] - runTime.reset(): null

2020-11-10 18:00:13 - [TEST_STEP][PASSED] - runTime.start(): null

2020-11-10 18:00:13 - [TEST_STEP][PASSED] - dataCompareAPK = findTestData("dt_APK"): null

2020-11-10 18:00:13 - [TEST_STEP][PASSED] - strNoAPK = dataCompareAPK.getValue("NO", excelRow): null

2020-11-10 18:00:13 - [TEST_STEP][PASSED] - comparePS.ComparePSASL.ComparePS(strNoAPK, excelRow): comparePS.ComparePSASL.ComparePS is PASSED

2020-11-10 18:00:14 - [MESSAGE][PASSED] - comparePS.ComparePSASL.ComparePS is PASSED

2020-11-10 18:00:14 - [TEST_STEP][PASSED] - comparePS.KeywordPS.callStatus(strNoAPK, "sheetAPK1", 17): comparePS.KeywordPS.callStatus is PASSED

2020-11-10 18:00:14 - [MESSAGE][PASSED] - comparePS.KeywordPS.callStatus is PASSED

2020-11-10 18:00:14 - [TEST_STEP][PASSED] - runTime.reset(): null

2020-11-10 18:00:14 - [TEST_STEP][PASSED] - runTime.start(): null

2020-11-10 18:00:14 - [TEST_STEP][PASSED] - dataCompareAPK = findTestData("dt_APK"): null

2020-11-10 18:00:14 - [TEST_STEP][PASSED] - strNoAPK = dataCompareAPK.getValue("NO", excelRow): null

2020-11-10 18:00:14 - [TEST_STEP][PASSED] - comparePS.ComparePSASL.ComparePS(strNoAPK, excelRow): comparePS.ComparePSASL.ComparePS is PASSED

2020-11-10 18:00:14 - [MESSAGE][PASSED] - comparePS.ComparePSASL.ComparePS is PASSED

2020-11-10 18:00:14 - [TEST_STEP][PASSED] - comparePS.KeywordPS.callStatus(strNoAPK, "sheetAPK1", 17): comparePS.KeywordPS.callStatus is PASSED

2020-11-10 18:00:14 - [MESSAGE][PASSED] - comparePS.KeywordPS.callStatus is PASSED

2020-11-10 18:00:14 - [TEST_STEP][PASSED] - runTime.reset(): null

2020-11-10 18:00:14 - [TEST_STEP][PASSED] - runTime.start(): null

2020-11-10 18:00:14 - [TEST_STEP][PASSED] - dataCompareAPK = findTestData("dt_APK"): null

2020-11-10 18:00:14 - [TEST_STEP][PASSED] - strNoAPK = dataCompareAPK.getValue("NO", excelRow): null

2020-11-10 18:00:14 - [TEST_STEP][PASSED] - comparePS.ComparePSASL.ComparePS(strNoAPK, excelRow): comparePS.ComparePSASL.ComparePS is PASSED

2020-11-10 18:00:14 - [MESSAGE][PASSED] - comparePS.ComparePSASL.ComparePS is PASSED

2020-11-10 18:00:14 - [TEST_STEP][PASSED] - comparePS.KeywordPS.callStatus(strNoAPK, "sheetAPK1", 17): comparePS.KeywordPS.callStatus is PASSED

2020-11-10 18:00:14 - [MESSAGE][PASSED] - comparePS.KeywordPS.callStatus is PASSED

2020-11-10 18:00:14 - [TEST_STEP][PASSED] - runTime.reset(): null

2020-11-10 18:00:14 - [TEST_STEP][PASSED] - runTime.start(): null

2020-11-10 18:00:14 - [TEST_STEP][PASSED] - dataCompareAPK = findTestData("dt_APK"): null

2020-11-10 18:00:14 - [TEST_STEP][PASSED] - strNoAPK = dataCompareAPK.getValue("NO", excelRow): null

2020-11-10 18:00:14 - [TEST_STEP][PASSED] - comparePS.ComparePSASL.ComparePS(strNoAPK, excelRow): comparePS.ComparePSASL.ComparePS is PASSED

2020-11-10 18:00:14 - [MESSAGE][PASSED] - comparePS.ComparePSASL.ComparePS is PASSED

2020-11-10 18:00:14 - [TEST_STEP][PASSED] - comparePS.KeywordPS.callStatus(strNoAPK, "sheetAPK1", 17): comparePS.KeywordPS.callStatus is PASSED

2020-11-10 18:00:14 - [MESSAGE][PASSED] - comparePS.KeywordPS.callStatus is PASSED

2020-11-10 18:00:14 - [TEST_STEP][PASSED] - runTime.reset(): null

2020-11-10 18:00:14 - [TEST_STEP][PASSED] - runTime.start(): null

2020-11-10 18:00:14 - [TEST_STEP][PASSED] - dataCompareAPK = findTestData("dt_APK"): null

2020-11-10 18:00:14 - [TEST_STEP][PASSED] - strNoAPK = dataCompareAPK.getValue("NO", excelRow): null

2020-11-10 18:00:14 - [TEST_STEP][PASSED] - comparePS.ComparePSASL.ComparePS(strNoAPK, excelRow): comparePS.ComparePSASL.ComparePS is PASSED

2020-11-10 18:00:14 - [MESSAGE][PASSED] - comparePS.ComparePSASL.ComparePS is PASSED

2020-11-10 18:00:14 - [TEST_STEP][PASSED] - comparePS.KeywordPS.callStatus(strNoAPK, "sheetAPK1", 17): comparePS.KeywordPS.callStatus is PASSED

2020-11-10 18:00:15 - [MESSAGE][PASSED] - comparePS.KeywordPS.callStatus is PASSED

2020-11-10 18:00:15 - [TEST_STEP][PASSED] - runTime.reset(): null

2020-11-10 18:00:15 - [TEST_STEP][PASSED] - runTime.start(): null

2020-11-10 18:00:15 - [TEST_STEP][PASSED] - dataCompareAPK = findTestData("dt_APK"): null

2020-11-10 18:00:15 - [TEST_STEP][PASSED] - strNoAPK = dataCompareAPK.getValue("NO", excelRow): null

2020-11-10 18:00:15 - [TEST_STEP][PASSED] - comparePS.ComparePSASL.ComparePS(strNoAPK, excelRow): comparePS.ComparePSASL.ComparePS is PASSED

2020-11-10 18:00:15 - [MESSAGE][PASSED] - comparePS.ComparePSASL.ComparePS is PASSED

2020-11-10 18:00:15 - [TEST_STEP][PASSED] - comparePS.KeywordPS.callStatus(strNoAPK, "sheetAPK1", 17): comparePS.KeywordPS.callStatus is PASSED

2020-11-10 18:00:15 - [MESSAGE][PASSED] - comparePS.KeywordPS.callStatus is PASSED

2020-11-10 18:00:15 - [TEST_STEP][PASSED] - runTime.reset(): null

2020-11-10 18:00:15 - [TEST_STEP][PASSED] - runTime.start(): null

2020-11-10 18:00:15 - [TEST_STEP][PASSED] - dataCompareAPK = findTestData("dt_APK"): null

2020-11-10 18:00:15 - [TEST_STEP][PASSED] - strNoAPK = dataCompareAPK.getValue("NO", excelRow): null

2020-11-10 18:00:15 - [TEST_STEP][PASSED] - comparePS.ComparePSASL.ComparePS(strNoAPK, excelRow): comparePS.ComparePSASL.ComparePS is PASSED

2020-11-10 18:00:15 - [MESSAGE][PASSED] - comparePS.ComparePSASL.ComparePS is PASSED

2020-11-10 18:00:15 - [TEST_STEP][PASSED] - comparePS.KeywordPS.callStatus(strNoAPK, "sheetAPK1", 17): comparePS.KeywordPS.callStatus is PASSED

2020-11-10 18:00:15 - [MESSAGE][PASSED] - comparePS.KeywordPS.callStatus is PASSED

2020-11-10 18:00:15 - [TEST_STEP][PASSED] - runTime.reset(): null

2020-11-10 18:00:15 - [TEST_STEP][PASSED] - runTime.start(): null

2020-11-10 18:00:15 - [TEST_STEP][PASSED] - dataCompareAPK = findTestData("dt_APK"): null

2020-11-10 18:00:15 - [TEST_STEP][PASSED] - strNoAPK = dataCompareAPK.getValue("NO", excelRow): null

2020-11-10 18:00:15 - [TEST_STEP][PASSED] - comparePS.ComparePSASL.ComparePS(strNoAPK, excelRow): comparePS.ComparePSASL.ComparePS is PASSED

2020-11-10 18:00:15 - [MESSAGE][PASSED] - comparePS.ComparePSASL.ComparePS is PASSED

2020-11-10 18:00:15 - [TEST_STEP][PASSED] - comparePS.KeywordPS.callStatus(strNoAPK, "sheetAPK1", 17): comparePS.KeywordPS.callStatus is PASSED

2020-11-10 18:00:15 - [MESSAGE][PASSED] - comparePS.KeywordPS.callStatus is PASSED

2020-11-10 18:00:15 - [TEST_STEP][PASSED] - runTime.reset(): null

2020-11-10 18:00:15 - [TEST_STEP][PASSED] - runTime.start(): null

2020-11-10 18:00:15 - [TEST_STEP][PASSED] - dataCompareAPK = findTestData("dt_APK"): null

2020-11-10 18:00:15 - [TEST_STEP][PASSED] - strNoAPK = dataCompareAPK.getValue("NO", excelRow): null

2020-11-10 18:00:15 - [TEST_STEP][PASSED] - comparePS.ComparePSASL.ComparePS(strNoAPK, excelRow): comparePS.ComparePSASL.ComparePS is PASSED

2020-11-10 18:00:15 - [MESSAGE][PASSED] - comparePS.ComparePSASL.ComparePS is PASSED

2020-11-10 18:00:15 - [TEST_STEP][PASSED] - comparePS.KeywordPS.callStatus(strNoAPK, "sheetAPK1", 17): comparePS.KeywordPS.callStatus is PASSED

2020-11-10 18:00:15 - [MESSAGE][PASSED] - comparePS.KeywordPS.callStatus is PASSED

2020-11-10 18:00:15 - [TEST_STEP][PASSED] - runTime.reset(): null

2020-11-10 18:00:15 - [TEST_STEP][PASSED] - runTime.start(): null

2020-11-10 18:00:15 - [TEST_STEP][PASSED] - dataCompareAPK = findTestData("dt_APK"): null

2020-11-10 18:00:15 - [TEST_STEP][PASSED] - strNoAPK = dataCompareAPK.getValue("NO", excelRow): null

2020-11-10 18:00:15 - [TEST_STEP][PASSED] - comparePS.ComparePSASL.ComparePS(strNoAPK, excelRow): comparePS.ComparePSASL.ComparePS is PASSED

2020-11-10 18:00:16 - [MESSAGE][PASSED] - comparePS.ComparePSASL.ComparePS is PASSED

2020-11-10 18:00:16 - [TEST_STEP][PASSED] - comparePS.KeywordPS.callStatus(strNoAPK, "sheetAPK1", 17): comparePS.KeywordPS.callStatus is PASSED

2020-11-10 18:00:16 - [MESSAGE][PASSED] - comparePS.KeywordPS.callStatus is PASSED

2020-11-10 18:00:16 - [TEST_STEP][PASSED] - runTime.reset(): null

2020-11-10 18:00:16 - [TEST_STEP][PASSED] - runTime.start(): null

2020-11-10 18:00:16 - [TEST_STEP][PASSED] - dataCompareAPK = findTestData("dt_APK"): null

2020-11-10 18:00:16 - [TEST_STEP][PASSED] - strNoAPK = dataCompareAPK.getValue("NO", excelRow): null

2020-11-10 18:00:16 - [TEST_STEP][PASSED] - comparePS.ComparePSASL.ComparePS(strNoAPK, excelRow): comparePS.ComparePSASL.ComparePS is PASSED

2020-11-10 18:00:16 - [MESSAGE][PASSED] - comparePS.ComparePSASL.ComparePS is PASSED

2020-11-10 18:00:16 - [TEST_STEP][PASSED] - comparePS.KeywordPS.callStatus(strNoAPK, "sheetAPK1", 17): comparePS.KeywordPS.callStatus is PASSED

2020-11-10 18:00:16 - [MESSAGE][PASSED] - comparePS.KeywordPS.callStatus is PASSED

2020-11-10 18:00:16 - [TEST_STEP][PASSED] - runTime.reset(): null

2020-11-10 18:00:16 - [TEST_STEP][PASSED] - runTime.start(): null

2020-11-10 18:00:16 - [TEST_STEP][PASSED] - dataCompareAPK = findTestData("dt_APK"): null

2020-11-10 18:00:16 - [TEST_STEP][PASSED] - strNoAPK = dataCompareAPK.getValue("NO", excelRow): null

2020-11-10 18:00:16 - [TEST_STEP][PASSED] - comparePS.ComparePSASL.ComparePS(strNoAPK, excelRow): comparePS.ComparePSASL.ComparePS is PASSED

2020-11-10 18:00:16 - [MESSAGE][PASSED] - comparePS.ComparePSASL.ComparePS is PASSED

2020-11-10 18:00:16 - [TEST_STEP][PASSED] - comparePS.KeywordPS.callStatus(strNoAPK, "sheetAPK1", 17): comparePS.KeywordPS.callStatus is PASSED

2020-11-10 18:00:16 - [MESSAGE][PASSED] - comparePS.KeywordPS.callStatus is PASSED

2020-11-10 18:00:16 - [TEST_STEP][PASSED] - runTime.reset(): null

2020-11-10 18:00:16 - [TEST_STEP][PASSED] - runTime.start(): null

2020-11-10 18:00:16 - [TEST_STEP][PASSED] - dataCompareAPK = findTestData("dt_APK"): null

2020-11-10 18:00:16 - [TEST_STEP][PASSED] - strNoAPK = dataCompareAPK.getValue("NO", excelRow): null

2020-11-10 18:00:16 - [TEST_STEP][PASSED] - comparePS.ComparePSASL.ComparePS(strNoAPK, excelRow): comparePS.ComparePSASL.ComparePS is PASSED

2020-11-10 18:00:16 - [MESSAGE][PASSED] - comparePS.ComparePSASL.ComparePS is PASSED

2020-11-10 18:00:16 - [TEST_STEP][PASSED] - comparePS.KeywordPS.callStatus(strNoAPK, "sheetAPK1", 17): comparePS.KeywordPS.callStatus is PASSED

2020-11-10 18:00:16 - [MESSAGE][PASSED] - comparePS.KeywordPS.callStatus is PASSED

2020-11-10 18:00:16 - [TEST_STEP][PASSED] - runTime.reset(): null

2020-11-10 18:00:16 - [TEST_STEP][PASSED] - runTime.start(): null

2020-11-10 18:00:16 - [TEST_STEP][PASSED] - dataCompareAPK = findTestData("dt_APK"): null

2020-11-10 18:00:16 - [TEST_STEP][PASSED] - strNoAPK = dataCompareAPK.getValue("NO", excelRow): null

2020-11-10 18:00:16 - [TEST_STEP][PASSED] - comparePS.ComparePSASL.ComparePS(strNoAPK, excelRow): comparePS.ComparePSASL.ComparePS is PASSED

2020-11-10 18:00:16 - [MESSAGE][PASSED] - comparePS.ComparePSASL.ComparePS is PASSED

2020-11-10 18:00:16 - [TEST_STEP][PASSED] - comparePS.KeywordPS.callStatus(strNoAPK, "sheetAPK1", 17): comparePS.KeywordPS.callStatus is PASSED

2020-11-10 18:00:16 - [MESSAGE][PASSED] - comparePS.KeywordPS.callStatus is PASSED

2020-11-10 18:00:16 - [TEST_STEP][PASSED] - runTime.reset(): null

2020-11-10 18:00:16 - [TEST_STEP][PASSED] - runTime.start(): null

2020-11-10 18:00:16 - [TEST_STEP][PASSED] - dataCompareAPK = findTestData("dt_APK"): null

2020-11-10 18:00:16 - [TEST_STEP][PASSED] - strNoAPK = dataCompareAPK.getValue("NO", excelRow): null

2020-11-10 18:00:16 - [TEST_STEP][PASSED] - comparePS.ComparePSASL.ComparePS(strNoAPK, excelRow): comparePS.ComparePSASL.ComparePS is PASSED

2020-11-10 18:00:17 - [MESSAGE][PASSED] - comparePS.ComparePSASL.ComparePS is PASSED

2020-11-10 18:00:17 - [TEST_STEP][PASSED] - comparePS.KeywordPS.callStatus(strNoAPK, "sheetAPK1", 17): comparePS.KeywordPS.callStatus is PASSED

2020-11-10 18:00:17 - [MESSAGE][PASSED] - comparePS.KeywordPS.callStatus is PASSED

2020-11-10 18:00:17 - [TEST_STEP][PASSED] - runTime.reset(): null

2020-11-10 18:00:17 - [TEST_STEP][PASSED] - runTime.start(): null

2020-11-10 18:00:17 - [TEST_STEP][PASSED] - dataCompareAPK = findTestData("dt_APK"): null

2020-11-10 18:00:17 - [TEST_STEP][PASSED] - strNoAPK = dataCompareAPK.getValue("NO", excelRow): null

2020-11-10 18:00:17 - [TEST_STEP][PASSED] - comparePS.ComparePSASL.ComparePS(strNoAPK, excelRow): comparePS.ComparePSASL.ComparePS is PASSED

2020-11-10 18:00:17 - [MESSAGE][PASSED] - comparePS.ComparePSASL.ComparePS is PASSED

2020-11-10 18:00:17 - [TEST_STEP][PASSED] - comparePS.KeywordPS.callStatus(strNoAPK, "sheetAPK1", 17): comparePS.KeywordPS.callStatus is PASSED

2020-11-10 18:00:17 - [MESSAGE][PASSED] - comparePS.KeywordPS.callStatus is PASSED

2020-11-10 18:00:17 - [TEST_STEP][PASSED] - runTime.reset(): null

2020-11-10 18:00:17 - [TEST_STEP][PASSED] - runTime.start(): null

2020-11-10 18:00:17 - [TEST_STEP][PASSED] - dataCompareAPK = findTestData("dt_APK"): null

2020-11-10 18:00:17 - [TEST_STEP][PASSED] - strNoAPK = dataCompareAPK.getValue("NO", excelRow): null

2020-11-10 18:00:17 - [TEST_STEP][PASSED] - comparePS.ComparePSASL.ComparePS(strNoAPK, excelRow): comparePS.ComparePSASL.ComparePS is PASSED

2020-11-10 18:00:17 - [MESSAGE][PASSED] - comparePS.ComparePSASL.ComparePS is PASSED

2020-11-10 18:00:17 - [TEST_STEP][PASSED] - comparePS.KeywordPS.callStatus(strNoAPK, "sheetAPK1", 17): comparePS.KeywordPS.callStatus is PASSED

2020-11-10 18:00:17 - [MESSAGE][PASSED] - comparePS.KeywordPS.callStatus is PASSED

2020-11-10 18:00:17 - [TEST_STEP][PASSED] - runTime.reset(): null

2020-11-10 18:00:17 - [TEST_STEP][PASSED] - runTime.start(): null

2020-11-10 18:00:17 - [TEST_STEP][PASSED] - dataCompareAPK = findTestData("dt_APK"): null

2020-11-10 18:00:17 - [TEST_STEP][PASSED] - strNoAPK = dataCompareAPK.getValue("NO", excelRow): null

2020-11-10 18:00:17 - [TEST_STEP][PASSED] - comparePS.ComparePSASL.ComparePS(strNoAPK, excelRow): comparePS.ComparePSASL.ComparePS is PASSED

2020-11-10 18:00:17 - [MESSAGE][PASSED] - comparePS.ComparePSASL.ComparePS is PASSED

2020-11-10 18:00:17 - [TEST_STEP][PASSED] - comparePS.KeywordPS.callStatus(strNoAPK, "sheetAPK1", 17): comparePS.KeywordPS.callStatus is PASSED

2020-11-10 18:00:17 - [MESSAGE][PASSED] - comparePS.KeywordPS.callStatus is PASSED

2020-11-10 18:00:17 - [TEST_STEP][PASSED] - runTime.reset(): null

2020-11-10 18:00:17 - [TEST_STEP][PASSED] - runTime.start(): null

2020-11-10 18:00:17 - [TEST_STEP][PASSED] - dataCompareAPK = findTestData("dt_APK"): null

2020-11-10 18:00:17 - [TEST_STEP][PASSED] - strNoAPK = dataCompareAPK.getValue("NO", excelRow): null

2020-11-10 18:00:17 - [TEST_STEP][PASSED] - comparePS.ComparePSASL.ComparePS(strNoAPK, excelRow): comparePS.ComparePSASL.ComparePS is PASSED

2020-11-10 18:00:17 - [MESSAGE][PASSED] - comparePS.ComparePSASL.ComparePS is PASSED

2020-11-10 18:00:17 - [TEST_STEP][PASSED] - comparePS.KeywordPS.callStatus(strNoAPK, "sheetAPK1", 17): comparePS.KeywordPS.callStatus is PASSED

2020-11-10 18:00:17 - [MESSAGE][PASSED] - comparePS.KeywordPS.callStatus is PASSED

2020-11-10 18:00:17 - [TEST_STEP][PASSED] - runTime.reset(): null

2020-11-10 18:00:17 - [TEST_STEP][PASSED] - runTime.start(): null

2020-11-10 18:00:17 - [TEST_STEP][PASSED] - dataCompareAPK = findTestData("dt_APK"): null

2020-11-10 18:00:18 - [TEST_STEP][PASSED] - strNoAPK = dataCompareAPK.getValue("NO", excelRow): null

2020-11-10 18:00:18 - [TEST_STEP][PASSED] - comparePS.ComparePSASL.ComparePS(strNoAPK, excelRow): comparePS.ComparePSASL.ComparePS is PASSED

2020-11-10 18:00:18 - [MESSAGE][PASSED] - comparePS.ComparePSASL.ComparePS is PASSED

2020-11-10 18:00:18 - [TEST_STEP][PASSED] - comparePS.KeywordPS.callStatus(strNoAPK, "sheetAPK1", 17): comparePS.KeywordPS.callStatus is PASSED

2020-11-10 18:00:18 - [MESSAGE][PASSED] - comparePS.KeywordPS.callStatus is PASSED

2020-11-10 18:00:18 - [TEST_STEP][PASSED] - runTime.reset(): null

2020-11-10 18:00:18 - [TEST_STEP][PASSED] - runTime.start(): null

2020-11-10 18:00:18 - [TEST_STEP][PASSED] - dataCompareAPK = findTestData("dt_APK"): null

2020-11-10 18:00:18 - [TEST_STEP][PASSED] - strNoAPK = dataCompareAPK.getValue("NO", excelRow): null

2020-11-10 18:00:18 - [TEST_STEP][PASSED] - comparePS.ComparePSASL.ComparePS(strNoAPK, excelRow): comparePS.ComparePSASL.ComparePS is PASSED

2020-11-10 18:00:18 - [MESSAGE][PASSED] - comparePS.ComparePSASL.ComparePS is PASSED

2020-11-10 18:00:18 - [TEST_STEP][PASSED] - comparePS.KeywordPS.callStatus(strNoAPK, "sheetAPK1", 17): comparePS.KeywordPS.callStatus is PASSED

2020-11-10 18:00:18 - [MESSAGE][PASSED] - comparePS.KeywordPS.callStatus is PASSED

2020-11-10 18:00:18 - [TEST_STEP][PASSED] - runTime.reset(): null

2020-11-10 18:00:18 - [TEST_STEP][PASSED] - runTime.start(): null

2020-11-10 18:00:18 - [TEST_STEP][PASSED] - dataCompareAPK = findTestData("dt_APK"): null

2020-11-10 18:00:18 - [TEST_STEP][PASSED] - strNoAPK = dataCompareAPK.getValue("NO", excelRow): null

2020-11-10 18:00:18 - [TEST_STEP][PASSED] - comparePS.ComparePSASL.ComparePS(strNoAPK, excelRow): comparePS.ComparePSASL.ComparePS is PASSED

2020-11-10 18:00:18 - [MESSAGE][PASSED] - comparePS.ComparePSASL.ComparePS is PASSED

2020-11-10 18:00:18 - [TEST_STEP][PASSED] - comparePS.KeywordPS.callStatus(strNoAPK, "sheetAPK1", 17): comparePS.KeywordPS.callStatus is PASSED

2020-11-10 18:00:18 - [MESSAGE][PASSED] - comparePS.KeywordPS.callStatus is PASSED

2020-11-10 18:00:18 - [TEST_STEP][PASSED] - runTime.reset(): null

2020-11-10 18:00:18 - [TEST_STEP][PASSED] - runTime.start(): null

2020-11-10 18:00:18 - [TEST_STEP][PASSED] - dataCompareAPK = findTestData("dt_APK"): null

2020-11-10 18:00:18 - [TEST_STEP][PASSED] - strNoAPK = dataCompareAPK.getValue("NO", excelRow): null

2020-11-10 18:00:18 - [TEST_STEP][PASSED] - comparePS.ComparePSASL.ComparePS(strNoAPK, excelRow): comparePS.ComparePSASL.ComparePS is PASSED

2020-11-10 18:00:18 - [MESSAGE][PASSED] - comparePS.ComparePSASL.ComparePS is PASSED

2020-11-10 18:00:18 - [TEST_STEP][PASSED] - comparePS.KeywordPS.callStatus(strNoAPK, "sheetAPK1", 17): comparePS.KeywordPS.callStatus is PASSED

2020-11-10 18:00:18 - [MESSAGE][PASSED] - comparePS.KeywordPS.callStatus is PASSED

2020-11-10 18:00:18 - [TEST_STEP][PASSED] - runTime.reset(): null

2020-11-10 18:00:18 - [TEST_STEP][PASSED] - runTime.start(): null

2020-11-10 18:00:18 - [TEST_STEP][PASSED] - dataCompareAPK = findTestData("dt_APK"): null

2020-11-10 18:00:18 - [TEST_STEP][PASSED] - strNoAPK = dataCompareAPK.getValue("NO", excelRow): null

2020-11-10 18:00:18 - [TEST_STEP][PASSED] - comparePS.ComparePSASL.ComparePS(strNoAPK, excelRow): comparePS.ComparePSASL.ComparePS is PASSED

2020-11-10 18:00:18 - [MESSAGE][PASSED] - comparePS.ComparePSASL.ComparePS is PASSED

2020-11-10 18:00:18 - [TEST_STEP][PASSED] - comparePS.KeywordPS.callStatus(strNoAPK, "sheetAPK1", 17): comparePS.KeywordPS.callStatus is PASSED

2020-11-10 18:00:19 - [MESSAGE][PASSED] - comparePS.KeywordPS.callStatus is PASSED

2020-11-10 18:00:19 - [TEST_STEP][PASSED] - runTime.reset(): null

2020-11-10 18:00:19 - [TEST_STEP][PASSED] - runTime.start(): null

2020-11-10 18:00:19 - [TEST_STEP][PASSED] - dataCompareAPK = findTestData("dt_APK"): null

2020-11-10 18:00:19 - [TEST_STEP][PASSED] - strNoAPK = dataCompareAPK.getValue("NO", excelRow): null

2020-11-10 18:00:19 - [TEST_STEP][PASSED] - comparePS.ComparePSASL.ComparePS(strNoAPK, excelRow): comparePS.ComparePSASL.ComparePS is PASSED

2020-11-10 18:00:19 - [MESSAGE][PASSED] - comparePS.ComparePSASL.ComparePS is PASSED

2020-11-10 18:00:19 - [TEST_STEP][PASSED] - comparePS.KeywordPS.callStatus(strNoAPK, "sheetAPK1", 17): comparePS.KeywordPS.callStatus is PASSED

2020-11-10 18:00:19 - [MESSAGE][PASSED] - comparePS.KeywordPS.callStatus is PASSED

2020-11-10 18:00:19 - [TEST_STEP][PASSED] - runTime.reset(): null

2020-11-10 18:00:19 - [TEST_STEP][PASSED] - runTime.start(): null

2020-11-10 18:00:19 - [TEST_STEP][PASSED] - dataCompareAPK = findTestData("dt_APK"): null

2020-11-10 18:00:19 - [TEST_STEP][PASSED] - strNoAPK = dataCompareAPK.getValue("NO", excelRow): null

2020-11-10 18:00:19 - [TEST_STEP][PASSED] - comparePS.ComparePSASL.ComparePS(strNoAPK, excelRow): comparePS.ComparePSASL.ComparePS is PASSED

2020-11-10 18:00:19 - [MESSAGE][PASSED] - comparePS.ComparePSASL.ComparePS is PASSED

2020-11-10 18:00:19 - [TEST_STEP][PASSED] - comparePS.KeywordPS.callStatus(strNoAPK, "sheetAPK1", 17): comparePS.KeywordPS.callStatus is PASSED

2020-11-10 18:00:19 - [MESSAGE][PASSED] - comparePS.KeywordPS.callStatus is PASSED

2020-11-10 18:00:19 - [TEST_STEP][PASSED] - runTime.reset(): null

2020-11-10 18:00:19 - [TEST_STEP][PASSED] - runTime.start(): null

2020-11-10 18:00:19 - [TEST_STEP][PASSED] - dataCompareAPK = findTestData("dt_APK"): null

2020-11-10 18:00:19 - [TEST_STEP][PASSED] - strNoAPK = dataCompareAPK.getValue("NO", excelRow): null

2020-11-10 18:00:19 - [TEST_STEP][PASSED] - comparePS.ComparePSASL.ComparePS(strNoAPK, excelRow): comparePS.ComparePSASL.ComparePS is PASSED

2020-11-10 18:00:19 - [MESSAGE][PASSED] - comparePS.ComparePSASL.ComparePS is PASSED

2020-11-10 18:00:19 - [TEST_STEP][PASSED] - comparePS.KeywordPS.callStatus(strNoAPK, "sheetAPK1", 17): comparePS.KeywordPS.callStatus is PASSED

2020-11-10 18:00:19 - [MESSAGE][PASSED] - comparePS.KeywordPS.callStatus is PASSED

2020-11-10 18:00:19 - [TEST_STEP][PASSED] - runTime.reset(): null

2020-11-10 18:00:19 - [TEST_STEP][PASSED] - runTime.start(): null

2020-11-10 18:00:19 - [TEST_STEP][PASSED] - dataCompareAPK = findTestData("dt_APK"): null

2020-11-10 18:00:19 - [TEST_STEP][PASSED] - strNoAPK = dataCompareAPK.getValue("NO", excelRow): null

2020-11-10 18:00:19 - [TEST_STEP][PASSED] - comparePS.ComparePSASL.ComparePS(strNoAPK, excelRow): comparePS.ComparePSASL.ComparePS is PASSED

2020-11-10 18:00:19 - [MESSAGE][PASSED] - comparePS.ComparePSASL.ComparePS is PASSED

2020-11-10 18:00:19 - [TEST_STEP][PASSED] - comparePS.KeywordPS.callStatus(strNoAPK, "sheetAPK1", 17): comparePS.KeywordPS.callStatus is PASSED

2020-11-10 18:00:19 - [MESSAGE][PASSED] - comparePS.KeywordPS.callStatus is PASSED

2020-11-10 18:00:19 - [TEST_STEP][PASSED] - runTime.reset(): null

2020-11-10 18:00:19 - [TEST_STEP][PASSED] - runTime.start(): null

2020-11-10 18:00:19 - [TEST_STEP][PASSED] - dataCompareAPK = findTestData("dt_APK"): null

2020-11-10 18:00:19 - [TEST_STEP][PASSED] - strNoAPK = dataCompareAPK.getValue("NO", excelRow): null

2020-11-10 18:00:19 - [TEST_STEP][PASSED] - comparePS.ComparePSASL.ComparePS(strNoAPK, excelRow): comparePS.ComparePSASL.ComparePS is PASSED

2020-11-10 18:00:19 - [MESSAGE][PASSED] - comparePS.ComparePSASL.ComparePS is PASSED

2020-11-10 18:00:19 - [TEST_STEP][PASSED] - comparePS.KeywordPS.callStatus(strNoAPK, "sheetAPK1", 17): comparePS.KeywordPS.callStatus is PASSED

2020-11-10 18:00:20 - [MESSAGE][PASSED] - comparePS.KeywordPS.callStatus is PASSED

2020-11-10 18:00:20 - [TEST_STEP][PASSED] - runTime.reset(): null

2020-11-10 18:00:20 - [TEST_STEP][PASSED] - runTime.start(): null

2020-11-10 18:00:20 - [TEST_STEP][PASSED] - dataCompareAPK = findTestData("dt_APK"): null

2020-11-10 18:00:20 - [TEST_STEP][PASSED] - strNoAPK = dataCompareAPK.getValue("NO", excelRow): null

2020-11-10 18:00:20 - [TEST_STEP][PASSED] - comparePS.ComparePSASL.ComparePS(strNoAPK, excelRow): comparePS.ComparePSASL.ComparePS is PASSED

2020-11-10 18:00:20 - [MESSAGE][PASSED] - comparePS.ComparePSASL.ComparePS is PASSED

2020-11-10 18:00:20 - [TEST_STEP][PASSED] - comparePS.KeywordPS.callStatus(strNoAPK, "sheetAPK1", 17): comparePS.KeywordPS.callStatus is PASSED

2020-11-10 18:00:20 - [MESSAGE][PASSED] - comparePS.KeywordPS.callStatus is PASSED

2020-11-10 18:00:20 - [TEST_STEP][PASSED] - runTime.reset(): null

2020-11-10 18:00:20 - [TEST_STEP][PASSED] - runTime.start(): null

2020-11-10 18:00:20 - [TEST_STEP][PASSED] - dataCompareAPK = findTestData("dt_APK"): null

2020-11-10 18:00:20 - [TEST_STEP][PASSED] - strNoAPK = dataCompareAPK.getValue("NO", excelRow): null

2020-11-10 18:00:20 - [TEST_STEP][PASSED] - comparePS.ComparePSASL.ComparePS(strNoAPK, excelRow): comparePS.ComparePSASL.ComparePS is PASSED

2020-11-10 18:00:20 - [MESSAGE][PASSED] - comparePS.ComparePSASL.ComparePS is PASSED

2020-11-10 18:00:20 - [TEST_STEP][PASSED] - comparePS.KeywordPS.callStatus(strNoAPK, "sheetAPK1", 17): comparePS.KeywordPS.callStatus is PASSED

2020-11-10 18:00:20 - [MESSAGE][PASSED] - comparePS.KeywordPS.callStatus is PASSED

2020-11-10 18:00:20 - [TEST_STEP][PASSED] - runTime.reset(): null

2020-11-10 18:00:20 - [TEST_STEP][PASSED] - runTime.start(): null

2020-11-10 18:00:20 - [TEST_STEP][PASSED] - dataCompareAPK = findTestData("dt_APK"): null

2020-11-10 18:00:20 - [TEST_STEP][PASSED] - strNoAPK = dataCompareAPK.getValue("NO", excelRow): null

2020-11-10 18:00:20 - [TEST_STEP][PASSED] - comparePS.ComparePSASL.ComparePS(strNoAPK, excelRow): comparePS.ComparePSASL.ComparePS is PASSED

2020-11-10 18:00:20 - [MESSAGE][PASSED] - comparePS.ComparePSASL.ComparePS is PASSED

2020-11-10 18:00:20 - [TEST_STEP][PASSED] - comparePS.KeywordPS.callStatus(strNoAPK, "sheetAPK1", 17): comparePS.KeywordPS.callStatus is PASSED

2020-11-10 18:00:20 - [MESSAGE][PASSED] - comparePS.KeywordPS.callStatus is PASSED

2020-11-10 18:00:20 - [TEST_STEP][PASSED] - runTime.reset(): null

2020-11-10 18:00:20 - [TEST_STEP][PASSED] - runTime.start(): null

2020-11-10 18:00:20 - [TEST_STEP][PASSED] - dataCompareAPK = findTestData("dt_APK"): null

2020-11-10 18:00:20 - [TEST_STEP][PASSED] - strNoAPK = dataCompareAPK.getValue("NO", excelRow): null

2020-11-10 18:00:20 - [TEST_STEP][PASSED] - comparePS.ComparePSASL.ComparePS(strNoAPK, excelRow): comparePS.ComparePSASL.ComparePS is PASSED

2020-11-10 18:00:20 - [MESSAGE][PASSED] - comparePS.ComparePSASL.ComparePS is PASSED

2020-11-10 18:00:20 - [TEST_STEP][PASSED] - comparePS.KeywordPS.callStatus(strNoAPK, "sheetAPK1", 17): comparePS.KeywordPS.callStatus is PASSED

2020-11-10 18:00:20 - [MESSAGE][PASSED] - comparePS.KeywordPS.callStatus is PASSED

2020-11-10 18:00:20 - [TEST_STEP][PASSED] - runTime.reset(): null

2020-11-10 18:00:20 - [TEST_STEP][PASSED] - runTime.start(): null

2020-11-10 18:00:20 - [TEST_STEP][PASSED] - dataCompareAPK = findTestData("dt_APK"): null

2020-11-10 18:00:20 - [TEST_STEP][PASSED] - strNoAPK = dataCompareAPK.getValue("NO", excelRow): null

2020-11-10 18:00:20 - [TEST_STEP][PASSED] - comparePS.ComparePSASL.ComparePS(strNoAPK, excelRow): comparePS.ComparePSASL.ComparePS is PASSED

2020-11-10 18:00:21 - [MESSAGE][PASSED] - comparePS.ComparePSASL.ComparePS is PASSED

2020-11-10 18:00:21 - [TEST_STEP][PASSED] - comparePS.KeywordPS.callStatus(strNoAPK, "sheetAPK1", 17): comparePS.KeywordPS.callStatus is PASSED

2020-11-10 18:00:21 - [MESSAGE][PASSED] - comparePS.KeywordPS.callStatus is PASSED

2020-11-10 18:00:21 - [TEST_STEP][PASSED] - runTime.reset(): null

2020-11-10 18:00:21 - [TEST_STEP][PASSED] - runTime.start(): null

2020-11-10 18:00:21 - [TEST_STEP][PASSED] - dataCompareAPK = findTestData("dt_APK"): null

2020-11-10 18:00:21 - [TEST_STEP][PASSED] - strNoAPK = dataCompareAPK.getValue("NO", excelRow): null

2020-11-10 18:00:21 - [TEST_STEP][PASSED] - comparePS.ComparePSASL.ComparePS(strNoAPK, excelRow): comparePS.ComparePSASL.ComparePS is PASSED

2020-11-10 18:00:21 - [MESSAGE][PASSED] - comparePS.ComparePSASL.ComparePS is PASSED

2020-11-10 18:00:21 - [TEST_STEP][PASSED] - comparePS.KeywordPS.callStatus(strNoAPK, "sheetAPK1", 17): comparePS.KeywordPS.callStatus is PASSED

2020-11-10 18:00:21 - [MESSAGE][PASSED] - comparePS.KeywordPS.callStatus is PASSED

2020-11-10 18:00:21 - [TEST_STEP][PASSED] - runTime.reset(): null

2020-11-10 18:00:21 - [TEST_STEP][PASSED] - runTime.start(): null

2020-11-10 18:00:21 - [TEST_STEP][PASSED] - dataCompareAPK = findTestData("dt_APK"): null

2020-11-10 18:00:21 - [TEST_STEP][PASSED] - strNoAPK = dataCompareAPK.getValue("NO", excelRow): null

2020-11-10 18:00:21 - [TEST_STEP][PASSED] - comparePS.ComparePSASL.ComparePS(strNoAPK, excelRow): comparePS.ComparePSASL.ComparePS is PASSED

2020-11-10 18:00:21 - [MESSAGE][PASSED] - comparePS.ComparePSASL.ComparePS is PASSED

2020-11-10 18:00:21 - [TEST_STEP][PASSED] - comparePS.KeywordPS.callStatus(strNoAPK, "sheetAPK1", 17): comparePS.KeywordPS.callStatus is PASSED

2020-11-10 18:00:21 - [MESSAGE][PASSED] - comparePS.KeywordPS.callStatus is PASSED

2020-11-10 18:00:21 - [TEST_STEP][PASSED] - runTime.reset(): null

2020-11-10 18:00:21 - [TEST_STEP][PASSED] - runTime.start(): null

2020-11-10 18:00:21 - [TEST_STEP][PASSED] - dataCompareAPK = findTestData("dt_APK"): null

2020-11-10 18:00:21 - [TEST_STEP][PASSED] - strNoAPK = dataCompareAPK.getValue("NO", excelRow): null

2020-11-10 18:00:21 - [TEST_STEP][PASSED] - comparePS.ComparePSASL.ComparePS(strNoAPK, excelRow): comparePS.ComparePSASL.ComparePS is PASSED

2020-11-10 18:00:21 - [MESSAGE][PASSED] - comparePS.ComparePSASL.ComparePS is PASSED

2020-11-10 18:00:21 - [TEST_STEP][PASSED] - comparePS.KeywordPS.callStatus(strNoAPK, "sheetAPK1", 17): comparePS.KeywordPS.callStatus is PASSED

2020-11-10 18:00:21 - [MESSAGE][PASSED] - comparePS.KeywordPS.callStatus is PASSED

2020-11-10 18:00:21 - [TEST_STEP][PASSED] - runTime.reset(): null

2020-11-10 18:00:21 - [TEST_STEP][PASSED] - runTime.start(): null

2020-11-10 18:00:21 - [TEST_STEP][PASSED] - dataCompareAPK = findTestData("dt_APK"): null

2020-11-10 18:00:21 - [TEST_STEP][PASSED] - strNoAPK = dataCompareAPK.getValue("NO", excelRow): null

2020-11-10 18:00:21 - [TEST_STEP][PASSED] - comparePS.ComparePSASL.ComparePS(strNoAPK, excelRow): comparePS.ComparePSASL.ComparePS is PASSED

2020-11-10 18:00:21 - [MESSAGE][PASSED] - comparePS.ComparePSASL.ComparePS is PASSED

2020-11-10 18:00:21 - [TEST_STEP][PASSED] - comparePS.KeywordPS.callStatus(strNoAPK, "sheetAPK1", 17): comparePS.KeywordPS.callStatus is PASSED

2020-11-10 18:00:22 - [MESSAGE][PASSED] - comparePS.KeywordPS.callStatus is PASSED

2020-11-10 18:00:22 - [TEST_STEP][PASSED] - runTime.reset(): null

2020-11-10 18:00:22 - [TEST_STEP][PASSED] - runTime.start(): null

2020-11-10 18:00:22 - [TEST_STEP][PASSED] - dataCompareAPK = findTestData("dt_APK"): null

2020-11-10 18:00:22 - [TEST_STEP][PASSED] - strNoAPK = dataCompareAPK.getValue("NO", excelRow): null

2020-11-10 18:00:22 - [TEST_STEP][PASSED] - comparePS.ComparePSASL.ComparePS(strNoAPK, excelRow): comparePS.ComparePSASL.ComparePS is PASSED

2020-11-10 18:00:22 - [MESSAGE][PASSED] - comparePS.ComparePSASL.ComparePS is PASSED

2020-11-10 18:00:22 - [TEST_STEP][PASSED] - comparePS.KeywordPS.callStatus(strNoAPK, "sheetAPK1", 17): comparePS.KeywordPS.callStatus is PASSED

2020-11-10 18:00:22 - [MESSAGE][PASSED] - comparePS.KeywordPS.callStatus is PASSED

2020-11-10 18:00:22 - [TEST_STEP][PASSED] - runTime.reset(): null

2020-11-10 18:00:22 - [TEST_STEP][PASSED] - runTime.start(): null

2020-11-10 18:00:22 - [TEST_STEP][PASSED] - dataCompareAPK = findTestData("dt_APK"): null

2020-11-10 18:00:22 - [TEST_STEP][PASSED] - strNoAPK = dataCompareAPK.getValue("NO", excelRow): null

2020-11-10 18:00:22 - [TEST_STEP][PASSED] - comparePS.ComparePSASL.ComparePS(strNoAPK, excelRow): comparePS.ComparePSASL.ComparePS is PASSED

2020-11-10 18:00:22 - [MESSAGE][PASSED] - comparePS.ComparePSASL.ComparePS is PASSED

2020-11-10 18:00:22 - [TEST_STEP][PASSED] - comparePS.KeywordPS.callStatus(strNoAPK, "sheetAPK1", 17): comparePS.KeywordPS.callStatus is PASSED

2020-11-10 18:00:22 - [MESSAGE][PASSED] - comparePS.KeywordPS.callStatus is PASSED

2020-11-10 18:00:22 - [TEST_STEP][PASSED] - runTime.reset(): null

2020-11-10 18:00:22 - [TEST_STEP][PASSED] - runTime.start(): null

2020-11-10 18:00:22 - [TEST_STEP][PASSED] - dataCompareAPK = findTestData("dt_APK"): null

2020-11-10 18:00:22 - [TEST_STEP][PASSED] - strNoAPK = dataCompareAPK.getValue("NO", excelRow): null

2020-11-10 18:00:22 - [TEST_STEP][PASSED] - comparePS.ComparePSASL.ComparePS(strNoAPK, excelRow): comparePS.ComparePSASL.ComparePS is PASSED

2020-11-10 18:00:22 - [MESSAGE][PASSED] - comparePS.ComparePSASL.ComparePS is PASSED

2020-11-10 18:00:22 - [TEST_STEP][PASSED] - comparePS.KeywordPS.callStatus(strNoAPK, "sheetAPK1", 17): comparePS.KeywordPS.callStatus is PASSED

2020-11-10 18:00:22 - [MESSAGE][PASSED] - comparePS.KeywordPS.callStatus is PASSED

2020-11-10 18:00:22 - [TEST_STEP][PASSED] - runTime.reset(): null

2020-11-10 18:00:22 - [TEST_STEP][PASSED] - runTime.start(): null

2020-11-10 18:00:22 - [TEST_STEP][PASSED] - dataCompareAPK = findTestData("dt_APK"): null

2020-11-10 18:00:22 - [TEST_STEP][PASSED] - strNoAPK = dataCompareAPK.getValue("NO", excelRow): null

2020-11-10 18:00:22 - [TEST_STEP][PASSED] - comparePS.ComparePSASL.ComparePS(strNoAPK, excelRow): comparePS.ComparePSASL.ComparePS is PASSED

2020-11-10 18:00:22 - [MESSAGE][PASSED] - comparePS.ComparePSASL.ComparePS is PASSED

2020-11-10 18:00:22 - [TEST_STEP][PASSED] - comparePS.KeywordPS.callStatus(strNoAPK, "sheetAPK1", 17): comparePS.KeywordPS.callStatus is PASSED

2020-11-10 18:00:22 - [MESSAGE][PASSED] - comparePS.KeywordPS.callStatus is PASSED

2020-11-10 18:00:22 - [TEST_STEP][PASSED] - runTime.reset(): null

2020-11-10 18:00:22 - [TEST_STEP][PASSED] - runTime.start(): null

2020-11-10 18:00:22 - [TEST_STEP][PASSED] - dataCompareAPK = findTestData("dt_APK"): null

2020-11-10 18:00:22 - [TEST_STEP][PASSED] - strNoAPK = dataCompareAPK.getValue("NO", excelRow): null

2020-11-10 18:00:22 - [TEST_STEP][PASSED] - comparePS.ComparePSASL.ComparePS(strNoAPK, excelRow): comparePS.ComparePSASL.ComparePS is PASSED

2020-11-10 18:00:23 - [MESSAGE][PASSED] - comparePS.ComparePSASL.ComparePS is PASSED

2020-11-10 18:00:23 - [TEST_STEP][PASSED] - comparePS.KeywordPS.callStatus(strNoAPK, "sheetAPK1", 17): comparePS.KeywordPS.callStatus is PASSED

2020-11-10 18:00:23 - [MESSAGE][PASSED] - comparePS.KeywordPS.callStatus is PASSED

2020-11-10 18:00:23 - [TEST_STEP][PASSED] - runTime.reset(): null

2020-11-10 18:00:23 - [TEST_STEP][PASSED] - runTime.start(): null

2020-11-10 18:00:23 - [TEST_STEP][PASSED] - dataCompareAPK = findTestData("dt_APK"): null

2020-11-10 18:00:23 - [TEST_STEP][PASSED] - strNoAPK = dataCompareAPK.getValue("NO", excelRow): null

2020-11-10 18:00:23 - [TEST_STEP][PASSED] - comparePS.ComparePSASL.ComparePS(strNoAPK, excelRow): comparePS.ComparePSASL.ComparePS is PASSED

2020-11-10 18:00:23 - [MESSAGE][PASSED] - comparePS.ComparePSASL.ComparePS is PASSED

2020-11-10 18:00:23 - [TEST_STEP][PASSED] - comparePS.KeywordPS.callStatus(strNoAPK, "sheetAPK1", 17): comparePS.KeywordPS.callStatus is PASSED

2020-11-10 18:00:23 - [MESSAGE][PASSED] - comparePS.KeywordPS.callStatus is PASSED

2020-11-10 18:00:23 - [TEST_STEP][PASSED] - runTime.reset(): null

2020-11-10 18:00:23 - [TEST_STEP][PASSED] - runTime.start(): null

2020-11-10 18:00:23 - [TEST_STEP][PASSED] - dataCompareAPK = findTestData("dt_APK"): null

2020-11-10 18:00:23 - [TEST_STEP][PASSED] - strNoAPK = dataCompareAPK.getValue("NO", excelRow): null

2020-11-10 18:00:23 - [TEST_STEP][PASSED] - comparePS.ComparePSASL.ComparePS(strNoAPK, excelRow): comparePS.ComparePSASL.ComparePS is PASSED

2020-11-10 18:00:23 - [MESSAGE][PASSED] - comparePS.ComparePSASL.ComparePS is PASSED

2020-11-10 18:00:23 - [TEST_STEP][PASSED] - comparePS.KeywordPS.callStatus(strNoAPK, "sheetAPK1", 17): comparePS.KeywordPS.callStatus is PASSED

2020-11-10 18:00:23 - [MESSAGE][PASSED] - comparePS.KeywordPS.callStatus is PASSED

2020-11-10 18:00:23 - [TEST_STEP][PASSED] - runTime.reset(): null

2020-11-10 18:00:23 - [TEST_STEP][PASSED] - runTime.start(): null

2020-11-10 18:00:23 - [TEST_STEP][PASSED] - dataCompareAPK = findTestData("dt_APK"): null

2020-11-10 18:00:23 - [TEST_STEP][PASSED] - strNoAPK = dataCompareAPK.getValue("NO", excelRow): null

2020-11-10 18:00:23 - [TEST_STEP][PASSED] - comparePS.ComparePSASL.ComparePS(strNoAPK, excelRow): comparePS.ComparePSASL.ComparePS is PASSED

2020-11-10 18:00:23 - [MESSAGE][PASSED] - comparePS.ComparePSASL.ComparePS is PASSED

2020-11-10 18:00:23 - [TEST_STEP][PASSED] - comparePS.KeywordPS.callStatus(strNoAPK, "sheetAPK1", 17): comparePS.KeywordPS.callStatus is PASSED

2020-11-10 18:00:23 - [MESSAGE][PASSED] - comparePS.KeywordPS.callStatus is PASSED

2020-11-10 18:00:23 - [TEST_STEP][PASSED] - runTime.reset(): null

2020-11-10 18:00:23 - [TEST_STEP][PASSED] - runTime.start(): null

2020-11-10 18:00:23 - [TEST_STEP][PASSED] - dataCompareAPK = findTestData("dt_APK"): null

2020-11-10 18:00:23 - [TEST_STEP][PASSED] - strNoAPK = dataCompareAPK.getValue("NO", excelRow): null

2020-11-10 18:00:23 - [TEST_STEP][PASSED] - comparePS.ComparePSASL.ComparePS(strNoAPK, excelRow): comparePS.ComparePSASL.ComparePS is PASSED

2020-11-10 18:00:23 - [MESSAGE][PASSED] - comparePS.ComparePSASL.ComparePS is PASSED

2020-11-10 18:00:23 - [TEST_STEP][PASSED] - comparePS.KeywordPS.callStatus(strNoAPK, "sheetAPK1", 17): comparePS.KeywordPS.callStatus is PASSED

2020-11-10 18:00:23 - [MESSAGE][PASSED] - comparePS.KeywordPS.callStatus is PASSED

2020-11-10 18:00:23 - [TEST_STEP][PASSED] - runTime.reset(): null

2020-11-10 18:00:23 - [TEST_STEP][PASSED] - runTime.start(): null

2020-11-10 18:00:23 - [TEST_STEP][PASSED] - dataCompareAPK = findTestData("dt_APK"): null

2020-11-10 18:00:23 - [TEST_STEP][PASSED] - strNoAPK = dataCompareAPK.getValue("NO", excelRow): null

2020-11-10 18:00:23 - [TEST_STEP][PASSED] - comparePS.ComparePSASL.ComparePS(strNoAPK, excelRow): comparePS.ComparePSASL.ComparePS is PASSED

2020-11-10 18:00:23 - [MESSAGE][PASSED] - comparePS.ComparePSASL.ComparePS is PASSED

2020-11-10 18:00:23 - [TEST_STEP][PASSED] - comparePS.KeywordPS.callStatus(strNoAPK, "sheetAPK1", 17): comparePS.KeywordPS.callStatus is PASSED

2020-11-10 18:00:24 - [MESSAGE][PASSED] - comparePS.KeywordPS.callStatus is PASSED

2020-11-10 18:00:24 - [TEST_STEP][PASSED] - runTime.reset(): null

2020-11-10 18:00:24 - [TEST_STEP][PASSED] - runTime.start(): null

2020-11-10 18:00:24 - [TEST_STEP][PASSED] - dataCompareAPK = findTestData("dt_APK"): null

2020-11-10 18:00:24 - [TEST_STEP][PASSED] - strNoAPK = dataCompareAPK.getValue("NO", excelRow): null

2020-11-10 18:00:24 - [TEST_STEP][PASSED] - comparePS.ComparePSASL.ComparePS(strNoAPK, excelRow): comparePS.ComparePSASL.ComparePS is PASSED

2020-11-10 18:00:24 - [MESSAGE][PASSED] - comparePS.ComparePSASL.ComparePS is PASSED

2020-11-10 18:00:24 - [TEST_STEP][PASSED] - comparePS.KeywordPS.callStatus(strNoAPK, "sheetAPK1", 17): comparePS.KeywordPS.callStatus is PASSED

2020-11-10 18:00:24 - [MESSAGE][PASSED] - comparePS.KeywordPS.callStatus is PASSED]]></system-out>
         <system-err><![CDATA[]]></system-err>
      </testcase>
      <system-out><![CDATA[2020-11-10 18:00:04 - [TEST_SUITE][PASSED] - ComparePS: Test Cases/ComparePS]]></system-out>
      <system-err><![CDATA[]]></system-err>
   </testsuite>
</testsuites>
