<?xml version="1.0" encoding="UTF-8"?>
<testsuites name="ComparePS" time="54.302" tests="2" failures="0" errors="0">
   <testsuite name="ComparePS" tests="2" failures="0" errors="0" time="54.302" timestamp="2020-11-11 09:19:53" hostname="Andika Prananto - ID-ASI-8PZWPQ2.axa-id.intraxa" id="Test Suites/ComparePS">
      <properties>
         <property name="deviceName" value=""/>
         <property name="devicePlatform" value=""/>
         <property name="logFolder" value="C:\\Users\\andika prananto\\Katalon Studio\\ComparePS\\Reports\\20201111_091943\\ComparePS\\20201111_091943"/>
         <property name="logFiles" value="C:\\Users\\andika prananto\\Katalon Studio\\ComparePS\\Reports\\20201111_091943\\ComparePS\\20201111_091943\\execution0.log"/>
         <property name="attachments" value=""/>
         <property name="hostName" value="Andika Prananto - ID-ASI-8PZWPQ2.axa-id.intraxa"/>
         <property name="hostAddress" value="10.47.183.8"/>
         <property name="os" value="Windows 10 64bit"/>
         <property name="katalonVersion" value="7.4.0.1"/>
      </properties>
      <testcase name="Test Cases/ComparePS-1" time="28.997" classname="Test Cases/ComparePS-1" status="PASSED">
         <system-out><![CDATA[2020-11-11 09:19:53 - [TEST_CASE][PASSED] - Test Cases/ComparePS-1: Test Cases/ComparePS-1

2020-11-11 09:19:55 - [TEST_STEP][PASSED] - sekarang = new java.util.Date(): null

2020-11-11 09:19:55 - [TEST_STEP][PASSED] - tgl = sekarang.format("yyyy-MM-dd"): null

2020-11-11 09:19:55 - [TEST_STEP][PASSED] - fullFlow = true: null

2020-11-11 09:19:55 - [TEST_STEP][PASSED] - strGlbDate = tgl: null

2020-11-11 09:19:55 - [TEST_STEP][PASSED] - strGlbStatus = "": null

2020-11-11 09:19:55 - [TEST_STEP][PASSED] - strGlbKeterangan = "": null

2020-11-11 09:19:55 - [TEST_STEP][PASSED] - strGlbCrash = false: null

2020-11-11 09:19:55 - [TEST_STEP][PASSED] - strGlbAlamat = false: null

2020-11-11 09:19:55 - [TEST_STEP][PASSED] - strGlbNomor = 1: null

2020-11-11 09:19:55 - [TEST_STEP][PASSED] - strGlbNumImage = 0: null

2020-11-11 09:19:55 - [TEST_STEP][PASSED] - runTime = StopWatch.createStarted(): null

2020-11-11 09:19:55 - [TEST_STEP][PASSED] - getLastRow = findTestData("dt-1/dt_APK").getRowNumbers(): null

2020-11-11 09:19:56 - [TEST_STEP][PASSED] - for (int excelRow : (1..getLastRow)): comparePS.KeywordPS.callStatus is PASSED

2020-11-11 09:19:56 - [TEST_STEP][PASSED] - runTime.reset(): null

2020-11-11 09:19:56 - [TEST_STEP][PASSED] - runTime.start(): null

2020-11-11 09:19:56 - [TEST_STEP][PASSED] - dataCompareAPK = findTestData("dt-1/dt_APK"): null

2020-11-11 09:19:57 - [TEST_STEP][PASSED] - strNoAPK = dataCompareAPK.getValue("NO", excelRow): null

2020-11-11 09:19:57 - [TEST_STEP][PASSED] - comparePS.ProposalASL1.ComparePS(strNoAPK, excelRow): comparePS.ProposalASL1.ComparePS is PASSED

2020-11-11 09:19:57 - [MESSAGE][PASSED] - comparePS.ProposalASL1.ComparePS is PASSED

2020-11-11 09:19:57 - [TEST_STEP][PASSED] - comparePS.KeywordPS.callStatus(strNoAPK, "sheetAPK1", 17): comparePS.KeywordPS.callStatus is PASSED

2020-11-11 09:19:57 - [MESSAGE][PASSED] - comparePS.KeywordPS.callStatus is PASSED

2020-11-11 09:19:57 - [TEST_STEP][PASSED] - runTime.reset(): null

2020-11-11 09:19:57 - [TEST_STEP][PASSED] - runTime.start(): null

2020-11-11 09:19:57 - [TEST_STEP][PASSED] - dataCompareAPK = findTestData("dt-1/dt_APK"): null

2020-11-11 09:19:58 - [TEST_STEP][PASSED] - strNoAPK = dataCompareAPK.getValue("NO", excelRow): null

2020-11-11 09:19:58 - [TEST_STEP][PASSED] - comparePS.ProposalASL1.ComparePS(strNoAPK, excelRow): comparePS.ProposalASL1.ComparePS is PASSED

2020-11-11 09:19:58 - [MESSAGE][PASSED] - comparePS.ProposalASL1.ComparePS is PASSED

2020-11-11 09:19:58 - [TEST_STEP][PASSED] - comparePS.KeywordPS.callStatus(strNoAPK, "sheetAPK1", 17): comparePS.KeywordPS.callStatus is PASSED

2020-11-11 09:19:58 - [MESSAGE][PASSED] - comparePS.KeywordPS.callStatus is PASSED

2020-11-11 09:19:58 - [TEST_STEP][PASSED] - runTime.reset(): null

2020-11-11 09:19:58 - [TEST_STEP][PASSED] - runTime.start(): null

2020-11-11 09:19:58 - [TEST_STEP][PASSED] - dataCompareAPK = findTestData("dt-1/dt_APK"): null

2020-11-11 09:19:58 - [TEST_STEP][PASSED] - strNoAPK = dataCompareAPK.getValue("NO", excelRow): null

2020-11-11 09:19:58 - [TEST_STEP][PASSED] - comparePS.ProposalASL1.ComparePS(strNoAPK, excelRow): comparePS.ProposalASL1.ComparePS is PASSED

2020-11-11 09:19:59 - [MESSAGE][PASSED] - comparePS.ProposalASL1.ComparePS is PASSED

2020-11-11 09:19:59 - [TEST_STEP][PASSED] - comparePS.KeywordPS.callStatus(strNoAPK, "sheetAPK1", 17): comparePS.KeywordPS.callStatus is PASSED

2020-11-11 09:19:59 - [MESSAGE][PASSED] - comparePS.KeywordPS.callStatus is PASSED

2020-11-11 09:19:59 - [TEST_STEP][PASSED] - runTime.reset(): null

2020-11-11 09:19:59 - [TEST_STEP][PASSED] - runTime.start(): null

2020-11-11 09:19:59 - [TEST_STEP][PASSED] - dataCompareAPK = findTestData("dt-1/dt_APK"): null

2020-11-11 09:19:59 - [TEST_STEP][PASSED] - strNoAPK = dataCompareAPK.getValue("NO", excelRow): null

2020-11-11 09:19:59 - [TEST_STEP][PASSED] - comparePS.ProposalASL1.ComparePS(strNoAPK, excelRow): comparePS.ProposalASL1.ComparePS is PASSED

2020-11-11 09:19:59 - [MESSAGE][PASSED] - comparePS.ProposalASL1.ComparePS is PASSED

2020-11-11 09:19:59 - [TEST_STEP][PASSED] - comparePS.KeywordPS.callStatus(strNoAPK, "sheetAPK1", 17): comparePS.KeywordPS.callStatus is PASSED

2020-11-11 09:19:59 - [MESSAGE][PASSED] - comparePS.KeywordPS.callStatus is PASSED

2020-11-11 09:19:59 - [TEST_STEP][PASSED] - runTime.reset(): null

2020-11-11 09:19:59 - [TEST_STEP][PASSED] - runTime.start(): null

2020-11-11 09:19:59 - [TEST_STEP][PASSED] - dataCompareAPK = findTestData("dt-1/dt_APK"): null

2020-11-11 09:20:00 - [TEST_STEP][PASSED] - strNoAPK = dataCompareAPK.getValue("NO", excelRow): null

2020-11-11 09:20:00 - [TEST_STEP][PASSED] - comparePS.ProposalASL1.ComparePS(strNoAPK, excelRow): comparePS.ProposalASL1.ComparePS is PASSED

2020-11-11 09:20:00 - [MESSAGE][PASSED] - comparePS.ProposalASL1.ComparePS is PASSED

2020-11-11 09:20:00 - [TEST_STEP][PASSED] - comparePS.KeywordPS.callStatus(strNoAPK, "sheetAPK1", 17): comparePS.KeywordPS.callStatus is PASSED

2020-11-11 09:20:00 - [MESSAGE][PASSED] - comparePS.KeywordPS.callStatus is PASSED

2020-11-11 09:20:00 - [TEST_STEP][PASSED] - runTime.reset(): null

2020-11-11 09:20:00 - [TEST_STEP][PASSED] - runTime.start(): null

2020-11-11 09:20:00 - [TEST_STEP][PASSED] - dataCompareAPK = findTestData("dt-1/dt_APK"): null

2020-11-11 09:20:00 - [TEST_STEP][PASSED] - strNoAPK = dataCompareAPK.getValue("NO", excelRow): null

2020-11-11 09:20:00 - [TEST_STEP][PASSED] - comparePS.ProposalASL1.ComparePS(strNoAPK, excelRow): comparePS.ProposalASL1.ComparePS is PASSED

2020-11-11 09:20:00 - [MESSAGE][PASSED] - comparePS.ProposalASL1.ComparePS is PASSED

2020-11-11 09:20:00 - [TEST_STEP][PASSED] - comparePS.KeywordPS.callStatus(strNoAPK, "sheetAPK1", 17): comparePS.KeywordPS.callStatus is PASSED

2020-11-11 09:20:00 - [MESSAGE][PASSED] - comparePS.KeywordPS.callStatus is PASSED

2020-11-11 09:20:00 - [TEST_STEP][PASSED] - runTime.reset(): null

2020-11-11 09:20:00 - [TEST_STEP][PASSED] - runTime.start(): null

2020-11-11 09:20:00 - [TEST_STEP][PASSED] - dataCompareAPK = findTestData("dt-1/dt_APK"): null

2020-11-11 09:20:00 - [TEST_STEP][PASSED] - strNoAPK = dataCompareAPK.getValue("NO", excelRow): null

2020-11-11 09:20:00 - [TEST_STEP][PASSED] - comparePS.ProposalASL1.ComparePS(strNoAPK, excelRow): comparePS.ProposalASL1.ComparePS is PASSED

2020-11-11 09:20:01 - [MESSAGE][PASSED] - comparePS.ProposalASL1.ComparePS is PASSED

2020-11-11 09:20:01 - [TEST_STEP][PASSED] - comparePS.KeywordPS.callStatus(strNoAPK, "sheetAPK1", 17): comparePS.KeywordPS.callStatus is PASSED

2020-11-11 09:20:01 - [MESSAGE][PASSED] - comparePS.KeywordPS.callStatus is PASSED

2020-11-11 09:20:01 - [TEST_STEP][PASSED] - runTime.reset(): null

2020-11-11 09:20:01 - [TEST_STEP][PASSED] - runTime.start(): null

2020-11-11 09:20:01 - [TEST_STEP][PASSED] - dataCompareAPK = findTestData("dt-1/dt_APK"): null

2020-11-11 09:20:01 - [TEST_STEP][PASSED] - strNoAPK = dataCompareAPK.getValue("NO", excelRow): null

2020-11-11 09:20:01 - [TEST_STEP][PASSED] - comparePS.ProposalASL1.ComparePS(strNoAPK, excelRow): comparePS.ProposalASL1.ComparePS is PASSED

2020-11-11 09:20:01 - [MESSAGE][PASSED] - comparePS.ProposalASL1.ComparePS is PASSED

2020-11-11 09:20:01 - [TEST_STEP][PASSED] - comparePS.KeywordPS.callStatus(strNoAPK, "sheetAPK1", 17): comparePS.KeywordPS.callStatus is PASSED

2020-11-11 09:20:01 - [MESSAGE][PASSED] - comparePS.KeywordPS.callStatus is PASSED

2020-11-11 09:20:01 - [TEST_STEP][PASSED] - runTime.reset(): null

2020-11-11 09:20:01 - [TEST_STEP][PASSED] - runTime.start(): null

2020-11-11 09:20:01 - [TEST_STEP][PASSED] - dataCompareAPK = findTestData("dt-1/dt_APK"): null

2020-11-11 09:20:01 - [TEST_STEP][PASSED] - strNoAPK = dataCompareAPK.getValue("NO", excelRow): null

2020-11-11 09:20:01 - [TEST_STEP][PASSED] - comparePS.ProposalASL1.ComparePS(strNoAPK, excelRow): comparePS.ProposalASL1.ComparePS is PASSED

2020-11-11 09:20:02 - [MESSAGE][PASSED] - comparePS.ProposalASL1.ComparePS is PASSED

2020-11-11 09:20:02 - [TEST_STEP][PASSED] - comparePS.KeywordPS.callStatus(strNoAPK, "sheetAPK1", 17): comparePS.KeywordPS.callStatus is PASSED

2020-11-11 09:20:02 - [MESSAGE][PASSED] - comparePS.KeywordPS.callStatus is PASSED

2020-11-11 09:20:02 - [TEST_STEP][PASSED] - runTime.reset(): null

2020-11-11 09:20:02 - [TEST_STEP][PASSED] - runTime.start(): null

2020-11-11 09:20:02 - [TEST_STEP][PASSED] - dataCompareAPK = findTestData("dt-1/dt_APK"): null

2020-11-11 09:20:02 - [TEST_STEP][PASSED] - strNoAPK = dataCompareAPK.getValue("NO", excelRow): null

2020-11-11 09:20:02 - [TEST_STEP][PASSED] - comparePS.ProposalASL1.ComparePS(strNoAPK, excelRow): comparePS.ProposalASL1.ComparePS is PASSED

2020-11-11 09:20:02 - [MESSAGE][PASSED] - comparePS.ProposalASL1.ComparePS is PASSED

2020-11-11 09:20:02 - [TEST_STEP][PASSED] - comparePS.KeywordPS.callStatus(strNoAPK, "sheetAPK1", 17): comparePS.KeywordPS.callStatus is PASSED

2020-11-11 09:20:02 - [MESSAGE][PASSED] - comparePS.KeywordPS.callStatus is PASSED

2020-11-11 09:20:02 - [TEST_STEP][PASSED] - runTime.reset(): null

2020-11-11 09:20:02 - [TEST_STEP][PASSED] - runTime.start(): null

2020-11-11 09:20:02 - [TEST_STEP][PASSED] - dataCompareAPK = findTestData("dt-1/dt_APK"): null

2020-11-11 09:20:02 - [TEST_STEP][PASSED] - strNoAPK = dataCompareAPK.getValue("NO", excelRow): null

2020-11-11 09:20:02 - [TEST_STEP][PASSED] - comparePS.ProposalASL1.ComparePS(strNoAPK, excelRow): comparePS.ProposalASL1.ComparePS is PASSED

2020-11-11 09:20:02 - [MESSAGE][PASSED] - comparePS.ProposalASL1.ComparePS is PASSED

2020-11-11 09:20:02 - [TEST_STEP][PASSED] - comparePS.KeywordPS.callStatus(strNoAPK, "sheetAPK1", 17): comparePS.KeywordPS.callStatus is PASSED

2020-11-11 09:20:03 - [MESSAGE][PASSED] - comparePS.KeywordPS.callStatus is PASSED

2020-11-11 09:20:03 - [TEST_STEP][PASSED] - runTime.reset(): null

2020-11-11 09:20:03 - [TEST_STEP][PASSED] - runTime.start(): null

2020-11-11 09:20:03 - [TEST_STEP][PASSED] - dataCompareAPK = findTestData("dt-1/dt_APK"): null

2020-11-11 09:20:03 - [TEST_STEP][PASSED] - strNoAPK = dataCompareAPK.getValue("NO", excelRow): null

2020-11-11 09:20:03 - [TEST_STEP][PASSED] - comparePS.ProposalASL1.ComparePS(strNoAPK, excelRow): comparePS.ProposalASL1.ComparePS is PASSED

2020-11-11 09:20:03 - [MESSAGE][PASSED] - comparePS.ProposalASL1.ComparePS is PASSED

2020-11-11 09:20:03 - [TEST_STEP][PASSED] - comparePS.KeywordPS.callStatus(strNoAPK, "sheetAPK1", 17): comparePS.KeywordPS.callStatus is PASSED

2020-11-11 09:20:03 - [MESSAGE][PASSED] - comparePS.KeywordPS.callStatus is PASSED

2020-11-11 09:20:03 - [TEST_STEP][PASSED] - runTime.reset(): null

2020-11-11 09:20:03 - [TEST_STEP][PASSED] - runTime.start(): null

2020-11-11 09:20:03 - [TEST_STEP][PASSED] - dataCompareAPK = findTestData("dt-1/dt_APK"): null

2020-11-11 09:20:03 - [TEST_STEP][PASSED] - strNoAPK = dataCompareAPK.getValue("NO", excelRow): null

2020-11-11 09:20:03 - [TEST_STEP][PASSED] - comparePS.ProposalASL1.ComparePS(strNoAPK, excelRow): comparePS.ProposalASL1.ComparePS is PASSED

2020-11-11 09:20:03 - [MESSAGE][PASSED] - comparePS.ProposalASL1.ComparePS is PASSED

2020-11-11 09:20:03 - [TEST_STEP][PASSED] - comparePS.KeywordPS.callStatus(strNoAPK, "sheetAPK1", 17): comparePS.KeywordPS.callStatus is PASSED

2020-11-11 09:20:03 - [MESSAGE][PASSED] - comparePS.KeywordPS.callStatus is PASSED

2020-11-11 09:20:03 - [TEST_STEP][PASSED] - runTime.reset(): null

2020-11-11 09:20:03 - [TEST_STEP][PASSED] - runTime.start(): null

2020-11-11 09:20:03 - [TEST_STEP][PASSED] - dataCompareAPK = findTestData("dt-1/dt_APK"): null

2020-11-11 09:20:03 - [TEST_STEP][PASSED] - strNoAPK = dataCompareAPK.getValue("NO", excelRow): null

2020-11-11 09:20:03 - [TEST_STEP][PASSED] - comparePS.ProposalASL1.ComparePS(strNoAPK, excelRow): comparePS.ProposalASL1.ComparePS is PASSED

2020-11-11 09:20:04 - [MESSAGE][PASSED] - comparePS.ProposalASL1.ComparePS is PASSED

2020-11-11 09:20:04 - [TEST_STEP][PASSED] - comparePS.KeywordPS.callStatus(strNoAPK, "sheetAPK1", 17): comparePS.KeywordPS.callStatus is PASSED

2020-11-11 09:20:04 - [MESSAGE][PASSED] - comparePS.KeywordPS.callStatus is PASSED

2020-11-11 09:20:04 - [TEST_STEP][PASSED] - runTime.reset(): null

2020-11-11 09:20:04 - [TEST_STEP][PASSED] - runTime.start(): null

2020-11-11 09:20:04 - [TEST_STEP][PASSED] - dataCompareAPK = findTestData("dt-1/dt_APK"): null

2020-11-11 09:20:04 - [TEST_STEP][PASSED] - strNoAPK = dataCompareAPK.getValue("NO", excelRow): null

2020-11-11 09:20:04 - [TEST_STEP][PASSED] - comparePS.ProposalASL1.ComparePS(strNoAPK, excelRow): comparePS.ProposalASL1.ComparePS is PASSED

2020-11-11 09:20:04 - [MESSAGE][PASSED] - comparePS.ProposalASL1.ComparePS is PASSED

2020-11-11 09:20:04 - [TEST_STEP][PASSED] - comparePS.KeywordPS.callStatus(strNoAPK, "sheetAPK1", 17): comparePS.KeywordPS.callStatus is PASSED

2020-11-11 09:20:04 - [MESSAGE][PASSED] - comparePS.KeywordPS.callStatus is PASSED

2020-11-11 09:20:04 - [TEST_STEP][PASSED] - runTime.reset(): null

2020-11-11 09:20:04 - [TEST_STEP][PASSED] - runTime.start(): null

2020-11-11 09:20:04 - [TEST_STEP][PASSED] - dataCompareAPK = findTestData("dt-1/dt_APK"): null

2020-11-11 09:20:04 - [TEST_STEP][PASSED] - strNoAPK = dataCompareAPK.getValue("NO", excelRow): null

2020-11-11 09:20:04 - [TEST_STEP][PASSED] - comparePS.ProposalASL1.ComparePS(strNoAPK, excelRow): comparePS.ProposalASL1.ComparePS is PASSED

2020-11-11 09:20:04 - [MESSAGE][PASSED] - comparePS.ProposalASL1.ComparePS is PASSED

2020-11-11 09:20:04 - [TEST_STEP][PASSED] - comparePS.KeywordPS.callStatus(strNoAPK, "sheetAPK1", 17): comparePS.KeywordPS.callStatus is PASSED

2020-11-11 09:20:05 - [MESSAGE][PASSED] - comparePS.KeywordPS.callStatus is PASSED

2020-11-11 09:20:05 - [TEST_STEP][PASSED] - runTime.reset(): null

2020-11-11 09:20:05 - [TEST_STEP][PASSED] - runTime.start(): null

2020-11-11 09:20:05 - [TEST_STEP][PASSED] - dataCompareAPK = findTestData("dt-1/dt_APK"): null

2020-11-11 09:20:05 - [TEST_STEP][PASSED] - strNoAPK = dataCompareAPK.getValue("NO", excelRow): null

2020-11-11 09:20:05 - [TEST_STEP][PASSED] - comparePS.ProposalASL1.ComparePS(strNoAPK, excelRow): comparePS.ProposalASL1.ComparePS is PASSED

2020-11-11 09:20:05 - [MESSAGE][PASSED] - comparePS.ProposalASL1.ComparePS is PASSED

2020-11-11 09:20:05 - [TEST_STEP][PASSED] - comparePS.KeywordPS.callStatus(strNoAPK, "sheetAPK1", 17): comparePS.KeywordPS.callStatus is PASSED

2020-11-11 09:20:05 - [MESSAGE][PASSED] - comparePS.KeywordPS.callStatus is PASSED

2020-11-11 09:20:05 - [TEST_STEP][PASSED] - runTime.reset(): null

2020-11-11 09:20:05 - [TEST_STEP][PASSED] - runTime.start(): null

2020-11-11 09:20:05 - [TEST_STEP][PASSED] - dataCompareAPK = findTestData("dt-1/dt_APK"): null

2020-11-11 09:20:05 - [TEST_STEP][PASSED] - strNoAPK = dataCompareAPK.getValue("NO", excelRow): null

2020-11-11 09:20:05 - [TEST_STEP][PASSED] - comparePS.ProposalASL1.ComparePS(strNoAPK, excelRow): comparePS.ProposalASL1.ComparePS is PASSED

2020-11-11 09:20:05 - [MESSAGE][PASSED] - comparePS.ProposalASL1.ComparePS is PASSED

2020-11-11 09:20:05 - [TEST_STEP][PASSED] - comparePS.KeywordPS.callStatus(strNoAPK, "sheetAPK1", 17): comparePS.KeywordPS.callStatus is PASSED

2020-11-11 09:20:05 - [MESSAGE][PASSED] - comparePS.KeywordPS.callStatus is PASSED

2020-11-11 09:20:05 - [TEST_STEP][PASSED] - runTime.reset(): null

2020-11-11 09:20:05 - [TEST_STEP][PASSED] - runTime.start(): null

2020-11-11 09:20:05 - [TEST_STEP][PASSED] - dataCompareAPK = findTestData("dt-1/dt_APK"): null

2020-11-11 09:20:05 - [TEST_STEP][PASSED] - strNoAPK = dataCompareAPK.getValue("NO", excelRow): null

2020-11-11 09:20:05 - [TEST_STEP][PASSED] - comparePS.ProposalASL1.ComparePS(strNoAPK, excelRow): comparePS.ProposalASL1.ComparePS is PASSED

2020-11-11 09:20:06 - [MESSAGE][PASSED] - comparePS.ProposalASL1.ComparePS is PASSED

2020-11-11 09:20:06 - [TEST_STEP][PASSED] - comparePS.KeywordPS.callStatus(strNoAPK, "sheetAPK1", 17): comparePS.KeywordPS.callStatus is PASSED

2020-11-11 09:20:06 - [MESSAGE][PASSED] - comparePS.KeywordPS.callStatus is PASSED

2020-11-11 09:20:06 - [TEST_STEP][PASSED] - runTime.reset(): null

2020-11-11 09:20:06 - [TEST_STEP][PASSED] - runTime.start(): null

2020-11-11 09:20:06 - [TEST_STEP][PASSED] - dataCompareAPK = findTestData("dt-1/dt_APK"): null

2020-11-11 09:20:06 - [TEST_STEP][PASSED] - strNoAPK = dataCompareAPK.getValue("NO", excelRow): null

2020-11-11 09:20:06 - [TEST_STEP][PASSED] - comparePS.ProposalASL1.ComparePS(strNoAPK, excelRow): comparePS.ProposalASL1.ComparePS is PASSED

2020-11-11 09:20:06 - [MESSAGE][PASSED] - comparePS.ProposalASL1.ComparePS is PASSED

2020-11-11 09:20:06 - [TEST_STEP][PASSED] - comparePS.KeywordPS.callStatus(strNoAPK, "sheetAPK1", 17): comparePS.KeywordPS.callStatus is PASSED

2020-11-11 09:20:06 - [MESSAGE][PASSED] - comparePS.KeywordPS.callStatus is PASSED

2020-11-11 09:20:06 - [TEST_STEP][PASSED] - runTime.reset(): null

2020-11-11 09:20:06 - [TEST_STEP][PASSED] - runTime.start(): null

2020-11-11 09:20:06 - [TEST_STEP][PASSED] - dataCompareAPK = findTestData("dt-1/dt_APK"): null

2020-11-11 09:20:06 - [TEST_STEP][PASSED] - strNoAPK = dataCompareAPK.getValue("NO", excelRow): null

2020-11-11 09:20:06 - [TEST_STEP][PASSED] - comparePS.ProposalASL1.ComparePS(strNoAPK, excelRow): comparePS.ProposalASL1.ComparePS is PASSED

2020-11-11 09:20:06 - [MESSAGE][PASSED] - comparePS.ProposalASL1.ComparePS is PASSED

2020-11-11 09:20:06 - [TEST_STEP][PASSED] - comparePS.KeywordPS.callStatus(strNoAPK, "sheetAPK1", 17): comparePS.KeywordPS.callStatus is PASSED

2020-11-11 09:20:06 - [MESSAGE][PASSED] - comparePS.KeywordPS.callStatus is PASSED

2020-11-11 09:20:06 - [TEST_STEP][PASSED] - runTime.reset(): null

2020-11-11 09:20:06 - [TEST_STEP][PASSED] - runTime.start(): null

2020-11-11 09:20:06 - [TEST_STEP][PASSED] - dataCompareAPK = findTestData("dt-1/dt_APK"): null

2020-11-11 09:20:06 - [TEST_STEP][PASSED] - strNoAPK = dataCompareAPK.getValue("NO", excelRow): null

2020-11-11 09:20:06 - [TEST_STEP][PASSED] - comparePS.ProposalASL1.ComparePS(strNoAPK, excelRow): comparePS.ProposalASL1.ComparePS is PASSED

2020-11-11 09:20:07 - [MESSAGE][PASSED] - comparePS.ProposalASL1.ComparePS is PASSED

2020-11-11 09:20:07 - [TEST_STEP][PASSED] - comparePS.KeywordPS.callStatus(strNoAPK, "sheetAPK1", 17): comparePS.KeywordPS.callStatus is PASSED

2020-11-11 09:20:07 - [MESSAGE][PASSED] - comparePS.KeywordPS.callStatus is PASSED

2020-11-11 09:20:07 - [TEST_STEP][PASSED] - runTime.reset(): null

2020-11-11 09:20:07 - [TEST_STEP][PASSED] - runTime.start(): null

2020-11-11 09:20:07 - [TEST_STEP][PASSED] - dataCompareAPK = findTestData("dt-1/dt_APK"): null

2020-11-11 09:20:07 - [TEST_STEP][PASSED] - strNoAPK = dataCompareAPK.getValue("NO", excelRow): null

2020-11-11 09:20:07 - [TEST_STEP][PASSED] - comparePS.ProposalASL1.ComparePS(strNoAPK, excelRow): comparePS.ProposalASL1.ComparePS is PASSED

2020-11-11 09:20:07 - [MESSAGE][PASSED] - comparePS.ProposalASL1.ComparePS is PASSED

2020-11-11 09:20:07 - [TEST_STEP][PASSED] - comparePS.KeywordPS.callStatus(strNoAPK, "sheetAPK1", 17): comparePS.KeywordPS.callStatus is PASSED

2020-11-11 09:20:07 - [MESSAGE][PASSED] - comparePS.KeywordPS.callStatus is PASSED

2020-11-11 09:20:07 - [TEST_STEP][PASSED] - runTime.reset(): null

2020-11-11 09:20:07 - [TEST_STEP][PASSED] - runTime.start(): null

2020-11-11 09:20:07 - [TEST_STEP][PASSED] - dataCompareAPK = findTestData("dt-1/dt_APK"): null

2020-11-11 09:20:07 - [TEST_STEP][PASSED] - strNoAPK = dataCompareAPK.getValue("NO", excelRow): null

2020-11-11 09:20:07 - [TEST_STEP][PASSED] - comparePS.ProposalASL1.ComparePS(strNoAPK, excelRow): comparePS.ProposalASL1.ComparePS is PASSED

2020-11-11 09:20:07 - [MESSAGE][PASSED] - comparePS.ProposalASL1.ComparePS is PASSED

2020-11-11 09:20:07 - [TEST_STEP][PASSED] - comparePS.KeywordPS.callStatus(strNoAPK, "sheetAPK1", 17): comparePS.KeywordPS.callStatus is PASSED

2020-11-11 09:20:07 - [MESSAGE][PASSED] - comparePS.KeywordPS.callStatus is PASSED

2020-11-11 09:20:07 - [TEST_STEP][PASSED] - runTime.reset(): null

2020-11-11 09:20:07 - [TEST_STEP][PASSED] - runTime.start(): null

2020-11-11 09:20:07 - [TEST_STEP][PASSED] - dataCompareAPK = findTestData("dt-1/dt_APK"): null

2020-11-11 09:20:08 - [TEST_STEP][PASSED] - strNoAPK = dataCompareAPK.getValue("NO", excelRow): null

2020-11-11 09:20:08 - [TEST_STEP][PASSED] - comparePS.ProposalASL1.ComparePS(strNoAPK, excelRow): comparePS.ProposalASL1.ComparePS is PASSED

2020-11-11 09:20:08 - [MESSAGE][PASSED] - comparePS.ProposalASL1.ComparePS is PASSED

2020-11-11 09:20:08 - [TEST_STEP][PASSED] - comparePS.KeywordPS.callStatus(strNoAPK, "sheetAPK1", 17): comparePS.KeywordPS.callStatus is PASSED

2020-11-11 09:20:08 - [MESSAGE][PASSED] - comparePS.KeywordPS.callStatus is PASSED

2020-11-11 09:20:08 - [TEST_STEP][PASSED] - runTime.reset(): null

2020-11-11 09:20:08 - [TEST_STEP][PASSED] - runTime.start(): null

2020-11-11 09:20:08 - [TEST_STEP][PASSED] - dataCompareAPK = findTestData("dt-1/dt_APK"): null

2020-11-11 09:20:08 - [TEST_STEP][PASSED] - strNoAPK = dataCompareAPK.getValue("NO", excelRow): null

2020-11-11 09:20:08 - [TEST_STEP][PASSED] - comparePS.ProposalASL1.ComparePS(strNoAPK, excelRow): comparePS.ProposalASL1.ComparePS is PASSED

2020-11-11 09:20:08 - [MESSAGE][PASSED] - comparePS.ProposalASL1.ComparePS is PASSED

2020-11-11 09:20:08 - [TEST_STEP][PASSED] - comparePS.KeywordPS.callStatus(strNoAPK, "sheetAPK1", 17): comparePS.KeywordPS.callStatus is PASSED

2020-11-11 09:20:08 - [MESSAGE][PASSED] - comparePS.KeywordPS.callStatus is PASSED

2020-11-11 09:20:08 - [TEST_STEP][PASSED] - runTime.reset(): null

2020-11-11 09:20:08 - [TEST_STEP][PASSED] - runTime.start(): null

2020-11-11 09:20:08 - [TEST_STEP][PASSED] - dataCompareAPK = findTestData("dt-1/dt_APK"): null

2020-11-11 09:20:08 - [TEST_STEP][PASSED] - strNoAPK = dataCompareAPK.getValue("NO", excelRow): null

2020-11-11 09:20:08 - [TEST_STEP][PASSED] - comparePS.ProposalASL1.ComparePS(strNoAPK, excelRow): comparePS.ProposalASL1.ComparePS is PASSED

2020-11-11 09:20:08 - [MESSAGE][PASSED] - comparePS.ProposalASL1.ComparePS is PASSED

2020-11-11 09:20:08 - [TEST_STEP][PASSED] - comparePS.KeywordPS.callStatus(strNoAPK, "sheetAPK1", 17): comparePS.KeywordPS.callStatus is PASSED

2020-11-11 09:20:09 - [MESSAGE][PASSED] - comparePS.KeywordPS.callStatus is PASSED

2020-11-11 09:20:09 - [TEST_STEP][PASSED] - runTime.reset(): null

2020-11-11 09:20:09 - [TEST_STEP][PASSED] - runTime.start(): null

2020-11-11 09:20:09 - [TEST_STEP][PASSED] - dataCompareAPK = findTestData("dt-1/dt_APK"): null

2020-11-11 09:20:09 - [TEST_STEP][PASSED] - strNoAPK = dataCompareAPK.getValue("NO", excelRow): null

2020-11-11 09:20:09 - [TEST_STEP][PASSED] - comparePS.ProposalASL1.ComparePS(strNoAPK, excelRow): comparePS.ProposalASL1.ComparePS is PASSED

2020-11-11 09:20:09 - [MESSAGE][PASSED] - comparePS.ProposalASL1.ComparePS is PASSED

2020-11-11 09:20:09 - [TEST_STEP][PASSED] - comparePS.KeywordPS.callStatus(strNoAPK, "sheetAPK1", 17): comparePS.KeywordPS.callStatus is PASSED

2020-11-11 09:20:09 - [MESSAGE][PASSED] - comparePS.KeywordPS.callStatus is PASSED

2020-11-11 09:20:09 - [TEST_STEP][PASSED] - runTime.reset(): null

2020-11-11 09:20:09 - [TEST_STEP][PASSED] - runTime.start(): null

2020-11-11 09:20:09 - [TEST_STEP][PASSED] - dataCompareAPK = findTestData("dt-1/dt_APK"): null

2020-11-11 09:20:09 - [TEST_STEP][PASSED] - strNoAPK = dataCompareAPK.getValue("NO", excelRow): null

2020-11-11 09:20:09 - [TEST_STEP][PASSED] - comparePS.ProposalASL1.ComparePS(strNoAPK, excelRow): comparePS.ProposalASL1.ComparePS is PASSED

2020-11-11 09:20:09 - [MESSAGE][PASSED] - comparePS.ProposalASL1.ComparePS is PASSED

2020-11-11 09:20:09 - [TEST_STEP][PASSED] - comparePS.KeywordPS.callStatus(strNoAPK, "sheetAPK1", 17): comparePS.KeywordPS.callStatus is PASSED

2020-11-11 09:20:09 - [MESSAGE][PASSED] - comparePS.KeywordPS.callStatus is PASSED

2020-11-11 09:20:09 - [TEST_STEP][PASSED] - runTime.reset(): null

2020-11-11 09:20:09 - [TEST_STEP][PASSED] - runTime.start(): null

2020-11-11 09:20:09 - [TEST_STEP][PASSED] - dataCompareAPK = findTestData("dt-1/dt_APK"): null

2020-11-11 09:20:09 - [TEST_STEP][PASSED] - strNoAPK = dataCompareAPK.getValue("NO", excelRow): null

2020-11-11 09:20:09 - [TEST_STEP][PASSED] - comparePS.ProposalASL1.ComparePS(strNoAPK, excelRow): comparePS.ProposalASL1.ComparePS is PASSED

2020-11-11 09:20:09 - [MESSAGE][PASSED] - comparePS.ProposalASL1.ComparePS is PASSED

2020-11-11 09:20:09 - [TEST_STEP][PASSED] - comparePS.KeywordPS.callStatus(strNoAPK, "sheetAPK1", 17): comparePS.KeywordPS.callStatus is PASSED

2020-11-11 09:20:10 - [MESSAGE][PASSED] - comparePS.KeywordPS.callStatus is PASSED

2020-11-11 09:20:10 - [TEST_STEP][PASSED] - runTime.reset(): null

2020-11-11 09:20:10 - [TEST_STEP][PASSED] - runTime.start(): null

2020-11-11 09:20:10 - [TEST_STEP][PASSED] - dataCompareAPK = findTestData("dt-1/dt_APK"): null

2020-11-11 09:20:10 - [TEST_STEP][PASSED] - strNoAPK = dataCompareAPK.getValue("NO", excelRow): null

2020-11-11 09:20:10 - [TEST_STEP][PASSED] - comparePS.ProposalASL1.ComparePS(strNoAPK, excelRow): comparePS.ProposalASL1.ComparePS is PASSED

2020-11-11 09:20:10 - [MESSAGE][PASSED] - comparePS.ProposalASL1.ComparePS is PASSED

2020-11-11 09:20:10 - [TEST_STEP][PASSED] - comparePS.KeywordPS.callStatus(strNoAPK, "sheetAPK1", 17): comparePS.KeywordPS.callStatus is PASSED

2020-11-11 09:20:10 - [MESSAGE][PASSED] - comparePS.KeywordPS.callStatus is PASSED

2020-11-11 09:20:10 - [TEST_STEP][PASSED] - runTime.reset(): null

2020-11-11 09:20:10 - [TEST_STEP][PASSED] - runTime.start(): null

2020-11-11 09:20:10 - [TEST_STEP][PASSED] - dataCompareAPK = findTestData("dt-1/dt_APK"): null

2020-11-11 09:20:10 - [TEST_STEP][PASSED] - strNoAPK = dataCompareAPK.getValue("NO", excelRow): null

2020-11-11 09:20:10 - [TEST_STEP][PASSED] - comparePS.ProposalASL1.ComparePS(strNoAPK, excelRow): comparePS.ProposalASL1.ComparePS is PASSED

2020-11-11 09:20:10 - [MESSAGE][PASSED] - comparePS.ProposalASL1.ComparePS is PASSED

2020-11-11 09:20:10 - [TEST_STEP][PASSED] - comparePS.KeywordPS.callStatus(strNoAPK, "sheetAPK1", 17): comparePS.KeywordPS.callStatus is PASSED

2020-11-11 09:20:10 - [MESSAGE][PASSED] - comparePS.KeywordPS.callStatus is PASSED

2020-11-11 09:20:10 - [TEST_STEP][PASSED] - runTime.reset(): null

2020-11-11 09:20:10 - [TEST_STEP][PASSED] - runTime.start(): null

2020-11-11 09:20:10 - [TEST_STEP][PASSED] - dataCompareAPK = findTestData("dt-1/dt_APK"): null

2020-11-11 09:20:10 - [TEST_STEP][PASSED] - strNoAPK = dataCompareAPK.getValue("NO", excelRow): null

2020-11-11 09:20:10 - [TEST_STEP][PASSED] - comparePS.ProposalASL1.ComparePS(strNoAPK, excelRow): comparePS.ProposalASL1.ComparePS is PASSED

2020-11-11 09:20:10 - [MESSAGE][PASSED] - comparePS.ProposalASL1.ComparePS is PASSED

2020-11-11 09:20:10 - [TEST_STEP][PASSED] - comparePS.KeywordPS.callStatus(strNoAPK, "sheetAPK1", 17): comparePS.KeywordPS.callStatus is PASSED

2020-11-11 09:20:11 - [MESSAGE][PASSED] - comparePS.KeywordPS.callStatus is PASSED

2020-11-11 09:20:11 - [TEST_STEP][PASSED] - runTime.reset(): null

2020-11-11 09:20:11 - [TEST_STEP][PASSED] - runTime.start(): null

2020-11-11 09:20:11 - [TEST_STEP][PASSED] - dataCompareAPK = findTestData("dt-1/dt_APK"): null

2020-11-11 09:20:11 - [TEST_STEP][PASSED] - strNoAPK = dataCompareAPK.getValue("NO", excelRow): null

2020-11-11 09:20:11 - [TEST_STEP][PASSED] - comparePS.ProposalASL1.ComparePS(strNoAPK, excelRow): comparePS.ProposalASL1.ComparePS is PASSED

2020-11-11 09:20:11 - [MESSAGE][PASSED] - comparePS.ProposalASL1.ComparePS is PASSED

2020-11-11 09:20:11 - [TEST_STEP][PASSED] - comparePS.KeywordPS.callStatus(strNoAPK, "sheetAPK1", 17): comparePS.KeywordPS.callStatus is PASSED

2020-11-11 09:20:11 - [MESSAGE][PASSED] - comparePS.KeywordPS.callStatus is PASSED

2020-11-11 09:20:11 - [TEST_STEP][PASSED] - runTime.reset(): null

2020-11-11 09:20:11 - [TEST_STEP][PASSED] - runTime.start(): null

2020-11-11 09:20:11 - [TEST_STEP][PASSED] - dataCompareAPK = findTestData("dt-1/dt_APK"): null

2020-11-11 09:20:11 - [TEST_STEP][PASSED] - strNoAPK = dataCompareAPK.getValue("NO", excelRow): null

2020-11-11 09:20:11 - [TEST_STEP][PASSED] - comparePS.ProposalASL1.ComparePS(strNoAPK, excelRow): comparePS.ProposalASL1.ComparePS is PASSED

2020-11-11 09:20:11 - [MESSAGE][PASSED] - comparePS.ProposalASL1.ComparePS is PASSED

2020-11-11 09:20:11 - [TEST_STEP][PASSED] - comparePS.KeywordPS.callStatus(strNoAPK, "sheetAPK1", 17): comparePS.KeywordPS.callStatus is PASSED

2020-11-11 09:20:11 - [MESSAGE][PASSED] - comparePS.KeywordPS.callStatus is PASSED

2020-11-11 09:20:11 - [TEST_STEP][PASSED] - runTime.reset(): null

2020-11-11 09:20:11 - [TEST_STEP][PASSED] - runTime.start(): null

2020-11-11 09:20:11 - [TEST_STEP][PASSED] - dataCompareAPK = findTestData("dt-1/dt_APK"): null

2020-11-11 09:20:11 - [TEST_STEP][PASSED] - strNoAPK = dataCompareAPK.getValue("NO", excelRow): null

2020-11-11 09:20:11 - [TEST_STEP][PASSED] - comparePS.ProposalASL1.ComparePS(strNoAPK, excelRow): comparePS.ProposalASL1.ComparePS is PASSED

2020-11-11 09:20:12 - [MESSAGE][PASSED] - comparePS.ProposalASL1.ComparePS is PASSED

2020-11-11 09:20:12 - [TEST_STEP][PASSED] - comparePS.KeywordPS.callStatus(strNoAPK, "sheetAPK1", 17): comparePS.KeywordPS.callStatus is PASSED

2020-11-11 09:20:12 - [MESSAGE][PASSED] - comparePS.KeywordPS.callStatus is PASSED

2020-11-11 09:20:12 - [TEST_STEP][PASSED] - runTime.reset(): null

2020-11-11 09:20:12 - [TEST_STEP][PASSED] - runTime.start(): null

2020-11-11 09:20:12 - [TEST_STEP][PASSED] - dataCompareAPK = findTestData("dt-1/dt_APK"): null

2020-11-11 09:20:12 - [TEST_STEP][PASSED] - strNoAPK = dataCompareAPK.getValue("NO", excelRow): null

2020-11-11 09:20:12 - [TEST_STEP][PASSED] - comparePS.ProposalASL1.ComparePS(strNoAPK, excelRow): comparePS.ProposalASL1.ComparePS is PASSED

2020-11-11 09:20:12 - [MESSAGE][PASSED] - comparePS.ProposalASL1.ComparePS is PASSED

2020-11-11 09:20:12 - [TEST_STEP][PASSED] - comparePS.KeywordPS.callStatus(strNoAPK, "sheetAPK1", 17): comparePS.KeywordPS.callStatus is PASSED

2020-11-11 09:20:12 - [MESSAGE][PASSED] - comparePS.KeywordPS.callStatus is PASSED

2020-11-11 09:20:12 - [TEST_STEP][PASSED] - runTime.reset(): null

2020-11-11 09:20:12 - [TEST_STEP][PASSED] - runTime.start(): null

2020-11-11 09:20:12 - [TEST_STEP][PASSED] - dataCompareAPK = findTestData("dt-1/dt_APK"): null

2020-11-11 09:20:12 - [TEST_STEP][PASSED] - strNoAPK = dataCompareAPK.getValue("NO", excelRow): null

2020-11-11 09:20:12 - [TEST_STEP][PASSED] - comparePS.ProposalASL1.ComparePS(strNoAPK, excelRow): comparePS.ProposalASL1.ComparePS is PASSED

2020-11-11 09:20:12 - [MESSAGE][PASSED] - comparePS.ProposalASL1.ComparePS is PASSED

2020-11-11 09:20:12 - [TEST_STEP][PASSED] - comparePS.KeywordPS.callStatus(strNoAPK, "sheetAPK1", 17): comparePS.KeywordPS.callStatus is PASSED

2020-11-11 09:20:12 - [MESSAGE][PASSED] - comparePS.KeywordPS.callStatus is PASSED

2020-11-11 09:20:12 - [TEST_STEP][PASSED] - runTime.reset(): null

2020-11-11 09:20:12 - [TEST_STEP][PASSED] - runTime.start(): null

2020-11-11 09:20:12 - [TEST_STEP][PASSED] - dataCompareAPK = findTestData("dt-1/dt_APK"): null

2020-11-11 09:20:12 - [TEST_STEP][PASSED] - strNoAPK = dataCompareAPK.getValue("NO", excelRow): null

2020-11-11 09:20:12 - [TEST_STEP][PASSED] - comparePS.ProposalASL1.ComparePS(strNoAPK, excelRow): comparePS.ProposalASL1.ComparePS is PASSED

2020-11-11 09:20:13 - [MESSAGE][PASSED] - comparePS.ProposalASL1.ComparePS is PASSED

2020-11-11 09:20:13 - [TEST_STEP][PASSED] - comparePS.KeywordPS.callStatus(strNoAPK, "sheetAPK1", 17): comparePS.KeywordPS.callStatus is PASSED

2020-11-11 09:20:13 - [MESSAGE][PASSED] - comparePS.KeywordPS.callStatus is PASSED

2020-11-11 09:20:13 - [TEST_STEP][PASSED] - runTime.reset(): null

2020-11-11 09:20:13 - [TEST_STEP][PASSED] - runTime.start(): null

2020-11-11 09:20:13 - [TEST_STEP][PASSED] - dataCompareAPK = findTestData("dt-1/dt_APK"): null

2020-11-11 09:20:13 - [TEST_STEP][PASSED] - strNoAPK = dataCompareAPK.getValue("NO", excelRow): null

2020-11-11 09:20:13 - [TEST_STEP][PASSED] - comparePS.ProposalASL1.ComparePS(strNoAPK, excelRow): comparePS.ProposalASL1.ComparePS is PASSED

2020-11-11 09:20:13 - [MESSAGE][PASSED] - comparePS.ProposalASL1.ComparePS is PASSED

2020-11-11 09:20:13 - [TEST_STEP][PASSED] - comparePS.KeywordPS.callStatus(strNoAPK, "sheetAPK1", 17): comparePS.KeywordPS.callStatus is PASSED

2020-11-11 09:20:13 - [MESSAGE][PASSED] - comparePS.KeywordPS.callStatus is PASSED

2020-11-11 09:20:13 - [TEST_STEP][PASSED] - runTime.reset(): null

2020-11-11 09:20:13 - [TEST_STEP][PASSED] - runTime.start(): null

2020-11-11 09:20:13 - [TEST_STEP][PASSED] - dataCompareAPK = findTestData("dt-1/dt_APK"): null

2020-11-11 09:20:13 - [TEST_STEP][PASSED] - strNoAPK = dataCompareAPK.getValue("NO", excelRow): null

2020-11-11 09:20:13 - [TEST_STEP][PASSED] - comparePS.ProposalASL1.ComparePS(strNoAPK, excelRow): comparePS.ProposalASL1.ComparePS is PASSED

2020-11-11 09:20:13 - [MESSAGE][PASSED] - comparePS.ProposalASL1.ComparePS is PASSED

2020-11-11 09:20:13 - [TEST_STEP][PASSED] - comparePS.KeywordPS.callStatus(strNoAPK, "sheetAPK1", 17): comparePS.KeywordPS.callStatus is PASSED

2020-11-11 09:20:13 - [MESSAGE][PASSED] - comparePS.KeywordPS.callStatus is PASSED

2020-11-11 09:20:13 - [TEST_STEP][PASSED] - runTime.reset(): null

2020-11-11 09:20:13 - [TEST_STEP][PASSED] - runTime.start(): null

2020-11-11 09:20:13 - [TEST_STEP][PASSED] - dataCompareAPK = findTestData("dt-1/dt_APK"): null

2020-11-11 09:20:13 - [TEST_STEP][PASSED] - strNoAPK = dataCompareAPK.getValue("NO", excelRow): null

2020-11-11 09:20:13 - [TEST_STEP][PASSED] - comparePS.ProposalASL1.ComparePS(strNoAPK, excelRow): comparePS.ProposalASL1.ComparePS is PASSED

2020-11-11 09:20:14 - [MESSAGE][PASSED] - comparePS.ProposalASL1.ComparePS is PASSED

2020-11-11 09:20:14 - [TEST_STEP][PASSED] - comparePS.KeywordPS.callStatus(strNoAPK, "sheetAPK1", 17): comparePS.KeywordPS.callStatus is PASSED

2020-11-11 09:20:14 - [MESSAGE][PASSED] - comparePS.KeywordPS.callStatus is PASSED

2020-11-11 09:20:14 - [TEST_STEP][PASSED] - runTime.reset(): null

2020-11-11 09:20:14 - [TEST_STEP][PASSED] - runTime.start(): null

2020-11-11 09:20:14 - [TEST_STEP][PASSED] - dataCompareAPK = findTestData("dt-1/dt_APK"): null

2020-11-11 09:20:14 - [TEST_STEP][PASSED] - strNoAPK = dataCompareAPK.getValue("NO", excelRow): null

2020-11-11 09:20:14 - [TEST_STEP][PASSED] - comparePS.ProposalASL1.ComparePS(strNoAPK, excelRow): comparePS.ProposalASL1.ComparePS is PASSED

2020-11-11 09:20:14 - [MESSAGE][PASSED] - comparePS.ProposalASL1.ComparePS is PASSED

2020-11-11 09:20:14 - [TEST_STEP][PASSED] - comparePS.KeywordPS.callStatus(strNoAPK, "sheetAPK1", 17): comparePS.KeywordPS.callStatus is PASSED

2020-11-11 09:20:14 - [MESSAGE][PASSED] - comparePS.KeywordPS.callStatus is PASSED

2020-11-11 09:20:14 - [TEST_STEP][PASSED] - runTime.reset(): null

2020-11-11 09:20:14 - [TEST_STEP][PASSED] - runTime.start(): null

2020-11-11 09:20:14 - [TEST_STEP][PASSED] - dataCompareAPK = findTestData("dt-1/dt_APK"): null

2020-11-11 09:20:14 - [TEST_STEP][PASSED] - strNoAPK = dataCompareAPK.getValue("NO", excelRow): null

2020-11-11 09:20:14 - [TEST_STEP][PASSED] - comparePS.ProposalASL1.ComparePS(strNoAPK, excelRow): comparePS.ProposalASL1.ComparePS is PASSED

2020-11-11 09:20:14 - [MESSAGE][PASSED] - comparePS.ProposalASL1.ComparePS is PASSED

2020-11-11 09:20:14 - [TEST_STEP][PASSED] - comparePS.KeywordPS.callStatus(strNoAPK, "sheetAPK1", 17): comparePS.KeywordPS.callStatus is PASSED

2020-11-11 09:20:15 - [MESSAGE][PASSED] - comparePS.KeywordPS.callStatus is PASSED

2020-11-11 09:20:15 - [TEST_STEP][PASSED] - runTime.reset(): null

2020-11-11 09:20:15 - [TEST_STEP][PASSED] - runTime.start(): null

2020-11-11 09:20:15 - [TEST_STEP][PASSED] - dataCompareAPK = findTestData("dt-1/dt_APK"): null

2020-11-11 09:20:15 - [TEST_STEP][PASSED] - strNoAPK = dataCompareAPK.getValue("NO", excelRow): null

2020-11-11 09:20:15 - [TEST_STEP][PASSED] - comparePS.ProposalASL1.ComparePS(strNoAPK, excelRow): comparePS.ProposalASL1.ComparePS is PASSED

2020-11-11 09:20:15 - [MESSAGE][PASSED] - comparePS.ProposalASL1.ComparePS is PASSED

2020-11-11 09:20:15 - [TEST_STEP][PASSED] - comparePS.KeywordPS.callStatus(strNoAPK, "sheetAPK1", 17): comparePS.KeywordPS.callStatus is PASSED

2020-11-11 09:20:15 - [MESSAGE][PASSED] - comparePS.KeywordPS.callStatus is PASSED

2020-11-11 09:20:15 - [TEST_STEP][PASSED] - runTime.reset(): null

2020-11-11 09:20:15 - [TEST_STEP][PASSED] - runTime.start(): null

2020-11-11 09:20:15 - [TEST_STEP][PASSED] - dataCompareAPK = findTestData("dt-1/dt_APK"): null

2020-11-11 09:20:15 - [TEST_STEP][PASSED] - strNoAPK = dataCompareAPK.getValue("NO", excelRow): null

2020-11-11 09:20:15 - [TEST_STEP][PASSED] - comparePS.ProposalASL1.ComparePS(strNoAPK, excelRow): comparePS.ProposalASL1.ComparePS is PASSED

2020-11-11 09:20:15 - [MESSAGE][PASSED] - comparePS.ProposalASL1.ComparePS is PASSED

2020-11-11 09:20:15 - [TEST_STEP][PASSED] - comparePS.KeywordPS.callStatus(strNoAPK, "sheetAPK1", 17): comparePS.KeywordPS.callStatus is PASSED

2020-11-11 09:20:15 - [MESSAGE][PASSED] - comparePS.KeywordPS.callStatus is PASSED

2020-11-11 09:20:15 - [TEST_STEP][PASSED] - runTime.reset(): null

2020-11-11 09:20:15 - [TEST_STEP][PASSED] - runTime.start(): null

2020-11-11 09:20:15 - [TEST_STEP][PASSED] - dataCompareAPK = findTestData("dt-1/dt_APK"): null

2020-11-11 09:20:15 - [TEST_STEP][PASSED] - strNoAPK = dataCompareAPK.getValue("NO", excelRow): null

2020-11-11 09:20:15 - [TEST_STEP][PASSED] - comparePS.ProposalASL1.ComparePS(strNoAPK, excelRow): comparePS.ProposalASL1.ComparePS is PASSED

2020-11-11 09:20:15 - [MESSAGE][PASSED] - comparePS.ProposalASL1.ComparePS is PASSED

2020-11-11 09:20:15 - [TEST_STEP][PASSED] - comparePS.KeywordPS.callStatus(strNoAPK, "sheetAPK1", 17): comparePS.KeywordPS.callStatus is PASSED

2020-11-11 09:20:15 - [MESSAGE][PASSED] - comparePS.KeywordPS.callStatus is PASSED

2020-11-11 09:20:15 - [TEST_STEP][PASSED] - runTime.reset(): null

2020-11-11 09:20:15 - [TEST_STEP][PASSED] - runTime.start(): null

2020-11-11 09:20:15 - [TEST_STEP][PASSED] - dataCompareAPK = findTestData("dt-1/dt_APK"): null

2020-11-11 09:20:16 - [TEST_STEP][PASSED] - strNoAPK = dataCompareAPK.getValue("NO", excelRow): null

2020-11-11 09:20:16 - [TEST_STEP][PASSED] - comparePS.ProposalASL1.ComparePS(strNoAPK, excelRow): comparePS.ProposalASL1.ComparePS is PASSED

2020-11-11 09:20:16 - [MESSAGE][PASSED] - comparePS.ProposalASL1.ComparePS is PASSED

2020-11-11 09:20:16 - [TEST_STEP][PASSED] - comparePS.KeywordPS.callStatus(strNoAPK, "sheetAPK1", 17): comparePS.KeywordPS.callStatus is PASSED

2020-11-11 09:20:16 - [MESSAGE][PASSED] - comparePS.KeywordPS.callStatus is PASSED

2020-11-11 09:20:16 - [TEST_STEP][PASSED] - runTime.reset(): null

2020-11-11 09:20:16 - [TEST_STEP][PASSED] - runTime.start(): null

2020-11-11 09:20:16 - [TEST_STEP][PASSED] - dataCompareAPK = findTestData("dt-1/dt_APK"): null

2020-11-11 09:20:16 - [TEST_STEP][PASSED] - strNoAPK = dataCompareAPK.getValue("NO", excelRow): null

2020-11-11 09:20:16 - [TEST_STEP][PASSED] - comparePS.ProposalASL1.ComparePS(strNoAPK, excelRow): comparePS.ProposalASL1.ComparePS is PASSED

2020-11-11 09:20:16 - [MESSAGE][PASSED] - comparePS.ProposalASL1.ComparePS is PASSED

2020-11-11 09:20:16 - [TEST_STEP][PASSED] - comparePS.KeywordPS.callStatus(strNoAPK, "sheetAPK1", 17): comparePS.KeywordPS.callStatus is PASSED

2020-11-11 09:20:16 - [MESSAGE][PASSED] - comparePS.KeywordPS.callStatus is PASSED

2020-11-11 09:20:16 - [TEST_STEP][PASSED] - runTime.reset(): null

2020-11-11 09:20:16 - [TEST_STEP][PASSED] - runTime.start(): null

2020-11-11 09:20:16 - [TEST_STEP][PASSED] - dataCompareAPK = findTestData("dt-1/dt_APK"): null

2020-11-11 09:20:16 - [TEST_STEP][PASSED] - strNoAPK = dataCompareAPK.getValue("NO", excelRow): null

2020-11-11 09:20:16 - [TEST_STEP][PASSED] - comparePS.ProposalASL1.ComparePS(strNoAPK, excelRow): comparePS.ProposalASL1.ComparePS is PASSED

2020-11-11 09:20:16 - [MESSAGE][PASSED] - comparePS.ProposalASL1.ComparePS is PASSED

2020-11-11 09:20:16 - [TEST_STEP][PASSED] - comparePS.KeywordPS.callStatus(strNoAPK, "sheetAPK1", 17): comparePS.KeywordPS.callStatus is PASSED

2020-11-11 09:20:16 - [MESSAGE][PASSED] - comparePS.KeywordPS.callStatus is PASSED

2020-11-11 09:20:16 - [TEST_STEP][PASSED] - runTime.reset(): null

2020-11-11 09:20:16 - [TEST_STEP][PASSED] - runTime.start(): null

2020-11-11 09:20:16 - [TEST_STEP][PASSED] - dataCompareAPK = findTestData("dt-1/dt_APK"): null

2020-11-11 09:20:17 - [TEST_STEP][PASSED] - strNoAPK = dataCompareAPK.getValue("NO", excelRow): null

2020-11-11 09:20:17 - [TEST_STEP][PASSED] - comparePS.ProposalASL1.ComparePS(strNoAPK, excelRow): comparePS.ProposalASL1.ComparePS is PASSED

2020-11-11 09:20:17 - [MESSAGE][PASSED] - comparePS.ProposalASL1.ComparePS is PASSED

2020-11-11 09:20:17 - [TEST_STEP][PASSED] - comparePS.KeywordPS.callStatus(strNoAPK, "sheetAPK1", 17): comparePS.KeywordPS.callStatus is PASSED

2020-11-11 09:20:17 - [MESSAGE][PASSED] - comparePS.KeywordPS.callStatus is PASSED

2020-11-11 09:20:17 - [TEST_STEP][PASSED] - runTime.reset(): null

2020-11-11 09:20:17 - [TEST_STEP][PASSED] - runTime.start(): null

2020-11-11 09:20:17 - [TEST_STEP][PASSED] - dataCompareAPK = findTestData("dt-1/dt_APK"): null

2020-11-11 09:20:17 - [TEST_STEP][PASSED] - strNoAPK = dataCompareAPK.getValue("NO", excelRow): null

2020-11-11 09:20:17 - [TEST_STEP][PASSED] - comparePS.ProposalASL1.ComparePS(strNoAPK, excelRow): comparePS.ProposalASL1.ComparePS is PASSED

2020-11-11 09:20:17 - [MESSAGE][PASSED] - comparePS.ProposalASL1.ComparePS is PASSED

2020-11-11 09:20:17 - [TEST_STEP][PASSED] - comparePS.KeywordPS.callStatus(strNoAPK, "sheetAPK1", 17): comparePS.KeywordPS.callStatus is PASSED

2020-11-11 09:20:17 - [MESSAGE][PASSED] - comparePS.KeywordPS.callStatus is PASSED

2020-11-11 09:20:17 - [TEST_STEP][PASSED] - runTime.reset(): null

2020-11-11 09:20:17 - [TEST_STEP][PASSED] - runTime.start(): null

2020-11-11 09:20:17 - [TEST_STEP][PASSED] - dataCompareAPK = findTestData("dt-1/dt_APK"): null

2020-11-11 09:20:17 - [TEST_STEP][PASSED] - strNoAPK = dataCompareAPK.getValue("NO", excelRow): null

2020-11-11 09:20:17 - [TEST_STEP][PASSED] - comparePS.ProposalASL1.ComparePS(strNoAPK, excelRow): comparePS.ProposalASL1.ComparePS is PASSED

2020-11-11 09:20:17 - [MESSAGE][PASSED] - comparePS.ProposalASL1.ComparePS is PASSED

2020-11-11 09:20:17 - [TEST_STEP][PASSED] - comparePS.KeywordPS.callStatus(strNoAPK, "sheetAPK1", 17): comparePS.KeywordPS.callStatus is PASSED

2020-11-11 09:20:18 - [MESSAGE][PASSED] - comparePS.KeywordPS.callStatus is PASSED

2020-11-11 09:20:18 - [TEST_STEP][PASSED] - runTime.reset(): null

2020-11-11 09:20:18 - [TEST_STEP][PASSED] - runTime.start(): null

2020-11-11 09:20:18 - [TEST_STEP][PASSED] - dataCompareAPK = findTestData("dt-1/dt_APK"): null

2020-11-11 09:20:18 - [TEST_STEP][PASSED] - strNoAPK = dataCompareAPK.getValue("NO", excelRow): null

2020-11-11 09:20:18 - [TEST_STEP][PASSED] - comparePS.ProposalASL1.ComparePS(strNoAPK, excelRow): comparePS.ProposalASL1.ComparePS is PASSED

2020-11-11 09:20:18 - [MESSAGE][PASSED] - comparePS.ProposalASL1.ComparePS is PASSED

2020-11-11 09:20:18 - [TEST_STEP][PASSED] - comparePS.KeywordPS.callStatus(strNoAPK, "sheetAPK1", 17): comparePS.KeywordPS.callStatus is PASSED

2020-11-11 09:20:18 - [MESSAGE][PASSED] - comparePS.KeywordPS.callStatus is PASSED

2020-11-11 09:20:18 - [TEST_STEP][PASSED] - runTime.reset(): null

2020-11-11 09:20:18 - [TEST_STEP][PASSED] - runTime.start(): null

2020-11-11 09:20:18 - [TEST_STEP][PASSED] - dataCompareAPK = findTestData("dt-1/dt_APK"): null

2020-11-11 09:20:18 - [TEST_STEP][PASSED] - strNoAPK = dataCompareAPK.getValue("NO", excelRow): null

2020-11-11 09:20:18 - [TEST_STEP][PASSED] - comparePS.ProposalASL1.ComparePS(strNoAPK, excelRow): comparePS.ProposalASL1.ComparePS is PASSED

2020-11-11 09:20:18 - [MESSAGE][PASSED] - comparePS.ProposalASL1.ComparePS is PASSED

2020-11-11 09:20:18 - [TEST_STEP][PASSED] - comparePS.KeywordPS.callStatus(strNoAPK, "sheetAPK1", 17): comparePS.KeywordPS.callStatus is PASSED

2020-11-11 09:20:18 - [MESSAGE][PASSED] - comparePS.KeywordPS.callStatus is PASSED

2020-11-11 09:20:18 - [TEST_STEP][PASSED] - runTime.reset(): null

2020-11-11 09:20:18 - [TEST_STEP][PASSED] - runTime.start(): null

2020-11-11 09:20:18 - [TEST_STEP][PASSED] - dataCompareAPK = findTestData("dt-1/dt_APK"): null

2020-11-11 09:20:18 - [TEST_STEP][PASSED] - strNoAPK = dataCompareAPK.getValue("NO", excelRow): null

2020-11-11 09:20:18 - [TEST_STEP][PASSED] - comparePS.ProposalASL1.ComparePS(strNoAPK, excelRow): comparePS.ProposalASL1.ComparePS is PASSED

2020-11-11 09:20:18 - [MESSAGE][PASSED] - comparePS.ProposalASL1.ComparePS is PASSED

2020-11-11 09:20:18 - [TEST_STEP][PASSED] - comparePS.KeywordPS.callStatus(strNoAPK, "sheetAPK1", 17): comparePS.KeywordPS.callStatus is PASSED

2020-11-11 09:20:19 - [MESSAGE][PASSED] - comparePS.KeywordPS.callStatus is PASSED

2020-11-11 09:20:19 - [TEST_STEP][PASSED] - runTime.reset(): null

2020-11-11 09:20:19 - [TEST_STEP][PASSED] - runTime.start(): null

2020-11-11 09:20:19 - [TEST_STEP][PASSED] - dataCompareAPK = findTestData("dt-1/dt_APK"): null

2020-11-11 09:20:19 - [TEST_STEP][PASSED] - strNoAPK = dataCompareAPK.getValue("NO", excelRow): null

2020-11-11 09:20:19 - [TEST_STEP][PASSED] - comparePS.ProposalASL1.ComparePS(strNoAPK, excelRow): comparePS.ProposalASL1.ComparePS is PASSED

2020-11-11 09:20:19 - [MESSAGE][PASSED] - comparePS.ProposalASL1.ComparePS is PASSED

2020-11-11 09:20:19 - [TEST_STEP][PASSED] - comparePS.KeywordPS.callStatus(strNoAPK, "sheetAPK1", 17): comparePS.KeywordPS.callStatus is PASSED

2020-11-11 09:20:19 - [MESSAGE][PASSED] - comparePS.KeywordPS.callStatus is PASSED

2020-11-11 09:20:19 - [TEST_STEP][PASSED] - runTime.reset(): null

2020-11-11 09:20:19 - [TEST_STEP][PASSED] - runTime.start(): null

2020-11-11 09:20:19 - [TEST_STEP][PASSED] - dataCompareAPK = findTestData("dt-1/dt_APK"): null

2020-11-11 09:20:19 - [TEST_STEP][PASSED] - strNoAPK = dataCompareAPK.getValue("NO", excelRow): null

2020-11-11 09:20:19 - [TEST_STEP][PASSED] - comparePS.ProposalASL1.ComparePS(strNoAPK, excelRow): comparePS.ProposalASL1.ComparePS is PASSED

2020-11-11 09:20:19 - [MESSAGE][PASSED] - comparePS.ProposalASL1.ComparePS is PASSED

2020-11-11 09:20:19 - [TEST_STEP][PASSED] - comparePS.KeywordPS.callStatus(strNoAPK, "sheetAPK1", 17): comparePS.KeywordPS.callStatus is PASSED

2020-11-11 09:20:19 - [MESSAGE][PASSED] - comparePS.KeywordPS.callStatus is PASSED

2020-11-11 09:20:19 - [TEST_STEP][PASSED] - runTime.reset(): null

2020-11-11 09:20:19 - [TEST_STEP][PASSED] - runTime.start(): null

2020-11-11 09:20:19 - [TEST_STEP][PASSED] - dataCompareAPK = findTestData("dt-1/dt_APK"): null

2020-11-11 09:20:20 - [TEST_STEP][PASSED] - strNoAPK = dataCompareAPK.getValue("NO", excelRow): null

2020-11-11 09:20:20 - [TEST_STEP][PASSED] - comparePS.ProposalASL1.ComparePS(strNoAPK, excelRow): comparePS.ProposalASL1.ComparePS is PASSED

2020-11-11 09:20:20 - [MESSAGE][PASSED] - comparePS.ProposalASL1.ComparePS is PASSED

2020-11-11 09:20:20 - [TEST_STEP][PASSED] - comparePS.KeywordPS.callStatus(strNoAPK, "sheetAPK1", 17): comparePS.KeywordPS.callStatus is PASSED

2020-11-11 09:20:20 - [MESSAGE][PASSED] - comparePS.KeywordPS.callStatus is PASSED

2020-11-11 09:20:20 - [TEST_STEP][PASSED] - runTime.reset(): null

2020-11-11 09:20:20 - [TEST_STEP][PASSED] - runTime.start(): null

2020-11-11 09:20:20 - [TEST_STEP][PASSED] - dataCompareAPK = findTestData("dt-1/dt_APK"): null

2020-11-11 09:20:20 - [TEST_STEP][PASSED] - strNoAPK = dataCompareAPK.getValue("NO", excelRow): null

2020-11-11 09:20:20 - [TEST_STEP][PASSED] - comparePS.ProposalASL1.ComparePS(strNoAPK, excelRow): comparePS.ProposalASL1.ComparePS is PASSED

2020-11-11 09:20:20 - [MESSAGE][PASSED] - comparePS.ProposalASL1.ComparePS is PASSED

2020-11-11 09:20:20 - [TEST_STEP][PASSED] - comparePS.KeywordPS.callStatus(strNoAPK, "sheetAPK1", 17): comparePS.KeywordPS.callStatus is PASSED

2020-11-11 09:20:20 - [MESSAGE][PASSED] - comparePS.KeywordPS.callStatus is PASSED

2020-11-11 09:20:20 - [TEST_STEP][PASSED] - runTime.reset(): null

2020-11-11 09:20:20 - [TEST_STEP][PASSED] - runTime.start(): null

2020-11-11 09:20:20 - [TEST_STEP][PASSED] - dataCompareAPK = findTestData("dt-1/dt_APK"): null

2020-11-11 09:20:21 - [TEST_STEP][PASSED] - strNoAPK = dataCompareAPK.getValue("NO", excelRow): null

2020-11-11 09:20:21 - [TEST_STEP][PASSED] - comparePS.ProposalASL1.ComparePS(strNoAPK, excelRow): comparePS.ProposalASL1.ComparePS is PASSED

2020-11-11 09:20:21 - [MESSAGE][PASSED] - comparePS.ProposalASL1.ComparePS is PASSED

2020-11-11 09:20:21 - [TEST_STEP][PASSED] - comparePS.KeywordPS.callStatus(strNoAPK, "sheetAPK1", 17): comparePS.KeywordPS.callStatus is PASSED

2020-11-11 09:20:21 - [MESSAGE][PASSED] - comparePS.KeywordPS.callStatus is PASSED

2020-11-11 09:20:21 - [TEST_STEP][PASSED] - runTime.reset(): null

2020-11-11 09:20:21 - [TEST_STEP][PASSED] - runTime.start(): null

2020-11-11 09:20:21 - [TEST_STEP][PASSED] - dataCompareAPK = findTestData("dt-1/dt_APK"): null

2020-11-11 09:20:21 - [TEST_STEP][PASSED] - strNoAPK = dataCompareAPK.getValue("NO", excelRow): null

2020-11-11 09:20:21 - [TEST_STEP][PASSED] - comparePS.ProposalASL1.ComparePS(strNoAPK, excelRow): comparePS.ProposalASL1.ComparePS is PASSED

2020-11-11 09:20:21 - [MESSAGE][PASSED] - comparePS.ProposalASL1.ComparePS is PASSED

2020-11-11 09:20:21 - [TEST_STEP][PASSED] - comparePS.KeywordPS.callStatus(strNoAPK, "sheetAPK1", 17): comparePS.KeywordPS.callStatus is PASSED

2020-11-11 09:20:21 - [MESSAGE][PASSED] - comparePS.KeywordPS.callStatus is PASSED

2020-11-11 09:20:21 - [TEST_STEP][PASSED] - runTime.reset(): null

2020-11-11 09:20:21 - [TEST_STEP][PASSED] - runTime.start(): null

2020-11-11 09:20:21 - [TEST_STEP][PASSED] - dataCompareAPK = findTestData("dt-1/dt_APK"): null

2020-11-11 09:20:21 - [TEST_STEP][PASSED] - strNoAPK = dataCompareAPK.getValue("NO", excelRow): null

2020-11-11 09:20:21 - [TEST_STEP][PASSED] - comparePS.ProposalASL1.ComparePS(strNoAPK, excelRow): comparePS.ProposalASL1.ComparePS is PASSED

2020-11-11 09:20:22 - [MESSAGE][PASSED] - comparePS.ProposalASL1.ComparePS is PASSED

2020-11-11 09:20:22 - [TEST_STEP][PASSED] - comparePS.KeywordPS.callStatus(strNoAPK, "sheetAPK1", 17): comparePS.KeywordPS.callStatus is PASSED

2020-11-11 09:20:22 - [MESSAGE][PASSED] - comparePS.KeywordPS.callStatus is PASSED

2020-11-11 09:20:22 - [TEST_STEP][PASSED] - runTime.reset(): null

2020-11-11 09:20:22 - [TEST_STEP][PASSED] - runTime.start(): null

2020-11-11 09:20:22 - [TEST_STEP][PASSED] - dataCompareAPK = findTestData("dt-1/dt_APK"): null

2020-11-11 09:20:22 - [TEST_STEP][PASSED] - strNoAPK = dataCompareAPK.getValue("NO", excelRow): null

2020-11-11 09:20:22 - [TEST_STEP][PASSED] - comparePS.ProposalASL1.ComparePS(strNoAPK, excelRow): comparePS.ProposalASL1.ComparePS is PASSED

2020-11-11 09:20:22 - [MESSAGE][PASSED] - comparePS.ProposalASL1.ComparePS is PASSED

2020-11-11 09:20:22 - [TEST_STEP][PASSED] - comparePS.KeywordPS.callStatus(strNoAPK, "sheetAPK1", 17): comparePS.KeywordPS.callStatus is PASSED

2020-11-11 09:20:22 - [MESSAGE][PASSED] - comparePS.KeywordPS.callStatus is PASSED

2020-11-11 09:20:22 - [TEST_STEP][PASSED] - runTime.reset(): null

2020-11-11 09:20:22 - [TEST_STEP][PASSED] - runTime.start(): null

2020-11-11 09:20:22 - [TEST_STEP][PASSED] - dataCompareAPK = findTestData("dt-1/dt_APK"): null

2020-11-11 09:20:22 - [TEST_STEP][PASSED] - strNoAPK = dataCompareAPK.getValue("NO", excelRow): null

2020-11-11 09:20:22 - [TEST_STEP][PASSED] - comparePS.ProposalASL1.ComparePS(strNoAPK, excelRow): comparePS.ProposalASL1.ComparePS is PASSED

2020-11-11 09:20:22 - [MESSAGE][PASSED] - comparePS.ProposalASL1.ComparePS is PASSED

2020-11-11 09:20:22 - [TEST_STEP][PASSED] - comparePS.KeywordPS.callStatus(strNoAPK, "sheetAPK1", 17): comparePS.KeywordPS.callStatus is PASSED

2020-11-11 09:20:22 - [MESSAGE][PASSED] - comparePS.KeywordPS.callStatus is PASSED]]></system-out>
         <system-err><![CDATA[]]></system-err>
      </testcase>
      <testcase name="Test Cases/ComparePS-2" time="24.765" classname="Test Cases/ComparePS-2" status="PASSED">
         <system-out><![CDATA[2020-11-11 09:20:22 - [TEST_CASE][PASSED] - Test Cases/ComparePS-2: Test Cases/ComparePS-2

2020-11-11 09:20:23 - [TEST_STEP][PASSED] - sekarang = new java.util.Date(): null

2020-11-11 09:20:23 - [TEST_STEP][PASSED] - tgl = sekarang.format("yyyy-MM-dd"): null

2020-11-11 09:20:23 - [TEST_STEP][PASSED] - fullFlow = true: null

2020-11-11 09:20:23 - [TEST_STEP][PASSED] - strGlbDate = tgl: null

2020-11-11 09:20:23 - [TEST_STEP][PASSED] - strGlbStatus = "": null

2020-11-11 09:20:23 - [TEST_STEP][PASSED] - strGlbKeterangan = "": null

2020-11-11 09:20:23 - [TEST_STEP][PASSED] - strGlbCrash = false: null

2020-11-11 09:20:23 - [TEST_STEP][PASSED] - strGlbAlamat = false: null

2020-11-11 09:20:23 - [TEST_STEP][PASSED] - strGlbNomor = 1: null

2020-11-11 09:20:23 - [TEST_STEP][PASSED] - strGlbNumImage = 0: null

2020-11-11 09:20:23 - [TEST_STEP][PASSED] - runTime = StopWatch.createStarted(): null

2020-11-11 09:20:23 - [TEST_STEP][PASSED] - getLastRow = findTestData("dt-2/dt_APK").getRowNumbers(): null

2020-11-11 09:20:23 - [TEST_STEP][PASSED] - for (int excelRow : (1..getLastRow)): comparePS.KeywordPS.callStatus is PASSED

2020-11-11 09:20:23 - [TEST_STEP][PASSED] - runTime.reset(): null

2020-11-11 09:20:23 - [TEST_STEP][PASSED] - runTime.start(): null

2020-11-11 09:20:23 - [TEST_STEP][PASSED] - dataCompareAPK2 = findTestData("dt-2/dt_APK"): null

2020-11-11 09:20:23 - [TEST_STEP][PASSED] - strNoAPK2 = dataCompareAPK2.getValue("NO", excelRow): null

2020-11-11 09:20:23 - [TEST_STEP][PASSED] - comparePS.ProposalASL1.ComparePS(strNoAPK2, excelRow): comparePS.ProposalASL1.ComparePS is PASSED

2020-11-11 09:20:23 - [MESSAGE][PASSED] - comparePS.ProposalASL1.ComparePS is PASSED

2020-11-11 09:20:23 - [TEST_STEP][PASSED] - comparePS.KeywordPS.callStatus(strNoAPK2, "sheetAPK2", 17): comparePS.KeywordPS.callStatus is PASSED

2020-11-11 09:20:24 - [MESSAGE][PASSED] - comparePS.KeywordPS.callStatus is PASSED

2020-11-11 09:20:24 - [TEST_STEP][PASSED] - runTime.reset(): null

2020-11-11 09:20:24 - [TEST_STEP][PASSED] - runTime.start(): null

2020-11-11 09:20:24 - [TEST_STEP][PASSED] - dataCompareAPK2 = findTestData("dt-2/dt_APK"): null

2020-11-11 09:20:24 - [TEST_STEP][PASSED] - strNoAPK2 = dataCompareAPK2.getValue("NO", excelRow): null

2020-11-11 09:20:24 - [TEST_STEP][PASSED] - comparePS.ProposalASL1.ComparePS(strNoAPK2, excelRow): comparePS.ProposalASL1.ComparePS is PASSED

2020-11-11 09:20:24 - [MESSAGE][PASSED] - comparePS.ProposalASL1.ComparePS is PASSED

2020-11-11 09:20:24 - [TEST_STEP][PASSED] - comparePS.KeywordPS.callStatus(strNoAPK2, "sheetAPK2", 17): comparePS.KeywordPS.callStatus is PASSED

2020-11-11 09:20:24 - [MESSAGE][PASSED] - comparePS.KeywordPS.callStatus is PASSED

2020-11-11 09:20:24 - [TEST_STEP][PASSED] - runTime.reset(): null

2020-11-11 09:20:24 - [TEST_STEP][PASSED] - runTime.start(): null

2020-11-11 09:20:24 - [TEST_STEP][PASSED] - dataCompareAPK2 = findTestData("dt-2/dt_APK"): null

2020-11-11 09:20:24 - [TEST_STEP][PASSED] - strNoAPK2 = dataCompareAPK2.getValue("NO", excelRow): null

2020-11-11 09:20:24 - [TEST_STEP][PASSED] - comparePS.ProposalASL1.ComparePS(strNoAPK2, excelRow): comparePS.ProposalASL1.ComparePS is PASSED

2020-11-11 09:20:24 - [MESSAGE][PASSED] - comparePS.ProposalASL1.ComparePS is PASSED

2020-11-11 09:20:24 - [TEST_STEP][PASSED] - comparePS.KeywordPS.callStatus(strNoAPK2, "sheetAPK2", 17): comparePS.KeywordPS.callStatus is PASSED

2020-11-11 09:20:24 - [MESSAGE][PASSED] - comparePS.KeywordPS.callStatus is PASSED

2020-11-11 09:20:24 - [TEST_STEP][PASSED] - runTime.reset(): null

2020-11-11 09:20:24 - [TEST_STEP][PASSED] - runTime.start(): null

2020-11-11 09:20:24 - [TEST_STEP][PASSED] - dataCompareAPK2 = findTestData("dt-2/dt_APK"): null

2020-11-11 09:20:24 - [TEST_STEP][PASSED] - strNoAPK2 = dataCompareAPK2.getValue("NO", excelRow): null

2020-11-11 09:20:24 - [TEST_STEP][PASSED] - comparePS.ProposalASL1.ComparePS(strNoAPK2, excelRow): comparePS.ProposalASL1.ComparePS is PASSED

2020-11-11 09:20:24 - [MESSAGE][PASSED] - comparePS.ProposalASL1.ComparePS is PASSED

2020-11-11 09:20:24 - [TEST_STEP][PASSED] - comparePS.KeywordPS.callStatus(strNoAPK2, "sheetAPK2", 17): comparePS.KeywordPS.callStatus is PASSED

2020-11-11 09:20:24 - [MESSAGE][PASSED] - comparePS.KeywordPS.callStatus is PASSED

2020-11-11 09:20:24 - [TEST_STEP][PASSED] - runTime.reset(): null

2020-11-11 09:20:24 - [TEST_STEP][PASSED] - runTime.start(): null

2020-11-11 09:20:24 - [TEST_STEP][PASSED] - dataCompareAPK2 = findTestData("dt-2/dt_APK"): null

2020-11-11 09:20:24 - [TEST_STEP][PASSED] - strNoAPK2 = dataCompareAPK2.getValue("NO", excelRow): null

2020-11-11 09:20:24 - [TEST_STEP][PASSED] - comparePS.ProposalASL1.ComparePS(strNoAPK2, excelRow): comparePS.ProposalASL1.ComparePS is PASSED

2020-11-11 09:20:25 - [MESSAGE][PASSED] - comparePS.ProposalASL1.ComparePS is PASSED

2020-11-11 09:20:25 - [TEST_STEP][PASSED] - comparePS.KeywordPS.callStatus(strNoAPK2, "sheetAPK2", 17): comparePS.KeywordPS.callStatus is PASSED

2020-11-11 09:20:25 - [MESSAGE][PASSED] - comparePS.KeywordPS.callStatus is PASSED

2020-11-11 09:20:25 - [TEST_STEP][PASSED] - runTime.reset(): null

2020-11-11 09:20:25 - [TEST_STEP][PASSED] - runTime.start(): null

2020-11-11 09:20:25 - [TEST_STEP][PASSED] - dataCompareAPK2 = findTestData("dt-2/dt_APK"): null

2020-11-11 09:20:25 - [TEST_STEP][PASSED] - strNoAPK2 = dataCompareAPK2.getValue("NO", excelRow): null

2020-11-11 09:20:25 - [TEST_STEP][PASSED] - comparePS.ProposalASL1.ComparePS(strNoAPK2, excelRow): comparePS.ProposalASL1.ComparePS is PASSED

2020-11-11 09:20:25 - [MESSAGE][PASSED] - comparePS.ProposalASL1.ComparePS is PASSED

2020-11-11 09:20:25 - [TEST_STEP][PASSED] - comparePS.KeywordPS.callStatus(strNoAPK2, "sheetAPK2", 17): comparePS.KeywordPS.callStatus is PASSED

2020-11-11 09:20:25 - [MESSAGE][PASSED] - comparePS.KeywordPS.callStatus is PASSED

2020-11-11 09:20:25 - [TEST_STEP][PASSED] - runTime.reset(): null

2020-11-11 09:20:25 - [TEST_STEP][PASSED] - runTime.start(): null

2020-11-11 09:20:25 - [TEST_STEP][PASSED] - dataCompareAPK2 = findTestData("dt-2/dt_APK"): null

2020-11-11 09:20:25 - [TEST_STEP][PASSED] - strNoAPK2 = dataCompareAPK2.getValue("NO", excelRow): null

2020-11-11 09:20:25 - [TEST_STEP][PASSED] - comparePS.ProposalASL1.ComparePS(strNoAPK2, excelRow): comparePS.ProposalASL1.ComparePS is PASSED

2020-11-11 09:20:25 - [MESSAGE][PASSED] - comparePS.ProposalASL1.ComparePS is PASSED

2020-11-11 09:20:25 - [TEST_STEP][PASSED] - comparePS.KeywordPS.callStatus(strNoAPK2, "sheetAPK2", 17): comparePS.KeywordPS.callStatus is PASSED

2020-11-11 09:20:25 - [MESSAGE][PASSED] - comparePS.KeywordPS.callStatus is PASSED

2020-11-11 09:20:25 - [TEST_STEP][PASSED] - runTime.reset(): null

2020-11-11 09:20:25 - [TEST_STEP][PASSED] - runTime.start(): null

2020-11-11 09:20:25 - [TEST_STEP][PASSED] - dataCompareAPK2 = findTestData("dt-2/dt_APK"): null

2020-11-11 09:20:25 - [TEST_STEP][PASSED] - strNoAPK2 = dataCompareAPK2.getValue("NO", excelRow): null

2020-11-11 09:20:25 - [TEST_STEP][PASSED] - comparePS.ProposalASL1.ComparePS(strNoAPK2, excelRow): comparePS.ProposalASL1.ComparePS is PASSED

2020-11-11 09:20:25 - [MESSAGE][PASSED] - comparePS.ProposalASL1.ComparePS is PASSED

2020-11-11 09:20:25 - [TEST_STEP][PASSED] - comparePS.KeywordPS.callStatus(strNoAPK2, "sheetAPK2", 17): comparePS.KeywordPS.callStatus is PASSED

2020-11-11 09:20:25 - [MESSAGE][PASSED] - comparePS.KeywordPS.callStatus is PASSED

2020-11-11 09:20:25 - [TEST_STEP][PASSED] - runTime.reset(): null

2020-11-11 09:20:25 - [TEST_STEP][PASSED] - runTime.start(): null

2020-11-11 09:20:25 - [TEST_STEP][PASSED] - dataCompareAPK2 = findTestData("dt-2/dt_APK"): null

2020-11-11 09:20:26 - [TEST_STEP][PASSED] - strNoAPK2 = dataCompareAPK2.getValue("NO", excelRow): null

2020-11-11 09:20:26 - [TEST_STEP][PASSED] - comparePS.ProposalASL1.ComparePS(strNoAPK2, excelRow): comparePS.ProposalASL1.ComparePS is PASSED

2020-11-11 09:20:26 - [MESSAGE][PASSED] - comparePS.ProposalASL1.ComparePS is PASSED

2020-11-11 09:20:26 - [TEST_STEP][PASSED] - comparePS.KeywordPS.callStatus(strNoAPK2, "sheetAPK2", 17): comparePS.KeywordPS.callStatus is PASSED

2020-11-11 09:20:26 - [MESSAGE][PASSED] - comparePS.KeywordPS.callStatus is PASSED

2020-11-11 09:20:26 - [TEST_STEP][PASSED] - runTime.reset(): null

2020-11-11 09:20:26 - [TEST_STEP][PASSED] - runTime.start(): null

2020-11-11 09:20:26 - [TEST_STEP][PASSED] - dataCompareAPK2 = findTestData("dt-2/dt_APK"): null

2020-11-11 09:20:26 - [TEST_STEP][PASSED] - strNoAPK2 = dataCompareAPK2.getValue("NO", excelRow): null

2020-11-11 09:20:26 - [TEST_STEP][PASSED] - comparePS.ProposalASL1.ComparePS(strNoAPK2, excelRow): comparePS.ProposalASL1.ComparePS is PASSED

2020-11-11 09:20:26 - [MESSAGE][PASSED] - comparePS.ProposalASL1.ComparePS is PASSED

2020-11-11 09:20:26 - [TEST_STEP][PASSED] - comparePS.KeywordPS.callStatus(strNoAPK2, "sheetAPK2", 17): comparePS.KeywordPS.callStatus is PASSED

2020-11-11 09:20:26 - [MESSAGE][PASSED] - comparePS.KeywordPS.callStatus is PASSED

2020-11-11 09:20:26 - [TEST_STEP][PASSED] - runTime.reset(): null

2020-11-11 09:20:26 - [TEST_STEP][PASSED] - runTime.start(): null

2020-11-11 09:20:26 - [TEST_STEP][PASSED] - dataCompareAPK2 = findTestData("dt-2/dt_APK"): null

2020-11-11 09:20:26 - [TEST_STEP][PASSED] - strNoAPK2 = dataCompareAPK2.getValue("NO", excelRow): null

2020-11-11 09:20:26 - [TEST_STEP][PASSED] - comparePS.ProposalASL1.ComparePS(strNoAPK2, excelRow): comparePS.ProposalASL1.ComparePS is PASSED

2020-11-11 09:20:26 - [MESSAGE][PASSED] - comparePS.ProposalASL1.ComparePS is PASSED

2020-11-11 09:20:26 - [TEST_STEP][PASSED] - comparePS.KeywordPS.callStatus(strNoAPK2, "sheetAPK2", 17): comparePS.KeywordPS.callStatus is PASSED

2020-11-11 09:20:26 - [MESSAGE][PASSED] - comparePS.KeywordPS.callStatus is PASSED

2020-11-11 09:20:26 - [TEST_STEP][PASSED] - runTime.reset(): null

2020-11-11 09:20:26 - [TEST_STEP][PASSED] - runTime.start(): null

2020-11-11 09:20:26 - [TEST_STEP][PASSED] - dataCompareAPK2 = findTestData("dt-2/dt_APK"): null

2020-11-11 09:20:26 - [TEST_STEP][PASSED] - strNoAPK2 = dataCompareAPK2.getValue("NO", excelRow): null

2020-11-11 09:20:26 - [TEST_STEP][PASSED] - comparePS.ProposalASL1.ComparePS(strNoAPK2, excelRow): comparePS.ProposalASL1.ComparePS is PASSED

2020-11-11 09:20:27 - [MESSAGE][PASSED] - comparePS.ProposalASL1.ComparePS is PASSED

2020-11-11 09:20:27 - [TEST_STEP][PASSED] - comparePS.KeywordPS.callStatus(strNoAPK2, "sheetAPK2", 17): comparePS.KeywordPS.callStatus is PASSED

2020-11-11 09:20:27 - [MESSAGE][PASSED] - comparePS.KeywordPS.callStatus is PASSED

2020-11-11 09:20:27 - [TEST_STEP][PASSED] - runTime.reset(): null

2020-11-11 09:20:27 - [TEST_STEP][PASSED] - runTime.start(): null

2020-11-11 09:20:27 - [TEST_STEP][PASSED] - dataCompareAPK2 = findTestData("dt-2/dt_APK"): null

2020-11-11 09:20:27 - [TEST_STEP][PASSED] - strNoAPK2 = dataCompareAPK2.getValue("NO", excelRow): null

2020-11-11 09:20:27 - [TEST_STEP][PASSED] - comparePS.ProposalASL1.ComparePS(strNoAPK2, excelRow): comparePS.ProposalASL1.ComparePS is PASSED

2020-11-11 09:20:27 - [MESSAGE][PASSED] - comparePS.ProposalASL1.ComparePS is PASSED

2020-11-11 09:20:27 - [TEST_STEP][PASSED] - comparePS.KeywordPS.callStatus(strNoAPK2, "sheetAPK2", 17): comparePS.KeywordPS.callStatus is PASSED

2020-11-11 09:20:27 - [MESSAGE][PASSED] - comparePS.KeywordPS.callStatus is PASSED

2020-11-11 09:20:27 - [TEST_STEP][PASSED] - runTime.reset(): null

2020-11-11 09:20:27 - [TEST_STEP][PASSED] - runTime.start(): null

2020-11-11 09:20:27 - [TEST_STEP][PASSED] - dataCompareAPK2 = findTestData("dt-2/dt_APK"): null

2020-11-11 09:20:27 - [TEST_STEP][PASSED] - strNoAPK2 = dataCompareAPK2.getValue("NO", excelRow): null

2020-11-11 09:20:27 - [TEST_STEP][PASSED] - comparePS.ProposalASL1.ComparePS(strNoAPK2, excelRow): comparePS.ProposalASL1.ComparePS is PASSED

2020-11-11 09:20:27 - [MESSAGE][PASSED] - comparePS.ProposalASL1.ComparePS is PASSED

2020-11-11 09:20:27 - [TEST_STEP][PASSED] - comparePS.KeywordPS.callStatus(strNoAPK2, "sheetAPK2", 17): comparePS.KeywordPS.callStatus is PASSED

2020-11-11 09:20:28 - [MESSAGE][PASSED] - comparePS.KeywordPS.callStatus is PASSED

2020-11-11 09:20:28 - [TEST_STEP][PASSED] - runTime.reset(): null

2020-11-11 09:20:28 - [TEST_STEP][PASSED] - runTime.start(): null

2020-11-11 09:20:28 - [TEST_STEP][PASSED] - dataCompareAPK2 = findTestData("dt-2/dt_APK"): null

2020-11-11 09:20:28 - [TEST_STEP][PASSED] - strNoAPK2 = dataCompareAPK2.getValue("NO", excelRow): null

2020-11-11 09:20:28 - [TEST_STEP][PASSED] - comparePS.ProposalASL1.ComparePS(strNoAPK2, excelRow): comparePS.ProposalASL1.ComparePS is PASSED

2020-11-11 09:20:28 - [MESSAGE][PASSED] - comparePS.ProposalASL1.ComparePS is PASSED

2020-11-11 09:20:28 - [TEST_STEP][PASSED] - comparePS.KeywordPS.callStatus(strNoAPK2, "sheetAPK2", 17): comparePS.KeywordPS.callStatus is PASSED

2020-11-11 09:20:28 - [MESSAGE][PASSED] - comparePS.KeywordPS.callStatus is PASSED

2020-11-11 09:20:28 - [TEST_STEP][PASSED] - runTime.reset(): null

2020-11-11 09:20:28 - [TEST_STEP][PASSED] - runTime.start(): null

2020-11-11 09:20:28 - [TEST_STEP][PASSED] - dataCompareAPK2 = findTestData("dt-2/dt_APK"): null

2020-11-11 09:20:28 - [TEST_STEP][PASSED] - strNoAPK2 = dataCompareAPK2.getValue("NO", excelRow): null

2020-11-11 09:20:28 - [TEST_STEP][PASSED] - comparePS.ProposalASL1.ComparePS(strNoAPK2, excelRow): comparePS.ProposalASL1.ComparePS is PASSED

2020-11-11 09:20:28 - [MESSAGE][PASSED] - comparePS.ProposalASL1.ComparePS is PASSED

2020-11-11 09:20:28 - [TEST_STEP][PASSED] - comparePS.KeywordPS.callStatus(strNoAPK2, "sheetAPK2", 17): comparePS.KeywordPS.callStatus is PASSED

2020-11-11 09:20:28 - [MESSAGE][PASSED] - comparePS.KeywordPS.callStatus is PASSED

2020-11-11 09:20:28 - [TEST_STEP][PASSED] - runTime.reset(): null

2020-11-11 09:20:28 - [TEST_STEP][PASSED] - runTime.start(): null

2020-11-11 09:20:28 - [TEST_STEP][PASSED] - dataCompareAPK2 = findTestData("dt-2/dt_APK"): null

2020-11-11 09:20:28 - [TEST_STEP][PASSED] - strNoAPK2 = dataCompareAPK2.getValue("NO", excelRow): null

2020-11-11 09:20:28 - [TEST_STEP][PASSED] - comparePS.ProposalASL1.ComparePS(strNoAPK2, excelRow): comparePS.ProposalASL1.ComparePS is PASSED

2020-11-11 09:20:29 - [MESSAGE][PASSED] - comparePS.ProposalASL1.ComparePS is PASSED

2020-11-11 09:20:29 - [TEST_STEP][PASSED] - comparePS.KeywordPS.callStatus(strNoAPK2, "sheetAPK2", 17): comparePS.KeywordPS.callStatus is PASSED

2020-11-11 09:20:29 - [MESSAGE][PASSED] - comparePS.KeywordPS.callStatus is PASSED

2020-11-11 09:20:29 - [TEST_STEP][PASSED] - runTime.reset(): null

2020-11-11 09:20:29 - [TEST_STEP][PASSED] - runTime.start(): null

2020-11-11 09:20:29 - [TEST_STEP][PASSED] - dataCompareAPK2 = findTestData("dt-2/dt_APK"): null

2020-11-11 09:20:29 - [TEST_STEP][PASSED] - strNoAPK2 = dataCompareAPK2.getValue("NO", excelRow): null

2020-11-11 09:20:29 - [TEST_STEP][PASSED] - comparePS.ProposalASL1.ComparePS(strNoAPK2, excelRow): comparePS.ProposalASL1.ComparePS is PASSED

2020-11-11 09:20:29 - [MESSAGE][PASSED] - comparePS.ProposalASL1.ComparePS is PASSED

2020-11-11 09:20:29 - [TEST_STEP][PASSED] - comparePS.KeywordPS.callStatus(strNoAPK2, "sheetAPK2", 17): comparePS.KeywordPS.callStatus is PASSED

2020-11-11 09:20:29 - [MESSAGE][PASSED] - comparePS.KeywordPS.callStatus is PASSED

2020-11-11 09:20:29 - [TEST_STEP][PASSED] - runTime.reset(): null

2020-11-11 09:20:29 - [TEST_STEP][PASSED] - runTime.start(): null

2020-11-11 09:20:29 - [TEST_STEP][PASSED] - dataCompareAPK2 = findTestData("dt-2/dt_APK"): null

2020-11-11 09:20:29 - [TEST_STEP][PASSED] - strNoAPK2 = dataCompareAPK2.getValue("NO", excelRow): null

2020-11-11 09:20:29 - [TEST_STEP][PASSED] - comparePS.ProposalASL1.ComparePS(strNoAPK2, excelRow): comparePS.ProposalASL1.ComparePS is PASSED

2020-11-11 09:20:30 - [MESSAGE][PASSED] - comparePS.ProposalASL1.ComparePS is PASSED

2020-11-11 09:20:30 - [TEST_STEP][PASSED] - comparePS.KeywordPS.callStatus(strNoAPK2, "sheetAPK2", 17): comparePS.KeywordPS.callStatus is PASSED

2020-11-11 09:20:30 - [MESSAGE][PASSED] - comparePS.KeywordPS.callStatus is PASSED

2020-11-11 09:20:30 - [TEST_STEP][PASSED] - runTime.reset(): null

2020-11-11 09:20:30 - [TEST_STEP][PASSED] - runTime.start(): null

2020-11-11 09:20:30 - [TEST_STEP][PASSED] - dataCompareAPK2 = findTestData("dt-2/dt_APK"): null

2020-11-11 09:20:30 - [TEST_STEP][PASSED] - strNoAPK2 = dataCompareAPK2.getValue("NO", excelRow): null

2020-11-11 09:20:30 - [TEST_STEP][PASSED] - comparePS.ProposalASL1.ComparePS(strNoAPK2, excelRow): comparePS.ProposalASL1.ComparePS is PASSED

2020-11-11 09:20:30 - [MESSAGE][PASSED] - comparePS.ProposalASL1.ComparePS is PASSED

2020-11-11 09:20:30 - [TEST_STEP][PASSED] - comparePS.KeywordPS.callStatus(strNoAPK2, "sheetAPK2", 17): comparePS.KeywordPS.callStatus is PASSED

2020-11-11 09:20:31 - [MESSAGE][PASSED] - comparePS.KeywordPS.callStatus is PASSED

2020-11-11 09:20:31 - [TEST_STEP][PASSED] - runTime.reset(): null

2020-11-11 09:20:31 - [TEST_STEP][PASSED] - runTime.start(): null

2020-11-11 09:20:31 - [TEST_STEP][PASSED] - dataCompareAPK2 = findTestData("dt-2/dt_APK"): null

2020-11-11 09:20:31 - [TEST_STEP][PASSED] - strNoAPK2 = dataCompareAPK2.getValue("NO", excelRow): null

2020-11-11 09:20:31 - [TEST_STEP][PASSED] - comparePS.ProposalASL1.ComparePS(strNoAPK2, excelRow): comparePS.ProposalASL1.ComparePS is PASSED

2020-11-11 09:20:31 - [MESSAGE][PASSED] - comparePS.ProposalASL1.ComparePS is PASSED

2020-11-11 09:20:31 - [TEST_STEP][PASSED] - comparePS.KeywordPS.callStatus(strNoAPK2, "sheetAPK2", 17): comparePS.KeywordPS.callStatus is PASSED

2020-11-11 09:20:31 - [MESSAGE][PASSED] - comparePS.KeywordPS.callStatus is PASSED

2020-11-11 09:20:31 - [TEST_STEP][PASSED] - runTime.reset(): null

2020-11-11 09:20:31 - [TEST_STEP][PASSED] - runTime.start(): null

2020-11-11 09:20:31 - [TEST_STEP][PASSED] - dataCompareAPK2 = findTestData("dt-2/dt_APK"): null

2020-11-11 09:20:31 - [TEST_STEP][PASSED] - strNoAPK2 = dataCompareAPK2.getValue("NO", excelRow): null

2020-11-11 09:20:31 - [TEST_STEP][PASSED] - comparePS.ProposalASL1.ComparePS(strNoAPK2, excelRow): comparePS.ProposalASL1.ComparePS is PASSED

2020-11-11 09:20:32 - [MESSAGE][PASSED] - comparePS.ProposalASL1.ComparePS is PASSED

2020-11-11 09:20:32 - [TEST_STEP][PASSED] - comparePS.KeywordPS.callStatus(strNoAPK2, "sheetAPK2", 17): comparePS.KeywordPS.callStatus is PASSED

2020-11-11 09:20:32 - [MESSAGE][PASSED] - comparePS.KeywordPS.callStatus is PASSED

2020-11-11 09:20:32 - [TEST_STEP][PASSED] - runTime.reset(): null

2020-11-11 09:20:32 - [TEST_STEP][PASSED] - runTime.start(): null

2020-11-11 09:20:32 - [TEST_STEP][PASSED] - dataCompareAPK2 = findTestData("dt-2/dt_APK"): null

2020-11-11 09:20:32 - [TEST_STEP][PASSED] - strNoAPK2 = dataCompareAPK2.getValue("NO", excelRow): null

2020-11-11 09:20:32 - [TEST_STEP][PASSED] - comparePS.ProposalASL1.ComparePS(strNoAPK2, excelRow): comparePS.ProposalASL1.ComparePS is PASSED

2020-11-11 09:20:32 - [MESSAGE][PASSED] - comparePS.ProposalASL1.ComparePS is PASSED

2020-11-11 09:20:32 - [TEST_STEP][PASSED] - comparePS.KeywordPS.callStatus(strNoAPK2, "sheetAPK2", 17): comparePS.KeywordPS.callStatus is PASSED

2020-11-11 09:20:32 - [MESSAGE][PASSED] - comparePS.KeywordPS.callStatus is PASSED

2020-11-11 09:20:32 - [TEST_STEP][PASSED] - runTime.reset(): null

2020-11-11 09:20:32 - [TEST_STEP][PASSED] - runTime.start(): null

2020-11-11 09:20:32 - [TEST_STEP][PASSED] - dataCompareAPK2 = findTestData("dt-2/dt_APK"): null

2020-11-11 09:20:32 - [TEST_STEP][PASSED] - strNoAPK2 = dataCompareAPK2.getValue("NO", excelRow): null

2020-11-11 09:20:32 - [TEST_STEP][PASSED] - comparePS.ProposalASL1.ComparePS(strNoAPK2, excelRow): comparePS.ProposalASL1.ComparePS is PASSED

2020-11-11 09:20:32 - [MESSAGE][PASSED] - comparePS.ProposalASL1.ComparePS is PASSED

2020-11-11 09:20:32 - [TEST_STEP][PASSED] - comparePS.KeywordPS.callStatus(strNoAPK2, "sheetAPK2", 17): comparePS.KeywordPS.callStatus is PASSED

2020-11-11 09:20:33 - [MESSAGE][PASSED] - comparePS.KeywordPS.callStatus is PASSED

2020-11-11 09:20:33 - [TEST_STEP][PASSED] - runTime.reset(): null

2020-11-11 09:20:33 - [TEST_STEP][PASSED] - runTime.start(): null

2020-11-11 09:20:33 - [TEST_STEP][PASSED] - dataCompareAPK2 = findTestData("dt-2/dt_APK"): null

2020-11-11 09:20:33 - [TEST_STEP][PASSED] - strNoAPK2 = dataCompareAPK2.getValue("NO", excelRow): null

2020-11-11 09:20:33 - [TEST_STEP][PASSED] - comparePS.ProposalASL1.ComparePS(strNoAPK2, excelRow): comparePS.ProposalASL1.ComparePS is PASSED

2020-11-11 09:20:33 - [MESSAGE][PASSED] - comparePS.ProposalASL1.ComparePS is PASSED

2020-11-11 09:20:33 - [TEST_STEP][PASSED] - comparePS.KeywordPS.callStatus(strNoAPK2, "sheetAPK2", 17): comparePS.KeywordPS.callStatus is PASSED

2020-11-11 09:20:33 - [MESSAGE][PASSED] - comparePS.KeywordPS.callStatus is PASSED

2020-11-11 09:20:33 - [TEST_STEP][PASSED] - runTime.reset(): null

2020-11-11 09:20:33 - [TEST_STEP][PASSED] - runTime.start(): null

2020-11-11 09:20:33 - [TEST_STEP][PASSED] - dataCompareAPK2 = findTestData("dt-2/dt_APK"): null

2020-11-11 09:20:33 - [TEST_STEP][PASSED] - strNoAPK2 = dataCompareAPK2.getValue("NO", excelRow): null

2020-11-11 09:20:33 - [TEST_STEP][PASSED] - comparePS.ProposalASL1.ComparePS(strNoAPK2, excelRow): comparePS.ProposalASL1.ComparePS is PASSED

2020-11-11 09:20:33 - [MESSAGE][PASSED] - comparePS.ProposalASL1.ComparePS is PASSED

2020-11-11 09:20:33 - [TEST_STEP][PASSED] - comparePS.KeywordPS.callStatus(strNoAPK2, "sheetAPK2", 17): comparePS.KeywordPS.callStatus is PASSED

2020-11-11 09:20:33 - [MESSAGE][PASSED] - comparePS.KeywordPS.callStatus is PASSED

2020-11-11 09:20:33 - [TEST_STEP][PASSED] - runTime.reset(): null

2020-11-11 09:20:33 - [TEST_STEP][PASSED] - runTime.start(): null

2020-11-11 09:20:33 - [TEST_STEP][PASSED] - dataCompareAPK2 = findTestData("dt-2/dt_APK"): null

2020-11-11 09:20:33 - [TEST_STEP][PASSED] - strNoAPK2 = dataCompareAPK2.getValue("NO", excelRow): null

2020-11-11 09:20:33 - [TEST_STEP][PASSED] - comparePS.ProposalASL1.ComparePS(strNoAPK2, excelRow): comparePS.ProposalASL1.ComparePS is PASSED

2020-11-11 09:20:34 - [MESSAGE][PASSED] - comparePS.ProposalASL1.ComparePS is PASSED

2020-11-11 09:20:34 - [TEST_STEP][PASSED] - comparePS.KeywordPS.callStatus(strNoAPK2, "sheetAPK2", 17): comparePS.KeywordPS.callStatus is PASSED

2020-11-11 09:20:34 - [MESSAGE][PASSED] - comparePS.KeywordPS.callStatus is PASSED

2020-11-11 09:20:34 - [TEST_STEP][PASSED] - runTime.reset(): null

2020-11-11 09:20:34 - [TEST_STEP][PASSED] - runTime.start(): null

2020-11-11 09:20:34 - [TEST_STEP][PASSED] - dataCompareAPK2 = findTestData("dt-2/dt_APK"): null

2020-11-11 09:20:34 - [TEST_STEP][PASSED] - strNoAPK2 = dataCompareAPK2.getValue("NO", excelRow): null

2020-11-11 09:20:34 - [TEST_STEP][PASSED] - comparePS.ProposalASL1.ComparePS(strNoAPK2, excelRow): comparePS.ProposalASL1.ComparePS is PASSED

2020-11-11 09:20:34 - [MESSAGE][PASSED] - comparePS.ProposalASL1.ComparePS is PASSED

2020-11-11 09:20:34 - [TEST_STEP][PASSED] - comparePS.KeywordPS.callStatus(strNoAPK2, "sheetAPK2", 17): comparePS.KeywordPS.callStatus is PASSED

2020-11-11 09:20:34 - [MESSAGE][PASSED] - comparePS.KeywordPS.callStatus is PASSED

2020-11-11 09:20:34 - [TEST_STEP][PASSED] - runTime.reset(): null

2020-11-11 09:20:34 - [TEST_STEP][PASSED] - runTime.start(): null

2020-11-11 09:20:34 - [TEST_STEP][PASSED] - dataCompareAPK2 = findTestData("dt-2/dt_APK"): null

2020-11-11 09:20:34 - [TEST_STEP][PASSED] - strNoAPK2 = dataCompareAPK2.getValue("NO", excelRow): null

2020-11-11 09:20:34 - [TEST_STEP][PASSED] - comparePS.ProposalASL1.ComparePS(strNoAPK2, excelRow): comparePS.ProposalASL1.ComparePS is PASSED

2020-11-11 09:20:34 - [MESSAGE][PASSED] - comparePS.ProposalASL1.ComparePS is PASSED

2020-11-11 09:20:34 - [TEST_STEP][PASSED] - comparePS.KeywordPS.callStatus(strNoAPK2, "sheetAPK2", 17): comparePS.KeywordPS.callStatus is PASSED

2020-11-11 09:20:34 - [MESSAGE][PASSED] - comparePS.KeywordPS.callStatus is PASSED

2020-11-11 09:20:34 - [TEST_STEP][PASSED] - runTime.reset(): null

2020-11-11 09:20:34 - [TEST_STEP][PASSED] - runTime.start(): null

2020-11-11 09:20:34 - [TEST_STEP][PASSED] - dataCompareAPK2 = findTestData("dt-2/dt_APK"): null

2020-11-11 09:20:35 - [TEST_STEP][PASSED] - strNoAPK2 = dataCompareAPK2.getValue("NO", excelRow): null

2020-11-11 09:20:35 - [TEST_STEP][PASSED] - comparePS.ProposalASL1.ComparePS(strNoAPK2, excelRow): comparePS.ProposalASL1.ComparePS is PASSED

2020-11-11 09:20:35 - [MESSAGE][PASSED] - comparePS.ProposalASL1.ComparePS is PASSED

2020-11-11 09:20:35 - [TEST_STEP][PASSED] - comparePS.KeywordPS.callStatus(strNoAPK2, "sheetAPK2", 17): comparePS.KeywordPS.callStatus is PASSED

2020-11-11 09:20:35 - [MESSAGE][PASSED] - comparePS.KeywordPS.callStatus is PASSED

2020-11-11 09:20:35 - [TEST_STEP][PASSED] - runTime.reset(): null

2020-11-11 09:20:35 - [TEST_STEP][PASSED] - runTime.start(): null

2020-11-11 09:20:35 - [TEST_STEP][PASSED] - dataCompareAPK2 = findTestData("dt-2/dt_APK"): null

2020-11-11 09:20:35 - [TEST_STEP][PASSED] - strNoAPK2 = dataCompareAPK2.getValue("NO", excelRow): null

2020-11-11 09:20:35 - [TEST_STEP][PASSED] - comparePS.ProposalASL1.ComparePS(strNoAPK2, excelRow): comparePS.ProposalASL1.ComparePS is PASSED

2020-11-11 09:20:35 - [MESSAGE][PASSED] - comparePS.ProposalASL1.ComparePS is PASSED

2020-11-11 09:20:35 - [TEST_STEP][PASSED] - comparePS.KeywordPS.callStatus(strNoAPK2, "sheetAPK2", 17): comparePS.KeywordPS.callStatus is PASSED

2020-11-11 09:20:35 - [MESSAGE][PASSED] - comparePS.KeywordPS.callStatus is PASSED

2020-11-11 09:20:35 - [TEST_STEP][PASSED] - runTime.reset(): null

2020-11-11 09:20:35 - [TEST_STEP][PASSED] - runTime.start(): null

2020-11-11 09:20:35 - [TEST_STEP][PASSED] - dataCompareAPK2 = findTestData("dt-2/dt_APK"): null

2020-11-11 09:20:35 - [TEST_STEP][PASSED] - strNoAPK2 = dataCompareAPK2.getValue("NO", excelRow): null

2020-11-11 09:20:35 - [TEST_STEP][PASSED] - comparePS.ProposalASL1.ComparePS(strNoAPK2, excelRow): comparePS.ProposalASL1.ComparePS is PASSED

2020-11-11 09:20:35 - [MESSAGE][PASSED] - comparePS.ProposalASL1.ComparePS is PASSED

2020-11-11 09:20:35 - [TEST_STEP][PASSED] - comparePS.KeywordPS.callStatus(strNoAPK2, "sheetAPK2", 17): comparePS.KeywordPS.callStatus is PASSED

2020-11-11 09:20:35 - [MESSAGE][PASSED] - comparePS.KeywordPS.callStatus is PASSED

2020-11-11 09:20:35 - [TEST_STEP][PASSED] - runTime.reset(): null

2020-11-11 09:20:35 - [TEST_STEP][PASSED] - runTime.start(): null

2020-11-11 09:20:35 - [TEST_STEP][PASSED] - dataCompareAPK2 = findTestData("dt-2/dt_APK"): null

2020-11-11 09:20:36 - [TEST_STEP][PASSED] - strNoAPK2 = dataCompareAPK2.getValue("NO", excelRow): null

2020-11-11 09:20:36 - [TEST_STEP][PASSED] - comparePS.ProposalASL1.ComparePS(strNoAPK2, excelRow): comparePS.ProposalASL1.ComparePS is PASSED

2020-11-11 09:20:36 - [MESSAGE][PASSED] - comparePS.ProposalASL1.ComparePS is PASSED

2020-11-11 09:20:36 - [TEST_STEP][PASSED] - comparePS.KeywordPS.callStatus(strNoAPK2, "sheetAPK2", 17): comparePS.KeywordPS.callStatus is PASSED

2020-11-11 09:20:36 - [MESSAGE][PASSED] - comparePS.KeywordPS.callStatus is PASSED

2020-11-11 09:20:36 - [TEST_STEP][PASSED] - runTime.reset(): null

2020-11-11 09:20:36 - [TEST_STEP][PASSED] - runTime.start(): null

2020-11-11 09:20:36 - [TEST_STEP][PASSED] - dataCompareAPK2 = findTestData("dt-2/dt_APK"): null

2020-11-11 09:20:36 - [TEST_STEP][PASSED] - strNoAPK2 = dataCompareAPK2.getValue("NO", excelRow): null

2020-11-11 09:20:36 - [TEST_STEP][PASSED] - comparePS.ProposalASL1.ComparePS(strNoAPK2, excelRow): comparePS.ProposalASL1.ComparePS is PASSED

2020-11-11 09:20:36 - [MESSAGE][PASSED] - comparePS.ProposalASL1.ComparePS is PASSED

2020-11-11 09:20:36 - [TEST_STEP][PASSED] - comparePS.KeywordPS.callStatus(strNoAPK2, "sheetAPK2", 17): comparePS.KeywordPS.callStatus is PASSED

2020-11-11 09:20:36 - [MESSAGE][PASSED] - comparePS.KeywordPS.callStatus is PASSED

2020-11-11 09:20:36 - [TEST_STEP][PASSED] - runTime.reset(): null

2020-11-11 09:20:36 - [TEST_STEP][PASSED] - runTime.start(): null

2020-11-11 09:20:36 - [TEST_STEP][PASSED] - dataCompareAPK2 = findTestData("dt-2/dt_APK"): null

2020-11-11 09:20:36 - [TEST_STEP][PASSED] - strNoAPK2 = dataCompareAPK2.getValue("NO", excelRow): null

2020-11-11 09:20:36 - [TEST_STEP][PASSED] - comparePS.ProposalASL1.ComparePS(strNoAPK2, excelRow): comparePS.ProposalASL1.ComparePS is PASSED

2020-11-11 09:20:36 - [MESSAGE][PASSED] - comparePS.ProposalASL1.ComparePS is PASSED

2020-11-11 09:20:36 - [TEST_STEP][PASSED] - comparePS.KeywordPS.callStatus(strNoAPK2, "sheetAPK2", 17): comparePS.KeywordPS.callStatus is PASSED

2020-11-11 09:20:36 - [MESSAGE][PASSED] - comparePS.KeywordPS.callStatus is PASSED

2020-11-11 09:20:36 - [TEST_STEP][PASSED] - runTime.reset(): null

2020-11-11 09:20:36 - [TEST_STEP][PASSED] - runTime.start(): null

2020-11-11 09:20:36 - [TEST_STEP][PASSED] - dataCompareAPK2 = findTestData("dt-2/dt_APK"): null

2020-11-11 09:20:36 - [TEST_STEP][PASSED] - strNoAPK2 = dataCompareAPK2.getValue("NO", excelRow): null

2020-11-11 09:20:36 - [TEST_STEP][PASSED] - comparePS.ProposalASL1.ComparePS(strNoAPK2, excelRow): comparePS.ProposalASL1.ComparePS is PASSED

2020-11-11 09:20:37 - [MESSAGE][PASSED] - comparePS.ProposalASL1.ComparePS is PASSED

2020-11-11 09:20:37 - [TEST_STEP][PASSED] - comparePS.KeywordPS.callStatus(strNoAPK2, "sheetAPK2", 17): comparePS.KeywordPS.callStatus is PASSED

2020-11-11 09:20:37 - [MESSAGE][PASSED] - comparePS.KeywordPS.callStatus is PASSED

2020-11-11 09:20:37 - [TEST_STEP][PASSED] - runTime.reset(): null

2020-11-11 09:20:37 - [TEST_STEP][PASSED] - runTime.start(): null

2020-11-11 09:20:37 - [TEST_STEP][PASSED] - dataCompareAPK2 = findTestData("dt-2/dt_APK"): null

2020-11-11 09:20:37 - [TEST_STEP][PASSED] - strNoAPK2 = dataCompareAPK2.getValue("NO", excelRow): null

2020-11-11 09:20:37 - [TEST_STEP][PASSED] - comparePS.ProposalASL1.ComparePS(strNoAPK2, excelRow): comparePS.ProposalASL1.ComparePS is PASSED

2020-11-11 09:20:37 - [MESSAGE][PASSED] - comparePS.ProposalASL1.ComparePS is PASSED

2020-11-11 09:20:37 - [TEST_STEP][PASSED] - comparePS.KeywordPS.callStatus(strNoAPK2, "sheetAPK2", 17): comparePS.KeywordPS.callStatus is PASSED

2020-11-11 09:20:37 - [MESSAGE][PASSED] - comparePS.KeywordPS.callStatus is PASSED

2020-11-11 09:20:37 - [TEST_STEP][PASSED] - runTime.reset(): null

2020-11-11 09:20:37 - [TEST_STEP][PASSED] - runTime.start(): null

2020-11-11 09:20:37 - [TEST_STEP][PASSED] - dataCompareAPK2 = findTestData("dt-2/dt_APK"): null

2020-11-11 09:20:37 - [TEST_STEP][PASSED] - strNoAPK2 = dataCompareAPK2.getValue("NO", excelRow): null

2020-11-11 09:20:37 - [TEST_STEP][PASSED] - comparePS.ProposalASL1.ComparePS(strNoAPK2, excelRow): comparePS.ProposalASL1.ComparePS is PASSED

2020-11-11 09:20:37 - [MESSAGE][PASSED] - comparePS.ProposalASL1.ComparePS is PASSED

2020-11-11 09:20:37 - [TEST_STEP][PASSED] - comparePS.KeywordPS.callStatus(strNoAPK2, "sheetAPK2", 17): comparePS.KeywordPS.callStatus is PASSED

2020-11-11 09:20:37 - [MESSAGE][PASSED] - comparePS.KeywordPS.callStatus is PASSED

2020-11-11 09:20:37 - [TEST_STEP][PASSED] - runTime.reset(): null

2020-11-11 09:20:37 - [TEST_STEP][PASSED] - runTime.start(): null

2020-11-11 09:20:37 - [TEST_STEP][PASSED] - dataCompareAPK2 = findTestData("dt-2/dt_APK"): null

2020-11-11 09:20:37 - [TEST_STEP][PASSED] - strNoAPK2 = dataCompareAPK2.getValue("NO", excelRow): null

2020-11-11 09:20:37 - [TEST_STEP][PASSED] - comparePS.ProposalASL1.ComparePS(strNoAPK2, excelRow): comparePS.ProposalASL1.ComparePS is PASSED

2020-11-11 09:20:38 - [MESSAGE][PASSED] - comparePS.ProposalASL1.ComparePS is PASSED

2020-11-11 09:20:38 - [TEST_STEP][PASSED] - comparePS.KeywordPS.callStatus(strNoAPK2, "sheetAPK2", 17): comparePS.KeywordPS.callStatus is PASSED

2020-11-11 09:20:38 - [MESSAGE][PASSED] - comparePS.KeywordPS.callStatus is PASSED

2020-11-11 09:20:38 - [TEST_STEP][PASSED] - runTime.reset(): null

2020-11-11 09:20:38 - [TEST_STEP][PASSED] - runTime.start(): null

2020-11-11 09:20:38 - [TEST_STEP][PASSED] - dataCompareAPK2 = findTestData("dt-2/dt_APK"): null

2020-11-11 09:20:38 - [TEST_STEP][PASSED] - strNoAPK2 = dataCompareAPK2.getValue("NO", excelRow): null

2020-11-11 09:20:38 - [TEST_STEP][PASSED] - comparePS.ProposalASL1.ComparePS(strNoAPK2, excelRow): comparePS.ProposalASL1.ComparePS is PASSED

2020-11-11 09:20:38 - [MESSAGE][PASSED] - comparePS.ProposalASL1.ComparePS is PASSED

2020-11-11 09:20:38 - [TEST_STEP][PASSED] - comparePS.KeywordPS.callStatus(strNoAPK2, "sheetAPK2", 17): comparePS.KeywordPS.callStatus is PASSED

2020-11-11 09:20:38 - [MESSAGE][PASSED] - comparePS.KeywordPS.callStatus is PASSED

2020-11-11 09:20:38 - [TEST_STEP][PASSED] - runTime.reset(): null

2020-11-11 09:20:38 - [TEST_STEP][PASSED] - runTime.start(): null

2020-11-11 09:20:38 - [TEST_STEP][PASSED] - dataCompareAPK2 = findTestData("dt-2/dt_APK"): null

2020-11-11 09:20:38 - [TEST_STEP][PASSED] - strNoAPK2 = dataCompareAPK2.getValue("NO", excelRow): null

2020-11-11 09:20:38 - [TEST_STEP][PASSED] - comparePS.ProposalASL1.ComparePS(strNoAPK2, excelRow): comparePS.ProposalASL1.ComparePS is PASSED

2020-11-11 09:20:38 - [MESSAGE][PASSED] - comparePS.ProposalASL1.ComparePS is PASSED

2020-11-11 09:20:38 - [TEST_STEP][PASSED] - comparePS.KeywordPS.callStatus(strNoAPK2, "sheetAPK2", 17): comparePS.KeywordPS.callStatus is PASSED

2020-11-11 09:20:38 - [MESSAGE][PASSED] - comparePS.KeywordPS.callStatus is PASSED

2020-11-11 09:20:38 - [TEST_STEP][PASSED] - runTime.reset(): null

2020-11-11 09:20:38 - [TEST_STEP][PASSED] - runTime.start(): null

2020-11-11 09:20:38 - [TEST_STEP][PASSED] - dataCompareAPK2 = findTestData("dt-2/dt_APK"): null

2020-11-11 09:20:38 - [TEST_STEP][PASSED] - strNoAPK2 = dataCompareAPK2.getValue("NO", excelRow): null

2020-11-11 09:20:38 - [TEST_STEP][PASSED] - comparePS.ProposalASL1.ComparePS(strNoAPK2, excelRow): comparePS.ProposalASL1.ComparePS is PASSED

2020-11-11 09:20:38 - [MESSAGE][PASSED] - comparePS.ProposalASL1.ComparePS is PASSED

2020-11-11 09:20:38 - [TEST_STEP][PASSED] - comparePS.KeywordPS.callStatus(strNoAPK2, "sheetAPK2", 17): comparePS.KeywordPS.callStatus is PASSED

2020-11-11 09:20:39 - [MESSAGE][PASSED] - comparePS.KeywordPS.callStatus is PASSED

2020-11-11 09:20:39 - [TEST_STEP][PASSED] - runTime.reset(): null

2020-11-11 09:20:39 - [TEST_STEP][PASSED] - runTime.start(): null

2020-11-11 09:20:39 - [TEST_STEP][PASSED] - dataCompareAPK2 = findTestData("dt-2/dt_APK"): null

2020-11-11 09:20:39 - [TEST_STEP][PASSED] - strNoAPK2 = dataCompareAPK2.getValue("NO", excelRow): null

2020-11-11 09:20:39 - [TEST_STEP][PASSED] - comparePS.ProposalASL1.ComparePS(strNoAPK2, excelRow): comparePS.ProposalASL1.ComparePS is PASSED

2020-11-11 09:20:39 - [MESSAGE][PASSED] - comparePS.ProposalASL1.ComparePS is PASSED

2020-11-11 09:20:39 - [TEST_STEP][PASSED] - comparePS.KeywordPS.callStatus(strNoAPK2, "sheetAPK2", 17): comparePS.KeywordPS.callStatus is PASSED

2020-11-11 09:20:39 - [MESSAGE][PASSED] - comparePS.KeywordPS.callStatus is PASSED

2020-11-11 09:20:39 - [TEST_STEP][PASSED] - runTime.reset(): null

2020-11-11 09:20:39 - [TEST_STEP][PASSED] - runTime.start(): null

2020-11-11 09:20:39 - [TEST_STEP][PASSED] - dataCompareAPK2 = findTestData("dt-2/dt_APK"): null

2020-11-11 09:20:39 - [TEST_STEP][PASSED] - strNoAPK2 = dataCompareAPK2.getValue("NO", excelRow): null

2020-11-11 09:20:39 - [TEST_STEP][PASSED] - comparePS.ProposalASL1.ComparePS(strNoAPK2, excelRow): comparePS.ProposalASL1.ComparePS is PASSED

2020-11-11 09:20:39 - [MESSAGE][PASSED] - comparePS.ProposalASL1.ComparePS is PASSED

2020-11-11 09:20:39 - [TEST_STEP][PASSED] - comparePS.KeywordPS.callStatus(strNoAPK2, "sheetAPK2", 17): comparePS.KeywordPS.callStatus is PASSED

2020-11-11 09:20:39 - [MESSAGE][PASSED] - comparePS.KeywordPS.callStatus is PASSED

2020-11-11 09:20:39 - [TEST_STEP][PASSED] - runTime.reset(): null

2020-11-11 09:20:39 - [TEST_STEP][PASSED] - runTime.start(): null

2020-11-11 09:20:39 - [TEST_STEP][PASSED] - dataCompareAPK2 = findTestData("dt-2/dt_APK"): null

2020-11-11 09:20:39 - [TEST_STEP][PASSED] - strNoAPK2 = dataCompareAPK2.getValue("NO", excelRow): null

2020-11-11 09:20:39 - [TEST_STEP][PASSED] - comparePS.ProposalASL1.ComparePS(strNoAPK2, excelRow): comparePS.ProposalASL1.ComparePS is PASSED

2020-11-11 09:20:39 - [MESSAGE][PASSED] - comparePS.ProposalASL1.ComparePS is PASSED

2020-11-11 09:20:39 - [TEST_STEP][PASSED] - comparePS.KeywordPS.callStatus(strNoAPK2, "sheetAPK2", 17): comparePS.KeywordPS.callStatus is PASSED

2020-11-11 09:20:40 - [MESSAGE][PASSED] - comparePS.KeywordPS.callStatus is PASSED

2020-11-11 09:20:40 - [TEST_STEP][PASSED] - runTime.reset(): null

2020-11-11 09:20:40 - [TEST_STEP][PASSED] - runTime.start(): null

2020-11-11 09:20:40 - [TEST_STEP][PASSED] - dataCompareAPK2 = findTestData("dt-2/dt_APK"): null

2020-11-11 09:20:40 - [TEST_STEP][PASSED] - strNoAPK2 = dataCompareAPK2.getValue("NO", excelRow): null

2020-11-11 09:20:40 - [TEST_STEP][PASSED] - comparePS.ProposalASL1.ComparePS(strNoAPK2, excelRow): comparePS.ProposalASL1.ComparePS is PASSED

2020-11-11 09:20:40 - [MESSAGE][PASSED] - comparePS.ProposalASL1.ComparePS is PASSED

2020-11-11 09:20:40 - [TEST_STEP][PASSED] - comparePS.KeywordPS.callStatus(strNoAPK2, "sheetAPK2", 17): comparePS.KeywordPS.callStatus is PASSED

2020-11-11 09:20:40 - [MESSAGE][PASSED] - comparePS.KeywordPS.callStatus is PASSED

2020-11-11 09:20:40 - [TEST_STEP][PASSED] - runTime.reset(): null

2020-11-11 09:20:40 - [TEST_STEP][PASSED] - runTime.start(): null

2020-11-11 09:20:40 - [TEST_STEP][PASSED] - dataCompareAPK2 = findTestData("dt-2/dt_APK"): null

2020-11-11 09:20:40 - [TEST_STEP][PASSED] - strNoAPK2 = dataCompareAPK2.getValue("NO", excelRow): null

2020-11-11 09:20:40 - [TEST_STEP][PASSED] - comparePS.ProposalASL1.ComparePS(strNoAPK2, excelRow): comparePS.ProposalASL1.ComparePS is PASSED

2020-11-11 09:20:40 - [MESSAGE][PASSED] - comparePS.ProposalASL1.ComparePS is PASSED

2020-11-11 09:20:40 - [TEST_STEP][PASSED] - comparePS.KeywordPS.callStatus(strNoAPK2, "sheetAPK2", 17): comparePS.KeywordPS.callStatus is PASSED

2020-11-11 09:20:40 - [MESSAGE][PASSED] - comparePS.KeywordPS.callStatus is PASSED

2020-11-11 09:20:40 - [TEST_STEP][PASSED] - runTime.reset(): null

2020-11-11 09:20:40 - [TEST_STEP][PASSED] - runTime.start(): null

2020-11-11 09:20:40 - [TEST_STEP][PASSED] - dataCompareAPK2 = findTestData("dt-2/dt_APK"): null

2020-11-11 09:20:41 - [TEST_STEP][PASSED] - strNoAPK2 = dataCompareAPK2.getValue("NO", excelRow): null

2020-11-11 09:20:41 - [TEST_STEP][PASSED] - comparePS.ProposalASL1.ComparePS(strNoAPK2, excelRow): comparePS.ProposalASL1.ComparePS is PASSED

2020-11-11 09:20:41 - [MESSAGE][PASSED] - comparePS.ProposalASL1.ComparePS is PASSED

2020-11-11 09:20:41 - [TEST_STEP][PASSED] - comparePS.KeywordPS.callStatus(strNoAPK2, "sheetAPK2", 17): comparePS.KeywordPS.callStatus is PASSED

2020-11-11 09:20:41 - [MESSAGE][PASSED] - comparePS.KeywordPS.callStatus is PASSED

2020-11-11 09:20:41 - [TEST_STEP][PASSED] - runTime.reset(): null

2020-11-11 09:20:41 - [TEST_STEP][PASSED] - runTime.start(): null

2020-11-11 09:20:41 - [TEST_STEP][PASSED] - dataCompareAPK2 = findTestData("dt-2/dt_APK"): null

2020-11-11 09:20:41 - [TEST_STEP][PASSED] - strNoAPK2 = dataCompareAPK2.getValue("NO", excelRow): null

2020-11-11 09:20:41 - [TEST_STEP][PASSED] - comparePS.ProposalASL1.ComparePS(strNoAPK2, excelRow): comparePS.ProposalASL1.ComparePS is PASSED

2020-11-11 09:20:41 - [MESSAGE][PASSED] - comparePS.ProposalASL1.ComparePS is PASSED

2020-11-11 09:20:41 - [TEST_STEP][PASSED] - comparePS.KeywordPS.callStatus(strNoAPK2, "sheetAPK2", 17): comparePS.KeywordPS.callStatus is PASSED

2020-11-11 09:20:41 - [MESSAGE][PASSED] - comparePS.KeywordPS.callStatus is PASSED

2020-11-11 09:20:41 - [TEST_STEP][PASSED] - runTime.reset(): null

2020-11-11 09:20:41 - [TEST_STEP][PASSED] - runTime.start(): null

2020-11-11 09:20:41 - [TEST_STEP][PASSED] - dataCompareAPK2 = findTestData("dt-2/dt_APK"): null

2020-11-11 09:20:41 - [TEST_STEP][PASSED] - strNoAPK2 = dataCompareAPK2.getValue("NO", excelRow): null

2020-11-11 09:20:41 - [TEST_STEP][PASSED] - comparePS.ProposalASL1.ComparePS(strNoAPK2, excelRow): comparePS.ProposalASL1.ComparePS is PASSED

2020-11-11 09:20:41 - [MESSAGE][PASSED] - comparePS.ProposalASL1.ComparePS is PASSED

2020-11-11 09:20:41 - [TEST_STEP][PASSED] - comparePS.KeywordPS.callStatus(strNoAPK2, "sheetAPK2", 17): comparePS.KeywordPS.callStatus is PASSED

2020-11-11 09:20:42 - [MESSAGE][PASSED] - comparePS.KeywordPS.callStatus is PASSED

2020-11-11 09:20:42 - [TEST_STEP][PASSED] - runTime.reset(): null

2020-11-11 09:20:42 - [TEST_STEP][PASSED] - runTime.start(): null

2020-11-11 09:20:42 - [TEST_STEP][PASSED] - dataCompareAPK2 = findTestData("dt-2/dt_APK"): null

2020-11-11 09:20:42 - [TEST_STEP][PASSED] - strNoAPK2 = dataCompareAPK2.getValue("NO", excelRow): null

2020-11-11 09:20:42 - [TEST_STEP][PASSED] - comparePS.ProposalASL1.ComparePS(strNoAPK2, excelRow): comparePS.ProposalASL1.ComparePS is PASSED

2020-11-11 09:20:42 - [MESSAGE][PASSED] - comparePS.ProposalASL1.ComparePS is PASSED

2020-11-11 09:20:42 - [TEST_STEP][PASSED] - comparePS.KeywordPS.callStatus(strNoAPK2, "sheetAPK2", 17): comparePS.KeywordPS.callStatus is PASSED

2020-11-11 09:20:42 - [MESSAGE][PASSED] - comparePS.KeywordPS.callStatus is PASSED

2020-11-11 09:20:42 - [TEST_STEP][PASSED] - runTime.reset(): null

2020-11-11 09:20:42 - [TEST_STEP][PASSED] - runTime.start(): null

2020-11-11 09:20:42 - [TEST_STEP][PASSED] - dataCompareAPK2 = findTestData("dt-2/dt_APK"): null

2020-11-11 09:20:42 - [TEST_STEP][PASSED] - strNoAPK2 = dataCompareAPK2.getValue("NO", excelRow): null

2020-11-11 09:20:42 - [TEST_STEP][PASSED] - comparePS.ProposalASL1.ComparePS(strNoAPK2, excelRow): comparePS.ProposalASL1.ComparePS is PASSED

2020-11-11 09:20:42 - [MESSAGE][PASSED] - comparePS.ProposalASL1.ComparePS is PASSED

2020-11-11 09:20:42 - [TEST_STEP][PASSED] - comparePS.KeywordPS.callStatus(strNoAPK2, "sheetAPK2", 17): comparePS.KeywordPS.callStatus is PASSED

2020-11-11 09:20:42 - [MESSAGE][PASSED] - comparePS.KeywordPS.callStatus is PASSED

2020-11-11 09:20:42 - [TEST_STEP][PASSED] - runTime.reset(): null

2020-11-11 09:20:42 - [TEST_STEP][PASSED] - runTime.start(): null

2020-11-11 09:20:42 - [TEST_STEP][PASSED] - dataCompareAPK2 = findTestData("dt-2/dt_APK"): null

2020-11-11 09:20:42 - [TEST_STEP][PASSED] - strNoAPK2 = dataCompareAPK2.getValue("NO", excelRow): null

2020-11-11 09:20:42 - [TEST_STEP][PASSED] - comparePS.ProposalASL1.ComparePS(strNoAPK2, excelRow): comparePS.ProposalASL1.ComparePS is PASSED

2020-11-11 09:20:43 - [MESSAGE][PASSED] - comparePS.ProposalASL1.ComparePS is PASSED

2020-11-11 09:20:43 - [TEST_STEP][PASSED] - comparePS.KeywordPS.callStatus(strNoAPK2, "sheetAPK2", 17): comparePS.KeywordPS.callStatus is PASSED

2020-11-11 09:20:43 - [MESSAGE][PASSED] - comparePS.KeywordPS.callStatus is PASSED

2020-11-11 09:20:43 - [TEST_STEP][PASSED] - runTime.reset(): null

2020-11-11 09:20:43 - [TEST_STEP][PASSED] - runTime.start(): null

2020-11-11 09:20:43 - [TEST_STEP][PASSED] - dataCompareAPK2 = findTestData("dt-2/dt_APK"): null

2020-11-11 09:20:43 - [TEST_STEP][PASSED] - strNoAPK2 = dataCompareAPK2.getValue("NO", excelRow): null

2020-11-11 09:20:43 - [TEST_STEP][PASSED] - comparePS.ProposalASL1.ComparePS(strNoAPK2, excelRow): comparePS.ProposalASL1.ComparePS is PASSED

2020-11-11 09:20:43 - [MESSAGE][PASSED] - comparePS.ProposalASL1.ComparePS is PASSED

2020-11-11 09:20:43 - [TEST_STEP][PASSED] - comparePS.KeywordPS.callStatus(strNoAPK2, "sheetAPK2", 17): comparePS.KeywordPS.callStatus is PASSED

2020-11-11 09:20:43 - [MESSAGE][PASSED] - comparePS.KeywordPS.callStatus is PASSED

2020-11-11 09:20:43 - [TEST_STEP][PASSED] - runTime.reset(): null

2020-11-11 09:20:43 - [TEST_STEP][PASSED] - runTime.start(): null

2020-11-11 09:20:43 - [TEST_STEP][PASSED] - dataCompareAPK2 = findTestData("dt-2/dt_APK"): null

2020-11-11 09:20:43 - [TEST_STEP][PASSED] - strNoAPK2 = dataCompareAPK2.getValue("NO", excelRow): null

2020-11-11 09:20:43 - [TEST_STEP][PASSED] - comparePS.ProposalASL1.ComparePS(strNoAPK2, excelRow): comparePS.ProposalASL1.ComparePS is PASSED

2020-11-11 09:20:43 - [MESSAGE][PASSED] - comparePS.ProposalASL1.ComparePS is PASSED

2020-11-11 09:20:43 - [TEST_STEP][PASSED] - comparePS.KeywordPS.callStatus(strNoAPK2, "sheetAPK2", 17): comparePS.KeywordPS.callStatus is PASSED

2020-11-11 09:20:43 - [MESSAGE][PASSED] - comparePS.KeywordPS.callStatus is PASSED

2020-11-11 09:20:43 - [TEST_STEP][PASSED] - runTime.reset(): null

2020-11-11 09:20:43 - [TEST_STEP][PASSED] - runTime.start(): null

2020-11-11 09:20:43 - [TEST_STEP][PASSED] - dataCompareAPK2 = findTestData("dt-2/dt_APK"): null

2020-11-11 09:20:44 - [TEST_STEP][PASSED] - strNoAPK2 = dataCompareAPK2.getValue("NO", excelRow): null

2020-11-11 09:20:44 - [TEST_STEP][PASSED] - comparePS.ProposalASL1.ComparePS(strNoAPK2, excelRow): comparePS.ProposalASL1.ComparePS is PASSED

2020-11-11 09:20:44 - [MESSAGE][PASSED] - comparePS.ProposalASL1.ComparePS is PASSED

2020-11-11 09:20:44 - [TEST_STEP][PASSED] - comparePS.KeywordPS.callStatus(strNoAPK2, "sheetAPK2", 17): comparePS.KeywordPS.callStatus is PASSED

2020-11-11 09:20:44 - [MESSAGE][PASSED] - comparePS.KeywordPS.callStatus is PASSED

2020-11-11 09:20:44 - [TEST_STEP][PASSED] - runTime.reset(): null

2020-11-11 09:20:44 - [TEST_STEP][PASSED] - runTime.start(): null

2020-11-11 09:20:44 - [TEST_STEP][PASSED] - dataCompareAPK2 = findTestData("dt-2/dt_APK"): null

2020-11-11 09:20:44 - [TEST_STEP][PASSED] - strNoAPK2 = dataCompareAPK2.getValue("NO", excelRow): null

2020-11-11 09:20:44 - [TEST_STEP][PASSED] - comparePS.ProposalASL1.ComparePS(strNoAPK2, excelRow): comparePS.ProposalASL1.ComparePS is PASSED

2020-11-11 09:20:44 - [MESSAGE][PASSED] - comparePS.ProposalASL1.ComparePS is PASSED

2020-11-11 09:20:44 - [TEST_STEP][PASSED] - comparePS.KeywordPS.callStatus(strNoAPK2, "sheetAPK2", 17): comparePS.KeywordPS.callStatus is PASSED

2020-11-11 09:20:44 - [MESSAGE][PASSED] - comparePS.KeywordPS.callStatus is PASSED

2020-11-11 09:20:44 - [TEST_STEP][PASSED] - runTime.reset(): null

2020-11-11 09:20:44 - [TEST_STEP][PASSED] - runTime.start(): null

2020-11-11 09:20:44 - [TEST_STEP][PASSED] - dataCompareAPK2 = findTestData("dt-2/dt_APK"): null

2020-11-11 09:20:44 - [TEST_STEP][PASSED] - strNoAPK2 = dataCompareAPK2.getValue("NO", excelRow): null

2020-11-11 09:20:44 - [TEST_STEP][PASSED] - comparePS.ProposalASL1.ComparePS(strNoAPK2, excelRow): comparePS.ProposalASL1.ComparePS is PASSED

2020-11-11 09:20:44 - [MESSAGE][PASSED] - comparePS.ProposalASL1.ComparePS is PASSED

2020-11-11 09:20:44 - [TEST_STEP][PASSED] - comparePS.KeywordPS.callStatus(strNoAPK2, "sheetAPK2", 17): comparePS.KeywordPS.callStatus is PASSED

2020-11-11 09:20:45 - [MESSAGE][PASSED] - comparePS.KeywordPS.callStatus is PASSED

2020-11-11 09:20:45 - [TEST_STEP][PASSED] - runTime.reset(): null

2020-11-11 09:20:45 - [TEST_STEP][PASSED] - runTime.start(): null

2020-11-11 09:20:45 - [TEST_STEP][PASSED] - dataCompareAPK2 = findTestData("dt-2/dt_APK"): null

2020-11-11 09:20:45 - [TEST_STEP][PASSED] - strNoAPK2 = dataCompareAPK2.getValue("NO", excelRow): null

2020-11-11 09:20:45 - [TEST_STEP][PASSED] - comparePS.ProposalASL1.ComparePS(strNoAPK2, excelRow): comparePS.ProposalASL1.ComparePS is PASSED

2020-11-11 09:20:45 - [MESSAGE][PASSED] - comparePS.ProposalASL1.ComparePS is PASSED

2020-11-11 09:20:45 - [TEST_STEP][PASSED] - comparePS.KeywordPS.callStatus(strNoAPK2, "sheetAPK2", 17): comparePS.KeywordPS.callStatus is PASSED

2020-11-11 09:20:45 - [MESSAGE][PASSED] - comparePS.KeywordPS.callStatus is PASSED

2020-11-11 09:20:45 - [TEST_STEP][PASSED] - runTime.reset(): null

2020-11-11 09:20:45 - [TEST_STEP][PASSED] - runTime.start(): null

2020-11-11 09:20:45 - [TEST_STEP][PASSED] - dataCompareAPK2 = findTestData("dt-2/dt_APK"): null

2020-11-11 09:20:45 - [TEST_STEP][PASSED] - strNoAPK2 = dataCompareAPK2.getValue("NO", excelRow): null

2020-11-11 09:20:45 - [TEST_STEP][PASSED] - comparePS.ProposalASL1.ComparePS(strNoAPK2, excelRow): comparePS.ProposalASL1.ComparePS is PASSED

2020-11-11 09:20:45 - [MESSAGE][PASSED] - comparePS.ProposalASL1.ComparePS is PASSED

2020-11-11 09:20:45 - [TEST_STEP][PASSED] - comparePS.KeywordPS.callStatus(strNoAPK2, "sheetAPK2", 17): comparePS.KeywordPS.callStatus is PASSED

2020-11-11 09:20:45 - [MESSAGE][PASSED] - comparePS.KeywordPS.callStatus is PASSED

2020-11-11 09:20:45 - [TEST_STEP][PASSED] - runTime.reset(): null

2020-11-11 09:20:45 - [TEST_STEP][PASSED] - runTime.start(): null

2020-11-11 09:20:45 - [TEST_STEP][PASSED] - dataCompareAPK2 = findTestData("dt-2/dt_APK"): null

2020-11-11 09:20:45 - [TEST_STEP][PASSED] - strNoAPK2 = dataCompareAPK2.getValue("NO", excelRow): null

2020-11-11 09:20:45 - [TEST_STEP][PASSED] - comparePS.ProposalASL1.ComparePS(strNoAPK2, excelRow): comparePS.ProposalASL1.ComparePS is PASSED

2020-11-11 09:20:46 - [MESSAGE][PASSED] - comparePS.ProposalASL1.ComparePS is PASSED

2020-11-11 09:20:46 - [TEST_STEP][PASSED] - comparePS.KeywordPS.callStatus(strNoAPK2, "sheetAPK2", 17): comparePS.KeywordPS.callStatus is PASSED

2020-11-11 09:20:46 - [MESSAGE][PASSED] - comparePS.KeywordPS.callStatus is PASSED

2020-11-11 09:20:46 - [TEST_STEP][PASSED] - runTime.reset(): null

2020-11-11 09:20:46 - [TEST_STEP][PASSED] - runTime.start(): null

2020-11-11 09:20:46 - [TEST_STEP][PASSED] - dataCompareAPK2 = findTestData("dt-2/dt_APK"): null

2020-11-11 09:20:46 - [TEST_STEP][PASSED] - strNoAPK2 = dataCompareAPK2.getValue("NO", excelRow): null

2020-11-11 09:20:46 - [TEST_STEP][PASSED] - comparePS.ProposalASL1.ComparePS(strNoAPK2, excelRow): comparePS.ProposalASL1.ComparePS is PASSED

2020-11-11 09:20:46 - [MESSAGE][PASSED] - comparePS.ProposalASL1.ComparePS is PASSED

2020-11-11 09:20:46 - [TEST_STEP][PASSED] - comparePS.KeywordPS.callStatus(strNoAPK2, "sheetAPK2", 17): comparePS.KeywordPS.callStatus is PASSED

2020-11-11 09:20:46 - [MESSAGE][PASSED] - comparePS.KeywordPS.callStatus is PASSED

2020-11-11 09:20:46 - [TEST_STEP][PASSED] - runTime.reset(): null

2020-11-11 09:20:46 - [TEST_STEP][PASSED] - runTime.start(): null

2020-11-11 09:20:46 - [TEST_STEP][PASSED] - dataCompareAPK2 = findTestData("dt-2/dt_APK"): null

2020-11-11 09:20:46 - [TEST_STEP][PASSED] - strNoAPK2 = dataCompareAPK2.getValue("NO", excelRow): null

2020-11-11 09:20:46 - [TEST_STEP][PASSED] - comparePS.ProposalASL1.ComparePS(strNoAPK2, excelRow): comparePS.ProposalASL1.ComparePS is PASSED

2020-11-11 09:20:46 - [MESSAGE][PASSED] - comparePS.ProposalASL1.ComparePS is PASSED

2020-11-11 09:20:46 - [TEST_STEP][PASSED] - comparePS.KeywordPS.callStatus(strNoAPK2, "sheetAPK2", 17): comparePS.KeywordPS.callStatus is PASSED

2020-11-11 09:20:46 - [MESSAGE][PASSED] - comparePS.KeywordPS.callStatus is PASSED

2020-11-11 09:20:46 - [TEST_STEP][PASSED] - runTime.reset(): null

2020-11-11 09:20:46 - [TEST_STEP][PASSED] - runTime.start(): null

2020-11-11 09:20:46 - [TEST_STEP][PASSED] - dataCompareAPK2 = findTestData("dt-2/dt_APK"): null

2020-11-11 09:20:46 - [TEST_STEP][PASSED] - strNoAPK2 = dataCompareAPK2.getValue("NO", excelRow): null

2020-11-11 09:20:47 - [TEST_STEP][PASSED] - comparePS.ProposalASL1.ComparePS(strNoAPK2, excelRow): comparePS.ProposalASL1.ComparePS is PASSED

2020-11-11 09:20:47 - [MESSAGE][PASSED] - comparePS.ProposalASL1.ComparePS is PASSED

2020-11-11 09:20:47 - [TEST_STEP][PASSED] - comparePS.KeywordPS.callStatus(strNoAPK2, "sheetAPK2", 17): comparePS.KeywordPS.callStatus is PASSED

2020-11-11 09:20:47 - [MESSAGE][PASSED] - comparePS.KeywordPS.callStatus is PASSED

2020-11-11 09:20:47 - [TEST_STEP][PASSED] - runTime.reset(): null

2020-11-11 09:20:47 - [TEST_STEP][PASSED] - runTime.start(): null

2020-11-11 09:20:47 - [TEST_STEP][PASSED] - dataCompareAPK2 = findTestData("dt-2/dt_APK"): null

2020-11-11 09:20:47 - [TEST_STEP][PASSED] - strNoAPK2 = dataCompareAPK2.getValue("NO", excelRow): null

2020-11-11 09:20:47 - [TEST_STEP][PASSED] - comparePS.ProposalASL1.ComparePS(strNoAPK2, excelRow): comparePS.ProposalASL1.ComparePS is PASSED

2020-11-11 09:20:47 - [MESSAGE][PASSED] - comparePS.ProposalASL1.ComparePS is PASSED

2020-11-11 09:20:47 - [TEST_STEP][PASSED] - comparePS.KeywordPS.callStatus(strNoAPK2, "sheetAPK2", 17): comparePS.KeywordPS.callStatus is PASSED

2020-11-11 09:20:47 - [MESSAGE][PASSED] - comparePS.KeywordPS.callStatus is PASSED]]></system-out>
         <system-err><![CDATA[]]></system-err>
      </testcase>
      <system-out><![CDATA[2020-11-11 09:19:53 - [TEST_SUITE][PASSED] - ComparePS: Test Cases/ComparePS-2]]></system-out>
      <system-err><![CDATA[]]></system-err>
   </testsuite>
</testsuites>
